--------------- Clean Started: 10/13/2019 23:27:02 Project: Reload Pro, Configuration: ARM GCC 5.4-2016-q2-update Release ---------------
Deleting file ".\CortexM0\ARM_GCC_541\Release\main.o"
Deleting file ".\CortexM0\ARM_GCC_541\Release\ui.o"
Deleting file ".\CortexM0\ARM_GCC_541\Release\utils.o"
Deleting file ".\CortexM0\ARM_GCC_541\Release\comms.o"
Deleting file ".\CortexM0\ARM_GCC_541\Release\adctask.o"
Deleting file ".\CortexM0\ARM_GCC_541\Release\calibrate.o"
Deleting file ".\CortexM0\ARM_GCC_541\Release\croutine.o"
Deleting file ".\CortexM0\ARM_GCC_541\Release\heap_1.o"
Deleting file ".\CortexM0\ARM_GCC_541\Release\list.o"
Deleting file ".\CortexM0\ARM_GCC_541\Release\port.o"
Deleting file ".\CortexM0\ARM_GCC_541\Release\queue.o"
Deleting file ".\CortexM0\ARM_GCC_541\Release\tasks.o"
Deleting file ".\CortexM0\ARM_GCC_541\Release\timers.o"
Deleting file ".\CortexM0\ARM_GCC_541\Release\cyfitter_cfg.o"
Deleting file ".\CortexM0\ARM_GCC_541\Release\cybootloader.o"
Deleting file ".\CortexM0\ARM_GCC_541\Release\cymetadata.o"
Deleting file ".\CortexM0\ARM_GCC_541\Release\IDAC_High.o"
Deleting file ".\CortexM0\ARM_GCC_541\Release\IDAC_High_PM.o"
Deleting file ".\CortexM0\ARM_GCC_541\Release\IDAC_Low.o"
Deleting file ".\CortexM0\ARM_GCC_541\Release\IDAC_Low_PM.o"
Deleting file ".\CortexM0\ARM_GCC_541\Release\idac_low_out.o"
Deleting file ".\CortexM0\ARM_GCC_541\Release\idac_low_out_PM.o"
Deleting file ".\CortexM0\ARM_GCC_541\Release\idac_hi_out.o"
Deleting file ".\CortexM0\ARM_GCC_541\Release\idac_hi_out_PM.o"
Deleting file ".\CortexM0\ARM_GCC_541\Release\opamp_pos.o"
Deleting file ".\CortexM0\ARM_GCC_541\Release\opamp_pos_PM.o"
Deleting file ".\CortexM0\ARM_GCC_541\Release\Opamp.o"
Deleting file ".\CortexM0\ARM_GCC_541\Release\Opamp_PM.o"
Deleting file ".\CortexM0\ARM_GCC_541\Release\Opamp_Out.o"
Deleting file ".\CortexM0\ARM_GCC_541\Release\Opamp_Out_PM.o"
Deleting file ".\CortexM0\ARM_GCC_541\Release\opamp_neg.o"
Deleting file ".\CortexM0\ARM_GCC_541\Release\opamp_neg_PM.o"
Deleting file ".\CortexM0\ARM_GCC_541\Release\Voltage_Sense.o"
Deleting file ".\CortexM0\ARM_GCC_541\Release\Voltage_Sense_PM.o"
Deleting file ".\CortexM0\ARM_GCC_541\Release\Current_Sense.o"
Deleting file ".\CortexM0\ARM_GCC_541\Release\Current_Sense_PM.o"
Deleting file ".\CortexM0\ARM_GCC_541\Release\ADC.o"
Deleting file ".\CortexM0\ARM_GCC_541\Release\ADC_PM.o"
Deleting file ".\CortexM0\ARM_GCC_541\Release\ADC_INT.o"
Deleting file ".\CortexM0\ARM_GCC_541\Release\UART.o"
Deleting file ".\CortexM0\ARM_GCC_541\Release\UART_SPI_UART.o"
Deleting file ".\CortexM0\ARM_GCC_541\Release\UART_SPI_UART_INT.o"
Deleting file ".\CortexM0\ARM_GCC_541\Release\UART_PM.o"
Deleting file ".\CortexM0\ARM_GCC_541\Release\UART_UART.o"
Deleting file ".\CortexM0\ARM_GCC_541\Release\UART_BOOT.o"
Deleting file ".\CortexM0\ARM_GCC_541\Release\UART_UART_BOOT.o"
Deleting file ".\CortexM0\ARM_GCC_541\Release\Display.o"
Deleting file ".\CortexM0\ARM_GCC_541\Release\Display_font.o"
Deleting file ".\CortexM0\ARM_GCC_541\Release\QuadratureISR.o"
Deleting file ".\CortexM0\ARM_GCC_541\Release\Quadrature.o"
Deleting file ".\CortexM0\ARM_GCC_541\Release\Quadrature_PM.o"
Deleting file ".\CortexM0\ARM_GCC_541\Release\disp_reset.o"
Deleting file ".\CortexM0\ARM_GCC_541\Release\disp_reset_PM.o"
Deleting file ".\CortexM0\ARM_GCC_541\Release\QuadButton.o"
Deleting file ".\CortexM0\ARM_GCC_541\Release\QuadButton_PM.o"
Deleting file ".\CortexM0\ARM_GCC_541\Release\Gate_Sense_Low.o"
Deleting file ".\CortexM0\ARM_GCC_541\Release\Gate_Sense_Low_PM.o"
Deleting file ".\CortexM0\ARM_GCC_541\Release\UART_Clock.o"
Deleting file ".\CortexM0\ARM_GCC_541\Release\Bootloadable.o"
Deleting file ".\CortexM0\ARM_GCC_541\Release\EEPROM.o"
Deleting file ".\CortexM0\ARM_GCC_541\Release\Backlight.o"
Deleting file ".\CortexM0\ARM_GCC_541\Release\Backlight_PM.o"
Deleting file ".\CortexM0\ARM_GCC_541\Release\UART_ISR.o"
Deleting file ".\CortexM0\ARM_GCC_541\Release\ADC_IRQ.o"
Deleting file ".\CortexM0\ARM_GCC_541\Release\ADC_intClock.o"
Deleting file ".\CortexM0\ARM_GCC_541\Release\UART_tx.o"
Deleting file ".\CortexM0\ARM_GCC_541\Release\UART_tx_PM.o"
Deleting file ".\CortexM0\ARM_GCC_541\Release\UART_rx.o"
Deleting file ".\CortexM0\ARM_GCC_541\Release\UART_rx_PM.o"
Deleting file ".\CortexM0\ARM_GCC_541\Release\cy_em_eeprom.o"
Deleting file ".\CortexM0\ARM_GCC_541\Release\Cm0Start.o"
Deleting file ".\CortexM0\ARM_GCC_541\Release\CyFlash.o"
Deleting file ".\CortexM0\ARM_GCC_541\Release\CyLib.o"
Deleting file ".\CortexM0\ARM_GCC_541\Release\cyPm.o"
Deleting file ".\CortexM0\ARM_GCC_541\Release\cyutils.o"
Deleting file ".\CortexM0\ARM_GCC_541\Release\CyBootAsmGnu.o"
Deleting file ".\CortexM0\ARM_GCC_541\Release\CyLFClk.o"
Deleting file ".\CortexM0\ARM_GCC_541\Release\Display_I2C.o"
Deleting file ".\CortexM0\ARM_GCC_541\Release\Display_I2C_I2C_INT.o"
Deleting file ".\CortexM0\ARM_GCC_541\Release\Display_I2C_I2C.o"
Deleting file ".\CortexM0\ARM_GCC_541\Release\Display_I2C_I2C_BOOT.o"
Deleting file ".\CortexM0\ARM_GCC_541\Release\Display_I2C_I2C_MASTER.o"
Deleting file ".\CortexM0\ARM_GCC_541\Release\Display_I2C_PM.o"
Deleting file ".\CortexM0\ARM_GCC_541\Release\Display_I2C_BOOT.o"
Deleting file ".\CortexM0\ARM_GCC_541\Release\Display_I2C_SCBCLK.o"
Deleting file ".\CortexM0\ARM_GCC_541\Release\Display_I2C_sda.o"
Deleting file ".\CortexM0\ARM_GCC_541\Release\Display_I2C_sda_PM.o"
Deleting file ".\CortexM0\ARM_GCC_541\Release\Display_I2C_scl.o"
Deleting file ".\CortexM0\ARM_GCC_541\Release\Display_I2C_scl_PM.o"
Deleting file ".\CortexM0\ARM_GCC_541\Release\Display_I2C_SCB_IRQ.o"
Deleting file ".\CortexM0\ARM_GCC_541\Release\Temperuture.o"
Deleting file ".\CortexM0\ARM_GCC_541\Release\Temperuture_PM.o"
Deleting file ".\CortexM0\ARM_GCC_541\Release\cooler.o"
Deleting file ".\CortexM0\ARM_GCC_541\Release\cooler_PM.o"
Deleting file ".\CortexM0\ARM_GCC_541\Release\Opamp_REF.o"
Deleting file ".\CortexM0\ARM_GCC_541\Release\Opamp_REF_PM.o"
Deleting file ".\CortexM0\ARM_GCC_541\Release\ref_out.o"
Deleting file ".\CortexM0\ARM_GCC_541\Release\ref_out_PM.o"
Deleting file ".\CortexM0\ARM_GCC_541\Release\ref_in.o"
Deleting file ".\CortexM0\ARM_GCC_541\Release\ref_in_PM.o"
Deleting file ".\CortexM0\ARM_GCC_541\Release\cooler_sensor.o"
Deleting file ".\CortexM0\ARM_GCC_541\Release\cooler_sensor_PM.o"
Deleting file ".\CortexM0\ARM_GCC_541\Release\Clock_2.o"
Deleting file ".\CortexM0\ARM_GCC_541\Release\CoolerStatusReg.o"
Deleting file ".\CortexM0\ARM_GCC_541\Release\Reload Pro.hex"
Deleting file ".\CortexM0\ARM_GCC_541\Release\Reload Pro.elf"
Deleting file ".\CortexM0\ARM_GCC_541\Release\Reload Pro.map"
Deleting file ".\CortexM0\ARM_GCC_541\Release\Reload Pro.cyacd"
Deleting file ".\Reload Pro.cycdx"
Deleting file ".\Reload Pro.svd"
Deleting file ".\Reload Pro.rpt"
Deleting file ".\Reload Pro_timing.html"
Deleting file ".\CortexM0\ARM_GCC_541\Release\.deps\SOURCE_C__ARM_GCC_GENERIC.P"
Deleting file ".\CortexM0\ARM_GCC_541\Release\.deps\SOURCE_ASM__ARM_GCC_GENERIC.P"
--------------- Clean Succeeded: 10/13/2019 23:27:02 ---------------
