ARM GAS  C:\Users\VIDEOH~1\AppData\Local\Temp\ccCT2ij6.s 			page 1


   1              		.syntax unified
   2              		.cpu cortex-m0
   3              		.fpu softvfp
   4              		.eabi_attribute 20, 1
   5              		.eabi_attribute 21, 1
   6              		.eabi_attribute 23, 3
   7              		.eabi_attribute 24, 1
   8              		.eabi_attribute 25, 1
   9              		.eabi_attribute 26, 1
  10              		.eabi_attribute 30, 1
  11              		.eabi_attribute 34, 0
  12              		.eabi_attribute 18, 4
  13              		.thumb
  14              		.syntax unified
  15              		.file	"cyfitter_cfg.c"
  16              		.text
  17              	.Ltext0:
  18              		.cfi_sections	.debug_frame
  19              		.section	.text.CYMEMZERO,"ax",%progbits
  20              		.align	2
  21              		.code	16
  22              		.thumb_func
  23              		.type	CYMEMZERO, %function
  24              	CYMEMZERO:
  25              	.LFB0:
  26              		.file 1 "Generated_Source\\PSoC4\\cyfitter_cfg.c"
   1:Generated_Source\PSoC4/cyfitter_cfg.c **** 
   2:Generated_Source\PSoC4/cyfitter_cfg.c **** /*******************************************************************************
   3:Generated_Source\PSoC4/cyfitter_cfg.c **** * File Name: cyfitter_cfg.c
   4:Generated_Source\PSoC4/cyfitter_cfg.c **** * 
   5:Generated_Source\PSoC4/cyfitter_cfg.c **** * PSoC Creator  4.2
   6:Generated_Source\PSoC4/cyfitter_cfg.c **** *
   7:Generated_Source\PSoC4/cyfitter_cfg.c **** * Description:
   8:Generated_Source\PSoC4/cyfitter_cfg.c **** * This file contains device initialization code.
   9:Generated_Source\PSoC4/cyfitter_cfg.c **** * Except for the user defined sections in CyClockStartupError(), this file should not be modified.
  10:Generated_Source\PSoC4/cyfitter_cfg.c **** * This file is automatically generated by PSoC Creator.
  11:Generated_Source\PSoC4/cyfitter_cfg.c **** *
  12:Generated_Source\PSoC4/cyfitter_cfg.c **** ********************************************************************************
  13:Generated_Source\PSoC4/cyfitter_cfg.c **** * Copyright (c) 2007-2018 Cypress Semiconductor.  All rights reserved.
  14:Generated_Source\PSoC4/cyfitter_cfg.c **** * You may use this file only in accordance with the license, terms, conditions, 
  15:Generated_Source\PSoC4/cyfitter_cfg.c **** * disclaimers, and limitations in the end user license agreement accompanying 
  16:Generated_Source\PSoC4/cyfitter_cfg.c **** * the software package with which this file was provided.
  17:Generated_Source\PSoC4/cyfitter_cfg.c **** ********************************************************************************/
  18:Generated_Source\PSoC4/cyfitter_cfg.c **** 
  19:Generated_Source\PSoC4/cyfitter_cfg.c **** #include <string.h>
  20:Generated_Source\PSoC4/cyfitter_cfg.c **** #include "cytypes.h"
  21:Generated_Source\PSoC4/cyfitter_cfg.c **** #include "cydevice_trm.h"
  22:Generated_Source\PSoC4/cyfitter_cfg.c **** #include "cyfitter.h"
  23:Generated_Source\PSoC4/cyfitter_cfg.c **** #include "CyLib.h"
  24:Generated_Source\PSoC4/cyfitter_cfg.c **** #include "cyfitter_cfg.h"
  25:Generated_Source\PSoC4/cyfitter_cfg.c **** 
  26:Generated_Source\PSoC4/cyfitter_cfg.c **** 
  27:Generated_Source\PSoC4/cyfitter_cfg.c **** #if defined(__GNUC__) || defined(__ARMCC_VERSION)
  28:Generated_Source\PSoC4/cyfitter_cfg.c ****     #define CYPACKED 
  29:Generated_Source\PSoC4/cyfitter_cfg.c ****     #define CYPACKED_ATTR __attribute__ ((packed))
  30:Generated_Source\PSoC4/cyfitter_cfg.c ****     #define CYALIGNED __attribute__ ((aligned))
  31:Generated_Source\PSoC4/cyfitter_cfg.c ****     #define CY_CFG_UNUSED __attribute__ ((unused))
ARM GAS  C:\Users\VIDEOH~1\AppData\Local\Temp\ccCT2ij6.s 			page 2


  32:Generated_Source\PSoC4/cyfitter_cfg.c ****     #ifndef CY_CFG_SECTION
  33:Generated_Source\PSoC4/cyfitter_cfg.c ****         #define CY_CFG_SECTION __attribute__ ((section(".psocinit")))
  34:Generated_Source\PSoC4/cyfitter_cfg.c ****     #endif
  35:Generated_Source\PSoC4/cyfitter_cfg.c ****     
  36:Generated_Source\PSoC4/cyfitter_cfg.c ****     #if defined(__ARMCC_VERSION)
  37:Generated_Source\PSoC4/cyfitter_cfg.c ****         #define CY_CFG_MEMORY_BARRIER() __memory_changed()
  38:Generated_Source\PSoC4/cyfitter_cfg.c ****     #else
  39:Generated_Source\PSoC4/cyfitter_cfg.c ****         #define CY_CFG_MEMORY_BARRIER() __sync_synchronize()
  40:Generated_Source\PSoC4/cyfitter_cfg.c ****     #endif
  41:Generated_Source\PSoC4/cyfitter_cfg.c ****     
  42:Generated_Source\PSoC4/cyfitter_cfg.c **** #elif defined(__ICCARM__)
  43:Generated_Source\PSoC4/cyfitter_cfg.c ****     #include <intrinsics.h>
  44:Generated_Source\PSoC4/cyfitter_cfg.c **** 
  45:Generated_Source\PSoC4/cyfitter_cfg.c ****     #define CYPACKED __packed
  46:Generated_Source\PSoC4/cyfitter_cfg.c ****     #define CYPACKED_ATTR 
  47:Generated_Source\PSoC4/cyfitter_cfg.c ****     #define CYALIGNED _Pragma("data_alignment=4")
  48:Generated_Source\PSoC4/cyfitter_cfg.c ****     #define CY_CFG_UNUSED _Pragma("diag_suppress=Pe177")
  49:Generated_Source\PSoC4/cyfitter_cfg.c ****     #define CY_CFG_SECTION _Pragma("location=\".psocinit\"")
  50:Generated_Source\PSoC4/cyfitter_cfg.c ****     
  51:Generated_Source\PSoC4/cyfitter_cfg.c ****     #define CY_CFG_MEMORY_BARRIER() __DMB()
  52:Generated_Source\PSoC4/cyfitter_cfg.c ****     
  53:Generated_Source\PSoC4/cyfitter_cfg.c **** #else
  54:Generated_Source\PSoC4/cyfitter_cfg.c ****     #error Unsupported toolchain
  55:Generated_Source\PSoC4/cyfitter_cfg.c **** #endif
  56:Generated_Source\PSoC4/cyfitter_cfg.c **** 
  57:Generated_Source\PSoC4/cyfitter_cfg.c **** #ifndef CYCODE
  58:Generated_Source\PSoC4/cyfitter_cfg.c ****     #define CYCODE
  59:Generated_Source\PSoC4/cyfitter_cfg.c **** #endif
  60:Generated_Source\PSoC4/cyfitter_cfg.c **** #ifndef CYDATA
  61:Generated_Source\PSoC4/cyfitter_cfg.c ****     #define CYDATA
  62:Generated_Source\PSoC4/cyfitter_cfg.c **** #endif
  63:Generated_Source\PSoC4/cyfitter_cfg.c **** #ifndef CYFAR
  64:Generated_Source\PSoC4/cyfitter_cfg.c ****     #define CYFAR
  65:Generated_Source\PSoC4/cyfitter_cfg.c **** #endif
  66:Generated_Source\PSoC4/cyfitter_cfg.c **** #ifndef CYXDATA
  67:Generated_Source\PSoC4/cyfitter_cfg.c ****     #define CYXDATA
  68:Generated_Source\PSoC4/cyfitter_cfg.c **** #endif
  69:Generated_Source\PSoC4/cyfitter_cfg.c **** 
  70:Generated_Source\PSoC4/cyfitter_cfg.c **** 
  71:Generated_Source\PSoC4/cyfitter_cfg.c **** CY_CFG_UNUSED
  72:Generated_Source\PSoC4/cyfitter_cfg.c **** static void CYMEMZERO(void *s, size_t n);
  73:Generated_Source\PSoC4/cyfitter_cfg.c **** CY_CFG_UNUSED
  74:Generated_Source\PSoC4/cyfitter_cfg.c **** static void CYMEMZERO(void *s, size_t n)
  75:Generated_Source\PSoC4/cyfitter_cfg.c **** {
  27              		.loc 1 75 0
  28              		.cfi_startproc
  29              		@ args = 0, pretend = 0, frame = 0
  30              		@ frame_needed = 0, uses_anonymous_args = 0
  31              	.LVL0:
  32 0000 10B5     		push	{r4, lr}
  33              		.cfi_def_cfa_offset 8
  34              		.cfi_offset 4, -8
  35              		.cfi_offset 14, -4
  36 0002 0A00     		movs	r2, r1
  76:Generated_Source\PSoC4/cyfitter_cfg.c **** 	(void)memset(s, 0, n);
  37              		.loc 1 76 0
  38 0004 0021     		movs	r1, #0
ARM GAS  C:\Users\VIDEOH~1\AppData\Local\Temp\ccCT2ij6.s 			page 3


  39              	.LVL1:
  40 0006 FFF7FEFF 		bl	memset
  41              	.LVL2:
  77:Generated_Source\PSoC4/cyfitter_cfg.c **** }
  42              		.loc 1 77 0
  43              		@ sp needed
  44 000a 10BD     		pop	{r4, pc}
  45              		.cfi_endproc
  46              	.LFE0:
  47              		.size	CYMEMZERO, .-CYMEMZERO
  48              		.section	.psocinit,"ax",%progbits
  49              		.align	2
  50              		.code	16
  51              		.thumb_func
  52              		.type	ClockSetup, %function
  53              	ClockSetup:
  54              	.LFB3:
  78:Generated_Source\PSoC4/cyfitter_cfg.c **** CY_CFG_UNUSED
  79:Generated_Source\PSoC4/cyfitter_cfg.c **** static void CYCONFIGCPY(void *dest, const void *src, size_t n);
  80:Generated_Source\PSoC4/cyfitter_cfg.c **** CY_CFG_UNUSED
  81:Generated_Source\PSoC4/cyfitter_cfg.c **** static void CYCONFIGCPY(void *dest, const void *src, size_t n)
  82:Generated_Source\PSoC4/cyfitter_cfg.c **** {
  83:Generated_Source\PSoC4/cyfitter_cfg.c **** 	(void)memcpy(dest, src, n);
  84:Generated_Source\PSoC4/cyfitter_cfg.c **** }
  85:Generated_Source\PSoC4/cyfitter_cfg.c **** CY_CFG_UNUSED
  86:Generated_Source\PSoC4/cyfitter_cfg.c **** static void CYCONFIGCPYCODE(void *dest, const void *src, size_t n);
  87:Generated_Source\PSoC4/cyfitter_cfg.c **** CY_CFG_UNUSED
  88:Generated_Source\PSoC4/cyfitter_cfg.c **** static void CYCONFIGCPYCODE(void *dest, const void *src, size_t n)
  89:Generated_Source\PSoC4/cyfitter_cfg.c **** {
  90:Generated_Source\PSoC4/cyfitter_cfg.c **** 	(void)memcpy(dest, src, n);
  91:Generated_Source\PSoC4/cyfitter_cfg.c **** }
  92:Generated_Source\PSoC4/cyfitter_cfg.c **** 
  93:Generated_Source\PSoC4/cyfitter_cfg.c **** 
  94:Generated_Source\PSoC4/cyfitter_cfg.c **** 
  95:Generated_Source\PSoC4/cyfitter_cfg.c **** 
  96:Generated_Source\PSoC4/cyfitter_cfg.c **** /* Clock startup error codes                                                   */
  97:Generated_Source\PSoC4/cyfitter_cfg.c **** #define CYCLOCKSTART_NO_ERROR    0u
  98:Generated_Source\PSoC4/cyfitter_cfg.c **** #define CYCLOCKSTART_XTAL_ERROR  1u
  99:Generated_Source\PSoC4/cyfitter_cfg.c **** #define CYCLOCKSTART_32KHZ_ERROR 2u
 100:Generated_Source\PSoC4/cyfitter_cfg.c **** #define CYCLOCKSTART_PLL_ERROR   3u
 101:Generated_Source\PSoC4/cyfitter_cfg.c **** #define CYCLOCKSTART_FLL_ERROR   4u
 102:Generated_Source\PSoC4/cyfitter_cfg.c **** #define CYCLOCKSTART_WCO_ERROR   5u
 103:Generated_Source\PSoC4/cyfitter_cfg.c **** 
 104:Generated_Source\PSoC4/cyfitter_cfg.c **** 
 105:Generated_Source\PSoC4/cyfitter_cfg.c **** #ifdef CY_NEED_CYCLOCKSTARTUPERROR
 106:Generated_Source\PSoC4/cyfitter_cfg.c **** /*******************************************************************************
 107:Generated_Source\PSoC4/cyfitter_cfg.c **** * Function Name: CyClockStartupError
 108:Generated_Source\PSoC4/cyfitter_cfg.c **** ********************************************************************************
 109:Generated_Source\PSoC4/cyfitter_cfg.c **** * Summary:
 110:Generated_Source\PSoC4/cyfitter_cfg.c **** *  If an error is encountered during clock configuration (crystal startup error,
 111:Generated_Source\PSoC4/cyfitter_cfg.c **** *  PLL lock error, etc.), the system will end up here.  Unless reimplemented by
 112:Generated_Source\PSoC4/cyfitter_cfg.c **** *  the customer, this function will stop in an infinite loop.
 113:Generated_Source\PSoC4/cyfitter_cfg.c **** *
 114:Generated_Source\PSoC4/cyfitter_cfg.c **** * Parameters:
 115:Generated_Source\PSoC4/cyfitter_cfg.c **** *   void
 116:Generated_Source\PSoC4/cyfitter_cfg.c **** *
 117:Generated_Source\PSoC4/cyfitter_cfg.c **** * Return:
ARM GAS  C:\Users\VIDEOH~1\AppData\Local\Temp\ccCT2ij6.s 			page 4


 118:Generated_Source\PSoC4/cyfitter_cfg.c **** *   void
 119:Generated_Source\PSoC4/cyfitter_cfg.c **** *
 120:Generated_Source\PSoC4/cyfitter_cfg.c **** *******************************************************************************/
 121:Generated_Source\PSoC4/cyfitter_cfg.c **** CY_CFG_UNUSED
 122:Generated_Source\PSoC4/cyfitter_cfg.c **** static void CyClockStartupError(uint8 errorCode);
 123:Generated_Source\PSoC4/cyfitter_cfg.c **** CY_CFG_UNUSED
 124:Generated_Source\PSoC4/cyfitter_cfg.c **** static void CyClockStartupError(uint8 errorCode)
 125:Generated_Source\PSoC4/cyfitter_cfg.c **** {
 126:Generated_Source\PSoC4/cyfitter_cfg.c ****     /* To remove the compiler warning if errorCode not used.                */
 127:Generated_Source\PSoC4/cyfitter_cfg.c ****     errorCode = errorCode;
 128:Generated_Source\PSoC4/cyfitter_cfg.c **** 
 129:Generated_Source\PSoC4/cyfitter_cfg.c ****     /* If we have a clock startup error (bad MHz crystal, PLL lock, etc.),  */
 130:Generated_Source\PSoC4/cyfitter_cfg.c ****     /* we will end up here to allow the customer to implement something to  */
 131:Generated_Source\PSoC4/cyfitter_cfg.c ****     /* deal with the clock condition.                                       */
 132:Generated_Source\PSoC4/cyfitter_cfg.c **** 
 133:Generated_Source\PSoC4/cyfitter_cfg.c **** #ifdef CY_CFG_CLOCK_STARTUP_ERROR_CALLBACK
 134:Generated_Source\PSoC4/cyfitter_cfg.c ****     CY_CFG_Clock_Startup_ErrorCallback();
 135:Generated_Source\PSoC4/cyfitter_cfg.c **** #else
 136:Generated_Source\PSoC4/cyfitter_cfg.c ****     /*  If not using CY_CFG_CLOCK_STARTUP_ERROR_CALLBACK, place your clock startup code here. */
 137:Generated_Source\PSoC4/cyfitter_cfg.c ****     /* `#START CyClockStartupError` */
 138:Generated_Source\PSoC4/cyfitter_cfg.c **** 
 139:Generated_Source\PSoC4/cyfitter_cfg.c **** 
 140:Generated_Source\PSoC4/cyfitter_cfg.c **** 
 141:Generated_Source\PSoC4/cyfitter_cfg.c ****     /* `#END` */
 142:Generated_Source\PSoC4/cyfitter_cfg.c **** 
 143:Generated_Source\PSoC4/cyfitter_cfg.c ****     while(1) {}
 144:Generated_Source\PSoC4/cyfitter_cfg.c **** #endif /* CY_CFG_CLOCK_STARTUP_ERROR_CALLBACK */
 145:Generated_Source\PSoC4/cyfitter_cfg.c **** }
 146:Generated_Source\PSoC4/cyfitter_cfg.c **** #endif
 147:Generated_Source\PSoC4/cyfitter_cfg.c **** 
 148:Generated_Source\PSoC4/cyfitter_cfg.c **** 
 149:Generated_Source\PSoC4/cyfitter_cfg.c **** 
 150:Generated_Source\PSoC4/cyfitter_cfg.c **** /*******************************************************************************
 151:Generated_Source\PSoC4/cyfitter_cfg.c **** * Function Name: ClockSetup
 152:Generated_Source\PSoC4/cyfitter_cfg.c **** ********************************************************************************
 153:Generated_Source\PSoC4/cyfitter_cfg.c **** *
 154:Generated_Source\PSoC4/cyfitter_cfg.c **** * Summary:
 155:Generated_Source\PSoC4/cyfitter_cfg.c **** *   Performs the initialization of all of the clocks in the device based on the
 156:Generated_Source\PSoC4/cyfitter_cfg.c **** *   settings in the Clock tab of the DWR.  This includes enabling the requested
 157:Generated_Source\PSoC4/cyfitter_cfg.c **** *   clocks and setting the necessary dividers to produce the desired frequency. 
 158:Generated_Source\PSoC4/cyfitter_cfg.c **** *
 159:Generated_Source\PSoC4/cyfitter_cfg.c **** * Parameters:
 160:Generated_Source\PSoC4/cyfitter_cfg.c **** *   void
 161:Generated_Source\PSoC4/cyfitter_cfg.c **** *
 162:Generated_Source\PSoC4/cyfitter_cfg.c **** * Return:
 163:Generated_Source\PSoC4/cyfitter_cfg.c **** *   void
 164:Generated_Source\PSoC4/cyfitter_cfg.c **** *
 165:Generated_Source\PSoC4/cyfitter_cfg.c **** *******************************************************************************/
 166:Generated_Source\PSoC4/cyfitter_cfg.c **** static void ClockSetup(void);
 167:Generated_Source\PSoC4/cyfitter_cfg.c **** CY_CFG_SECTION
 168:Generated_Source\PSoC4/cyfitter_cfg.c **** static void ClockSetup(void)
 169:Generated_Source\PSoC4/cyfitter_cfg.c **** {
  55              		.loc 1 169 0
  56              		.cfi_startproc
  57              		@ args = 0, pretend = 0, frame = 0
  58              		@ frame_needed = 0, uses_anonymous_args = 0
  59 0000 10B5     		push	{r4, lr}
ARM GAS  C:\Users\VIDEOH~1\AppData\Local\Temp\ccCT2ij6.s 			page 5


  60              		.cfi_def_cfa_offset 8
  61              		.cfi_offset 4, -8
  62              		.cfi_offset 14, -4
 170:Generated_Source\PSoC4/cyfitter_cfg.c **** 	/* Enable HALF_EN before trimming for the flash accelerator. */
 171:Generated_Source\PSoC4/cyfitter_cfg.c **** 	CY_SET_REG32((void CYXDATA *)(CYREG_CLK_SELECT), (CY_GET_REG32((void *)CYREG_CLK_SELECT) | 0x00040
  63              		.loc 1 171 0
  64 0002 0F4C     		ldr	r4, .L3
  65 0004 2368     		ldr	r3, [r4]
  66 0006 8022     		movs	r2, #128
  67 0008 D202     		lsls	r2, r2, #11
  68 000a 1343     		orrs	r3, r2
  69 000c 2360     		str	r3, [r4]
 172:Generated_Source\PSoC4/cyfitter_cfg.c **** 
 173:Generated_Source\PSoC4/cyfitter_cfg.c **** 	/* Setup and trim IMO based on desired frequency. */
 174:Generated_Source\PSoC4/cyfitter_cfg.c **** 	CySysClkWriteImoFreq(24u);
  70              		.loc 1 174 0
  71 000e 1820     		movs	r0, #24
  72 0010 FFF7FEFF 		bl	CySysClkWriteImoFreq
  73              	.LVL3:
 175:Generated_Source\PSoC4/cyfitter_cfg.c **** 
 176:Generated_Source\PSoC4/cyfitter_cfg.c **** 	/* Disable HALF_EN since it is not required at this IMO frequency. */
 177:Generated_Source\PSoC4/cyfitter_cfg.c **** 	CY_SET_REG32((void CYXDATA *)(CYREG_CLK_SELECT), (CY_GET_REG32((void *)CYREG_CLK_SELECT) & 0xFFFBF
  74              		.loc 1 177 0
  75 0014 2268     		ldr	r2, [r4]
  76 0016 0B4B     		ldr	r3, .L3+4
  77 0018 1340     		ands	r3, r2
  78 001a 2360     		str	r3, [r4]
 178:Generated_Source\PSoC4/cyfitter_cfg.c **** 	/* CYDEV_CLK_ILO_CONFIG Starting address: CYDEV_CLK_ILO_CONFIG */
 179:Generated_Source\PSoC4/cyfitter_cfg.c **** 	CY_SET_REG32((void *)(CYREG_CLK_ILO_CONFIG), 0x80000006u);
  79              		.loc 1 179 0
  80 001c 0A4A     		ldr	r2, .L3+8
  81 001e 0B4B     		ldr	r3, .L3+12
  82 0020 1A60     		str	r2, [r3]
 180:Generated_Source\PSoC4/cyfitter_cfg.c **** 
 181:Generated_Source\PSoC4/cyfitter_cfg.c **** 
 182:Generated_Source\PSoC4/cyfitter_cfg.c **** 	/* CYDEV_CLK_SELECT00 Starting address: CYDEV_CLK_SELECT00 */
 183:Generated_Source\PSoC4/cyfitter_cfg.c **** 	CY_SET_REG32((void *)(CYREG_CLK_SELECT02), 0x00000013u);
  83              		.loc 1 183 0
  84 0022 1322     		movs	r2, #19
  85 0024 0A4B     		ldr	r3, .L3+16
  86 0026 1A60     		str	r2, [r3]
 184:Generated_Source\PSoC4/cyfitter_cfg.c **** 
 185:Generated_Source\PSoC4/cyfitter_cfg.c **** 	/* CYDEV_CLK_IMO_CONFIG Starting address: CYDEV_CLK_IMO_CONFIG */
 186:Generated_Source\PSoC4/cyfitter_cfg.c **** 	CY_SET_REG32((void *)(CYREG_CLK_IMO_CONFIG), 0x80000000u);
  87              		.loc 1 186 0
  88 0028 8022     		movs	r2, #128
  89 002a 1206     		lsls	r2, r2, #24
  90 002c 094B     		ldr	r3, .L3+20
  91 002e 1A60     		str	r2, [r3]
 187:Generated_Source\PSoC4/cyfitter_cfg.c **** 
 188:Generated_Source\PSoC4/cyfitter_cfg.c **** 	/* CYDEV_CLK_SELECT Starting address: CYDEV_CLK_SELECT */
 189:Generated_Source\PSoC4/cyfitter_cfg.c **** 	CY_SET_REG32((void *)(CYREG_CLK_SELECT), 0x00000000u);
  92              		.loc 1 189 0
  93 0030 0023     		movs	r3, #0
  94 0032 2360     		str	r3, [r4]
 190:Generated_Source\PSoC4/cyfitter_cfg.c **** 
 191:Generated_Source\PSoC4/cyfitter_cfg.c **** 	/* CYDEV_CLK_DIVIDER_FRAC_A00 Starting address: CYDEV_CLK_DIVIDER_FRAC_A00 */
ARM GAS  C:\Users\VIDEOH~1\AppData\Local\Temp\ccCT2ij6.s 			page 6


 192:Generated_Source\PSoC4/cyfitter_cfg.c **** 	CY_SET_REG32((void *)(CYREG_CLK_DIVIDER_FRAC_A00), 0x800C0010u);
  95              		.loc 1 192 0
  96 0034 0849     		ldr	r1, .L3+24
  97 0036 094A     		ldr	r2, .L3+28
  98 0038 1160     		str	r1, [r2]
 193:Generated_Source\PSoC4/cyfitter_cfg.c **** 
 194:Generated_Source\PSoC4/cyfitter_cfg.c **** 	CY_SET_REG32((void *)(CYREG_WDT_CONFIG), 0x00000000u);
  99              		.loc 1 194 0
 100 003a 094A     		ldr	r2, .L3+32
 101 003c 1360     		str	r3, [r2]
 195:Generated_Source\PSoC4/cyfitter_cfg.c **** }
 102              		.loc 1 195 0
 103              		@ sp needed
 104 003e 10BD     		pop	{r4, pc}
 105              	.L4:
 106              		.align	2
 107              	.L3:
 108 0040 00010B40 		.word	1074462976
 109 0044 FFFFFBFF 		.word	-262145
 110 0048 06000080 		.word	-2147483642
 111 004c 04010B40 		.word	1074462980
 112 0050 08020240 		.word	1073873416
 113 0054 08010B40 		.word	1074462984
 114 0058 10000C80 		.word	-2146697200
 115 005c 00010240 		.word	1073873152
 116 0060 0C020B40 		.word	1074463244
 117              		.cfi_endproc
 118              	.LFE3:
 119              		.size	ClockSetup, .-ClockSetup
 120              		.align	2
 121              		.global	cyfitter_cfg
 122              		.code	16
 123              		.thumb_func
 124              		.type	cyfitter_cfg, %function
 125              	cyfitter_cfg:
 126              	.LFB5:
 196:Generated_Source\PSoC4/cyfitter_cfg.c **** 
 197:Generated_Source\PSoC4/cyfitter_cfg.c **** 
 198:Generated_Source\PSoC4/cyfitter_cfg.c **** /* Analog API Functions */
 199:Generated_Source\PSoC4/cyfitter_cfg.c **** 
 200:Generated_Source\PSoC4/cyfitter_cfg.c **** 
 201:Generated_Source\PSoC4/cyfitter_cfg.c **** /*******************************************************************************
 202:Generated_Source\PSoC4/cyfitter_cfg.c **** * Function Name: AnalogSetDefault
 203:Generated_Source\PSoC4/cyfitter_cfg.c **** ********************************************************************************
 204:Generated_Source\PSoC4/cyfitter_cfg.c **** *
 205:Generated_Source\PSoC4/cyfitter_cfg.c **** * Summary:
 206:Generated_Source\PSoC4/cyfitter_cfg.c **** *  Sets up the analog portions of the chip to default values based on chip
 207:Generated_Source\PSoC4/cyfitter_cfg.c **** *  configuration options from the project.
 208:Generated_Source\PSoC4/cyfitter_cfg.c **** *
 209:Generated_Source\PSoC4/cyfitter_cfg.c **** * Parameters:
 210:Generated_Source\PSoC4/cyfitter_cfg.c **** *  void
 211:Generated_Source\PSoC4/cyfitter_cfg.c **** *
 212:Generated_Source\PSoC4/cyfitter_cfg.c **** * Return:
 213:Generated_Source\PSoC4/cyfitter_cfg.c **** *  void
 214:Generated_Source\PSoC4/cyfitter_cfg.c **** *
 215:Generated_Source\PSoC4/cyfitter_cfg.c **** *******************************************************************************/
 216:Generated_Source\PSoC4/cyfitter_cfg.c **** static void AnalogSetDefault(void);
ARM GAS  C:\Users\VIDEOH~1\AppData\Local\Temp\ccCT2ij6.s 			page 7


 217:Generated_Source\PSoC4/cyfitter_cfg.c **** static void AnalogSetDefault(void)
 218:Generated_Source\PSoC4/cyfitter_cfg.c **** {
 219:Generated_Source\PSoC4/cyfitter_cfg.c **** }
 220:Generated_Source\PSoC4/cyfitter_cfg.c **** 
 221:Generated_Source\PSoC4/cyfitter_cfg.c **** 
 222:Generated_Source\PSoC4/cyfitter_cfg.c **** 
 223:Generated_Source\PSoC4/cyfitter_cfg.c **** 
 224:Generated_Source\PSoC4/cyfitter_cfg.c **** /*******************************************************************************
 225:Generated_Source\PSoC4/cyfitter_cfg.c **** * Function Name: cyfitter_cfg
 226:Generated_Source\PSoC4/cyfitter_cfg.c **** ********************************************************************************
 227:Generated_Source\PSoC4/cyfitter_cfg.c **** * Summary:
 228:Generated_Source\PSoC4/cyfitter_cfg.c **** *  This function is called by the start-up code for the selected device. It
 229:Generated_Source\PSoC4/cyfitter_cfg.c **** *  performs all of the necessary device configuration based on the design
 230:Generated_Source\PSoC4/cyfitter_cfg.c **** *  settings.  This includes settings from the Design Wide Resources (DWR) such
 231:Generated_Source\PSoC4/cyfitter_cfg.c **** *  as Clocks and Pins as well as any component configuration that is necessary.
 232:Generated_Source\PSoC4/cyfitter_cfg.c **** *
 233:Generated_Source\PSoC4/cyfitter_cfg.c **** * Parameters:
 234:Generated_Source\PSoC4/cyfitter_cfg.c **** *   void
 235:Generated_Source\PSoC4/cyfitter_cfg.c **** *
 236:Generated_Source\PSoC4/cyfitter_cfg.c **** * Return:
 237:Generated_Source\PSoC4/cyfitter_cfg.c **** *   void
 238:Generated_Source\PSoC4/cyfitter_cfg.c **** *
 239:Generated_Source\PSoC4/cyfitter_cfg.c **** *******************************************************************************/
 240:Generated_Source\PSoC4/cyfitter_cfg.c **** CY_CFG_SECTION
 241:Generated_Source\PSoC4/cyfitter_cfg.c **** void cyfitter_cfg(void)
 242:Generated_Source\PSoC4/cyfitter_cfg.c **** {
 127              		.loc 1 242 0
 128              		.cfi_startproc
 129              		@ args = 0, pretend = 0, frame = 0
 130              		@ frame_needed = 0, uses_anonymous_args = 0
 131 0064 10B5     		push	{r4, lr}
 132              		.cfi_def_cfa_offset 8
 133              		.cfi_offset 4, -8
 134              		.cfi_offset 14, -4
 243:Generated_Source\PSoC4/cyfitter_cfg.c **** 	/* Disable interrupts by default. Let user enable if/when they want. */
 244:Generated_Source\PSoC4/cyfitter_cfg.c **** 	CyGlobalIntDisable;
 135              		.loc 1 244 0
 136              		.syntax divided
 137              	@ 244 "Generated_Source\PSoC4\cyfitter_cfg.c" 1
 138 0066 72B6     		CPSID   i
 139              	@ 0 "" 2
 140              	.LVL4:
 141              		.thumb
 142              		.syntax unified
 143              	.LBB2:
 245:Generated_Source\PSoC4/cyfitter_cfg.c **** 
 246:Generated_Source\PSoC4/cyfitter_cfg.c **** 	{
 247:Generated_Source\PSoC4/cyfitter_cfg.c **** 
 248:Generated_Source\PSoC4/cyfitter_cfg.c **** 		CYPACKED typedef struct {
 249:Generated_Source\PSoC4/cyfitter_cfg.c **** 			void CYFAR *address;
 250:Generated_Source\PSoC4/cyfitter_cfg.c **** 			uint16 size;
 251:Generated_Source\PSoC4/cyfitter_cfg.c **** 		} CYPACKED_ATTR cfg_memset_t;
 252:Generated_Source\PSoC4/cyfitter_cfg.c **** 
 253:Generated_Source\PSoC4/cyfitter_cfg.c **** 		static const cfg_memset_t CYCODE cfg_memset_list[] = {
 254:Generated_Source\PSoC4/cyfitter_cfg.c **** 			/* address, size */
 255:Generated_Source\PSoC4/cyfitter_cfg.c **** 			{(void CYFAR *)(CYDEV_UDB_P0_U0_BASE), 1024u},
 256:Generated_Source\PSoC4/cyfitter_cfg.c **** 			{(void CYFAR *)(CYDEV_UDB_DSI0_BASE), 1024u},
ARM GAS  C:\Users\VIDEOH~1\AppData\Local\Temp\ccCT2ij6.s 			page 8


 257:Generated_Source\PSoC4/cyfitter_cfg.c **** 		};
 258:Generated_Source\PSoC4/cyfitter_cfg.c **** 
 259:Generated_Source\PSoC4/cyfitter_cfg.c **** 		uint8 CYDATA i;
 260:Generated_Source\PSoC4/cyfitter_cfg.c **** 
 261:Generated_Source\PSoC4/cyfitter_cfg.c **** 		/* Zero out critical memory blocks before beginning configuration */
 262:Generated_Source\PSoC4/cyfitter_cfg.c **** 		for (i = 0u; i < (sizeof(cfg_memset_list)/sizeof(cfg_memset_list[0])); i++)
 144              		.loc 1 262 0
 145 0068 0024     		movs	r4, #0
 146 006a 0FE0     		b	.L6
 147              	.LVL5:
 148              	.L7:
 149              	.LBB3:
 263:Generated_Source\PSoC4/cyfitter_cfg.c **** 		{
 264:Generated_Source\PSoC4/cyfitter_cfg.c **** 			const cfg_memset_t CYCODE * CYDATA ms = &cfg_memset_list[i];
 265:Generated_Source\PSoC4/cyfitter_cfg.c **** 			CYMEMZERO(ms->address, (size_t)(uint32)(ms->size));
 150              		.loc 1 265 0 discriminator 3
 151 006c 1D48     		ldr	r0, .L8
 152 006e 6200     		lsls	r2, r4, #1
 153 0070 1319     		adds	r3, r2, r4
 154 0072 5900     		lsls	r1, r3, #1
 155 0074 0B00     		movs	r3, r1
 156 0076 4118     		adds	r1, r0, r1
 157 0078 8988     		ldrh	r1, [r1, #4]
 158 007a 1A5A     		ldrh	r2, [r3, r0]
 159 007c C318     		adds	r3, r0, r3
 160 007e 5888     		ldrh	r0, [r3, #2]
 161 0080 0004     		lsls	r0, r0, #16
 162 0082 1043     		orrs	r0, r2
 163 0084 FFF7FEFF 		bl	CYMEMZERO
 164              	.LVL6:
 165              	.LBE3:
 262:Generated_Source\PSoC4/cyfitter_cfg.c **** 		{
 166              		.loc 1 262 0 discriminator 3
 167 0088 0134     		adds	r4, r4, #1
 168              	.LVL7:
 169 008a E4B2     		uxtb	r4, r4
 170              	.LVL8:
 171              	.L6:
 262:Generated_Source\PSoC4/cyfitter_cfg.c **** 		{
 172              		.loc 1 262 0 is_stmt 0 discriminator 1
 173 008c 012C     		cmp	r4, #1
 174 008e EDD9     		bls	.L7
 266:Generated_Source\PSoC4/cyfitter_cfg.c **** 		}
 267:Generated_Source\PSoC4/cyfitter_cfg.c **** 
 268:Generated_Source\PSoC4/cyfitter_cfg.c **** 		/* HSIOM Starting address: CYDEV_HSIOM_BASE */
 269:Generated_Source\PSoC4/cyfitter_cfg.c **** 		CY_SET_REG32((void *)(CYREG_HSIOM_PORT_SEL3), 0x0000EE00u);
 175              		.loc 1 269 0 is_stmt 1
 176 0090 EE22     		movs	r2, #238
 177 0092 1202     		lsls	r2, r2, #8
 178 0094 144B     		ldr	r3, .L8+4
 179 0096 1A60     		str	r2, [r3]
 270:Generated_Source\PSoC4/cyfitter_cfg.c **** 		CY_SET_REG32((void *)(CYREG_HSIOM_PORT_SEL4), 0x00000099u);
 180              		.loc 1 270 0
 181 0098 9922     		movs	r2, #153
 182 009a 144B     		ldr	r3, .L8+8
 183 009c 1A60     		str	r2, [r3]
 271:Generated_Source\PSoC4/cyfitter_cfg.c **** 
ARM GAS  C:\Users\VIDEOH~1\AppData\Local\Temp\ccCT2ij6.s 			page 9


 272:Generated_Source\PSoC4/cyfitter_cfg.c **** 		/* UDB_PA_0 Starting address: CYDEV_UDB_PA0_BASE */
 273:Generated_Source\PSoC4/cyfitter_cfg.c **** 		CY_SET_REG32((void *)(CYDEV_UDB_PA0_BASE), 0x00990000u);
 184              		.loc 1 273 0
 185 009e 9923     		movs	r3, #153
 186 00a0 1B04     		lsls	r3, r3, #16
 187 00a2 134A     		ldr	r2, .L8+12
 188 00a4 1360     		str	r3, [r2]
 274:Generated_Source\PSoC4/cyfitter_cfg.c **** 
 275:Generated_Source\PSoC4/cyfitter_cfg.c **** 		/* UDB_PA_3 Starting address: CYDEV_UDB_PA3_BASE */
 276:Generated_Source\PSoC4/cyfitter_cfg.c **** 		CY_SET_REG32((void *)(CYDEV_UDB_PA3_BASE), 0x00990000u);
 189              		.loc 1 276 0
 190 00a6 134A     		ldr	r2, .L8+16
 191 00a8 1360     		str	r3, [r2]
 277:Generated_Source\PSoC4/cyfitter_cfg.c **** 
 278:Generated_Source\PSoC4/cyfitter_cfg.c **** 		/* Enable digital routing */
 279:Generated_Source\PSoC4/cyfitter_cfg.c **** 		CY_SET_XTND_REG8((void *)CYREG_UDB_UDBIF_BANK_CTL, (uint8)(CY_GET_XTND_REG8((void *)CYREG_UDB_UDB
 192              		.loc 1 279 0
 193 00aa 134A     		ldr	r2, .L8+20
 194 00ac 1178     		ldrb	r1, [r2]
 195 00ae 0623     		movs	r3, #6
 196 00b0 0B43     		orrs	r3, r1
 197 00b2 DBB2     		uxtb	r3, r3
 198 00b4 1370     		strb	r3, [r2]
 199              	.LBE2:
 280:Generated_Source\PSoC4/cyfitter_cfg.c **** 	}
 281:Generated_Source\PSoC4/cyfitter_cfg.c **** 
 282:Generated_Source\PSoC4/cyfitter_cfg.c **** 	/* Perform second pass device configuration. These items must be configured in specific order afte
 283:Generated_Source\PSoC4/cyfitter_cfg.c **** 	/* IOPINS0_0 Starting address: CYDEV_PRT0_BASE */
 284:Generated_Source\PSoC4/cyfitter_cfg.c **** 	CY_SET_REG32((void *)(CYDEV_PRT0_BASE), 0x00000080u);
 200              		.loc 1 284 0
 201 00b6 8022     		movs	r2, #128
 202 00b8 104B     		ldr	r3, .L8+24
 203 00ba 1A60     		str	r2, [r3]
 285:Generated_Source\PSoC4/cyfitter_cfg.c **** 	CY_SET_REG32((void *)(CYREG_PRT0_PC), 0x00C00000u);
 204              		.loc 1 285 0
 205 00bc C022     		movs	r2, #192
 206 00be 1204     		lsls	r2, r2, #16
 207 00c0 0F4B     		ldr	r3, .L8+28
 208 00c2 1A60     		str	r2, [r3]
 286:Generated_Source\PSoC4/cyfitter_cfg.c **** 
 287:Generated_Source\PSoC4/cyfitter_cfg.c **** 	/* IOPINS0_3 Starting address: CYDEV_PRT3_BASE */
 288:Generated_Source\PSoC4/cyfitter_cfg.c **** 	CY_SET_REG32((void *)(CYREG_PRT3_PC), 0x00000D80u);
 209              		.loc 1 288 0
 210 00c4 D822     		movs	r2, #216
 211 00c6 1201     		lsls	r2, r2, #4
 212 00c8 0E4B     		ldr	r3, .L8+32
 213 00ca 1A60     		str	r2, [r3]
 289:Generated_Source\PSoC4/cyfitter_cfg.c **** 
 290:Generated_Source\PSoC4/cyfitter_cfg.c **** 	/* IOPINS0_4 Starting address: CYDEV_PRT4_BASE */
 291:Generated_Source\PSoC4/cyfitter_cfg.c **** 	CY_SET_REG32((void *)(CYDEV_PRT4_BASE), 0x0000000Au);
 214              		.loc 1 291 0
 215 00cc 0A22     		movs	r2, #10
 216 00ce 0E4B     		ldr	r3, .L8+36
 217 00d0 1A60     		str	r2, [r3]
 292:Generated_Source\PSoC4/cyfitter_cfg.c **** 	CY_SET_REG32((void *)(CYREG_PRT4_PC), 0x00000431u);
 218              		.loc 1 292 0
 219 00d2 0E4A     		ldr	r2, .L8+40
ARM GAS  C:\Users\VIDEOH~1\AppData\Local\Temp\ccCT2ij6.s 			page 10


 220 00d4 0E4B     		ldr	r3, .L8+44
 221 00d6 1A60     		str	r2, [r3]
 293:Generated_Source\PSoC4/cyfitter_cfg.c **** 	CY_SET_REG32((void *)(CYREG_PRT4_PC2), 0x00000002u);
 222              		.loc 1 293 0
 223 00d8 0222     		movs	r2, #2
 224 00da 0E4B     		ldr	r3, .L8+48
 225 00dc 1A60     		str	r2, [r3]
 294:Generated_Source\PSoC4/cyfitter_cfg.c **** 
 295:Generated_Source\PSoC4/cyfitter_cfg.c **** 
 296:Generated_Source\PSoC4/cyfitter_cfg.c **** 	/* Setup clocks based on selections from Clock DWR */
 297:Generated_Source\PSoC4/cyfitter_cfg.c **** 	ClockSetup();
 226              		.loc 1 297 0
 227 00de FFF78FFF 		bl	ClockSetup
 228              	.LVL9:
 298:Generated_Source\PSoC4/cyfitter_cfg.c **** 
 299:Generated_Source\PSoC4/cyfitter_cfg.c **** 	/* Perform basic analog initialization to defaults */
 300:Generated_Source\PSoC4/cyfitter_cfg.c **** 	AnalogSetDefault();
 301:Generated_Source\PSoC4/cyfitter_cfg.c **** 
 302:Generated_Source\PSoC4/cyfitter_cfg.c **** }
 229              		.loc 1 302 0
 230              		@ sp needed
 231              	.LVL10:
 232 00e2 10BD     		pop	{r4, pc}
 233              	.L9:
 234              		.align	2
 235              	.L8:
 236 00e4 00000000 		.word	.LANCHOR0
 237 00e8 0C000140 		.word	1073807372
 238 00ec 10000140 		.word	1073807376
 239 00f0 00500F40 		.word	1074745344
 240 00f4 30500F40 		.word	1074745392
 241 00f8 00700F40 		.word	1074753536
 242 00fc 00000440 		.word	1074003968
 243 0100 08000440 		.word	1074003976
 244 0104 08030440 		.word	1074004744
 245 0108 00040440 		.word	1074004992
 246 010c 31040000 		.word	1073
 247 0110 08040440 		.word	1074005000
 248 0114 18040440 		.word	1074005016
 249              		.cfi_endproc
 250              	.LFE5:
 251              		.size	cyfitter_cfg, .-cyfitter_cfg
 252              		.section	.rodata
 253              		.align	2
 254              		.set	.LANCHOR0,. + 0
 255              		.type	cfg_memset_list.4843, %object
 256              		.size	cfg_memset_list.4843, 12
 257              	cfg_memset_list.4843:
 258 0000 00300F40 		.word	1074737152
 259 0004 0004     		.short	1024
 260 0006 00400F40 		.4byte	1074741248
 261 000a 0004     		.short	1024
 262              		.text
 263              	.Letext0:
 264              		.file 2 "c:\\program files (x86)\\cypress\\psoc creator\\4.2\\psoc creator\\import\\gnu\\arm\\5.4.
 265              		.file 3 "Generated_Source\\PSoC4\\cytypes.h"
 266              		.file 4 "Generated_Source\\PSoC4\\CyLib.h"
ARM GAS  C:\Users\VIDEOH~1\AppData\Local\Temp\ccCT2ij6.s 			page 11


 267              		.section	.debug_info,"",%progbits
 268              	.Ldebug_info0:
 269 0000 31020000 		.4byte	0x231
 270 0004 0400     		.2byte	0x4
 271 0006 00000000 		.4byte	.Ldebug_abbrev0
 272 000a 04       		.byte	0x4
 273 000b 01       		.uleb128 0x1
 274 000c 3B000000 		.4byte	.LASF25
 275 0010 0C       		.byte	0xc
 276 0011 01020000 		.4byte	.LASF26
 277 0015 BA010000 		.4byte	.LASF27
 278 0019 00000000 		.4byte	.Ldebug_ranges0+0
 279 001d 00000000 		.4byte	0
 280 0021 00000000 		.4byte	.Ldebug_line0
 281 0025 02       		.uleb128 0x2
 282 0026 04       		.byte	0x4
 283 0027 05       		.byte	0x5
 284 0028 696E7400 		.ascii	"int\000"
 285 002c 03       		.uleb128 0x3
 286 002d 06000000 		.4byte	.LASF11
 287 0031 02       		.byte	0x2
 288 0032 D8       		.byte	0xd8
 289 0033 37000000 		.4byte	0x37
 290 0037 04       		.uleb128 0x4
 291 0038 04       		.byte	0x4
 292 0039 07       		.byte	0x7
 293 003a 3D010000 		.4byte	.LASF0
 294 003e 04       		.uleb128 0x4
 295 003f 01       		.byte	0x1
 296 0040 06       		.byte	0x6
 297 0041 F5010000 		.4byte	.LASF1
 298 0045 04       		.uleb128 0x4
 299 0046 01       		.byte	0x1
 300 0047 08       		.byte	0x8
 301 0048 06010000 		.4byte	.LASF2
 302 004c 04       		.uleb128 0x4
 303 004d 02       		.byte	0x2
 304 004e 05       		.byte	0x5
 305 004f 92010000 		.4byte	.LASF3
 306 0053 04       		.uleb128 0x4
 307 0054 02       		.byte	0x2
 308 0055 07       		.byte	0x7
 309 0056 28000000 		.4byte	.LASF4
 310 005a 04       		.uleb128 0x4
 311 005b 04       		.byte	0x4
 312 005c 05       		.byte	0x5
 313 005d B1010000 		.4byte	.LASF5
 314 0061 04       		.uleb128 0x4
 315 0062 04       		.byte	0x4
 316 0063 07       		.byte	0x7
 317 0064 E4000000 		.4byte	.LASF6
 318 0068 04       		.uleb128 0x4
 319 0069 08       		.byte	0x8
 320 006a 05       		.byte	0x5
 321 006b 7F010000 		.4byte	.LASF7
 322 006f 04       		.uleb128 0x4
 323 0070 08       		.byte	0x8
ARM GAS  C:\Users\VIDEOH~1\AppData\Local\Temp\ccCT2ij6.s 			page 12


 324 0071 07       		.byte	0x7
 325 0072 52010000 		.4byte	.LASF8
 326 0076 04       		.uleb128 0x4
 327 0077 04       		.byte	0x4
 328 0078 07       		.byte	0x7
 329 0079 76010000 		.4byte	.LASF9
 330 007d 05       		.uleb128 0x5
 331 007e 04       		.byte	0x4
 332 007f 04       		.uleb128 0x4
 333 0080 01       		.byte	0x1
 334 0081 08       		.byte	0x8
 335 0082 8D010000 		.4byte	.LASF10
 336 0086 06       		.uleb128 0x6
 337 0087 F6000000 		.4byte	.LASF12
 338 008b 03       		.byte	0x3
 339 008c E401     		.2byte	0x1e4
 340 008e 45000000 		.4byte	0x45
 341 0092 06       		.uleb128 0x6
 342 0093 2F010000 		.4byte	.LASF13
 343 0097 03       		.byte	0x3
 344 0098 E501     		.2byte	0x1e5
 345 009a 53000000 		.4byte	0x53
 346 009e 06       		.uleb128 0x6
 347 009f 36010000 		.4byte	.LASF14
 348 00a3 03       		.byte	0x3
 349 00a4 E601     		.2byte	0x1e6
 350 00a6 61000000 		.4byte	0x61
 351 00aa 04       		.uleb128 0x4
 352 00ab 04       		.byte	0x4
 353 00ac 04       		.byte	0x4
 354 00ad D4000000 		.4byte	.LASF15
 355 00b1 04       		.uleb128 0x4
 356 00b2 08       		.byte	0x8
 357 00b3 04       		.byte	0x4
 358 00b4 1B010000 		.4byte	.LASF16
 359 00b8 06       		.uleb128 0x6
 360 00b9 DF000000 		.4byte	.LASF17
 361 00bd 03       		.byte	0x3
 362 00be 8E02     		.2byte	0x28e
 363 00c0 C4000000 		.4byte	0xc4
 364 00c4 07       		.uleb128 0x7
 365 00c5 86000000 		.4byte	0x86
 366 00c9 06       		.uleb128 0x6
 367 00ca 00000000 		.4byte	.LASF18
 368 00ce 03       		.byte	0x3
 369 00cf 9002     		.2byte	0x290
 370 00d1 D5000000 		.4byte	0xd5
 371 00d5 07       		.uleb128 0x7
 372 00d6 9E000000 		.4byte	0x9e
 373 00da 08       		.uleb128 0x8
 374 00db FC000000 		.4byte	.LASF19
 375 00df 01       		.byte	0x1
 376 00e0 4A       		.byte	0x4a
 377 00e1 00000000 		.4byte	.LFB0
 378 00e5 0C000000 		.4byte	.LFE0-.LFB0
 379 00e9 01       		.uleb128 0x1
 380 00ea 9C       		.byte	0x9c
ARM GAS  C:\Users\VIDEOH~1\AppData\Local\Temp\ccCT2ij6.s 			page 13


 381 00eb 27010000 		.4byte	0x127
 382 00ef 09       		.uleb128 0x9
 383 00f0 7300     		.ascii	"s\000"
 384 00f2 01       		.byte	0x1
 385 00f3 4A       		.byte	0x4a
 386 00f4 7D000000 		.4byte	0x7d
 387 00f8 00000000 		.4byte	.LLST0
 388 00fc 09       		.uleb128 0x9
 389 00fd 6E00     		.ascii	"n\000"
 390 00ff 01       		.byte	0x1
 391 0100 4A       		.byte	0x4a
 392 0101 2C000000 		.4byte	0x2c
 393 0105 21000000 		.4byte	.LLST1
 394 0109 0A       		.uleb128 0xa
 395 010a 0A000000 		.4byte	.LVL2
 396 010e 20020000 		.4byte	0x220
 397 0112 0B       		.uleb128 0xb
 398 0113 01       		.uleb128 0x1
 399 0114 50       		.byte	0x50
 400 0115 03       		.uleb128 0x3
 401 0116 F3       		.byte	0xf3
 402 0117 01       		.uleb128 0x1
 403 0118 50       		.byte	0x50
 404 0119 0B       		.uleb128 0xb
 405 011a 01       		.uleb128 0x1
 406 011b 51       		.byte	0x51
 407 011c 01       		.uleb128 0x1
 408 011d 30       		.byte	0x30
 409 011e 0B       		.uleb128 0xb
 410 011f 01       		.uleb128 0x1
 411 0120 52       		.byte	0x52
 412 0121 03       		.uleb128 0x3
 413 0122 F3       		.byte	0xf3
 414 0123 01       		.uleb128 0x1
 415 0124 51       		.byte	0x51
 416 0125 00       		.byte	0
 417 0126 00       		.byte	0
 418 0127 08       		.uleb128 0x8
 419 0128 1D000000 		.4byte	.LASF20
 420 012c 01       		.byte	0x1
 421 012d A8       		.byte	0xa8
 422 012e 00000000 		.4byte	.LFB3
 423 0132 64000000 		.4byte	.LFE3-.LFB3
 424 0136 01       		.uleb128 0x1
 425 0137 9C       		.byte	0x9c
 426 0138 4C010000 		.4byte	0x14c
 427 013c 0A       		.uleb128 0xa
 428 013d 14000000 		.4byte	.LVL3
 429 0141 29020000 		.4byte	0x229
 430 0145 0B       		.uleb128 0xb
 431 0146 01       		.uleb128 0x1
 432 0147 50       		.byte	0x50
 433 0148 01       		.uleb128 0x1
 434 0149 48       		.byte	0x48
 435 014a 00       		.byte	0
 436 014b 00       		.byte	0
 437 014c 0C       		.uleb128 0xc
ARM GAS  C:\Users\VIDEOH~1\AppData\Local\Temp\ccCT2ij6.s 			page 14


 438 014d 22010000 		.4byte	.LASF28
 439 0151 01       		.byte	0x1
 440 0152 F1       		.byte	0xf1
 441 0153 64000000 		.4byte	.LFB5
 442 0157 B4000000 		.4byte	.LFE5-.LFB5
 443 015b 01       		.uleb128 0x1
 444 015c 9C       		.byte	0x9c
 445 015d 20020000 		.4byte	0x220
 446 0161 0D       		.uleb128 0xd
 447 0162 68000000 		.4byte	.LBB2
 448 0166 4E000000 		.4byte	.LBE2-.LBB2
 449 016a 16020000 		.4byte	0x216
 450 016e 0E       		.uleb128 0xe
 451 016f 06       		.byte	0x6
 452 0170 01       		.byte	0x1
 453 0171 F8       		.byte	0xf8
 454 0172 8F010000 		.4byte	0x18f
 455 0176 0F       		.uleb128 0xf
 456 0177 4A010000 		.4byte	.LASF21
 457 017b 01       		.byte	0x1
 458 017c F9       		.byte	0xf9
 459 017d 7D000000 		.4byte	0x7d
 460 0181 00       		.byte	0
 461 0182 0F       		.uleb128 0xf
 462 0183 DA000000 		.4byte	.LASF22
 463 0187 01       		.byte	0x1
 464 0188 FA       		.byte	0xfa
 465 0189 92000000 		.4byte	0x92
 466 018d 04       		.byte	0x4
 467 018e 00       		.byte	0
 468 018f 03       		.uleb128 0x3
 469 0190 69010000 		.4byte	.LASF23
 470 0194 01       		.byte	0x1
 471 0195 FB       		.byte	0xfb
 472 0196 6E010000 		.4byte	0x16e
 473 019a 10       		.uleb128 0x10
 474 019b AA010000 		.4byte	0x1aa
 475 019f AA010000 		.4byte	0x1aa
 476 01a3 11       		.uleb128 0x11
 477 01a4 76000000 		.4byte	0x76
 478 01a8 01       		.byte	0x1
 479 01a9 00       		.byte	0
 480 01aa 12       		.uleb128 0x12
 481 01ab 8F010000 		.4byte	0x18f
 482 01af 13       		.uleb128 0x13
 483 01b0 0D000000 		.4byte	.LASF24
 484 01b4 01       		.byte	0x1
 485 01b5 FD       		.byte	0xfd
 486 01b6 C0010000 		.4byte	0x1c0
 487 01ba 05       		.uleb128 0x5
 488 01bb 03       		.byte	0x3
 489 01bc 00000000 		.4byte	cfg_memset_list.4843
 490 01c0 12       		.uleb128 0x12
 491 01c1 9A010000 		.4byte	0x19a
 492 01c5 14       		.uleb128 0x14
 493 01c6 6900     		.ascii	"i\000"
 494 01c8 01       		.byte	0x1
ARM GAS  C:\Users\VIDEOH~1\AppData\Local\Temp\ccCT2ij6.s 			page 15


 495 01c9 0301     		.2byte	0x103
 496 01cb 86000000 		.4byte	0x86
 497 01cf 4D000000 		.4byte	.LLST2
 498 01d3 15       		.uleb128 0x15
 499 01d4 6C000000 		.4byte	.LBB3
 500 01d8 1C000000 		.4byte	.LBE3-.LBB3
 501 01dc 14       		.uleb128 0x14
 502 01dd 6D7300   		.ascii	"ms\000"
 503 01e0 01       		.byte	0x1
 504 01e1 0801     		.2byte	0x108
 505 01e3 EB010000 		.4byte	0x1eb
 506 01e7 77000000 		.4byte	.LLST3
 507 01eb 16       		.uleb128 0x16
 508 01ec 04       		.byte	0x4
 509 01ed AA010000 		.4byte	0x1aa
 510 01f1 0A       		.uleb128 0xa
 511 01f2 88000000 		.4byte	.LVL6
 512 01f6 DA000000 		.4byte	0xda
 513 01fa 0B       		.uleb128 0xb
 514 01fb 01       		.uleb128 0x1
 515 01fc 51       		.byte	0x51
 516 01fd 15       		.uleb128 0x15
 517 01fe 74       		.byte	0x74
 518 01ff 00       		.sleb128 0
 519 0200 31       		.byte	0x31
 520 0201 24       		.byte	0x24
 521 0202 74       		.byte	0x74
 522 0203 00       		.sleb128 0
 523 0204 22       		.byte	0x22
 524 0205 31       		.byte	0x31
 525 0206 24       		.byte	0x24
 526 0207 03       		.byte	0x3
 527 0208 04000000 		.4byte	.LANCHOR0+4
 528 020c 22       		.byte	0x22
 529 020d 94       		.byte	0x94
 530 020e 02       		.byte	0x2
 531 020f 0A       		.byte	0xa
 532 0210 FFFF     		.2byte	0xffff
 533 0212 1A       		.byte	0x1a
 534 0213 00       		.byte	0
 535 0214 00       		.byte	0
 536 0215 00       		.byte	0
 537 0216 17       		.uleb128 0x17
 538 0217 E2000000 		.4byte	.LVL9
 539 021b 27010000 		.4byte	0x127
 540 021f 00       		.byte	0
 541 0220 18       		.uleb128 0x18
 542 0221 14010000 		.4byte	.LASF29
 543 0225 14010000 		.4byte	.LASF29
 544 0229 19       		.uleb128 0x19
 545 022a 9C010000 		.4byte	.LASF30
 546 022e 9C010000 		.4byte	.LASF30
 547 0232 04       		.byte	0x4
 548 0233 6C       		.byte	0x6c
 549 0234 00       		.byte	0
 550              		.section	.debug_abbrev,"",%progbits
 551              	.Ldebug_abbrev0:
ARM GAS  C:\Users\VIDEOH~1\AppData\Local\Temp\ccCT2ij6.s 			page 16


 552 0000 01       		.uleb128 0x1
 553 0001 11       		.uleb128 0x11
 554 0002 01       		.byte	0x1
 555 0003 25       		.uleb128 0x25
 556 0004 0E       		.uleb128 0xe
 557 0005 13       		.uleb128 0x13
 558 0006 0B       		.uleb128 0xb
 559 0007 03       		.uleb128 0x3
 560 0008 0E       		.uleb128 0xe
 561 0009 1B       		.uleb128 0x1b
 562 000a 0E       		.uleb128 0xe
 563 000b 55       		.uleb128 0x55
 564 000c 17       		.uleb128 0x17
 565 000d 11       		.uleb128 0x11
 566 000e 01       		.uleb128 0x1
 567 000f 10       		.uleb128 0x10
 568 0010 17       		.uleb128 0x17
 569 0011 00       		.byte	0
 570 0012 00       		.byte	0
 571 0013 02       		.uleb128 0x2
 572 0014 24       		.uleb128 0x24
 573 0015 00       		.byte	0
 574 0016 0B       		.uleb128 0xb
 575 0017 0B       		.uleb128 0xb
 576 0018 3E       		.uleb128 0x3e
 577 0019 0B       		.uleb128 0xb
 578 001a 03       		.uleb128 0x3
 579 001b 08       		.uleb128 0x8
 580 001c 00       		.byte	0
 581 001d 00       		.byte	0
 582 001e 03       		.uleb128 0x3
 583 001f 16       		.uleb128 0x16
 584 0020 00       		.byte	0
 585 0021 03       		.uleb128 0x3
 586 0022 0E       		.uleb128 0xe
 587 0023 3A       		.uleb128 0x3a
 588 0024 0B       		.uleb128 0xb
 589 0025 3B       		.uleb128 0x3b
 590 0026 0B       		.uleb128 0xb
 591 0027 49       		.uleb128 0x49
 592 0028 13       		.uleb128 0x13
 593 0029 00       		.byte	0
 594 002a 00       		.byte	0
 595 002b 04       		.uleb128 0x4
 596 002c 24       		.uleb128 0x24
 597 002d 00       		.byte	0
 598 002e 0B       		.uleb128 0xb
 599 002f 0B       		.uleb128 0xb
 600 0030 3E       		.uleb128 0x3e
 601 0031 0B       		.uleb128 0xb
 602 0032 03       		.uleb128 0x3
 603 0033 0E       		.uleb128 0xe
 604 0034 00       		.byte	0
 605 0035 00       		.byte	0
 606 0036 05       		.uleb128 0x5
 607 0037 0F       		.uleb128 0xf
 608 0038 00       		.byte	0
ARM GAS  C:\Users\VIDEOH~1\AppData\Local\Temp\ccCT2ij6.s 			page 17


 609 0039 0B       		.uleb128 0xb
 610 003a 0B       		.uleb128 0xb
 611 003b 00       		.byte	0
 612 003c 00       		.byte	0
 613 003d 06       		.uleb128 0x6
 614 003e 16       		.uleb128 0x16
 615 003f 00       		.byte	0
 616 0040 03       		.uleb128 0x3
 617 0041 0E       		.uleb128 0xe
 618 0042 3A       		.uleb128 0x3a
 619 0043 0B       		.uleb128 0xb
 620 0044 3B       		.uleb128 0x3b
 621 0045 05       		.uleb128 0x5
 622 0046 49       		.uleb128 0x49
 623 0047 13       		.uleb128 0x13
 624 0048 00       		.byte	0
 625 0049 00       		.byte	0
 626 004a 07       		.uleb128 0x7
 627 004b 35       		.uleb128 0x35
 628 004c 00       		.byte	0
 629 004d 49       		.uleb128 0x49
 630 004e 13       		.uleb128 0x13
 631 004f 00       		.byte	0
 632 0050 00       		.byte	0
 633 0051 08       		.uleb128 0x8
 634 0052 2E       		.uleb128 0x2e
 635 0053 01       		.byte	0x1
 636 0054 03       		.uleb128 0x3
 637 0055 0E       		.uleb128 0xe
 638 0056 3A       		.uleb128 0x3a
 639 0057 0B       		.uleb128 0xb
 640 0058 3B       		.uleb128 0x3b
 641 0059 0B       		.uleb128 0xb
 642 005a 27       		.uleb128 0x27
 643 005b 19       		.uleb128 0x19
 644 005c 11       		.uleb128 0x11
 645 005d 01       		.uleb128 0x1
 646 005e 12       		.uleb128 0x12
 647 005f 06       		.uleb128 0x6
 648 0060 40       		.uleb128 0x40
 649 0061 18       		.uleb128 0x18
 650 0062 9742     		.uleb128 0x2117
 651 0064 19       		.uleb128 0x19
 652 0065 01       		.uleb128 0x1
 653 0066 13       		.uleb128 0x13
 654 0067 00       		.byte	0
 655 0068 00       		.byte	0
 656 0069 09       		.uleb128 0x9
 657 006a 05       		.uleb128 0x5
 658 006b 00       		.byte	0
 659 006c 03       		.uleb128 0x3
 660 006d 08       		.uleb128 0x8
 661 006e 3A       		.uleb128 0x3a
 662 006f 0B       		.uleb128 0xb
 663 0070 3B       		.uleb128 0x3b
 664 0071 0B       		.uleb128 0xb
 665 0072 49       		.uleb128 0x49
ARM GAS  C:\Users\VIDEOH~1\AppData\Local\Temp\ccCT2ij6.s 			page 18


 666 0073 13       		.uleb128 0x13
 667 0074 02       		.uleb128 0x2
 668 0075 17       		.uleb128 0x17
 669 0076 00       		.byte	0
 670 0077 00       		.byte	0
 671 0078 0A       		.uleb128 0xa
 672 0079 898201   		.uleb128 0x4109
 673 007c 01       		.byte	0x1
 674 007d 11       		.uleb128 0x11
 675 007e 01       		.uleb128 0x1
 676 007f 31       		.uleb128 0x31
 677 0080 13       		.uleb128 0x13
 678 0081 00       		.byte	0
 679 0082 00       		.byte	0
 680 0083 0B       		.uleb128 0xb
 681 0084 8A8201   		.uleb128 0x410a
 682 0087 00       		.byte	0
 683 0088 02       		.uleb128 0x2
 684 0089 18       		.uleb128 0x18
 685 008a 9142     		.uleb128 0x2111
 686 008c 18       		.uleb128 0x18
 687 008d 00       		.byte	0
 688 008e 00       		.byte	0
 689 008f 0C       		.uleb128 0xc
 690 0090 2E       		.uleb128 0x2e
 691 0091 01       		.byte	0x1
 692 0092 3F       		.uleb128 0x3f
 693 0093 19       		.uleb128 0x19
 694 0094 03       		.uleb128 0x3
 695 0095 0E       		.uleb128 0xe
 696 0096 3A       		.uleb128 0x3a
 697 0097 0B       		.uleb128 0xb
 698 0098 3B       		.uleb128 0x3b
 699 0099 0B       		.uleb128 0xb
 700 009a 27       		.uleb128 0x27
 701 009b 19       		.uleb128 0x19
 702 009c 11       		.uleb128 0x11
 703 009d 01       		.uleb128 0x1
 704 009e 12       		.uleb128 0x12
 705 009f 06       		.uleb128 0x6
 706 00a0 40       		.uleb128 0x40
 707 00a1 18       		.uleb128 0x18
 708 00a2 9742     		.uleb128 0x2117
 709 00a4 19       		.uleb128 0x19
 710 00a5 01       		.uleb128 0x1
 711 00a6 13       		.uleb128 0x13
 712 00a7 00       		.byte	0
 713 00a8 00       		.byte	0
 714 00a9 0D       		.uleb128 0xd
 715 00aa 0B       		.uleb128 0xb
 716 00ab 01       		.byte	0x1
 717 00ac 11       		.uleb128 0x11
 718 00ad 01       		.uleb128 0x1
 719 00ae 12       		.uleb128 0x12
 720 00af 06       		.uleb128 0x6
 721 00b0 01       		.uleb128 0x1
 722 00b1 13       		.uleb128 0x13
ARM GAS  C:\Users\VIDEOH~1\AppData\Local\Temp\ccCT2ij6.s 			page 19


 723 00b2 00       		.byte	0
 724 00b3 00       		.byte	0
 725 00b4 0E       		.uleb128 0xe
 726 00b5 13       		.uleb128 0x13
 727 00b6 01       		.byte	0x1
 728 00b7 0B       		.uleb128 0xb
 729 00b8 0B       		.uleb128 0xb
 730 00b9 3A       		.uleb128 0x3a
 731 00ba 0B       		.uleb128 0xb
 732 00bb 3B       		.uleb128 0x3b
 733 00bc 0B       		.uleb128 0xb
 734 00bd 01       		.uleb128 0x1
 735 00be 13       		.uleb128 0x13
 736 00bf 00       		.byte	0
 737 00c0 00       		.byte	0
 738 00c1 0F       		.uleb128 0xf
 739 00c2 0D       		.uleb128 0xd
 740 00c3 00       		.byte	0
 741 00c4 03       		.uleb128 0x3
 742 00c5 0E       		.uleb128 0xe
 743 00c6 3A       		.uleb128 0x3a
 744 00c7 0B       		.uleb128 0xb
 745 00c8 3B       		.uleb128 0x3b
 746 00c9 0B       		.uleb128 0xb
 747 00ca 49       		.uleb128 0x49
 748 00cb 13       		.uleb128 0x13
 749 00cc 38       		.uleb128 0x38
 750 00cd 0B       		.uleb128 0xb
 751 00ce 00       		.byte	0
 752 00cf 00       		.byte	0
 753 00d0 10       		.uleb128 0x10
 754 00d1 01       		.uleb128 0x1
 755 00d2 01       		.byte	0x1
 756 00d3 49       		.uleb128 0x49
 757 00d4 13       		.uleb128 0x13
 758 00d5 01       		.uleb128 0x1
 759 00d6 13       		.uleb128 0x13
 760 00d7 00       		.byte	0
 761 00d8 00       		.byte	0
 762 00d9 11       		.uleb128 0x11
 763 00da 21       		.uleb128 0x21
 764 00db 00       		.byte	0
 765 00dc 49       		.uleb128 0x49
 766 00dd 13       		.uleb128 0x13
 767 00de 2F       		.uleb128 0x2f
 768 00df 0B       		.uleb128 0xb
 769 00e0 00       		.byte	0
 770 00e1 00       		.byte	0
 771 00e2 12       		.uleb128 0x12
 772 00e3 26       		.uleb128 0x26
 773 00e4 00       		.byte	0
 774 00e5 49       		.uleb128 0x49
 775 00e6 13       		.uleb128 0x13
 776 00e7 00       		.byte	0
 777 00e8 00       		.byte	0
 778 00e9 13       		.uleb128 0x13
 779 00ea 34       		.uleb128 0x34
ARM GAS  C:\Users\VIDEOH~1\AppData\Local\Temp\ccCT2ij6.s 			page 20


 780 00eb 00       		.byte	0
 781 00ec 03       		.uleb128 0x3
 782 00ed 0E       		.uleb128 0xe
 783 00ee 3A       		.uleb128 0x3a
 784 00ef 0B       		.uleb128 0xb
 785 00f0 3B       		.uleb128 0x3b
 786 00f1 0B       		.uleb128 0xb
 787 00f2 49       		.uleb128 0x49
 788 00f3 13       		.uleb128 0x13
 789 00f4 02       		.uleb128 0x2
 790 00f5 18       		.uleb128 0x18
 791 00f6 00       		.byte	0
 792 00f7 00       		.byte	0
 793 00f8 14       		.uleb128 0x14
 794 00f9 34       		.uleb128 0x34
 795 00fa 00       		.byte	0
 796 00fb 03       		.uleb128 0x3
 797 00fc 08       		.uleb128 0x8
 798 00fd 3A       		.uleb128 0x3a
 799 00fe 0B       		.uleb128 0xb
 800 00ff 3B       		.uleb128 0x3b
 801 0100 05       		.uleb128 0x5
 802 0101 49       		.uleb128 0x49
 803 0102 13       		.uleb128 0x13
 804 0103 02       		.uleb128 0x2
 805 0104 17       		.uleb128 0x17
 806 0105 00       		.byte	0
 807 0106 00       		.byte	0
 808 0107 15       		.uleb128 0x15
 809 0108 0B       		.uleb128 0xb
 810 0109 01       		.byte	0x1
 811 010a 11       		.uleb128 0x11
 812 010b 01       		.uleb128 0x1
 813 010c 12       		.uleb128 0x12
 814 010d 06       		.uleb128 0x6
 815 010e 00       		.byte	0
 816 010f 00       		.byte	0
 817 0110 16       		.uleb128 0x16
 818 0111 0F       		.uleb128 0xf
 819 0112 00       		.byte	0
 820 0113 0B       		.uleb128 0xb
 821 0114 0B       		.uleb128 0xb
 822 0115 49       		.uleb128 0x49
 823 0116 13       		.uleb128 0x13
 824 0117 00       		.byte	0
 825 0118 00       		.byte	0
 826 0119 17       		.uleb128 0x17
 827 011a 898201   		.uleb128 0x4109
 828 011d 00       		.byte	0
 829 011e 11       		.uleb128 0x11
 830 011f 01       		.uleb128 0x1
 831 0120 31       		.uleb128 0x31
 832 0121 13       		.uleb128 0x13
 833 0122 00       		.byte	0
 834 0123 00       		.byte	0
 835 0124 18       		.uleb128 0x18
 836 0125 2E       		.uleb128 0x2e
ARM GAS  C:\Users\VIDEOH~1\AppData\Local\Temp\ccCT2ij6.s 			page 21


 837 0126 00       		.byte	0
 838 0127 3F       		.uleb128 0x3f
 839 0128 19       		.uleb128 0x19
 840 0129 3C       		.uleb128 0x3c
 841 012a 19       		.uleb128 0x19
 842 012b 6E       		.uleb128 0x6e
 843 012c 0E       		.uleb128 0xe
 844 012d 03       		.uleb128 0x3
 845 012e 0E       		.uleb128 0xe
 846 012f 00       		.byte	0
 847 0130 00       		.byte	0
 848 0131 19       		.uleb128 0x19
 849 0132 2E       		.uleb128 0x2e
 850 0133 00       		.byte	0
 851 0134 3F       		.uleb128 0x3f
 852 0135 19       		.uleb128 0x19
 853 0136 3C       		.uleb128 0x3c
 854 0137 19       		.uleb128 0x19
 855 0138 6E       		.uleb128 0x6e
 856 0139 0E       		.uleb128 0xe
 857 013a 03       		.uleb128 0x3
 858 013b 0E       		.uleb128 0xe
 859 013c 3A       		.uleb128 0x3a
 860 013d 0B       		.uleb128 0xb
 861 013e 3B       		.uleb128 0x3b
 862 013f 0B       		.uleb128 0xb
 863 0140 00       		.byte	0
 864 0141 00       		.byte	0
 865 0142 00       		.byte	0
 866              		.section	.debug_loc,"",%progbits
 867              	.Ldebug_loc0:
 868              	.LLST0:
 869 0000 00000000 		.4byte	.LVL0
 870 0004 09000000 		.4byte	.LVL2-1
 871 0008 0100     		.2byte	0x1
 872 000a 50       		.byte	0x50
 873 000b 09000000 		.4byte	.LVL2-1
 874 000f 0C000000 		.4byte	.LFE0
 875 0013 0400     		.2byte	0x4
 876 0015 F3       		.byte	0xf3
 877 0016 01       		.uleb128 0x1
 878 0017 50       		.byte	0x50
 879 0018 9F       		.byte	0x9f
 880 0019 00000000 		.4byte	0
 881 001d 00000000 		.4byte	0
 882              	.LLST1:
 883 0021 00000000 		.4byte	.LVL0
 884 0025 06000000 		.4byte	.LVL1
 885 0029 0100     		.2byte	0x1
 886 002b 51       		.byte	0x51
 887 002c 06000000 		.4byte	.LVL1
 888 0030 09000000 		.4byte	.LVL2-1
 889 0034 0100     		.2byte	0x1
 890 0036 52       		.byte	0x52
 891 0037 09000000 		.4byte	.LVL2-1
 892 003b 0C000000 		.4byte	.LFE0
 893 003f 0400     		.2byte	0x4
ARM GAS  C:\Users\VIDEOH~1\AppData\Local\Temp\ccCT2ij6.s 			page 22


 894 0041 F3       		.byte	0xf3
 895 0042 01       		.uleb128 0x1
 896 0043 51       		.byte	0x51
 897 0044 9F       		.byte	0x9f
 898 0045 00000000 		.4byte	0
 899 0049 00000000 		.4byte	0
 900              	.LLST2:
 901 004d 68000000 		.4byte	.LVL4
 902 0051 6C000000 		.4byte	.LVL5
 903 0055 0200     		.2byte	0x2
 904 0057 30       		.byte	0x30
 905 0058 9F       		.byte	0x9f
 906 0059 6C000000 		.4byte	.LVL5
 907 005d 8A000000 		.4byte	.LVL7
 908 0061 0100     		.2byte	0x1
 909 0063 54       		.byte	0x54
 910 0064 8C000000 		.4byte	.LVL8
 911 0068 E2000000 		.4byte	.LVL10
 912 006c 0100     		.2byte	0x1
 913 006e 54       		.byte	0x54
 914 006f 00000000 		.4byte	0
 915 0073 00000000 		.4byte	0
 916              	.LLST3:
 917 0077 6C000000 		.4byte	.LVL5
 918 007b 8A000000 		.4byte	.LVL7
 919 007f 0B00     		.2byte	0xb
 920 0081 74       		.byte	0x74
 921 0082 00       		.sleb128 0
 922 0083 36       		.byte	0x36
 923 0084 1E       		.byte	0x1e
 924 0085 03       		.byte	0x3
 925 0086 00000000 		.4byte	cfg_memset_list.4843
 926 008a 22       		.byte	0x22
 927 008b 9F       		.byte	0x9f
 928 008c 8A000000 		.4byte	.LVL7
 929 0090 8C000000 		.4byte	.LVL8
 930 0094 0B00     		.2byte	0xb
 931 0096 74       		.byte	0x74
 932 0097 7F       		.sleb128 -1
 933 0098 36       		.byte	0x36
 934 0099 1E       		.byte	0x1e
 935 009a 03       		.byte	0x3
 936 009b 00000000 		.4byte	cfg_memset_list.4843
 937 009f 22       		.byte	0x22
 938 00a0 9F       		.byte	0x9f
 939 00a1 00000000 		.4byte	0
 940 00a5 00000000 		.4byte	0
 941              		.section	.debug_aranges,"",%progbits
 942 0000 2C000000 		.4byte	0x2c
 943 0004 0200     		.2byte	0x2
 944 0006 00000000 		.4byte	.Ldebug_info0
 945 000a 04       		.byte	0x4
 946 000b 00       		.byte	0
 947 000c 0000     		.2byte	0
 948 000e 0000     		.2byte	0
 949 0010 00000000 		.4byte	.LFB0
 950 0014 0C000000 		.4byte	.LFE0-.LFB0
ARM GAS  C:\Users\VIDEOH~1\AppData\Local\Temp\ccCT2ij6.s 			page 23


 951 0018 00000000 		.4byte	.LFB3
 952 001c 64000000 		.4byte	.LFE3-.LFB3
 953 0020 64000000 		.4byte	.LFB5
 954 0024 B4000000 		.4byte	.LFE5-.LFB5
 955 0028 00000000 		.4byte	0
 956 002c 00000000 		.4byte	0
 957              		.section	.debug_ranges,"",%progbits
 958              	.Ldebug_ranges0:
 959 0000 00000000 		.4byte	.LFB0
 960 0004 0C000000 		.4byte	.LFE0
 961 0008 00000000 		.4byte	.LFB3
 962 000c 64000000 		.4byte	.LFE3
 963 0010 64000000 		.4byte	.LFB5
 964 0014 18010000 		.4byte	.LFE5
 965 0018 00000000 		.4byte	0
 966 001c 00000000 		.4byte	0
 967              		.section	.debug_line,"",%progbits
 968              	.Ldebug_line0:
 969 0000 2E010000 		.section	.debug_str,"MS",%progbits,1
 969      0200D600 
 969      00000201 
 969      FB0E0D00 
 969      01010101 
 970              	.LASF18:
 971 0000 72656733 		.ascii	"reg32\000"
 971      3200
 972              	.LASF11:
 973 0006 73697A65 		.ascii	"size_t\000"
 973      5F7400
 974              	.LASF24:
 975 000d 6366675F 		.ascii	"cfg_memset_list\000"
 975      6D656D73 
 975      65745F6C 
 975      69737400 
 976              	.LASF20:
 977 001d 436C6F63 		.ascii	"ClockSetup\000"
 977      6B536574 
 977      757000
 978              	.LASF4:
 979 0028 73686F72 		.ascii	"short unsigned int\000"
 979      7420756E 
 979      7369676E 
 979      65642069 
 979      6E7400
 980              	.LASF25:
 981 003b 474E5520 		.ascii	"GNU C99 5.4.1 20160609 (release) [ARM/embedded-5-br"
 981      43393920 
 981      352E342E 
 981      31203230 
 981      31363036 
 982 006e 616E6368 		.ascii	"anch revision 237715] -mcpu=cortex-m0 -mthumb -g -O"
 982      20726576 
 982      6973696F 
 982      6E203233 
 982      37373135 
 983 00a1 67202D73 		.ascii	"g -std=gnu99 -ffunction-sections -ffat-lto-objects\000"
 983      74643D67 
ARM GAS  C:\Users\VIDEOH~1\AppData\Local\Temp\ccCT2ij6.s 			page 24


 983      6E753939 
 983      202D6666 
 983      756E6374 
 984              	.LASF15:
 985 00d4 666C6F61 		.ascii	"float\000"
 985      7400
 986              	.LASF22:
 987 00da 73697A65 		.ascii	"size\000"
 987      00
 988              	.LASF17:
 989 00df 72656738 		.ascii	"reg8\000"
 989      00
 990              	.LASF6:
 991 00e4 6C6F6E67 		.ascii	"long unsigned int\000"
 991      20756E73 
 991      69676E65 
 991      6420696E 
 991      7400
 992              	.LASF12:
 993 00f6 75696E74 		.ascii	"uint8\000"
 993      3800
 994              	.LASF19:
 995 00fc 43594D45 		.ascii	"CYMEMZERO\000"
 995      4D5A4552 
 995      4F00
 996              	.LASF2:
 997 0106 756E7369 		.ascii	"unsigned char\000"
 997      676E6564 
 997      20636861 
 997      7200
 998              	.LASF29:
 999 0114 6D656D73 		.ascii	"memset\000"
 999      657400
 1000              	.LASF16:
 1001 011b 646F7562 		.ascii	"double\000"
 1001      6C6500
 1002              	.LASF28:
 1003 0122 63796669 		.ascii	"cyfitter_cfg\000"
 1003      74746572 
 1003      5F636667 
 1003      00
 1004              	.LASF13:
 1005 012f 75696E74 		.ascii	"uint16\000"
 1005      313600
 1006              	.LASF14:
 1007 0136 75696E74 		.ascii	"uint32\000"
 1007      333200
 1008              	.LASF0:
 1009 013d 756E7369 		.ascii	"unsigned int\000"
 1009      676E6564 
 1009      20696E74 
 1009      00
 1010              	.LASF21:
 1011 014a 61646472 		.ascii	"address\000"
 1011      65737300 
 1012              	.LASF8:
 1013 0152 6C6F6E67 		.ascii	"long long unsigned int\000"
ARM GAS  C:\Users\VIDEOH~1\AppData\Local\Temp\ccCT2ij6.s 			page 25


 1013      206C6F6E 
 1013      6720756E 
 1013      7369676E 
 1013      65642069 
 1014              	.LASF23:
 1015 0169 6366675F 		.ascii	"cfg_memset_t\000"
 1015      6D656D73 
 1015      65745F74 
 1015      00
 1016              	.LASF9:
 1017 0176 73697A65 		.ascii	"sizetype\000"
 1017      74797065 
 1017      00
 1018              	.LASF7:
 1019 017f 6C6F6E67 		.ascii	"long long int\000"
 1019      206C6F6E 
 1019      6720696E 
 1019      7400
 1020              	.LASF10:
 1021 018d 63686172 		.ascii	"char\000"
 1021      00
 1022              	.LASF3:
 1023 0192 73686F72 		.ascii	"short int\000"
 1023      7420696E 
 1023      7400
 1024              	.LASF30:
 1025 019c 43795379 		.ascii	"CySysClkWriteImoFreq\000"
 1025      73436C6B 
 1025      57726974 
 1025      65496D6F 
 1025      46726571 
 1026              	.LASF5:
 1027 01b1 6C6F6E67 		.ascii	"long int\000"
 1027      20696E74 
 1027      00
 1028              	.LASF27:
 1029 01ba 443A5C31 		.ascii	"D:\\1_work\\my_project\\ReloadPro\\psoc42boot\\Boot"
 1029      5F776F72 
 1029      6B5C6D79 
 1029      5F70726F 
 1029      6A656374 
 1030 01e8 6C6F6164 		.ascii	"loader.cydsn\000"
 1030      65722E63 
 1030      7964736E 
 1030      00
 1031              	.LASF1:
 1032 01f5 7369676E 		.ascii	"signed char\000"
 1032      65642063 
 1032      68617200 
 1033              	.LASF26:
 1034 0201 47656E65 		.ascii	"Generated_Source\\PSoC4\\cyfitter_cfg.c\000"
 1034      72617465 
 1034      645F536F 
 1034      75726365 
 1034      5C50536F 
 1035              		.ident	"GCC: (GNU Tools for ARM Embedded Processors) 5.4.1 20160609 (release) [ARM/embedded-5-bran
