ARM GAS  C:\Users\VIDEOH~1\AppData\Local\Temp\cc0NLCZ3.s 			page 1


   1              		.syntax unified
   2              		.cpu cortex-m0
   3              		.fpu softvfp
   4              		.eabi_attribute 20, 1
   5              		.eabi_attribute 21, 1
   6              		.eabi_attribute 23, 3
   7              		.eabi_attribute 24, 1
   8              		.eabi_attribute 25, 1
   9              		.eabi_attribute 26, 1
  10              		.eabi_attribute 30, 1
  11              		.eabi_attribute 34, 0
  12              		.eabi_attribute 18, 4
  13              		.thumb
  14              		.syntax unified
  15              		.file	"ADC_PM.c"
  16              		.text
  17              	.Ltext0:
  18              		.cfi_sections	.debug_frame
  19              		.section	.text.ADC_SaveConfig,"ax",%progbits
  20              		.align	2
  21              		.global	ADC_SaveConfig
  22              		.code	16
  23              		.thumb_func
  24              		.type	ADC_SaveConfig, %function
  25              	ADC_SaveConfig:
  26              	.LFB0:
  27              		.file 1 "Generated_Source\\PSoC4\\ADC_PM.c"
   1:Generated_Source\PSoC4/ADC_PM.c **** /*******************************************************************************
   2:Generated_Source\PSoC4/ADC_PM.c **** * File Name: ADC_PM.c
   3:Generated_Source\PSoC4/ADC_PM.c **** * Version 2.50
   4:Generated_Source\PSoC4/ADC_PM.c **** *
   5:Generated_Source\PSoC4/ADC_PM.c **** * Description:
   6:Generated_Source\PSoC4/ADC_PM.c **** *  This file provides Sleep/WakeUp APIs functionality.
   7:Generated_Source\PSoC4/ADC_PM.c **** *
   8:Generated_Source\PSoC4/ADC_PM.c **** * Note:
   9:Generated_Source\PSoC4/ADC_PM.c **** *
  10:Generated_Source\PSoC4/ADC_PM.c **** ********************************************************************************
  11:Generated_Source\PSoC4/ADC_PM.c **** * Copyright 2008-2017, Cypress Semiconductor Corporation.  All rights reserved.
  12:Generated_Source\PSoC4/ADC_PM.c **** * You may use this file only in accordance with the license, terms, conditions,
  13:Generated_Source\PSoC4/ADC_PM.c **** * disclaimers, and limitations in the end user license agreement accompanying
  14:Generated_Source\PSoC4/ADC_PM.c **** * the software package with which this file was provided.
  15:Generated_Source\PSoC4/ADC_PM.c **** *******************************************************************************/
  16:Generated_Source\PSoC4/ADC_PM.c **** 
  17:Generated_Source\PSoC4/ADC_PM.c **** #include "ADC.h"
  18:Generated_Source\PSoC4/ADC_PM.c **** 
  19:Generated_Source\PSoC4/ADC_PM.c **** 
  20:Generated_Source\PSoC4/ADC_PM.c **** /***************************************
  21:Generated_Source\PSoC4/ADC_PM.c **** * Local data allocation
  22:Generated_Source\PSoC4/ADC_PM.c **** ***************************************/
  23:Generated_Source\PSoC4/ADC_PM.c **** 
  24:Generated_Source\PSoC4/ADC_PM.c **** static ADC_BACKUP_STRUCT  ADC_backup =
  25:Generated_Source\PSoC4/ADC_PM.c **** {
  26:Generated_Source\PSoC4/ADC_PM.c ****     ADC_DISABLED,
  27:Generated_Source\PSoC4/ADC_PM.c ****     0u    
  28:Generated_Source\PSoC4/ADC_PM.c **** };
  29:Generated_Source\PSoC4/ADC_PM.c **** 
  30:Generated_Source\PSoC4/ADC_PM.c **** 
ARM GAS  C:\Users\VIDEOH~1\AppData\Local\Temp\cc0NLCZ3.s 			page 2


  31:Generated_Source\PSoC4/ADC_PM.c **** /*******************************************************************************
  32:Generated_Source\PSoC4/ADC_PM.c **** * Function Name: ADC_SaveConfig
  33:Generated_Source\PSoC4/ADC_PM.c **** ********************************************************************************
  34:Generated_Source\PSoC4/ADC_PM.c **** *
  35:Generated_Source\PSoC4/ADC_PM.c **** * Summary:
  36:Generated_Source\PSoC4/ADC_PM.c **** *  Saves the current user configuration.
  37:Generated_Source\PSoC4/ADC_PM.c **** *
  38:Generated_Source\PSoC4/ADC_PM.c **** * Parameters:
  39:Generated_Source\PSoC4/ADC_PM.c **** *  None.
  40:Generated_Source\PSoC4/ADC_PM.c **** *
  41:Generated_Source\PSoC4/ADC_PM.c **** * Return:
  42:Generated_Source\PSoC4/ADC_PM.c **** *  None.
  43:Generated_Source\PSoC4/ADC_PM.c **** *
  44:Generated_Source\PSoC4/ADC_PM.c **** *******************************************************************************/
  45:Generated_Source\PSoC4/ADC_PM.c **** void ADC_SaveConfig(void)
  46:Generated_Source\PSoC4/ADC_PM.c **** {
  28              		.loc 1 46 0
  29              		.cfi_startproc
  30              		@ args = 0, pretend = 0, frame = 0
  31              		@ frame_needed = 0, uses_anonymous_args = 0
  32              		@ link register save eliminated.
  47:Generated_Source\PSoC4/ADC_PM.c ****     /* All configuration registers are marked as [reset_all_retention] */
  48:Generated_Source\PSoC4/ADC_PM.c **** }
  33              		.loc 1 48 0
  34              		@ sp needed
  35 0000 7047     		bx	lr
  36              		.cfi_endproc
  37              	.LFE0:
  38              		.size	ADC_SaveConfig, .-ADC_SaveConfig
  39 0002 C046     		.section	.text.ADC_RestoreConfig,"ax",%progbits
  40              		.align	2
  41              		.global	ADC_RestoreConfig
  42              		.code	16
  43              		.thumb_func
  44              		.type	ADC_RestoreConfig, %function
  45              	ADC_RestoreConfig:
  46              	.LFB1:
  49:Generated_Source\PSoC4/ADC_PM.c **** 
  50:Generated_Source\PSoC4/ADC_PM.c **** 
  51:Generated_Source\PSoC4/ADC_PM.c **** /*******************************************************************************
  52:Generated_Source\PSoC4/ADC_PM.c **** * Function Name: ADC_RestoreConfig
  53:Generated_Source\PSoC4/ADC_PM.c **** ********************************************************************************
  54:Generated_Source\PSoC4/ADC_PM.c **** *
  55:Generated_Source\PSoC4/ADC_PM.c **** * Summary:
  56:Generated_Source\PSoC4/ADC_PM.c **** *  Restores the current user configuration.
  57:Generated_Source\PSoC4/ADC_PM.c **** *
  58:Generated_Source\PSoC4/ADC_PM.c **** * Parameters:
  59:Generated_Source\PSoC4/ADC_PM.c **** *  None.
  60:Generated_Source\PSoC4/ADC_PM.c **** *
  61:Generated_Source\PSoC4/ADC_PM.c **** * Return:
  62:Generated_Source\PSoC4/ADC_PM.c **** *  None.
  63:Generated_Source\PSoC4/ADC_PM.c **** *
  64:Generated_Source\PSoC4/ADC_PM.c **** *******************************************************************************/
  65:Generated_Source\PSoC4/ADC_PM.c **** void ADC_RestoreConfig(void)
  66:Generated_Source\PSoC4/ADC_PM.c **** {
  47              		.loc 1 66 0
  48              		.cfi_startproc
ARM GAS  C:\Users\VIDEOH~1\AppData\Local\Temp\cc0NLCZ3.s 			page 3


  49              		@ args = 0, pretend = 0, frame = 0
  50              		@ frame_needed = 0, uses_anonymous_args = 0
  51              		@ link register save eliminated.
  67:Generated_Source\PSoC4/ADC_PM.c ****     /* All configuration registers are marked as [reset_all_retention] */
  68:Generated_Source\PSoC4/ADC_PM.c **** }
  52              		.loc 1 68 0
  53              		@ sp needed
  54 0000 7047     		bx	lr
  55              		.cfi_endproc
  56              	.LFE1:
  57              		.size	ADC_RestoreConfig, .-ADC_RestoreConfig
  58 0002 C046     		.section	.text.ADC_Sleep,"ax",%progbits
  59              		.align	2
  60              		.global	ADC_Sleep
  61              		.code	16
  62              		.thumb_func
  63              		.type	ADC_Sleep, %function
  64              	ADC_Sleep:
  65              	.LFB2:
  69:Generated_Source\PSoC4/ADC_PM.c **** 
  70:Generated_Source\PSoC4/ADC_PM.c **** 
  71:Generated_Source\PSoC4/ADC_PM.c **** /*******************************************************************************
  72:Generated_Source\PSoC4/ADC_PM.c **** * Function Name: ADC_Sleep
  73:Generated_Source\PSoC4/ADC_PM.c **** ********************************************************************************
  74:Generated_Source\PSoC4/ADC_PM.c **** *
  75:Generated_Source\PSoC4/ADC_PM.c **** * Summary:
  76:Generated_Source\PSoC4/ADC_PM.c **** *  Stops the ADC operation and saves the configuration registers and component
  77:Generated_Source\PSoC4/ADC_PM.c **** *  enable state. Should be called just prior to entering sleep.
  78:Generated_Source\PSoC4/ADC_PM.c **** *
  79:Generated_Source\PSoC4/ADC_PM.c **** * Parameters:
  80:Generated_Source\PSoC4/ADC_PM.c **** *  None.
  81:Generated_Source\PSoC4/ADC_PM.c **** *
  82:Generated_Source\PSoC4/ADC_PM.c **** * Return:
  83:Generated_Source\PSoC4/ADC_PM.c **** *  None.
  84:Generated_Source\PSoC4/ADC_PM.c **** *
  85:Generated_Source\PSoC4/ADC_PM.c **** * Global Variables:
  86:Generated_Source\PSoC4/ADC_PM.c **** *  ADC_backup - modified.
  87:Generated_Source\PSoC4/ADC_PM.c **** *
  88:Generated_Source\PSoC4/ADC_PM.c **** *******************************************************************************/
  89:Generated_Source\PSoC4/ADC_PM.c **** void ADC_Sleep(void)
  90:Generated_Source\PSoC4/ADC_PM.c **** {
  66              		.loc 1 90 0
  67              		.cfi_startproc
  68              		@ args = 0, pretend = 0, frame = 0
  69              		@ frame_needed = 0, uses_anonymous_args = 0
  70 0000 10B5     		push	{r4, lr}
  71              		.cfi_def_cfa_offset 8
  72              		.cfi_offset 4, -8
  73              		.cfi_offset 14, -4
  91:Generated_Source\PSoC4/ADC_PM.c ****     /* During deepsleep/ hibernate mode keep SARMUX active, i.e. do not open
  92:Generated_Source\PSoC4/ADC_PM.c ****     *   all switches (disconnect), to be used for ADFT
  93:Generated_Source\PSoC4/ADC_PM.c ****     */
  94:Generated_Source\PSoC4/ADC_PM.c ****     ADC_backup.dftRegVal = ADC_SAR_DFT_CTRL_REG & (uint32)~ADC_ADFT_OVERRIDE;
  74              		.loc 1 94 0
  75 0002 184A     		ldr	r2, .L8
  76 0004 1368     		ldr	r3, [r2]
  77 0006 5B00     		lsls	r3, r3, #1
ARM GAS  C:\Users\VIDEOH~1\AppData\Local\Temp\cc0NLCZ3.s 			page 4


  78 0008 5B08     		lsrs	r3, r3, #1
  79 000a 1749     		ldr	r1, .L8+4
  80 000c 4B60     		str	r3, [r1, #4]
  95:Generated_Source\PSoC4/ADC_PM.c ****     ADC_SAR_DFT_CTRL_REG |= ADC_ADFT_OVERRIDE;
  81              		.loc 1 95 0
  82 000e 1368     		ldr	r3, [r2]
  83 0010 8021     		movs	r1, #128
  84 0012 0906     		lsls	r1, r1, #24
  85 0014 0B43     		orrs	r3, r1
  86 0016 1360     		str	r3, [r2]
  96:Generated_Source\PSoC4/ADC_PM.c ****     if((ADC_SAR_CTRL_REG  & ADC_ENABLE) != 0u)
  87              		.loc 1 96 0
  88 0018 144B     		ldr	r3, .L8+8
  89 001a 1B68     		ldr	r3, [r3]
  90 001c 002B     		cmp	r3, #0
  91 001e 1DDA     		bge	.L4
  97:Generated_Source\PSoC4/ADC_PM.c ****     {
  98:Generated_Source\PSoC4/ADC_PM.c ****         if((ADC_SAR_SAMPLE_CTRL_REG & ADC_CONTINUOUS_EN) != 0u)
  92              		.loc 1 98 0
  93 0020 134B     		ldr	r3, .L8+12
  94 0022 1B68     		ldr	r3, [r3]
  95 0024 DB03     		lsls	r3, r3, #15
  96 0026 03D5     		bpl	.L5
  99:Generated_Source\PSoC4/ADC_PM.c ****         {
 100:Generated_Source\PSoC4/ADC_PM.c ****             ADC_backup.enableState = ADC_ENABLED | ADC_STARTED;
  97              		.loc 1 100 0
  98 0028 0322     		movs	r2, #3
  99 002a 0F4B     		ldr	r3, .L8+4
 100 002c 1A70     		strb	r2, [r3]
 101 002e 02E0     		b	.L6
 102              	.L5:
 101:Generated_Source\PSoC4/ADC_PM.c ****         }
 102:Generated_Source\PSoC4/ADC_PM.c ****         else
 103:Generated_Source\PSoC4/ADC_PM.c ****         {
 104:Generated_Source\PSoC4/ADC_PM.c ****             ADC_backup.enableState = ADC_ENABLED;
 103              		.loc 1 104 0
 104 0030 0122     		movs	r2, #1
 105 0032 0D4B     		ldr	r3, .L8+4
 106 0034 1A70     		strb	r2, [r3]
 107              	.L6:
 105:Generated_Source\PSoC4/ADC_PM.c ****         }
 106:Generated_Source\PSoC4/ADC_PM.c ****         ADC_StopConvert();
 108              		.loc 1 106 0
 109 0036 FFF7FEFF 		bl	ADC_StopConvert
 110              	.LVL0:
 107:Generated_Source\PSoC4/ADC_PM.c ****         ADC_Stop();
 111              		.loc 1 107 0
 112 003a FFF7FEFF 		bl	ADC_Stop
 113              	.LVL1:
 108:Generated_Source\PSoC4/ADC_PM.c ****         
 109:Generated_Source\PSoC4/ADC_PM.c ****         /* Disable the SAR internal pump before entering the chip low power mode */
 110:Generated_Source\PSoC4/ADC_PM.c ****         if((ADC_SAR_CTRL_REG & ADC_BOOSTPUMP_EN) != 0u)
 114              		.loc 1 110 0
 115 003e 0B4B     		ldr	r3, .L8+8
 116 0040 1B68     		ldr	r3, [r3]
 117 0042 DB02     		lsls	r3, r3, #11
 118 0044 0DD5     		bpl	.L3
ARM GAS  C:\Users\VIDEOH~1\AppData\Local\Temp\cc0NLCZ3.s 			page 5


 111:Generated_Source\PSoC4/ADC_PM.c ****         {
 112:Generated_Source\PSoC4/ADC_PM.c ****             ADC_SAR_CTRL_REG &= (uint32)~ADC_BOOSTPUMP_EN;
 119              		.loc 1 112 0
 120 0046 094A     		ldr	r2, .L8+8
 121 0048 1168     		ldr	r1, [r2]
 122 004a 0A4B     		ldr	r3, .L8+16
 123 004c 0B40     		ands	r3, r1
 124 004e 1360     		str	r3, [r2]
 113:Generated_Source\PSoC4/ADC_PM.c ****             ADC_backup.enableState |= ADC_BOOSTPUMP_ENABLED;
 125              		.loc 1 113 0
 126 0050 054A     		ldr	r2, .L8+4
 127 0052 1178     		ldrb	r1, [r2]
 128 0054 0423     		movs	r3, #4
 129 0056 0B43     		orrs	r3, r1
 130 0058 1370     		strb	r3, [r2]
 131 005a 02E0     		b	.L3
 132              	.L4:
 114:Generated_Source\PSoC4/ADC_PM.c ****         }
 115:Generated_Source\PSoC4/ADC_PM.c ****     }
 116:Generated_Source\PSoC4/ADC_PM.c ****     else
 117:Generated_Source\PSoC4/ADC_PM.c ****     {
 118:Generated_Source\PSoC4/ADC_PM.c ****         ADC_backup.enableState = ADC_DISABLED;
 133              		.loc 1 118 0
 134 005c 0022     		movs	r2, #0
 135 005e 024B     		ldr	r3, .L8+4
 136 0060 1A70     		strb	r2, [r3]
 137              	.L3:
 119:Generated_Source\PSoC4/ADC_PM.c ****     }
 120:Generated_Source\PSoC4/ADC_PM.c **** }
 138              		.loc 1 120 0
 139              		@ sp needed
 140 0062 10BD     		pop	{r4, pc}
 141              	.L9:
 142              		.align	2
 143              	.L8:
 144 0064 30001A40 		.word	1075445808
 145 0068 00000000 		.word	.LANCHOR0
 146 006c 00001A40 		.word	1075445760
 147 0070 04001A40 		.word	1075445764
 148 0074 FFFFEFFF 		.word	-1048577
 149              		.cfi_endproc
 150              	.LFE2:
 151              		.size	ADC_Sleep, .-ADC_Sleep
 152              		.section	.text.ADC_Wakeup,"ax",%progbits
 153              		.align	2
 154              		.global	ADC_Wakeup
 155              		.code	16
 156              		.thumb_func
 157              		.type	ADC_Wakeup, %function
 158              	ADC_Wakeup:
 159              	.LFB3:
 121:Generated_Source\PSoC4/ADC_PM.c **** 
 122:Generated_Source\PSoC4/ADC_PM.c **** 
 123:Generated_Source\PSoC4/ADC_PM.c **** /*******************************************************************************
 124:Generated_Source\PSoC4/ADC_PM.c **** * Function Name: ADC_Wakeup
 125:Generated_Source\PSoC4/ADC_PM.c **** ********************************************************************************
 126:Generated_Source\PSoC4/ADC_PM.c **** *
ARM GAS  C:\Users\VIDEOH~1\AppData\Local\Temp\cc0NLCZ3.s 			page 6


 127:Generated_Source\PSoC4/ADC_PM.c **** * Summary:
 128:Generated_Source\PSoC4/ADC_PM.c **** *  Restores the component enable state and configuration registers.
 129:Generated_Source\PSoC4/ADC_PM.c **** *  This should be called just after awaking from sleep mode.
 130:Generated_Source\PSoC4/ADC_PM.c **** *
 131:Generated_Source\PSoC4/ADC_PM.c **** * Parameters:
 132:Generated_Source\PSoC4/ADC_PM.c **** *  None.
 133:Generated_Source\PSoC4/ADC_PM.c **** *
 134:Generated_Source\PSoC4/ADC_PM.c **** * Return:
 135:Generated_Source\PSoC4/ADC_PM.c **** *  None.
 136:Generated_Source\PSoC4/ADC_PM.c **** *
 137:Generated_Source\PSoC4/ADC_PM.c **** * Global Variables:
 138:Generated_Source\PSoC4/ADC_PM.c **** *  ADC_backup - used.
 139:Generated_Source\PSoC4/ADC_PM.c **** *
 140:Generated_Source\PSoC4/ADC_PM.c **** *******************************************************************************/
 141:Generated_Source\PSoC4/ADC_PM.c **** void ADC_Wakeup(void)
 142:Generated_Source\PSoC4/ADC_PM.c **** {
 160              		.loc 1 142 0
 161              		.cfi_startproc
 162              		@ args = 0, pretend = 0, frame = 0
 163              		@ frame_needed = 0, uses_anonymous_args = 0
 164 0000 10B5     		push	{r4, lr}
 165              		.cfi_def_cfa_offset 8
 166              		.cfi_offset 4, -8
 167              		.cfi_offset 14, -4
 143:Generated_Source\PSoC4/ADC_PM.c ****     ADC_SAR_DFT_CTRL_REG = ADC_backup.dftRegVal;
 168              		.loc 1 143 0
 169 0002 0C4B     		ldr	r3, .L13
 170 0004 0C4A     		ldr	r2, .L13+4
 171 0006 5968     		ldr	r1, [r3, #4]
 172 0008 1160     		str	r1, [r2]
 144:Generated_Source\PSoC4/ADC_PM.c ****     if(ADC_backup.enableState != ADC_DISABLED)
 173              		.loc 1 144 0
 174 000a 1B78     		ldrb	r3, [r3]
 175 000c 002B     		cmp	r3, #0
 176 000e 0FD0     		beq	.L10
 145:Generated_Source\PSoC4/ADC_PM.c ****     {
 146:Generated_Source\PSoC4/ADC_PM.c ****         /* Enable the SAR internal pump  */
 147:Generated_Source\PSoC4/ADC_PM.c ****         if((ADC_backup.enableState & ADC_BOOSTPUMP_ENABLED) != 0u)
 177              		.loc 1 147 0
 178 0010 5B07     		lsls	r3, r3, #29
 179 0012 05D5     		bpl	.L12
 148:Generated_Source\PSoC4/ADC_PM.c ****         {
 149:Generated_Source\PSoC4/ADC_PM.c ****             ADC_SAR_CTRL_REG |= ADC_BOOSTPUMP_EN;
 180              		.loc 1 149 0
 181 0014 094A     		ldr	r2, .L13+8
 182 0016 1368     		ldr	r3, [r2]
 183 0018 8021     		movs	r1, #128
 184 001a 4903     		lsls	r1, r1, #13
 185 001c 0B43     		orrs	r3, r1
 186 001e 1360     		str	r3, [r2]
 187              	.L12:
 150:Generated_Source\PSoC4/ADC_PM.c ****         }
 151:Generated_Source\PSoC4/ADC_PM.c ****         ADC_Enable();
 188              		.loc 1 151 0
 189 0020 FFF7FEFF 		bl	ADC_Enable
 190              	.LVL2:
 152:Generated_Source\PSoC4/ADC_PM.c ****         if((ADC_backup.enableState & ADC_STARTED) != 0u)
ARM GAS  C:\Users\VIDEOH~1\AppData\Local\Temp\cc0NLCZ3.s 			page 7


 191              		.loc 1 152 0
 192 0024 034B     		ldr	r3, .L13
 193 0026 1B78     		ldrb	r3, [r3]
 194 0028 9B07     		lsls	r3, r3, #30
 195 002a 01D5     		bpl	.L10
 153:Generated_Source\PSoC4/ADC_PM.c ****         {
 154:Generated_Source\PSoC4/ADC_PM.c ****             ADC_StartConvert();
 196              		.loc 1 154 0
 197 002c FFF7FEFF 		bl	ADC_StartConvert
 198              	.LVL3:
 199              	.L10:
 155:Generated_Source\PSoC4/ADC_PM.c ****         }
 156:Generated_Source\PSoC4/ADC_PM.c ****     }
 157:Generated_Source\PSoC4/ADC_PM.c **** }
 200              		.loc 1 157 0
 201              		@ sp needed
 202 0030 10BD     		pop	{r4, pc}
 203              	.L14:
 204 0032 C046     		.align	2
 205              	.L13:
 206 0034 00000000 		.word	.LANCHOR0
 207 0038 30001A40 		.word	1075445808
 208 003c 00001A40 		.word	1075445760
 209              		.cfi_endproc
 210              	.LFE3:
 211              		.size	ADC_Wakeup, .-ADC_Wakeup
 212              		.bss
 213              		.align	2
 214              		.set	.LANCHOR0,. + 0
 215              		.type	ADC_backup, %object
 216              		.size	ADC_backup, 8
 217              	ADC_backup:
 218 0000 00000000 		.space	8
 218      00000000 
 219              		.text
 220              	.Letext0:
 221              		.file 2 "Generated_Source\\PSoC4\\cytypes.h"
 222              		.file 3 "Generated_Source\\PSoC4\\ADC.h"
 223              		.section	.debug_info,"",%progbits
 224              	.Ldebug_info0:
 225 0000 88010000 		.4byte	0x188
 226 0004 0400     		.2byte	0x4
 227 0006 00000000 		.4byte	.Ldebug_abbrev0
 228 000a 04       		.byte	0x4
 229 000b 01       		.uleb128 0x1
 230 000c 56000000 		.4byte	.LASF27
 231 0010 0C       		.byte	0xc
 232 0011 14000000 		.4byte	.LASF28
 233 0015 6C010000 		.4byte	.LASF29
 234 0019 00000000 		.4byte	.Ldebug_ranges0+0
 235 001d 00000000 		.4byte	0
 236 0021 00000000 		.4byte	.Ldebug_line0
 237 0025 02       		.uleb128 0x2
 238 0026 01       		.byte	0x1
 239 0027 06       		.byte	0x6
 240 0028 19020000 		.4byte	.LASF0
 241 002c 02       		.uleb128 0x2
ARM GAS  C:\Users\VIDEOH~1\AppData\Local\Temp\cc0NLCZ3.s 			page 8


 242 002d 01       		.byte	0x1
 243 002e 08       		.byte	0x8
 244 002f F5000000 		.4byte	.LASF1
 245 0033 02       		.uleb128 0x2
 246 0034 02       		.byte	0x2
 247 0035 05       		.byte	0x5
 248 0036 2C010000 		.4byte	.LASF2
 249 003a 02       		.uleb128 0x2
 250 003b 02       		.byte	0x2
 251 003c 07       		.byte	0x7
 252 003d 43000000 		.4byte	.LASF3
 253 0041 02       		.uleb128 0x2
 254 0042 04       		.byte	0x4
 255 0043 05       		.byte	0x5
 256 0044 04020000 		.4byte	.LASF4
 257 0048 02       		.uleb128 0x2
 258 0049 04       		.byte	0x4
 259 004a 07       		.byte	0x7
 260 004b 03010000 		.4byte	.LASF5
 261 004f 02       		.uleb128 0x2
 262 0050 08       		.byte	0x8
 263 0051 05       		.byte	0x5
 264 0052 00000000 		.4byte	.LASF6
 265 0056 02       		.uleb128 0x2
 266 0057 08       		.byte	0x8
 267 0058 07       		.byte	0x7
 268 0059 55010000 		.4byte	.LASF7
 269 005d 03       		.uleb128 0x3
 270 005e 04       		.byte	0x4
 271 005f 05       		.byte	0x5
 272 0060 696E7400 		.ascii	"int\000"
 273 0064 02       		.uleb128 0x2
 274 0065 04       		.byte	0x4
 275 0066 07       		.byte	0x7
 276 0067 3D010000 		.4byte	.LASF8
 277 006b 04       		.uleb128 0x4
 278 006c 15010000 		.4byte	.LASF9
 279 0070 02       		.byte	0x2
 280 0071 E401     		.2byte	0x1e4
 281 0073 2C000000 		.4byte	0x2c
 282 0077 04       		.uleb128 0x4
 283 0078 36010000 		.4byte	.LASF10
 284 007c 02       		.byte	0x2
 285 007d E601     		.2byte	0x1e6
 286 007f 48000000 		.4byte	0x48
 287 0083 02       		.uleb128 0x2
 288 0084 04       		.byte	0x4
 289 0085 04       		.byte	0x4
 290 0086 EF000000 		.4byte	.LASF11
 291 008a 02       		.uleb128 0x2
 292 008b 08       		.byte	0x8
 293 008c 04       		.byte	0x4
 294 008d 25010000 		.4byte	.LASF12
 295 0091 02       		.uleb128 0x2
 296 0092 01       		.byte	0x1
 297 0093 08       		.byte	0x8
 298 0094 DD010000 		.4byte	.LASF13
ARM GAS  C:\Users\VIDEOH~1\AppData\Local\Temp\cc0NLCZ3.s 			page 9


 299 0098 04       		.uleb128 0x4
 300 0099 0E000000 		.4byte	.LASF14
 301 009d 02       		.byte	0x2
 302 009e 9002     		.2byte	0x290
 303 00a0 A4000000 		.4byte	0xa4
 304 00a4 05       		.uleb128 0x5
 305 00a5 77000000 		.4byte	0x77
 306 00a9 02       		.uleb128 0x2
 307 00aa 04       		.byte	0x4
 308 00ab 07       		.byte	0x7
 309 00ac B1010000 		.4byte	.LASF15
 310 00b0 06       		.uleb128 0x6
 311 00b1 08       		.byte	0x8
 312 00b2 03       		.byte	0x3
 313 00b3 1E       		.byte	0x1e
 314 00b4 D1000000 		.4byte	0xd1
 315 00b8 07       		.uleb128 0x7
 316 00b9 0D020000 		.4byte	.LASF16
 317 00bd 03       		.byte	0x3
 318 00be 20       		.byte	0x20
 319 00bf 6B000000 		.4byte	0x6b
 320 00c3 00       		.byte	0
 321 00c4 07       		.uleb128 0x7
 322 00c5 A7010000 		.4byte	.LASF17
 323 00c9 03       		.byte	0x3
 324 00ca 21       		.byte	0x21
 325 00cb 77000000 		.4byte	0x77
 326 00cf 04       		.byte	0x4
 327 00d0 00       		.byte	0
 328 00d1 08       		.uleb128 0x8
 329 00d2 CB010000 		.4byte	.LASF18
 330 00d6 03       		.byte	0x3
 331 00d7 22       		.byte	0x22
 332 00d8 B0000000 		.4byte	0xb0
 333 00dc 09       		.uleb128 0x9
 334 00dd 34000000 		.4byte	.LASF19
 335 00e1 01       		.byte	0x1
 336 00e2 2D       		.byte	0x2d
 337 00e3 00000000 		.4byte	.LFB0
 338 00e7 02000000 		.4byte	.LFE0-.LFB0
 339 00eb 01       		.uleb128 0x1
 340 00ec 9C       		.byte	0x9c
 341 00ed 09       		.uleb128 0x9
 342 00ee E2010000 		.4byte	.LASF20
 343 00f2 01       		.byte	0x1
 344 00f3 41       		.byte	0x41
 345 00f4 00000000 		.4byte	.LFB1
 346 00f8 02000000 		.4byte	.LFE1-.LFB1
 347 00fc 01       		.uleb128 0x1
 348 00fd 9C       		.byte	0x9c
 349 00fe 0A       		.uleb128 0xa
 350 00ff 1B010000 		.4byte	.LASF21
 351 0103 01       		.byte	0x1
 352 0104 59       		.byte	0x59
 353 0105 00000000 		.4byte	.LFB2
 354 0109 78000000 		.4byte	.LFE2-.LFB2
 355 010d 01       		.uleb128 0x1
ARM GAS  C:\Users\VIDEOH~1\AppData\Local\Temp\cc0NLCZ3.s 			page 10


 356 010e 9C       		.byte	0x9c
 357 010f 26010000 		.4byte	0x126
 358 0113 0B       		.uleb128 0xb
 359 0114 3A000000 		.4byte	.LVL0
 360 0118 5F010000 		.4byte	0x15f
 361 011c 0B       		.uleb128 0xb
 362 011d 3E000000 		.4byte	.LVL1
 363 0121 6A010000 		.4byte	0x16a
 364 0125 00       		.byte	0
 365 0126 0A       		.uleb128 0xa
 366 0127 30020000 		.4byte	.LASF22
 367 012b 01       		.byte	0x1
 368 012c 8D       		.byte	0x8d
 369 012d 00000000 		.4byte	.LFB3
 370 0131 40000000 		.4byte	.LFE3-.LFB3
 371 0135 01       		.uleb128 0x1
 372 0136 9C       		.byte	0x9c
 373 0137 4E010000 		.4byte	0x14e
 374 013b 0B       		.uleb128 0xb
 375 013c 24000000 		.4byte	.LVL2
 376 0140 75010000 		.4byte	0x175
 377 0144 0B       		.uleb128 0xb
 378 0145 30000000 		.4byte	.LVL3
 379 0149 80010000 		.4byte	0x180
 380 014d 00       		.byte	0
 381 014e 0C       		.uleb128 0xc
 382 014f 25020000 		.4byte	.LASF30
 383 0153 01       		.byte	0x1
 384 0154 18       		.byte	0x18
 385 0155 D1000000 		.4byte	0xd1
 386 0159 05       		.uleb128 0x5
 387 015a 03       		.byte	0x3
 388 015b 00000000 		.4byte	ADC_backup
 389 015f 0D       		.uleb128 0xd
 390 0160 F4010000 		.4byte	.LASF23
 391 0164 F4010000 		.4byte	.LASF23
 392 0168 03       		.byte	0x3
 393 0169 9E       		.byte	0x9e
 394 016a 0D       		.uleb128 0xd
 395 016b 3B020000 		.4byte	.LASF24
 396 016f 3B020000 		.4byte	.LASF24
 397 0173 03       		.byte	0x3
 398 0174 9A       		.byte	0x9a
 399 0175 0D       		.uleb128 0xd
 400 0176 4A010000 		.4byte	.LASF25
 401 017a 4A010000 		.4byte	.LASF25
 402 017e 03       		.byte	0x3
 403 017f 9C       		.byte	0x9c
 404 0180 0D       		.uleb128 0xd
 405 0181 BA010000 		.4byte	.LASF26
 406 0185 BA010000 		.4byte	.LASF26
 407 0189 03       		.byte	0x3
 408 018a 9D       		.byte	0x9d
 409 018b 00       		.byte	0
 410              		.section	.debug_abbrev,"",%progbits
 411              	.Ldebug_abbrev0:
 412 0000 01       		.uleb128 0x1
ARM GAS  C:\Users\VIDEOH~1\AppData\Local\Temp\cc0NLCZ3.s 			page 11


 413 0001 11       		.uleb128 0x11
 414 0002 01       		.byte	0x1
 415 0003 25       		.uleb128 0x25
 416 0004 0E       		.uleb128 0xe
 417 0005 13       		.uleb128 0x13
 418 0006 0B       		.uleb128 0xb
 419 0007 03       		.uleb128 0x3
 420 0008 0E       		.uleb128 0xe
 421 0009 1B       		.uleb128 0x1b
 422 000a 0E       		.uleb128 0xe
 423 000b 55       		.uleb128 0x55
 424 000c 17       		.uleb128 0x17
 425 000d 11       		.uleb128 0x11
 426 000e 01       		.uleb128 0x1
 427 000f 10       		.uleb128 0x10
 428 0010 17       		.uleb128 0x17
 429 0011 00       		.byte	0
 430 0012 00       		.byte	0
 431 0013 02       		.uleb128 0x2
 432 0014 24       		.uleb128 0x24
 433 0015 00       		.byte	0
 434 0016 0B       		.uleb128 0xb
 435 0017 0B       		.uleb128 0xb
 436 0018 3E       		.uleb128 0x3e
 437 0019 0B       		.uleb128 0xb
 438 001a 03       		.uleb128 0x3
 439 001b 0E       		.uleb128 0xe
 440 001c 00       		.byte	0
 441 001d 00       		.byte	0
 442 001e 03       		.uleb128 0x3
 443 001f 24       		.uleb128 0x24
 444 0020 00       		.byte	0
 445 0021 0B       		.uleb128 0xb
 446 0022 0B       		.uleb128 0xb
 447 0023 3E       		.uleb128 0x3e
 448 0024 0B       		.uleb128 0xb
 449 0025 03       		.uleb128 0x3
 450 0026 08       		.uleb128 0x8
 451 0027 00       		.byte	0
 452 0028 00       		.byte	0
 453 0029 04       		.uleb128 0x4
 454 002a 16       		.uleb128 0x16
 455 002b 00       		.byte	0
 456 002c 03       		.uleb128 0x3
 457 002d 0E       		.uleb128 0xe
 458 002e 3A       		.uleb128 0x3a
 459 002f 0B       		.uleb128 0xb
 460 0030 3B       		.uleb128 0x3b
 461 0031 05       		.uleb128 0x5
 462 0032 49       		.uleb128 0x49
 463 0033 13       		.uleb128 0x13
 464 0034 00       		.byte	0
 465 0035 00       		.byte	0
 466 0036 05       		.uleb128 0x5
 467 0037 35       		.uleb128 0x35
 468 0038 00       		.byte	0
 469 0039 49       		.uleb128 0x49
ARM GAS  C:\Users\VIDEOH~1\AppData\Local\Temp\cc0NLCZ3.s 			page 12


 470 003a 13       		.uleb128 0x13
 471 003b 00       		.byte	0
 472 003c 00       		.byte	0
 473 003d 06       		.uleb128 0x6
 474 003e 13       		.uleb128 0x13
 475 003f 01       		.byte	0x1
 476 0040 0B       		.uleb128 0xb
 477 0041 0B       		.uleb128 0xb
 478 0042 3A       		.uleb128 0x3a
 479 0043 0B       		.uleb128 0xb
 480 0044 3B       		.uleb128 0x3b
 481 0045 0B       		.uleb128 0xb
 482 0046 01       		.uleb128 0x1
 483 0047 13       		.uleb128 0x13
 484 0048 00       		.byte	0
 485 0049 00       		.byte	0
 486 004a 07       		.uleb128 0x7
 487 004b 0D       		.uleb128 0xd
 488 004c 00       		.byte	0
 489 004d 03       		.uleb128 0x3
 490 004e 0E       		.uleb128 0xe
 491 004f 3A       		.uleb128 0x3a
 492 0050 0B       		.uleb128 0xb
 493 0051 3B       		.uleb128 0x3b
 494 0052 0B       		.uleb128 0xb
 495 0053 49       		.uleb128 0x49
 496 0054 13       		.uleb128 0x13
 497 0055 38       		.uleb128 0x38
 498 0056 0B       		.uleb128 0xb
 499 0057 00       		.byte	0
 500 0058 00       		.byte	0
 501 0059 08       		.uleb128 0x8
 502 005a 16       		.uleb128 0x16
 503 005b 00       		.byte	0
 504 005c 03       		.uleb128 0x3
 505 005d 0E       		.uleb128 0xe
 506 005e 3A       		.uleb128 0x3a
 507 005f 0B       		.uleb128 0xb
 508 0060 3B       		.uleb128 0x3b
 509 0061 0B       		.uleb128 0xb
 510 0062 49       		.uleb128 0x49
 511 0063 13       		.uleb128 0x13
 512 0064 00       		.byte	0
 513 0065 00       		.byte	0
 514 0066 09       		.uleb128 0x9
 515 0067 2E       		.uleb128 0x2e
 516 0068 00       		.byte	0
 517 0069 3F       		.uleb128 0x3f
 518 006a 19       		.uleb128 0x19
 519 006b 03       		.uleb128 0x3
 520 006c 0E       		.uleb128 0xe
 521 006d 3A       		.uleb128 0x3a
 522 006e 0B       		.uleb128 0xb
 523 006f 3B       		.uleb128 0x3b
 524 0070 0B       		.uleb128 0xb
 525 0071 27       		.uleb128 0x27
 526 0072 19       		.uleb128 0x19
ARM GAS  C:\Users\VIDEOH~1\AppData\Local\Temp\cc0NLCZ3.s 			page 13


 527 0073 11       		.uleb128 0x11
 528 0074 01       		.uleb128 0x1
 529 0075 12       		.uleb128 0x12
 530 0076 06       		.uleb128 0x6
 531 0077 40       		.uleb128 0x40
 532 0078 18       		.uleb128 0x18
 533 0079 9742     		.uleb128 0x2117
 534 007b 19       		.uleb128 0x19
 535 007c 00       		.byte	0
 536 007d 00       		.byte	0
 537 007e 0A       		.uleb128 0xa
 538 007f 2E       		.uleb128 0x2e
 539 0080 01       		.byte	0x1
 540 0081 3F       		.uleb128 0x3f
 541 0082 19       		.uleb128 0x19
 542 0083 03       		.uleb128 0x3
 543 0084 0E       		.uleb128 0xe
 544 0085 3A       		.uleb128 0x3a
 545 0086 0B       		.uleb128 0xb
 546 0087 3B       		.uleb128 0x3b
 547 0088 0B       		.uleb128 0xb
 548 0089 27       		.uleb128 0x27
 549 008a 19       		.uleb128 0x19
 550 008b 11       		.uleb128 0x11
 551 008c 01       		.uleb128 0x1
 552 008d 12       		.uleb128 0x12
 553 008e 06       		.uleb128 0x6
 554 008f 40       		.uleb128 0x40
 555 0090 18       		.uleb128 0x18
 556 0091 9742     		.uleb128 0x2117
 557 0093 19       		.uleb128 0x19
 558 0094 01       		.uleb128 0x1
 559 0095 13       		.uleb128 0x13
 560 0096 00       		.byte	0
 561 0097 00       		.byte	0
 562 0098 0B       		.uleb128 0xb
 563 0099 898201   		.uleb128 0x4109
 564 009c 00       		.byte	0
 565 009d 11       		.uleb128 0x11
 566 009e 01       		.uleb128 0x1
 567 009f 31       		.uleb128 0x31
 568 00a0 13       		.uleb128 0x13
 569 00a1 00       		.byte	0
 570 00a2 00       		.byte	0
 571 00a3 0C       		.uleb128 0xc
 572 00a4 34       		.uleb128 0x34
 573 00a5 00       		.byte	0
 574 00a6 03       		.uleb128 0x3
 575 00a7 0E       		.uleb128 0xe
 576 00a8 3A       		.uleb128 0x3a
 577 00a9 0B       		.uleb128 0xb
 578 00aa 3B       		.uleb128 0x3b
 579 00ab 0B       		.uleb128 0xb
 580 00ac 49       		.uleb128 0x49
 581 00ad 13       		.uleb128 0x13
 582 00ae 02       		.uleb128 0x2
 583 00af 18       		.uleb128 0x18
ARM GAS  C:\Users\VIDEOH~1\AppData\Local\Temp\cc0NLCZ3.s 			page 14


 584 00b0 00       		.byte	0
 585 00b1 00       		.byte	0
 586 00b2 0D       		.uleb128 0xd
 587 00b3 2E       		.uleb128 0x2e
 588 00b4 00       		.byte	0
 589 00b5 3F       		.uleb128 0x3f
 590 00b6 19       		.uleb128 0x19
 591 00b7 3C       		.uleb128 0x3c
 592 00b8 19       		.uleb128 0x19
 593 00b9 6E       		.uleb128 0x6e
 594 00ba 0E       		.uleb128 0xe
 595 00bb 03       		.uleb128 0x3
 596 00bc 0E       		.uleb128 0xe
 597 00bd 3A       		.uleb128 0x3a
 598 00be 0B       		.uleb128 0xb
 599 00bf 3B       		.uleb128 0x3b
 600 00c0 0B       		.uleb128 0xb
 601 00c1 00       		.byte	0
 602 00c2 00       		.byte	0
 603 00c3 00       		.byte	0
 604              		.section	.debug_aranges,"",%progbits
 605 0000 34000000 		.4byte	0x34
 606 0004 0200     		.2byte	0x2
 607 0006 00000000 		.4byte	.Ldebug_info0
 608 000a 04       		.byte	0x4
 609 000b 00       		.byte	0
 610 000c 0000     		.2byte	0
 611 000e 0000     		.2byte	0
 612 0010 00000000 		.4byte	.LFB0
 613 0014 02000000 		.4byte	.LFE0-.LFB0
 614 0018 00000000 		.4byte	.LFB1
 615 001c 02000000 		.4byte	.LFE1-.LFB1
 616 0020 00000000 		.4byte	.LFB2
 617 0024 78000000 		.4byte	.LFE2-.LFB2
 618 0028 00000000 		.4byte	.LFB3
 619 002c 40000000 		.4byte	.LFE3-.LFB3
 620 0030 00000000 		.4byte	0
 621 0034 00000000 		.4byte	0
 622              		.section	.debug_ranges,"",%progbits
 623              	.Ldebug_ranges0:
 624 0000 00000000 		.4byte	.LFB0
 625 0004 02000000 		.4byte	.LFE0
 626 0008 00000000 		.4byte	.LFB1
 627 000c 02000000 		.4byte	.LFE1
 628 0010 00000000 		.4byte	.LFB2
 629 0014 78000000 		.4byte	.LFE2
 630 0018 00000000 		.4byte	.LFB3
 631 001c 40000000 		.4byte	.LFE3
 632 0020 00000000 		.4byte	0
 633 0024 00000000 		.4byte	0
 634              		.section	.debug_line,"",%progbits
 635              	.Ldebug_line0:
 636 0000 A8000000 		.section	.debug_str,"MS",%progbits,1
 636      02004C00 
 636      00000201 
 636      FB0E0D00 
 636      01010101 
ARM GAS  C:\Users\VIDEOH~1\AppData\Local\Temp\cc0NLCZ3.s 			page 15


 637              	.LASF6:
 638 0000 6C6F6E67 		.ascii	"long long int\000"
 638      206C6F6E 
 638      6720696E 
 638      7400
 639              	.LASF14:
 640 000e 72656733 		.ascii	"reg32\000"
 640      3200
 641              	.LASF28:
 642 0014 47656E65 		.ascii	"Generated_Source\\PSoC4\\ADC_PM.c\000"
 642      72617465 
 642      645F536F 
 642      75726365 
 642      5C50536F 
 643              	.LASF19:
 644 0034 4144435F 		.ascii	"ADC_SaveConfig\000"
 644      53617665 
 644      436F6E66 
 644      696700
 645              	.LASF3:
 646 0043 73686F72 		.ascii	"short unsigned int\000"
 646      7420756E 
 646      7369676E 
 646      65642069 
 646      6E7400
 647              	.LASF27:
 648 0056 474E5520 		.ascii	"GNU C99 5.4.1 20160609 (release) [ARM/embedded-5-br"
 648      43393920 
 648      352E342E 
 648      31203230 
 648      31363036 
 649 0089 616E6368 		.ascii	"anch revision 237715] -mcpu=cortex-m0 -mthumb -g -O"
 649      20726576 
 649      6973696F 
 649      6E203233 
 649      37373135 
 650 00bc 67202D73 		.ascii	"g -std=gnu99 -ffunction-sections -ffat-lto-objects\000"
 650      74643D67 
 650      6E753939 
 650      202D6666 
 650      756E6374 
 651              	.LASF11:
 652 00ef 666C6F61 		.ascii	"float\000"
 652      7400
 653              	.LASF1:
 654 00f5 756E7369 		.ascii	"unsigned char\000"
 654      676E6564 
 654      20636861 
 654      7200
 655              	.LASF5:
 656 0103 6C6F6E67 		.ascii	"long unsigned int\000"
 656      20756E73 
 656      69676E65 
 656      6420696E 
 656      7400
 657              	.LASF9:
 658 0115 75696E74 		.ascii	"uint8\000"
ARM GAS  C:\Users\VIDEOH~1\AppData\Local\Temp\cc0NLCZ3.s 			page 16


 658      3800
 659              	.LASF21:
 660 011b 4144435F 		.ascii	"ADC_Sleep\000"
 660      536C6565 
 660      7000
 661              	.LASF12:
 662 0125 646F7562 		.ascii	"double\000"
 662      6C6500
 663              	.LASF2:
 664 012c 73686F72 		.ascii	"short int\000"
 664      7420696E 
 664      7400
 665              	.LASF10:
 666 0136 75696E74 		.ascii	"uint32\000"
 666      333200
 667              	.LASF8:
 668 013d 756E7369 		.ascii	"unsigned int\000"
 668      676E6564 
 668      20696E74 
 668      00
 669              	.LASF25:
 670 014a 4144435F 		.ascii	"ADC_Enable\000"
 670      456E6162 
 670      6C6500
 671              	.LASF7:
 672 0155 6C6F6E67 		.ascii	"long long unsigned int\000"
 672      206C6F6E 
 672      6720756E 
 672      7369676E 
 672      65642069 
 673              	.LASF29:
 674 016c 443A5C31 		.ascii	"D:\\1_work\\my_project\\ReloadPro\\psoc42boot\\Relo"
 674      5F776F72 
 674      6B5C6D79 
 674      5F70726F 
 674      6A656374 
 675 019a 61642050 		.ascii	"ad Pro.cydsn\000"
 675      726F2E63 
 675      7964736E 
 675      00
 676              	.LASF17:
 677 01a7 64667452 		.ascii	"dftRegVal\000"
 677      65675661 
 677      6C00
 678              	.LASF15:
 679 01b1 73697A65 		.ascii	"sizetype\000"
 679      74797065 
 679      00
 680              	.LASF26:
 681 01ba 4144435F 		.ascii	"ADC_StartConvert\000"
 681      53746172 
 681      74436F6E 
 681      76657274 
 681      00
 682              	.LASF18:
 683 01cb 4144435F 		.ascii	"ADC_BACKUP_STRUCT\000"
 683      4241434B 
ARM GAS  C:\Users\VIDEOH~1\AppData\Local\Temp\cc0NLCZ3.s 			page 17


 683      55505F53 
 683      54525543 
 683      5400
 684              	.LASF13:
 685 01dd 63686172 		.ascii	"char\000"
 685      00
 686              	.LASF20:
 687 01e2 4144435F 		.ascii	"ADC_RestoreConfig\000"
 687      52657374 
 687      6F726543 
 687      6F6E6669 
 687      6700
 688              	.LASF23:
 689 01f4 4144435F 		.ascii	"ADC_StopConvert\000"
 689      53746F70 
 689      436F6E76 
 689      65727400 
 690              	.LASF4:
 691 0204 6C6F6E67 		.ascii	"long int\000"
 691      20696E74 
 691      00
 692              	.LASF16:
 693 020d 656E6162 		.ascii	"enableState\000"
 693      6C655374 
 693      61746500 
 694              	.LASF0:
 695 0219 7369676E 		.ascii	"signed char\000"
 695      65642063 
 695      68617200 
 696              	.LASF30:
 697 0225 4144435F 		.ascii	"ADC_backup\000"
 697      6261636B 
 697      757000
 698              	.LASF22:
 699 0230 4144435F 		.ascii	"ADC_Wakeup\000"
 699      57616B65 
 699      757000
 700              	.LASF24:
 701 023b 4144435F 		.ascii	"ADC_Stop\000"
 701      53746F70 
 701      00
 702              		.ident	"GCC: (GNU Tools for ARM Embedded Processors) 5.4.1 20160609 (release) [ARM/embedded-5-bran
