ARM GAS  C:\Users\VIDEOH~1\AppData\Local\Temp\cc4mrBAl.s 			page 1


   1              		.syntax unified
   2              		.cpu cortex-m0
   3              		.fpu softvfp
   4              		.eabi_attribute 20, 1
   5              		.eabi_attribute 21, 1
   6              		.eabi_attribute 23, 3
   7              		.eabi_attribute 24, 1
   8              		.eabi_attribute 25, 1
   9              		.eabi_attribute 26, 1
  10              		.eabi_attribute 30, 1
  11              		.eabi_attribute 34, 0
  12              		.eabi_attribute 18, 4
  13              		.thumb
  14              		.syntax unified
  15              		.file	"ADC_IRQ.c"
  16              		.text
  17              	.Ltext0:
  18              		.cfi_sections	.debug_frame
  19              		.section	.text.ADC_IRQ_Interrupt,"ax",%progbits
  20              		.align	2
  21              		.global	ADC_IRQ_Interrupt
  22              		.code	16
  23              		.thumb_func
  24              		.type	ADC_IRQ_Interrupt, %function
  25              	ADC_IRQ_Interrupt:
  26              	.LFB3:
  27              		.file 1 "Generated_Source\\PSoC4\\ADC_IRQ.c"
   1:Generated_Source\PSoC4/ADC_IRQ.c **** /*******************************************************************************
   2:Generated_Source\PSoC4/ADC_IRQ.c **** * File Name: ADC_IRQ.c  
   3:Generated_Source\PSoC4/ADC_IRQ.c **** * Version 1.70
   4:Generated_Source\PSoC4/ADC_IRQ.c **** *
   5:Generated_Source\PSoC4/ADC_IRQ.c **** *  Description:
   6:Generated_Source\PSoC4/ADC_IRQ.c **** *   API for controlling the state of an interrupt.
   7:Generated_Source\PSoC4/ADC_IRQ.c **** *
   8:Generated_Source\PSoC4/ADC_IRQ.c **** *
   9:Generated_Source\PSoC4/ADC_IRQ.c **** *  Note:
  10:Generated_Source\PSoC4/ADC_IRQ.c **** *
  11:Generated_Source\PSoC4/ADC_IRQ.c **** ********************************************************************************
  12:Generated_Source\PSoC4/ADC_IRQ.c **** * Copyright 2008-2015, Cypress Semiconductor Corporation.  All rights reserved.
  13:Generated_Source\PSoC4/ADC_IRQ.c **** * You may use this file only in accordance with the license, terms, conditions, 
  14:Generated_Source\PSoC4/ADC_IRQ.c **** * disclaimers, and limitations in the end user license agreement accompanying 
  15:Generated_Source\PSoC4/ADC_IRQ.c **** * the software package with which this file was provided.
  16:Generated_Source\PSoC4/ADC_IRQ.c **** *******************************************************************************/
  17:Generated_Source\PSoC4/ADC_IRQ.c **** 
  18:Generated_Source\PSoC4/ADC_IRQ.c **** 
  19:Generated_Source\PSoC4/ADC_IRQ.c **** #include <cydevice_trm.h>
  20:Generated_Source\PSoC4/ADC_IRQ.c **** #include <CyLib.h>
  21:Generated_Source\PSoC4/ADC_IRQ.c **** #include <ADC_IRQ.h>
  22:Generated_Source\PSoC4/ADC_IRQ.c **** 
  23:Generated_Source\PSoC4/ADC_IRQ.c **** 
  24:Generated_Source\PSoC4/ADC_IRQ.c **** #if !defined(ADC_IRQ__REMOVED) /* Check for removal by optimization */
  25:Generated_Source\PSoC4/ADC_IRQ.c **** 
  26:Generated_Source\PSoC4/ADC_IRQ.c **** /*******************************************************************************
  27:Generated_Source\PSoC4/ADC_IRQ.c **** *  Place your includes, defines and code here 
  28:Generated_Source\PSoC4/ADC_IRQ.c **** ********************************************************************************/
  29:Generated_Source\PSoC4/ADC_IRQ.c **** /* `#START ADC_IRQ_intc` */
  30:Generated_Source\PSoC4/ADC_IRQ.c **** 
ARM GAS  C:\Users\VIDEOH~1\AppData\Local\Temp\cc4mrBAl.s 			page 2


  31:Generated_Source\PSoC4/ADC_IRQ.c **** /* `#END` */
  32:Generated_Source\PSoC4/ADC_IRQ.c **** 
  33:Generated_Source\PSoC4/ADC_IRQ.c **** extern cyisraddress CyRamVectors[CYINT_IRQ_BASE + CY_NUM_INTERRUPTS];
  34:Generated_Source\PSoC4/ADC_IRQ.c **** 
  35:Generated_Source\PSoC4/ADC_IRQ.c **** /* Declared in startup, used to set unused interrupts to. */
  36:Generated_Source\PSoC4/ADC_IRQ.c **** CY_ISR_PROTO(IntDefaultHandler);
  37:Generated_Source\PSoC4/ADC_IRQ.c **** 
  38:Generated_Source\PSoC4/ADC_IRQ.c **** 
  39:Generated_Source\PSoC4/ADC_IRQ.c **** /*******************************************************************************
  40:Generated_Source\PSoC4/ADC_IRQ.c **** * Function Name: ADC_IRQ_Start
  41:Generated_Source\PSoC4/ADC_IRQ.c **** ********************************************************************************
  42:Generated_Source\PSoC4/ADC_IRQ.c **** *
  43:Generated_Source\PSoC4/ADC_IRQ.c **** * Summary:
  44:Generated_Source\PSoC4/ADC_IRQ.c **** *  Set up the interrupt and enable it. This function disables the interrupt, 
  45:Generated_Source\PSoC4/ADC_IRQ.c **** *  sets the default interrupt vector, sets the priority from the value in the
  46:Generated_Source\PSoC4/ADC_IRQ.c **** *  Design Wide Resources Interrupt Editor, then enables the interrupt to the 
  47:Generated_Source\PSoC4/ADC_IRQ.c **** *  interrupt controller.
  48:Generated_Source\PSoC4/ADC_IRQ.c **** *
  49:Generated_Source\PSoC4/ADC_IRQ.c **** * Parameters:  
  50:Generated_Source\PSoC4/ADC_IRQ.c **** *   None
  51:Generated_Source\PSoC4/ADC_IRQ.c **** *
  52:Generated_Source\PSoC4/ADC_IRQ.c **** * Return:
  53:Generated_Source\PSoC4/ADC_IRQ.c **** *   None
  54:Generated_Source\PSoC4/ADC_IRQ.c **** *
  55:Generated_Source\PSoC4/ADC_IRQ.c **** *******************************************************************************/
  56:Generated_Source\PSoC4/ADC_IRQ.c **** void ADC_IRQ_Start(void)
  57:Generated_Source\PSoC4/ADC_IRQ.c **** {
  58:Generated_Source\PSoC4/ADC_IRQ.c ****     /* For all we know the interrupt is active. */
  59:Generated_Source\PSoC4/ADC_IRQ.c ****     ADC_IRQ_Disable();
  60:Generated_Source\PSoC4/ADC_IRQ.c **** 
  61:Generated_Source\PSoC4/ADC_IRQ.c ****     /* Set the ISR to point to the ADC_IRQ Interrupt. */
  62:Generated_Source\PSoC4/ADC_IRQ.c ****     ADC_IRQ_SetVector(&ADC_IRQ_Interrupt);
  63:Generated_Source\PSoC4/ADC_IRQ.c **** 
  64:Generated_Source\PSoC4/ADC_IRQ.c ****     /* Set the priority. */
  65:Generated_Source\PSoC4/ADC_IRQ.c ****     ADC_IRQ_SetPriority((uint8)ADC_IRQ_INTC_PRIOR_NUMBER);
  66:Generated_Source\PSoC4/ADC_IRQ.c **** 
  67:Generated_Source\PSoC4/ADC_IRQ.c ****     /* Enable it. */
  68:Generated_Source\PSoC4/ADC_IRQ.c ****     ADC_IRQ_Enable();
  69:Generated_Source\PSoC4/ADC_IRQ.c **** }
  70:Generated_Source\PSoC4/ADC_IRQ.c **** 
  71:Generated_Source\PSoC4/ADC_IRQ.c **** 
  72:Generated_Source\PSoC4/ADC_IRQ.c **** /*******************************************************************************
  73:Generated_Source\PSoC4/ADC_IRQ.c **** * Function Name: ADC_IRQ_StartEx
  74:Generated_Source\PSoC4/ADC_IRQ.c **** ********************************************************************************
  75:Generated_Source\PSoC4/ADC_IRQ.c **** *
  76:Generated_Source\PSoC4/ADC_IRQ.c **** * Summary:
  77:Generated_Source\PSoC4/ADC_IRQ.c **** *  Sets up the interrupt and enables it. This function disables the interrupt,
  78:Generated_Source\PSoC4/ADC_IRQ.c **** *  sets the interrupt vector based on the address passed in, sets the priority 
  79:Generated_Source\PSoC4/ADC_IRQ.c **** *  from the value in the Design Wide Resources Interrupt Editor, then enables 
  80:Generated_Source\PSoC4/ADC_IRQ.c **** *  the interrupt to the interrupt controller.
  81:Generated_Source\PSoC4/ADC_IRQ.c **** *  
  82:Generated_Source\PSoC4/ADC_IRQ.c **** *  When defining ISR functions, the CY_ISR and CY_ISR_PROTO macros should be 
  83:Generated_Source\PSoC4/ADC_IRQ.c **** *  used to provide consistent definition across compilers:
  84:Generated_Source\PSoC4/ADC_IRQ.c **** *  
  85:Generated_Source\PSoC4/ADC_IRQ.c **** *  Function definition example:
  86:Generated_Source\PSoC4/ADC_IRQ.c **** *   CY_ISR(MyISR)
  87:Generated_Source\PSoC4/ADC_IRQ.c **** *   {
ARM GAS  C:\Users\VIDEOH~1\AppData\Local\Temp\cc4mrBAl.s 			page 3


  88:Generated_Source\PSoC4/ADC_IRQ.c **** *   }
  89:Generated_Source\PSoC4/ADC_IRQ.c **** *   Function prototype example:
  90:Generated_Source\PSoC4/ADC_IRQ.c **** *   CY_ISR_PROTO(MyISR);
  91:Generated_Source\PSoC4/ADC_IRQ.c **** *
  92:Generated_Source\PSoC4/ADC_IRQ.c **** * Parameters:  
  93:Generated_Source\PSoC4/ADC_IRQ.c **** *   address: Address of the ISR to set in the interrupt vector table.
  94:Generated_Source\PSoC4/ADC_IRQ.c **** *
  95:Generated_Source\PSoC4/ADC_IRQ.c **** * Return:
  96:Generated_Source\PSoC4/ADC_IRQ.c **** *   None
  97:Generated_Source\PSoC4/ADC_IRQ.c **** *
  98:Generated_Source\PSoC4/ADC_IRQ.c **** *******************************************************************************/
  99:Generated_Source\PSoC4/ADC_IRQ.c **** void ADC_IRQ_StartEx(cyisraddress address)
 100:Generated_Source\PSoC4/ADC_IRQ.c **** {
 101:Generated_Source\PSoC4/ADC_IRQ.c ****     /* For all we know the interrupt is active. */
 102:Generated_Source\PSoC4/ADC_IRQ.c ****     ADC_IRQ_Disable();
 103:Generated_Source\PSoC4/ADC_IRQ.c **** 
 104:Generated_Source\PSoC4/ADC_IRQ.c ****     /* Set the ISR to point to the ADC_IRQ Interrupt. */
 105:Generated_Source\PSoC4/ADC_IRQ.c ****     ADC_IRQ_SetVector(address);
 106:Generated_Source\PSoC4/ADC_IRQ.c **** 
 107:Generated_Source\PSoC4/ADC_IRQ.c ****     /* Set the priority. */
 108:Generated_Source\PSoC4/ADC_IRQ.c ****     ADC_IRQ_SetPriority((uint8)ADC_IRQ_INTC_PRIOR_NUMBER);
 109:Generated_Source\PSoC4/ADC_IRQ.c **** 
 110:Generated_Source\PSoC4/ADC_IRQ.c ****     /* Enable it. */
 111:Generated_Source\PSoC4/ADC_IRQ.c ****     ADC_IRQ_Enable();
 112:Generated_Source\PSoC4/ADC_IRQ.c **** }
 113:Generated_Source\PSoC4/ADC_IRQ.c **** 
 114:Generated_Source\PSoC4/ADC_IRQ.c **** 
 115:Generated_Source\PSoC4/ADC_IRQ.c **** /*******************************************************************************
 116:Generated_Source\PSoC4/ADC_IRQ.c **** * Function Name: ADC_IRQ_Stop
 117:Generated_Source\PSoC4/ADC_IRQ.c **** ********************************************************************************
 118:Generated_Source\PSoC4/ADC_IRQ.c **** *
 119:Generated_Source\PSoC4/ADC_IRQ.c **** * Summary:
 120:Generated_Source\PSoC4/ADC_IRQ.c **** *   Disables and removes the interrupt.
 121:Generated_Source\PSoC4/ADC_IRQ.c **** *
 122:Generated_Source\PSoC4/ADC_IRQ.c **** * Parameters:  
 123:Generated_Source\PSoC4/ADC_IRQ.c **** *   None
 124:Generated_Source\PSoC4/ADC_IRQ.c **** *
 125:Generated_Source\PSoC4/ADC_IRQ.c **** * Return:
 126:Generated_Source\PSoC4/ADC_IRQ.c **** *   None
 127:Generated_Source\PSoC4/ADC_IRQ.c **** *
 128:Generated_Source\PSoC4/ADC_IRQ.c **** *******************************************************************************/
 129:Generated_Source\PSoC4/ADC_IRQ.c **** void ADC_IRQ_Stop(void)
 130:Generated_Source\PSoC4/ADC_IRQ.c **** {
 131:Generated_Source\PSoC4/ADC_IRQ.c ****     /* Disable this interrupt. */
 132:Generated_Source\PSoC4/ADC_IRQ.c ****     ADC_IRQ_Disable();
 133:Generated_Source\PSoC4/ADC_IRQ.c **** 
 134:Generated_Source\PSoC4/ADC_IRQ.c ****     /* Set the ISR to point to the passive one. */
 135:Generated_Source\PSoC4/ADC_IRQ.c ****     ADC_IRQ_SetVector(&IntDefaultHandler);
 136:Generated_Source\PSoC4/ADC_IRQ.c **** }
 137:Generated_Source\PSoC4/ADC_IRQ.c **** 
 138:Generated_Source\PSoC4/ADC_IRQ.c **** 
 139:Generated_Source\PSoC4/ADC_IRQ.c **** /*******************************************************************************
 140:Generated_Source\PSoC4/ADC_IRQ.c **** * Function Name: ADC_IRQ_Interrupt
 141:Generated_Source\PSoC4/ADC_IRQ.c **** ********************************************************************************
 142:Generated_Source\PSoC4/ADC_IRQ.c **** *
 143:Generated_Source\PSoC4/ADC_IRQ.c **** * Summary:
 144:Generated_Source\PSoC4/ADC_IRQ.c **** *   The default Interrupt Service Routine for ADC_IRQ.
ARM GAS  C:\Users\VIDEOH~1\AppData\Local\Temp\cc4mrBAl.s 			page 4


 145:Generated_Source\PSoC4/ADC_IRQ.c **** *
 146:Generated_Source\PSoC4/ADC_IRQ.c **** *   Add custom code between the START and END comments to keep the next version
 147:Generated_Source\PSoC4/ADC_IRQ.c **** *   of this file from over-writing your code.
 148:Generated_Source\PSoC4/ADC_IRQ.c **** *
 149:Generated_Source\PSoC4/ADC_IRQ.c **** *   Note You may use either the default ISR by using this API, or you may define
 150:Generated_Source\PSoC4/ADC_IRQ.c **** *   your own separate ISR through ISR_StartEx().
 151:Generated_Source\PSoC4/ADC_IRQ.c **** *
 152:Generated_Source\PSoC4/ADC_IRQ.c **** * Parameters:  
 153:Generated_Source\PSoC4/ADC_IRQ.c **** *   None
 154:Generated_Source\PSoC4/ADC_IRQ.c **** *
 155:Generated_Source\PSoC4/ADC_IRQ.c **** * Return:
 156:Generated_Source\PSoC4/ADC_IRQ.c **** *   None
 157:Generated_Source\PSoC4/ADC_IRQ.c **** *
 158:Generated_Source\PSoC4/ADC_IRQ.c **** *******************************************************************************/
 159:Generated_Source\PSoC4/ADC_IRQ.c **** CY_ISR(ADC_IRQ_Interrupt)
 160:Generated_Source\PSoC4/ADC_IRQ.c **** {
  28              		.loc 1 160 0
  29              		.cfi_startproc
  30              		@ args = 0, pretend = 0, frame = 0
  31              		@ frame_needed = 0, uses_anonymous_args = 0
  32              		@ link register save eliminated.
 161:Generated_Source\PSoC4/ADC_IRQ.c ****     #ifdef ADC_IRQ_INTERRUPT_INTERRUPT_CALLBACK
 162:Generated_Source\PSoC4/ADC_IRQ.c ****         ADC_IRQ_Interrupt_InterruptCallback();
 163:Generated_Source\PSoC4/ADC_IRQ.c ****     #endif /* ADC_IRQ_INTERRUPT_INTERRUPT_CALLBACK */ 
 164:Generated_Source\PSoC4/ADC_IRQ.c **** 
 165:Generated_Source\PSoC4/ADC_IRQ.c ****     /*  Place your Interrupt code here. */
 166:Generated_Source\PSoC4/ADC_IRQ.c ****     /* `#START ADC_IRQ_Interrupt` */
 167:Generated_Source\PSoC4/ADC_IRQ.c **** 
 168:Generated_Source\PSoC4/ADC_IRQ.c ****     /* `#END` */
 169:Generated_Source\PSoC4/ADC_IRQ.c **** }
  33              		.loc 1 169 0
  34              		@ sp needed
  35 0000 7047     		bx	lr
  36              		.cfi_endproc
  37              	.LFE3:
  38              		.size	ADC_IRQ_Interrupt, .-ADC_IRQ_Interrupt
  39 0002 C046     		.section	.text.ADC_IRQ_SetVector,"ax",%progbits
  40              		.align	2
  41              		.global	ADC_IRQ_SetVector
  42              		.code	16
  43              		.thumb_func
  44              		.type	ADC_IRQ_SetVector, %function
  45              	ADC_IRQ_SetVector:
  46              	.LFB4:
 170:Generated_Source\PSoC4/ADC_IRQ.c **** 
 171:Generated_Source\PSoC4/ADC_IRQ.c **** 
 172:Generated_Source\PSoC4/ADC_IRQ.c **** /*******************************************************************************
 173:Generated_Source\PSoC4/ADC_IRQ.c **** * Function Name: ADC_IRQ_SetVector
 174:Generated_Source\PSoC4/ADC_IRQ.c **** ********************************************************************************
 175:Generated_Source\PSoC4/ADC_IRQ.c **** *
 176:Generated_Source\PSoC4/ADC_IRQ.c **** * Summary:
 177:Generated_Source\PSoC4/ADC_IRQ.c **** *   Change the ISR vector for the Interrupt. Note calling ADC_IRQ_Start
 178:Generated_Source\PSoC4/ADC_IRQ.c **** *   will override any effect this method would have had. To set the vector 
 179:Generated_Source\PSoC4/ADC_IRQ.c **** *   before the component has been started use ADC_IRQ_StartEx instead.
 180:Generated_Source\PSoC4/ADC_IRQ.c **** * 
 181:Generated_Source\PSoC4/ADC_IRQ.c **** *   When defining ISR functions, the CY_ISR and CY_ISR_PROTO macros should be 
 182:Generated_Source\PSoC4/ADC_IRQ.c **** *   used to provide consistent definition across compilers:
ARM GAS  C:\Users\VIDEOH~1\AppData\Local\Temp\cc4mrBAl.s 			page 5


 183:Generated_Source\PSoC4/ADC_IRQ.c **** *
 184:Generated_Source\PSoC4/ADC_IRQ.c **** *   Function definition example:
 185:Generated_Source\PSoC4/ADC_IRQ.c **** *   CY_ISR(MyISR)
 186:Generated_Source\PSoC4/ADC_IRQ.c **** *   {
 187:Generated_Source\PSoC4/ADC_IRQ.c **** *   }
 188:Generated_Source\PSoC4/ADC_IRQ.c **** *
 189:Generated_Source\PSoC4/ADC_IRQ.c **** *   Function prototype example:
 190:Generated_Source\PSoC4/ADC_IRQ.c **** *     CY_ISR_PROTO(MyISR);
 191:Generated_Source\PSoC4/ADC_IRQ.c **** *
 192:Generated_Source\PSoC4/ADC_IRQ.c **** * Parameters:
 193:Generated_Source\PSoC4/ADC_IRQ.c **** *   address: Address of the ISR to set in the interrupt vector table.
 194:Generated_Source\PSoC4/ADC_IRQ.c **** *
 195:Generated_Source\PSoC4/ADC_IRQ.c **** * Return:
 196:Generated_Source\PSoC4/ADC_IRQ.c **** *   None
 197:Generated_Source\PSoC4/ADC_IRQ.c **** *
 198:Generated_Source\PSoC4/ADC_IRQ.c **** *******************************************************************************/
 199:Generated_Source\PSoC4/ADC_IRQ.c **** void ADC_IRQ_SetVector(cyisraddress address)
 200:Generated_Source\PSoC4/ADC_IRQ.c **** {
  47              		.loc 1 200 0
  48              		.cfi_startproc
  49              		@ args = 0, pretend = 0, frame = 0
  50              		@ frame_needed = 0, uses_anonymous_args = 0
  51              		@ link register save eliminated.
  52              	.LVL0:
 201:Generated_Source\PSoC4/ADC_IRQ.c ****     CyRamVectors[CYINT_IRQ_BASE + ADC_IRQ__INTC_NUMBER] = address;
  53              		.loc 1 201 0
  54 0000 014B     		ldr	r3, .L3
  55 0002 9867     		str	r0, [r3, #120]
 202:Generated_Source\PSoC4/ADC_IRQ.c **** }
  56              		.loc 1 202 0
  57              		@ sp needed
  58 0004 7047     		bx	lr
  59              	.L4:
  60 0006 C046     		.align	2
  61              	.L3:
  62 0008 00000000 		.word	CyRamVectors
  63              		.cfi_endproc
  64              	.LFE4:
  65              		.size	ADC_IRQ_SetVector, .-ADC_IRQ_SetVector
  66              		.section	.text.ADC_IRQ_GetVector,"ax",%progbits
  67              		.align	2
  68              		.global	ADC_IRQ_GetVector
  69              		.code	16
  70              		.thumb_func
  71              		.type	ADC_IRQ_GetVector, %function
  72              	ADC_IRQ_GetVector:
  73              	.LFB5:
 203:Generated_Source\PSoC4/ADC_IRQ.c **** 
 204:Generated_Source\PSoC4/ADC_IRQ.c **** 
 205:Generated_Source\PSoC4/ADC_IRQ.c **** /*******************************************************************************
 206:Generated_Source\PSoC4/ADC_IRQ.c **** * Function Name: ADC_IRQ_GetVector
 207:Generated_Source\PSoC4/ADC_IRQ.c **** ********************************************************************************
 208:Generated_Source\PSoC4/ADC_IRQ.c **** *
 209:Generated_Source\PSoC4/ADC_IRQ.c **** * Summary:
 210:Generated_Source\PSoC4/ADC_IRQ.c **** *   Gets the "address" of the current ISR vector for the Interrupt.
 211:Generated_Source\PSoC4/ADC_IRQ.c **** *
 212:Generated_Source\PSoC4/ADC_IRQ.c **** * Parameters:
ARM GAS  C:\Users\VIDEOH~1\AppData\Local\Temp\cc4mrBAl.s 			page 6


 213:Generated_Source\PSoC4/ADC_IRQ.c **** *   None
 214:Generated_Source\PSoC4/ADC_IRQ.c **** *
 215:Generated_Source\PSoC4/ADC_IRQ.c **** * Return:
 216:Generated_Source\PSoC4/ADC_IRQ.c **** *   Address of the ISR in the interrupt vector table.
 217:Generated_Source\PSoC4/ADC_IRQ.c **** *
 218:Generated_Source\PSoC4/ADC_IRQ.c **** *******************************************************************************/
 219:Generated_Source\PSoC4/ADC_IRQ.c **** cyisraddress ADC_IRQ_GetVector(void)
 220:Generated_Source\PSoC4/ADC_IRQ.c **** {
  74              		.loc 1 220 0
  75              		.cfi_startproc
  76              		@ args = 0, pretend = 0, frame = 0
  77              		@ frame_needed = 0, uses_anonymous_args = 0
  78              		@ link register save eliminated.
 221:Generated_Source\PSoC4/ADC_IRQ.c ****     return CyRamVectors[CYINT_IRQ_BASE + ADC_IRQ__INTC_NUMBER];
  79              		.loc 1 221 0
  80 0000 014B     		ldr	r3, .L6
  81 0002 986F     		ldr	r0, [r3, #120]
 222:Generated_Source\PSoC4/ADC_IRQ.c **** }
  82              		.loc 1 222 0
  83              		@ sp needed
  84 0004 7047     		bx	lr
  85              	.L7:
  86 0006 C046     		.align	2
  87              	.L6:
  88 0008 00000000 		.word	CyRamVectors
  89              		.cfi_endproc
  90              	.LFE5:
  91              		.size	ADC_IRQ_GetVector, .-ADC_IRQ_GetVector
  92              		.section	.text.ADC_IRQ_SetPriority,"ax",%progbits
  93              		.align	2
  94              		.global	ADC_IRQ_SetPriority
  95              		.code	16
  96              		.thumb_func
  97              		.type	ADC_IRQ_SetPriority, %function
  98              	ADC_IRQ_SetPriority:
  99              	.LFB6:
 223:Generated_Source\PSoC4/ADC_IRQ.c **** 
 224:Generated_Source\PSoC4/ADC_IRQ.c **** 
 225:Generated_Source\PSoC4/ADC_IRQ.c **** /*******************************************************************************
 226:Generated_Source\PSoC4/ADC_IRQ.c **** * Function Name: ADC_IRQ_SetPriority
 227:Generated_Source\PSoC4/ADC_IRQ.c **** ********************************************************************************
 228:Generated_Source\PSoC4/ADC_IRQ.c **** *
 229:Generated_Source\PSoC4/ADC_IRQ.c **** * Summary:
 230:Generated_Source\PSoC4/ADC_IRQ.c **** *   Sets the Priority of the Interrupt. 
 231:Generated_Source\PSoC4/ADC_IRQ.c **** *
 232:Generated_Source\PSoC4/ADC_IRQ.c **** *   Note calling ADC_IRQ_Start or ADC_IRQ_StartEx will 
 233:Generated_Source\PSoC4/ADC_IRQ.c **** *   override any effect this API would have had. This API should only be called
 234:Generated_Source\PSoC4/ADC_IRQ.c **** *   after ADC_IRQ_Start or ADC_IRQ_StartEx has been called. 
 235:Generated_Source\PSoC4/ADC_IRQ.c **** *   To set the initial priority for the component, use the Design-Wide Resources
 236:Generated_Source\PSoC4/ADC_IRQ.c **** *   Interrupt Editor.
 237:Generated_Source\PSoC4/ADC_IRQ.c **** *
 238:Generated_Source\PSoC4/ADC_IRQ.c **** *   Note This API has no effect on Non-maskable interrupt NMI).
 239:Generated_Source\PSoC4/ADC_IRQ.c **** *
 240:Generated_Source\PSoC4/ADC_IRQ.c **** * Parameters:
 241:Generated_Source\PSoC4/ADC_IRQ.c **** *   priority: Priority of the interrupt, 0 being the highest priority
 242:Generated_Source\PSoC4/ADC_IRQ.c **** *             PSoC 3 and PSoC 5LP: Priority is from 0 to 7.
 243:Generated_Source\PSoC4/ADC_IRQ.c **** *             PSoC 4: Priority is from 0 to 3.
ARM GAS  C:\Users\VIDEOH~1\AppData\Local\Temp\cc4mrBAl.s 			page 7


 244:Generated_Source\PSoC4/ADC_IRQ.c **** *
 245:Generated_Source\PSoC4/ADC_IRQ.c **** * Return:
 246:Generated_Source\PSoC4/ADC_IRQ.c **** *   None
 247:Generated_Source\PSoC4/ADC_IRQ.c **** *
 248:Generated_Source\PSoC4/ADC_IRQ.c **** *******************************************************************************/
 249:Generated_Source\PSoC4/ADC_IRQ.c **** void ADC_IRQ_SetPriority(uint8 priority)
 250:Generated_Source\PSoC4/ADC_IRQ.c **** {
 100              		.loc 1 250 0
 101              		.cfi_startproc
 102              		@ args = 0, pretend = 0, frame = 0
 103              		@ frame_needed = 0, uses_anonymous_args = 0
 104              	.LVL1:
 105 0000 10B5     		push	{r4, lr}
 106              		.cfi_def_cfa_offset 8
 107              		.cfi_offset 4, -8
 108              		.cfi_offset 14, -4
 109 0002 0400     		movs	r4, r0
 110              	.LVL2:
 251:Generated_Source\PSoC4/ADC_IRQ.c **** 	uint8 interruptState;
 252:Generated_Source\PSoC4/ADC_IRQ.c ****     uint32 priorityOffset = ((ADC_IRQ__INTC_NUMBER % 4u) * 8u) + 6u;
 253:Generated_Source\PSoC4/ADC_IRQ.c ****     
 254:Generated_Source\PSoC4/ADC_IRQ.c **** 	interruptState = CyEnterCriticalSection();
 111              		.loc 1 254 0
 112 0004 FFF7FEFF 		bl	CyEnterCriticalSection
 113              	.LVL3:
 255:Generated_Source\PSoC4/ADC_IRQ.c ****     *ADC_IRQ_INTC_PRIOR = (*ADC_IRQ_INTC_PRIOR & (uint32)(~ADC_IRQ__INTC_PRIOR_MASK)) |
 114              		.loc 1 255 0
 115 0008 044A     		ldr	r2, .L9
 116 000a 1168     		ldr	r1, [r2]
 117 000c 044B     		ldr	r3, .L9+4
 118 000e 0B40     		ands	r3, r1
 256:Generated_Source\PSoC4/ADC_IRQ.c ****                                     ((uint32)priority << priorityOffset);
 119              		.loc 1 256 0
 120 0010 A405     		lsls	r4, r4, #22
 255:Generated_Source\PSoC4/ADC_IRQ.c ****     *ADC_IRQ_INTC_PRIOR = (*ADC_IRQ_INTC_PRIOR & (uint32)(~ADC_IRQ__INTC_PRIOR_MASK)) |
 121              		.loc 1 255 0
 122 0012 1C43     		orrs	r4, r3
 123 0014 1460     		str	r4, [r2]
 257:Generated_Source\PSoC4/ADC_IRQ.c **** 	CyExitCriticalSection(interruptState);
 124              		.loc 1 257 0
 125 0016 FFF7FEFF 		bl	CyExitCriticalSection
 126              	.LVL4:
 258:Generated_Source\PSoC4/ADC_IRQ.c **** }
 127              		.loc 1 258 0
 128              		@ sp needed
 129 001a 10BD     		pop	{r4, pc}
 130              	.L10:
 131              		.align	2
 132              	.L9:
 133 001c 0CE400E0 		.word	-536812532
 134 0020 FFFF3FFF 		.word	-12582913
 135              		.cfi_endproc
 136              	.LFE6:
 137              		.size	ADC_IRQ_SetPriority, .-ADC_IRQ_SetPriority
 138              		.section	.text.ADC_IRQ_GetPriority,"ax",%progbits
 139              		.align	2
 140              		.global	ADC_IRQ_GetPriority
ARM GAS  C:\Users\VIDEOH~1\AppData\Local\Temp\cc4mrBAl.s 			page 8


 141              		.code	16
 142              		.thumb_func
 143              		.type	ADC_IRQ_GetPriority, %function
 144              	ADC_IRQ_GetPriority:
 145              	.LFB7:
 259:Generated_Source\PSoC4/ADC_IRQ.c **** 
 260:Generated_Source\PSoC4/ADC_IRQ.c **** 
 261:Generated_Source\PSoC4/ADC_IRQ.c **** /*******************************************************************************
 262:Generated_Source\PSoC4/ADC_IRQ.c **** * Function Name: ADC_IRQ_GetPriority
 263:Generated_Source\PSoC4/ADC_IRQ.c **** ********************************************************************************
 264:Generated_Source\PSoC4/ADC_IRQ.c **** *
 265:Generated_Source\PSoC4/ADC_IRQ.c **** * Summary:
 266:Generated_Source\PSoC4/ADC_IRQ.c **** *   Gets the Priority of the Interrupt.
 267:Generated_Source\PSoC4/ADC_IRQ.c **** *
 268:Generated_Source\PSoC4/ADC_IRQ.c **** * Parameters:
 269:Generated_Source\PSoC4/ADC_IRQ.c **** *   None
 270:Generated_Source\PSoC4/ADC_IRQ.c **** *
 271:Generated_Source\PSoC4/ADC_IRQ.c **** * Return:
 272:Generated_Source\PSoC4/ADC_IRQ.c **** *   Priority of the interrupt, 0 being the highest priority
 273:Generated_Source\PSoC4/ADC_IRQ.c **** *    PSoC 3 and PSoC 5LP: Priority is from 0 to 7.
 274:Generated_Source\PSoC4/ADC_IRQ.c **** *    PSoC 4: Priority is from 0 to 3.
 275:Generated_Source\PSoC4/ADC_IRQ.c **** *
 276:Generated_Source\PSoC4/ADC_IRQ.c **** *******************************************************************************/
 277:Generated_Source\PSoC4/ADC_IRQ.c **** uint8 ADC_IRQ_GetPriority(void)
 278:Generated_Source\PSoC4/ADC_IRQ.c **** {
 146              		.loc 1 278 0
 147              		.cfi_startproc
 148              		@ args = 0, pretend = 0, frame = 0
 149              		@ frame_needed = 0, uses_anonymous_args = 0
 150              		@ link register save eliminated.
 151              	.LVL5:
 279:Generated_Source\PSoC4/ADC_IRQ.c ****     uint32 priority;
 280:Generated_Source\PSoC4/ADC_IRQ.c **** 	uint32 priorityOffset = ((ADC_IRQ__INTC_NUMBER % 4u) * 8u) + 6u;
 281:Generated_Source\PSoC4/ADC_IRQ.c **** 
 282:Generated_Source\PSoC4/ADC_IRQ.c ****     priority = (*ADC_IRQ_INTC_PRIOR & ADC_IRQ__INTC_PRIOR_MASK) >> priorityOffset;
 152              		.loc 1 282 0
 153 0000 024B     		ldr	r3, .L12
 154 0002 1868     		ldr	r0, [r3]
 155 0004 800D     		lsrs	r0, r0, #22
 156              	.LVL6:
 283:Generated_Source\PSoC4/ADC_IRQ.c **** 
 284:Generated_Source\PSoC4/ADC_IRQ.c ****     return (uint8)priority;
 157              		.loc 1 284 0
 158 0006 0323     		movs	r3, #3
 159 0008 1840     		ands	r0, r3
 160              	.LVL7:
 285:Generated_Source\PSoC4/ADC_IRQ.c **** }
 161              		.loc 1 285 0
 162              		@ sp needed
 163 000a 7047     		bx	lr
 164              	.L13:
 165              		.align	2
 166              	.L12:
 167 000c 0CE400E0 		.word	-536812532
 168              		.cfi_endproc
 169              	.LFE7:
 170              		.size	ADC_IRQ_GetPriority, .-ADC_IRQ_GetPriority
ARM GAS  C:\Users\VIDEOH~1\AppData\Local\Temp\cc4mrBAl.s 			page 9


 171              		.section	.text.ADC_IRQ_Enable,"ax",%progbits
 172              		.align	2
 173              		.global	ADC_IRQ_Enable
 174              		.code	16
 175              		.thumb_func
 176              		.type	ADC_IRQ_Enable, %function
 177              	ADC_IRQ_Enable:
 178              	.LFB8:
 286:Generated_Source\PSoC4/ADC_IRQ.c **** 
 287:Generated_Source\PSoC4/ADC_IRQ.c **** 
 288:Generated_Source\PSoC4/ADC_IRQ.c **** /*******************************************************************************
 289:Generated_Source\PSoC4/ADC_IRQ.c **** * Function Name: ADC_IRQ_Enable
 290:Generated_Source\PSoC4/ADC_IRQ.c **** ********************************************************************************
 291:Generated_Source\PSoC4/ADC_IRQ.c **** *
 292:Generated_Source\PSoC4/ADC_IRQ.c **** * Summary:
 293:Generated_Source\PSoC4/ADC_IRQ.c **** *   Enables the interrupt to the interrupt controller. Do not call this function
 294:Generated_Source\PSoC4/ADC_IRQ.c **** *   unless ISR_Start() has been called or the functionality of the ISR_Start() 
 295:Generated_Source\PSoC4/ADC_IRQ.c **** *   function, which sets the vector and the priority, has been called.
 296:Generated_Source\PSoC4/ADC_IRQ.c **** *
 297:Generated_Source\PSoC4/ADC_IRQ.c **** * Parameters:
 298:Generated_Source\PSoC4/ADC_IRQ.c **** *   None
 299:Generated_Source\PSoC4/ADC_IRQ.c **** *
 300:Generated_Source\PSoC4/ADC_IRQ.c **** * Return:
 301:Generated_Source\PSoC4/ADC_IRQ.c **** *   None
 302:Generated_Source\PSoC4/ADC_IRQ.c **** *
 303:Generated_Source\PSoC4/ADC_IRQ.c **** *******************************************************************************/
 304:Generated_Source\PSoC4/ADC_IRQ.c **** void ADC_IRQ_Enable(void)
 305:Generated_Source\PSoC4/ADC_IRQ.c **** {
 179              		.loc 1 305 0
 180              		.cfi_startproc
 181              		@ args = 0, pretend = 0, frame = 0
 182              		@ frame_needed = 0, uses_anonymous_args = 0
 183              		@ link register save eliminated.
 306:Generated_Source\PSoC4/ADC_IRQ.c ****     /* Enable the general interrupt. */
 307:Generated_Source\PSoC4/ADC_IRQ.c ****     *ADC_IRQ_INTC_SET_EN = ADC_IRQ__INTC_MASK;
 184              		.loc 1 307 0
 185 0000 8022     		movs	r2, #128
 186 0002 D201     		lsls	r2, r2, #7
 187 0004 014B     		ldr	r3, .L15
 188 0006 1A60     		str	r2, [r3]
 308:Generated_Source\PSoC4/ADC_IRQ.c **** }
 189              		.loc 1 308 0
 190              		@ sp needed
 191 0008 7047     		bx	lr
 192              	.L16:
 193 000a C046     		.align	2
 194              	.L15:
 195 000c 00E100E0 		.word	-536813312
 196              		.cfi_endproc
 197              	.LFE8:
 198              		.size	ADC_IRQ_Enable, .-ADC_IRQ_Enable
 199              		.section	.text.ADC_IRQ_GetState,"ax",%progbits
 200              		.align	2
 201              		.global	ADC_IRQ_GetState
 202              		.code	16
 203              		.thumb_func
 204              		.type	ADC_IRQ_GetState, %function
ARM GAS  C:\Users\VIDEOH~1\AppData\Local\Temp\cc4mrBAl.s 			page 10


 205              	ADC_IRQ_GetState:
 206              	.LFB9:
 309:Generated_Source\PSoC4/ADC_IRQ.c **** 
 310:Generated_Source\PSoC4/ADC_IRQ.c **** 
 311:Generated_Source\PSoC4/ADC_IRQ.c **** /*******************************************************************************
 312:Generated_Source\PSoC4/ADC_IRQ.c **** * Function Name: ADC_IRQ_GetState
 313:Generated_Source\PSoC4/ADC_IRQ.c **** ********************************************************************************
 314:Generated_Source\PSoC4/ADC_IRQ.c **** *
 315:Generated_Source\PSoC4/ADC_IRQ.c **** * Summary:
 316:Generated_Source\PSoC4/ADC_IRQ.c **** *   Gets the state (enabled, disabled) of the Interrupt.
 317:Generated_Source\PSoC4/ADC_IRQ.c **** *
 318:Generated_Source\PSoC4/ADC_IRQ.c **** * Parameters:
 319:Generated_Source\PSoC4/ADC_IRQ.c **** *   None
 320:Generated_Source\PSoC4/ADC_IRQ.c **** *
 321:Generated_Source\PSoC4/ADC_IRQ.c **** * Return:
 322:Generated_Source\PSoC4/ADC_IRQ.c **** *   1 if enabled, 0 if disabled.
 323:Generated_Source\PSoC4/ADC_IRQ.c **** *
 324:Generated_Source\PSoC4/ADC_IRQ.c **** *******************************************************************************/
 325:Generated_Source\PSoC4/ADC_IRQ.c **** uint8 ADC_IRQ_GetState(void)
 326:Generated_Source\PSoC4/ADC_IRQ.c **** {
 207              		.loc 1 326 0
 208              		.cfi_startproc
 209              		@ args = 0, pretend = 0, frame = 0
 210              		@ frame_needed = 0, uses_anonymous_args = 0
 211              		@ link register save eliminated.
 327:Generated_Source\PSoC4/ADC_IRQ.c ****     /* Get the state of the general interrupt. */
 328:Generated_Source\PSoC4/ADC_IRQ.c ****     return ((*ADC_IRQ_INTC_SET_EN & (uint32)ADC_IRQ__INTC_MASK) != 0u) ? 1u:0u;
 212              		.loc 1 328 0
 213 0000 034B     		ldr	r3, .L20
 214 0002 1B68     		ldr	r3, [r3]
 215 0004 5B04     		lsls	r3, r3, #17
 216 0006 01D5     		bpl	.L19
 217 0008 0120     		movs	r0, #1
 218 000a 00E0     		b	.L18
 219              	.L19:
 220 000c 0020     		movs	r0, #0
 221              	.L18:
 329:Generated_Source\PSoC4/ADC_IRQ.c **** }
 222              		.loc 1 329 0 discriminator 4
 223              		@ sp needed
 224 000e 7047     		bx	lr
 225              	.L21:
 226              		.align	2
 227              	.L20:
 228 0010 00E100E0 		.word	-536813312
 229              		.cfi_endproc
 230              	.LFE9:
 231              		.size	ADC_IRQ_GetState, .-ADC_IRQ_GetState
 232              		.section	.text.ADC_IRQ_Disable,"ax",%progbits
 233              		.align	2
 234              		.global	ADC_IRQ_Disable
 235              		.code	16
 236              		.thumb_func
 237              		.type	ADC_IRQ_Disable, %function
 238              	ADC_IRQ_Disable:
 239              	.LFB10:
 330:Generated_Source\PSoC4/ADC_IRQ.c **** 
ARM GAS  C:\Users\VIDEOH~1\AppData\Local\Temp\cc4mrBAl.s 			page 11


 331:Generated_Source\PSoC4/ADC_IRQ.c **** 
 332:Generated_Source\PSoC4/ADC_IRQ.c **** /*******************************************************************************
 333:Generated_Source\PSoC4/ADC_IRQ.c **** * Function Name: ADC_IRQ_Disable
 334:Generated_Source\PSoC4/ADC_IRQ.c **** ********************************************************************************
 335:Generated_Source\PSoC4/ADC_IRQ.c **** *
 336:Generated_Source\PSoC4/ADC_IRQ.c **** * Summary:
 337:Generated_Source\PSoC4/ADC_IRQ.c **** *   Disables the Interrupt in the interrupt controller.
 338:Generated_Source\PSoC4/ADC_IRQ.c **** *
 339:Generated_Source\PSoC4/ADC_IRQ.c **** * Parameters:
 340:Generated_Source\PSoC4/ADC_IRQ.c **** *   None
 341:Generated_Source\PSoC4/ADC_IRQ.c **** *
 342:Generated_Source\PSoC4/ADC_IRQ.c **** * Return:
 343:Generated_Source\PSoC4/ADC_IRQ.c **** *   None
 344:Generated_Source\PSoC4/ADC_IRQ.c **** *
 345:Generated_Source\PSoC4/ADC_IRQ.c **** *******************************************************************************/
 346:Generated_Source\PSoC4/ADC_IRQ.c **** void ADC_IRQ_Disable(void)
 347:Generated_Source\PSoC4/ADC_IRQ.c **** {
 240              		.loc 1 347 0
 241              		.cfi_startproc
 242              		@ args = 0, pretend = 0, frame = 0
 243              		@ frame_needed = 0, uses_anonymous_args = 0
 244              		@ link register save eliminated.
 348:Generated_Source\PSoC4/ADC_IRQ.c ****     /* Disable the general interrupt. */
 349:Generated_Source\PSoC4/ADC_IRQ.c ****     *ADC_IRQ_INTC_CLR_EN = ADC_IRQ__INTC_MASK;
 245              		.loc 1 349 0
 246 0000 8022     		movs	r2, #128
 247 0002 D201     		lsls	r2, r2, #7
 248 0004 014B     		ldr	r3, .L23
 249 0006 1A60     		str	r2, [r3]
 350:Generated_Source\PSoC4/ADC_IRQ.c **** }
 250              		.loc 1 350 0
 251              		@ sp needed
 252 0008 7047     		bx	lr
 253              	.L24:
 254 000a C046     		.align	2
 255              	.L23:
 256 000c 80E100E0 		.word	-536813184
 257              		.cfi_endproc
 258              	.LFE10:
 259              		.size	ADC_IRQ_Disable, .-ADC_IRQ_Disable
 260              		.section	.text.ADC_IRQ_Start,"ax",%progbits
 261              		.align	2
 262              		.global	ADC_IRQ_Start
 263              		.code	16
 264              		.thumb_func
 265              		.type	ADC_IRQ_Start, %function
 266              	ADC_IRQ_Start:
 267              	.LFB0:
  57:Generated_Source\PSoC4/ADC_IRQ.c ****     /* For all we know the interrupt is active. */
 268              		.loc 1 57 0
 269              		.cfi_startproc
 270              		@ args = 0, pretend = 0, frame = 0
 271              		@ frame_needed = 0, uses_anonymous_args = 0
 272 0000 10B5     		push	{r4, lr}
 273              		.cfi_def_cfa_offset 8
 274              		.cfi_offset 4, -8
 275              		.cfi_offset 14, -4
ARM GAS  C:\Users\VIDEOH~1\AppData\Local\Temp\cc4mrBAl.s 			page 12


  59:Generated_Source\PSoC4/ADC_IRQ.c **** 
 276              		.loc 1 59 0
 277 0002 FFF7FEFF 		bl	ADC_IRQ_Disable
 278              	.LVL8:
  62:Generated_Source\PSoC4/ADC_IRQ.c **** 
 279              		.loc 1 62 0
 280 0006 0448     		ldr	r0, .L26
 281 0008 FFF7FEFF 		bl	ADC_IRQ_SetVector
 282              	.LVL9:
  65:Generated_Source\PSoC4/ADC_IRQ.c **** 
 283              		.loc 1 65 0
 284 000c 0320     		movs	r0, #3
 285 000e FFF7FEFF 		bl	ADC_IRQ_SetPriority
 286              	.LVL10:
  68:Generated_Source\PSoC4/ADC_IRQ.c **** }
 287              		.loc 1 68 0
 288 0012 FFF7FEFF 		bl	ADC_IRQ_Enable
 289              	.LVL11:
  69:Generated_Source\PSoC4/ADC_IRQ.c **** 
 290              		.loc 1 69 0
 291              		@ sp needed
 292 0016 10BD     		pop	{r4, pc}
 293              	.L27:
 294              		.align	2
 295              	.L26:
 296 0018 00000000 		.word	ADC_IRQ_Interrupt
 297              		.cfi_endproc
 298              	.LFE0:
 299              		.size	ADC_IRQ_Start, .-ADC_IRQ_Start
 300              		.section	.text.ADC_IRQ_StartEx,"ax",%progbits
 301              		.align	2
 302              		.global	ADC_IRQ_StartEx
 303              		.code	16
 304              		.thumb_func
 305              		.type	ADC_IRQ_StartEx, %function
 306              	ADC_IRQ_StartEx:
 307              	.LFB1:
 100:Generated_Source\PSoC4/ADC_IRQ.c ****     /* For all we know the interrupt is active. */
 308              		.loc 1 100 0
 309              		.cfi_startproc
 310              		@ args = 0, pretend = 0, frame = 0
 311              		@ frame_needed = 0, uses_anonymous_args = 0
 312              	.LVL12:
 313 0000 10B5     		push	{r4, lr}
 314              		.cfi_def_cfa_offset 8
 315              		.cfi_offset 4, -8
 316              		.cfi_offset 14, -4
 317 0002 0400     		movs	r4, r0
 102:Generated_Source\PSoC4/ADC_IRQ.c **** 
 318              		.loc 1 102 0
 319 0004 FFF7FEFF 		bl	ADC_IRQ_Disable
 320              	.LVL13:
 105:Generated_Source\PSoC4/ADC_IRQ.c **** 
 321              		.loc 1 105 0
 322 0008 2000     		movs	r0, r4
 323 000a FFF7FEFF 		bl	ADC_IRQ_SetVector
 324              	.LVL14:
ARM GAS  C:\Users\VIDEOH~1\AppData\Local\Temp\cc4mrBAl.s 			page 13


 108:Generated_Source\PSoC4/ADC_IRQ.c **** 
 325              		.loc 1 108 0
 326 000e 0320     		movs	r0, #3
 327 0010 FFF7FEFF 		bl	ADC_IRQ_SetPriority
 328              	.LVL15:
 111:Generated_Source\PSoC4/ADC_IRQ.c **** }
 329              		.loc 1 111 0
 330 0014 FFF7FEFF 		bl	ADC_IRQ_Enable
 331              	.LVL16:
 112:Generated_Source\PSoC4/ADC_IRQ.c **** 
 332              		.loc 1 112 0
 333              		@ sp needed
 334              	.LVL17:
 335 0018 10BD     		pop	{r4, pc}
 336              		.cfi_endproc
 337              	.LFE1:
 338              		.size	ADC_IRQ_StartEx, .-ADC_IRQ_StartEx
 339 001a C046     		.section	.text.ADC_IRQ_Stop,"ax",%progbits
 340              		.align	2
 341              		.global	ADC_IRQ_Stop
 342              		.code	16
 343              		.thumb_func
 344              		.type	ADC_IRQ_Stop, %function
 345              	ADC_IRQ_Stop:
 346              	.LFB2:
 130:Generated_Source\PSoC4/ADC_IRQ.c ****     /* Disable this interrupt. */
 347              		.loc 1 130 0
 348              		.cfi_startproc
 349              		@ args = 0, pretend = 0, frame = 0
 350              		@ frame_needed = 0, uses_anonymous_args = 0
 351 0000 10B5     		push	{r4, lr}
 352              		.cfi_def_cfa_offset 8
 353              		.cfi_offset 4, -8
 354              		.cfi_offset 14, -4
 132:Generated_Source\PSoC4/ADC_IRQ.c **** 
 355              		.loc 1 132 0
 356 0002 FFF7FEFF 		bl	ADC_IRQ_Disable
 357              	.LVL18:
 135:Generated_Source\PSoC4/ADC_IRQ.c **** }
 358              		.loc 1 135 0
 359 0006 0248     		ldr	r0, .L30
 360 0008 FFF7FEFF 		bl	ADC_IRQ_SetVector
 361              	.LVL19:
 136:Generated_Source\PSoC4/ADC_IRQ.c **** 
 362              		.loc 1 136 0
 363              		@ sp needed
 364 000c 10BD     		pop	{r4, pc}
 365              	.L31:
 366 000e C046     		.align	2
 367              	.L30:
 368 0010 00000000 		.word	IntDefaultHandler
 369              		.cfi_endproc
 370              	.LFE2:
 371              		.size	ADC_IRQ_Stop, .-ADC_IRQ_Stop
 372              		.section	.text.ADC_IRQ_SetPending,"ax",%progbits
 373              		.align	2
 374              		.global	ADC_IRQ_SetPending
ARM GAS  C:\Users\VIDEOH~1\AppData\Local\Temp\cc4mrBAl.s 			page 14


 375              		.code	16
 376              		.thumb_func
 377              		.type	ADC_IRQ_SetPending, %function
 378              	ADC_IRQ_SetPending:
 379              	.LFB11:
 351:Generated_Source\PSoC4/ADC_IRQ.c **** 
 352:Generated_Source\PSoC4/ADC_IRQ.c **** 
 353:Generated_Source\PSoC4/ADC_IRQ.c **** /*******************************************************************************
 354:Generated_Source\PSoC4/ADC_IRQ.c **** * Function Name: ADC_IRQ_SetPending
 355:Generated_Source\PSoC4/ADC_IRQ.c **** ********************************************************************************
 356:Generated_Source\PSoC4/ADC_IRQ.c **** *
 357:Generated_Source\PSoC4/ADC_IRQ.c **** * Summary:
 358:Generated_Source\PSoC4/ADC_IRQ.c **** *   Causes the Interrupt to enter the pending state, a software method of
 359:Generated_Source\PSoC4/ADC_IRQ.c **** *   generating the interrupt.
 360:Generated_Source\PSoC4/ADC_IRQ.c **** *
 361:Generated_Source\PSoC4/ADC_IRQ.c **** * Parameters:
 362:Generated_Source\PSoC4/ADC_IRQ.c **** *   None
 363:Generated_Source\PSoC4/ADC_IRQ.c **** *
 364:Generated_Source\PSoC4/ADC_IRQ.c **** * Return:
 365:Generated_Source\PSoC4/ADC_IRQ.c **** *   None
 366:Generated_Source\PSoC4/ADC_IRQ.c **** *
 367:Generated_Source\PSoC4/ADC_IRQ.c **** * Side Effects:
 368:Generated_Source\PSoC4/ADC_IRQ.c **** *   If interrupts are enabled and the interrupt is set up properly, the ISR is
 369:Generated_Source\PSoC4/ADC_IRQ.c **** *   entered (depending on the priority of this interrupt and other pending 
 370:Generated_Source\PSoC4/ADC_IRQ.c **** *   interrupts).
 371:Generated_Source\PSoC4/ADC_IRQ.c **** *
 372:Generated_Source\PSoC4/ADC_IRQ.c **** *******************************************************************************/
 373:Generated_Source\PSoC4/ADC_IRQ.c **** void ADC_IRQ_SetPending(void)
 374:Generated_Source\PSoC4/ADC_IRQ.c **** {
 380              		.loc 1 374 0
 381              		.cfi_startproc
 382              		@ args = 0, pretend = 0, frame = 0
 383              		@ frame_needed = 0, uses_anonymous_args = 0
 384              		@ link register save eliminated.
 375:Generated_Source\PSoC4/ADC_IRQ.c ****     *ADC_IRQ_INTC_SET_PD = ADC_IRQ__INTC_MASK;
 385              		.loc 1 375 0
 386 0000 8022     		movs	r2, #128
 387 0002 D201     		lsls	r2, r2, #7
 388 0004 014B     		ldr	r3, .L33
 389 0006 1A60     		str	r2, [r3]
 376:Generated_Source\PSoC4/ADC_IRQ.c **** }
 390              		.loc 1 376 0
 391              		@ sp needed
 392 0008 7047     		bx	lr
 393              	.L34:
 394 000a C046     		.align	2
 395              	.L33:
 396 000c 00E200E0 		.word	-536813056
 397              		.cfi_endproc
 398              	.LFE11:
 399              		.size	ADC_IRQ_SetPending, .-ADC_IRQ_SetPending
 400              		.section	.text.ADC_IRQ_ClearPending,"ax",%progbits
 401              		.align	2
 402              		.global	ADC_IRQ_ClearPending
 403              		.code	16
 404              		.thumb_func
 405              		.type	ADC_IRQ_ClearPending, %function
ARM GAS  C:\Users\VIDEOH~1\AppData\Local\Temp\cc4mrBAl.s 			page 15


 406              	ADC_IRQ_ClearPending:
 407              	.LFB12:
 377:Generated_Source\PSoC4/ADC_IRQ.c **** 
 378:Generated_Source\PSoC4/ADC_IRQ.c **** 
 379:Generated_Source\PSoC4/ADC_IRQ.c **** /*******************************************************************************
 380:Generated_Source\PSoC4/ADC_IRQ.c **** * Function Name: ADC_IRQ_ClearPending
 381:Generated_Source\PSoC4/ADC_IRQ.c **** ********************************************************************************
 382:Generated_Source\PSoC4/ADC_IRQ.c **** *
 383:Generated_Source\PSoC4/ADC_IRQ.c **** * Summary:
 384:Generated_Source\PSoC4/ADC_IRQ.c **** *   Clears a pending interrupt in the interrupt controller.
 385:Generated_Source\PSoC4/ADC_IRQ.c **** *
 386:Generated_Source\PSoC4/ADC_IRQ.c **** *   Note Some interrupt sources are clear-on-read and require the block 
 387:Generated_Source\PSoC4/ADC_IRQ.c **** *   interrupt/status register to be read/cleared with the appropriate block API 
 388:Generated_Source\PSoC4/ADC_IRQ.c **** *   (GPIO, UART, and so on). Otherwise the ISR will continue to remain in 
 389:Generated_Source\PSoC4/ADC_IRQ.c **** *   pending state even though the interrupt itself is cleared using this API.
 390:Generated_Source\PSoC4/ADC_IRQ.c **** *
 391:Generated_Source\PSoC4/ADC_IRQ.c **** * Parameters:
 392:Generated_Source\PSoC4/ADC_IRQ.c **** *   None
 393:Generated_Source\PSoC4/ADC_IRQ.c **** *
 394:Generated_Source\PSoC4/ADC_IRQ.c **** * Return:
 395:Generated_Source\PSoC4/ADC_IRQ.c **** *   None
 396:Generated_Source\PSoC4/ADC_IRQ.c **** *
 397:Generated_Source\PSoC4/ADC_IRQ.c **** *******************************************************************************/
 398:Generated_Source\PSoC4/ADC_IRQ.c **** void ADC_IRQ_ClearPending(void)
 399:Generated_Source\PSoC4/ADC_IRQ.c **** {
 408              		.loc 1 399 0
 409              		.cfi_startproc
 410              		@ args = 0, pretend = 0, frame = 0
 411              		@ frame_needed = 0, uses_anonymous_args = 0
 412              		@ link register save eliminated.
 400:Generated_Source\PSoC4/ADC_IRQ.c ****     *ADC_IRQ_INTC_CLR_PD = ADC_IRQ__INTC_MASK;
 413              		.loc 1 400 0
 414 0000 8022     		movs	r2, #128
 415 0002 D201     		lsls	r2, r2, #7
 416 0004 014B     		ldr	r3, .L36
 417 0006 1A60     		str	r2, [r3]
 401:Generated_Source\PSoC4/ADC_IRQ.c **** }
 418              		.loc 1 401 0
 419              		@ sp needed
 420 0008 7047     		bx	lr
 421              	.L37:
 422 000a C046     		.align	2
 423              	.L36:
 424 000c 80E200E0 		.word	-536812928
 425              		.cfi_endproc
 426              	.LFE12:
 427              		.size	ADC_IRQ_ClearPending, .-ADC_IRQ_ClearPending
 428              		.text
 429              	.Letext0:
 430              		.file 2 "Generated_Source\\PSoC4/cytypes.h"
 431              		.file 3 "Generated_Source\\PSoC4/CyLib.h"
 432              		.section	.debug_info,"",%progbits
 433              	.Ldebug_info0:
 434 0000 FA020000 		.4byte	0x2fa
 435 0004 0400     		.2byte	0x4
 436 0006 00000000 		.4byte	.Ldebug_abbrev0
 437 000a 04       		.byte	0x4
ARM GAS  C:\Users\VIDEOH~1\AppData\Local\Temp\cc4mrBAl.s 			page 16


 438 000b 01       		.uleb128 0x1
 439 000c 56000000 		.4byte	.LASF35
 440 0010 0C       		.byte	0xc
 441 0011 AB010000 		.4byte	.LASF36
 442 0015 36020000 		.4byte	.LASF37
 443 0019 00000000 		.4byte	.Ldebug_ranges0+0
 444 001d 00000000 		.4byte	0
 445 0021 00000000 		.4byte	.Ldebug_line0
 446 0025 02       		.uleb128 0x2
 447 0026 01       		.byte	0x1
 448 0027 06       		.byte	0x6
 449 0028 CF020000 		.4byte	.LASF0
 450 002c 02       		.uleb128 0x2
 451 002d 01       		.byte	0x1
 452 002e 08       		.byte	0x8
 453 002f 30010000 		.4byte	.LASF1
 454 0033 02       		.uleb128 0x2
 455 0034 02       		.byte	0x2
 456 0035 05       		.byte	0x5
 457 0036 9D020000 		.4byte	.LASF2
 458 003a 02       		.uleb128 0x2
 459 003b 02       		.byte	0x2
 460 003c 07       		.byte	0x7
 461 003d 32000000 		.4byte	.LASF3
 462 0041 02       		.uleb128 0x2
 463 0042 04       		.byte	0x4
 464 0043 05       		.byte	0x5
 465 0044 C6020000 		.4byte	.LASF4
 466 0048 02       		.uleb128 0x2
 467 0049 04       		.byte	0x4
 468 004a 07       		.byte	0x7
 469 004b 4D010000 		.4byte	.LASF5
 470 004f 02       		.uleb128 0x2
 471 0050 08       		.byte	0x8
 472 0051 05       		.byte	0x5
 473 0052 8A020000 		.4byte	.LASF6
 474 0056 02       		.uleb128 0x2
 475 0057 08       		.byte	0x8
 476 0058 07       		.byte	0x7
 477 0059 19010000 		.4byte	.LASF7
 478 005d 03       		.uleb128 0x3
 479 005e 04       		.byte	0x4
 480 005f 05       		.byte	0x5
 481 0060 696E7400 		.ascii	"int\000"
 482 0064 02       		.uleb128 0x2
 483 0065 04       		.byte	0x4
 484 0066 07       		.byte	0x7
 485 0067 FE010000 		.4byte	.LASF8
 486 006b 04       		.uleb128 0x4
 487 006c 5F010000 		.4byte	.LASF9
 488 0070 02       		.byte	0x2
 489 0071 E401     		.2byte	0x1e4
 490 0073 2C000000 		.4byte	0x2c
 491 0077 04       		.uleb128 0x4
 492 0078 E0010000 		.4byte	.LASF10
 493 007c 02       		.byte	0x2
 494 007d E601     		.2byte	0x1e6
ARM GAS  C:\Users\VIDEOH~1\AppData\Local\Temp\cc4mrBAl.s 			page 17


 495 007f 48000000 		.4byte	0x48
 496 0083 02       		.uleb128 0x2
 497 0084 04       		.byte	0x4
 498 0085 04       		.byte	0x4
 499 0086 13010000 		.4byte	.LASF11
 500 008a 02       		.uleb128 0x2
 501 008b 08       		.byte	0x8
 502 008c 04       		.byte	0x4
 503 008d 96010000 		.4byte	.LASF12
 504 0091 02       		.uleb128 0x2
 505 0092 01       		.byte	0x1
 506 0093 08       		.byte	0x8
 507 0094 98020000 		.4byte	.LASF13
 508 0098 04       		.uleb128 0x4
 509 0099 00000000 		.4byte	.LASF14
 510 009d 02       		.byte	0x2
 511 009e 9002     		.2byte	0x290
 512 00a0 A4000000 		.4byte	0xa4
 513 00a4 05       		.uleb128 0x5
 514 00a5 77000000 		.4byte	0x77
 515 00a9 04       		.uleb128 0x4
 516 00aa 29020000 		.4byte	.LASF15
 517 00ae 02       		.byte	0x2
 518 00af A002     		.2byte	0x2a0
 519 00b1 B5000000 		.4byte	0xb5
 520 00b5 06       		.uleb128 0x6
 521 00b6 04       		.byte	0x4
 522 00b7 BB000000 		.4byte	0xbb
 523 00bb 07       		.uleb128 0x7
 524 00bc 02       		.uleb128 0x2
 525 00bd 04       		.byte	0x4
 526 00be 07       		.byte	0x7
 527 00bf 81020000 		.4byte	.LASF16
 528 00c3 08       		.uleb128 0x8
 529 00c4 01010000 		.4byte	.LASF23
 530 00c8 01       		.byte	0x1
 531 00c9 9F       		.byte	0x9f
 532 00ca 00000000 		.4byte	.LFB3
 533 00ce 02000000 		.4byte	.LFE3-.LFB3
 534 00d2 01       		.uleb128 0x1
 535 00d3 9C       		.byte	0x9c
 536 00d4 09       		.uleb128 0x9
 537 00d5 20000000 		.4byte	.LASF17
 538 00d9 01       		.byte	0x1
 539 00da C7       		.byte	0xc7
 540 00db 00000000 		.4byte	.LFB4
 541 00df 0C000000 		.4byte	.LFE4-.LFB4
 542 00e3 01       		.uleb128 0x1
 543 00e4 9C       		.byte	0x9c
 544 00e5 F7000000 		.4byte	0xf7
 545 00e9 0A       		.uleb128 0xa
 546 00ea 0B020000 		.4byte	.LASF19
 547 00ee 01       		.byte	0x1
 548 00ef C7       		.byte	0xc7
 549 00f0 A9000000 		.4byte	0xa9
 550 00f4 01       		.uleb128 0x1
 551 00f5 50       		.byte	0x50
ARM GAS  C:\Users\VIDEOH~1\AppData\Local\Temp\cc4mrBAl.s 			page 18


 552 00f6 00       		.byte	0
 553 00f7 0B       		.uleb128 0xb
 554 00f8 EF000000 		.4byte	.LASF25
 555 00fc 01       		.byte	0x1
 556 00fd DB       		.byte	0xdb
 557 00fe A9000000 		.4byte	0xa9
 558 0102 00000000 		.4byte	.LFB5
 559 0106 0C000000 		.4byte	.LFE5-.LFB5
 560 010a 01       		.uleb128 0x1
 561 010b 9C       		.byte	0x9c
 562 010c 09       		.uleb128 0x9
 563 010d DB020000 		.4byte	.LASF18
 564 0111 01       		.byte	0x1
 565 0112 F9       		.byte	0xf9
 566 0113 00000000 		.4byte	.LFB6
 567 0117 24000000 		.4byte	.LFE6-.LFB6
 568 011b 01       		.uleb128 0x1
 569 011c 9C       		.byte	0x9c
 570 011d 5E010000 		.4byte	0x15e
 571 0121 0C       		.uleb128 0xc
 572 0122 65010000 		.4byte	.LASF20
 573 0126 01       		.byte	0x1
 574 0127 F9       		.byte	0xf9
 575 0128 6B000000 		.4byte	0x6b
 576 012c 00000000 		.4byte	.LLST0
 577 0130 0D       		.uleb128 0xd
 578 0131 3E010000 		.4byte	.LASF21
 579 0135 01       		.byte	0x1
 580 0136 FB       		.byte	0xfb
 581 0137 6B000000 		.4byte	0x6b
 582 013b 21000000 		.4byte	.LLST1
 583 013f 0E       		.uleb128 0xe
 584 0140 B7020000 		.4byte	.LASF22
 585 0144 01       		.byte	0x1
 586 0145 FC       		.byte	0xfc
 587 0146 77000000 		.4byte	0x77
 588 014a 16       		.byte	0x16
 589 014b 0F       		.uleb128 0xf
 590 014c 08000000 		.4byte	.LVL3
 591 0150 E7020000 		.4byte	0x2e7
 592 0154 0F       		.uleb128 0xf
 593 0155 1A000000 		.4byte	.LVL4
 594 0159 F2020000 		.4byte	0x2f2
 595 015d 00       		.byte	0
 596 015e 10       		.uleb128 0x10
 597 015f CC010000 		.4byte	.LASF38
 598 0163 01       		.byte	0x1
 599 0164 1501     		.2byte	0x115
 600 0166 6B000000 		.4byte	0x6b
 601 016a 00000000 		.4byte	.LFB7
 602 016e 10000000 		.4byte	.LFE7-.LFB7
 603 0172 01       		.uleb128 0x1
 604 0173 9C       		.byte	0x9c
 605 0174 96010000 		.4byte	0x196
 606 0178 11       		.uleb128 0x11
 607 0179 65010000 		.4byte	.LASF20
 608 017d 01       		.byte	0x1
ARM GAS  C:\Users\VIDEOH~1\AppData\Local\Temp\cc4mrBAl.s 			page 19


 609 017e 1701     		.2byte	0x117
 610 0180 77000000 		.4byte	0x77
 611 0184 34000000 		.4byte	.LLST2
 612 0188 12       		.uleb128 0x12
 613 0189 B7020000 		.4byte	.LASF22
 614 018d 01       		.byte	0x1
 615 018e 1801     		.2byte	0x118
 616 0190 77000000 		.4byte	0x77
 617 0194 16       		.byte	0x16
 618 0195 00       		.byte	0
 619 0196 13       		.uleb128 0x13
 620 0197 EF020000 		.4byte	.LASF24
 621 019b 01       		.byte	0x1
 622 019c 3001     		.2byte	0x130
 623 019e 00000000 		.4byte	.LFB8
 624 01a2 10000000 		.4byte	.LFE8-.LFB8
 625 01a6 01       		.uleb128 0x1
 626 01a7 9C       		.byte	0x9c
 627 01a8 14       		.uleb128 0x14
 628 01a9 45000000 		.4byte	.LASF26
 629 01ad 01       		.byte	0x1
 630 01ae 4501     		.2byte	0x145
 631 01b0 6B000000 		.4byte	0x6b
 632 01b4 00000000 		.4byte	.LFB9
 633 01b8 14000000 		.4byte	.LFE9-.LFB9
 634 01bc 01       		.uleb128 0x1
 635 01bd 9C       		.byte	0x9c
 636 01be 13       		.uleb128 0x13
 637 01bf A7020000 		.4byte	.LASF27
 638 01c3 01       		.byte	0x1
 639 01c4 5A01     		.2byte	0x15a
 640 01c6 00000000 		.4byte	.LFB10
 641 01ca 10000000 		.4byte	.LFE10-.LFB10
 642 01ce 01       		.uleb128 0x1
 643 01cf 9C       		.byte	0x9c
 644 01d0 09       		.uleb128 0x9
 645 01d1 9D010000 		.4byte	.LASF28
 646 01d5 01       		.byte	0x1
 647 01d6 38       		.byte	0x38
 648 01d7 00000000 		.4byte	.LFB0
 649 01db 1C000000 		.4byte	.LFE0-.LFB0
 650 01df 01       		.uleb128 0x1
 651 01e0 9C       		.byte	0x9c
 652 01e1 22020000 		.4byte	0x222
 653 01e5 0F       		.uleb128 0xf
 654 01e6 06000000 		.4byte	.LVL8
 655 01ea BE010000 		.4byte	0x1be
 656 01ee 15       		.uleb128 0x15
 657 01ef 0C000000 		.4byte	.LVL9
 658 01f3 D4000000 		.4byte	0xd4
 659 01f7 05020000 		.4byte	0x205
 660 01fb 16       		.uleb128 0x16
 661 01fc 01       		.uleb128 0x1
 662 01fd 50       		.byte	0x50
 663 01fe 05       		.uleb128 0x5
 664 01ff 03       		.byte	0x3
 665 0200 00000000 		.4byte	ADC_IRQ_Interrupt
ARM GAS  C:\Users\VIDEOH~1\AppData\Local\Temp\cc4mrBAl.s 			page 20


 666 0204 00       		.byte	0
 667 0205 15       		.uleb128 0x15
 668 0206 12000000 		.4byte	.LVL10
 669 020a 0C010000 		.4byte	0x10c
 670 020e 18020000 		.4byte	0x218
 671 0212 16       		.uleb128 0x16
 672 0213 01       		.uleb128 0x1
 673 0214 50       		.byte	0x50
 674 0215 01       		.uleb128 0x1
 675 0216 33       		.byte	0x33
 676 0217 00       		.byte	0
 677 0218 0F       		.uleb128 0xf
 678 0219 16000000 		.4byte	.LVL11
 679 021d 96010000 		.4byte	0x196
 680 0221 00       		.byte	0
 681 0222 09       		.uleb128 0x9
 682 0223 71020000 		.4byte	.LASF29
 683 0227 01       		.byte	0x1
 684 0228 63       		.byte	0x63
 685 0229 00000000 		.4byte	.LFB1
 686 022d 1A000000 		.4byte	.LFE1-.LFB1
 687 0231 01       		.uleb128 0x1
 688 0232 9C       		.byte	0x9c
 689 0233 80020000 		.4byte	0x280
 690 0237 0C       		.uleb128 0xc
 691 0238 0B020000 		.4byte	.LASF19
 692 023c 01       		.byte	0x1
 693 023d 63       		.byte	0x63
 694 023e A9000000 		.4byte	0xa9
 695 0242 56000000 		.4byte	.LLST3
 696 0246 0F       		.uleb128 0xf
 697 0247 08000000 		.4byte	.LVL13
 698 024b BE010000 		.4byte	0x1be
 699 024f 15       		.uleb128 0x15
 700 0250 0E000000 		.4byte	.LVL14
 701 0254 D4000000 		.4byte	0xd4
 702 0258 63020000 		.4byte	0x263
 703 025c 16       		.uleb128 0x16
 704 025d 01       		.uleb128 0x1
 705 025e 50       		.byte	0x50
 706 025f 02       		.uleb128 0x2
 707 0260 74       		.byte	0x74
 708 0261 00       		.sleb128 0
 709 0262 00       		.byte	0
 710 0263 15       		.uleb128 0x15
 711 0264 14000000 		.4byte	.LVL15
 712 0268 0C010000 		.4byte	0x10c
 713 026c 76020000 		.4byte	0x276
 714 0270 16       		.uleb128 0x16
 715 0271 01       		.uleb128 0x1
 716 0272 50       		.byte	0x50
 717 0273 01       		.uleb128 0x1
 718 0274 33       		.byte	0x33
 719 0275 00       		.byte	0
 720 0276 0F       		.uleb128 0xf
 721 0277 18000000 		.4byte	.LVL16
 722 027b 96010000 		.4byte	0x196
ARM GAS  C:\Users\VIDEOH~1\AppData\Local\Temp\cc4mrBAl.s 			page 21


 723 027f 00       		.byte	0
 724 0280 09       		.uleb128 0x9
 725 0281 13000000 		.4byte	.LASF30
 726 0285 01       		.byte	0x1
 727 0286 81       		.byte	0x81
 728 0287 00000000 		.4byte	.LFB2
 729 028b 14000000 		.4byte	.LFE2-.LFB2
 730 028f 01       		.uleb128 0x1
 731 0290 9C       		.byte	0x9c
 732 0291 A8020000 		.4byte	0x2a8
 733 0295 0F       		.uleb128 0xf
 734 0296 06000000 		.4byte	.LVL18
 735 029a BE010000 		.4byte	0x1be
 736 029e 0F       		.uleb128 0xf
 737 029f 0C000000 		.4byte	.LVL19
 738 02a3 D4000000 		.4byte	0xd4
 739 02a7 00       		.byte	0
 740 02a8 13       		.uleb128 0x13
 741 02a9 6E010000 		.4byte	.LASF31
 742 02ad 01       		.byte	0x1
 743 02ae 7501     		.2byte	0x175
 744 02b0 00000000 		.4byte	.LFB11
 745 02b4 10000000 		.4byte	.LFE11-.LFB11
 746 02b8 01       		.uleb128 0x1
 747 02b9 9C       		.byte	0x9c
 748 02ba 13       		.uleb128 0x13
 749 02bb 81010000 		.4byte	.LASF32
 750 02bf 01       		.byte	0x1
 751 02c0 8E01     		.2byte	0x18e
 752 02c2 00000000 		.4byte	.LFB12
 753 02c6 10000000 		.4byte	.LFE12-.LFB12
 754 02ca 01       		.uleb128 0x1
 755 02cb 9C       		.byte	0x9c
 756 02cc 17       		.uleb128 0x17
 757 02cd A9000000 		.4byte	0xa9
 758 02d1 DC020000 		.4byte	0x2dc
 759 02d5 18       		.uleb128 0x18
 760 02d6 BC000000 		.4byte	0xbc
 761 02da 2F       		.byte	0x2f
 762 02db 00       		.byte	0
 763 02dc 19       		.uleb128 0x19
 764 02dd 06000000 		.4byte	.LASF39
 765 02e1 01       		.byte	0x1
 766 02e2 21       		.byte	0x21
 767 02e3 CC020000 		.4byte	0x2cc
 768 02e7 1A       		.uleb128 0x1a
 769 02e8 E7010000 		.4byte	.LASF33
 770 02ec E7010000 		.4byte	.LASF33
 771 02f0 03       		.byte	0x3
 772 02f1 E5       		.byte	0xe5
 773 02f2 1A       		.uleb128 0x1a
 774 02f3 13020000 		.4byte	.LASF34
 775 02f7 13020000 		.4byte	.LASF34
 776 02fb 03       		.byte	0x3
 777 02fc E6       		.byte	0xe6
 778 02fd 00       		.byte	0
 779              		.section	.debug_abbrev,"",%progbits
ARM GAS  C:\Users\VIDEOH~1\AppData\Local\Temp\cc4mrBAl.s 			page 22


 780              	.Ldebug_abbrev0:
 781 0000 01       		.uleb128 0x1
 782 0001 11       		.uleb128 0x11
 783 0002 01       		.byte	0x1
 784 0003 25       		.uleb128 0x25
 785 0004 0E       		.uleb128 0xe
 786 0005 13       		.uleb128 0x13
 787 0006 0B       		.uleb128 0xb
 788 0007 03       		.uleb128 0x3
 789 0008 0E       		.uleb128 0xe
 790 0009 1B       		.uleb128 0x1b
 791 000a 0E       		.uleb128 0xe
 792 000b 55       		.uleb128 0x55
 793 000c 17       		.uleb128 0x17
 794 000d 11       		.uleb128 0x11
 795 000e 01       		.uleb128 0x1
 796 000f 10       		.uleb128 0x10
 797 0010 17       		.uleb128 0x17
 798 0011 00       		.byte	0
 799 0012 00       		.byte	0
 800 0013 02       		.uleb128 0x2
 801 0014 24       		.uleb128 0x24
 802 0015 00       		.byte	0
 803 0016 0B       		.uleb128 0xb
 804 0017 0B       		.uleb128 0xb
 805 0018 3E       		.uleb128 0x3e
 806 0019 0B       		.uleb128 0xb
 807 001a 03       		.uleb128 0x3
 808 001b 0E       		.uleb128 0xe
 809 001c 00       		.byte	0
 810 001d 00       		.byte	0
 811 001e 03       		.uleb128 0x3
 812 001f 24       		.uleb128 0x24
 813 0020 00       		.byte	0
 814 0021 0B       		.uleb128 0xb
 815 0022 0B       		.uleb128 0xb
 816 0023 3E       		.uleb128 0x3e
 817 0024 0B       		.uleb128 0xb
 818 0025 03       		.uleb128 0x3
 819 0026 08       		.uleb128 0x8
 820 0027 00       		.byte	0
 821 0028 00       		.byte	0
 822 0029 04       		.uleb128 0x4
 823 002a 16       		.uleb128 0x16
 824 002b 00       		.byte	0
 825 002c 03       		.uleb128 0x3
 826 002d 0E       		.uleb128 0xe
 827 002e 3A       		.uleb128 0x3a
 828 002f 0B       		.uleb128 0xb
 829 0030 3B       		.uleb128 0x3b
 830 0031 05       		.uleb128 0x5
 831 0032 49       		.uleb128 0x49
 832 0033 13       		.uleb128 0x13
 833 0034 00       		.byte	0
 834 0035 00       		.byte	0
 835 0036 05       		.uleb128 0x5
 836 0037 35       		.uleb128 0x35
ARM GAS  C:\Users\VIDEOH~1\AppData\Local\Temp\cc4mrBAl.s 			page 23


 837 0038 00       		.byte	0
 838 0039 49       		.uleb128 0x49
 839 003a 13       		.uleb128 0x13
 840 003b 00       		.byte	0
 841 003c 00       		.byte	0
 842 003d 06       		.uleb128 0x6
 843 003e 0F       		.uleb128 0xf
 844 003f 00       		.byte	0
 845 0040 0B       		.uleb128 0xb
 846 0041 0B       		.uleb128 0xb
 847 0042 49       		.uleb128 0x49
 848 0043 13       		.uleb128 0x13
 849 0044 00       		.byte	0
 850 0045 00       		.byte	0
 851 0046 07       		.uleb128 0x7
 852 0047 15       		.uleb128 0x15
 853 0048 00       		.byte	0
 854 0049 27       		.uleb128 0x27
 855 004a 19       		.uleb128 0x19
 856 004b 00       		.byte	0
 857 004c 00       		.byte	0
 858 004d 08       		.uleb128 0x8
 859 004e 2E       		.uleb128 0x2e
 860 004f 00       		.byte	0
 861 0050 3F       		.uleb128 0x3f
 862 0051 19       		.uleb128 0x19
 863 0052 03       		.uleb128 0x3
 864 0053 0E       		.uleb128 0xe
 865 0054 3A       		.uleb128 0x3a
 866 0055 0B       		.uleb128 0xb
 867 0056 3B       		.uleb128 0x3b
 868 0057 0B       		.uleb128 0xb
 869 0058 27       		.uleb128 0x27
 870 0059 19       		.uleb128 0x19
 871 005a 11       		.uleb128 0x11
 872 005b 01       		.uleb128 0x1
 873 005c 12       		.uleb128 0x12
 874 005d 06       		.uleb128 0x6
 875 005e 40       		.uleb128 0x40
 876 005f 18       		.uleb128 0x18
 877 0060 9742     		.uleb128 0x2117
 878 0062 19       		.uleb128 0x19
 879 0063 00       		.byte	0
 880 0064 00       		.byte	0
 881 0065 09       		.uleb128 0x9
 882 0066 2E       		.uleb128 0x2e
 883 0067 01       		.byte	0x1
 884 0068 3F       		.uleb128 0x3f
 885 0069 19       		.uleb128 0x19
 886 006a 03       		.uleb128 0x3
 887 006b 0E       		.uleb128 0xe
 888 006c 3A       		.uleb128 0x3a
 889 006d 0B       		.uleb128 0xb
 890 006e 3B       		.uleb128 0x3b
 891 006f 0B       		.uleb128 0xb
 892 0070 27       		.uleb128 0x27
 893 0071 19       		.uleb128 0x19
ARM GAS  C:\Users\VIDEOH~1\AppData\Local\Temp\cc4mrBAl.s 			page 24


 894 0072 11       		.uleb128 0x11
 895 0073 01       		.uleb128 0x1
 896 0074 12       		.uleb128 0x12
 897 0075 06       		.uleb128 0x6
 898 0076 40       		.uleb128 0x40
 899 0077 18       		.uleb128 0x18
 900 0078 9742     		.uleb128 0x2117
 901 007a 19       		.uleb128 0x19
 902 007b 01       		.uleb128 0x1
 903 007c 13       		.uleb128 0x13
 904 007d 00       		.byte	0
 905 007e 00       		.byte	0
 906 007f 0A       		.uleb128 0xa
 907 0080 05       		.uleb128 0x5
 908 0081 00       		.byte	0
 909 0082 03       		.uleb128 0x3
 910 0083 0E       		.uleb128 0xe
 911 0084 3A       		.uleb128 0x3a
 912 0085 0B       		.uleb128 0xb
 913 0086 3B       		.uleb128 0x3b
 914 0087 0B       		.uleb128 0xb
 915 0088 49       		.uleb128 0x49
 916 0089 13       		.uleb128 0x13
 917 008a 02       		.uleb128 0x2
 918 008b 18       		.uleb128 0x18
 919 008c 00       		.byte	0
 920 008d 00       		.byte	0
 921 008e 0B       		.uleb128 0xb
 922 008f 2E       		.uleb128 0x2e
 923 0090 00       		.byte	0
 924 0091 3F       		.uleb128 0x3f
 925 0092 19       		.uleb128 0x19
 926 0093 03       		.uleb128 0x3
 927 0094 0E       		.uleb128 0xe
 928 0095 3A       		.uleb128 0x3a
 929 0096 0B       		.uleb128 0xb
 930 0097 3B       		.uleb128 0x3b
 931 0098 0B       		.uleb128 0xb
 932 0099 27       		.uleb128 0x27
 933 009a 19       		.uleb128 0x19
 934 009b 49       		.uleb128 0x49
 935 009c 13       		.uleb128 0x13
 936 009d 11       		.uleb128 0x11
 937 009e 01       		.uleb128 0x1
 938 009f 12       		.uleb128 0x12
 939 00a0 06       		.uleb128 0x6
 940 00a1 40       		.uleb128 0x40
 941 00a2 18       		.uleb128 0x18
 942 00a3 9742     		.uleb128 0x2117
 943 00a5 19       		.uleb128 0x19
 944 00a6 00       		.byte	0
 945 00a7 00       		.byte	0
 946 00a8 0C       		.uleb128 0xc
 947 00a9 05       		.uleb128 0x5
 948 00aa 00       		.byte	0
 949 00ab 03       		.uleb128 0x3
 950 00ac 0E       		.uleb128 0xe
ARM GAS  C:\Users\VIDEOH~1\AppData\Local\Temp\cc4mrBAl.s 			page 25


 951 00ad 3A       		.uleb128 0x3a
 952 00ae 0B       		.uleb128 0xb
 953 00af 3B       		.uleb128 0x3b
 954 00b0 0B       		.uleb128 0xb
 955 00b1 49       		.uleb128 0x49
 956 00b2 13       		.uleb128 0x13
 957 00b3 02       		.uleb128 0x2
 958 00b4 17       		.uleb128 0x17
 959 00b5 00       		.byte	0
 960 00b6 00       		.byte	0
 961 00b7 0D       		.uleb128 0xd
 962 00b8 34       		.uleb128 0x34
 963 00b9 00       		.byte	0
 964 00ba 03       		.uleb128 0x3
 965 00bb 0E       		.uleb128 0xe
 966 00bc 3A       		.uleb128 0x3a
 967 00bd 0B       		.uleb128 0xb
 968 00be 3B       		.uleb128 0x3b
 969 00bf 0B       		.uleb128 0xb
 970 00c0 49       		.uleb128 0x49
 971 00c1 13       		.uleb128 0x13
 972 00c2 02       		.uleb128 0x2
 973 00c3 17       		.uleb128 0x17
 974 00c4 00       		.byte	0
 975 00c5 00       		.byte	0
 976 00c6 0E       		.uleb128 0xe
 977 00c7 34       		.uleb128 0x34
 978 00c8 00       		.byte	0
 979 00c9 03       		.uleb128 0x3
 980 00ca 0E       		.uleb128 0xe
 981 00cb 3A       		.uleb128 0x3a
 982 00cc 0B       		.uleb128 0xb
 983 00cd 3B       		.uleb128 0x3b
 984 00ce 0B       		.uleb128 0xb
 985 00cf 49       		.uleb128 0x49
 986 00d0 13       		.uleb128 0x13
 987 00d1 1C       		.uleb128 0x1c
 988 00d2 0B       		.uleb128 0xb
 989 00d3 00       		.byte	0
 990 00d4 00       		.byte	0
 991 00d5 0F       		.uleb128 0xf
 992 00d6 898201   		.uleb128 0x4109
 993 00d9 00       		.byte	0
 994 00da 11       		.uleb128 0x11
 995 00db 01       		.uleb128 0x1
 996 00dc 31       		.uleb128 0x31
 997 00dd 13       		.uleb128 0x13
 998 00de 00       		.byte	0
 999 00df 00       		.byte	0
 1000 00e0 10       		.uleb128 0x10
 1001 00e1 2E       		.uleb128 0x2e
 1002 00e2 01       		.byte	0x1
 1003 00e3 3F       		.uleb128 0x3f
 1004 00e4 19       		.uleb128 0x19
 1005 00e5 03       		.uleb128 0x3
 1006 00e6 0E       		.uleb128 0xe
 1007 00e7 3A       		.uleb128 0x3a
ARM GAS  C:\Users\VIDEOH~1\AppData\Local\Temp\cc4mrBAl.s 			page 26


 1008 00e8 0B       		.uleb128 0xb
 1009 00e9 3B       		.uleb128 0x3b
 1010 00ea 05       		.uleb128 0x5
 1011 00eb 27       		.uleb128 0x27
 1012 00ec 19       		.uleb128 0x19
 1013 00ed 49       		.uleb128 0x49
 1014 00ee 13       		.uleb128 0x13
 1015 00ef 11       		.uleb128 0x11
 1016 00f0 01       		.uleb128 0x1
 1017 00f1 12       		.uleb128 0x12
 1018 00f2 06       		.uleb128 0x6
 1019 00f3 40       		.uleb128 0x40
 1020 00f4 18       		.uleb128 0x18
 1021 00f5 9742     		.uleb128 0x2117
 1022 00f7 19       		.uleb128 0x19
 1023 00f8 01       		.uleb128 0x1
 1024 00f9 13       		.uleb128 0x13
 1025 00fa 00       		.byte	0
 1026 00fb 00       		.byte	0
 1027 00fc 11       		.uleb128 0x11
 1028 00fd 34       		.uleb128 0x34
 1029 00fe 00       		.byte	0
 1030 00ff 03       		.uleb128 0x3
 1031 0100 0E       		.uleb128 0xe
 1032 0101 3A       		.uleb128 0x3a
 1033 0102 0B       		.uleb128 0xb
 1034 0103 3B       		.uleb128 0x3b
 1035 0104 05       		.uleb128 0x5
 1036 0105 49       		.uleb128 0x49
 1037 0106 13       		.uleb128 0x13
 1038 0107 02       		.uleb128 0x2
 1039 0108 17       		.uleb128 0x17
 1040 0109 00       		.byte	0
 1041 010a 00       		.byte	0
 1042 010b 12       		.uleb128 0x12
 1043 010c 34       		.uleb128 0x34
 1044 010d 00       		.byte	0
 1045 010e 03       		.uleb128 0x3
 1046 010f 0E       		.uleb128 0xe
 1047 0110 3A       		.uleb128 0x3a
 1048 0111 0B       		.uleb128 0xb
 1049 0112 3B       		.uleb128 0x3b
 1050 0113 05       		.uleb128 0x5
 1051 0114 49       		.uleb128 0x49
 1052 0115 13       		.uleb128 0x13
 1053 0116 1C       		.uleb128 0x1c
 1054 0117 0B       		.uleb128 0xb
 1055 0118 00       		.byte	0
 1056 0119 00       		.byte	0
 1057 011a 13       		.uleb128 0x13
 1058 011b 2E       		.uleb128 0x2e
 1059 011c 00       		.byte	0
 1060 011d 3F       		.uleb128 0x3f
 1061 011e 19       		.uleb128 0x19
 1062 011f 03       		.uleb128 0x3
 1063 0120 0E       		.uleb128 0xe
 1064 0121 3A       		.uleb128 0x3a
ARM GAS  C:\Users\VIDEOH~1\AppData\Local\Temp\cc4mrBAl.s 			page 27


 1065 0122 0B       		.uleb128 0xb
 1066 0123 3B       		.uleb128 0x3b
 1067 0124 05       		.uleb128 0x5
 1068 0125 27       		.uleb128 0x27
 1069 0126 19       		.uleb128 0x19
 1070 0127 11       		.uleb128 0x11
 1071 0128 01       		.uleb128 0x1
 1072 0129 12       		.uleb128 0x12
 1073 012a 06       		.uleb128 0x6
 1074 012b 40       		.uleb128 0x40
 1075 012c 18       		.uleb128 0x18
 1076 012d 9742     		.uleb128 0x2117
 1077 012f 19       		.uleb128 0x19
 1078 0130 00       		.byte	0
 1079 0131 00       		.byte	0
 1080 0132 14       		.uleb128 0x14
 1081 0133 2E       		.uleb128 0x2e
 1082 0134 00       		.byte	0
 1083 0135 3F       		.uleb128 0x3f
 1084 0136 19       		.uleb128 0x19
 1085 0137 03       		.uleb128 0x3
 1086 0138 0E       		.uleb128 0xe
 1087 0139 3A       		.uleb128 0x3a
 1088 013a 0B       		.uleb128 0xb
 1089 013b 3B       		.uleb128 0x3b
 1090 013c 05       		.uleb128 0x5
 1091 013d 27       		.uleb128 0x27
 1092 013e 19       		.uleb128 0x19
 1093 013f 49       		.uleb128 0x49
 1094 0140 13       		.uleb128 0x13
 1095 0141 11       		.uleb128 0x11
 1096 0142 01       		.uleb128 0x1
 1097 0143 12       		.uleb128 0x12
 1098 0144 06       		.uleb128 0x6
 1099 0145 40       		.uleb128 0x40
 1100 0146 18       		.uleb128 0x18
 1101 0147 9742     		.uleb128 0x2117
 1102 0149 19       		.uleb128 0x19
 1103 014a 00       		.byte	0
 1104 014b 00       		.byte	0
 1105 014c 15       		.uleb128 0x15
 1106 014d 898201   		.uleb128 0x4109
 1107 0150 01       		.byte	0x1
 1108 0151 11       		.uleb128 0x11
 1109 0152 01       		.uleb128 0x1
 1110 0153 31       		.uleb128 0x31
 1111 0154 13       		.uleb128 0x13
 1112 0155 01       		.uleb128 0x1
 1113 0156 13       		.uleb128 0x13
 1114 0157 00       		.byte	0
 1115 0158 00       		.byte	0
 1116 0159 16       		.uleb128 0x16
 1117 015a 8A8201   		.uleb128 0x410a
 1118 015d 00       		.byte	0
 1119 015e 02       		.uleb128 0x2
 1120 015f 18       		.uleb128 0x18
 1121 0160 9142     		.uleb128 0x2111
ARM GAS  C:\Users\VIDEOH~1\AppData\Local\Temp\cc4mrBAl.s 			page 28


 1122 0162 18       		.uleb128 0x18
 1123 0163 00       		.byte	0
 1124 0164 00       		.byte	0
 1125 0165 17       		.uleb128 0x17
 1126 0166 01       		.uleb128 0x1
 1127 0167 01       		.byte	0x1
 1128 0168 49       		.uleb128 0x49
 1129 0169 13       		.uleb128 0x13
 1130 016a 01       		.uleb128 0x1
 1131 016b 13       		.uleb128 0x13
 1132 016c 00       		.byte	0
 1133 016d 00       		.byte	0
 1134 016e 18       		.uleb128 0x18
 1135 016f 21       		.uleb128 0x21
 1136 0170 00       		.byte	0
 1137 0171 49       		.uleb128 0x49
 1138 0172 13       		.uleb128 0x13
 1139 0173 2F       		.uleb128 0x2f
 1140 0174 0B       		.uleb128 0xb
 1141 0175 00       		.byte	0
 1142 0176 00       		.byte	0
 1143 0177 19       		.uleb128 0x19
 1144 0178 34       		.uleb128 0x34
 1145 0179 00       		.byte	0
 1146 017a 03       		.uleb128 0x3
 1147 017b 0E       		.uleb128 0xe
 1148 017c 3A       		.uleb128 0x3a
 1149 017d 0B       		.uleb128 0xb
 1150 017e 3B       		.uleb128 0x3b
 1151 017f 0B       		.uleb128 0xb
 1152 0180 49       		.uleb128 0x49
 1153 0181 13       		.uleb128 0x13
 1154 0182 3F       		.uleb128 0x3f
 1155 0183 19       		.uleb128 0x19
 1156 0184 3C       		.uleb128 0x3c
 1157 0185 19       		.uleb128 0x19
 1158 0186 00       		.byte	0
 1159 0187 00       		.byte	0
 1160 0188 1A       		.uleb128 0x1a
 1161 0189 2E       		.uleb128 0x2e
 1162 018a 00       		.byte	0
 1163 018b 3F       		.uleb128 0x3f
 1164 018c 19       		.uleb128 0x19
 1165 018d 3C       		.uleb128 0x3c
 1166 018e 19       		.uleb128 0x19
 1167 018f 6E       		.uleb128 0x6e
 1168 0190 0E       		.uleb128 0xe
 1169 0191 03       		.uleb128 0x3
 1170 0192 0E       		.uleb128 0xe
 1171 0193 3A       		.uleb128 0x3a
 1172 0194 0B       		.uleb128 0xb
 1173 0195 3B       		.uleb128 0x3b
 1174 0196 0B       		.uleb128 0xb
 1175 0197 00       		.byte	0
 1176 0198 00       		.byte	0
 1177 0199 00       		.byte	0
 1178              		.section	.debug_loc,"",%progbits
ARM GAS  C:\Users\VIDEOH~1\AppData\Local\Temp\cc4mrBAl.s 			page 29


 1179              	.Ldebug_loc0:
 1180              	.LLST0:
 1181 0000 00000000 		.4byte	.LVL1
 1182 0004 07000000 		.4byte	.LVL3-1
 1183 0008 0100     		.2byte	0x1
 1184 000a 50       		.byte	0x50
 1185 000b 07000000 		.4byte	.LVL3-1
 1186 000f 24000000 		.4byte	.LFE6
 1187 0013 0400     		.2byte	0x4
 1188 0015 F3       		.byte	0xf3
 1189 0016 01       		.uleb128 0x1
 1190 0017 50       		.byte	0x50
 1191 0018 9F       		.byte	0x9f
 1192 0019 00000000 		.4byte	0
 1193 001d 00000000 		.4byte	0
 1194              	.LLST1:
 1195 0021 08000000 		.4byte	.LVL3
 1196 0025 19000000 		.4byte	.LVL4-1
 1197 0029 0100     		.2byte	0x1
 1198 002b 50       		.byte	0x50
 1199 002c 00000000 		.4byte	0
 1200 0030 00000000 		.4byte	0
 1201              	.LLST2:
 1202 0034 06000000 		.4byte	.LVL6
 1203 0038 0A000000 		.4byte	.LVL7
 1204 003c 0500     		.2byte	0x5
 1205 003e 70       		.byte	0x70
 1206 003f 00       		.sleb128 0
 1207 0040 33       		.byte	0x33
 1208 0041 1A       		.byte	0x1a
 1209 0042 9F       		.byte	0x9f
 1210 0043 0A000000 		.4byte	.LVL7
 1211 0047 10000000 		.4byte	.LFE7
 1212 004b 0100     		.2byte	0x1
 1213 004d 50       		.byte	0x50
 1214 004e 00000000 		.4byte	0
 1215 0052 00000000 		.4byte	0
 1216              	.LLST3:
 1217 0056 00000000 		.4byte	.LVL12
 1218 005a 07000000 		.4byte	.LVL13-1
 1219 005e 0100     		.2byte	0x1
 1220 0060 50       		.byte	0x50
 1221 0061 07000000 		.4byte	.LVL13-1
 1222 0065 18000000 		.4byte	.LVL17
 1223 0069 0100     		.2byte	0x1
 1224 006b 54       		.byte	0x54
 1225 006c 18000000 		.4byte	.LVL17
 1226 0070 1A000000 		.4byte	.LFE1
 1227 0074 0400     		.2byte	0x4
 1228 0076 F3       		.byte	0xf3
 1229 0077 01       		.uleb128 0x1
 1230 0078 50       		.byte	0x50
 1231 0079 9F       		.byte	0x9f
 1232 007a 00000000 		.4byte	0
 1233 007e 00000000 		.4byte	0
 1234              		.section	.debug_aranges,"",%progbits
 1235 0000 7C000000 		.4byte	0x7c
ARM GAS  C:\Users\VIDEOH~1\AppData\Local\Temp\cc4mrBAl.s 			page 30


 1236 0004 0200     		.2byte	0x2
 1237 0006 00000000 		.4byte	.Ldebug_info0
 1238 000a 04       		.byte	0x4
 1239 000b 00       		.byte	0
 1240 000c 0000     		.2byte	0
 1241 000e 0000     		.2byte	0
 1242 0010 00000000 		.4byte	.LFB3
 1243 0014 02000000 		.4byte	.LFE3-.LFB3
 1244 0018 00000000 		.4byte	.LFB4
 1245 001c 0C000000 		.4byte	.LFE4-.LFB4
 1246 0020 00000000 		.4byte	.LFB5
 1247 0024 0C000000 		.4byte	.LFE5-.LFB5
 1248 0028 00000000 		.4byte	.LFB6
 1249 002c 24000000 		.4byte	.LFE6-.LFB6
 1250 0030 00000000 		.4byte	.LFB7
 1251 0034 10000000 		.4byte	.LFE7-.LFB7
 1252 0038 00000000 		.4byte	.LFB8
 1253 003c 10000000 		.4byte	.LFE8-.LFB8
 1254 0040 00000000 		.4byte	.LFB9
 1255 0044 14000000 		.4byte	.LFE9-.LFB9
 1256 0048 00000000 		.4byte	.LFB10
 1257 004c 10000000 		.4byte	.LFE10-.LFB10
 1258 0050 00000000 		.4byte	.LFB0
 1259 0054 1C000000 		.4byte	.LFE0-.LFB0
 1260 0058 00000000 		.4byte	.LFB1
 1261 005c 1A000000 		.4byte	.LFE1-.LFB1
 1262 0060 00000000 		.4byte	.LFB2
 1263 0064 14000000 		.4byte	.LFE2-.LFB2
 1264 0068 00000000 		.4byte	.LFB11
 1265 006c 10000000 		.4byte	.LFE11-.LFB11
 1266 0070 00000000 		.4byte	.LFB12
 1267 0074 10000000 		.4byte	.LFE12-.LFB12
 1268 0078 00000000 		.4byte	0
 1269 007c 00000000 		.4byte	0
 1270              		.section	.debug_ranges,"",%progbits
 1271              	.Ldebug_ranges0:
 1272 0000 00000000 		.4byte	.LFB3
 1273 0004 02000000 		.4byte	.LFE3
 1274 0008 00000000 		.4byte	.LFB4
 1275 000c 0C000000 		.4byte	.LFE4
 1276 0010 00000000 		.4byte	.LFB5
 1277 0014 0C000000 		.4byte	.LFE5
 1278 0018 00000000 		.4byte	.LFB6
 1279 001c 24000000 		.4byte	.LFE6
 1280 0020 00000000 		.4byte	.LFB7
 1281 0024 10000000 		.4byte	.LFE7
 1282 0028 00000000 		.4byte	.LFB8
 1283 002c 10000000 		.4byte	.LFE8
 1284 0030 00000000 		.4byte	.LFB9
 1285 0034 14000000 		.4byte	.LFE9
 1286 0038 00000000 		.4byte	.LFB10
 1287 003c 10000000 		.4byte	.LFE10
 1288 0040 00000000 		.4byte	.LFB0
 1289 0044 1C000000 		.4byte	.LFE0
 1290 0048 00000000 		.4byte	.LFB1
 1291 004c 1A000000 		.4byte	.LFE1
 1292 0050 00000000 		.4byte	.LFB2
ARM GAS  C:\Users\VIDEOH~1\AppData\Local\Temp\cc4mrBAl.s 			page 31


 1293 0054 14000000 		.4byte	.LFE2
 1294 0058 00000000 		.4byte	.LFB11
 1295 005c 10000000 		.4byte	.LFE11
 1296 0060 00000000 		.4byte	.LFB12
 1297 0064 10000000 		.4byte	.LFE12
 1298 0068 00000000 		.4byte	0
 1299 006c 00000000 		.4byte	0
 1300              		.section	.debug_line,"",%progbits
 1301              	.Ldebug_line0:
 1302 0000 4F010000 		.section	.debug_str,"MS",%progbits,1
 1302      02004F00 
 1302      00000201 
 1302      FB0E0D00 
 1302      01010101 
 1303              	.LASF14:
 1304 0000 72656733 		.ascii	"reg32\000"
 1304      3200
 1305              	.LASF39:
 1306 0006 43795261 		.ascii	"CyRamVectors\000"
 1306      6D566563 
 1306      746F7273 
 1306      00
 1307              	.LASF30:
 1308 0013 4144435F 		.ascii	"ADC_IRQ_Stop\000"
 1308      4952515F 
 1308      53746F70 
 1308      00
 1309              	.LASF17:
 1310 0020 4144435F 		.ascii	"ADC_IRQ_SetVector\000"
 1310      4952515F 
 1310      53657456 
 1310      6563746F 
 1310      7200
 1311              	.LASF3:
 1312 0032 73686F72 		.ascii	"short unsigned int\000"
 1312      7420756E 
 1312      7369676E 
 1312      65642069 
 1312      6E7400
 1313              	.LASF26:
 1314 0045 4144435F 		.ascii	"ADC_IRQ_GetState\000"
 1314      4952515F 
 1314      47657453 
 1314      74617465 
 1314      00
 1315              	.LASF35:
 1316 0056 474E5520 		.ascii	"GNU C99 5.4.1 20160609 (release) [ARM/embedded-5-br"
 1316      43393920 
 1316      352E342E 
 1316      31203230 
 1316      31363036 
 1317 0089 616E6368 		.ascii	"anch revision 237715] -mcpu=cortex-m0 -mthumb -g -O"
 1317      20726576 
 1317      6973696F 
 1317      6E203233 
 1317      37373135 
 1318 00bc 67202D73 		.ascii	"g -std=gnu99 -ffunction-sections -ffat-lto-objects\000"
ARM GAS  C:\Users\VIDEOH~1\AppData\Local\Temp\cc4mrBAl.s 			page 32


 1318      74643D67 
 1318      6E753939 
 1318      202D6666 
 1318      756E6374 
 1319              	.LASF25:
 1320 00ef 4144435F 		.ascii	"ADC_IRQ_GetVector\000"
 1320      4952515F 
 1320      47657456 
 1320      6563746F 
 1320      7200
 1321              	.LASF23:
 1322 0101 4144435F 		.ascii	"ADC_IRQ_Interrupt\000"
 1322      4952515F 
 1322      496E7465 
 1322      72727570 
 1322      7400
 1323              	.LASF11:
 1324 0113 666C6F61 		.ascii	"float\000"
 1324      7400
 1325              	.LASF7:
 1326 0119 6C6F6E67 		.ascii	"long long unsigned int\000"
 1326      206C6F6E 
 1326      6720756E 
 1326      7369676E 
 1326      65642069 
 1327              	.LASF1:
 1328 0130 756E7369 		.ascii	"unsigned char\000"
 1328      676E6564 
 1328      20636861 
 1328      7200
 1329              	.LASF21:
 1330 013e 696E7465 		.ascii	"interruptState\000"
 1330      72727570 
 1330      74537461 
 1330      746500
 1331              	.LASF5:
 1332 014d 6C6F6E67 		.ascii	"long unsigned int\000"
 1332      20756E73 
 1332      69676E65 
 1332      6420696E 
 1332      7400
 1333              	.LASF9:
 1334 015f 75696E74 		.ascii	"uint8\000"
 1334      3800
 1335              	.LASF20:
 1336 0165 7072696F 		.ascii	"priority\000"
 1336      72697479 
 1336      00
 1337              	.LASF31:
 1338 016e 4144435F 		.ascii	"ADC_IRQ_SetPending\000"
 1338      4952515F 
 1338      53657450 
 1338      656E6469 
 1338      6E6700
 1339              	.LASF32:
 1340 0181 4144435F 		.ascii	"ADC_IRQ_ClearPending\000"
 1340      4952515F 
ARM GAS  C:\Users\VIDEOH~1\AppData\Local\Temp\cc4mrBAl.s 			page 33


 1340      436C6561 
 1340      7250656E 
 1340      64696E67 
 1341              	.LASF12:
 1342 0196 646F7562 		.ascii	"double\000"
 1342      6C6500
 1343              	.LASF28:
 1344 019d 4144435F 		.ascii	"ADC_IRQ_Start\000"
 1344      4952515F 
 1344      53746172 
 1344      7400
 1345              	.LASF36:
 1346 01ab 47656E65 		.ascii	"Generated_Source\\PSoC4\\ADC_IRQ.c\000"
 1346      72617465 
 1346      645F536F 
 1346      75726365 
 1346      5C50536F 
 1347              	.LASF38:
 1348 01cc 4144435F 		.ascii	"ADC_IRQ_GetPriority\000"
 1348      4952515F 
 1348      47657450 
 1348      72696F72 
 1348      69747900 
 1349              	.LASF10:
 1350 01e0 75696E74 		.ascii	"uint32\000"
 1350      333200
 1351              	.LASF33:
 1352 01e7 4379456E 		.ascii	"CyEnterCriticalSection\000"
 1352      74657243 
 1352      72697469 
 1352      63616C53 
 1352      65637469 
 1353              	.LASF8:
 1354 01fe 756E7369 		.ascii	"unsigned int\000"
 1354      676E6564 
 1354      20696E74 
 1354      00
 1355              	.LASF19:
 1356 020b 61646472 		.ascii	"address\000"
 1356      65737300 
 1357              	.LASF34:
 1358 0213 43794578 		.ascii	"CyExitCriticalSection\000"
 1358      69744372 
 1358      69746963 
 1358      616C5365 
 1358      6374696F 
 1359              	.LASF15:
 1360 0229 63796973 		.ascii	"cyisraddress\000"
 1360      72616464 
 1360      72657373 
 1360      00
 1361              	.LASF37:
 1362 0236 443A5C31 		.ascii	"D:\\1_work\\my_project\\ReloadPro\\psoc42boot\\Relo"
 1362      5F776F72 
 1362      6B5C6D79 
 1362      5F70726F 
 1362      6A656374 
ARM GAS  C:\Users\VIDEOH~1\AppData\Local\Temp\cc4mrBAl.s 			page 34


 1363 0264 61642050 		.ascii	"ad Pro.cydsn\000"
 1363      726F2E63 
 1363      7964736E 
 1363      00
 1364              	.LASF29:
 1365 0271 4144435F 		.ascii	"ADC_IRQ_StartEx\000"
 1365      4952515F 
 1365      53746172 
 1365      74457800 
 1366              	.LASF16:
 1367 0281 73697A65 		.ascii	"sizetype\000"
 1367      74797065 
 1367      00
 1368              	.LASF6:
 1369 028a 6C6F6E67 		.ascii	"long long int\000"
 1369      206C6F6E 
 1369      6720696E 
 1369      7400
 1370              	.LASF13:
 1371 0298 63686172 		.ascii	"char\000"
 1371      00
 1372              	.LASF2:
 1373 029d 73686F72 		.ascii	"short int\000"
 1373      7420696E 
 1373      7400
 1374              	.LASF27:
 1375 02a7 4144435F 		.ascii	"ADC_IRQ_Disable\000"
 1375      4952515F 
 1375      44697361 
 1375      626C6500 
 1376              	.LASF22:
 1377 02b7 7072696F 		.ascii	"priorityOffset\000"
 1377      72697479 
 1377      4F666673 
 1377      657400
 1378              	.LASF4:
 1379 02c6 6C6F6E67 		.ascii	"long int\000"
 1379      20696E74 
 1379      00
 1380              	.LASF0:
 1381 02cf 7369676E 		.ascii	"signed char\000"
 1381      65642063 
 1381      68617200 
 1382              	.LASF18:
 1383 02db 4144435F 		.ascii	"ADC_IRQ_SetPriority\000"
 1383      4952515F 
 1383      53657450 
 1383      72696F72 
 1383      69747900 
 1384              	.LASF24:
 1385 02ef 4144435F 		.ascii	"ADC_IRQ_Enable\000"
 1385      4952515F 
 1385      456E6162 
 1385      6C6500
 1386              		.ident	"GCC: (GNU Tools for ARM Embedded Processors) 5.4.1 20160609 (release) [ARM/embedded-5-bran
