ARM GAS  C:\Users\VIDEOH~1\AppData\Local\Temp\cc0fZQyf.s 			page 1


   1              		.syntax unified
   2              		.cpu cortex-m0
   3              		.fpu softvfp
   4              		.eabi_attribute 20, 1
   5              		.eabi_attribute 21, 1
   6              		.eabi_attribute 23, 3
   7              		.eabi_attribute 24, 1
   8              		.eabi_attribute 25, 1
   9              		.eabi_attribute 26, 1
  10              		.eabi_attribute 30, 1
  11              		.eabi_attribute 34, 0
  12              		.eabi_attribute 18, 4
  13              		.thumb
  14              		.syntax unified
  15              		.file	"ADC_INT.c"
  16              		.text
  17              	.Ltext0:
  18              		.cfi_sections	.debug_frame
  19              		.section	.text.ADC_ISR,"ax",%progbits
  20              		.align	2
  21              		.global	ADC_ISR
  22              		.code	16
  23              		.thumb_func
  24              		.type	ADC_ISR, %function
  25              	ADC_ISR:
  26              	.LFB0:
  27              		.file 1 "Generated_Source\\PSoC4\\ADC_INT.c"
   1:Generated_Source\PSoC4/ADC_INT.c **** /*******************************************************************************
   2:Generated_Source\PSoC4/ADC_INT.c **** * File Name: ADC_INT.c
   3:Generated_Source\PSoC4/ADC_INT.c **** * Version 2.50
   4:Generated_Source\PSoC4/ADC_INT.c **** *
   5:Generated_Source\PSoC4/ADC_INT.c **** *  Description:
   6:Generated_Source\PSoC4/ADC_INT.c **** *    This file contains the code that operates during the ADC_SAR interrupt
   7:Generated_Source\PSoC4/ADC_INT.c **** *    service routine.
   8:Generated_Source\PSoC4/ADC_INT.c **** *
   9:Generated_Source\PSoC4/ADC_INT.c **** *   Note:
  10:Generated_Source\PSoC4/ADC_INT.c **** *
  11:Generated_Source\PSoC4/ADC_INT.c **** ********************************************************************************
  12:Generated_Source\PSoC4/ADC_INT.c **** * Copyright 2008-2017, Cypress Semiconductor Corporation.  All rights reserved.
  13:Generated_Source\PSoC4/ADC_INT.c **** * You may use this file only in accordance with the license, terms, conditions,
  14:Generated_Source\PSoC4/ADC_INT.c **** * disclaimers, and limitations in the end user license agreement accompanying
  15:Generated_Source\PSoC4/ADC_INT.c **** * the software package with which this file was provided.
  16:Generated_Source\PSoC4/ADC_INT.c **** *******************************************************************************/
  17:Generated_Source\PSoC4/ADC_INT.c **** 
  18:Generated_Source\PSoC4/ADC_INT.c **** #include "ADC.h"
  19:Generated_Source\PSoC4/ADC_INT.c **** 
  20:Generated_Source\PSoC4/ADC_INT.c **** 
  21:Generated_Source\PSoC4/ADC_INT.c **** 
  22:Generated_Source\PSoC4/ADC_INT.c **** /******************************************************************************
  23:Generated_Source\PSoC4/ADC_INT.c **** * Custom Declarations and Variables
  24:Generated_Source\PSoC4/ADC_INT.c **** * - add user inlcude files, prototypes and variables between the following
  25:Generated_Source\PSoC4/ADC_INT.c **** *   #START and #END tags
  26:Generated_Source\PSoC4/ADC_INT.c **** ******************************************************************************/
  27:Generated_Source\PSoC4/ADC_INT.c **** /* `#START ADC_SYS_VAR`  */
  28:Generated_Source\PSoC4/ADC_INT.c **** 
  29:Generated_Source\PSoC4/ADC_INT.c **** /* `#END`  */
  30:Generated_Source\PSoC4/ADC_INT.c **** 
ARM GAS  C:\Users\VIDEOH~1\AppData\Local\Temp\cc0fZQyf.s 			page 2


  31:Generated_Source\PSoC4/ADC_INT.c **** #if(ADC_IRQ_REMOVE == 0u)
  32:Generated_Source\PSoC4/ADC_INT.c **** 
  33:Generated_Source\PSoC4/ADC_INT.c **** 
  34:Generated_Source\PSoC4/ADC_INT.c ****     /******************************************************************************
  35:Generated_Source\PSoC4/ADC_INT.c ****     * Function Name: ADC_ISR
  36:Generated_Source\PSoC4/ADC_INT.c ****     *******************************************************************************
  37:Generated_Source\PSoC4/ADC_INT.c ****     *
  38:Generated_Source\PSoC4/ADC_INT.c ****     * Summary:
  39:Generated_Source\PSoC4/ADC_INT.c ****     *  Handle Interrupt Service Routine.
  40:Generated_Source\PSoC4/ADC_INT.c ****     *
  41:Generated_Source\PSoC4/ADC_INT.c ****     * Parameters:
  42:Generated_Source\PSoC4/ADC_INT.c ****     *  None.
  43:Generated_Source\PSoC4/ADC_INT.c ****     *
  44:Generated_Source\PSoC4/ADC_INT.c ****     * Return:
  45:Generated_Source\PSoC4/ADC_INT.c ****     *  None.
  46:Generated_Source\PSoC4/ADC_INT.c ****     *
  47:Generated_Source\PSoC4/ADC_INT.c ****     * Reentrant:
  48:Generated_Source\PSoC4/ADC_INT.c ****     *  No.
  49:Generated_Source\PSoC4/ADC_INT.c ****     *
  50:Generated_Source\PSoC4/ADC_INT.c ****     ******************************************************************************/
  51:Generated_Source\PSoC4/ADC_INT.c ****     CY_ISR( ADC_ISR )
  52:Generated_Source\PSoC4/ADC_INT.c ****     {
  28              		.loc 1 52 0
  29              		.cfi_startproc
  30              		@ args = 0, pretend = 0, frame = 0
  31              		@ frame_needed = 0, uses_anonymous_args = 0
  32              		@ link register save eliminated.
  53:Generated_Source\PSoC4/ADC_INT.c ****         uint32 intr_status;
  54:Generated_Source\PSoC4/ADC_INT.c **** 
  55:Generated_Source\PSoC4/ADC_INT.c ****         /* Read interrupt status register */
  56:Generated_Source\PSoC4/ADC_INT.c ****         intr_status = ADC_SAR_INTR_REG;
  33              		.loc 1 56 0
  34 0000 014B     		ldr	r3, .L2
  35 0002 1A68     		ldr	r2, [r3]
  36              	.LVL0:
  57:Generated_Source\PSoC4/ADC_INT.c **** 
  58:Generated_Source\PSoC4/ADC_INT.c ****         #ifdef ADC_ISR_INTERRUPT_CALLBACK
  59:Generated_Source\PSoC4/ADC_INT.c ****             ADC_ISR_InterruptCallback();
  60:Generated_Source\PSoC4/ADC_INT.c ****         #endif /* ADC_ISR_INTERRUPT_CALLBACK */
  61:Generated_Source\PSoC4/ADC_INT.c **** 
  62:Generated_Source\PSoC4/ADC_INT.c **** 
  63:Generated_Source\PSoC4/ADC_INT.c ****         /************************************************************************
  64:Generated_Source\PSoC4/ADC_INT.c ****         *  Custom Code
  65:Generated_Source\PSoC4/ADC_INT.c ****         *  - add user ISR code between the following #START and #END tags
  66:Generated_Source\PSoC4/ADC_INT.c ****         *************************************************************************/
  67:Generated_Source\PSoC4/ADC_INT.c ****         /* `#START MAIN_ADC_ISR`  */
  68:Generated_Source\PSoC4/ADC_INT.c **** 
  69:Generated_Source\PSoC4/ADC_INT.c ****         /* `#END`  */
  70:Generated_Source\PSoC4/ADC_INT.c ****         
  71:Generated_Source\PSoC4/ADC_INT.c ****         /* Clear handled interrupt */
  72:Generated_Source\PSoC4/ADC_INT.c ****         ADC_SAR_INTR_REG = intr_status;
  37              		.loc 1 72 0
  38 0004 1A60     		str	r2, [r3]
  73:Generated_Source\PSoC4/ADC_INT.c ****     }
  39              		.loc 1 73 0
  40              		@ sp needed
  41 0006 7047     		bx	lr
ARM GAS  C:\Users\VIDEOH~1\AppData\Local\Temp\cc0fZQyf.s 			page 3


  42              	.L3:
  43              		.align	2
  44              	.L2:
  45 0008 10021A40 		.word	1075446288
  46              		.cfi_endproc
  47              	.LFE0:
  48              		.size	ADC_ISR, .-ADC_ISR
  49              		.text
  50              	.Letext0:
  51              		.file 2 "Generated_Source\\PSoC4\\cytypes.h"
  52              		.section	.debug_info,"",%progbits
  53              	.Ldebug_info0:
  54 0000 C0000000 		.4byte	0xc0
  55 0004 0400     		.2byte	0x4
  56 0006 00000000 		.4byte	.Ldebug_abbrev0
  57 000a 04       		.byte	0x4
  58 000b 01       		.uleb128 0x1
  59 000c 09010000 		.4byte	.LASF15
  60 0010 0C       		.byte	0xc
  61 0011 A0000000 		.4byte	.LASF16
  62 0015 22000000 		.4byte	.LASF17
  63 0019 00000000 		.4byte	.Ldebug_ranges0+0
  64 001d 00000000 		.4byte	0
  65 0021 00000000 		.4byte	.Ldebug_line0
  66 0025 02       		.uleb128 0x2
  67 0026 01       		.byte	0x1
  68 0027 06       		.byte	0x6
  69 0028 FD000000 		.4byte	.LASF0
  70 002c 02       		.uleb128 0x2
  71 002d 01       		.byte	0x1
  72 002e 08       		.byte	0x8
  73 002f C1000000 		.4byte	.LASF1
  74 0033 02       		.uleb128 0x2
  75 0034 02       		.byte	0x2
  76 0035 05       		.byte	0x5
  77 0036 A2010000 		.4byte	.LASF2
  78 003a 02       		.uleb128 0x2
  79 003b 02       		.byte	0x2
  80 003c 07       		.byte	0x7
  81 003d EA000000 		.4byte	.LASF3
  82 0041 02       		.uleb128 0x2
  83 0042 04       		.byte	0x4
  84 0043 05       		.byte	0x5
  85 0044 D4000000 		.4byte	.LASF4
  86 0048 02       		.uleb128 0x2
  87 0049 04       		.byte	0x4
  88 004a 07       		.byte	0x7
  89 004b 65000000 		.4byte	.LASF5
  90 004f 02       		.uleb128 0x2
  91 0050 08       		.byte	0x8
  92 0051 05       		.byte	0x5
  93 0052 00000000 		.4byte	.LASF6
  94 0056 02       		.uleb128 0x2
  95 0057 08       		.byte	0x8
  96 0058 07       		.byte	0x7
  97 0059 77000000 		.4byte	.LASF7
  98 005d 03       		.uleb128 0x3
ARM GAS  C:\Users\VIDEOH~1\AppData\Local\Temp\cc0fZQyf.s 			page 4


  99 005e 04       		.byte	0x4
 100 005f 05       		.byte	0x5
 101 0060 696E7400 		.ascii	"int\000"
 102 0064 02       		.uleb128 0x2
 103 0065 04       		.byte	0x4
 104 0066 07       		.byte	0x7
 105 0067 15000000 		.4byte	.LASF8
 106 006b 04       		.uleb128 0x4
 107 006c 0E000000 		.4byte	.LASF12
 108 0070 02       		.byte	0x2
 109 0071 E601     		.2byte	0x1e6
 110 0073 48000000 		.4byte	0x48
 111 0077 02       		.uleb128 0x2
 112 0078 04       		.byte	0x4
 113 0079 04       		.byte	0x4
 114 007a 8E000000 		.4byte	.LASF9
 115 007e 02       		.uleb128 0x2
 116 007f 08       		.byte	0x8
 117 0080 04       		.byte	0x4
 118 0081 DD000000 		.4byte	.LASF10
 119 0085 02       		.uleb128 0x2
 120 0086 01       		.byte	0x1
 121 0087 08       		.byte	0x8
 122 0088 CF000000 		.4byte	.LASF11
 123 008c 04       		.uleb128 0x4
 124 008d E4000000 		.4byte	.LASF13
 125 0091 02       		.byte	0x2
 126 0092 9002     		.2byte	0x290
 127 0094 98000000 		.4byte	0x98
 128 0098 05       		.uleb128 0x5
 129 0099 6B000000 		.4byte	0x6b
 130 009d 02       		.uleb128 0x2
 131 009e 04       		.byte	0x4
 132 009f 07       		.byte	0x7
 133 00a0 AC010000 		.4byte	.LASF14
 134 00a4 06       		.uleb128 0x6
 135 00a5 5D000000 		.4byte	.LASF18
 136 00a9 01       		.byte	0x1
 137 00aa 33       		.byte	0x33
 138 00ab 00000000 		.4byte	.LFB0
 139 00af 0C000000 		.4byte	.LFE0-.LFB0
 140 00b3 01       		.uleb128 0x1
 141 00b4 9C       		.byte	0x9c
 142 00b5 07       		.uleb128 0x7
 143 00b6 94000000 		.4byte	.LASF19
 144 00ba 01       		.byte	0x1
 145 00bb 35       		.byte	0x35
 146 00bc 6B000000 		.4byte	0x6b
 147 00c0 01       		.uleb128 0x1
 148 00c1 52       		.byte	0x52
 149 00c2 00       		.byte	0
 150 00c3 00       		.byte	0
 151              		.section	.debug_abbrev,"",%progbits
 152              	.Ldebug_abbrev0:
 153 0000 01       		.uleb128 0x1
 154 0001 11       		.uleb128 0x11
 155 0002 01       		.byte	0x1
ARM GAS  C:\Users\VIDEOH~1\AppData\Local\Temp\cc0fZQyf.s 			page 5


 156 0003 25       		.uleb128 0x25
 157 0004 0E       		.uleb128 0xe
 158 0005 13       		.uleb128 0x13
 159 0006 0B       		.uleb128 0xb
 160 0007 03       		.uleb128 0x3
 161 0008 0E       		.uleb128 0xe
 162 0009 1B       		.uleb128 0x1b
 163 000a 0E       		.uleb128 0xe
 164 000b 55       		.uleb128 0x55
 165 000c 17       		.uleb128 0x17
 166 000d 11       		.uleb128 0x11
 167 000e 01       		.uleb128 0x1
 168 000f 10       		.uleb128 0x10
 169 0010 17       		.uleb128 0x17
 170 0011 00       		.byte	0
 171 0012 00       		.byte	0
 172 0013 02       		.uleb128 0x2
 173 0014 24       		.uleb128 0x24
 174 0015 00       		.byte	0
 175 0016 0B       		.uleb128 0xb
 176 0017 0B       		.uleb128 0xb
 177 0018 3E       		.uleb128 0x3e
 178 0019 0B       		.uleb128 0xb
 179 001a 03       		.uleb128 0x3
 180 001b 0E       		.uleb128 0xe
 181 001c 00       		.byte	0
 182 001d 00       		.byte	0
 183 001e 03       		.uleb128 0x3
 184 001f 24       		.uleb128 0x24
 185 0020 00       		.byte	0
 186 0021 0B       		.uleb128 0xb
 187 0022 0B       		.uleb128 0xb
 188 0023 3E       		.uleb128 0x3e
 189 0024 0B       		.uleb128 0xb
 190 0025 03       		.uleb128 0x3
 191 0026 08       		.uleb128 0x8
 192 0027 00       		.byte	0
 193 0028 00       		.byte	0
 194 0029 04       		.uleb128 0x4
 195 002a 16       		.uleb128 0x16
 196 002b 00       		.byte	0
 197 002c 03       		.uleb128 0x3
 198 002d 0E       		.uleb128 0xe
 199 002e 3A       		.uleb128 0x3a
 200 002f 0B       		.uleb128 0xb
 201 0030 3B       		.uleb128 0x3b
 202 0031 05       		.uleb128 0x5
 203 0032 49       		.uleb128 0x49
 204 0033 13       		.uleb128 0x13
 205 0034 00       		.byte	0
 206 0035 00       		.byte	0
 207 0036 05       		.uleb128 0x5
 208 0037 35       		.uleb128 0x35
 209 0038 00       		.byte	0
 210 0039 49       		.uleb128 0x49
 211 003a 13       		.uleb128 0x13
 212 003b 00       		.byte	0
ARM GAS  C:\Users\VIDEOH~1\AppData\Local\Temp\cc0fZQyf.s 			page 6


 213 003c 00       		.byte	0
 214 003d 06       		.uleb128 0x6
 215 003e 2E       		.uleb128 0x2e
 216 003f 01       		.byte	0x1
 217 0040 3F       		.uleb128 0x3f
 218 0041 19       		.uleb128 0x19
 219 0042 03       		.uleb128 0x3
 220 0043 0E       		.uleb128 0xe
 221 0044 3A       		.uleb128 0x3a
 222 0045 0B       		.uleb128 0xb
 223 0046 3B       		.uleb128 0x3b
 224 0047 0B       		.uleb128 0xb
 225 0048 27       		.uleb128 0x27
 226 0049 19       		.uleb128 0x19
 227 004a 11       		.uleb128 0x11
 228 004b 01       		.uleb128 0x1
 229 004c 12       		.uleb128 0x12
 230 004d 06       		.uleb128 0x6
 231 004e 40       		.uleb128 0x40
 232 004f 18       		.uleb128 0x18
 233 0050 9742     		.uleb128 0x2117
 234 0052 19       		.uleb128 0x19
 235 0053 00       		.byte	0
 236 0054 00       		.byte	0
 237 0055 07       		.uleb128 0x7
 238 0056 34       		.uleb128 0x34
 239 0057 00       		.byte	0
 240 0058 03       		.uleb128 0x3
 241 0059 0E       		.uleb128 0xe
 242 005a 3A       		.uleb128 0x3a
 243 005b 0B       		.uleb128 0xb
 244 005c 3B       		.uleb128 0x3b
 245 005d 0B       		.uleb128 0xb
 246 005e 49       		.uleb128 0x49
 247 005f 13       		.uleb128 0x13
 248 0060 02       		.uleb128 0x2
 249 0061 18       		.uleb128 0x18
 250 0062 00       		.byte	0
 251 0063 00       		.byte	0
 252 0064 00       		.byte	0
 253              		.section	.debug_aranges,"",%progbits
 254 0000 1C000000 		.4byte	0x1c
 255 0004 0200     		.2byte	0x2
 256 0006 00000000 		.4byte	.Ldebug_info0
 257 000a 04       		.byte	0x4
 258 000b 00       		.byte	0
 259 000c 0000     		.2byte	0
 260 000e 0000     		.2byte	0
 261 0010 00000000 		.4byte	.LFB0
 262 0014 0C000000 		.4byte	.LFE0-.LFB0
 263 0018 00000000 		.4byte	0
 264 001c 00000000 		.4byte	0
 265              		.section	.debug_ranges,"",%progbits
 266              	.Ldebug_ranges0:
 267 0000 00000000 		.4byte	.LFB0
 268 0004 0C000000 		.4byte	.LFE0
 269 0008 00000000 		.4byte	0
ARM GAS  C:\Users\VIDEOH~1\AppData\Local\Temp\cc0fZQyf.s 			page 7


 270 000c 00000000 		.4byte	0
 271              		.section	.debug_line,"",%progbits
 272              	.Ldebug_line0:
 273 0000 5E000000 		.section	.debug_str,"MS",%progbits,1
 273      02004400 
 273      00000201 
 273      FB0E0D00 
 273      01010101 
 274              	.LASF6:
 275 0000 6C6F6E67 		.ascii	"long long int\000"
 275      206C6F6E 
 275      6720696E 
 275      7400
 276              	.LASF12:
 277 000e 75696E74 		.ascii	"uint32\000"
 277      333200
 278              	.LASF8:
 279 0015 756E7369 		.ascii	"unsigned int\000"
 279      676E6564 
 279      20696E74 
 279      00
 280              	.LASF17:
 281 0022 443A5C31 		.ascii	"D:\\1_work\\my_project\\ReloadPro\\psoc42boot\\Relo"
 281      5F776F72 
 281      6B5C6D79 
 281      5F70726F 
 281      6A656374 
 282 0050 61642050 		.ascii	"ad Pro.cydsn\000"
 282      726F2E63 
 282      7964736E 
 282      00
 283              	.LASF18:
 284 005d 4144435F 		.ascii	"ADC_ISR\000"
 284      49535200 
 285              	.LASF5:
 286 0065 6C6F6E67 		.ascii	"long unsigned int\000"
 286      20756E73 
 286      69676E65 
 286      6420696E 
 286      7400
 287              	.LASF7:
 288 0077 6C6F6E67 		.ascii	"long long unsigned int\000"
 288      206C6F6E 
 288      6720756E 
 288      7369676E 
 288      65642069 
 289              	.LASF9:
 290 008e 666C6F61 		.ascii	"float\000"
 290      7400
 291              	.LASF19:
 292 0094 696E7472 		.ascii	"intr_status\000"
 292      5F737461 
 292      74757300 
 293              	.LASF16:
 294 00a0 47656E65 		.ascii	"Generated_Source\\PSoC4\\ADC_INT.c\000"
 294      72617465 
 294      645F536F 
ARM GAS  C:\Users\VIDEOH~1\AppData\Local\Temp\cc0fZQyf.s 			page 8


 294      75726365 
 294      5C50536F 
 295              	.LASF1:
 296 00c1 756E7369 		.ascii	"unsigned char\000"
 296      676E6564 
 296      20636861 
 296      7200
 297              	.LASF11:
 298 00cf 63686172 		.ascii	"char\000"
 298      00
 299              	.LASF4:
 300 00d4 6C6F6E67 		.ascii	"long int\000"
 300      20696E74 
 300      00
 301              	.LASF10:
 302 00dd 646F7562 		.ascii	"double\000"
 302      6C6500
 303              	.LASF13:
 304 00e4 72656733 		.ascii	"reg32\000"
 304      3200
 305              	.LASF3:
 306 00ea 73686F72 		.ascii	"short unsigned int\000"
 306      7420756E 
 306      7369676E 
 306      65642069 
 306      6E7400
 307              	.LASF0:
 308 00fd 7369676E 		.ascii	"signed char\000"
 308      65642063 
 308      68617200 
 309              	.LASF15:
 310 0109 474E5520 		.ascii	"GNU C99 5.4.1 20160609 (release) [ARM/embedded-5-br"
 310      43393920 
 310      352E342E 
 310      31203230 
 310      31363036 
 311 013c 616E6368 		.ascii	"anch revision 237715] -mcpu=cortex-m0 -mthumb -g -O"
 311      20726576 
 311      6973696F 
 311      6E203233 
 311      37373135 
 312 016f 67202D73 		.ascii	"g -std=gnu99 -ffunction-sections -ffat-lto-objects\000"
 312      74643D67 
 312      6E753939 
 312      202D6666 
 312      756E6374 
 313              	.LASF2:
 314 01a2 73686F72 		.ascii	"short int\000"
 314      7420696E 
 314      7400
 315              	.LASF14:
 316 01ac 73697A65 		.ascii	"sizetype\000"
 316      74797065 
 316      00
 317              		.ident	"GCC: (GNU Tools for ARM Embedded Processors) 5.4.1 20160609 (release) [ARM/embedded-5-bran
