ARM GAS  C:\Users\VIDEOH~1\AppData\Local\Temp\ccWfQ5Zh.s 			page 1


   1              		.syntax unified
   2              		.cpu cortex-m0
   3              		.fpu softvfp
   4              		.eabi_attribute 20, 1
   5              		.eabi_attribute 21, 1
   6              		.eabi_attribute 23, 3
   7              		.eabi_attribute 24, 1
   8              		.eabi_attribute 25, 1
   9              		.eabi_attribute 26, 1
  10              		.eabi_attribute 30, 1
  11              		.eabi_attribute 34, 0
  12              		.eabi_attribute 18, 4
  13              		.thumb
  14              		.syntax unified
  15              		.file	"cymetadata.c"
  16              		.text
  17              	.Ltext0:
  18              		.cfi_sections	.debug_frame
  19              		.global	cy_meta_loadable
  20              		.section	.cyloadablemeta,"a",%progbits
  21              		.align	2
  22              		.type	cy_meta_loadable, %object
  23              		.size	cy_meta_loadable, 64
  24              	cy_meta_loadable:
  25 0000 00       		.byte	0
  26 0001 00       		.byte	0
  27 0002 00       		.byte	0
  28 0003 00       		.byte	0
  29 0004 00       		.byte	0
  30 0005 00       		.byte	0
  31 0006 00       		.byte	0
  32 0007 00       		.byte	0
  33 0008 00       		.byte	0
  34 0009 00       		.byte	0
  35 000a 00       		.byte	0
  36 000b 00       		.byte	0
  37 000c 00       		.byte	0
  38 000d 00       		.byte	0
  39 000e 00       		.byte	0
  40 000f 00       		.byte	0
  41 0010 00       		.byte	0
  42 0011 00       		.byte	0
  43 0012 00       		.byte	0
  44 0013 00       		.byte	0
  45 0014 00       		.byte	0
  46 0015 00       		.byte	0
  47 0016 0B       		.byte	11
  48 0017 01       		.byte	1
  49 0018 00       		.byte	0
  50 0019 00       		.byte	0
  51 001a 00       		.byte	0
  52 001b 00       		.byte	0
  53 001c 00       		.byte	0
  54 001d 00       		.byte	0
  55 001e 00       		.byte	0
  56 001f 00       		.byte	0
  57 0020 00       		.byte	0
ARM GAS  C:\Users\VIDEOH~1\AppData\Local\Temp\ccWfQ5Zh.s 			page 2


  58 0021 02       		.byte	2
  59 0022 00       		.byte	0
  60 0023 00       		.byte	0
  61 0024 00       		.byte	0
  62 0025 00       		.byte	0
  63 0026 00       		.byte	0
  64 0027 00       		.byte	0
  65 0028 00       		.byte	0
  66 0029 00       		.byte	0
  67 002a 00       		.byte	0
  68 002b 00       		.byte	0
  69 002c 00       		.byte	0
  70 002d 00       		.byte	0
  71 002e 00       		.byte	0
  72 002f 00       		.byte	0
  73 0030 00       		.byte	0
  74 0031 00       		.byte	0
  75 0032 00       		.byte	0
  76 0033 00       		.byte	0
  77 0034 00       		.byte	0
  78 0035 00       		.byte	0
  79 0036 00       		.byte	0
  80 0037 00       		.byte	0
  81 0038 00       		.byte	0
  82 0039 00       		.byte	0
  83 003a 00       		.byte	0
  84 003b 00       		.byte	0
  85 003c 00       		.byte	0
  86 003d 00       		.byte	0
  87 003e 00       		.byte	0
  88 003f 00       		.byte	0
  89              		.text
  90              	.Letext0:
  91              		.file 1 "c:\\program files (x86)\\cypress\\psoc creator\\4.2\\psoc creator\\import\\gnu\\arm\\5.4.
  92              		.file 2 "c:\\program files (x86)\\cypress\\psoc creator\\4.2\\psoc creator\\import\\gnu\\arm\\5.4.
  93              		.file 3 "Generated_Source\\PSoC4\\cymetadata.c"
  94              		.section	.debug_info,"",%progbits
  95              	.Ldebug_info0:
  96 0000 A8000000 		.4byte	0xa8
  97 0004 0400     		.2byte	0x4
  98 0006 00000000 		.4byte	.Ldebug_abbrev0
  99 000a 04       		.byte	0x4
 100 000b 01       		.uleb128 0x1
 101 000c 0A000000 		.4byte	.LASF12
 102 0010 0C       		.byte	0xc
 103 0011 B1000000 		.4byte	.LASF13
 104 0015 37010000 		.4byte	.LASF14
 105 0019 00000000 		.4byte	.Ldebug_line0
 106 001d 02       		.uleb128 0x2
 107 001e 01       		.byte	0x1
 108 001f 06       		.byte	0x6
 109 0020 9C010000 		.4byte	.LASF0
 110 0024 03       		.uleb128 0x3
 111 0025 00000000 		.4byte	.LASF9
 112 0029 01       		.byte	0x1
 113 002a 1D       		.byte	0x1d
 114 002b 2F000000 		.4byte	0x2f
ARM GAS  C:\Users\VIDEOH~1\AppData\Local\Temp\ccWfQ5Zh.s 			page 3


 115 002f 02       		.uleb128 0x2
 116 0030 01       		.byte	0x1
 117 0031 08       		.byte	0x8
 118 0032 A3000000 		.4byte	.LASF1
 119 0036 02       		.uleb128 0x2
 120 0037 02       		.byte	0x2
 121 0038 05       		.byte	0x5
 122 0039 89010000 		.4byte	.LASF2
 123 003d 02       		.uleb128 0x2
 124 003e 02       		.byte	0x2
 125 003f 07       		.byte	0x7
 126 0040 E7000000 		.4byte	.LASF3
 127 0044 02       		.uleb128 0x2
 128 0045 04       		.byte	0x4
 129 0046 05       		.byte	0x5
 130 0047 93010000 		.4byte	.LASF4
 131 004b 02       		.uleb128 0x2
 132 004c 04       		.byte	0x4
 133 004d 07       		.byte	0x7
 134 004e D5000000 		.4byte	.LASF5
 135 0052 02       		.uleb128 0x2
 136 0053 08       		.byte	0x8
 137 0054 05       		.byte	0x5
 138 0055 7B010000 		.4byte	.LASF6
 139 0059 02       		.uleb128 0x2
 140 005a 08       		.byte	0x8
 141 005b 07       		.byte	0x7
 142 005c 07010000 		.4byte	.LASF7
 143 0060 04       		.uleb128 0x4
 144 0061 04       		.byte	0x4
 145 0062 05       		.byte	0x5
 146 0063 696E7400 		.ascii	"int\000"
 147 0067 02       		.uleb128 0x2
 148 0068 04       		.byte	0x4
 149 0069 07       		.byte	0x7
 150 006a FA000000 		.4byte	.LASF8
 151 006e 03       		.uleb128 0x3
 152 006f 1E010000 		.4byte	.LASF10
 153 0073 02       		.byte	0x2
 154 0074 18       		.byte	0x18
 155 0075 24000000 		.4byte	0x24
 156 0079 05       		.uleb128 0x5
 157 007a 90000000 		.4byte	0x90
 158 007e 89000000 		.4byte	0x89
 159 0082 06       		.uleb128 0x6
 160 0083 89000000 		.4byte	0x89
 161 0087 3F       		.byte	0x3f
 162 0088 00       		.byte	0
 163 0089 02       		.uleb128 0x2
 164 008a 04       		.byte	0x4
 165 008b 07       		.byte	0x7
 166 008c 72010000 		.4byte	.LASF11
 167 0090 07       		.uleb128 0x7
 168 0091 6E000000 		.4byte	0x6e
 169 0095 08       		.uleb128 0x8
 170 0096 26010000 		.4byte	.LASF15
 171 009a 03       		.byte	0x3
ARM GAS  C:\Users\VIDEOH~1\AppData\Local\Temp\ccWfQ5Zh.s 			page 4


 172 009b 1F       		.byte	0x1f
 173 009c A6000000 		.4byte	0xa6
 174 00a0 05       		.uleb128 0x5
 175 00a1 03       		.byte	0x3
 176 00a2 00000000 		.4byte	cy_meta_loadable
 177 00a6 07       		.uleb128 0x7
 178 00a7 79000000 		.4byte	0x79
 179 00ab 00       		.byte	0
 180              		.section	.debug_abbrev,"",%progbits
 181              	.Ldebug_abbrev0:
 182 0000 01       		.uleb128 0x1
 183 0001 11       		.uleb128 0x11
 184 0002 01       		.byte	0x1
 185 0003 25       		.uleb128 0x25
 186 0004 0E       		.uleb128 0xe
 187 0005 13       		.uleb128 0x13
 188 0006 0B       		.uleb128 0xb
 189 0007 03       		.uleb128 0x3
 190 0008 0E       		.uleb128 0xe
 191 0009 1B       		.uleb128 0x1b
 192 000a 0E       		.uleb128 0xe
 193 000b 10       		.uleb128 0x10
 194 000c 17       		.uleb128 0x17
 195 000d 00       		.byte	0
 196 000e 00       		.byte	0
 197 000f 02       		.uleb128 0x2
 198 0010 24       		.uleb128 0x24
 199 0011 00       		.byte	0
 200 0012 0B       		.uleb128 0xb
 201 0013 0B       		.uleb128 0xb
 202 0014 3E       		.uleb128 0x3e
 203 0015 0B       		.uleb128 0xb
 204 0016 03       		.uleb128 0x3
 205 0017 0E       		.uleb128 0xe
 206 0018 00       		.byte	0
 207 0019 00       		.byte	0
 208 001a 03       		.uleb128 0x3
 209 001b 16       		.uleb128 0x16
 210 001c 00       		.byte	0
 211 001d 03       		.uleb128 0x3
 212 001e 0E       		.uleb128 0xe
 213 001f 3A       		.uleb128 0x3a
 214 0020 0B       		.uleb128 0xb
 215 0021 3B       		.uleb128 0x3b
 216 0022 0B       		.uleb128 0xb
 217 0023 49       		.uleb128 0x49
 218 0024 13       		.uleb128 0x13
 219 0025 00       		.byte	0
 220 0026 00       		.byte	0
 221 0027 04       		.uleb128 0x4
 222 0028 24       		.uleb128 0x24
 223 0029 00       		.byte	0
 224 002a 0B       		.uleb128 0xb
 225 002b 0B       		.uleb128 0xb
 226 002c 3E       		.uleb128 0x3e
 227 002d 0B       		.uleb128 0xb
 228 002e 03       		.uleb128 0x3
ARM GAS  C:\Users\VIDEOH~1\AppData\Local\Temp\ccWfQ5Zh.s 			page 5


 229 002f 08       		.uleb128 0x8
 230 0030 00       		.byte	0
 231 0031 00       		.byte	0
 232 0032 05       		.uleb128 0x5
 233 0033 01       		.uleb128 0x1
 234 0034 01       		.byte	0x1
 235 0035 49       		.uleb128 0x49
 236 0036 13       		.uleb128 0x13
 237 0037 01       		.uleb128 0x1
 238 0038 13       		.uleb128 0x13
 239 0039 00       		.byte	0
 240 003a 00       		.byte	0
 241 003b 06       		.uleb128 0x6
 242 003c 21       		.uleb128 0x21
 243 003d 00       		.byte	0
 244 003e 49       		.uleb128 0x49
 245 003f 13       		.uleb128 0x13
 246 0040 2F       		.uleb128 0x2f
 247 0041 0B       		.uleb128 0xb
 248 0042 00       		.byte	0
 249 0043 00       		.byte	0
 250 0044 07       		.uleb128 0x7
 251 0045 26       		.uleb128 0x26
 252 0046 00       		.byte	0
 253 0047 49       		.uleb128 0x49
 254 0048 13       		.uleb128 0x13
 255 0049 00       		.byte	0
 256 004a 00       		.byte	0
 257 004b 08       		.uleb128 0x8
 258 004c 34       		.uleb128 0x34
 259 004d 00       		.byte	0
 260 004e 03       		.uleb128 0x3
 261 004f 0E       		.uleb128 0xe
 262 0050 3A       		.uleb128 0x3a
 263 0051 0B       		.uleb128 0xb
 264 0052 3B       		.uleb128 0x3b
 265 0053 0B       		.uleb128 0xb
 266 0054 49       		.uleb128 0x49
 267 0055 13       		.uleb128 0x13
 268 0056 3F       		.uleb128 0x3f
 269 0057 19       		.uleb128 0x19
 270 0058 02       		.uleb128 0x2
 271 0059 18       		.uleb128 0x18
 272 005a 00       		.byte	0
 273 005b 00       		.byte	0
 274 005c 00       		.byte	0
 275              		.section	.debug_aranges,"",%progbits
 276 0000 14000000 		.4byte	0x14
 277 0004 0200     		.2byte	0x2
 278 0006 00000000 		.4byte	.Ldebug_info0
 279 000a 04       		.byte	0x4
 280 000b 00       		.byte	0
 281 000c 0000     		.2byte	0
 282 000e 0000     		.2byte	0
 283 0010 00000000 		.4byte	0
 284 0014 00000000 		.4byte	0
 285              		.section	.debug_line,"",%progbits
ARM GAS  C:\Users\VIDEOH~1\AppData\Local\Temp\ccWfQ5Zh.s 			page 6


 286              	.Ldebug_line0:
 287 0000 3D010000 		.section	.debug_str,"MS",%progbits,1
 287      02003701 
 287      00000201 
 287      FB0E0D00 
 287      01010101 
 288              	.LASF9:
 289 0000 5F5F7569 		.ascii	"__uint8_t\000"
 289      6E74385F 
 289      7400
 290              	.LASF12:
 291 000a 474E5520 		.ascii	"GNU C99 5.4.1 20160609 (release) [ARM/embedded-5-br"
 291      43393920 
 291      352E342E 
 291      31203230 
 291      31363036 
 292 003d 616E6368 		.ascii	"anch revision 237715] -mcpu=cortex-m0 -mthumb -g -O"
 292      20726576 
 292      6973696F 
 292      6E203233 
 292      37373135 
 293 0070 67202D73 		.ascii	"g -std=gnu99 -ffunction-sections -ffat-lto-objects\000"
 293      74643D67 
 293      6E753939 
 293      202D6666 
 293      756E6374 
 294              	.LASF1:
 295 00a3 756E7369 		.ascii	"unsigned char\000"
 295      676E6564 
 295      20636861 
 295      7200
 296              	.LASF13:
 297 00b1 47656E65 		.ascii	"Generated_Source\\PSoC4\\cymetadata.c\000"
 297      72617465 
 297      645F536F 
 297      75726365 
 297      5C50536F 
 298              	.LASF5:
 299 00d5 6C6F6E67 		.ascii	"long unsigned int\000"
 299      20756E73 
 299      69676E65 
 299      6420696E 
 299      7400
 300              	.LASF3:
 301 00e7 73686F72 		.ascii	"short unsigned int\000"
 301      7420756E 
 301      7369676E 
 301      65642069 
 301      6E7400
 302              	.LASF8:
 303 00fa 756E7369 		.ascii	"unsigned int\000"
 303      676E6564 
 303      20696E74 
 303      00
 304              	.LASF7:
 305 0107 6C6F6E67 		.ascii	"long long unsigned int\000"
 305      206C6F6E 
ARM GAS  C:\Users\VIDEOH~1\AppData\Local\Temp\ccWfQ5Zh.s 			page 7


 305      6720756E 
 305      7369676E 
 305      65642069 
 306              	.LASF10:
 307 011e 75696E74 		.ascii	"uint8_t\000"
 307      385F7400 
 308              	.LASF15:
 309 0126 63795F6D 		.ascii	"cy_meta_loadable\000"
 309      6574615F 
 309      6C6F6164 
 309      61626C65 
 309      00
 310              	.LASF14:
 311 0137 443A5C31 		.ascii	"D:\\1_work\\my_project\\ReloadPro\\psoc42boot\\Relo"
 311      5F776F72 
 311      6B5C6D79 
 311      5F70726F 
 311      6A656374 
 312 0165 61642050 		.ascii	"ad Pro.cydsn\000"
 312      726F2E63 
 312      7964736E 
 312      00
 313              	.LASF11:
 314 0172 73697A65 		.ascii	"sizetype\000"
 314      74797065 
 314      00
 315              	.LASF6:
 316 017b 6C6F6E67 		.ascii	"long long int\000"
 316      206C6F6E 
 316      6720696E 
 316      7400
 317              	.LASF2:
 318 0189 73686F72 		.ascii	"short int\000"
 318      7420696E 
 318      7400
 319              	.LASF4:
 320 0193 6C6F6E67 		.ascii	"long int\000"
 320      20696E74 
 320      00
 321              	.LASF0:
 322 019c 7369676E 		.ascii	"signed char\000"
 322      65642063 
 322      68617200 
 323              		.ident	"GCC: (GNU Tools for ARM Embedded Processors) 5.4.1 20160609 (release) [ARM/embedded-5-bran
