ARM GAS  C:\Users\VIDEOH~1\AppData\Local\Temp\ccJ5L6Ic.s 			page 1


   1              		.syntax unified
   2              		.cpu cortex-m0
   3              		.fpu softvfp
   4              		.eabi_attribute 20, 1
   5              		.eabi_attribute 21, 1
   6              		.eabi_attribute 23, 3
   7              		.eabi_attribute 24, 1
   8              		.eabi_attribute 25, 1
   9              		.eabi_attribute 26, 1
  10              		.eabi_attribute 30, 1
  11              		.eabi_attribute 34, 0
  12              		.eabi_attribute 18, 4
  13              		.thumb
  14              		.syntax unified
  15              		.file	"Display_I2C_SCB_IRQ.c"
  16              		.text
  17              	.Ltext0:
  18              		.cfi_sections	.debug_frame
  19              		.section	.text.Display_I2C_SCB_IRQ_Interrupt,"ax",%progbits
  20              		.align	2
  21              		.global	Display_I2C_SCB_IRQ_Interrupt
  22              		.code	16
  23              		.thumb_func
  24              		.type	Display_I2C_SCB_IRQ_Interrupt, %function
  25              	Display_I2C_SCB_IRQ_Interrupt:
  26              	.LFB3:
  27              		.file 1 "Generated_Source\\PSoC4\\Display_I2C_SCB_IRQ.c"
   1:Generated_Source\PSoC4/Display_I2C_SCB_IRQ.c **** /*******************************************************************************
   2:Generated_Source\PSoC4/Display_I2C_SCB_IRQ.c **** * File Name: Display_I2C_SCB_IRQ.c  
   3:Generated_Source\PSoC4/Display_I2C_SCB_IRQ.c **** * Version 1.70
   4:Generated_Source\PSoC4/Display_I2C_SCB_IRQ.c **** *
   5:Generated_Source\PSoC4/Display_I2C_SCB_IRQ.c **** *  Description:
   6:Generated_Source\PSoC4/Display_I2C_SCB_IRQ.c **** *   API for controlling the state of an interrupt.
   7:Generated_Source\PSoC4/Display_I2C_SCB_IRQ.c **** *
   8:Generated_Source\PSoC4/Display_I2C_SCB_IRQ.c **** *
   9:Generated_Source\PSoC4/Display_I2C_SCB_IRQ.c **** *  Note:
  10:Generated_Source\PSoC4/Display_I2C_SCB_IRQ.c **** *
  11:Generated_Source\PSoC4/Display_I2C_SCB_IRQ.c **** ********************************************************************************
  12:Generated_Source\PSoC4/Display_I2C_SCB_IRQ.c **** * Copyright 2008-2015, Cypress Semiconductor Corporation.  All rights reserved.
  13:Generated_Source\PSoC4/Display_I2C_SCB_IRQ.c **** * You may use this file only in accordance with the license, terms, conditions, 
  14:Generated_Source\PSoC4/Display_I2C_SCB_IRQ.c **** * disclaimers, and limitations in the end user license agreement accompanying 
  15:Generated_Source\PSoC4/Display_I2C_SCB_IRQ.c **** * the software package with which this file was provided.
  16:Generated_Source\PSoC4/Display_I2C_SCB_IRQ.c **** *******************************************************************************/
  17:Generated_Source\PSoC4/Display_I2C_SCB_IRQ.c **** 
  18:Generated_Source\PSoC4/Display_I2C_SCB_IRQ.c **** 
  19:Generated_Source\PSoC4/Display_I2C_SCB_IRQ.c **** #include <cydevice_trm.h>
  20:Generated_Source\PSoC4/Display_I2C_SCB_IRQ.c **** #include <CyLib.h>
  21:Generated_Source\PSoC4/Display_I2C_SCB_IRQ.c **** #include <Display_I2C_SCB_IRQ.h>
  22:Generated_Source\PSoC4/Display_I2C_SCB_IRQ.c **** 
  23:Generated_Source\PSoC4/Display_I2C_SCB_IRQ.c **** 
  24:Generated_Source\PSoC4/Display_I2C_SCB_IRQ.c **** #if !defined(Display_I2C_SCB_IRQ__REMOVED) /* Check for removal by optimization */
  25:Generated_Source\PSoC4/Display_I2C_SCB_IRQ.c **** 
  26:Generated_Source\PSoC4/Display_I2C_SCB_IRQ.c **** /*******************************************************************************
  27:Generated_Source\PSoC4/Display_I2C_SCB_IRQ.c **** *  Place your includes, defines and code here 
  28:Generated_Source\PSoC4/Display_I2C_SCB_IRQ.c **** ********************************************************************************/
  29:Generated_Source\PSoC4/Display_I2C_SCB_IRQ.c **** /* `#START Display_I2C_SCB_IRQ_intc` */
  30:Generated_Source\PSoC4/Display_I2C_SCB_IRQ.c **** 
ARM GAS  C:\Users\VIDEOH~1\AppData\Local\Temp\ccJ5L6Ic.s 			page 2


  31:Generated_Source\PSoC4/Display_I2C_SCB_IRQ.c **** /* `#END` */
  32:Generated_Source\PSoC4/Display_I2C_SCB_IRQ.c **** 
  33:Generated_Source\PSoC4/Display_I2C_SCB_IRQ.c **** extern cyisraddress CyRamVectors[CYINT_IRQ_BASE + CY_NUM_INTERRUPTS];
  34:Generated_Source\PSoC4/Display_I2C_SCB_IRQ.c **** 
  35:Generated_Source\PSoC4/Display_I2C_SCB_IRQ.c **** /* Declared in startup, used to set unused interrupts to. */
  36:Generated_Source\PSoC4/Display_I2C_SCB_IRQ.c **** CY_ISR_PROTO(IntDefaultHandler);
  37:Generated_Source\PSoC4/Display_I2C_SCB_IRQ.c **** 
  38:Generated_Source\PSoC4/Display_I2C_SCB_IRQ.c **** 
  39:Generated_Source\PSoC4/Display_I2C_SCB_IRQ.c **** /*******************************************************************************
  40:Generated_Source\PSoC4/Display_I2C_SCB_IRQ.c **** * Function Name: Display_I2C_SCB_IRQ_Start
  41:Generated_Source\PSoC4/Display_I2C_SCB_IRQ.c **** ********************************************************************************
  42:Generated_Source\PSoC4/Display_I2C_SCB_IRQ.c **** *
  43:Generated_Source\PSoC4/Display_I2C_SCB_IRQ.c **** * Summary:
  44:Generated_Source\PSoC4/Display_I2C_SCB_IRQ.c **** *  Set up the interrupt and enable it. This function disables the interrupt, 
  45:Generated_Source\PSoC4/Display_I2C_SCB_IRQ.c **** *  sets the default interrupt vector, sets the priority from the value in the
  46:Generated_Source\PSoC4/Display_I2C_SCB_IRQ.c **** *  Design Wide Resources Interrupt Editor, then enables the interrupt to the 
  47:Generated_Source\PSoC4/Display_I2C_SCB_IRQ.c **** *  interrupt controller.
  48:Generated_Source\PSoC4/Display_I2C_SCB_IRQ.c **** *
  49:Generated_Source\PSoC4/Display_I2C_SCB_IRQ.c **** * Parameters:  
  50:Generated_Source\PSoC4/Display_I2C_SCB_IRQ.c **** *   None
  51:Generated_Source\PSoC4/Display_I2C_SCB_IRQ.c **** *
  52:Generated_Source\PSoC4/Display_I2C_SCB_IRQ.c **** * Return:
  53:Generated_Source\PSoC4/Display_I2C_SCB_IRQ.c **** *   None
  54:Generated_Source\PSoC4/Display_I2C_SCB_IRQ.c **** *
  55:Generated_Source\PSoC4/Display_I2C_SCB_IRQ.c **** *******************************************************************************/
  56:Generated_Source\PSoC4/Display_I2C_SCB_IRQ.c **** void Display_I2C_SCB_IRQ_Start(void)
  57:Generated_Source\PSoC4/Display_I2C_SCB_IRQ.c **** {
  58:Generated_Source\PSoC4/Display_I2C_SCB_IRQ.c ****     /* For all we know the interrupt is active. */
  59:Generated_Source\PSoC4/Display_I2C_SCB_IRQ.c ****     Display_I2C_SCB_IRQ_Disable();
  60:Generated_Source\PSoC4/Display_I2C_SCB_IRQ.c **** 
  61:Generated_Source\PSoC4/Display_I2C_SCB_IRQ.c ****     /* Set the ISR to point to the Display_I2C_SCB_IRQ Interrupt. */
  62:Generated_Source\PSoC4/Display_I2C_SCB_IRQ.c ****     Display_I2C_SCB_IRQ_SetVector(&Display_I2C_SCB_IRQ_Interrupt);
  63:Generated_Source\PSoC4/Display_I2C_SCB_IRQ.c **** 
  64:Generated_Source\PSoC4/Display_I2C_SCB_IRQ.c ****     /* Set the priority. */
  65:Generated_Source\PSoC4/Display_I2C_SCB_IRQ.c ****     Display_I2C_SCB_IRQ_SetPriority((uint8)Display_I2C_SCB_IRQ_INTC_PRIOR_NUMBER);
  66:Generated_Source\PSoC4/Display_I2C_SCB_IRQ.c **** 
  67:Generated_Source\PSoC4/Display_I2C_SCB_IRQ.c ****     /* Enable it. */
  68:Generated_Source\PSoC4/Display_I2C_SCB_IRQ.c ****     Display_I2C_SCB_IRQ_Enable();
  69:Generated_Source\PSoC4/Display_I2C_SCB_IRQ.c **** }
  70:Generated_Source\PSoC4/Display_I2C_SCB_IRQ.c **** 
  71:Generated_Source\PSoC4/Display_I2C_SCB_IRQ.c **** 
  72:Generated_Source\PSoC4/Display_I2C_SCB_IRQ.c **** /*******************************************************************************
  73:Generated_Source\PSoC4/Display_I2C_SCB_IRQ.c **** * Function Name: Display_I2C_SCB_IRQ_StartEx
  74:Generated_Source\PSoC4/Display_I2C_SCB_IRQ.c **** ********************************************************************************
  75:Generated_Source\PSoC4/Display_I2C_SCB_IRQ.c **** *
  76:Generated_Source\PSoC4/Display_I2C_SCB_IRQ.c **** * Summary:
  77:Generated_Source\PSoC4/Display_I2C_SCB_IRQ.c **** *  Sets up the interrupt and enables it. This function disables the interrupt,
  78:Generated_Source\PSoC4/Display_I2C_SCB_IRQ.c **** *  sets the interrupt vector based on the address passed in, sets the priority 
  79:Generated_Source\PSoC4/Display_I2C_SCB_IRQ.c **** *  from the value in the Design Wide Resources Interrupt Editor, then enables 
  80:Generated_Source\PSoC4/Display_I2C_SCB_IRQ.c **** *  the interrupt to the interrupt controller.
  81:Generated_Source\PSoC4/Display_I2C_SCB_IRQ.c **** *  
  82:Generated_Source\PSoC4/Display_I2C_SCB_IRQ.c **** *  When defining ISR functions, the CY_ISR and CY_ISR_PROTO macros should be 
  83:Generated_Source\PSoC4/Display_I2C_SCB_IRQ.c **** *  used to provide consistent definition across compilers:
  84:Generated_Source\PSoC4/Display_I2C_SCB_IRQ.c **** *  
  85:Generated_Source\PSoC4/Display_I2C_SCB_IRQ.c **** *  Function definition example:
  86:Generated_Source\PSoC4/Display_I2C_SCB_IRQ.c **** *   CY_ISR(MyISR)
  87:Generated_Source\PSoC4/Display_I2C_SCB_IRQ.c **** *   {
ARM GAS  C:\Users\VIDEOH~1\AppData\Local\Temp\ccJ5L6Ic.s 			page 3


  88:Generated_Source\PSoC4/Display_I2C_SCB_IRQ.c **** *   }
  89:Generated_Source\PSoC4/Display_I2C_SCB_IRQ.c **** *   Function prototype example:
  90:Generated_Source\PSoC4/Display_I2C_SCB_IRQ.c **** *   CY_ISR_PROTO(MyISR);
  91:Generated_Source\PSoC4/Display_I2C_SCB_IRQ.c **** *
  92:Generated_Source\PSoC4/Display_I2C_SCB_IRQ.c **** * Parameters:  
  93:Generated_Source\PSoC4/Display_I2C_SCB_IRQ.c **** *   address: Address of the ISR to set in the interrupt vector table.
  94:Generated_Source\PSoC4/Display_I2C_SCB_IRQ.c **** *
  95:Generated_Source\PSoC4/Display_I2C_SCB_IRQ.c **** * Return:
  96:Generated_Source\PSoC4/Display_I2C_SCB_IRQ.c **** *   None
  97:Generated_Source\PSoC4/Display_I2C_SCB_IRQ.c **** *
  98:Generated_Source\PSoC4/Display_I2C_SCB_IRQ.c **** *******************************************************************************/
  99:Generated_Source\PSoC4/Display_I2C_SCB_IRQ.c **** void Display_I2C_SCB_IRQ_StartEx(cyisraddress address)
 100:Generated_Source\PSoC4/Display_I2C_SCB_IRQ.c **** {
 101:Generated_Source\PSoC4/Display_I2C_SCB_IRQ.c ****     /* For all we know the interrupt is active. */
 102:Generated_Source\PSoC4/Display_I2C_SCB_IRQ.c ****     Display_I2C_SCB_IRQ_Disable();
 103:Generated_Source\PSoC4/Display_I2C_SCB_IRQ.c **** 
 104:Generated_Source\PSoC4/Display_I2C_SCB_IRQ.c ****     /* Set the ISR to point to the Display_I2C_SCB_IRQ Interrupt. */
 105:Generated_Source\PSoC4/Display_I2C_SCB_IRQ.c ****     Display_I2C_SCB_IRQ_SetVector(address);
 106:Generated_Source\PSoC4/Display_I2C_SCB_IRQ.c **** 
 107:Generated_Source\PSoC4/Display_I2C_SCB_IRQ.c ****     /* Set the priority. */
 108:Generated_Source\PSoC4/Display_I2C_SCB_IRQ.c ****     Display_I2C_SCB_IRQ_SetPriority((uint8)Display_I2C_SCB_IRQ_INTC_PRIOR_NUMBER);
 109:Generated_Source\PSoC4/Display_I2C_SCB_IRQ.c **** 
 110:Generated_Source\PSoC4/Display_I2C_SCB_IRQ.c ****     /* Enable it. */
 111:Generated_Source\PSoC4/Display_I2C_SCB_IRQ.c ****     Display_I2C_SCB_IRQ_Enable();
 112:Generated_Source\PSoC4/Display_I2C_SCB_IRQ.c **** }
 113:Generated_Source\PSoC4/Display_I2C_SCB_IRQ.c **** 
 114:Generated_Source\PSoC4/Display_I2C_SCB_IRQ.c **** 
 115:Generated_Source\PSoC4/Display_I2C_SCB_IRQ.c **** /*******************************************************************************
 116:Generated_Source\PSoC4/Display_I2C_SCB_IRQ.c **** * Function Name: Display_I2C_SCB_IRQ_Stop
 117:Generated_Source\PSoC4/Display_I2C_SCB_IRQ.c **** ********************************************************************************
 118:Generated_Source\PSoC4/Display_I2C_SCB_IRQ.c **** *
 119:Generated_Source\PSoC4/Display_I2C_SCB_IRQ.c **** * Summary:
 120:Generated_Source\PSoC4/Display_I2C_SCB_IRQ.c **** *   Disables and removes the interrupt.
 121:Generated_Source\PSoC4/Display_I2C_SCB_IRQ.c **** *
 122:Generated_Source\PSoC4/Display_I2C_SCB_IRQ.c **** * Parameters:  
 123:Generated_Source\PSoC4/Display_I2C_SCB_IRQ.c **** *   None
 124:Generated_Source\PSoC4/Display_I2C_SCB_IRQ.c **** *
 125:Generated_Source\PSoC4/Display_I2C_SCB_IRQ.c **** * Return:
 126:Generated_Source\PSoC4/Display_I2C_SCB_IRQ.c **** *   None
 127:Generated_Source\PSoC4/Display_I2C_SCB_IRQ.c **** *
 128:Generated_Source\PSoC4/Display_I2C_SCB_IRQ.c **** *******************************************************************************/
 129:Generated_Source\PSoC4/Display_I2C_SCB_IRQ.c **** void Display_I2C_SCB_IRQ_Stop(void)
 130:Generated_Source\PSoC4/Display_I2C_SCB_IRQ.c **** {
 131:Generated_Source\PSoC4/Display_I2C_SCB_IRQ.c ****     /* Disable this interrupt. */
 132:Generated_Source\PSoC4/Display_I2C_SCB_IRQ.c ****     Display_I2C_SCB_IRQ_Disable();
 133:Generated_Source\PSoC4/Display_I2C_SCB_IRQ.c **** 
 134:Generated_Source\PSoC4/Display_I2C_SCB_IRQ.c ****     /* Set the ISR to point to the passive one. */
 135:Generated_Source\PSoC4/Display_I2C_SCB_IRQ.c ****     Display_I2C_SCB_IRQ_SetVector(&IntDefaultHandler);
 136:Generated_Source\PSoC4/Display_I2C_SCB_IRQ.c **** }
 137:Generated_Source\PSoC4/Display_I2C_SCB_IRQ.c **** 
 138:Generated_Source\PSoC4/Display_I2C_SCB_IRQ.c **** 
 139:Generated_Source\PSoC4/Display_I2C_SCB_IRQ.c **** /*******************************************************************************
 140:Generated_Source\PSoC4/Display_I2C_SCB_IRQ.c **** * Function Name: Display_I2C_SCB_IRQ_Interrupt
 141:Generated_Source\PSoC4/Display_I2C_SCB_IRQ.c **** ********************************************************************************
 142:Generated_Source\PSoC4/Display_I2C_SCB_IRQ.c **** *
 143:Generated_Source\PSoC4/Display_I2C_SCB_IRQ.c **** * Summary:
 144:Generated_Source\PSoC4/Display_I2C_SCB_IRQ.c **** *   The default Interrupt Service Routine for Display_I2C_SCB_IRQ.
ARM GAS  C:\Users\VIDEOH~1\AppData\Local\Temp\ccJ5L6Ic.s 			page 4


 145:Generated_Source\PSoC4/Display_I2C_SCB_IRQ.c **** *
 146:Generated_Source\PSoC4/Display_I2C_SCB_IRQ.c **** *   Add custom code between the START and END comments to keep the next version
 147:Generated_Source\PSoC4/Display_I2C_SCB_IRQ.c **** *   of this file from over-writing your code.
 148:Generated_Source\PSoC4/Display_I2C_SCB_IRQ.c **** *
 149:Generated_Source\PSoC4/Display_I2C_SCB_IRQ.c **** *   Note You may use either the default ISR by using this API, or you may define
 150:Generated_Source\PSoC4/Display_I2C_SCB_IRQ.c **** *   your own separate ISR through ISR_StartEx().
 151:Generated_Source\PSoC4/Display_I2C_SCB_IRQ.c **** *
 152:Generated_Source\PSoC4/Display_I2C_SCB_IRQ.c **** * Parameters:  
 153:Generated_Source\PSoC4/Display_I2C_SCB_IRQ.c **** *   None
 154:Generated_Source\PSoC4/Display_I2C_SCB_IRQ.c **** *
 155:Generated_Source\PSoC4/Display_I2C_SCB_IRQ.c **** * Return:
 156:Generated_Source\PSoC4/Display_I2C_SCB_IRQ.c **** *   None
 157:Generated_Source\PSoC4/Display_I2C_SCB_IRQ.c **** *
 158:Generated_Source\PSoC4/Display_I2C_SCB_IRQ.c **** *******************************************************************************/
 159:Generated_Source\PSoC4/Display_I2C_SCB_IRQ.c **** CY_ISR(Display_I2C_SCB_IRQ_Interrupt)
 160:Generated_Source\PSoC4/Display_I2C_SCB_IRQ.c **** {
  28              		.loc 1 160 0
  29              		.cfi_startproc
  30              		@ args = 0, pretend = 0, frame = 0
  31              		@ frame_needed = 0, uses_anonymous_args = 0
  32              		@ link register save eliminated.
 161:Generated_Source\PSoC4/Display_I2C_SCB_IRQ.c ****     #ifdef Display_I2C_SCB_IRQ_INTERRUPT_INTERRUPT_CALLBACK
 162:Generated_Source\PSoC4/Display_I2C_SCB_IRQ.c ****         Display_I2C_SCB_IRQ_Interrupt_InterruptCallback();
 163:Generated_Source\PSoC4/Display_I2C_SCB_IRQ.c ****     #endif /* Display_I2C_SCB_IRQ_INTERRUPT_INTERRUPT_CALLBACK */ 
 164:Generated_Source\PSoC4/Display_I2C_SCB_IRQ.c **** 
 165:Generated_Source\PSoC4/Display_I2C_SCB_IRQ.c ****     /*  Place your Interrupt code here. */
 166:Generated_Source\PSoC4/Display_I2C_SCB_IRQ.c ****     /* `#START Display_I2C_SCB_IRQ_Interrupt` */
 167:Generated_Source\PSoC4/Display_I2C_SCB_IRQ.c **** 
 168:Generated_Source\PSoC4/Display_I2C_SCB_IRQ.c ****     /* `#END` */
 169:Generated_Source\PSoC4/Display_I2C_SCB_IRQ.c **** }
  33              		.loc 1 169 0
  34              		@ sp needed
  35 0000 7047     		bx	lr
  36              		.cfi_endproc
  37              	.LFE3:
  38              		.size	Display_I2C_SCB_IRQ_Interrupt, .-Display_I2C_SCB_IRQ_Interrupt
  39 0002 C046     		.section	.text.Display_I2C_SCB_IRQ_SetVector,"ax",%progbits
  40              		.align	2
  41              		.global	Display_I2C_SCB_IRQ_SetVector
  42              		.code	16
  43              		.thumb_func
  44              		.type	Display_I2C_SCB_IRQ_SetVector, %function
  45              	Display_I2C_SCB_IRQ_SetVector:
  46              	.LFB4:
 170:Generated_Source\PSoC4/Display_I2C_SCB_IRQ.c **** 
 171:Generated_Source\PSoC4/Display_I2C_SCB_IRQ.c **** 
 172:Generated_Source\PSoC4/Display_I2C_SCB_IRQ.c **** /*******************************************************************************
 173:Generated_Source\PSoC4/Display_I2C_SCB_IRQ.c **** * Function Name: Display_I2C_SCB_IRQ_SetVector
 174:Generated_Source\PSoC4/Display_I2C_SCB_IRQ.c **** ********************************************************************************
 175:Generated_Source\PSoC4/Display_I2C_SCB_IRQ.c **** *
 176:Generated_Source\PSoC4/Display_I2C_SCB_IRQ.c **** * Summary:
 177:Generated_Source\PSoC4/Display_I2C_SCB_IRQ.c **** *   Change the ISR vector for the Interrupt. Note calling Display_I2C_SCB_IRQ_Start
 178:Generated_Source\PSoC4/Display_I2C_SCB_IRQ.c **** *   will override any effect this method would have had. To set the vector 
 179:Generated_Source\PSoC4/Display_I2C_SCB_IRQ.c **** *   before the component has been started use Display_I2C_SCB_IRQ_StartEx instead.
 180:Generated_Source\PSoC4/Display_I2C_SCB_IRQ.c **** * 
 181:Generated_Source\PSoC4/Display_I2C_SCB_IRQ.c **** *   When defining ISR functions, the CY_ISR and CY_ISR_PROTO macros should be 
 182:Generated_Source\PSoC4/Display_I2C_SCB_IRQ.c **** *   used to provide consistent definition across compilers:
ARM GAS  C:\Users\VIDEOH~1\AppData\Local\Temp\ccJ5L6Ic.s 			page 5


 183:Generated_Source\PSoC4/Display_I2C_SCB_IRQ.c **** *
 184:Generated_Source\PSoC4/Display_I2C_SCB_IRQ.c **** *   Function definition example:
 185:Generated_Source\PSoC4/Display_I2C_SCB_IRQ.c **** *   CY_ISR(MyISR)
 186:Generated_Source\PSoC4/Display_I2C_SCB_IRQ.c **** *   {
 187:Generated_Source\PSoC4/Display_I2C_SCB_IRQ.c **** *   }
 188:Generated_Source\PSoC4/Display_I2C_SCB_IRQ.c **** *
 189:Generated_Source\PSoC4/Display_I2C_SCB_IRQ.c **** *   Function prototype example:
 190:Generated_Source\PSoC4/Display_I2C_SCB_IRQ.c **** *     CY_ISR_PROTO(MyISR);
 191:Generated_Source\PSoC4/Display_I2C_SCB_IRQ.c **** *
 192:Generated_Source\PSoC4/Display_I2C_SCB_IRQ.c **** * Parameters:
 193:Generated_Source\PSoC4/Display_I2C_SCB_IRQ.c **** *   address: Address of the ISR to set in the interrupt vector table.
 194:Generated_Source\PSoC4/Display_I2C_SCB_IRQ.c **** *
 195:Generated_Source\PSoC4/Display_I2C_SCB_IRQ.c **** * Return:
 196:Generated_Source\PSoC4/Display_I2C_SCB_IRQ.c **** *   None
 197:Generated_Source\PSoC4/Display_I2C_SCB_IRQ.c **** *
 198:Generated_Source\PSoC4/Display_I2C_SCB_IRQ.c **** *******************************************************************************/
 199:Generated_Source\PSoC4/Display_I2C_SCB_IRQ.c **** void Display_I2C_SCB_IRQ_SetVector(cyisraddress address)
 200:Generated_Source\PSoC4/Display_I2C_SCB_IRQ.c **** {
  47              		.loc 1 200 0
  48              		.cfi_startproc
  49              		@ args = 0, pretend = 0, frame = 0
  50              		@ frame_needed = 0, uses_anonymous_args = 0
  51              		@ link register save eliminated.
  52              	.LVL0:
 201:Generated_Source\PSoC4/Display_I2C_SCB_IRQ.c ****     CyRamVectors[CYINT_IRQ_BASE + Display_I2C_SCB_IRQ__INTC_NUMBER] = address;
  53              		.loc 1 201 0
  54 0000 014B     		ldr	r3, .L3
  55 0002 D866     		str	r0, [r3, #108]
 202:Generated_Source\PSoC4/Display_I2C_SCB_IRQ.c **** }
  56              		.loc 1 202 0
  57              		@ sp needed
  58 0004 7047     		bx	lr
  59              	.L4:
  60 0006 C046     		.align	2
  61              	.L3:
  62 0008 00000000 		.word	CyRamVectors
  63              		.cfi_endproc
  64              	.LFE4:
  65              		.size	Display_I2C_SCB_IRQ_SetVector, .-Display_I2C_SCB_IRQ_SetVector
  66              		.section	.text.Display_I2C_SCB_IRQ_GetVector,"ax",%progbits
  67              		.align	2
  68              		.global	Display_I2C_SCB_IRQ_GetVector
  69              		.code	16
  70              		.thumb_func
  71              		.type	Display_I2C_SCB_IRQ_GetVector, %function
  72              	Display_I2C_SCB_IRQ_GetVector:
  73              	.LFB5:
 203:Generated_Source\PSoC4/Display_I2C_SCB_IRQ.c **** 
 204:Generated_Source\PSoC4/Display_I2C_SCB_IRQ.c **** 
 205:Generated_Source\PSoC4/Display_I2C_SCB_IRQ.c **** /*******************************************************************************
 206:Generated_Source\PSoC4/Display_I2C_SCB_IRQ.c **** * Function Name: Display_I2C_SCB_IRQ_GetVector
 207:Generated_Source\PSoC4/Display_I2C_SCB_IRQ.c **** ********************************************************************************
 208:Generated_Source\PSoC4/Display_I2C_SCB_IRQ.c **** *
 209:Generated_Source\PSoC4/Display_I2C_SCB_IRQ.c **** * Summary:
 210:Generated_Source\PSoC4/Display_I2C_SCB_IRQ.c **** *   Gets the "address" of the current ISR vector for the Interrupt.
 211:Generated_Source\PSoC4/Display_I2C_SCB_IRQ.c **** *
 212:Generated_Source\PSoC4/Display_I2C_SCB_IRQ.c **** * Parameters:
ARM GAS  C:\Users\VIDEOH~1\AppData\Local\Temp\ccJ5L6Ic.s 			page 6


 213:Generated_Source\PSoC4/Display_I2C_SCB_IRQ.c **** *   None
 214:Generated_Source\PSoC4/Display_I2C_SCB_IRQ.c **** *
 215:Generated_Source\PSoC4/Display_I2C_SCB_IRQ.c **** * Return:
 216:Generated_Source\PSoC4/Display_I2C_SCB_IRQ.c **** *   Address of the ISR in the interrupt vector table.
 217:Generated_Source\PSoC4/Display_I2C_SCB_IRQ.c **** *
 218:Generated_Source\PSoC4/Display_I2C_SCB_IRQ.c **** *******************************************************************************/
 219:Generated_Source\PSoC4/Display_I2C_SCB_IRQ.c **** cyisraddress Display_I2C_SCB_IRQ_GetVector(void)
 220:Generated_Source\PSoC4/Display_I2C_SCB_IRQ.c **** {
  74              		.loc 1 220 0
  75              		.cfi_startproc
  76              		@ args = 0, pretend = 0, frame = 0
  77              		@ frame_needed = 0, uses_anonymous_args = 0
  78              		@ link register save eliminated.
 221:Generated_Source\PSoC4/Display_I2C_SCB_IRQ.c ****     return CyRamVectors[CYINT_IRQ_BASE + Display_I2C_SCB_IRQ__INTC_NUMBER];
  79              		.loc 1 221 0
  80 0000 014B     		ldr	r3, .L6
  81 0002 D86E     		ldr	r0, [r3, #108]
 222:Generated_Source\PSoC4/Display_I2C_SCB_IRQ.c **** }
  82              		.loc 1 222 0
  83              		@ sp needed
  84 0004 7047     		bx	lr
  85              	.L7:
  86 0006 C046     		.align	2
  87              	.L6:
  88 0008 00000000 		.word	CyRamVectors
  89              		.cfi_endproc
  90              	.LFE5:
  91              		.size	Display_I2C_SCB_IRQ_GetVector, .-Display_I2C_SCB_IRQ_GetVector
  92              		.section	.text.Display_I2C_SCB_IRQ_SetPriority,"ax",%progbits
  93              		.align	2
  94              		.global	Display_I2C_SCB_IRQ_SetPriority
  95              		.code	16
  96              		.thumb_func
  97              		.type	Display_I2C_SCB_IRQ_SetPriority, %function
  98              	Display_I2C_SCB_IRQ_SetPriority:
  99              	.LFB6:
 223:Generated_Source\PSoC4/Display_I2C_SCB_IRQ.c **** 
 224:Generated_Source\PSoC4/Display_I2C_SCB_IRQ.c **** 
 225:Generated_Source\PSoC4/Display_I2C_SCB_IRQ.c **** /*******************************************************************************
 226:Generated_Source\PSoC4/Display_I2C_SCB_IRQ.c **** * Function Name: Display_I2C_SCB_IRQ_SetPriority
 227:Generated_Source\PSoC4/Display_I2C_SCB_IRQ.c **** ********************************************************************************
 228:Generated_Source\PSoC4/Display_I2C_SCB_IRQ.c **** *
 229:Generated_Source\PSoC4/Display_I2C_SCB_IRQ.c **** * Summary:
 230:Generated_Source\PSoC4/Display_I2C_SCB_IRQ.c **** *   Sets the Priority of the Interrupt. 
 231:Generated_Source\PSoC4/Display_I2C_SCB_IRQ.c **** *
 232:Generated_Source\PSoC4/Display_I2C_SCB_IRQ.c **** *   Note calling Display_I2C_SCB_IRQ_Start or Display_I2C_SCB_IRQ_StartEx will 
 233:Generated_Source\PSoC4/Display_I2C_SCB_IRQ.c **** *   override any effect this API would have had. This API should only be called
 234:Generated_Source\PSoC4/Display_I2C_SCB_IRQ.c **** *   after Display_I2C_SCB_IRQ_Start or Display_I2C_SCB_IRQ_StartEx has been called. 
 235:Generated_Source\PSoC4/Display_I2C_SCB_IRQ.c **** *   To set the initial priority for the component, use the Design-Wide Resources
 236:Generated_Source\PSoC4/Display_I2C_SCB_IRQ.c **** *   Interrupt Editor.
 237:Generated_Source\PSoC4/Display_I2C_SCB_IRQ.c **** *
 238:Generated_Source\PSoC4/Display_I2C_SCB_IRQ.c **** *   Note This API has no effect on Non-maskable interrupt NMI).
 239:Generated_Source\PSoC4/Display_I2C_SCB_IRQ.c **** *
 240:Generated_Source\PSoC4/Display_I2C_SCB_IRQ.c **** * Parameters:
 241:Generated_Source\PSoC4/Display_I2C_SCB_IRQ.c **** *   priority: Priority of the interrupt, 0 being the highest priority
 242:Generated_Source\PSoC4/Display_I2C_SCB_IRQ.c **** *             PSoC 3 and PSoC 5LP: Priority is from 0 to 7.
 243:Generated_Source\PSoC4/Display_I2C_SCB_IRQ.c **** *             PSoC 4: Priority is from 0 to 3.
ARM GAS  C:\Users\VIDEOH~1\AppData\Local\Temp\ccJ5L6Ic.s 			page 7


 244:Generated_Source\PSoC4/Display_I2C_SCB_IRQ.c **** *
 245:Generated_Source\PSoC4/Display_I2C_SCB_IRQ.c **** * Return:
 246:Generated_Source\PSoC4/Display_I2C_SCB_IRQ.c **** *   None
 247:Generated_Source\PSoC4/Display_I2C_SCB_IRQ.c **** *
 248:Generated_Source\PSoC4/Display_I2C_SCB_IRQ.c **** *******************************************************************************/
 249:Generated_Source\PSoC4/Display_I2C_SCB_IRQ.c **** void Display_I2C_SCB_IRQ_SetPriority(uint8 priority)
 250:Generated_Source\PSoC4/Display_I2C_SCB_IRQ.c **** {
 100              		.loc 1 250 0
 101              		.cfi_startproc
 102              		@ args = 0, pretend = 0, frame = 0
 103              		@ frame_needed = 0, uses_anonymous_args = 0
 104              	.LVL1:
 105 0000 10B5     		push	{r4, lr}
 106              		.cfi_def_cfa_offset 8
 107              		.cfi_offset 4, -8
 108              		.cfi_offset 14, -4
 109 0002 0400     		movs	r4, r0
 110              	.LVL2:
 251:Generated_Source\PSoC4/Display_I2C_SCB_IRQ.c **** 	uint8 interruptState;
 252:Generated_Source\PSoC4/Display_I2C_SCB_IRQ.c ****     uint32 priorityOffset = ((Display_I2C_SCB_IRQ__INTC_NUMBER % 4u) * 8u) + 6u;
 253:Generated_Source\PSoC4/Display_I2C_SCB_IRQ.c ****     
 254:Generated_Source\PSoC4/Display_I2C_SCB_IRQ.c **** 	interruptState = CyEnterCriticalSection();
 111              		.loc 1 254 0
 112 0004 FFF7FEFF 		bl	CyEnterCriticalSection
 113              	.LVL3:
 255:Generated_Source\PSoC4/Display_I2C_SCB_IRQ.c ****     *Display_I2C_SCB_IRQ_INTC_PRIOR = (*Display_I2C_SCB_IRQ_INTC_PRIOR & (uint32)(~Display_I2C_SCB_
 114              		.loc 1 255 0
 115 0008 044A     		ldr	r2, .L9
 116 000a 1368     		ldr	r3, [r2]
 117 000c 9B00     		lsls	r3, r3, #2
 118 000e 9B08     		lsrs	r3, r3, #2
 256:Generated_Source\PSoC4/Display_I2C_SCB_IRQ.c ****                                     ((uint32)priority << priorityOffset);
 119              		.loc 1 256 0
 120 0010 A407     		lsls	r4, r4, #30
 255:Generated_Source\PSoC4/Display_I2C_SCB_IRQ.c ****     *Display_I2C_SCB_IRQ_INTC_PRIOR = (*Display_I2C_SCB_IRQ_INTC_PRIOR & (uint32)(~Display_I2C_SCB_
 121              		.loc 1 255 0
 122 0012 1C43     		orrs	r4, r3
 123 0014 1460     		str	r4, [r2]
 257:Generated_Source\PSoC4/Display_I2C_SCB_IRQ.c **** 	CyExitCriticalSection(interruptState);
 124              		.loc 1 257 0
 125 0016 FFF7FEFF 		bl	CyExitCriticalSection
 126              	.LVL4:
 258:Generated_Source\PSoC4/Display_I2C_SCB_IRQ.c **** }
 127              		.loc 1 258 0
 128              		@ sp needed
 129 001a 10BD     		pop	{r4, pc}
 130              	.L10:
 131              		.align	2
 132              	.L9:
 133 001c 08E400E0 		.word	-536812536
 134              		.cfi_endproc
 135              	.LFE6:
 136              		.size	Display_I2C_SCB_IRQ_SetPriority, .-Display_I2C_SCB_IRQ_SetPriority
 137              		.section	.text.Display_I2C_SCB_IRQ_GetPriority,"ax",%progbits
 138              		.align	2
 139              		.global	Display_I2C_SCB_IRQ_GetPriority
 140              		.code	16
ARM GAS  C:\Users\VIDEOH~1\AppData\Local\Temp\ccJ5L6Ic.s 			page 8


 141              		.thumb_func
 142              		.type	Display_I2C_SCB_IRQ_GetPriority, %function
 143              	Display_I2C_SCB_IRQ_GetPriority:
 144              	.LFB7:
 259:Generated_Source\PSoC4/Display_I2C_SCB_IRQ.c **** 
 260:Generated_Source\PSoC4/Display_I2C_SCB_IRQ.c **** 
 261:Generated_Source\PSoC4/Display_I2C_SCB_IRQ.c **** /*******************************************************************************
 262:Generated_Source\PSoC4/Display_I2C_SCB_IRQ.c **** * Function Name: Display_I2C_SCB_IRQ_GetPriority
 263:Generated_Source\PSoC4/Display_I2C_SCB_IRQ.c **** ********************************************************************************
 264:Generated_Source\PSoC4/Display_I2C_SCB_IRQ.c **** *
 265:Generated_Source\PSoC4/Display_I2C_SCB_IRQ.c **** * Summary:
 266:Generated_Source\PSoC4/Display_I2C_SCB_IRQ.c **** *   Gets the Priority of the Interrupt.
 267:Generated_Source\PSoC4/Display_I2C_SCB_IRQ.c **** *
 268:Generated_Source\PSoC4/Display_I2C_SCB_IRQ.c **** * Parameters:
 269:Generated_Source\PSoC4/Display_I2C_SCB_IRQ.c **** *   None
 270:Generated_Source\PSoC4/Display_I2C_SCB_IRQ.c **** *
 271:Generated_Source\PSoC4/Display_I2C_SCB_IRQ.c **** * Return:
 272:Generated_Source\PSoC4/Display_I2C_SCB_IRQ.c **** *   Priority of the interrupt, 0 being the highest priority
 273:Generated_Source\PSoC4/Display_I2C_SCB_IRQ.c **** *    PSoC 3 and PSoC 5LP: Priority is from 0 to 7.
 274:Generated_Source\PSoC4/Display_I2C_SCB_IRQ.c **** *    PSoC 4: Priority is from 0 to 3.
 275:Generated_Source\PSoC4/Display_I2C_SCB_IRQ.c **** *
 276:Generated_Source\PSoC4/Display_I2C_SCB_IRQ.c **** *******************************************************************************/
 277:Generated_Source\PSoC4/Display_I2C_SCB_IRQ.c **** uint8 Display_I2C_SCB_IRQ_GetPriority(void)
 278:Generated_Source\PSoC4/Display_I2C_SCB_IRQ.c **** {
 145              		.loc 1 278 0
 146              		.cfi_startproc
 147              		@ args = 0, pretend = 0, frame = 0
 148              		@ frame_needed = 0, uses_anonymous_args = 0
 149              		@ link register save eliminated.
 150              	.LVL5:
 279:Generated_Source\PSoC4/Display_I2C_SCB_IRQ.c ****     uint32 priority;
 280:Generated_Source\PSoC4/Display_I2C_SCB_IRQ.c **** 	uint32 priorityOffset = ((Display_I2C_SCB_IRQ__INTC_NUMBER % 4u) * 8u) + 6u;
 281:Generated_Source\PSoC4/Display_I2C_SCB_IRQ.c **** 
 282:Generated_Source\PSoC4/Display_I2C_SCB_IRQ.c ****     priority = (*Display_I2C_SCB_IRQ_INTC_PRIOR & Display_I2C_SCB_IRQ__INTC_PRIOR_MASK) >> priority
 151              		.loc 1 282 0
 152 0000 014B     		ldr	r3, .L12
 153 0002 1868     		ldr	r0, [r3]
 154              	.LVL6:
 283:Generated_Source\PSoC4/Display_I2C_SCB_IRQ.c **** 
 284:Generated_Source\PSoC4/Display_I2C_SCB_IRQ.c ****     return (uint8)priority;
 155              		.loc 1 284 0
 156 0004 800F     		lsrs	r0, r0, #30
 157              	.LVL7:
 285:Generated_Source\PSoC4/Display_I2C_SCB_IRQ.c **** }
 158              		.loc 1 285 0
 159              		@ sp needed
 160 0006 7047     		bx	lr
 161              	.L13:
 162              		.align	2
 163              	.L12:
 164 0008 08E400E0 		.word	-536812536
 165              		.cfi_endproc
 166              	.LFE7:
 167              		.size	Display_I2C_SCB_IRQ_GetPriority, .-Display_I2C_SCB_IRQ_GetPriority
 168              		.section	.text.Display_I2C_SCB_IRQ_Enable,"ax",%progbits
 169              		.align	2
 170              		.global	Display_I2C_SCB_IRQ_Enable
ARM GAS  C:\Users\VIDEOH~1\AppData\Local\Temp\ccJ5L6Ic.s 			page 9


 171              		.code	16
 172              		.thumb_func
 173              		.type	Display_I2C_SCB_IRQ_Enable, %function
 174              	Display_I2C_SCB_IRQ_Enable:
 175              	.LFB8:
 286:Generated_Source\PSoC4/Display_I2C_SCB_IRQ.c **** 
 287:Generated_Source\PSoC4/Display_I2C_SCB_IRQ.c **** 
 288:Generated_Source\PSoC4/Display_I2C_SCB_IRQ.c **** /*******************************************************************************
 289:Generated_Source\PSoC4/Display_I2C_SCB_IRQ.c **** * Function Name: Display_I2C_SCB_IRQ_Enable
 290:Generated_Source\PSoC4/Display_I2C_SCB_IRQ.c **** ********************************************************************************
 291:Generated_Source\PSoC4/Display_I2C_SCB_IRQ.c **** *
 292:Generated_Source\PSoC4/Display_I2C_SCB_IRQ.c **** * Summary:
 293:Generated_Source\PSoC4/Display_I2C_SCB_IRQ.c **** *   Enables the interrupt to the interrupt controller. Do not call this function
 294:Generated_Source\PSoC4/Display_I2C_SCB_IRQ.c **** *   unless ISR_Start() has been called or the functionality of the ISR_Start() 
 295:Generated_Source\PSoC4/Display_I2C_SCB_IRQ.c **** *   function, which sets the vector and the priority, has been called.
 296:Generated_Source\PSoC4/Display_I2C_SCB_IRQ.c **** *
 297:Generated_Source\PSoC4/Display_I2C_SCB_IRQ.c **** * Parameters:
 298:Generated_Source\PSoC4/Display_I2C_SCB_IRQ.c **** *   None
 299:Generated_Source\PSoC4/Display_I2C_SCB_IRQ.c **** *
 300:Generated_Source\PSoC4/Display_I2C_SCB_IRQ.c **** * Return:
 301:Generated_Source\PSoC4/Display_I2C_SCB_IRQ.c **** *   None
 302:Generated_Source\PSoC4/Display_I2C_SCB_IRQ.c **** *
 303:Generated_Source\PSoC4/Display_I2C_SCB_IRQ.c **** *******************************************************************************/
 304:Generated_Source\PSoC4/Display_I2C_SCB_IRQ.c **** void Display_I2C_SCB_IRQ_Enable(void)
 305:Generated_Source\PSoC4/Display_I2C_SCB_IRQ.c **** {
 176              		.loc 1 305 0
 177              		.cfi_startproc
 178              		@ args = 0, pretend = 0, frame = 0
 179              		@ frame_needed = 0, uses_anonymous_args = 0
 180              		@ link register save eliminated.
 306:Generated_Source\PSoC4/Display_I2C_SCB_IRQ.c ****     /* Enable the general interrupt. */
 307:Generated_Source\PSoC4/Display_I2C_SCB_IRQ.c ****     *Display_I2C_SCB_IRQ_INTC_SET_EN = Display_I2C_SCB_IRQ__INTC_MASK;
 181              		.loc 1 307 0
 182 0000 8022     		movs	r2, #128
 183 0002 1201     		lsls	r2, r2, #4
 184 0004 014B     		ldr	r3, .L15
 185 0006 1A60     		str	r2, [r3]
 308:Generated_Source\PSoC4/Display_I2C_SCB_IRQ.c **** }
 186              		.loc 1 308 0
 187              		@ sp needed
 188 0008 7047     		bx	lr
 189              	.L16:
 190 000a C046     		.align	2
 191              	.L15:
 192 000c 00E100E0 		.word	-536813312
 193              		.cfi_endproc
 194              	.LFE8:
 195              		.size	Display_I2C_SCB_IRQ_Enable, .-Display_I2C_SCB_IRQ_Enable
 196              		.section	.text.Display_I2C_SCB_IRQ_GetState,"ax",%progbits
 197              		.align	2
 198              		.global	Display_I2C_SCB_IRQ_GetState
 199              		.code	16
 200              		.thumb_func
 201              		.type	Display_I2C_SCB_IRQ_GetState, %function
 202              	Display_I2C_SCB_IRQ_GetState:
 203              	.LFB9:
 309:Generated_Source\PSoC4/Display_I2C_SCB_IRQ.c **** 
ARM GAS  C:\Users\VIDEOH~1\AppData\Local\Temp\ccJ5L6Ic.s 			page 10


 310:Generated_Source\PSoC4/Display_I2C_SCB_IRQ.c **** 
 311:Generated_Source\PSoC4/Display_I2C_SCB_IRQ.c **** /*******************************************************************************
 312:Generated_Source\PSoC4/Display_I2C_SCB_IRQ.c **** * Function Name: Display_I2C_SCB_IRQ_GetState
 313:Generated_Source\PSoC4/Display_I2C_SCB_IRQ.c **** ********************************************************************************
 314:Generated_Source\PSoC4/Display_I2C_SCB_IRQ.c **** *
 315:Generated_Source\PSoC4/Display_I2C_SCB_IRQ.c **** * Summary:
 316:Generated_Source\PSoC4/Display_I2C_SCB_IRQ.c **** *   Gets the state (enabled, disabled) of the Interrupt.
 317:Generated_Source\PSoC4/Display_I2C_SCB_IRQ.c **** *
 318:Generated_Source\PSoC4/Display_I2C_SCB_IRQ.c **** * Parameters:
 319:Generated_Source\PSoC4/Display_I2C_SCB_IRQ.c **** *   None
 320:Generated_Source\PSoC4/Display_I2C_SCB_IRQ.c **** *
 321:Generated_Source\PSoC4/Display_I2C_SCB_IRQ.c **** * Return:
 322:Generated_Source\PSoC4/Display_I2C_SCB_IRQ.c **** *   1 if enabled, 0 if disabled.
 323:Generated_Source\PSoC4/Display_I2C_SCB_IRQ.c **** *
 324:Generated_Source\PSoC4/Display_I2C_SCB_IRQ.c **** *******************************************************************************/
 325:Generated_Source\PSoC4/Display_I2C_SCB_IRQ.c **** uint8 Display_I2C_SCB_IRQ_GetState(void)
 326:Generated_Source\PSoC4/Display_I2C_SCB_IRQ.c **** {
 204              		.loc 1 326 0
 205              		.cfi_startproc
 206              		@ args = 0, pretend = 0, frame = 0
 207              		@ frame_needed = 0, uses_anonymous_args = 0
 208              		@ link register save eliminated.
 327:Generated_Source\PSoC4/Display_I2C_SCB_IRQ.c ****     /* Get the state of the general interrupt. */
 328:Generated_Source\PSoC4/Display_I2C_SCB_IRQ.c ****     return ((*Display_I2C_SCB_IRQ_INTC_SET_EN & (uint32)Display_I2C_SCB_IRQ__INTC_MASK) != 0u) ? 1u
 209              		.loc 1 328 0
 210 0000 034B     		ldr	r3, .L20
 211 0002 1B68     		ldr	r3, [r3]
 212 0004 1B05     		lsls	r3, r3, #20
 213 0006 01D5     		bpl	.L19
 214 0008 0120     		movs	r0, #1
 215 000a 00E0     		b	.L18
 216              	.L19:
 217 000c 0020     		movs	r0, #0
 218              	.L18:
 329:Generated_Source\PSoC4/Display_I2C_SCB_IRQ.c **** }
 219              		.loc 1 329 0 discriminator 4
 220              		@ sp needed
 221 000e 7047     		bx	lr
 222              	.L21:
 223              		.align	2
 224              	.L20:
 225 0010 00E100E0 		.word	-536813312
 226              		.cfi_endproc
 227              	.LFE9:
 228              		.size	Display_I2C_SCB_IRQ_GetState, .-Display_I2C_SCB_IRQ_GetState
 229              		.section	.text.Display_I2C_SCB_IRQ_Disable,"ax",%progbits
 230              		.align	2
 231              		.global	Display_I2C_SCB_IRQ_Disable
 232              		.code	16
 233              		.thumb_func
 234              		.type	Display_I2C_SCB_IRQ_Disable, %function
 235              	Display_I2C_SCB_IRQ_Disable:
 236              	.LFB10:
 330:Generated_Source\PSoC4/Display_I2C_SCB_IRQ.c **** 
 331:Generated_Source\PSoC4/Display_I2C_SCB_IRQ.c **** 
 332:Generated_Source\PSoC4/Display_I2C_SCB_IRQ.c **** /*******************************************************************************
 333:Generated_Source\PSoC4/Display_I2C_SCB_IRQ.c **** * Function Name: Display_I2C_SCB_IRQ_Disable
ARM GAS  C:\Users\VIDEOH~1\AppData\Local\Temp\ccJ5L6Ic.s 			page 11


 334:Generated_Source\PSoC4/Display_I2C_SCB_IRQ.c **** ********************************************************************************
 335:Generated_Source\PSoC4/Display_I2C_SCB_IRQ.c **** *
 336:Generated_Source\PSoC4/Display_I2C_SCB_IRQ.c **** * Summary:
 337:Generated_Source\PSoC4/Display_I2C_SCB_IRQ.c **** *   Disables the Interrupt in the interrupt controller.
 338:Generated_Source\PSoC4/Display_I2C_SCB_IRQ.c **** *
 339:Generated_Source\PSoC4/Display_I2C_SCB_IRQ.c **** * Parameters:
 340:Generated_Source\PSoC4/Display_I2C_SCB_IRQ.c **** *   None
 341:Generated_Source\PSoC4/Display_I2C_SCB_IRQ.c **** *
 342:Generated_Source\PSoC4/Display_I2C_SCB_IRQ.c **** * Return:
 343:Generated_Source\PSoC4/Display_I2C_SCB_IRQ.c **** *   None
 344:Generated_Source\PSoC4/Display_I2C_SCB_IRQ.c **** *
 345:Generated_Source\PSoC4/Display_I2C_SCB_IRQ.c **** *******************************************************************************/
 346:Generated_Source\PSoC4/Display_I2C_SCB_IRQ.c **** void Display_I2C_SCB_IRQ_Disable(void)
 347:Generated_Source\PSoC4/Display_I2C_SCB_IRQ.c **** {
 237              		.loc 1 347 0
 238              		.cfi_startproc
 239              		@ args = 0, pretend = 0, frame = 0
 240              		@ frame_needed = 0, uses_anonymous_args = 0
 241              		@ link register save eliminated.
 348:Generated_Source\PSoC4/Display_I2C_SCB_IRQ.c ****     /* Disable the general interrupt. */
 349:Generated_Source\PSoC4/Display_I2C_SCB_IRQ.c ****     *Display_I2C_SCB_IRQ_INTC_CLR_EN = Display_I2C_SCB_IRQ__INTC_MASK;
 242              		.loc 1 349 0
 243 0000 8022     		movs	r2, #128
 244 0002 1201     		lsls	r2, r2, #4
 245 0004 014B     		ldr	r3, .L23
 246 0006 1A60     		str	r2, [r3]
 350:Generated_Source\PSoC4/Display_I2C_SCB_IRQ.c **** }
 247              		.loc 1 350 0
 248              		@ sp needed
 249 0008 7047     		bx	lr
 250              	.L24:
 251 000a C046     		.align	2
 252              	.L23:
 253 000c 80E100E0 		.word	-536813184
 254              		.cfi_endproc
 255              	.LFE10:
 256              		.size	Display_I2C_SCB_IRQ_Disable, .-Display_I2C_SCB_IRQ_Disable
 257              		.section	.text.Display_I2C_SCB_IRQ_Start,"ax",%progbits
 258              		.align	2
 259              		.global	Display_I2C_SCB_IRQ_Start
 260              		.code	16
 261              		.thumb_func
 262              		.type	Display_I2C_SCB_IRQ_Start, %function
 263              	Display_I2C_SCB_IRQ_Start:
 264              	.LFB0:
  57:Generated_Source\PSoC4/Display_I2C_SCB_IRQ.c ****     /* For all we know the interrupt is active. */
 265              		.loc 1 57 0
 266              		.cfi_startproc
 267              		@ args = 0, pretend = 0, frame = 0
 268              		@ frame_needed = 0, uses_anonymous_args = 0
 269 0000 10B5     		push	{r4, lr}
 270              		.cfi_def_cfa_offset 8
 271              		.cfi_offset 4, -8
 272              		.cfi_offset 14, -4
  59:Generated_Source\PSoC4/Display_I2C_SCB_IRQ.c **** 
 273              		.loc 1 59 0
 274 0002 FFF7FEFF 		bl	Display_I2C_SCB_IRQ_Disable
ARM GAS  C:\Users\VIDEOH~1\AppData\Local\Temp\ccJ5L6Ic.s 			page 12


 275              	.LVL8:
  62:Generated_Source\PSoC4/Display_I2C_SCB_IRQ.c **** 
 276              		.loc 1 62 0
 277 0006 0448     		ldr	r0, .L26
 278 0008 FFF7FEFF 		bl	Display_I2C_SCB_IRQ_SetVector
 279              	.LVL9:
  65:Generated_Source\PSoC4/Display_I2C_SCB_IRQ.c **** 
 280              		.loc 1 65 0
 281 000c 0320     		movs	r0, #3
 282 000e FFF7FEFF 		bl	Display_I2C_SCB_IRQ_SetPriority
 283              	.LVL10:
  68:Generated_Source\PSoC4/Display_I2C_SCB_IRQ.c **** }
 284              		.loc 1 68 0
 285 0012 FFF7FEFF 		bl	Display_I2C_SCB_IRQ_Enable
 286              	.LVL11:
  69:Generated_Source\PSoC4/Display_I2C_SCB_IRQ.c **** 
 287              		.loc 1 69 0
 288              		@ sp needed
 289 0016 10BD     		pop	{r4, pc}
 290              	.L27:
 291              		.align	2
 292              	.L26:
 293 0018 00000000 		.word	Display_I2C_SCB_IRQ_Interrupt
 294              		.cfi_endproc
 295              	.LFE0:
 296              		.size	Display_I2C_SCB_IRQ_Start, .-Display_I2C_SCB_IRQ_Start
 297              		.section	.text.Display_I2C_SCB_IRQ_StartEx,"ax",%progbits
 298              		.align	2
 299              		.global	Display_I2C_SCB_IRQ_StartEx
 300              		.code	16
 301              		.thumb_func
 302              		.type	Display_I2C_SCB_IRQ_StartEx, %function
 303              	Display_I2C_SCB_IRQ_StartEx:
 304              	.LFB1:
 100:Generated_Source\PSoC4/Display_I2C_SCB_IRQ.c ****     /* For all we know the interrupt is active. */
 305              		.loc 1 100 0
 306              		.cfi_startproc
 307              		@ args = 0, pretend = 0, frame = 0
 308              		@ frame_needed = 0, uses_anonymous_args = 0
 309              	.LVL12:
 310 0000 10B5     		push	{r4, lr}
 311              		.cfi_def_cfa_offset 8
 312              		.cfi_offset 4, -8
 313              		.cfi_offset 14, -4
 314 0002 0400     		movs	r4, r0
 102:Generated_Source\PSoC4/Display_I2C_SCB_IRQ.c **** 
 315              		.loc 1 102 0
 316 0004 FFF7FEFF 		bl	Display_I2C_SCB_IRQ_Disable
 317              	.LVL13:
 105:Generated_Source\PSoC4/Display_I2C_SCB_IRQ.c **** 
 318              		.loc 1 105 0
 319 0008 2000     		movs	r0, r4
 320 000a FFF7FEFF 		bl	Display_I2C_SCB_IRQ_SetVector
 321              	.LVL14:
 108:Generated_Source\PSoC4/Display_I2C_SCB_IRQ.c **** 
 322              		.loc 1 108 0
 323 000e 0320     		movs	r0, #3
ARM GAS  C:\Users\VIDEOH~1\AppData\Local\Temp\ccJ5L6Ic.s 			page 13


 324 0010 FFF7FEFF 		bl	Display_I2C_SCB_IRQ_SetPriority
 325              	.LVL15:
 111:Generated_Source\PSoC4/Display_I2C_SCB_IRQ.c **** }
 326              		.loc 1 111 0
 327 0014 FFF7FEFF 		bl	Display_I2C_SCB_IRQ_Enable
 328              	.LVL16:
 112:Generated_Source\PSoC4/Display_I2C_SCB_IRQ.c **** 
 329              		.loc 1 112 0
 330              		@ sp needed
 331              	.LVL17:
 332 0018 10BD     		pop	{r4, pc}
 333              		.cfi_endproc
 334              	.LFE1:
 335              		.size	Display_I2C_SCB_IRQ_StartEx, .-Display_I2C_SCB_IRQ_StartEx
 336 001a C046     		.section	.text.Display_I2C_SCB_IRQ_Stop,"ax",%progbits
 337              		.align	2
 338              		.global	Display_I2C_SCB_IRQ_Stop
 339              		.code	16
 340              		.thumb_func
 341              		.type	Display_I2C_SCB_IRQ_Stop, %function
 342              	Display_I2C_SCB_IRQ_Stop:
 343              	.LFB2:
 130:Generated_Source\PSoC4/Display_I2C_SCB_IRQ.c ****     /* Disable this interrupt. */
 344              		.loc 1 130 0
 345              		.cfi_startproc
 346              		@ args = 0, pretend = 0, frame = 0
 347              		@ frame_needed = 0, uses_anonymous_args = 0
 348 0000 10B5     		push	{r4, lr}
 349              		.cfi_def_cfa_offset 8
 350              		.cfi_offset 4, -8
 351              		.cfi_offset 14, -4
 132:Generated_Source\PSoC4/Display_I2C_SCB_IRQ.c **** 
 352              		.loc 1 132 0
 353 0002 FFF7FEFF 		bl	Display_I2C_SCB_IRQ_Disable
 354              	.LVL18:
 135:Generated_Source\PSoC4/Display_I2C_SCB_IRQ.c **** }
 355              		.loc 1 135 0
 356 0006 0248     		ldr	r0, .L30
 357 0008 FFF7FEFF 		bl	Display_I2C_SCB_IRQ_SetVector
 358              	.LVL19:
 136:Generated_Source\PSoC4/Display_I2C_SCB_IRQ.c **** 
 359              		.loc 1 136 0
 360              		@ sp needed
 361 000c 10BD     		pop	{r4, pc}
 362              	.L31:
 363 000e C046     		.align	2
 364              	.L30:
 365 0010 00000000 		.word	IntDefaultHandler
 366              		.cfi_endproc
 367              	.LFE2:
 368              		.size	Display_I2C_SCB_IRQ_Stop, .-Display_I2C_SCB_IRQ_Stop
 369              		.section	.text.Display_I2C_SCB_IRQ_SetPending,"ax",%progbits
 370              		.align	2
 371              		.global	Display_I2C_SCB_IRQ_SetPending
 372              		.code	16
 373              		.thumb_func
 374              		.type	Display_I2C_SCB_IRQ_SetPending, %function
ARM GAS  C:\Users\VIDEOH~1\AppData\Local\Temp\ccJ5L6Ic.s 			page 14


 375              	Display_I2C_SCB_IRQ_SetPending:
 376              	.LFB11:
 351:Generated_Source\PSoC4/Display_I2C_SCB_IRQ.c **** 
 352:Generated_Source\PSoC4/Display_I2C_SCB_IRQ.c **** 
 353:Generated_Source\PSoC4/Display_I2C_SCB_IRQ.c **** /*******************************************************************************
 354:Generated_Source\PSoC4/Display_I2C_SCB_IRQ.c **** * Function Name: Display_I2C_SCB_IRQ_SetPending
 355:Generated_Source\PSoC4/Display_I2C_SCB_IRQ.c **** ********************************************************************************
 356:Generated_Source\PSoC4/Display_I2C_SCB_IRQ.c **** *
 357:Generated_Source\PSoC4/Display_I2C_SCB_IRQ.c **** * Summary:
 358:Generated_Source\PSoC4/Display_I2C_SCB_IRQ.c **** *   Causes the Interrupt to enter the pending state, a software method of
 359:Generated_Source\PSoC4/Display_I2C_SCB_IRQ.c **** *   generating the interrupt.
 360:Generated_Source\PSoC4/Display_I2C_SCB_IRQ.c **** *
 361:Generated_Source\PSoC4/Display_I2C_SCB_IRQ.c **** * Parameters:
 362:Generated_Source\PSoC4/Display_I2C_SCB_IRQ.c **** *   None
 363:Generated_Source\PSoC4/Display_I2C_SCB_IRQ.c **** *
 364:Generated_Source\PSoC4/Display_I2C_SCB_IRQ.c **** * Return:
 365:Generated_Source\PSoC4/Display_I2C_SCB_IRQ.c **** *   None
 366:Generated_Source\PSoC4/Display_I2C_SCB_IRQ.c **** *
 367:Generated_Source\PSoC4/Display_I2C_SCB_IRQ.c **** * Side Effects:
 368:Generated_Source\PSoC4/Display_I2C_SCB_IRQ.c **** *   If interrupts are enabled and the interrupt is set up properly, the ISR is
 369:Generated_Source\PSoC4/Display_I2C_SCB_IRQ.c **** *   entered (depending on the priority of this interrupt and other pending 
 370:Generated_Source\PSoC4/Display_I2C_SCB_IRQ.c **** *   interrupts).
 371:Generated_Source\PSoC4/Display_I2C_SCB_IRQ.c **** *
 372:Generated_Source\PSoC4/Display_I2C_SCB_IRQ.c **** *******************************************************************************/
 373:Generated_Source\PSoC4/Display_I2C_SCB_IRQ.c **** void Display_I2C_SCB_IRQ_SetPending(void)
 374:Generated_Source\PSoC4/Display_I2C_SCB_IRQ.c **** {
 377              		.loc 1 374 0
 378              		.cfi_startproc
 379              		@ args = 0, pretend = 0, frame = 0
 380              		@ frame_needed = 0, uses_anonymous_args = 0
 381              		@ link register save eliminated.
 375:Generated_Source\PSoC4/Display_I2C_SCB_IRQ.c ****     *Display_I2C_SCB_IRQ_INTC_SET_PD = Display_I2C_SCB_IRQ__INTC_MASK;
 382              		.loc 1 375 0
 383 0000 8022     		movs	r2, #128
 384 0002 1201     		lsls	r2, r2, #4
 385 0004 014B     		ldr	r3, .L33
 386 0006 1A60     		str	r2, [r3]
 376:Generated_Source\PSoC4/Display_I2C_SCB_IRQ.c **** }
 387              		.loc 1 376 0
 388              		@ sp needed
 389 0008 7047     		bx	lr
 390              	.L34:
 391 000a C046     		.align	2
 392              	.L33:
 393 000c 00E200E0 		.word	-536813056
 394              		.cfi_endproc
 395              	.LFE11:
 396              		.size	Display_I2C_SCB_IRQ_SetPending, .-Display_I2C_SCB_IRQ_SetPending
 397              		.section	.text.Display_I2C_SCB_IRQ_ClearPending,"ax",%progbits
 398              		.align	2
 399              		.global	Display_I2C_SCB_IRQ_ClearPending
 400              		.code	16
 401              		.thumb_func
 402              		.type	Display_I2C_SCB_IRQ_ClearPending, %function
 403              	Display_I2C_SCB_IRQ_ClearPending:
 404              	.LFB12:
 377:Generated_Source\PSoC4/Display_I2C_SCB_IRQ.c **** 
ARM GAS  C:\Users\VIDEOH~1\AppData\Local\Temp\ccJ5L6Ic.s 			page 15


 378:Generated_Source\PSoC4/Display_I2C_SCB_IRQ.c **** 
 379:Generated_Source\PSoC4/Display_I2C_SCB_IRQ.c **** /*******************************************************************************
 380:Generated_Source\PSoC4/Display_I2C_SCB_IRQ.c **** * Function Name: Display_I2C_SCB_IRQ_ClearPending
 381:Generated_Source\PSoC4/Display_I2C_SCB_IRQ.c **** ********************************************************************************
 382:Generated_Source\PSoC4/Display_I2C_SCB_IRQ.c **** *
 383:Generated_Source\PSoC4/Display_I2C_SCB_IRQ.c **** * Summary:
 384:Generated_Source\PSoC4/Display_I2C_SCB_IRQ.c **** *   Clears a pending interrupt in the interrupt controller.
 385:Generated_Source\PSoC4/Display_I2C_SCB_IRQ.c **** *
 386:Generated_Source\PSoC4/Display_I2C_SCB_IRQ.c **** *   Note Some interrupt sources are clear-on-read and require the block 
 387:Generated_Source\PSoC4/Display_I2C_SCB_IRQ.c **** *   interrupt/status register to be read/cleared with the appropriate block API 
 388:Generated_Source\PSoC4/Display_I2C_SCB_IRQ.c **** *   (GPIO, UART, and so on). Otherwise the ISR will continue to remain in 
 389:Generated_Source\PSoC4/Display_I2C_SCB_IRQ.c **** *   pending state even though the interrupt itself is cleared using this API.
 390:Generated_Source\PSoC4/Display_I2C_SCB_IRQ.c **** *
 391:Generated_Source\PSoC4/Display_I2C_SCB_IRQ.c **** * Parameters:
 392:Generated_Source\PSoC4/Display_I2C_SCB_IRQ.c **** *   None
 393:Generated_Source\PSoC4/Display_I2C_SCB_IRQ.c **** *
 394:Generated_Source\PSoC4/Display_I2C_SCB_IRQ.c **** * Return:
 395:Generated_Source\PSoC4/Display_I2C_SCB_IRQ.c **** *   None
 396:Generated_Source\PSoC4/Display_I2C_SCB_IRQ.c **** *
 397:Generated_Source\PSoC4/Display_I2C_SCB_IRQ.c **** *******************************************************************************/
 398:Generated_Source\PSoC4/Display_I2C_SCB_IRQ.c **** void Display_I2C_SCB_IRQ_ClearPending(void)
 399:Generated_Source\PSoC4/Display_I2C_SCB_IRQ.c **** {
 405              		.loc 1 399 0
 406              		.cfi_startproc
 407              		@ args = 0, pretend = 0, frame = 0
 408              		@ frame_needed = 0, uses_anonymous_args = 0
 409              		@ link register save eliminated.
 400:Generated_Source\PSoC4/Display_I2C_SCB_IRQ.c ****     *Display_I2C_SCB_IRQ_INTC_CLR_PD = Display_I2C_SCB_IRQ__INTC_MASK;
 410              		.loc 1 400 0
 411 0000 8022     		movs	r2, #128
 412 0002 1201     		lsls	r2, r2, #4
 413 0004 014B     		ldr	r3, .L36
 414 0006 1A60     		str	r2, [r3]
 401:Generated_Source\PSoC4/Display_I2C_SCB_IRQ.c **** }
 415              		.loc 1 401 0
 416              		@ sp needed
 417 0008 7047     		bx	lr
 418              	.L37:
 419 000a C046     		.align	2
 420              	.L36:
 421 000c 80E200E0 		.word	-536812928
 422              		.cfi_endproc
 423              	.LFE12:
 424              		.size	Display_I2C_SCB_IRQ_ClearPending, .-Display_I2C_SCB_IRQ_ClearPending
 425              		.text
 426              	.Letext0:
 427              		.file 2 "Generated_Source\\PSoC4/cytypes.h"
 428              		.file 3 "Generated_Source\\PSoC4/CyLib.h"
 429              		.section	.debug_info,"",%progbits
 430              	.Ldebug_info0:
 431 0000 FA020000 		.4byte	0x2fa
 432 0004 0400     		.2byte	0x4
 433 0006 00000000 		.4byte	.Ldebug_abbrev0
 434 000a 04       		.byte	0x4
 435 000b 01       		.uleb128 0x1
 436 000c 8F000000 		.4byte	.LASF35
 437 0010 0C       		.byte	0xc
ARM GAS  C:\Users\VIDEOH~1\AppData\Local\Temp\ccJ5L6Ic.s 			page 16


 438 0011 33000000 		.4byte	.LASF36
 439 0015 70020000 		.4byte	.LASF37
 440 0019 00000000 		.4byte	.Ldebug_ranges0+0
 441 001d 00000000 		.4byte	0
 442 0021 00000000 		.4byte	.Ldebug_line0
 443 0025 02       		.uleb128 0x2
 444 0026 01       		.byte	0x1
 445 0027 06       		.byte	0x6
 446 0028 7E030000 		.4byte	.LASF0
 447 002c 02       		.uleb128 0x2
 448 002d 01       		.byte	0x1
 449 002e 08       		.byte	0x8
 450 002f 45010000 		.4byte	.LASF1
 451 0033 02       		.uleb128 0x2
 452 0034 02       		.byte	0x2
 453 0035 05       		.byte	0x5
 454 0036 18030000 		.4byte	.LASF2
 455 003a 02       		.uleb128 0x2
 456 003b 02       		.byte	0x2
 457 003c 07       		.byte	0x7
 458 003d 7C000000 		.4byte	.LASF3
 459 0041 02       		.uleb128 0x2
 460 0042 04       		.byte	0x4
 461 0043 05       		.byte	0x5
 462 0044 70030000 		.4byte	.LASF4
 463 0048 02       		.uleb128 0x2
 464 0049 04       		.byte	0x4
 465 004a 07       		.byte	0x7
 466 004b 81010000 		.4byte	.LASF5
 467 004f 02       		.uleb128 0x2
 468 0050 08       		.byte	0x8
 469 0051 05       		.byte	0x5
 470 0052 CE020000 		.4byte	.LASF6
 471 0056 02       		.uleb128 0x2
 472 0057 08       		.byte	0x8
 473 0058 07       		.byte	0x7
 474 0059 2E010000 		.4byte	.LASF7
 475 005d 03       		.uleb128 0x3
 476 005e 04       		.byte	0x4
 477 005f 05       		.byte	0x5
 478 0060 696E7400 		.ascii	"int\000"
 479 0064 02       		.uleb128 0x2
 480 0065 04       		.byte	0x4
 481 0066 07       		.byte	0x7
 482 0067 FF010000 		.4byte	.LASF8
 483 006b 04       		.uleb128 0x4
 484 006c AE010000 		.4byte	.LASF9
 485 0070 02       		.byte	0x2
 486 0071 E401     		.2byte	0x1e4
 487 0073 2C000000 		.4byte	0x2c
 488 0077 04       		.uleb128 0x4
 489 0078 E1010000 		.4byte	.LASF10
 490 007c 02       		.byte	0x2
 491 007d E601     		.2byte	0x1e6
 492 007f 48000000 		.4byte	0x48
 493 0083 02       		.uleb128 0x2
 494 0084 04       		.byte	0x4
ARM GAS  C:\Users\VIDEOH~1\AppData\Local\Temp\ccJ5L6Ic.s 			page 17


 495 0085 04       		.byte	0x4
 496 0086 28010000 		.4byte	.LASF11
 497 008a 02       		.uleb128 0x2
 498 008b 08       		.byte	0x8
 499 008c 04       		.byte	0x4
 500 008d D1010000 		.4byte	.LASF12
 501 0091 02       		.uleb128 0x2
 502 0092 01       		.byte	0x1
 503 0093 08       		.byte	0x8
 504 0094 79030000 		.4byte	.LASF13
 505 0098 04       		.uleb128 0x4
 506 0099 00000000 		.4byte	.LASF14
 507 009d 02       		.byte	0x2
 508 009e 9002     		.2byte	0x290
 509 00a0 A4000000 		.4byte	0xa4
 510 00a4 05       		.uleb128 0x5
 511 00a5 77000000 		.4byte	0x77
 512 00a9 04       		.uleb128 0x4
 513 00aa 63020000 		.4byte	.LASF15
 514 00ae 02       		.byte	0x2
 515 00af A002     		.2byte	0x2a0
 516 00b1 B5000000 		.4byte	0xb5
 517 00b5 06       		.uleb128 0x6
 518 00b6 04       		.byte	0x4
 519 00b7 BB000000 		.4byte	0xbb
 520 00bb 07       		.uleb128 0x7
 521 00bc 02       		.uleb128 0x2
 522 00bd 04       		.byte	0x4
 523 00be 07       		.byte	0x7
 524 00bf C5020000 		.4byte	.LASF16
 525 00c3 08       		.uleb128 0x8
 526 00c4 FA020000 		.4byte	.LASF23
 527 00c8 01       		.byte	0x1
 528 00c9 9F       		.byte	0x9f
 529 00ca 00000000 		.4byte	.LFB3
 530 00ce 02000000 		.4byte	.LFE3-.LFB3
 531 00d2 01       		.uleb128 0x1
 532 00d3 9C       		.byte	0x9c
 533 00d4 09       		.uleb128 0x9
 534 00d5 52030000 		.4byte	.LASF17
 535 00d9 01       		.byte	0x1
 536 00da C7       		.byte	0xc7
 537 00db 00000000 		.4byte	.LFB4
 538 00df 0C000000 		.4byte	.LFE4-.LFB4
 539 00e3 01       		.uleb128 0x1
 540 00e4 9C       		.byte	0x9c
 541 00e5 F7000000 		.4byte	0xf7
 542 00e9 0A       		.uleb128 0xa
 543 00ea 0C020000 		.4byte	.LASF19
 544 00ee 01       		.byte	0x1
 545 00ef C7       		.byte	0xc7
 546 00f0 A9000000 		.4byte	0xa9
 547 00f4 01       		.uleb128 0x1
 548 00f5 50       		.byte	0x50
 549 00f6 00       		.byte	0
 550 00f7 0B       		.uleb128 0xb
 551 00f8 DC020000 		.4byte	.LASF25
ARM GAS  C:\Users\VIDEOH~1\AppData\Local\Temp\ccJ5L6Ic.s 			page 18


 552 00fc 01       		.byte	0x1
 553 00fd DB       		.byte	0xdb
 554 00fe A9000000 		.4byte	0xa9
 555 0102 00000000 		.4byte	.LFB5
 556 0106 0C000000 		.4byte	.LFE5-.LFB5
 557 010a 01       		.uleb128 0x1
 558 010b 9C       		.byte	0x9c
 559 010c 09       		.uleb128 0x9
 560 010d 2A020000 		.4byte	.LASF18
 561 0111 01       		.byte	0x1
 562 0112 F9       		.byte	0xf9
 563 0113 00000000 		.4byte	.LFB6
 564 0117 20000000 		.4byte	.LFE6-.LFB6
 565 011b 01       		.uleb128 0x1
 566 011c 9C       		.byte	0x9c
 567 011d 5E010000 		.4byte	0x15e
 568 0121 0C       		.uleb128 0xc
 569 0122 D8010000 		.4byte	.LASF20
 570 0126 01       		.byte	0x1
 571 0127 F9       		.byte	0xf9
 572 0128 6B000000 		.4byte	0x6b
 573 012c 00000000 		.4byte	.LLST0
 574 0130 0D       		.uleb128 0xd
 575 0131 72010000 		.4byte	.LASF21
 576 0135 01       		.byte	0x1
 577 0136 FB       		.byte	0xfb
 578 0137 6B000000 		.4byte	0x6b
 579 013b 21000000 		.4byte	.LLST1
 580 013f 0E       		.uleb128 0xe
 581 0140 43030000 		.4byte	.LASF22
 582 0144 01       		.byte	0x1
 583 0145 FC       		.byte	0xfc
 584 0146 77000000 		.4byte	0x77
 585 014a 1E       		.byte	0x1e
 586 014b 0F       		.uleb128 0xf
 587 014c 08000000 		.4byte	.LVL3
 588 0150 E7020000 		.4byte	0x2e7
 589 0154 0F       		.uleb128 0xf
 590 0155 1A000000 		.4byte	.LVL4
 591 0159 F2020000 		.4byte	0x2f2
 592 015d 00       		.byte	0
 593 015e 10       		.uleb128 0x10
 594 015f 06000000 		.4byte	.LASF38
 595 0163 01       		.byte	0x1
 596 0164 1501     		.2byte	0x115
 597 0166 6B000000 		.4byte	0x6b
 598 016a 00000000 		.4byte	.LFB7
 599 016e 0C000000 		.4byte	.LFE7-.LFB7
 600 0172 01       		.uleb128 0x1
 601 0173 9C       		.byte	0x9c
 602 0174 96010000 		.4byte	0x196
 603 0178 11       		.uleb128 0x11
 604 0179 D8010000 		.4byte	.LASF20
 605 017d 01       		.byte	0x1
 606 017e 1701     		.2byte	0x117
 607 0180 77000000 		.4byte	0x77
 608 0184 34000000 		.4byte	.LLST2
ARM GAS  C:\Users\VIDEOH~1\AppData\Local\Temp\ccJ5L6Ic.s 			page 19


 609 0188 12       		.uleb128 0x12
 610 0189 43030000 		.4byte	.LASF22
 611 018d 01       		.byte	0x1
 612 018e 1801     		.2byte	0x118
 613 0190 77000000 		.4byte	0x77
 614 0194 1E       		.byte	0x1e
 615 0195 00       		.byte	0
 616 0196 13       		.uleb128 0x13
 617 0197 93010000 		.4byte	.LASF24
 618 019b 01       		.byte	0x1
 619 019c 3001     		.2byte	0x130
 620 019e 00000000 		.4byte	.LFB8
 621 01a2 10000000 		.4byte	.LFE8-.LFB8
 622 01a6 01       		.uleb128 0x1
 623 01a7 9C       		.byte	0x9c
 624 01a8 14       		.uleb128 0x14
 625 01a9 B4010000 		.4byte	.LASF26
 626 01ad 01       		.byte	0x1
 627 01ae 4501     		.2byte	0x145
 628 01b0 6B000000 		.4byte	0x6b
 629 01b4 00000000 		.4byte	.LFB9
 630 01b8 14000000 		.4byte	.LFE9-.LFB9
 631 01bc 01       		.uleb128 0x1
 632 01bd 9C       		.byte	0x9c
 633 01be 13       		.uleb128 0x13
 634 01bf 8A030000 		.4byte	.LASF27
 635 01c3 01       		.byte	0x1
 636 01c4 5A01     		.2byte	0x15a
 637 01c6 00000000 		.4byte	.LFB10
 638 01ca 10000000 		.4byte	.LFE10-.LFB10
 639 01ce 01       		.uleb128 0x1
 640 01cf 9C       		.byte	0x9c
 641 01d0 09       		.uleb128 0x9
 642 01d1 AB020000 		.4byte	.LASF28
 643 01d5 01       		.byte	0x1
 644 01d6 38       		.byte	0x38
 645 01d7 00000000 		.4byte	.LFB0
 646 01db 1C000000 		.4byte	.LFE0-.LFB0
 647 01df 01       		.uleb128 0x1
 648 01e0 9C       		.byte	0x9c
 649 01e1 22020000 		.4byte	0x222
 650 01e5 0F       		.uleb128 0xf
 651 01e6 06000000 		.4byte	.LVL8
 652 01ea BE010000 		.4byte	0x1be
 653 01ee 15       		.uleb128 0x15
 654 01ef 0C000000 		.4byte	.LVL9
 655 01f3 D4000000 		.4byte	0xd4
 656 01f7 05020000 		.4byte	0x205
 657 01fb 16       		.uleb128 0x16
 658 01fc 01       		.uleb128 0x1
 659 01fd 50       		.byte	0x50
 660 01fe 05       		.uleb128 0x5
 661 01ff 03       		.byte	0x3
 662 0200 00000000 		.4byte	Display_I2C_SCB_IRQ_Interrupt
 663 0204 00       		.byte	0
 664 0205 15       		.uleb128 0x15
 665 0206 12000000 		.4byte	.LVL10
ARM GAS  C:\Users\VIDEOH~1\AppData\Local\Temp\ccJ5L6Ic.s 			page 20


 666 020a 0C010000 		.4byte	0x10c
 667 020e 18020000 		.4byte	0x218
 668 0212 16       		.uleb128 0x16
 669 0213 01       		.uleb128 0x1
 670 0214 50       		.byte	0x50
 671 0215 01       		.uleb128 0x1
 672 0216 33       		.byte	0x33
 673 0217 00       		.byte	0
 674 0218 0F       		.uleb128 0xf
 675 0219 16000000 		.4byte	.LVL11
 676 021d 96010000 		.4byte	0x196
 677 0221 00       		.byte	0
 678 0222 09       		.uleb128 0x9
 679 0223 60000000 		.4byte	.LASF29
 680 0227 01       		.byte	0x1
 681 0228 63       		.byte	0x63
 682 0229 00000000 		.4byte	.LFB1
 683 022d 1A000000 		.4byte	.LFE1-.LFB1
 684 0231 01       		.uleb128 0x1
 685 0232 9C       		.byte	0x9c
 686 0233 80020000 		.4byte	0x280
 687 0237 0C       		.uleb128 0xc
 688 0238 0C020000 		.4byte	.LASF19
 689 023c 01       		.byte	0x1
 690 023d 63       		.byte	0x63
 691 023e A9000000 		.4byte	0xa9
 692 0242 56000000 		.4byte	.LLST3
 693 0246 0F       		.uleb128 0xf
 694 0247 08000000 		.4byte	.LVL13
 695 024b BE010000 		.4byte	0x1be
 696 024f 15       		.uleb128 0x15
 697 0250 0E000000 		.4byte	.LVL14
 698 0254 D4000000 		.4byte	0xd4
 699 0258 63020000 		.4byte	0x263
 700 025c 16       		.uleb128 0x16
 701 025d 01       		.uleb128 0x1
 702 025e 50       		.byte	0x50
 703 025f 02       		.uleb128 0x2
 704 0260 74       		.byte	0x74
 705 0261 00       		.sleb128 0
 706 0262 00       		.byte	0
 707 0263 15       		.uleb128 0x15
 708 0264 14000000 		.4byte	.LVL15
 709 0268 0C010000 		.4byte	0x10c
 710 026c 76020000 		.4byte	0x276
 711 0270 16       		.uleb128 0x16
 712 0271 01       		.uleb128 0x1
 713 0272 50       		.byte	0x50
 714 0273 01       		.uleb128 0x1
 715 0274 33       		.byte	0x33
 716 0275 00       		.byte	0
 717 0276 0F       		.uleb128 0xf
 718 0277 18000000 		.4byte	.LVL16
 719 027b 96010000 		.4byte	0x196
 720 027f 00       		.byte	0
 721 0280 09       		.uleb128 0x9
 722 0281 4A020000 		.4byte	.LASF30
ARM GAS  C:\Users\VIDEOH~1\AppData\Local\Temp\ccJ5L6Ic.s 			page 21


 723 0285 01       		.byte	0x1
 724 0286 81       		.byte	0x81
 725 0287 00000000 		.4byte	.LFB2
 726 028b 14000000 		.4byte	.LFE2-.LFB2
 727 028f 01       		.uleb128 0x1
 728 0290 9C       		.byte	0x9c
 729 0291 A8020000 		.4byte	0x2a8
 730 0295 0F       		.uleb128 0xf
 731 0296 06000000 		.4byte	.LVL18
 732 029a BE010000 		.4byte	0x1be
 733 029e 0F       		.uleb128 0xf
 734 029f 0C000000 		.4byte	.LVL19
 735 02a3 D4000000 		.4byte	0xd4
 736 02a7 00       		.byte	0
 737 02a8 13       		.uleb128 0x13
 738 02a9 53010000 		.4byte	.LASF31
 739 02ad 01       		.byte	0x1
 740 02ae 7501     		.2byte	0x175
 741 02b0 00000000 		.4byte	.LFB11
 742 02b4 10000000 		.4byte	.LFE11-.LFB11
 743 02b8 01       		.uleb128 0x1
 744 02b9 9C       		.byte	0x9c
 745 02ba 13       		.uleb128 0x13
 746 02bb 22030000 		.4byte	.LASF32
 747 02bf 01       		.byte	0x1
 748 02c0 8E01     		.2byte	0x18e
 749 02c2 00000000 		.4byte	.LFB12
 750 02c6 10000000 		.4byte	.LFE12-.LFB12
 751 02ca 01       		.uleb128 0x1
 752 02cb 9C       		.byte	0x9c
 753 02cc 17       		.uleb128 0x17
 754 02cd A9000000 		.4byte	0xa9
 755 02d1 DC020000 		.4byte	0x2dc
 756 02d5 18       		.uleb128 0x18
 757 02d6 BC000000 		.4byte	0xbc
 758 02da 2F       		.byte	0x2f
 759 02db 00       		.byte	0
 760 02dc 19       		.uleb128 0x19
 761 02dd 26000000 		.4byte	.LASF39
 762 02e1 01       		.byte	0x1
 763 02e2 21       		.byte	0x21
 764 02e3 CC020000 		.4byte	0x2cc
 765 02e7 1A       		.uleb128 0x1a
 766 02e8 E8010000 		.4byte	.LASF33
 767 02ec E8010000 		.4byte	.LASF33
 768 02f0 03       		.byte	0x3
 769 02f1 E5       		.byte	0xe5
 770 02f2 1A       		.uleb128 0x1a
 771 02f3 14020000 		.4byte	.LASF34
 772 02f7 14020000 		.4byte	.LASF34
 773 02fb 03       		.byte	0x3
 774 02fc E6       		.byte	0xe6
 775 02fd 00       		.byte	0
 776              		.section	.debug_abbrev,"",%progbits
 777              	.Ldebug_abbrev0:
 778 0000 01       		.uleb128 0x1
 779 0001 11       		.uleb128 0x11
ARM GAS  C:\Users\VIDEOH~1\AppData\Local\Temp\ccJ5L6Ic.s 			page 22


 780 0002 01       		.byte	0x1
 781 0003 25       		.uleb128 0x25
 782 0004 0E       		.uleb128 0xe
 783 0005 13       		.uleb128 0x13
 784 0006 0B       		.uleb128 0xb
 785 0007 03       		.uleb128 0x3
 786 0008 0E       		.uleb128 0xe
 787 0009 1B       		.uleb128 0x1b
 788 000a 0E       		.uleb128 0xe
 789 000b 55       		.uleb128 0x55
 790 000c 17       		.uleb128 0x17
 791 000d 11       		.uleb128 0x11
 792 000e 01       		.uleb128 0x1
 793 000f 10       		.uleb128 0x10
 794 0010 17       		.uleb128 0x17
 795 0011 00       		.byte	0
 796 0012 00       		.byte	0
 797 0013 02       		.uleb128 0x2
 798 0014 24       		.uleb128 0x24
 799 0015 00       		.byte	0
 800 0016 0B       		.uleb128 0xb
 801 0017 0B       		.uleb128 0xb
 802 0018 3E       		.uleb128 0x3e
 803 0019 0B       		.uleb128 0xb
 804 001a 03       		.uleb128 0x3
 805 001b 0E       		.uleb128 0xe
 806 001c 00       		.byte	0
 807 001d 00       		.byte	0
 808 001e 03       		.uleb128 0x3
 809 001f 24       		.uleb128 0x24
 810 0020 00       		.byte	0
 811 0021 0B       		.uleb128 0xb
 812 0022 0B       		.uleb128 0xb
 813 0023 3E       		.uleb128 0x3e
 814 0024 0B       		.uleb128 0xb
 815 0025 03       		.uleb128 0x3
 816 0026 08       		.uleb128 0x8
 817 0027 00       		.byte	0
 818 0028 00       		.byte	0
 819 0029 04       		.uleb128 0x4
 820 002a 16       		.uleb128 0x16
 821 002b 00       		.byte	0
 822 002c 03       		.uleb128 0x3
 823 002d 0E       		.uleb128 0xe
 824 002e 3A       		.uleb128 0x3a
 825 002f 0B       		.uleb128 0xb
 826 0030 3B       		.uleb128 0x3b
 827 0031 05       		.uleb128 0x5
 828 0032 49       		.uleb128 0x49
 829 0033 13       		.uleb128 0x13
 830 0034 00       		.byte	0
 831 0035 00       		.byte	0
 832 0036 05       		.uleb128 0x5
 833 0037 35       		.uleb128 0x35
 834 0038 00       		.byte	0
 835 0039 49       		.uleb128 0x49
 836 003a 13       		.uleb128 0x13
ARM GAS  C:\Users\VIDEOH~1\AppData\Local\Temp\ccJ5L6Ic.s 			page 23


 837 003b 00       		.byte	0
 838 003c 00       		.byte	0
 839 003d 06       		.uleb128 0x6
 840 003e 0F       		.uleb128 0xf
 841 003f 00       		.byte	0
 842 0040 0B       		.uleb128 0xb
 843 0041 0B       		.uleb128 0xb
 844 0042 49       		.uleb128 0x49
 845 0043 13       		.uleb128 0x13
 846 0044 00       		.byte	0
 847 0045 00       		.byte	0
 848 0046 07       		.uleb128 0x7
 849 0047 15       		.uleb128 0x15
 850 0048 00       		.byte	0
 851 0049 27       		.uleb128 0x27
 852 004a 19       		.uleb128 0x19
 853 004b 00       		.byte	0
 854 004c 00       		.byte	0
 855 004d 08       		.uleb128 0x8
 856 004e 2E       		.uleb128 0x2e
 857 004f 00       		.byte	0
 858 0050 3F       		.uleb128 0x3f
 859 0051 19       		.uleb128 0x19
 860 0052 03       		.uleb128 0x3
 861 0053 0E       		.uleb128 0xe
 862 0054 3A       		.uleb128 0x3a
 863 0055 0B       		.uleb128 0xb
 864 0056 3B       		.uleb128 0x3b
 865 0057 0B       		.uleb128 0xb
 866 0058 27       		.uleb128 0x27
 867 0059 19       		.uleb128 0x19
 868 005a 11       		.uleb128 0x11
 869 005b 01       		.uleb128 0x1
 870 005c 12       		.uleb128 0x12
 871 005d 06       		.uleb128 0x6
 872 005e 40       		.uleb128 0x40
 873 005f 18       		.uleb128 0x18
 874 0060 9742     		.uleb128 0x2117
 875 0062 19       		.uleb128 0x19
 876 0063 00       		.byte	0
 877 0064 00       		.byte	0
 878 0065 09       		.uleb128 0x9
 879 0066 2E       		.uleb128 0x2e
 880 0067 01       		.byte	0x1
 881 0068 3F       		.uleb128 0x3f
 882 0069 19       		.uleb128 0x19
 883 006a 03       		.uleb128 0x3
 884 006b 0E       		.uleb128 0xe
 885 006c 3A       		.uleb128 0x3a
 886 006d 0B       		.uleb128 0xb
 887 006e 3B       		.uleb128 0x3b
 888 006f 0B       		.uleb128 0xb
 889 0070 27       		.uleb128 0x27
 890 0071 19       		.uleb128 0x19
 891 0072 11       		.uleb128 0x11
 892 0073 01       		.uleb128 0x1
 893 0074 12       		.uleb128 0x12
ARM GAS  C:\Users\VIDEOH~1\AppData\Local\Temp\ccJ5L6Ic.s 			page 24


 894 0075 06       		.uleb128 0x6
 895 0076 40       		.uleb128 0x40
 896 0077 18       		.uleb128 0x18
 897 0078 9742     		.uleb128 0x2117
 898 007a 19       		.uleb128 0x19
 899 007b 01       		.uleb128 0x1
 900 007c 13       		.uleb128 0x13
 901 007d 00       		.byte	0
 902 007e 00       		.byte	0
 903 007f 0A       		.uleb128 0xa
 904 0080 05       		.uleb128 0x5
 905 0081 00       		.byte	0
 906 0082 03       		.uleb128 0x3
 907 0083 0E       		.uleb128 0xe
 908 0084 3A       		.uleb128 0x3a
 909 0085 0B       		.uleb128 0xb
 910 0086 3B       		.uleb128 0x3b
 911 0087 0B       		.uleb128 0xb
 912 0088 49       		.uleb128 0x49
 913 0089 13       		.uleb128 0x13
 914 008a 02       		.uleb128 0x2
 915 008b 18       		.uleb128 0x18
 916 008c 00       		.byte	0
 917 008d 00       		.byte	0
 918 008e 0B       		.uleb128 0xb
 919 008f 2E       		.uleb128 0x2e
 920 0090 00       		.byte	0
 921 0091 3F       		.uleb128 0x3f
 922 0092 19       		.uleb128 0x19
 923 0093 03       		.uleb128 0x3
 924 0094 0E       		.uleb128 0xe
 925 0095 3A       		.uleb128 0x3a
 926 0096 0B       		.uleb128 0xb
 927 0097 3B       		.uleb128 0x3b
 928 0098 0B       		.uleb128 0xb
 929 0099 27       		.uleb128 0x27
 930 009a 19       		.uleb128 0x19
 931 009b 49       		.uleb128 0x49
 932 009c 13       		.uleb128 0x13
 933 009d 11       		.uleb128 0x11
 934 009e 01       		.uleb128 0x1
 935 009f 12       		.uleb128 0x12
 936 00a0 06       		.uleb128 0x6
 937 00a1 40       		.uleb128 0x40
 938 00a2 18       		.uleb128 0x18
 939 00a3 9742     		.uleb128 0x2117
 940 00a5 19       		.uleb128 0x19
 941 00a6 00       		.byte	0
 942 00a7 00       		.byte	0
 943 00a8 0C       		.uleb128 0xc
 944 00a9 05       		.uleb128 0x5
 945 00aa 00       		.byte	0
 946 00ab 03       		.uleb128 0x3
 947 00ac 0E       		.uleb128 0xe
 948 00ad 3A       		.uleb128 0x3a
 949 00ae 0B       		.uleb128 0xb
 950 00af 3B       		.uleb128 0x3b
ARM GAS  C:\Users\VIDEOH~1\AppData\Local\Temp\ccJ5L6Ic.s 			page 25


 951 00b0 0B       		.uleb128 0xb
 952 00b1 49       		.uleb128 0x49
 953 00b2 13       		.uleb128 0x13
 954 00b3 02       		.uleb128 0x2
 955 00b4 17       		.uleb128 0x17
 956 00b5 00       		.byte	0
 957 00b6 00       		.byte	0
 958 00b7 0D       		.uleb128 0xd
 959 00b8 34       		.uleb128 0x34
 960 00b9 00       		.byte	0
 961 00ba 03       		.uleb128 0x3
 962 00bb 0E       		.uleb128 0xe
 963 00bc 3A       		.uleb128 0x3a
 964 00bd 0B       		.uleb128 0xb
 965 00be 3B       		.uleb128 0x3b
 966 00bf 0B       		.uleb128 0xb
 967 00c0 49       		.uleb128 0x49
 968 00c1 13       		.uleb128 0x13
 969 00c2 02       		.uleb128 0x2
 970 00c3 17       		.uleb128 0x17
 971 00c4 00       		.byte	0
 972 00c5 00       		.byte	0
 973 00c6 0E       		.uleb128 0xe
 974 00c7 34       		.uleb128 0x34
 975 00c8 00       		.byte	0
 976 00c9 03       		.uleb128 0x3
 977 00ca 0E       		.uleb128 0xe
 978 00cb 3A       		.uleb128 0x3a
 979 00cc 0B       		.uleb128 0xb
 980 00cd 3B       		.uleb128 0x3b
 981 00ce 0B       		.uleb128 0xb
 982 00cf 49       		.uleb128 0x49
 983 00d0 13       		.uleb128 0x13
 984 00d1 1C       		.uleb128 0x1c
 985 00d2 0B       		.uleb128 0xb
 986 00d3 00       		.byte	0
 987 00d4 00       		.byte	0
 988 00d5 0F       		.uleb128 0xf
 989 00d6 898201   		.uleb128 0x4109
 990 00d9 00       		.byte	0
 991 00da 11       		.uleb128 0x11
 992 00db 01       		.uleb128 0x1
 993 00dc 31       		.uleb128 0x31
 994 00dd 13       		.uleb128 0x13
 995 00de 00       		.byte	0
 996 00df 00       		.byte	0
 997 00e0 10       		.uleb128 0x10
 998 00e1 2E       		.uleb128 0x2e
 999 00e2 01       		.byte	0x1
 1000 00e3 3F       		.uleb128 0x3f
 1001 00e4 19       		.uleb128 0x19
 1002 00e5 03       		.uleb128 0x3
 1003 00e6 0E       		.uleb128 0xe
 1004 00e7 3A       		.uleb128 0x3a
 1005 00e8 0B       		.uleb128 0xb
 1006 00e9 3B       		.uleb128 0x3b
 1007 00ea 05       		.uleb128 0x5
ARM GAS  C:\Users\VIDEOH~1\AppData\Local\Temp\ccJ5L6Ic.s 			page 26


 1008 00eb 27       		.uleb128 0x27
 1009 00ec 19       		.uleb128 0x19
 1010 00ed 49       		.uleb128 0x49
 1011 00ee 13       		.uleb128 0x13
 1012 00ef 11       		.uleb128 0x11
 1013 00f0 01       		.uleb128 0x1
 1014 00f1 12       		.uleb128 0x12
 1015 00f2 06       		.uleb128 0x6
 1016 00f3 40       		.uleb128 0x40
 1017 00f4 18       		.uleb128 0x18
 1018 00f5 9742     		.uleb128 0x2117
 1019 00f7 19       		.uleb128 0x19
 1020 00f8 01       		.uleb128 0x1
 1021 00f9 13       		.uleb128 0x13
 1022 00fa 00       		.byte	0
 1023 00fb 00       		.byte	0
 1024 00fc 11       		.uleb128 0x11
 1025 00fd 34       		.uleb128 0x34
 1026 00fe 00       		.byte	0
 1027 00ff 03       		.uleb128 0x3
 1028 0100 0E       		.uleb128 0xe
 1029 0101 3A       		.uleb128 0x3a
 1030 0102 0B       		.uleb128 0xb
 1031 0103 3B       		.uleb128 0x3b
 1032 0104 05       		.uleb128 0x5
 1033 0105 49       		.uleb128 0x49
 1034 0106 13       		.uleb128 0x13
 1035 0107 02       		.uleb128 0x2
 1036 0108 17       		.uleb128 0x17
 1037 0109 00       		.byte	0
 1038 010a 00       		.byte	0
 1039 010b 12       		.uleb128 0x12
 1040 010c 34       		.uleb128 0x34
 1041 010d 00       		.byte	0
 1042 010e 03       		.uleb128 0x3
 1043 010f 0E       		.uleb128 0xe
 1044 0110 3A       		.uleb128 0x3a
 1045 0111 0B       		.uleb128 0xb
 1046 0112 3B       		.uleb128 0x3b
 1047 0113 05       		.uleb128 0x5
 1048 0114 49       		.uleb128 0x49
 1049 0115 13       		.uleb128 0x13
 1050 0116 1C       		.uleb128 0x1c
 1051 0117 0B       		.uleb128 0xb
 1052 0118 00       		.byte	0
 1053 0119 00       		.byte	0
 1054 011a 13       		.uleb128 0x13
 1055 011b 2E       		.uleb128 0x2e
 1056 011c 00       		.byte	0
 1057 011d 3F       		.uleb128 0x3f
 1058 011e 19       		.uleb128 0x19
 1059 011f 03       		.uleb128 0x3
 1060 0120 0E       		.uleb128 0xe
 1061 0121 3A       		.uleb128 0x3a
 1062 0122 0B       		.uleb128 0xb
 1063 0123 3B       		.uleb128 0x3b
 1064 0124 05       		.uleb128 0x5
ARM GAS  C:\Users\VIDEOH~1\AppData\Local\Temp\ccJ5L6Ic.s 			page 27


 1065 0125 27       		.uleb128 0x27
 1066 0126 19       		.uleb128 0x19
 1067 0127 11       		.uleb128 0x11
 1068 0128 01       		.uleb128 0x1
 1069 0129 12       		.uleb128 0x12
 1070 012a 06       		.uleb128 0x6
 1071 012b 40       		.uleb128 0x40
 1072 012c 18       		.uleb128 0x18
 1073 012d 9742     		.uleb128 0x2117
 1074 012f 19       		.uleb128 0x19
 1075 0130 00       		.byte	0
 1076 0131 00       		.byte	0
 1077 0132 14       		.uleb128 0x14
 1078 0133 2E       		.uleb128 0x2e
 1079 0134 00       		.byte	0
 1080 0135 3F       		.uleb128 0x3f
 1081 0136 19       		.uleb128 0x19
 1082 0137 03       		.uleb128 0x3
 1083 0138 0E       		.uleb128 0xe
 1084 0139 3A       		.uleb128 0x3a
 1085 013a 0B       		.uleb128 0xb
 1086 013b 3B       		.uleb128 0x3b
 1087 013c 05       		.uleb128 0x5
 1088 013d 27       		.uleb128 0x27
 1089 013e 19       		.uleb128 0x19
 1090 013f 49       		.uleb128 0x49
 1091 0140 13       		.uleb128 0x13
 1092 0141 11       		.uleb128 0x11
 1093 0142 01       		.uleb128 0x1
 1094 0143 12       		.uleb128 0x12
 1095 0144 06       		.uleb128 0x6
 1096 0145 40       		.uleb128 0x40
 1097 0146 18       		.uleb128 0x18
 1098 0147 9742     		.uleb128 0x2117
 1099 0149 19       		.uleb128 0x19
 1100 014a 00       		.byte	0
 1101 014b 00       		.byte	0
 1102 014c 15       		.uleb128 0x15
 1103 014d 898201   		.uleb128 0x4109
 1104 0150 01       		.byte	0x1
 1105 0151 11       		.uleb128 0x11
 1106 0152 01       		.uleb128 0x1
 1107 0153 31       		.uleb128 0x31
 1108 0154 13       		.uleb128 0x13
 1109 0155 01       		.uleb128 0x1
 1110 0156 13       		.uleb128 0x13
 1111 0157 00       		.byte	0
 1112 0158 00       		.byte	0
 1113 0159 16       		.uleb128 0x16
 1114 015a 8A8201   		.uleb128 0x410a
 1115 015d 00       		.byte	0
 1116 015e 02       		.uleb128 0x2
 1117 015f 18       		.uleb128 0x18
 1118 0160 9142     		.uleb128 0x2111
 1119 0162 18       		.uleb128 0x18
 1120 0163 00       		.byte	0
 1121 0164 00       		.byte	0
ARM GAS  C:\Users\VIDEOH~1\AppData\Local\Temp\ccJ5L6Ic.s 			page 28


 1122 0165 17       		.uleb128 0x17
 1123 0166 01       		.uleb128 0x1
 1124 0167 01       		.byte	0x1
 1125 0168 49       		.uleb128 0x49
 1126 0169 13       		.uleb128 0x13
 1127 016a 01       		.uleb128 0x1
 1128 016b 13       		.uleb128 0x13
 1129 016c 00       		.byte	0
 1130 016d 00       		.byte	0
 1131 016e 18       		.uleb128 0x18
 1132 016f 21       		.uleb128 0x21
 1133 0170 00       		.byte	0
 1134 0171 49       		.uleb128 0x49
 1135 0172 13       		.uleb128 0x13
 1136 0173 2F       		.uleb128 0x2f
 1137 0174 0B       		.uleb128 0xb
 1138 0175 00       		.byte	0
 1139 0176 00       		.byte	0
 1140 0177 19       		.uleb128 0x19
 1141 0178 34       		.uleb128 0x34
 1142 0179 00       		.byte	0
 1143 017a 03       		.uleb128 0x3
 1144 017b 0E       		.uleb128 0xe
 1145 017c 3A       		.uleb128 0x3a
 1146 017d 0B       		.uleb128 0xb
 1147 017e 3B       		.uleb128 0x3b
 1148 017f 0B       		.uleb128 0xb
 1149 0180 49       		.uleb128 0x49
 1150 0181 13       		.uleb128 0x13
 1151 0182 3F       		.uleb128 0x3f
 1152 0183 19       		.uleb128 0x19
 1153 0184 3C       		.uleb128 0x3c
 1154 0185 19       		.uleb128 0x19
 1155 0186 00       		.byte	0
 1156 0187 00       		.byte	0
 1157 0188 1A       		.uleb128 0x1a
 1158 0189 2E       		.uleb128 0x2e
 1159 018a 00       		.byte	0
 1160 018b 3F       		.uleb128 0x3f
 1161 018c 19       		.uleb128 0x19
 1162 018d 3C       		.uleb128 0x3c
 1163 018e 19       		.uleb128 0x19
 1164 018f 6E       		.uleb128 0x6e
 1165 0190 0E       		.uleb128 0xe
 1166 0191 03       		.uleb128 0x3
 1167 0192 0E       		.uleb128 0xe
 1168 0193 3A       		.uleb128 0x3a
 1169 0194 0B       		.uleb128 0xb
 1170 0195 3B       		.uleb128 0x3b
 1171 0196 0B       		.uleb128 0xb
 1172 0197 00       		.byte	0
 1173 0198 00       		.byte	0
 1174 0199 00       		.byte	0
 1175              		.section	.debug_loc,"",%progbits
 1176              	.Ldebug_loc0:
 1177              	.LLST0:
 1178 0000 00000000 		.4byte	.LVL1
ARM GAS  C:\Users\VIDEOH~1\AppData\Local\Temp\ccJ5L6Ic.s 			page 29


 1179 0004 07000000 		.4byte	.LVL3-1
 1180 0008 0100     		.2byte	0x1
 1181 000a 50       		.byte	0x50
 1182 000b 07000000 		.4byte	.LVL3-1
 1183 000f 20000000 		.4byte	.LFE6
 1184 0013 0400     		.2byte	0x4
 1185 0015 F3       		.byte	0xf3
 1186 0016 01       		.uleb128 0x1
 1187 0017 50       		.byte	0x50
 1188 0018 9F       		.byte	0x9f
 1189 0019 00000000 		.4byte	0
 1190 001d 00000000 		.4byte	0
 1191              	.LLST1:
 1192 0021 08000000 		.4byte	.LVL3
 1193 0025 19000000 		.4byte	.LVL4-1
 1194 0029 0100     		.2byte	0x1
 1195 002b 50       		.byte	0x50
 1196 002c 00000000 		.4byte	0
 1197 0030 00000000 		.4byte	0
 1198              	.LLST2:
 1199 0034 04000000 		.4byte	.LVL6
 1200 0038 06000000 		.4byte	.LVL7
 1201 003c 0500     		.2byte	0x5
 1202 003e 70       		.byte	0x70
 1203 003f 00       		.sleb128 0
 1204 0040 4E       		.byte	0x4e
 1205 0041 25       		.byte	0x25
 1206 0042 9F       		.byte	0x9f
 1207 0043 06000000 		.4byte	.LVL7
 1208 0047 0C000000 		.4byte	.LFE7
 1209 004b 0100     		.2byte	0x1
 1210 004d 50       		.byte	0x50
 1211 004e 00000000 		.4byte	0
 1212 0052 00000000 		.4byte	0
 1213              	.LLST3:
 1214 0056 00000000 		.4byte	.LVL12
 1215 005a 07000000 		.4byte	.LVL13-1
 1216 005e 0100     		.2byte	0x1
 1217 0060 50       		.byte	0x50
 1218 0061 07000000 		.4byte	.LVL13-1
 1219 0065 18000000 		.4byte	.LVL17
 1220 0069 0100     		.2byte	0x1
 1221 006b 54       		.byte	0x54
 1222 006c 18000000 		.4byte	.LVL17
 1223 0070 1A000000 		.4byte	.LFE1
 1224 0074 0400     		.2byte	0x4
 1225 0076 F3       		.byte	0xf3
 1226 0077 01       		.uleb128 0x1
 1227 0078 50       		.byte	0x50
 1228 0079 9F       		.byte	0x9f
 1229 007a 00000000 		.4byte	0
 1230 007e 00000000 		.4byte	0
 1231              		.section	.debug_aranges,"",%progbits
 1232 0000 7C000000 		.4byte	0x7c
 1233 0004 0200     		.2byte	0x2
 1234 0006 00000000 		.4byte	.Ldebug_info0
 1235 000a 04       		.byte	0x4
ARM GAS  C:\Users\VIDEOH~1\AppData\Local\Temp\ccJ5L6Ic.s 			page 30


 1236 000b 00       		.byte	0
 1237 000c 0000     		.2byte	0
 1238 000e 0000     		.2byte	0
 1239 0010 00000000 		.4byte	.LFB3
 1240 0014 02000000 		.4byte	.LFE3-.LFB3
 1241 0018 00000000 		.4byte	.LFB4
 1242 001c 0C000000 		.4byte	.LFE4-.LFB4
 1243 0020 00000000 		.4byte	.LFB5
 1244 0024 0C000000 		.4byte	.LFE5-.LFB5
 1245 0028 00000000 		.4byte	.LFB6
 1246 002c 20000000 		.4byte	.LFE6-.LFB6
 1247 0030 00000000 		.4byte	.LFB7
 1248 0034 0C000000 		.4byte	.LFE7-.LFB7
 1249 0038 00000000 		.4byte	.LFB8
 1250 003c 10000000 		.4byte	.LFE8-.LFB8
 1251 0040 00000000 		.4byte	.LFB9
 1252 0044 14000000 		.4byte	.LFE9-.LFB9
 1253 0048 00000000 		.4byte	.LFB10
 1254 004c 10000000 		.4byte	.LFE10-.LFB10
 1255 0050 00000000 		.4byte	.LFB0
 1256 0054 1C000000 		.4byte	.LFE0-.LFB0
 1257 0058 00000000 		.4byte	.LFB1
 1258 005c 1A000000 		.4byte	.LFE1-.LFB1
 1259 0060 00000000 		.4byte	.LFB2
 1260 0064 14000000 		.4byte	.LFE2-.LFB2
 1261 0068 00000000 		.4byte	.LFB11
 1262 006c 10000000 		.4byte	.LFE11-.LFB11
 1263 0070 00000000 		.4byte	.LFB12
 1264 0074 10000000 		.4byte	.LFE12-.LFB12
 1265 0078 00000000 		.4byte	0
 1266 007c 00000000 		.4byte	0
 1267              		.section	.debug_ranges,"",%progbits
 1268              	.Ldebug_ranges0:
 1269 0000 00000000 		.4byte	.LFB3
 1270 0004 02000000 		.4byte	.LFE3
 1271 0008 00000000 		.4byte	.LFB4
 1272 000c 0C000000 		.4byte	.LFE4
 1273 0010 00000000 		.4byte	.LFB5
 1274 0014 0C000000 		.4byte	.LFE5
 1275 0018 00000000 		.4byte	.LFB6
 1276 001c 20000000 		.4byte	.LFE6
 1277 0020 00000000 		.4byte	.LFB7
 1278 0024 0C000000 		.4byte	.LFE7
 1279 0028 00000000 		.4byte	.LFB8
 1280 002c 10000000 		.4byte	.LFE8
 1281 0030 00000000 		.4byte	.LFB9
 1282 0034 14000000 		.4byte	.LFE9
 1283 0038 00000000 		.4byte	.LFB10
 1284 003c 10000000 		.4byte	.LFE10
 1285 0040 00000000 		.4byte	.LFB0
 1286 0044 1C000000 		.4byte	.LFE0
 1287 0048 00000000 		.4byte	.LFB1
 1288 004c 1A000000 		.4byte	.LFE1
 1289 0050 00000000 		.4byte	.LFB2
 1290 0054 14000000 		.4byte	.LFE2
 1291 0058 00000000 		.4byte	.LFB11
 1292 005c 10000000 		.4byte	.LFE11
ARM GAS  C:\Users\VIDEOH~1\AppData\Local\Temp\ccJ5L6Ic.s 			page 31


 1293 0060 00000000 		.4byte	.LFB12
 1294 0064 10000000 		.4byte	.LFE12
 1295 0068 00000000 		.4byte	0
 1296 006c 00000000 		.4byte	0
 1297              		.section	.debug_line,"",%progbits
 1298              	.Ldebug_line0:
 1299 0000 5B010000 		.section	.debug_str,"MS",%progbits,1
 1299      02005B00 
 1299      00000201 
 1299      FB0E0D00 
 1299      01010101 
 1300              	.LASF14:
 1301 0000 72656733 		.ascii	"reg32\000"
 1301      3200
 1302              	.LASF38:
 1303 0006 44697370 		.ascii	"Display_I2C_SCB_IRQ_GetPriority\000"
 1303      6C61795F 
 1303      4932435F 
 1303      5343425F 
 1303      4952515F 
 1304              	.LASF39:
 1305 0026 43795261 		.ascii	"CyRamVectors\000"
 1305      6D566563 
 1305      746F7273 
 1305      00
 1306              	.LASF36:
 1307 0033 47656E65 		.ascii	"Generated_Source\\PSoC4\\Display_I2C_SCB_IRQ.c\000"
 1307      72617465 
 1307      645F536F 
 1307      75726365 
 1307      5C50536F 
 1308              	.LASF29:
 1309 0060 44697370 		.ascii	"Display_I2C_SCB_IRQ_StartEx\000"
 1309      6C61795F 
 1309      4932435F 
 1309      5343425F 
 1309      4952515F 
 1310              	.LASF3:
 1311 007c 73686F72 		.ascii	"short unsigned int\000"
 1311      7420756E 
 1311      7369676E 
 1311      65642069 
 1311      6E7400
 1312              	.LASF35:
 1313 008f 474E5520 		.ascii	"GNU C99 5.4.1 20160609 (release) [ARM/embedded-5-br"
 1313      43393920 
 1313      352E342E 
 1313      31203230 
 1313      31363036 
 1314 00c2 616E6368 		.ascii	"anch revision 237715] -mcpu=cortex-m0 -mthumb -g -O"
 1314      20726576 
 1314      6973696F 
 1314      6E203233 
 1314      37373135 
 1315 00f5 67202D73 		.ascii	"g -std=gnu99 -ffunction-sections -ffat-lto-objects\000"
 1315      74643D67 
 1315      6E753939 
ARM GAS  C:\Users\VIDEOH~1\AppData\Local\Temp\ccJ5L6Ic.s 			page 32


 1315      202D6666 
 1315      756E6374 
 1316              	.LASF11:
 1317 0128 666C6F61 		.ascii	"float\000"
 1317      7400
 1318              	.LASF7:
 1319 012e 6C6F6E67 		.ascii	"long long unsigned int\000"
 1319      206C6F6E 
 1319      6720756E 
 1319      7369676E 
 1319      65642069 
 1320              	.LASF1:
 1321 0145 756E7369 		.ascii	"unsigned char\000"
 1321      676E6564 
 1321      20636861 
 1321      7200
 1322              	.LASF31:
 1323 0153 44697370 		.ascii	"Display_I2C_SCB_IRQ_SetPending\000"
 1323      6C61795F 
 1323      4932435F 
 1323      5343425F 
 1323      4952515F 
 1324              	.LASF21:
 1325 0172 696E7465 		.ascii	"interruptState\000"
 1325      72727570 
 1325      74537461 
 1325      746500
 1326              	.LASF5:
 1327 0181 6C6F6E67 		.ascii	"long unsigned int\000"
 1327      20756E73 
 1327      69676E65 
 1327      6420696E 
 1327      7400
 1328              	.LASF24:
 1329 0193 44697370 		.ascii	"Display_I2C_SCB_IRQ_Enable\000"
 1329      6C61795F 
 1329      4932435F 
 1329      5343425F 
 1329      4952515F 
 1330              	.LASF9:
 1331 01ae 75696E74 		.ascii	"uint8\000"
 1331      3800
 1332              	.LASF26:
 1333 01b4 44697370 		.ascii	"Display_I2C_SCB_IRQ_GetState\000"
 1333      6C61795F 
 1333      4932435F 
 1333      5343425F 
 1333      4952515F 
 1334              	.LASF12:
 1335 01d1 646F7562 		.ascii	"double\000"
 1335      6C6500
 1336              	.LASF20:
 1337 01d8 7072696F 		.ascii	"priority\000"
 1337      72697479 
 1337      00
 1338              	.LASF10:
 1339 01e1 75696E74 		.ascii	"uint32\000"
ARM GAS  C:\Users\VIDEOH~1\AppData\Local\Temp\ccJ5L6Ic.s 			page 33


 1339      333200
 1340              	.LASF33:
 1341 01e8 4379456E 		.ascii	"CyEnterCriticalSection\000"
 1341      74657243 
 1341      72697469 
 1341      63616C53 
 1341      65637469 
 1342              	.LASF8:
 1343 01ff 756E7369 		.ascii	"unsigned int\000"
 1343      676E6564 
 1343      20696E74 
 1343      00
 1344              	.LASF19:
 1345 020c 61646472 		.ascii	"address\000"
 1345      65737300 
 1346              	.LASF34:
 1347 0214 43794578 		.ascii	"CyExitCriticalSection\000"
 1347      69744372 
 1347      69746963 
 1347      616C5365 
 1347      6374696F 
 1348              	.LASF18:
 1349 022a 44697370 		.ascii	"Display_I2C_SCB_IRQ_SetPriority\000"
 1349      6C61795F 
 1349      4932435F 
 1349      5343425F 
 1349      4952515F 
 1350              	.LASF30:
 1351 024a 44697370 		.ascii	"Display_I2C_SCB_IRQ_Stop\000"
 1351      6C61795F 
 1351      4932435F 
 1351      5343425F 
 1351      4952515F 
 1352              	.LASF15:
 1353 0263 63796973 		.ascii	"cyisraddress\000"
 1353      72616464 
 1353      72657373 
 1353      00
 1354              	.LASF37:
 1355 0270 443A5C31 		.ascii	"D:\\1_work\\my_project\\ReloadPro\\psoc42boot\\Relo"
 1355      5F776F72 
 1355      6B5C6D79 
 1355      5F70726F 
 1355      6A656374 
 1356 029e 61642050 		.ascii	"ad Pro.cydsn\000"
 1356      726F2E63 
 1356      7964736E 
 1356      00
 1357              	.LASF28:
 1358 02ab 44697370 		.ascii	"Display_I2C_SCB_IRQ_Start\000"
 1358      6C61795F 
 1358      4932435F 
 1358      5343425F 
 1358      4952515F 
 1359              	.LASF16:
 1360 02c5 73697A65 		.ascii	"sizetype\000"
 1360      74797065 
ARM GAS  C:\Users\VIDEOH~1\AppData\Local\Temp\ccJ5L6Ic.s 			page 34


 1360      00
 1361              	.LASF6:
 1362 02ce 6C6F6E67 		.ascii	"long long int\000"
 1362      206C6F6E 
 1362      6720696E 
 1362      7400
 1363              	.LASF25:
 1364 02dc 44697370 		.ascii	"Display_I2C_SCB_IRQ_GetVector\000"
 1364      6C61795F 
 1364      4932435F 
 1364      5343425F 
 1364      4952515F 
 1365              	.LASF23:
 1366 02fa 44697370 		.ascii	"Display_I2C_SCB_IRQ_Interrupt\000"
 1366      6C61795F 
 1366      4932435F 
 1366      5343425F 
 1366      4952515F 
 1367              	.LASF2:
 1368 0318 73686F72 		.ascii	"short int\000"
 1368      7420696E 
 1368      7400
 1369              	.LASF32:
 1370 0322 44697370 		.ascii	"Display_I2C_SCB_IRQ_ClearPending\000"
 1370      6C61795F 
 1370      4932435F 
 1370      5343425F 
 1370      4952515F 
 1371              	.LASF22:
 1372 0343 7072696F 		.ascii	"priorityOffset\000"
 1372      72697479 
 1372      4F666673 
 1372      657400
 1373              	.LASF17:
 1374 0352 44697370 		.ascii	"Display_I2C_SCB_IRQ_SetVector\000"
 1374      6C61795F 
 1374      4932435F 
 1374      5343425F 
 1374      4952515F 
 1375              	.LASF4:
 1376 0370 6C6F6E67 		.ascii	"long int\000"
 1376      20696E74 
 1376      00
 1377              	.LASF13:
 1378 0379 63686172 		.ascii	"char\000"
 1378      00
 1379              	.LASF0:
 1380 037e 7369676E 		.ascii	"signed char\000"
 1380      65642063 
 1380      68617200 
 1381              	.LASF27:
 1382 038a 44697370 		.ascii	"Display_I2C_SCB_IRQ_Disable\000"
 1382      6C61795F 
 1382      4932435F 
 1382      5343425F 
 1382      4952515F 
 1383              		.ident	"GCC: (GNU Tools for ARM Embedded Processors) 5.4.1 20160609 (release) [ARM/embedded-5-bran
ARM GAS  C:\Users\VIDEOH~1\AppData\Local\Temp\ccJ5L6Ic.s 			page 35


