ARM GAS  C:\Users\VIDEOH~1\AppData\Local\Temp\ccqUyvLY.s 			page 1


   1              		.syntax unified
   2              		.cpu cortex-m0
   3              		.fpu softvfp
   4              		.eabi_attribute 20, 1
   5              		.eabi_attribute 21, 1
   6              		.eabi_attribute 23, 3
   7              		.eabi_attribute 24, 1
   8              		.eabi_attribute 25, 1
   9              		.eabi_attribute 26, 1
  10              		.eabi_attribute 30, 1
  11              		.eabi_attribute 34, 0
  12              		.eabi_attribute 18, 4
  13              		.thumb
  14              		.syntax unified
  15              		.file	"Display_I2C_PM.c"
  16              		.text
  17              	.Ltext0:
  18              		.cfi_sections	.debug_frame
  19              		.section	.text.Display_I2C_Sleep,"ax",%progbits
  20              		.align	2
  21              		.global	Display_I2C_Sleep
  22              		.code	16
  23              		.thumb_func
  24              		.type	Display_I2C_Sleep, %function
  25              	Display_I2C_Sleep:
  26              	.LFB0:
  27              		.file 1 "Generated_Source\\PSoC4\\Display_I2C_PM.c"
   1:Generated_Source\PSoC4/Display_I2C_PM.c **** /***************************************************************************//**
   2:Generated_Source\PSoC4/Display_I2C_PM.c **** * \file Display_I2C_PM.c
   3:Generated_Source\PSoC4/Display_I2C_PM.c **** * \version 4.0
   4:Generated_Source\PSoC4/Display_I2C_PM.c **** *
   5:Generated_Source\PSoC4/Display_I2C_PM.c **** * \brief
   6:Generated_Source\PSoC4/Display_I2C_PM.c **** *  This file provides the source code to the Power Management support for
   7:Generated_Source\PSoC4/Display_I2C_PM.c **** *  the SCB Component.
   8:Generated_Source\PSoC4/Display_I2C_PM.c **** *
   9:Generated_Source\PSoC4/Display_I2C_PM.c **** * Note:
  10:Generated_Source\PSoC4/Display_I2C_PM.c **** *
  11:Generated_Source\PSoC4/Display_I2C_PM.c **** ********************************************************************************
  12:Generated_Source\PSoC4/Display_I2C_PM.c **** * \copyright
  13:Generated_Source\PSoC4/Display_I2C_PM.c **** * Copyright 2013-2017, Cypress Semiconductor Corporation.  All rights reserved.
  14:Generated_Source\PSoC4/Display_I2C_PM.c **** * You may use this file only in accordance with the license, terms, conditions,
  15:Generated_Source\PSoC4/Display_I2C_PM.c **** * disclaimers, and limitations in the end user license agreement accompanying
  16:Generated_Source\PSoC4/Display_I2C_PM.c **** * the software package with which this file was provided.
  17:Generated_Source\PSoC4/Display_I2C_PM.c **** *******************************************************************************/
  18:Generated_Source\PSoC4/Display_I2C_PM.c **** 
  19:Generated_Source\PSoC4/Display_I2C_PM.c **** #include "Display_I2C.h"
  20:Generated_Source\PSoC4/Display_I2C_PM.c **** #include "Display_I2C_PVT.h"
  21:Generated_Source\PSoC4/Display_I2C_PM.c **** 
  22:Generated_Source\PSoC4/Display_I2C_PM.c **** #if(Display_I2C_SCB_MODE_I2C_INC)
  23:Generated_Source\PSoC4/Display_I2C_PM.c ****     #include "Display_I2C_I2C_PVT.h"
  24:Generated_Source\PSoC4/Display_I2C_PM.c **** #endif /* (Display_I2C_SCB_MODE_I2C_INC) */
  25:Generated_Source\PSoC4/Display_I2C_PM.c **** 
  26:Generated_Source\PSoC4/Display_I2C_PM.c **** #if(Display_I2C_SCB_MODE_EZI2C_INC)
  27:Generated_Source\PSoC4/Display_I2C_PM.c ****     #include "Display_I2C_EZI2C_PVT.h"
  28:Generated_Source\PSoC4/Display_I2C_PM.c **** #endif /* (Display_I2C_SCB_MODE_EZI2C_INC) */
  29:Generated_Source\PSoC4/Display_I2C_PM.c **** 
  30:Generated_Source\PSoC4/Display_I2C_PM.c **** #if(Display_I2C_SCB_MODE_SPI_INC || Display_I2C_SCB_MODE_UART_INC)
ARM GAS  C:\Users\VIDEOH~1\AppData\Local\Temp\ccqUyvLY.s 			page 2


  31:Generated_Source\PSoC4/Display_I2C_PM.c ****     #include "Display_I2C_SPI_UART_PVT.h"
  32:Generated_Source\PSoC4/Display_I2C_PM.c **** #endif /* (Display_I2C_SCB_MODE_SPI_INC || Display_I2C_SCB_MODE_UART_INC) */
  33:Generated_Source\PSoC4/Display_I2C_PM.c **** 
  34:Generated_Source\PSoC4/Display_I2C_PM.c **** 
  35:Generated_Source\PSoC4/Display_I2C_PM.c **** /***************************************
  36:Generated_Source\PSoC4/Display_I2C_PM.c **** *   Backup Structure declaration
  37:Generated_Source\PSoC4/Display_I2C_PM.c **** ***************************************/
  38:Generated_Source\PSoC4/Display_I2C_PM.c **** 
  39:Generated_Source\PSoC4/Display_I2C_PM.c **** #if(Display_I2C_SCB_MODE_UNCONFIG_CONST_CFG || \
  40:Generated_Source\PSoC4/Display_I2C_PM.c ****    (Display_I2C_SCB_MODE_I2C_CONST_CFG   && (!Display_I2C_I2C_WAKE_ENABLE_CONST))   || \
  41:Generated_Source\PSoC4/Display_I2C_PM.c ****    (Display_I2C_SCB_MODE_EZI2C_CONST_CFG && (!Display_I2C_EZI2C_WAKE_ENABLE_CONST)) || \
  42:Generated_Source\PSoC4/Display_I2C_PM.c ****    (Display_I2C_SCB_MODE_SPI_CONST_CFG   && (!Display_I2C_SPI_WAKE_ENABLE_CONST))   || \
  43:Generated_Source\PSoC4/Display_I2C_PM.c ****    (Display_I2C_SCB_MODE_UART_CONST_CFG  && (!Display_I2C_UART_WAKE_ENABLE_CONST)))
  44:Generated_Source\PSoC4/Display_I2C_PM.c **** 
  45:Generated_Source\PSoC4/Display_I2C_PM.c ****     Display_I2C_BACKUP_STRUCT Display_I2C_backup =
  46:Generated_Source\PSoC4/Display_I2C_PM.c ****     {
  47:Generated_Source\PSoC4/Display_I2C_PM.c ****         0u, /* enableState */
  48:Generated_Source\PSoC4/Display_I2C_PM.c ****     };
  49:Generated_Source\PSoC4/Display_I2C_PM.c **** #endif
  50:Generated_Source\PSoC4/Display_I2C_PM.c **** 
  51:Generated_Source\PSoC4/Display_I2C_PM.c **** 
  52:Generated_Source\PSoC4/Display_I2C_PM.c **** /*******************************************************************************
  53:Generated_Source\PSoC4/Display_I2C_PM.c **** * Function Name: Display_I2C_Sleep
  54:Generated_Source\PSoC4/Display_I2C_PM.c **** ****************************************************************************//**
  55:Generated_Source\PSoC4/Display_I2C_PM.c **** *
  56:Generated_Source\PSoC4/Display_I2C_PM.c **** *  Prepares the Display_I2C component to enter Deep Sleep.
  57:Generated_Source\PSoC4/Display_I2C_PM.c **** *  The “Enable wakeup from Deep Sleep Mode” selection has an influence on this 
  58:Generated_Source\PSoC4/Display_I2C_PM.c **** *  function implementation:
  59:Generated_Source\PSoC4/Display_I2C_PM.c **** *  - Checked: configures the component to be wakeup source from Deep Sleep.
  60:Generated_Source\PSoC4/Display_I2C_PM.c **** *  - Unchecked: stores the current component state (enabled or disabled) and 
  61:Generated_Source\PSoC4/Display_I2C_PM.c **** *    disables the component. See SCB_Stop() function for details about component 
  62:Generated_Source\PSoC4/Display_I2C_PM.c **** *    disabling.
  63:Generated_Source\PSoC4/Display_I2C_PM.c **** *
  64:Generated_Source\PSoC4/Display_I2C_PM.c **** *  Call the Display_I2C_Sleep() function before calling the 
  65:Generated_Source\PSoC4/Display_I2C_PM.c **** *  CyPmSysDeepSleep() function. 
  66:Generated_Source\PSoC4/Display_I2C_PM.c **** *  Refer to the PSoC Creator System Reference Guide for more information about 
  67:Generated_Source\PSoC4/Display_I2C_PM.c **** *  power management functions and Low power section of this document for the 
  68:Generated_Source\PSoC4/Display_I2C_PM.c **** *  selected mode.
  69:Generated_Source\PSoC4/Display_I2C_PM.c **** *
  70:Generated_Source\PSoC4/Display_I2C_PM.c **** *  This function should not be called before entering Sleep.
  71:Generated_Source\PSoC4/Display_I2C_PM.c **** *
  72:Generated_Source\PSoC4/Display_I2C_PM.c **** *******************************************************************************/
  73:Generated_Source\PSoC4/Display_I2C_PM.c **** void Display_I2C_Sleep(void)
  74:Generated_Source\PSoC4/Display_I2C_PM.c **** {
  28              		.loc 1 74 0
  29              		.cfi_startproc
  30              		@ args = 0, pretend = 0, frame = 0
  31              		@ frame_needed = 0, uses_anonymous_args = 0
  32 0000 10B5     		push	{r4, lr}
  33              		.cfi_def_cfa_offset 8
  34              		.cfi_offset 4, -8
  35              		.cfi_offset 14, -4
  75:Generated_Source\PSoC4/Display_I2C_PM.c **** #if(Display_I2C_SCB_MODE_UNCONFIG_CONST_CFG)
  76:Generated_Source\PSoC4/Display_I2C_PM.c **** 
  77:Generated_Source\PSoC4/Display_I2C_PM.c ****     if(Display_I2C_SCB_WAKE_ENABLE_CHECK)
  78:Generated_Source\PSoC4/Display_I2C_PM.c ****     {
  79:Generated_Source\PSoC4/Display_I2C_PM.c ****         if(Display_I2C_SCB_MODE_I2C_RUNTM_CFG)
ARM GAS  C:\Users\VIDEOH~1\AppData\Local\Temp\ccqUyvLY.s 			page 3


  80:Generated_Source\PSoC4/Display_I2C_PM.c ****         {
  81:Generated_Source\PSoC4/Display_I2C_PM.c ****             Display_I2C_I2CSaveConfig();
  82:Generated_Source\PSoC4/Display_I2C_PM.c ****         }
  83:Generated_Source\PSoC4/Display_I2C_PM.c ****         else if(Display_I2C_SCB_MODE_EZI2C_RUNTM_CFG)
  84:Generated_Source\PSoC4/Display_I2C_PM.c ****         {
  85:Generated_Source\PSoC4/Display_I2C_PM.c ****             Display_I2C_EzI2CSaveConfig();
  86:Generated_Source\PSoC4/Display_I2C_PM.c ****         }
  87:Generated_Source\PSoC4/Display_I2C_PM.c ****     #if(!Display_I2C_CY_SCBIP_V1)
  88:Generated_Source\PSoC4/Display_I2C_PM.c ****         else if(Display_I2C_SCB_MODE_SPI_RUNTM_CFG)
  89:Generated_Source\PSoC4/Display_I2C_PM.c ****         {
  90:Generated_Source\PSoC4/Display_I2C_PM.c ****             Display_I2C_SpiSaveConfig();
  91:Generated_Source\PSoC4/Display_I2C_PM.c ****         }
  92:Generated_Source\PSoC4/Display_I2C_PM.c ****         else if(Display_I2C_SCB_MODE_UART_RUNTM_CFG)
  93:Generated_Source\PSoC4/Display_I2C_PM.c ****         {
  94:Generated_Source\PSoC4/Display_I2C_PM.c ****             Display_I2C_UartSaveConfig();
  95:Generated_Source\PSoC4/Display_I2C_PM.c ****         }
  96:Generated_Source\PSoC4/Display_I2C_PM.c ****     #endif /* (!Display_I2C_CY_SCBIP_V1) */
  97:Generated_Source\PSoC4/Display_I2C_PM.c ****         else
  98:Generated_Source\PSoC4/Display_I2C_PM.c ****         {
  99:Generated_Source\PSoC4/Display_I2C_PM.c ****             /* Unknown mode */
 100:Generated_Source\PSoC4/Display_I2C_PM.c ****         }
 101:Generated_Source\PSoC4/Display_I2C_PM.c ****     }
 102:Generated_Source\PSoC4/Display_I2C_PM.c ****     else
 103:Generated_Source\PSoC4/Display_I2C_PM.c ****     {
 104:Generated_Source\PSoC4/Display_I2C_PM.c ****         Display_I2C_backup.enableState = (uint8) Display_I2C_GET_CTRL_ENABLED;
 105:Generated_Source\PSoC4/Display_I2C_PM.c **** 
 106:Generated_Source\PSoC4/Display_I2C_PM.c ****         if(0u != Display_I2C_backup.enableState)
 107:Generated_Source\PSoC4/Display_I2C_PM.c ****         {
 108:Generated_Source\PSoC4/Display_I2C_PM.c ****             Display_I2C_Stop();
 109:Generated_Source\PSoC4/Display_I2C_PM.c ****         }
 110:Generated_Source\PSoC4/Display_I2C_PM.c ****     }
 111:Generated_Source\PSoC4/Display_I2C_PM.c **** 
 112:Generated_Source\PSoC4/Display_I2C_PM.c **** #else
 113:Generated_Source\PSoC4/Display_I2C_PM.c **** 
 114:Generated_Source\PSoC4/Display_I2C_PM.c ****     #if (Display_I2C_SCB_MODE_I2C_CONST_CFG && Display_I2C_I2C_WAKE_ENABLE_CONST)
 115:Generated_Source\PSoC4/Display_I2C_PM.c ****         Display_I2C_I2CSaveConfig();
 116:Generated_Source\PSoC4/Display_I2C_PM.c **** 
 117:Generated_Source\PSoC4/Display_I2C_PM.c ****     #elif (Display_I2C_SCB_MODE_EZI2C_CONST_CFG && Display_I2C_EZI2C_WAKE_ENABLE_CONST)
 118:Generated_Source\PSoC4/Display_I2C_PM.c ****         Display_I2C_EzI2CSaveConfig();
 119:Generated_Source\PSoC4/Display_I2C_PM.c **** 
 120:Generated_Source\PSoC4/Display_I2C_PM.c ****     #elif (Display_I2C_SCB_MODE_SPI_CONST_CFG && Display_I2C_SPI_WAKE_ENABLE_CONST)
 121:Generated_Source\PSoC4/Display_I2C_PM.c ****         Display_I2C_SpiSaveConfig();
 122:Generated_Source\PSoC4/Display_I2C_PM.c **** 
 123:Generated_Source\PSoC4/Display_I2C_PM.c ****     #elif (Display_I2C_SCB_MODE_UART_CONST_CFG && Display_I2C_UART_WAKE_ENABLE_CONST)
 124:Generated_Source\PSoC4/Display_I2C_PM.c ****         Display_I2C_UartSaveConfig();
 125:Generated_Source\PSoC4/Display_I2C_PM.c **** 
 126:Generated_Source\PSoC4/Display_I2C_PM.c ****     #else
 127:Generated_Source\PSoC4/Display_I2C_PM.c **** 
 128:Generated_Source\PSoC4/Display_I2C_PM.c ****         Display_I2C_backup.enableState = (uint8) Display_I2C_GET_CTRL_ENABLED;
  36              		.loc 1 128 0
  37 0002 044B     		ldr	r3, .L3
  38 0004 1B68     		ldr	r3, [r3]
  39 0006 DB0F     		lsrs	r3, r3, #31
  40 0008 034A     		ldr	r2, .L3+4
  41 000a 1370     		strb	r3, [r2]
 129:Generated_Source\PSoC4/Display_I2C_PM.c **** 
 130:Generated_Source\PSoC4/Display_I2C_PM.c ****         if(0u != Display_I2C_backup.enableState)
ARM GAS  C:\Users\VIDEOH~1\AppData\Local\Temp\ccqUyvLY.s 			page 4


  42              		.loc 1 130 0
  43 000c 01D0     		beq	.L1
 131:Generated_Source\PSoC4/Display_I2C_PM.c ****         {
 132:Generated_Source\PSoC4/Display_I2C_PM.c ****             Display_I2C_Stop();
  44              		.loc 1 132 0
  45 000e FFF7FEFF 		bl	Display_I2C_Stop
  46              	.LVL0:
  47              	.L1:
 133:Generated_Source\PSoC4/Display_I2C_PM.c ****         }
 134:Generated_Source\PSoC4/Display_I2C_PM.c **** 
 135:Generated_Source\PSoC4/Display_I2C_PM.c ****     #endif /* defined (Display_I2C_SCB_MODE_I2C_CONST_CFG) && (Display_I2C_I2C_WAKE_ENABLE_CONST) *
 136:Generated_Source\PSoC4/Display_I2C_PM.c **** 
 137:Generated_Source\PSoC4/Display_I2C_PM.c **** #endif /* (Display_I2C_SCB_MODE_UNCONFIG_CONST_CFG) */
 138:Generated_Source\PSoC4/Display_I2C_PM.c **** }
  48              		.loc 1 138 0
  49              		@ sp needed
  50 0012 10BD     		pop	{r4, pc}
  51              	.L4:
  52              		.align	2
  53              	.L3:
  54 0014 00000740 		.word	1074200576
  55 0018 00000000 		.word	.LANCHOR0
  56              		.cfi_endproc
  57              	.LFE0:
  58              		.size	Display_I2C_Sleep, .-Display_I2C_Sleep
  59              		.section	.text.Display_I2C_Wakeup,"ax",%progbits
  60              		.align	2
  61              		.global	Display_I2C_Wakeup
  62              		.code	16
  63              		.thumb_func
  64              		.type	Display_I2C_Wakeup, %function
  65              	Display_I2C_Wakeup:
  66              	.LFB1:
 139:Generated_Source\PSoC4/Display_I2C_PM.c **** 
 140:Generated_Source\PSoC4/Display_I2C_PM.c **** 
 141:Generated_Source\PSoC4/Display_I2C_PM.c **** /*******************************************************************************
 142:Generated_Source\PSoC4/Display_I2C_PM.c **** * Function Name: Display_I2C_Wakeup
 143:Generated_Source\PSoC4/Display_I2C_PM.c **** ****************************************************************************//**
 144:Generated_Source\PSoC4/Display_I2C_PM.c **** *
 145:Generated_Source\PSoC4/Display_I2C_PM.c **** *  Prepares the Display_I2C component for Active mode operation after 
 146:Generated_Source\PSoC4/Display_I2C_PM.c **** *  Deep Sleep.
 147:Generated_Source\PSoC4/Display_I2C_PM.c **** *  The “Enable wakeup from Deep Sleep Mode” selection has influence on this 
 148:Generated_Source\PSoC4/Display_I2C_PM.c **** *  function implementation:
 149:Generated_Source\PSoC4/Display_I2C_PM.c **** *  - Checked: restores the component Active mode configuration.
 150:Generated_Source\PSoC4/Display_I2C_PM.c **** *  - Unchecked: enables the component if it was enabled before enter Deep Sleep.
 151:Generated_Source\PSoC4/Display_I2C_PM.c **** *
 152:Generated_Source\PSoC4/Display_I2C_PM.c **** *  This function should not be called after exiting Sleep.
 153:Generated_Source\PSoC4/Display_I2C_PM.c **** *
 154:Generated_Source\PSoC4/Display_I2C_PM.c **** *  \sideeffect
 155:Generated_Source\PSoC4/Display_I2C_PM.c **** *   Calling the Display_I2C_Wakeup() function without first calling the 
 156:Generated_Source\PSoC4/Display_I2C_PM.c **** *   Display_I2C_Sleep() function may produce unexpected behavior.
 157:Generated_Source\PSoC4/Display_I2C_PM.c **** *
 158:Generated_Source\PSoC4/Display_I2C_PM.c **** *******************************************************************************/
 159:Generated_Source\PSoC4/Display_I2C_PM.c **** void Display_I2C_Wakeup(void)
 160:Generated_Source\PSoC4/Display_I2C_PM.c **** {
  67              		.loc 1 160 0
  68              		.cfi_startproc
ARM GAS  C:\Users\VIDEOH~1\AppData\Local\Temp\ccqUyvLY.s 			page 5


  69              		@ args = 0, pretend = 0, frame = 0
  70              		@ frame_needed = 0, uses_anonymous_args = 0
  71 0000 10B5     		push	{r4, lr}
  72              		.cfi_def_cfa_offset 8
  73              		.cfi_offset 4, -8
  74              		.cfi_offset 14, -4
 161:Generated_Source\PSoC4/Display_I2C_PM.c **** #if(Display_I2C_SCB_MODE_UNCONFIG_CONST_CFG)
 162:Generated_Source\PSoC4/Display_I2C_PM.c **** 
 163:Generated_Source\PSoC4/Display_I2C_PM.c ****     if(Display_I2C_SCB_WAKE_ENABLE_CHECK)
 164:Generated_Source\PSoC4/Display_I2C_PM.c ****     {
 165:Generated_Source\PSoC4/Display_I2C_PM.c ****         if(Display_I2C_SCB_MODE_I2C_RUNTM_CFG)
 166:Generated_Source\PSoC4/Display_I2C_PM.c ****         {
 167:Generated_Source\PSoC4/Display_I2C_PM.c ****             Display_I2C_I2CRestoreConfig();
 168:Generated_Source\PSoC4/Display_I2C_PM.c ****         }
 169:Generated_Source\PSoC4/Display_I2C_PM.c ****         else if(Display_I2C_SCB_MODE_EZI2C_RUNTM_CFG)
 170:Generated_Source\PSoC4/Display_I2C_PM.c ****         {
 171:Generated_Source\PSoC4/Display_I2C_PM.c ****             Display_I2C_EzI2CRestoreConfig();
 172:Generated_Source\PSoC4/Display_I2C_PM.c ****         }
 173:Generated_Source\PSoC4/Display_I2C_PM.c ****     #if(!Display_I2C_CY_SCBIP_V1)
 174:Generated_Source\PSoC4/Display_I2C_PM.c ****         else if(Display_I2C_SCB_MODE_SPI_RUNTM_CFG)
 175:Generated_Source\PSoC4/Display_I2C_PM.c ****         {
 176:Generated_Source\PSoC4/Display_I2C_PM.c ****             Display_I2C_SpiRestoreConfig();
 177:Generated_Source\PSoC4/Display_I2C_PM.c ****         }
 178:Generated_Source\PSoC4/Display_I2C_PM.c ****         else if(Display_I2C_SCB_MODE_UART_RUNTM_CFG)
 179:Generated_Source\PSoC4/Display_I2C_PM.c ****         {
 180:Generated_Source\PSoC4/Display_I2C_PM.c ****             Display_I2C_UartRestoreConfig();
 181:Generated_Source\PSoC4/Display_I2C_PM.c ****         }
 182:Generated_Source\PSoC4/Display_I2C_PM.c ****     #endif /* (!Display_I2C_CY_SCBIP_V1) */
 183:Generated_Source\PSoC4/Display_I2C_PM.c ****         else
 184:Generated_Source\PSoC4/Display_I2C_PM.c ****         {
 185:Generated_Source\PSoC4/Display_I2C_PM.c ****             /* Unknown mode */
 186:Generated_Source\PSoC4/Display_I2C_PM.c ****         }
 187:Generated_Source\PSoC4/Display_I2C_PM.c ****     }
 188:Generated_Source\PSoC4/Display_I2C_PM.c ****     else
 189:Generated_Source\PSoC4/Display_I2C_PM.c ****     {
 190:Generated_Source\PSoC4/Display_I2C_PM.c ****         if(0u != Display_I2C_backup.enableState)
 191:Generated_Source\PSoC4/Display_I2C_PM.c ****         {
 192:Generated_Source\PSoC4/Display_I2C_PM.c ****             Display_I2C_Enable();
 193:Generated_Source\PSoC4/Display_I2C_PM.c ****         }
 194:Generated_Source\PSoC4/Display_I2C_PM.c ****     }
 195:Generated_Source\PSoC4/Display_I2C_PM.c **** 
 196:Generated_Source\PSoC4/Display_I2C_PM.c **** #else
 197:Generated_Source\PSoC4/Display_I2C_PM.c **** 
 198:Generated_Source\PSoC4/Display_I2C_PM.c ****     #if (Display_I2C_SCB_MODE_I2C_CONST_CFG  && Display_I2C_I2C_WAKE_ENABLE_CONST)
 199:Generated_Source\PSoC4/Display_I2C_PM.c ****         Display_I2C_I2CRestoreConfig();
 200:Generated_Source\PSoC4/Display_I2C_PM.c **** 
 201:Generated_Source\PSoC4/Display_I2C_PM.c ****     #elif (Display_I2C_SCB_MODE_EZI2C_CONST_CFG && Display_I2C_EZI2C_WAKE_ENABLE_CONST)
 202:Generated_Source\PSoC4/Display_I2C_PM.c ****         Display_I2C_EzI2CRestoreConfig();
 203:Generated_Source\PSoC4/Display_I2C_PM.c **** 
 204:Generated_Source\PSoC4/Display_I2C_PM.c ****     #elif (Display_I2C_SCB_MODE_SPI_CONST_CFG && Display_I2C_SPI_WAKE_ENABLE_CONST)
 205:Generated_Source\PSoC4/Display_I2C_PM.c ****         Display_I2C_SpiRestoreConfig();
 206:Generated_Source\PSoC4/Display_I2C_PM.c **** 
 207:Generated_Source\PSoC4/Display_I2C_PM.c ****     #elif (Display_I2C_SCB_MODE_UART_CONST_CFG && Display_I2C_UART_WAKE_ENABLE_CONST)
 208:Generated_Source\PSoC4/Display_I2C_PM.c ****         Display_I2C_UartRestoreConfig();
 209:Generated_Source\PSoC4/Display_I2C_PM.c **** 
 210:Generated_Source\PSoC4/Display_I2C_PM.c ****     #else
 211:Generated_Source\PSoC4/Display_I2C_PM.c **** 
ARM GAS  C:\Users\VIDEOH~1\AppData\Local\Temp\ccqUyvLY.s 			page 6


 212:Generated_Source\PSoC4/Display_I2C_PM.c ****         if(0u != Display_I2C_backup.enableState)
  75              		.loc 1 212 0
  76 0002 034B     		ldr	r3, .L7
  77 0004 1B78     		ldrb	r3, [r3]
  78 0006 002B     		cmp	r3, #0
  79 0008 01D0     		beq	.L5
 213:Generated_Source\PSoC4/Display_I2C_PM.c ****         {
 214:Generated_Source\PSoC4/Display_I2C_PM.c ****             Display_I2C_Enable();
  80              		.loc 1 214 0
  81 000a FFF7FEFF 		bl	Display_I2C_Enable
  82              	.LVL1:
  83              	.L5:
 215:Generated_Source\PSoC4/Display_I2C_PM.c ****         }
 216:Generated_Source\PSoC4/Display_I2C_PM.c **** 
 217:Generated_Source\PSoC4/Display_I2C_PM.c ****     #endif /* (Display_I2C_I2C_WAKE_ENABLE_CONST) */
 218:Generated_Source\PSoC4/Display_I2C_PM.c **** 
 219:Generated_Source\PSoC4/Display_I2C_PM.c **** #endif /* (Display_I2C_SCB_MODE_UNCONFIG_CONST_CFG) */
 220:Generated_Source\PSoC4/Display_I2C_PM.c **** }
  84              		.loc 1 220 0
  85              		@ sp needed
  86 000e 10BD     		pop	{r4, pc}
  87              	.L8:
  88              		.align	2
  89              	.L7:
  90 0010 00000000 		.word	.LANCHOR0
  91              		.cfi_endproc
  92              	.LFE1:
  93              		.size	Display_I2C_Wakeup, .-Display_I2C_Wakeup
  94              		.global	Display_I2C_backup
  95              		.bss
  96              		.align	2
  97              		.set	.LANCHOR0,. + 0
  98              		.type	Display_I2C_backup, %object
  99              		.size	Display_I2C_backup, 1
 100              	Display_I2C_backup:
 101 0000 00       		.space	1
 102              		.text
 103              	.Letext0:
 104              		.file 2 "Generated_Source\\PSoC4/cytypes.h"
 105              		.file 3 "Generated_Source\\PSoC4\\Display_I2C.h"
 106              		.section	.debug_info,"",%progbits
 107              	.Ldebug_info0:
 108 0000 32010000 		.4byte	0x132
 109 0004 0400     		.2byte	0x4
 110 0006 00000000 		.4byte	.Ldebug_abbrev0
 111 000a 04       		.byte	0x4
 112 000b 01       		.uleb128 0x1
 113 000c 49010000 		.4byte	.LASF21
 114 0010 0C       		.byte	0xc
 115 0011 C0000000 		.4byte	.LASF22
 116 0015 EC010000 		.4byte	.LASF23
 117 0019 00000000 		.4byte	.Ldebug_ranges0+0
 118 001d 00000000 		.4byte	0
 119 0021 00000000 		.4byte	.Ldebug_line0
 120 0025 02       		.uleb128 0x2
 121 0026 01       		.byte	0x1
 122 0027 06       		.byte	0x6
ARM GAS  C:\Users\VIDEOH~1\AppData\Local\Temp\ccqUyvLY.s 			page 7


 123 0028 23010000 		.4byte	.LASF0
 124 002c 02       		.uleb128 0x2
 125 002d 01       		.byte	0x1
 126 002e 08       		.byte	0x8
 127 002f AD000000 		.4byte	.LASF1
 128 0033 02       		.uleb128 0x2
 129 0034 02       		.byte	0x2
 130 0035 05       		.byte	0x5
 131 0036 E2010000 		.4byte	.LASF2
 132 003a 02       		.uleb128 0x2
 133 003b 02       		.byte	0x2
 134 003c 07       		.byte	0x7
 135 003d 10010000 		.4byte	.LASF3
 136 0041 02       		.uleb128 0x2
 137 0042 04       		.byte	0x4
 138 0043 05       		.byte	0x5
 139 0044 E8000000 		.4byte	.LASF4
 140 0048 02       		.uleb128 0x2
 141 0049 04       		.byte	0x4
 142 004a 07       		.byte	0x7
 143 004b 7E000000 		.4byte	.LASF5
 144 004f 02       		.uleb128 0x2
 145 0050 08       		.byte	0x8
 146 0051 05       		.byte	0x5
 147 0052 00000000 		.4byte	.LASF6
 148 0056 02       		.uleb128 0x2
 149 0057 08       		.byte	0x8
 150 0058 07       		.byte	0x7
 151 0059 90000000 		.4byte	.LASF7
 152 005d 03       		.uleb128 0x3
 153 005e 04       		.byte	0x4
 154 005f 05       		.byte	0x5
 155 0060 696E7400 		.ascii	"int\000"
 156 0064 02       		.uleb128 0x2
 157 0065 04       		.byte	0x4
 158 0066 07       		.byte	0x7
 159 0067 21000000 		.4byte	.LASF8
 160 006b 04       		.uleb128 0x4
 161 006c 78000000 		.4byte	.LASF9
 162 0070 02       		.byte	0x2
 163 0071 E401     		.2byte	0x1e4
 164 0073 2C000000 		.4byte	0x2c
 165 0077 04       		.uleb128 0x4
 166 0078 0E000000 		.4byte	.LASF10
 167 007c 02       		.byte	0x2
 168 007d E601     		.2byte	0x1e6
 169 007f 48000000 		.4byte	0x48
 170 0083 02       		.uleb128 0x2
 171 0084 04       		.byte	0x4
 172 0085 04       		.byte	0x4
 173 0086 A7000000 		.4byte	.LASF11
 174 008a 02       		.uleb128 0x2
 175 008b 08       		.byte	0x8
 176 008c 04       		.byte	0x4
 177 008d 03010000 		.4byte	.LASF12
 178 0091 02       		.uleb128 0x2
 179 0092 01       		.byte	0x1
ARM GAS  C:\Users\VIDEOH~1\AppData\Local\Temp\ccqUyvLY.s 			page 8


 180 0093 08       		.byte	0x8
 181 0094 BB000000 		.4byte	.LASF13
 182 0098 04       		.uleb128 0x4
 183 0099 0A010000 		.4byte	.LASF14
 184 009d 02       		.byte	0x2
 185 009e 9002     		.2byte	0x290
 186 00a0 A4000000 		.4byte	0xa4
 187 00a4 05       		.uleb128 0x5
 188 00a5 77000000 		.4byte	0x77
 189 00a9 02       		.uleb128 0x2
 190 00aa 04       		.byte	0x4
 191 00ab 07       		.byte	0x7
 192 00ac 27020000 		.4byte	.LASF15
 193 00b0 06       		.uleb128 0x6
 194 00b1 01       		.byte	0x1
 195 00b2 03       		.byte	0x3
 196 00b3 60       		.byte	0x60
 197 00b4 C5000000 		.4byte	0xc5
 198 00b8 07       		.uleb128 0x7
 199 00b9 15000000 		.4byte	.LASF24
 200 00bd 03       		.byte	0x3
 201 00be 62       		.byte	0x62
 202 00bf 6B000000 		.4byte	0x6b
 203 00c3 00       		.byte	0
 204 00c4 00       		.byte	0
 205 00c5 08       		.uleb128 0x8
 206 00c6 2F010000 		.4byte	.LASF16
 207 00ca 03       		.byte	0x3
 208 00cb 63       		.byte	0x63
 209 00cc B0000000 		.4byte	0xb0
 210 00d0 09       		.uleb128 0x9
 211 00d1 F1000000 		.4byte	.LASF17
 212 00d5 01       		.byte	0x1
 213 00d6 49       		.byte	0x49
 214 00d7 00000000 		.4byte	.LFB0
 215 00db 1C000000 		.4byte	.LFE0-.LFB0
 216 00df 01       		.uleb128 0x1
 217 00e0 9C       		.byte	0x9c
 218 00e1 EF000000 		.4byte	0xef
 219 00e5 0A       		.uleb128 0xa
 220 00e6 12000000 		.4byte	.LVL0
 221 00ea 1F010000 		.4byte	0x11f
 222 00ee 00       		.byte	0
 223 00ef 09       		.uleb128 0x9
 224 00f0 3F000000 		.4byte	.LASF18
 225 00f4 01       		.byte	0x1
 226 00f5 9F       		.byte	0x9f
 227 00f6 00000000 		.4byte	.LFB1
 228 00fa 14000000 		.4byte	.LFE1-.LFB1
 229 00fe 01       		.uleb128 0x1
 230 00ff 9C       		.byte	0x9c
 231 0100 0E010000 		.4byte	0x10e
 232 0104 0A       		.uleb128 0xa
 233 0105 0E000000 		.4byte	.LVL1
 234 0109 2A010000 		.4byte	0x12a
 235 010d 00       		.byte	0
 236 010e 0B       		.uleb128 0xb
ARM GAS  C:\Users\VIDEOH~1\AppData\Local\Temp\ccqUyvLY.s 			page 9


 237 010f 52000000 		.4byte	.LASF25
 238 0113 01       		.byte	0x1
 239 0114 2D       		.byte	0x2d
 240 0115 C5000000 		.4byte	0xc5
 241 0119 05       		.uleb128 0x5
 242 011a 03       		.byte	0x3
 243 011b 00000000 		.4byte	Display_I2C_backup
 244 011f 0C       		.uleb128 0xc
 245 0120 2E000000 		.4byte	.LASF19
 246 0124 2E000000 		.4byte	.LASF19
 247 0128 03       		.byte	0x3
 248 0129 73       		.byte	0x73
 249 012a 0C       		.uleb128 0xc
 250 012b 65000000 		.4byte	.LASF20
 251 012f 65000000 		.4byte	.LASF20
 252 0133 03       		.byte	0x3
 253 0134 71       		.byte	0x71
 254 0135 00       		.byte	0
 255              		.section	.debug_abbrev,"",%progbits
 256              	.Ldebug_abbrev0:
 257 0000 01       		.uleb128 0x1
 258 0001 11       		.uleb128 0x11
 259 0002 01       		.byte	0x1
 260 0003 25       		.uleb128 0x25
 261 0004 0E       		.uleb128 0xe
 262 0005 13       		.uleb128 0x13
 263 0006 0B       		.uleb128 0xb
 264 0007 03       		.uleb128 0x3
 265 0008 0E       		.uleb128 0xe
 266 0009 1B       		.uleb128 0x1b
 267 000a 0E       		.uleb128 0xe
 268 000b 55       		.uleb128 0x55
 269 000c 17       		.uleb128 0x17
 270 000d 11       		.uleb128 0x11
 271 000e 01       		.uleb128 0x1
 272 000f 10       		.uleb128 0x10
 273 0010 17       		.uleb128 0x17
 274 0011 00       		.byte	0
 275 0012 00       		.byte	0
 276 0013 02       		.uleb128 0x2
 277 0014 24       		.uleb128 0x24
 278 0015 00       		.byte	0
 279 0016 0B       		.uleb128 0xb
 280 0017 0B       		.uleb128 0xb
 281 0018 3E       		.uleb128 0x3e
 282 0019 0B       		.uleb128 0xb
 283 001a 03       		.uleb128 0x3
 284 001b 0E       		.uleb128 0xe
 285 001c 00       		.byte	0
 286 001d 00       		.byte	0
 287 001e 03       		.uleb128 0x3
 288 001f 24       		.uleb128 0x24
 289 0020 00       		.byte	0
 290 0021 0B       		.uleb128 0xb
 291 0022 0B       		.uleb128 0xb
 292 0023 3E       		.uleb128 0x3e
 293 0024 0B       		.uleb128 0xb
ARM GAS  C:\Users\VIDEOH~1\AppData\Local\Temp\ccqUyvLY.s 			page 10


 294 0025 03       		.uleb128 0x3
 295 0026 08       		.uleb128 0x8
 296 0027 00       		.byte	0
 297 0028 00       		.byte	0
 298 0029 04       		.uleb128 0x4
 299 002a 16       		.uleb128 0x16
 300 002b 00       		.byte	0
 301 002c 03       		.uleb128 0x3
 302 002d 0E       		.uleb128 0xe
 303 002e 3A       		.uleb128 0x3a
 304 002f 0B       		.uleb128 0xb
 305 0030 3B       		.uleb128 0x3b
 306 0031 05       		.uleb128 0x5
 307 0032 49       		.uleb128 0x49
 308 0033 13       		.uleb128 0x13
 309 0034 00       		.byte	0
 310 0035 00       		.byte	0
 311 0036 05       		.uleb128 0x5
 312 0037 35       		.uleb128 0x35
 313 0038 00       		.byte	0
 314 0039 49       		.uleb128 0x49
 315 003a 13       		.uleb128 0x13
 316 003b 00       		.byte	0
 317 003c 00       		.byte	0
 318 003d 06       		.uleb128 0x6
 319 003e 13       		.uleb128 0x13
 320 003f 01       		.byte	0x1
 321 0040 0B       		.uleb128 0xb
 322 0041 0B       		.uleb128 0xb
 323 0042 3A       		.uleb128 0x3a
 324 0043 0B       		.uleb128 0xb
 325 0044 3B       		.uleb128 0x3b
 326 0045 0B       		.uleb128 0xb
 327 0046 01       		.uleb128 0x1
 328 0047 13       		.uleb128 0x13
 329 0048 00       		.byte	0
 330 0049 00       		.byte	0
 331 004a 07       		.uleb128 0x7
 332 004b 0D       		.uleb128 0xd
 333 004c 00       		.byte	0
 334 004d 03       		.uleb128 0x3
 335 004e 0E       		.uleb128 0xe
 336 004f 3A       		.uleb128 0x3a
 337 0050 0B       		.uleb128 0xb
 338 0051 3B       		.uleb128 0x3b
 339 0052 0B       		.uleb128 0xb
 340 0053 49       		.uleb128 0x49
 341 0054 13       		.uleb128 0x13
 342 0055 38       		.uleb128 0x38
 343 0056 0B       		.uleb128 0xb
 344 0057 00       		.byte	0
 345 0058 00       		.byte	0
 346 0059 08       		.uleb128 0x8
 347 005a 16       		.uleb128 0x16
 348 005b 00       		.byte	0
 349 005c 03       		.uleb128 0x3
 350 005d 0E       		.uleb128 0xe
ARM GAS  C:\Users\VIDEOH~1\AppData\Local\Temp\ccqUyvLY.s 			page 11


 351 005e 3A       		.uleb128 0x3a
 352 005f 0B       		.uleb128 0xb
 353 0060 3B       		.uleb128 0x3b
 354 0061 0B       		.uleb128 0xb
 355 0062 49       		.uleb128 0x49
 356 0063 13       		.uleb128 0x13
 357 0064 00       		.byte	0
 358 0065 00       		.byte	0
 359 0066 09       		.uleb128 0x9
 360 0067 2E       		.uleb128 0x2e
 361 0068 01       		.byte	0x1
 362 0069 3F       		.uleb128 0x3f
 363 006a 19       		.uleb128 0x19
 364 006b 03       		.uleb128 0x3
 365 006c 0E       		.uleb128 0xe
 366 006d 3A       		.uleb128 0x3a
 367 006e 0B       		.uleb128 0xb
 368 006f 3B       		.uleb128 0x3b
 369 0070 0B       		.uleb128 0xb
 370 0071 27       		.uleb128 0x27
 371 0072 19       		.uleb128 0x19
 372 0073 11       		.uleb128 0x11
 373 0074 01       		.uleb128 0x1
 374 0075 12       		.uleb128 0x12
 375 0076 06       		.uleb128 0x6
 376 0077 40       		.uleb128 0x40
 377 0078 18       		.uleb128 0x18
 378 0079 9742     		.uleb128 0x2117
 379 007b 19       		.uleb128 0x19
 380 007c 01       		.uleb128 0x1
 381 007d 13       		.uleb128 0x13
 382 007e 00       		.byte	0
 383 007f 00       		.byte	0
 384 0080 0A       		.uleb128 0xa
 385 0081 898201   		.uleb128 0x4109
 386 0084 00       		.byte	0
 387 0085 11       		.uleb128 0x11
 388 0086 01       		.uleb128 0x1
 389 0087 31       		.uleb128 0x31
 390 0088 13       		.uleb128 0x13
 391 0089 00       		.byte	0
 392 008a 00       		.byte	0
 393 008b 0B       		.uleb128 0xb
 394 008c 34       		.uleb128 0x34
 395 008d 00       		.byte	0
 396 008e 03       		.uleb128 0x3
 397 008f 0E       		.uleb128 0xe
 398 0090 3A       		.uleb128 0x3a
 399 0091 0B       		.uleb128 0xb
 400 0092 3B       		.uleb128 0x3b
 401 0093 0B       		.uleb128 0xb
 402 0094 49       		.uleb128 0x49
 403 0095 13       		.uleb128 0x13
 404 0096 3F       		.uleb128 0x3f
 405 0097 19       		.uleb128 0x19
 406 0098 02       		.uleb128 0x2
 407 0099 18       		.uleb128 0x18
ARM GAS  C:\Users\VIDEOH~1\AppData\Local\Temp\ccqUyvLY.s 			page 12


 408 009a 00       		.byte	0
 409 009b 00       		.byte	0
 410 009c 0C       		.uleb128 0xc
 411 009d 2E       		.uleb128 0x2e
 412 009e 00       		.byte	0
 413 009f 3F       		.uleb128 0x3f
 414 00a0 19       		.uleb128 0x19
 415 00a1 3C       		.uleb128 0x3c
 416 00a2 19       		.uleb128 0x19
 417 00a3 6E       		.uleb128 0x6e
 418 00a4 0E       		.uleb128 0xe
 419 00a5 03       		.uleb128 0x3
 420 00a6 0E       		.uleb128 0xe
 421 00a7 3A       		.uleb128 0x3a
 422 00a8 0B       		.uleb128 0xb
 423 00a9 3B       		.uleb128 0x3b
 424 00aa 0B       		.uleb128 0xb
 425 00ab 00       		.byte	0
 426 00ac 00       		.byte	0
 427 00ad 00       		.byte	0
 428              		.section	.debug_aranges,"",%progbits
 429 0000 24000000 		.4byte	0x24
 430 0004 0200     		.2byte	0x2
 431 0006 00000000 		.4byte	.Ldebug_info0
 432 000a 04       		.byte	0x4
 433 000b 00       		.byte	0
 434 000c 0000     		.2byte	0
 435 000e 0000     		.2byte	0
 436 0010 00000000 		.4byte	.LFB0
 437 0014 1C000000 		.4byte	.LFE0-.LFB0
 438 0018 00000000 		.4byte	.LFB1
 439 001c 14000000 		.4byte	.LFE1-.LFB1
 440 0020 00000000 		.4byte	0
 441 0024 00000000 		.4byte	0
 442              		.section	.debug_ranges,"",%progbits
 443              	.Ldebug_ranges0:
 444 0000 00000000 		.4byte	.LFB0
 445 0004 1C000000 		.4byte	.LFE0
 446 0008 00000000 		.4byte	.LFB1
 447 000c 14000000 		.4byte	.LFE1
 448 0010 00000000 		.4byte	0
 449 0014 00000000 		.4byte	0
 450              		.section	.debug_line,"",%progbits
 451              	.Ldebug_line0:
 452 0000 8D000000 		.section	.debug_str,"MS",%progbits,1
 452      02005C00 
 452      00000201 
 452      FB0E0D00 
 452      01010101 
 453              	.LASF6:
 454 0000 6C6F6E67 		.ascii	"long long int\000"
 454      206C6F6E 
 454      6720696E 
 454      7400
 455              	.LASF10:
 456 000e 75696E74 		.ascii	"uint32\000"
 456      333200
ARM GAS  C:\Users\VIDEOH~1\AppData\Local\Temp\ccqUyvLY.s 			page 13


 457              	.LASF24:
 458 0015 656E6162 		.ascii	"enableState\000"
 458      6C655374 
 458      61746500 
 459              	.LASF8:
 460 0021 756E7369 		.ascii	"unsigned int\000"
 460      676E6564 
 460      20696E74 
 460      00
 461              	.LASF19:
 462 002e 44697370 		.ascii	"Display_I2C_Stop\000"
 462      6C61795F 
 462      4932435F 
 462      53746F70 
 462      00
 463              	.LASF18:
 464 003f 44697370 		.ascii	"Display_I2C_Wakeup\000"
 464      6C61795F 
 464      4932435F 
 464      57616B65 
 464      757000
 465              	.LASF25:
 466 0052 44697370 		.ascii	"Display_I2C_backup\000"
 466      6C61795F 
 466      4932435F 
 466      6261636B 
 466      757000
 467              	.LASF20:
 468 0065 44697370 		.ascii	"Display_I2C_Enable\000"
 468      6C61795F 
 468      4932435F 
 468      456E6162 
 468      6C6500
 469              	.LASF9:
 470 0078 75696E74 		.ascii	"uint8\000"
 470      3800
 471              	.LASF5:
 472 007e 6C6F6E67 		.ascii	"long unsigned int\000"
 472      20756E73 
 472      69676E65 
 472      6420696E 
 472      7400
 473              	.LASF7:
 474 0090 6C6F6E67 		.ascii	"long long unsigned int\000"
 474      206C6F6E 
 474      6720756E 
 474      7369676E 
 474      65642069 
 475              	.LASF11:
 476 00a7 666C6F61 		.ascii	"float\000"
 476      7400
 477              	.LASF1:
 478 00ad 756E7369 		.ascii	"unsigned char\000"
 478      676E6564 
 478      20636861 
 478      7200
 479              	.LASF13:
ARM GAS  C:\Users\VIDEOH~1\AppData\Local\Temp\ccqUyvLY.s 			page 14


 480 00bb 63686172 		.ascii	"char\000"
 480      00
 481              	.LASF22:
 482 00c0 47656E65 		.ascii	"Generated_Source\\PSoC4\\Display_I2C_PM.c\000"
 482      72617465 
 482      645F536F 
 482      75726365 
 482      5C50536F 
 483              	.LASF4:
 484 00e8 6C6F6E67 		.ascii	"long int\000"
 484      20696E74 
 484      00
 485              	.LASF17:
 486 00f1 44697370 		.ascii	"Display_I2C_Sleep\000"
 486      6C61795F 
 486      4932435F 
 486      536C6565 
 486      7000
 487              	.LASF12:
 488 0103 646F7562 		.ascii	"double\000"
 488      6C6500
 489              	.LASF14:
 490 010a 72656733 		.ascii	"reg32\000"
 490      3200
 491              	.LASF3:
 492 0110 73686F72 		.ascii	"short unsigned int\000"
 492      7420756E 
 492      7369676E 
 492      65642069 
 492      6E7400
 493              	.LASF0:
 494 0123 7369676E 		.ascii	"signed char\000"
 494      65642063 
 494      68617200 
 495              	.LASF16:
 496 012f 44697370 		.ascii	"Display_I2C_BACKUP_STRUCT\000"
 496      6C61795F 
 496      4932435F 
 496      4241434B 
 496      55505F53 
 497              	.LASF21:
 498 0149 474E5520 		.ascii	"GNU C99 5.4.1 20160609 (release) [ARM/embedded-5-br"
 498      43393920 
 498      352E342E 
 498      31203230 
 498      31363036 
 499 017c 616E6368 		.ascii	"anch revision 237715] -mcpu=cortex-m0 -mthumb -g -O"
 499      20726576 
 499      6973696F 
 499      6E203233 
 499      37373135 
 500 01af 67202D73 		.ascii	"g -std=gnu99 -ffunction-sections -ffat-lto-objects\000"
 500      74643D67 
 500      6E753939 
 500      202D6666 
 500      756E6374 
 501              	.LASF2:
ARM GAS  C:\Users\VIDEOH~1\AppData\Local\Temp\ccqUyvLY.s 			page 15


 502 01e2 73686F72 		.ascii	"short int\000"
 502      7420696E 
 502      7400
 503              	.LASF23:
 504 01ec 443A5C31 		.ascii	"D:\\1_work\\my_project\\ReloadPro\\psoc42boot\\Relo"
 504      5F776F72 
 504      6B5C6D79 
 504      5F70726F 
 504      6A656374 
 505 021a 61642050 		.ascii	"ad Pro.cydsn\000"
 505      726F2E63 
 505      7964736E 
 505      00
 506              	.LASF15:
 507 0227 73697A65 		.ascii	"sizetype\000"
 507      74797065 
 507      00
 508              		.ident	"GCC: (GNU Tools for ARM Embedded Processors) 5.4.1 20160609 (release) [ARM/embedded-5-bran
