ARM GAS  C:\Users\VIDEOH~1\AppData\Local\Temp\ccYyQl5x.s 			page 1


   1              		.syntax unified
   2              		.cpu cortex-m0
   3              		.fpu softvfp
   4              		.eabi_attribute 20, 1
   5              		.eabi_attribute 21, 1
   6              		.eabi_attribute 23, 3
   7              		.eabi_attribute 24, 1
   8              		.eabi_attribute 25, 1
   9              		.eabi_attribute 26, 1
  10              		.eabi_attribute 30, 1
  11              		.eabi_attribute 34, 0
  12              		.eabi_attribute 18, 4
  13              		.thumb
  14              		.syntax unified
  15              		.file	"Display_SPI_PM.c"
  16              		.text
  17              	.Ltext0:
  18              		.cfi_sections	.debug_frame
  19              		.section	.text.Display_SPI_SaveConfig,"ax",%progbits
  20              		.align	2
  21              		.global	Display_SPI_SaveConfig
  22              		.code	16
  23              		.thumb_func
  24              		.type	Display_SPI_SaveConfig, %function
  25              	Display_SPI_SaveConfig:
  26              	.LFB0:
  27              		.file 1 "Generated_Source\\PSoC4\\Display_SPI_PM.c"
   1:Generated_Source\PSoC4/Display_SPI_PM.c **** /*******************************************************************************
   2:Generated_Source\PSoC4/Display_SPI_PM.c **** * File Name: Display_SPI_PM.c
   3:Generated_Source\PSoC4/Display_SPI_PM.c **** * Version 2.50
   4:Generated_Source\PSoC4/Display_SPI_PM.c **** *
   5:Generated_Source\PSoC4/Display_SPI_PM.c **** * Description:
   6:Generated_Source\PSoC4/Display_SPI_PM.c **** *  This file contains the setup, control and status commands to support
   7:Generated_Source\PSoC4/Display_SPI_PM.c **** *  component operations in low power mode.
   8:Generated_Source\PSoC4/Display_SPI_PM.c **** *
   9:Generated_Source\PSoC4/Display_SPI_PM.c **** * Note:
  10:Generated_Source\PSoC4/Display_SPI_PM.c **** *
  11:Generated_Source\PSoC4/Display_SPI_PM.c **** ********************************************************************************
  12:Generated_Source\PSoC4/Display_SPI_PM.c **** * Copyright 2008-2015, Cypress Semiconductor Corporation.  All rights reserved.
  13:Generated_Source\PSoC4/Display_SPI_PM.c **** * You may use this file only in accordance with the license, terms, conditions,
  14:Generated_Source\PSoC4/Display_SPI_PM.c **** * disclaimers, and limitations in the end user license agreement accompanying
  15:Generated_Source\PSoC4/Display_SPI_PM.c **** * the software package with which this file was provided.
  16:Generated_Source\PSoC4/Display_SPI_PM.c **** *******************************************************************************/
  17:Generated_Source\PSoC4/Display_SPI_PM.c **** 
  18:Generated_Source\PSoC4/Display_SPI_PM.c **** #include "Display_SPI_PVT.h"
  19:Generated_Source\PSoC4/Display_SPI_PM.c **** 
  20:Generated_Source\PSoC4/Display_SPI_PM.c **** static Display_SPI_BACKUP_STRUCT Display_SPI_backup =
  21:Generated_Source\PSoC4/Display_SPI_PM.c **** {
  22:Generated_Source\PSoC4/Display_SPI_PM.c ****     Display_SPI_DISABLED,
  23:Generated_Source\PSoC4/Display_SPI_PM.c ****     Display_SPI_BITCTR_INIT,
  24:Generated_Source\PSoC4/Display_SPI_PM.c **** };
  25:Generated_Source\PSoC4/Display_SPI_PM.c **** 
  26:Generated_Source\PSoC4/Display_SPI_PM.c **** 
  27:Generated_Source\PSoC4/Display_SPI_PM.c **** /*******************************************************************************
  28:Generated_Source\PSoC4/Display_SPI_PM.c **** * Function Name: Display_SPI_SaveConfig
  29:Generated_Source\PSoC4/Display_SPI_PM.c **** ********************************************************************************
  30:Generated_Source\PSoC4/Display_SPI_PM.c **** *
ARM GAS  C:\Users\VIDEOH~1\AppData\Local\Temp\ccYyQl5x.s 			page 2


  31:Generated_Source\PSoC4/Display_SPI_PM.c **** * Summary:
  32:Generated_Source\PSoC4/Display_SPI_PM.c **** *  Empty function. Included for consistency with other components.
  33:Generated_Source\PSoC4/Display_SPI_PM.c **** *
  34:Generated_Source\PSoC4/Display_SPI_PM.c **** * Parameters:
  35:Generated_Source\PSoC4/Display_SPI_PM.c **** *  None.
  36:Generated_Source\PSoC4/Display_SPI_PM.c **** *
  37:Generated_Source\PSoC4/Display_SPI_PM.c **** * Return:
  38:Generated_Source\PSoC4/Display_SPI_PM.c **** *  None.
  39:Generated_Source\PSoC4/Display_SPI_PM.c **** *
  40:Generated_Source\PSoC4/Display_SPI_PM.c **** *******************************************************************************/
  41:Generated_Source\PSoC4/Display_SPI_PM.c **** void Display_SPI_SaveConfig(void) 
  42:Generated_Source\PSoC4/Display_SPI_PM.c **** {
  28              		.loc 1 42 0
  29              		.cfi_startproc
  30              		@ args = 0, pretend = 0, frame = 0
  31              		@ frame_needed = 0, uses_anonymous_args = 0
  32              		@ link register save eliminated.
  43:Generated_Source\PSoC4/Display_SPI_PM.c **** 
  44:Generated_Source\PSoC4/Display_SPI_PM.c **** }
  33              		.loc 1 44 0
  34              		@ sp needed
  35 0000 7047     		bx	lr
  36              		.cfi_endproc
  37              	.LFE0:
  38              		.size	Display_SPI_SaveConfig, .-Display_SPI_SaveConfig
  39 0002 C046     		.section	.text.Display_SPI_RestoreConfig,"ax",%progbits
  40              		.align	2
  41              		.global	Display_SPI_RestoreConfig
  42              		.code	16
  43              		.thumb_func
  44              		.type	Display_SPI_RestoreConfig, %function
  45              	Display_SPI_RestoreConfig:
  46              	.LFB1:
  45:Generated_Source\PSoC4/Display_SPI_PM.c **** 
  46:Generated_Source\PSoC4/Display_SPI_PM.c **** 
  47:Generated_Source\PSoC4/Display_SPI_PM.c **** /*******************************************************************************
  48:Generated_Source\PSoC4/Display_SPI_PM.c **** * Function Name: Display_SPI_RestoreConfig
  49:Generated_Source\PSoC4/Display_SPI_PM.c **** ********************************************************************************
  50:Generated_Source\PSoC4/Display_SPI_PM.c **** *
  51:Generated_Source\PSoC4/Display_SPI_PM.c **** * Summary:
  52:Generated_Source\PSoC4/Display_SPI_PM.c **** *  Empty function. Included for consistency with other components.
  53:Generated_Source\PSoC4/Display_SPI_PM.c **** *
  54:Generated_Source\PSoC4/Display_SPI_PM.c **** * Parameters:
  55:Generated_Source\PSoC4/Display_SPI_PM.c **** *  None.
  56:Generated_Source\PSoC4/Display_SPI_PM.c **** *
  57:Generated_Source\PSoC4/Display_SPI_PM.c **** * Return:
  58:Generated_Source\PSoC4/Display_SPI_PM.c **** *  None.
  59:Generated_Source\PSoC4/Display_SPI_PM.c **** *
  60:Generated_Source\PSoC4/Display_SPI_PM.c **** *******************************************************************************/
  61:Generated_Source\PSoC4/Display_SPI_PM.c **** void Display_SPI_RestoreConfig(void) 
  62:Generated_Source\PSoC4/Display_SPI_PM.c **** {
  47              		.loc 1 62 0
  48              		.cfi_startproc
  49              		@ args = 0, pretend = 0, frame = 0
  50              		@ frame_needed = 0, uses_anonymous_args = 0
  51              		@ link register save eliminated.
  63:Generated_Source\PSoC4/Display_SPI_PM.c **** 
ARM GAS  C:\Users\VIDEOH~1\AppData\Local\Temp\ccYyQl5x.s 			page 3


  64:Generated_Source\PSoC4/Display_SPI_PM.c **** }
  52              		.loc 1 64 0
  53              		@ sp needed
  54 0000 7047     		bx	lr
  55              		.cfi_endproc
  56              	.LFE1:
  57              		.size	Display_SPI_RestoreConfig, .-Display_SPI_RestoreConfig
  58 0002 C046     		.section	.text.Display_SPI_Sleep,"ax",%progbits
  59              		.align	2
  60              		.global	Display_SPI_Sleep
  61              		.code	16
  62              		.thumb_func
  63              		.type	Display_SPI_Sleep, %function
  64              	Display_SPI_Sleep:
  65              	.LFB2:
  65:Generated_Source\PSoC4/Display_SPI_PM.c **** 
  66:Generated_Source\PSoC4/Display_SPI_PM.c **** 
  67:Generated_Source\PSoC4/Display_SPI_PM.c **** /*******************************************************************************
  68:Generated_Source\PSoC4/Display_SPI_PM.c **** * Function Name: Display_SPI_Sleep
  69:Generated_Source\PSoC4/Display_SPI_PM.c **** ********************************************************************************
  70:Generated_Source\PSoC4/Display_SPI_PM.c **** *
  71:Generated_Source\PSoC4/Display_SPI_PM.c **** * Summary:
  72:Generated_Source\PSoC4/Display_SPI_PM.c **** *  Prepare SPIM Component goes to sleep.
  73:Generated_Source\PSoC4/Display_SPI_PM.c **** *
  74:Generated_Source\PSoC4/Display_SPI_PM.c **** * Parameters:
  75:Generated_Source\PSoC4/Display_SPI_PM.c **** *  None.
  76:Generated_Source\PSoC4/Display_SPI_PM.c **** *
  77:Generated_Source\PSoC4/Display_SPI_PM.c **** * Return:
  78:Generated_Source\PSoC4/Display_SPI_PM.c **** *  None.
  79:Generated_Source\PSoC4/Display_SPI_PM.c **** *
  80:Generated_Source\PSoC4/Display_SPI_PM.c **** * Global Variables:
  81:Generated_Source\PSoC4/Display_SPI_PM.c **** *  Display_SPI_backup - modified when non-retention registers are saved.
  82:Generated_Source\PSoC4/Display_SPI_PM.c **** *
  83:Generated_Source\PSoC4/Display_SPI_PM.c **** * Reentrant:
  84:Generated_Source\PSoC4/Display_SPI_PM.c **** *  No.
  85:Generated_Source\PSoC4/Display_SPI_PM.c **** *
  86:Generated_Source\PSoC4/Display_SPI_PM.c **** *******************************************************************************/
  87:Generated_Source\PSoC4/Display_SPI_PM.c **** void Display_SPI_Sleep(void) 
  88:Generated_Source\PSoC4/Display_SPI_PM.c **** {
  66              		.loc 1 88 0
  67              		.cfi_startproc
  68              		@ args = 0, pretend = 0, frame = 0
  69              		@ frame_needed = 0, uses_anonymous_args = 0
  70 0000 10B5     		push	{r4, lr}
  71              		.cfi_def_cfa_offset 8
  72              		.cfi_offset 4, -8
  73              		.cfi_offset 14, -4
  89:Generated_Source\PSoC4/Display_SPI_PM.c ****     /* Save components enable state */
  90:Generated_Source\PSoC4/Display_SPI_PM.c ****     Display_SPI_backup.enableState = ((uint8) Display_SPI_IS_ENABLED);
  74              		.loc 1 90 0
  75 0002 054B     		ldr	r3, .L4
  76 0004 1B78     		ldrb	r3, [r3]
  77 0006 1B09     		lsrs	r3, r3, #4
  78 0008 0122     		movs	r2, #1
  79 000a 1340     		ands	r3, r2
  80 000c 034A     		ldr	r2, .L4+4
  81 000e 1370     		strb	r3, [r2]
ARM GAS  C:\Users\VIDEOH~1\AppData\Local\Temp\ccYyQl5x.s 			page 4


  91:Generated_Source\PSoC4/Display_SPI_PM.c **** 
  92:Generated_Source\PSoC4/Display_SPI_PM.c ****     Display_SPI_Stop();
  82              		.loc 1 92 0
  83 0010 FFF7FEFF 		bl	Display_SPI_Stop
  84              	.LVL0:
  93:Generated_Source\PSoC4/Display_SPI_PM.c **** }
  85              		.loc 1 93 0
  86              		@ sp needed
  87 0014 10BD     		pop	{r4, pc}
  88              	.L5:
  89 0016 C046     		.align	2
  90              	.L4:
  91 0018 92000F40 		.word	1074725010
  92 001c 00000000 		.word	.LANCHOR0
  93              		.cfi_endproc
  94              	.LFE2:
  95              		.size	Display_SPI_Sleep, .-Display_SPI_Sleep
  96              		.section	.text.Display_SPI_Wakeup,"ax",%progbits
  97              		.align	2
  98              		.global	Display_SPI_Wakeup
  99              		.code	16
 100              		.thumb_func
 101              		.type	Display_SPI_Wakeup, %function
 102              	Display_SPI_Wakeup:
 103              	.LFB3:
  94:Generated_Source\PSoC4/Display_SPI_PM.c **** 
  95:Generated_Source\PSoC4/Display_SPI_PM.c **** 
  96:Generated_Source\PSoC4/Display_SPI_PM.c **** /*******************************************************************************
  97:Generated_Source\PSoC4/Display_SPI_PM.c **** * Function Name: Display_SPI_Wakeup
  98:Generated_Source\PSoC4/Display_SPI_PM.c **** ********************************************************************************
  99:Generated_Source\PSoC4/Display_SPI_PM.c **** *
 100:Generated_Source\PSoC4/Display_SPI_PM.c **** * Summary:
 101:Generated_Source\PSoC4/Display_SPI_PM.c **** *  Prepare SPIM Component to wake up.
 102:Generated_Source\PSoC4/Display_SPI_PM.c **** *
 103:Generated_Source\PSoC4/Display_SPI_PM.c **** * Parameters:
 104:Generated_Source\PSoC4/Display_SPI_PM.c **** *  None.
 105:Generated_Source\PSoC4/Display_SPI_PM.c **** *
 106:Generated_Source\PSoC4/Display_SPI_PM.c **** * Return:
 107:Generated_Source\PSoC4/Display_SPI_PM.c **** *  None.
 108:Generated_Source\PSoC4/Display_SPI_PM.c **** *
 109:Generated_Source\PSoC4/Display_SPI_PM.c **** * Global Variables:
 110:Generated_Source\PSoC4/Display_SPI_PM.c **** *  Display_SPI_backup - used when non-retention registers are restored.
 111:Generated_Source\PSoC4/Display_SPI_PM.c **** *  Display_SPI_txBufferWrite - modified every function call - resets to
 112:Generated_Source\PSoC4/Display_SPI_PM.c **** *  zero.
 113:Generated_Source\PSoC4/Display_SPI_PM.c **** *  Display_SPI_txBufferRead - modified every function call - resets to
 114:Generated_Source\PSoC4/Display_SPI_PM.c **** *  zero.
 115:Generated_Source\PSoC4/Display_SPI_PM.c **** *  Display_SPI_rxBufferWrite - modified every function call - resets to
 116:Generated_Source\PSoC4/Display_SPI_PM.c **** *  zero.
 117:Generated_Source\PSoC4/Display_SPI_PM.c **** *  Display_SPI_rxBufferRead - modified every function call - resets to
 118:Generated_Source\PSoC4/Display_SPI_PM.c **** *  zero.
 119:Generated_Source\PSoC4/Display_SPI_PM.c **** *
 120:Generated_Source\PSoC4/Display_SPI_PM.c **** * Reentrant:
 121:Generated_Source\PSoC4/Display_SPI_PM.c **** *  No.
 122:Generated_Source\PSoC4/Display_SPI_PM.c **** *
 123:Generated_Source\PSoC4/Display_SPI_PM.c **** *******************************************************************************/
 124:Generated_Source\PSoC4/Display_SPI_PM.c **** void Display_SPI_Wakeup(void) 
 125:Generated_Source\PSoC4/Display_SPI_PM.c **** {
ARM GAS  C:\Users\VIDEOH~1\AppData\Local\Temp\ccYyQl5x.s 			page 5


 104              		.loc 1 125 0
 105              		.cfi_startproc
 106              		@ args = 0, pretend = 0, frame = 0
 107              		@ frame_needed = 0, uses_anonymous_args = 0
 108 0000 10B5     		push	{r4, lr}
 109              		.cfi_def_cfa_offset 8
 110              		.cfi_offset 4, -8
 111              		.cfi_offset 14, -4
 126:Generated_Source\PSoC4/Display_SPI_PM.c ****     #if(Display_SPI_RX_SOFTWARE_BUF_ENABLED)
 127:Generated_Source\PSoC4/Display_SPI_PM.c ****         Display_SPI_rxBufferFull  = 0u;
 128:Generated_Source\PSoC4/Display_SPI_PM.c ****         Display_SPI_rxBufferRead  = 0u;
 129:Generated_Source\PSoC4/Display_SPI_PM.c ****         Display_SPI_rxBufferWrite = 0u;
 130:Generated_Source\PSoC4/Display_SPI_PM.c ****     #endif /* (Display_SPI_RX_SOFTWARE_BUF_ENABLED) */
 131:Generated_Source\PSoC4/Display_SPI_PM.c **** 
 132:Generated_Source\PSoC4/Display_SPI_PM.c ****     #if(Display_SPI_TX_SOFTWARE_BUF_ENABLED)
 133:Generated_Source\PSoC4/Display_SPI_PM.c ****         Display_SPI_txBufferFull  = 0u;
 134:Generated_Source\PSoC4/Display_SPI_PM.c ****         Display_SPI_txBufferRead  = 0u;
 135:Generated_Source\PSoC4/Display_SPI_PM.c ****         Display_SPI_txBufferWrite = 0u;
 136:Generated_Source\PSoC4/Display_SPI_PM.c ****     #endif /* (Display_SPI_TX_SOFTWARE_BUF_ENABLED) */
 137:Generated_Source\PSoC4/Display_SPI_PM.c **** 
 138:Generated_Source\PSoC4/Display_SPI_PM.c ****     /* Clear any data from the RX and TX FIFO */
 139:Generated_Source\PSoC4/Display_SPI_PM.c ****     Display_SPI_ClearFIFO();
 112              		.loc 1 139 0
 113 0002 FFF7FEFF 		bl	Display_SPI_ClearFIFO
 114              	.LVL1:
 140:Generated_Source\PSoC4/Display_SPI_PM.c **** 
 141:Generated_Source\PSoC4/Display_SPI_PM.c ****     /* Restore components block enable state */
 142:Generated_Source\PSoC4/Display_SPI_PM.c ****     if(0u != Display_SPI_backup.enableState)
 115              		.loc 1 142 0
 116 0006 034B     		ldr	r3, .L8
 117 0008 1B78     		ldrb	r3, [r3]
 118 000a 002B     		cmp	r3, #0
 119 000c 01D0     		beq	.L6
 143:Generated_Source\PSoC4/Display_SPI_PM.c ****     {
 144:Generated_Source\PSoC4/Display_SPI_PM.c ****         Display_SPI_Enable();
 120              		.loc 1 144 0
 121 000e FFF7FEFF 		bl	Display_SPI_Enable
 122              	.LVL2:
 123              	.L6:
 145:Generated_Source\PSoC4/Display_SPI_PM.c ****     }
 146:Generated_Source\PSoC4/Display_SPI_PM.c **** }
 124              		.loc 1 146 0
 125              		@ sp needed
 126 0012 10BD     		pop	{r4, pc}
 127              	.L9:
 128              		.align	2
 129              	.L8:
 130 0014 00000000 		.word	.LANCHOR0
 131              		.cfi_endproc
 132              	.LFE3:
 133              		.size	Display_SPI_Wakeup, .-Display_SPI_Wakeup
 134              		.data
 135              		.align	2
 136              		.set	.LANCHOR0,. + 0
 137              		.type	Display_SPI_backup, %object
 138              		.size	Display_SPI_backup, 2
 139              	Display_SPI_backup:
ARM GAS  C:\Users\VIDEOH~1\AppData\Local\Temp\ccYyQl5x.s 			page 6


 140 0000 00       		.byte	0
 141 0001 0F       		.byte	15
 142              		.text
 143              	.Letext0:
 144              		.file 2 "Generated_Source\\PSoC4\\cytypes.h"
 145              		.file 3 "Generated_Source\\PSoC4\\Display_SPI.h"
 146              		.section	.debug_info,"",%progbits
 147              	.Ldebug_info0:
 148 0000 68010000 		.4byte	0x168
 149 0004 0400     		.2byte	0x4
 150 0006 00000000 		.4byte	.Ldebug_abbrev0
 151 000a 04       		.byte	0x4
 152 000b 01       		.uleb128 0x1
 153 000c 66010000 		.4byte	.LASF25
 154 0010 0C       		.byte	0xc
 155 0011 52020000 		.4byte	.LASF26
 156 0015 0E020000 		.4byte	.LASF27
 157 0019 00000000 		.4byte	.Ldebug_ranges0+0
 158 001d 00000000 		.4byte	0
 159 0021 00000000 		.4byte	.Ldebug_line0
 160 0025 02       		.uleb128 0x2
 161 0026 01       		.byte	0x1
 162 0027 06       		.byte	0x6
 163 0028 2F010000 		.4byte	.LASF0
 164 002c 02       		.uleb128 0x2
 165 002d 01       		.byte	0x1
 166 002e 08       		.byte	0x8
 167 002f AA000000 		.4byte	.LASF1
 168 0033 02       		.uleb128 0x2
 169 0034 02       		.byte	0x2
 170 0035 05       		.byte	0x5
 171 0036 FF010000 		.4byte	.LASF2
 172 003a 02       		.uleb128 0x2
 173 003b 02       		.byte	0x2
 174 003c 07       		.byte	0x7
 175 003d 1C010000 		.4byte	.LASF3
 176 0041 02       		.uleb128 0x2
 177 0042 04       		.byte	0x4
 178 0043 05       		.byte	0x5
 179 0044 E7000000 		.4byte	.LASF4
 180 0048 02       		.uleb128 0x2
 181 0049 04       		.byte	0x4
 182 004a 07       		.byte	0x7
 183 004b 68000000 		.4byte	.LASF5
 184 004f 02       		.uleb128 0x2
 185 0050 08       		.byte	0x8
 186 0051 05       		.byte	0x5
 187 0052 00000000 		.4byte	.LASF6
 188 0056 02       		.uleb128 0x2
 189 0057 08       		.byte	0x8
 190 0058 07       		.byte	0x7
 191 0059 7A000000 		.4byte	.LASF7
 192 005d 03       		.uleb128 0x3
 193 005e 04       		.byte	0x4
 194 005f 05       		.byte	0x5
 195 0060 696E7400 		.ascii	"int\000"
 196 0064 02       		.uleb128 0x2
ARM GAS  C:\Users\VIDEOH~1\AppData\Local\Temp\ccYyQl5x.s 			page 7


 197 0065 04       		.byte	0x4
 198 0066 07       		.byte	0x7
 199 0067 30000000 		.4byte	.LASF8
 200 006b 04       		.uleb128 0x4
 201 006c 62000000 		.4byte	.LASF12
 202 0070 02       		.byte	0x2
 203 0071 E401     		.2byte	0x1e4
 204 0073 2C000000 		.4byte	0x2c
 205 0077 02       		.uleb128 0x2
 206 0078 04       		.byte	0x4
 207 0079 04       		.byte	0x4
 208 007a 91000000 		.4byte	.LASF9
 209 007e 02       		.uleb128 0x2
 210 007f 08       		.byte	0x8
 211 0080 04       		.byte	0x4
 212 0081 F0000000 		.4byte	.LASF10
 213 0085 02       		.uleb128 0x2
 214 0086 01       		.byte	0x1
 215 0087 08       		.byte	0x8
 216 0088 CB000000 		.4byte	.LASF11
 217 008c 04       		.uleb128 0x4
 218 008d 09020000 		.4byte	.LASF13
 219 0091 02       		.byte	0x2
 220 0092 8E02     		.2byte	0x28e
 221 0094 98000000 		.4byte	0x98
 222 0098 05       		.uleb128 0x5
 223 0099 6B000000 		.4byte	0x6b
 224 009d 02       		.uleb128 0x2
 225 009e 04       		.byte	0x4
 226 009f 07       		.byte	0x7
 227 00a0 49020000 		.4byte	.LASF14
 228 00a4 06       		.uleb128 0x6
 229 00a5 02       		.byte	0x2
 230 00a6 03       		.byte	0x3
 231 00a7 40       		.byte	0x40
 232 00a8 C5000000 		.4byte	0xc5
 233 00ac 07       		.uleb128 0x7
 234 00ad 24000000 		.4byte	.LASF15
 235 00b1 03       		.byte	0x3
 236 00b2 42       		.byte	0x42
 237 00b3 6B000000 		.4byte	0x6b
 238 00b7 00       		.byte	0
 239 00b8 07       		.uleb128 0x7
 240 00b9 11010000 		.4byte	.LASF16
 241 00bd 03       		.byte	0x3
 242 00be 43       		.byte	0x43
 243 00bf 6B000000 		.4byte	0x6b
 244 00c3 01       		.byte	0x1
 245 00c4 00       		.byte	0
 246 00c5 08       		.uleb128 0x8
 247 00c6 3B010000 		.4byte	.LASF17
 248 00ca 03       		.byte	0x3
 249 00cb 44       		.byte	0x44
 250 00cc A4000000 		.4byte	0xa4
 251 00d0 09       		.uleb128 0x9
 252 00d1 D0000000 		.4byte	.LASF18
 253 00d5 01       		.byte	0x1
ARM GAS  C:\Users\VIDEOH~1\AppData\Local\Temp\ccYyQl5x.s 			page 8


 254 00d6 29       		.byte	0x29
 255 00d7 00000000 		.4byte	.LFB0
 256 00db 02000000 		.4byte	.LFE0-.LFB0
 257 00df 01       		.uleb128 0x1
 258 00e0 9C       		.byte	0x9c
 259 00e1 09       		.uleb128 0x9
 260 00e2 F7000000 		.4byte	.LASF19
 261 00e6 01       		.byte	0x1
 262 00e7 3D       		.byte	0x3d
 263 00e8 00000000 		.4byte	.LFB1
 264 00ec 02000000 		.4byte	.LFE1-.LFB1
 265 00f0 01       		.uleb128 0x1
 266 00f1 9C       		.byte	0x9c
 267 00f2 0A       		.uleb128 0xa
 268 00f3 50000000 		.4byte	.LASF20
 269 00f7 01       		.byte	0x1
 270 00f8 57       		.byte	0x57
 271 00f9 00000000 		.4byte	.LFB2
 272 00fd 20000000 		.4byte	.LFE2-.LFB2
 273 0101 01       		.uleb128 0x1
 274 0102 9C       		.byte	0x9c
 275 0103 11010000 		.4byte	0x111
 276 0107 0B       		.uleb128 0xb
 277 0108 14000000 		.4byte	.LVL0
 278 010c 4A010000 		.4byte	0x14a
 279 0110 00       		.byte	0
 280 0111 0A       		.uleb128 0xa
 281 0112 97000000 		.4byte	.LASF21
 282 0116 01       		.byte	0x1
 283 0117 7C       		.byte	0x7c
 284 0118 00000000 		.4byte	.LFB3
 285 011c 18000000 		.4byte	.LFE3-.LFB3
 286 0120 01       		.uleb128 0x1
 287 0121 9C       		.byte	0x9c
 288 0122 39010000 		.4byte	0x139
 289 0126 0B       		.uleb128 0xb
 290 0127 06000000 		.4byte	.LVL1
 291 012b 55010000 		.4byte	0x155
 292 012f 0B       		.uleb128 0xb
 293 0130 12000000 		.4byte	.LVL2
 294 0134 60010000 		.4byte	0x160
 295 0138 00       		.byte	0
 296 0139 0C       		.uleb128 0xc
 297 013a 3D000000 		.4byte	.LASF28
 298 013e 01       		.byte	0x1
 299 013f 14       		.byte	0x14
 300 0140 C5000000 		.4byte	0xc5
 301 0144 05       		.uleb128 0x5
 302 0145 03       		.byte	0x3
 303 0146 00000000 		.4byte	Display_SPI_backup
 304 014a 0D       		.uleb128 0xd
 305 014b 55010000 		.4byte	.LASF22
 306 014f 55010000 		.4byte	.LASF22
 307 0153 03       		.byte	0x3
 308 0154 4E       		.byte	0x4e
 309 0155 0D       		.uleb128 0xd
 310 0156 0E000000 		.4byte	.LASF23
ARM GAS  C:\Users\VIDEOH~1\AppData\Local\Temp\ccYyQl5x.s 			page 9


 311 015a 0E000000 		.4byte	.LASF23
 312 015e 03       		.byte	0x3
 313 015f 66       		.byte	0x66
 314 0160 0D       		.uleb128 0xd
 315 0161 B8000000 		.4byte	.LASF24
 316 0165 B8000000 		.4byte	.LASF24
 317 0169 03       		.byte	0x3
 318 016a 4C       		.byte	0x4c
 319 016b 00       		.byte	0
 320              		.section	.debug_abbrev,"",%progbits
 321              	.Ldebug_abbrev0:
 322 0000 01       		.uleb128 0x1
 323 0001 11       		.uleb128 0x11
 324 0002 01       		.byte	0x1
 325 0003 25       		.uleb128 0x25
 326 0004 0E       		.uleb128 0xe
 327 0005 13       		.uleb128 0x13
 328 0006 0B       		.uleb128 0xb
 329 0007 03       		.uleb128 0x3
 330 0008 0E       		.uleb128 0xe
 331 0009 1B       		.uleb128 0x1b
 332 000a 0E       		.uleb128 0xe
 333 000b 55       		.uleb128 0x55
 334 000c 17       		.uleb128 0x17
 335 000d 11       		.uleb128 0x11
 336 000e 01       		.uleb128 0x1
 337 000f 10       		.uleb128 0x10
 338 0010 17       		.uleb128 0x17
 339 0011 00       		.byte	0
 340 0012 00       		.byte	0
 341 0013 02       		.uleb128 0x2
 342 0014 24       		.uleb128 0x24
 343 0015 00       		.byte	0
 344 0016 0B       		.uleb128 0xb
 345 0017 0B       		.uleb128 0xb
 346 0018 3E       		.uleb128 0x3e
 347 0019 0B       		.uleb128 0xb
 348 001a 03       		.uleb128 0x3
 349 001b 0E       		.uleb128 0xe
 350 001c 00       		.byte	0
 351 001d 00       		.byte	0
 352 001e 03       		.uleb128 0x3
 353 001f 24       		.uleb128 0x24
 354 0020 00       		.byte	0
 355 0021 0B       		.uleb128 0xb
 356 0022 0B       		.uleb128 0xb
 357 0023 3E       		.uleb128 0x3e
 358 0024 0B       		.uleb128 0xb
 359 0025 03       		.uleb128 0x3
 360 0026 08       		.uleb128 0x8
 361 0027 00       		.byte	0
 362 0028 00       		.byte	0
 363 0029 04       		.uleb128 0x4
 364 002a 16       		.uleb128 0x16
 365 002b 00       		.byte	0
 366 002c 03       		.uleb128 0x3
 367 002d 0E       		.uleb128 0xe
ARM GAS  C:\Users\VIDEOH~1\AppData\Local\Temp\ccYyQl5x.s 			page 10


 368 002e 3A       		.uleb128 0x3a
 369 002f 0B       		.uleb128 0xb
 370 0030 3B       		.uleb128 0x3b
 371 0031 05       		.uleb128 0x5
 372 0032 49       		.uleb128 0x49
 373 0033 13       		.uleb128 0x13
 374 0034 00       		.byte	0
 375 0035 00       		.byte	0
 376 0036 05       		.uleb128 0x5
 377 0037 35       		.uleb128 0x35
 378 0038 00       		.byte	0
 379 0039 49       		.uleb128 0x49
 380 003a 13       		.uleb128 0x13
 381 003b 00       		.byte	0
 382 003c 00       		.byte	0
 383 003d 06       		.uleb128 0x6
 384 003e 13       		.uleb128 0x13
 385 003f 01       		.byte	0x1
 386 0040 0B       		.uleb128 0xb
 387 0041 0B       		.uleb128 0xb
 388 0042 3A       		.uleb128 0x3a
 389 0043 0B       		.uleb128 0xb
 390 0044 3B       		.uleb128 0x3b
 391 0045 0B       		.uleb128 0xb
 392 0046 01       		.uleb128 0x1
 393 0047 13       		.uleb128 0x13
 394 0048 00       		.byte	0
 395 0049 00       		.byte	0
 396 004a 07       		.uleb128 0x7
 397 004b 0D       		.uleb128 0xd
 398 004c 00       		.byte	0
 399 004d 03       		.uleb128 0x3
 400 004e 0E       		.uleb128 0xe
 401 004f 3A       		.uleb128 0x3a
 402 0050 0B       		.uleb128 0xb
 403 0051 3B       		.uleb128 0x3b
 404 0052 0B       		.uleb128 0xb
 405 0053 49       		.uleb128 0x49
 406 0054 13       		.uleb128 0x13
 407 0055 38       		.uleb128 0x38
 408 0056 0B       		.uleb128 0xb
 409 0057 00       		.byte	0
 410 0058 00       		.byte	0
 411 0059 08       		.uleb128 0x8
 412 005a 16       		.uleb128 0x16
 413 005b 00       		.byte	0
 414 005c 03       		.uleb128 0x3
 415 005d 0E       		.uleb128 0xe
 416 005e 3A       		.uleb128 0x3a
 417 005f 0B       		.uleb128 0xb
 418 0060 3B       		.uleb128 0x3b
 419 0061 0B       		.uleb128 0xb
 420 0062 49       		.uleb128 0x49
 421 0063 13       		.uleb128 0x13
 422 0064 00       		.byte	0
 423 0065 00       		.byte	0
 424 0066 09       		.uleb128 0x9
ARM GAS  C:\Users\VIDEOH~1\AppData\Local\Temp\ccYyQl5x.s 			page 11


 425 0067 2E       		.uleb128 0x2e
 426 0068 00       		.byte	0
 427 0069 3F       		.uleb128 0x3f
 428 006a 19       		.uleb128 0x19
 429 006b 03       		.uleb128 0x3
 430 006c 0E       		.uleb128 0xe
 431 006d 3A       		.uleb128 0x3a
 432 006e 0B       		.uleb128 0xb
 433 006f 3B       		.uleb128 0x3b
 434 0070 0B       		.uleb128 0xb
 435 0071 27       		.uleb128 0x27
 436 0072 19       		.uleb128 0x19
 437 0073 11       		.uleb128 0x11
 438 0074 01       		.uleb128 0x1
 439 0075 12       		.uleb128 0x12
 440 0076 06       		.uleb128 0x6
 441 0077 40       		.uleb128 0x40
 442 0078 18       		.uleb128 0x18
 443 0079 9742     		.uleb128 0x2117
 444 007b 19       		.uleb128 0x19
 445 007c 00       		.byte	0
 446 007d 00       		.byte	0
 447 007e 0A       		.uleb128 0xa
 448 007f 2E       		.uleb128 0x2e
 449 0080 01       		.byte	0x1
 450 0081 3F       		.uleb128 0x3f
 451 0082 19       		.uleb128 0x19
 452 0083 03       		.uleb128 0x3
 453 0084 0E       		.uleb128 0xe
 454 0085 3A       		.uleb128 0x3a
 455 0086 0B       		.uleb128 0xb
 456 0087 3B       		.uleb128 0x3b
 457 0088 0B       		.uleb128 0xb
 458 0089 27       		.uleb128 0x27
 459 008a 19       		.uleb128 0x19
 460 008b 11       		.uleb128 0x11
 461 008c 01       		.uleb128 0x1
 462 008d 12       		.uleb128 0x12
 463 008e 06       		.uleb128 0x6
 464 008f 40       		.uleb128 0x40
 465 0090 18       		.uleb128 0x18
 466 0091 9742     		.uleb128 0x2117
 467 0093 19       		.uleb128 0x19
 468 0094 01       		.uleb128 0x1
 469 0095 13       		.uleb128 0x13
 470 0096 00       		.byte	0
 471 0097 00       		.byte	0
 472 0098 0B       		.uleb128 0xb
 473 0099 898201   		.uleb128 0x4109
 474 009c 00       		.byte	0
 475 009d 11       		.uleb128 0x11
 476 009e 01       		.uleb128 0x1
 477 009f 31       		.uleb128 0x31
 478 00a0 13       		.uleb128 0x13
 479 00a1 00       		.byte	0
 480 00a2 00       		.byte	0
 481 00a3 0C       		.uleb128 0xc
ARM GAS  C:\Users\VIDEOH~1\AppData\Local\Temp\ccYyQl5x.s 			page 12


 482 00a4 34       		.uleb128 0x34
 483 00a5 00       		.byte	0
 484 00a6 03       		.uleb128 0x3
 485 00a7 0E       		.uleb128 0xe
 486 00a8 3A       		.uleb128 0x3a
 487 00a9 0B       		.uleb128 0xb
 488 00aa 3B       		.uleb128 0x3b
 489 00ab 0B       		.uleb128 0xb
 490 00ac 49       		.uleb128 0x49
 491 00ad 13       		.uleb128 0x13
 492 00ae 02       		.uleb128 0x2
 493 00af 18       		.uleb128 0x18
 494 00b0 00       		.byte	0
 495 00b1 00       		.byte	0
 496 00b2 0D       		.uleb128 0xd
 497 00b3 2E       		.uleb128 0x2e
 498 00b4 00       		.byte	0
 499 00b5 3F       		.uleb128 0x3f
 500 00b6 19       		.uleb128 0x19
 501 00b7 3C       		.uleb128 0x3c
 502 00b8 19       		.uleb128 0x19
 503 00b9 6E       		.uleb128 0x6e
 504 00ba 0E       		.uleb128 0xe
 505 00bb 03       		.uleb128 0x3
 506 00bc 0E       		.uleb128 0xe
 507 00bd 3A       		.uleb128 0x3a
 508 00be 0B       		.uleb128 0xb
 509 00bf 3B       		.uleb128 0x3b
 510 00c0 0B       		.uleb128 0xb
 511 00c1 00       		.byte	0
 512 00c2 00       		.byte	0
 513 00c3 00       		.byte	0
 514              		.section	.debug_aranges,"",%progbits
 515 0000 34000000 		.4byte	0x34
 516 0004 0200     		.2byte	0x2
 517 0006 00000000 		.4byte	.Ldebug_info0
 518 000a 04       		.byte	0x4
 519 000b 00       		.byte	0
 520 000c 0000     		.2byte	0
 521 000e 0000     		.2byte	0
 522 0010 00000000 		.4byte	.LFB0
 523 0014 02000000 		.4byte	.LFE0-.LFB0
 524 0018 00000000 		.4byte	.LFB1
 525 001c 02000000 		.4byte	.LFE1-.LFB1
 526 0020 00000000 		.4byte	.LFB2
 527 0024 20000000 		.4byte	.LFE2-.LFB2
 528 0028 00000000 		.4byte	.LFB3
 529 002c 18000000 		.4byte	.LFE3-.LFB3
 530 0030 00000000 		.4byte	0
 531 0034 00000000 		.4byte	0
 532              		.section	.debug_ranges,"",%progbits
 533              	.Ldebug_ranges0:
 534 0000 00000000 		.4byte	.LFB0
 535 0004 02000000 		.4byte	.LFE0
 536 0008 00000000 		.4byte	.LFB1
 537 000c 02000000 		.4byte	.LFE1
 538 0010 00000000 		.4byte	.LFB2
ARM GAS  C:\Users\VIDEOH~1\AppData\Local\Temp\ccYyQl5x.s 			page 13


 539 0014 20000000 		.4byte	.LFE2
 540 0018 00000000 		.4byte	.LFB3
 541 001c 18000000 		.4byte	.LFE3
 542 0020 00000000 		.4byte	0
 543 0024 00000000 		.4byte	0
 544              		.section	.debug_line,"",%progbits
 545              	.Ldebug_line0:
 546 0000 AB000000 		.section	.debug_str,"MS",%progbits,1
 546      02005C00 
 546      00000201 
 546      FB0E0D00 
 546      01010101 
 547              	.LASF6:
 548 0000 6C6F6E67 		.ascii	"long long int\000"
 548      206C6F6E 
 548      6720696E 
 548      7400
 549              	.LASF23:
 550 000e 44697370 		.ascii	"Display_SPI_ClearFIFO\000"
 550      6C61795F 
 550      5350495F 
 550      436C6561 
 550      72464946 
 551              	.LASF15:
 552 0024 656E6162 		.ascii	"enableState\000"
 552      6C655374 
 552      61746500 
 553              	.LASF8:
 554 0030 756E7369 		.ascii	"unsigned int\000"
 554      676E6564 
 554      20696E74 
 554      00
 555              	.LASF28:
 556 003d 44697370 		.ascii	"Display_SPI_backup\000"
 556      6C61795F 
 556      5350495F 
 556      6261636B 
 556      757000
 557              	.LASF20:
 558 0050 44697370 		.ascii	"Display_SPI_Sleep\000"
 558      6C61795F 
 558      5350495F 
 558      536C6565 
 558      7000
 559              	.LASF12:
 560 0062 75696E74 		.ascii	"uint8\000"
 560      3800
 561              	.LASF5:
 562 0068 6C6F6E67 		.ascii	"long unsigned int\000"
 562      20756E73 
 562      69676E65 
 562      6420696E 
 562      7400
 563              	.LASF7:
 564 007a 6C6F6E67 		.ascii	"long long unsigned int\000"
 564      206C6F6E 
 564      6720756E 
ARM GAS  C:\Users\VIDEOH~1\AppData\Local\Temp\ccYyQl5x.s 			page 14


 564      7369676E 
 564      65642069 
 565              	.LASF9:
 566 0091 666C6F61 		.ascii	"float\000"
 566      7400
 567              	.LASF21:
 568 0097 44697370 		.ascii	"Display_SPI_Wakeup\000"
 568      6C61795F 
 568      5350495F 
 568      57616B65 
 568      757000
 569              	.LASF1:
 570 00aa 756E7369 		.ascii	"unsigned char\000"
 570      676E6564 
 570      20636861 
 570      7200
 571              	.LASF24:
 572 00b8 44697370 		.ascii	"Display_SPI_Enable\000"
 572      6C61795F 
 572      5350495F 
 572      456E6162 
 572      6C6500
 573              	.LASF11:
 574 00cb 63686172 		.ascii	"char\000"
 574      00
 575              	.LASF18:
 576 00d0 44697370 		.ascii	"Display_SPI_SaveConfig\000"
 576      6C61795F 
 576      5350495F 
 576      53617665 
 576      436F6E66 
 577              	.LASF4:
 578 00e7 6C6F6E67 		.ascii	"long int\000"
 578      20696E74 
 578      00
 579              	.LASF10:
 580 00f0 646F7562 		.ascii	"double\000"
 580      6C6500
 581              	.LASF19:
 582 00f7 44697370 		.ascii	"Display_SPI_RestoreConfig\000"
 582      6C61795F 
 582      5350495F 
 582      52657374 
 582      6F726543 
 583              	.LASF16:
 584 0111 636E7472 		.ascii	"cntrPeriod\000"
 584      50657269 
 584      6F6400
 585              	.LASF3:
 586 011c 73686F72 		.ascii	"short unsigned int\000"
 586      7420756E 
 586      7369676E 
 586      65642069 
 586      6E7400
 587              	.LASF0:
 588 012f 7369676E 		.ascii	"signed char\000"
 588      65642063 
ARM GAS  C:\Users\VIDEOH~1\AppData\Local\Temp\ccYyQl5x.s 			page 15


 588      68617200 
 589              	.LASF17:
 590 013b 44697370 		.ascii	"Display_SPI_BACKUP_STRUCT\000"
 590      6C61795F 
 590      5350495F 
 590      4241434B 
 590      55505F53 
 591              	.LASF22:
 592 0155 44697370 		.ascii	"Display_SPI_Stop\000"
 592      6C61795F 
 592      5350495F 
 592      53746F70 
 592      00
 593              	.LASF25:
 594 0166 474E5520 		.ascii	"GNU C99 5.4.1 20160609 (release) [ARM/embedded-5-br"
 594      43393920 
 594      352E342E 
 594      31203230 
 594      31363036 
 595 0199 616E6368 		.ascii	"anch revision 237715] -mcpu=cortex-m0 -mthumb -g -O"
 595      20726576 
 595      6973696F 
 595      6E203233 
 595      37373135 
 596 01cc 67202D73 		.ascii	"g -std=gnu99 -ffunction-sections -ffat-lto-objects\000"
 596      74643D67 
 596      6E753939 
 596      202D6666 
 596      756E6374 
 597              	.LASF2:
 598 01ff 73686F72 		.ascii	"short int\000"
 598      7420696E 
 598      7400
 599              	.LASF13:
 600 0209 72656738 		.ascii	"reg8\000"
 600      00
 601              	.LASF27:
 602 020e 443A5C31 		.ascii	"D:\\1_work\\my_project\\ReloadPro\\psoc42boot\\Relo"
 602      5F776F72 
 602      6B5C6D79 
 602      5F70726F 
 602      6A656374 
 603 023c 61642050 		.ascii	"ad Pro.cydsn\000"
 603      726F2E63 
 603      7964736E 
 603      00
 604              	.LASF14:
 605 0249 73697A65 		.ascii	"sizetype\000"
 605      74797065 
 605      00
 606              	.LASF26:
 607 0252 47656E65 		.ascii	"Generated_Source\\PSoC4\\Display_SPI_PM.c\000"
 607      72617465 
 607      645F536F 
 607      75726365 
 607      5C50536F 
 608              		.ident	"GCC: (GNU Tools for ARM Embedded Processors) 5.4.1 20160609 (release) [ARM/embedded-5-bran
ARM GAS  C:\Users\VIDEOH~1\AppData\Local\Temp\ccYyQl5x.s 			page 16


