ARM GAS  C:\Users\VIDEOH~1\AppData\Local\Temp\cctgMwCI.s 			page 1


   1              		.syntax unified
   2              		.cpu cortex-m0
   3              		.fpu softvfp
   4              		.eabi_attribute 20, 1
   5              		.eabi_attribute 21, 1
   6              		.eabi_attribute 23, 3
   7              		.eabi_attribute 24, 1
   8              		.eabi_attribute 25, 1
   9              		.eabi_attribute 26, 1
  10              		.eabi_attribute 30, 1
  11              		.eabi_attribute 34, 0
  12              		.eabi_attribute 18, 4
  13              		.thumb
  14              		.syntax unified
  15              		.file	"EEPROM.c"
  16              		.text
  17              	.Ltext0:
  18              		.cfi_sections	.debug_frame
  19              		.section	.text.EEPROM_Init,"ax",%progbits
  20              		.align	2
  21              		.global	EEPROM_Init
  22              		.code	16
  23              		.thumb_func
  24              		.type	EEPROM_Init, %function
  25              	EEPROM_Init:
  26              	.LFB0:
  27              		.file 1 "Generated_Source\\PSoC4\\EEPROM.c"
   1:Generated_Source\PSoC4/EEPROM.c **** /*******************************************************************************
   2:Generated_Source\PSoC4/EEPROM.c **** * File Name: EEPROM.c
   3:Generated_Source\PSoC4/EEPROM.c **** * Version 2.20
   4:Generated_Source\PSoC4/EEPROM.c **** *
   5:Generated_Source\PSoC4/EEPROM.c **** * Description:
   6:Generated_Source\PSoC4/EEPROM.c **** *  This file provides source code of the API for the Emulated EEPROM
   7:Generated_Source\PSoC4/EEPROM.c **** *  Component.
   8:Generated_Source\PSoC4/EEPROM.c **** *
   9:Generated_Source\PSoC4/EEPROM.c **** ********************************************************************************
  10:Generated_Source\PSoC4/EEPROM.c **** * Copyright 2013-2017, Cypress Semiconductor Corporation. All rights reserved.
  11:Generated_Source\PSoC4/EEPROM.c **** * You may use this file only in accordance with the license, terms, conditions,
  12:Generated_Source\PSoC4/EEPROM.c **** * disclaimers, and limitations in the end user license agreement accompanying
  13:Generated_Source\PSoC4/EEPROM.c **** * the software package with which this file was provided.
  14:Generated_Source\PSoC4/EEPROM.c **** *******************************************************************************/
  15:Generated_Source\PSoC4/EEPROM.c **** 
  16:Generated_Source\PSoC4/EEPROM.c **** #include "EEPROM.h"
  17:Generated_Source\PSoC4/EEPROM.c **** 
  18:Generated_Source\PSoC4/EEPROM.c **** /** The instance-specific configuration structure. This should be used in the
  19:Generated_Source\PSoC4/EEPROM.c **** *  associated EEPROM_Init() function.
  20:Generated_Source\PSoC4/EEPROM.c **** */
  21:Generated_Source\PSoC4/EEPROM.c **** cy_stc_eeprom_config_t const EEPROM_config =
  22:Generated_Source\PSoC4/EEPROM.c **** {
  23:Generated_Source\PSoC4/EEPROM.c ****     256U,
  24:Generated_Source\PSoC4/EEPROM.c ****     1U,
  25:Generated_Source\PSoC4/EEPROM.c ****     0U,
  26:Generated_Source\PSoC4/EEPROM.c ****     0U,
  27:Generated_Source\PSoC4/EEPROM.c ****     0U
  28:Generated_Source\PSoC4/EEPROM.c **** };
  29:Generated_Source\PSoC4/EEPROM.c **** 
  30:Generated_Source\PSoC4/EEPROM.c **** /** The instance-specific context structure that holds all required information
ARM GAS  C:\Users\VIDEOH~1\AppData\Local\Temp\cctgMwCI.s 			page 2


  31:Generated_Source\PSoC4/EEPROM.c **** * about an EEPROM instance. This structure is filled by the Em_EEPROM
  32:Generated_Source\PSoC4/EEPROM.c **** * library Init() function and used by EEPROM library functions.
  33:Generated_Source\PSoC4/EEPROM.c **** */
  34:Generated_Source\PSoC4/EEPROM.c **** cy_stc_eeprom_context_t EEPROM_context;
  35:Generated_Source\PSoC4/EEPROM.c **** 
  36:Generated_Source\PSoC4/EEPROM.c **** /* For PSoC 6 place EEPROM into Emulated EEPROM flash area */
  37:Generated_Source\PSoC4/EEPROM.c **** #if ((CY_PSOC6) && (EEPROM_STORAGE_EM_EEPROM))
  38:Generated_Source\PSoC4/EEPROM.c **** 
  39:Generated_Source\PSoC4/EEPROM.c ****     CY_SECTION(".cy_em_eeprom") CY_ALIGN(CY_FLASH_SIZEOF_ROW)
  40:Generated_Source\PSoC4/EEPROM.c ****     const uint8 EEPROM_em_EepromStorage[EEPROM_ACTUAL_SIZE] = {0u};
  41:Generated_Source\PSoC4/EEPROM.c **** 
  42:Generated_Source\PSoC4/EEPROM.c **** #endif /* ((CY_PSOC6) && (EEPROM_STORAGE_EM_EEPROM)) */
  43:Generated_Source\PSoC4/EEPROM.c **** 
  44:Generated_Source\PSoC4/EEPROM.c **** 
  45:Generated_Source\PSoC4/EEPROM.c **** /*******************************************************************************
  46:Generated_Source\PSoC4/EEPROM.c **** * Function Name: EEPROM_Init
  47:Generated_Source\PSoC4/EEPROM.c **** ********************************************************************************
  48:Generated_Source\PSoC4/EEPROM.c **** *
  49:Generated_Source\PSoC4/EEPROM.c **** * Fills the start address of the EEPROM to the component configuration structure
  50:Generated_Source\PSoC4/EEPROM.c **** * and invokes Cy_Em_EEPROM_Init() function. In case of PSoC 6 the function 
  51:Generated_Source\PSoC4/EEPROM.c **** * is located in Cy_Em_EEPROM middleware library which is part of PDL. In case if
  52:Generated_Source\PSoC4/EEPROM.c **** * it is utilized in the design based on non-PSOC 6 device the function is 
  53:Generated_Source\PSoC4/EEPROM.c **** * located in internal design wide resource component - Em_EEPROM_Dynamic.
  54:Generated_Source\PSoC4/EEPROM.c **** *
  55:Generated_Source\PSoC4/EEPROM.c **** * \param startAddress
  56:Generated_Source\PSoC4/EEPROM.c **** * Start address of the EEPROM storage. For PSoC 6, if Emulated EEPROM is 
  57:Generated_Source\PSoC4/EEPROM.c **** * selected for EEPROM storage, the start address will be overwritten to some 
  58:Generated_Source\PSoC4/EEPROM.c **** * address from Emulated EEPROM flash area.
  59:Generated_Source\PSoC4/EEPROM.c **** *
  60:Generated_Source\PSoC4/EEPROM.c **** * \return
  61:Generated_Source\PSoC4/EEPROM.c **** * A result of function execution of type cy_en_em_eeprom_status_t.
  62:Generated_Source\PSoC4/EEPROM.c **** *
  63:Generated_Source\PSoC4/EEPROM.c **** *******************************************************************************/
  64:Generated_Source\PSoC4/EEPROM.c **** cy_en_em_eeprom_status_t EEPROM_Init(uint32 startAddress)
  65:Generated_Source\PSoC4/EEPROM.c **** {
  28              		.loc 1 65 0
  29              		.cfi_startproc
  30              		@ args = 0, pretend = 0, frame = 16
  31              		@ frame_needed = 0, uses_anonymous_args = 0
  32              	.LVL0:
  33 0000 00B5     		push	{lr}
  34              		.cfi_def_cfa_offset 4
  35              		.cfi_offset 14, -4
  36 0002 85B0     		sub	sp, sp, #20
  37              		.cfi_def_cfa_offset 24
  66:Generated_Source\PSoC4/EEPROM.c ****     cy_en_em_eeprom_status_t ret;
  67:Generated_Source\PSoC4/EEPROM.c ****     cy_stc_eeprom_config_t config;
  68:Generated_Source\PSoC4/EEPROM.c **** 
  69:Generated_Source\PSoC4/EEPROM.c ****     config.blockingWrite =      EEPROM_config.blockingWrite;
  38              		.loc 1 69 0
  39 0004 0023     		movs	r3, #0
  40 0006 6A46     		mov	r2, sp
  41 0008 5372     		strb	r3, [r2, #9]
  70:Generated_Source\PSoC4/EEPROM.c ****     config.eepromSize =         EEPROM_config.eepromSize;
  42              		.loc 1 70 0
  43 000a 8022     		movs	r2, #128
  44 000c 5200     		lsls	r2, r2, #1
ARM GAS  C:\Users\VIDEOH~1\AppData\Local\Temp\cctgMwCI.s 			page 3


  45 000e 0092     		str	r2, [sp]
  71:Generated_Source\PSoC4/EEPROM.c ****     config.redundantCopy =      EEPROM_config.redundantCopy;
  46              		.loc 1 71 0
  47 0010 6A46     		mov	r2, sp
  48 0012 1372     		strb	r3, [r2, #8]
  72:Generated_Source\PSoC4/EEPROM.c ****     config.wearLevelingFactor = EEPROM_config.wearLevelingFactor;
  49              		.loc 1 72 0
  50 0014 0133     		adds	r3, r3, #1
  51 0016 0193     		str	r3, [sp, #4]
  73:Generated_Source\PSoC4/EEPROM.c ****     
  74:Generated_Source\PSoC4/EEPROM.c **** #if ((CY_PSOC6) && (EEPROM_STORAGE_EM_EEPROM))
  75:Generated_Source\PSoC4/EEPROM.c ****     /* For PSoC 6, if Emulated EEPROM is selected - override the eeprom start 
  76:Generated_Source\PSoC4/EEPROM.c ****     * address.
  77:Generated_Source\PSoC4/EEPROM.c ****     */
  78:Generated_Source\PSoC4/EEPROM.c ****     config.userFlashStartAddr = (uint32)EEPROM_em_EepromStorage;
  79:Generated_Source\PSoC4/EEPROM.c **** #else
  80:Generated_Source\PSoC4/EEPROM.c ****     config.userFlashStartAddr = startAddress;
  52              		.loc 1 80 0
  53 0018 0390     		str	r0, [sp, #12]
  81:Generated_Source\PSoC4/EEPROM.c **** #endif /* ((CY_PSOC6) && (EEPROM_STORAGE_EM_EEPROM)) */
  82:Generated_Source\PSoC4/EEPROM.c ****         
  83:Generated_Source\PSoC4/EEPROM.c ****     ret = Cy_Em_EEPROM_Init(&config, &EEPROM_context);
  54              		.loc 1 83 0
  55 001a 0349     		ldr	r1, .L2
  56 001c 6846     		mov	r0, sp
  57              	.LVL1:
  58 001e FFF7FEFF 		bl	Cy_Em_EEPROM_Init
  59              	.LVL2:
  84:Generated_Source\PSoC4/EEPROM.c **** 
  85:Generated_Source\PSoC4/EEPROM.c ****     return(ret);
  86:Generated_Source\PSoC4/EEPROM.c **** }
  60              		.loc 1 86 0
  61 0022 05B0     		add	sp, sp, #20
  62              		@ sp needed
  63 0024 00BD     		pop	{pc}
  64              	.L3:
  65 0026 C046     		.align	2
  66              	.L2:
  67 0028 00000000 		.word	EEPROM_context
  68              		.cfi_endproc
  69              	.LFE0:
  70              		.size	EEPROM_Init, .-EEPROM_Init
  71              		.comm	EEPROM_context,28,4
  72              		.global	EEPROM_config
  73              		.section	.rodata
  74              		.align	2
  75              		.type	EEPROM_config, %object
  76              		.size	EEPROM_config, 16
  77              	EEPROM_config:
  78 0000 00010000 		.word	256
  79 0004 01000000 		.word	1
  80 0008 00       		.byte	0
  81 0009 00       		.byte	0
  82 000a 0000     		.space	2
  83 000c 00000000 		.word	0
  84              		.text
  85              	.Letext0:
ARM GAS  C:\Users\VIDEOH~1\AppData\Local\Temp\cctgMwCI.s 			page 4


  86              		.file 2 "Generated_Source\\PSoC4\\cytypes.h"
  87              		.file 3 "Generated_Source\\PSoC4\\cy_em_eeprom.h"
  88              		.section	.debug_info,"",%progbits
  89              	.Ldebug_info0:
  90 0000 37020000 		.4byte	0x237
  91 0004 0400     		.2byte	0x4
  92 0006 00000000 		.4byte	.Ldebug_abbrev0
  93 000a 04       		.byte	0x4
  94 000b 01       		.uleb128 0x1
  95 000c 33000000 		.4byte	.LASF34
  96 0010 0C       		.byte	0xc
  97 0011 CC000000 		.4byte	.LASF35
  98 0015 38020000 		.4byte	.LASF36
  99 0019 00000000 		.4byte	.Ldebug_ranges0+0
 100 001d 00000000 		.4byte	0
 101 0021 00000000 		.4byte	.Ldebug_line0
 102 0025 02       		.uleb128 0x2
 103 0026 01       		.byte	0x1
 104 0027 06       		.byte	0x6
 105 0028 F7020000 		.4byte	.LASF0
 106 002c 02       		.uleb128 0x2
 107 002d 01       		.byte	0x1
 108 002e 08       		.byte	0x8
 109 002f 28010000 		.4byte	.LASF1
 110 0033 02       		.uleb128 0x2
 111 0034 02       		.byte	0x2
 112 0035 05       		.byte	0x5
 113 0036 CC020000 		.4byte	.LASF2
 114 003a 02       		.uleb128 0x2
 115 003b 02       		.byte	0x2
 116 003c 07       		.byte	0x7
 117 003d 20000000 		.4byte	.LASF3
 118 0041 02       		.uleb128 0x2
 119 0042 04       		.byte	0x4
 120 0043 05       		.byte	0x5
 121 0044 E0020000 		.4byte	.LASF4
 122 0048 02       		.uleb128 0x2
 123 0049 04       		.byte	0x4
 124 004a 07       		.byte	0x7
 125 004b 4E010000 		.4byte	.LASF5
 126 004f 02       		.uleb128 0x2
 127 0050 08       		.byte	0x8
 128 0051 05       		.byte	0x5
 129 0052 7C020000 		.4byte	.LASF6
 130 0056 02       		.uleb128 0x2
 131 0057 08       		.byte	0x8
 132 0058 07       		.byte	0x7
 133 0059 DB010000 		.4byte	.LASF7
 134 005d 03       		.uleb128 0x3
 135 005e 04       		.byte	0x4
 136 005f 05       		.byte	0x5
 137 0060 696E7400 		.ascii	"int\000"
 138 0064 02       		.uleb128 0x2
 139 0065 04       		.byte	0x4
 140 0066 07       		.byte	0x7
 141 0067 B8010000 		.4byte	.LASF8
 142 006b 04       		.uleb128 0x4
ARM GAS  C:\Users\VIDEOH~1\AppData\Local\Temp\cctgMwCI.s 			page 5


 143 006c 60010000 		.4byte	.LASF9
 144 0070 02       		.byte	0x2
 145 0071 E401     		.2byte	0x1e4
 146 0073 2C000000 		.4byte	0x2c
 147 0077 04       		.uleb128 0x4
 148 0078 A2010000 		.4byte	.LASF10
 149 007c 02       		.byte	0x2
 150 007d E601     		.2byte	0x1e6
 151 007f 48000000 		.4byte	0x48
 152 0083 02       		.uleb128 0x2
 153 0084 04       		.byte	0x4
 154 0085 04       		.byte	0x4
 155 0086 22010000 		.4byte	.LASF11
 156 008a 02       		.uleb128 0x2
 157 008b 08       		.byte	0x8
 158 008c 04       		.byte	0x4
 159 008d 9B010000 		.4byte	.LASF12
 160 0091 02       		.uleb128 0x2
 161 0092 01       		.byte	0x1
 162 0093 08       		.byte	0x8
 163 0094 97020000 		.4byte	.LASF13
 164 0098 02       		.uleb128 0x2
 165 0099 04       		.byte	0x4
 166 009a 07       		.byte	0x7
 167 009b 73020000 		.4byte	.LASF14
 168 009f 05       		.uleb128 0x5
 169 00a0 10       		.byte	0x10
 170 00a1 03       		.byte	0x3
 171 00a2 FB       		.byte	0xfb
 172 00a3 E8000000 		.4byte	0xe8
 173 00a7 06       		.uleb128 0x6
 174 00a8 17010000 		.4byte	.LASF15
 175 00ac 03       		.byte	0x3
 176 00ad FE       		.byte	0xfe
 177 00ae 77000000 		.4byte	0x77
 178 00b2 00       		.byte	0
 179 00b3 07       		.uleb128 0x7
 180 00b4 04010000 		.4byte	.LASF16
 181 00b8 03       		.byte	0x3
 182 00b9 0301     		.2byte	0x103
 183 00bb 77000000 		.4byte	0x77
 184 00bf 04       		.byte	0x4
 185 00c0 07       		.uleb128 0x7
 186 00c1 2A020000 		.4byte	.LASF17
 187 00c5 03       		.byte	0x3
 188 00c6 0601     		.2byte	0x106
 189 00c8 6B000000 		.4byte	0x6b
 190 00cc 08       		.byte	0x8
 191 00cd 07       		.uleb128 0x7
 192 00ce 15020000 		.4byte	.LASF18
 193 00d2 03       		.byte	0x3
 194 00d3 0B01     		.2byte	0x10b
 195 00d5 6B000000 		.4byte	0x6b
 196 00d9 09       		.byte	0x9
 197 00da 07       		.uleb128 0x7
 198 00db 00000000 		.4byte	.LASF19
 199 00df 03       		.byte	0x3
ARM GAS  C:\Users\VIDEOH~1\AppData\Local\Temp\cctgMwCI.s 			page 6


 200 00e0 0E01     		.2byte	0x10e
 201 00e2 77000000 		.4byte	0x77
 202 00e6 0C       		.byte	0xc
 203 00e7 00       		.byte	0
 204 00e8 04       		.uleb128 0x4
 205 00e9 66010000 		.4byte	.LASF20
 206 00ed 03       		.byte	0x3
 207 00ee 0F01     		.2byte	0x10f
 208 00f0 9F000000 		.4byte	0x9f
 209 00f4 08       		.uleb128 0x8
 210 00f5 1C       		.byte	0x1c
 211 00f6 03       		.byte	0x3
 212 00f7 1601     		.2byte	0x116
 213 00f9 66010000 		.4byte	0x166
 214 00fd 07       		.uleb128 0x7
 215 00fe D6020000 		.4byte	.LASF21
 216 0102 03       		.byte	0x3
 217 0103 1B01     		.2byte	0x11b
 218 0105 77000000 		.4byte	0x77
 219 0109 00       		.byte	0
 220 010a 07       		.uleb128 0x7
 221 010b 13000000 		.4byte	.LASF22
 222 010f 03       		.byte	0x3
 223 0110 2001     		.2byte	0x120
 224 0112 77000000 		.4byte	0x77
 225 0116 04       		.byte	0x4
 226 0117 07       		.uleb128 0x7
 227 0118 E9020000 		.4byte	.LASF23
 228 011c 03       		.byte	0x3
 229 011d 2301     		.2byte	0x123
 230 011f 77000000 		.4byte	0x77
 231 0123 08       		.byte	0x8
 232 0124 07       		.uleb128 0x7
 233 0125 17010000 		.4byte	.LASF15
 234 0129 03       		.byte	0x3
 235 012a 2601     		.2byte	0x126
 236 012c 77000000 		.4byte	0x77
 237 0130 0C       		.byte	0xc
 238 0131 07       		.uleb128 0x7
 239 0132 04010000 		.4byte	.LASF16
 240 0136 03       		.byte	0x3
 241 0137 2B01     		.2byte	0x12b
 242 0139 77000000 		.4byte	0x77
 243 013d 10       		.byte	0x10
 244 013e 07       		.uleb128 0x7
 245 013f 2A020000 		.4byte	.LASF17
 246 0143 03       		.byte	0x3
 247 0144 2E01     		.2byte	0x12e
 248 0146 6B000000 		.4byte	0x6b
 249 014a 14       		.byte	0x14
 250 014b 07       		.uleb128 0x7
 251 014c 15020000 		.4byte	.LASF18
 252 0150 03       		.byte	0x3
 253 0151 3301     		.2byte	0x133
 254 0153 6B000000 		.4byte	0x6b
 255 0157 15       		.byte	0x15
 256 0158 07       		.uleb128 0x7
ARM GAS  C:\Users\VIDEOH~1\AppData\Local\Temp\cctgMwCI.s 			page 7


 257 0159 00000000 		.4byte	.LASF19
 258 015d 03       		.byte	0x3
 259 015e 3601     		.2byte	0x136
 260 0160 77000000 		.4byte	0x77
 261 0164 18       		.byte	0x18
 262 0165 00       		.byte	0
 263 0166 04       		.uleb128 0x4
 264 0167 EC000000 		.4byte	.LASF24
 265 016b 03       		.byte	0x3
 266 016c 3701     		.2byte	0x137
 267 016e F4000000 		.4byte	0xf4
 268 0172 09       		.uleb128 0x9
 269 0173 01       		.byte	0x1
 270 0174 2C000000 		.4byte	0x2c
 271 0178 03       		.byte	0x3
 272 0179 5401     		.2byte	0x154
 273 017b 9E010000 		.4byte	0x19e
 274 017f 0A       		.uleb128 0xa
 275 0180 00020000 		.4byte	.LASF25
 276 0184 00       		.byte	0
 277 0185 0A       		.uleb128 0xa
 278 0186 9C020000 		.4byte	.LASF26
 279 018a 01       		.byte	0x1
 280 018b 0A       		.uleb128 0xa
 281 018c 03030000 		.4byte	.LASF27
 282 0190 02       		.byte	0x2
 283 0191 0A       		.uleb128 0xa
 284 0192 C5010000 		.4byte	.LASF28
 285 0196 03       		.byte	0x3
 286 0197 0A       		.uleb128 0xa
 287 0198 36010000 		.4byte	.LASF29
 288 019c 04       		.byte	0x4
 289 019d 00       		.byte	0
 290 019e 04       		.uleb128 0x4
 291 019f B3020000 		.4byte	.LASF30
 292 01a3 03       		.byte	0x3
 293 01a4 5A01     		.2byte	0x15a
 294 01a6 72010000 		.4byte	0x172
 295 01aa 0B       		.uleb128 0xb
 296 01ab 7D010000 		.4byte	.LASF37
 297 01af 01       		.byte	0x1
 298 01b0 40       		.byte	0x40
 299 01b1 9E010000 		.4byte	0x19e
 300 01b5 00000000 		.4byte	.LFB0
 301 01b9 2C000000 		.4byte	.LFE0-.LFB0
 302 01bd 01       		.uleb128 0x1
 303 01be 9C       		.byte	0x9c
 304 01bf 07020000 		.4byte	0x207
 305 01c3 0C       		.uleb128 0xc
 306 01c4 8A020000 		.4byte	.LASF38
 307 01c8 01       		.byte	0x1
 308 01c9 40       		.byte	0x40
 309 01ca 77000000 		.4byte	0x77
 310 01ce 00000000 		.4byte	.LLST0
 311 01d2 0D       		.uleb128 0xd
 312 01d3 72657400 		.ascii	"ret\000"
 313 01d7 01       		.byte	0x1
ARM GAS  C:\Users\VIDEOH~1\AppData\Local\Temp\cctgMwCI.s 			page 8


 314 01d8 42       		.byte	0x42
 315 01d9 9E010000 		.4byte	0x19e
 316 01dd 01       		.uleb128 0x1
 317 01de 50       		.byte	0x50
 318 01df 0E       		.uleb128 0xe
 319 01e0 23020000 		.4byte	.LASF31
 320 01e4 01       		.byte	0x1
 321 01e5 43       		.byte	0x43
 322 01e6 E8000000 		.4byte	0xe8
 323 01ea 02       		.uleb128 0x2
 324 01eb 91       		.byte	0x91
 325 01ec 68       		.sleb128 -24
 326 01ed 0F       		.uleb128 0xf
 327 01ee 22000000 		.4byte	.LVL2
 328 01f2 2E020000 		.4byte	0x22e
 329 01f6 10       		.uleb128 0x10
 330 01f7 01       		.uleb128 0x1
 331 01f8 50       		.byte	0x50
 332 01f9 02       		.uleb128 0x2
 333 01fa 7D       		.byte	0x7d
 334 01fb 00       		.sleb128 0
 335 01fc 10       		.uleb128 0x10
 336 01fd 01       		.uleb128 0x1
 337 01fe 51       		.byte	0x51
 338 01ff 05       		.uleb128 0x5
 339 0200 03       		.byte	0x3
 340 0201 00000000 		.4byte	EEPROM_context
 341 0205 00       		.byte	0
 342 0206 00       		.byte	0
 343 0207 11       		.uleb128 0x11
 344 0208 F2010000 		.4byte	.LASF32
 345 020c 01       		.byte	0x1
 346 020d 15       		.byte	0x15
 347 020e 18020000 		.4byte	0x218
 348 0212 05       		.uleb128 0x5
 349 0213 03       		.byte	0x3
 350 0214 00000000 		.4byte	EEPROM_config
 351 0218 12       		.uleb128 0x12
 352 0219 E8000000 		.4byte	0xe8
 353 021d 11       		.uleb128 0x11
 354 021e A9010000 		.4byte	.LASF33
 355 0222 01       		.byte	0x1
 356 0223 22       		.byte	0x22
 357 0224 66010000 		.4byte	0x166
 358 0228 05       		.uleb128 0x5
 359 0229 03       		.byte	0x3
 360 022a 00000000 		.4byte	EEPROM_context
 361 022e 13       		.uleb128 0x13
 362 022f 89010000 		.4byte	.LASF39
 363 0233 89010000 		.4byte	.LASF39
 364 0237 03       		.byte	0x3
 365 0238 6701     		.2byte	0x167
 366 023a 00       		.byte	0
 367              		.section	.debug_abbrev,"",%progbits
 368              	.Ldebug_abbrev0:
 369 0000 01       		.uleb128 0x1
 370 0001 11       		.uleb128 0x11
ARM GAS  C:\Users\VIDEOH~1\AppData\Local\Temp\cctgMwCI.s 			page 9


 371 0002 01       		.byte	0x1
 372 0003 25       		.uleb128 0x25
 373 0004 0E       		.uleb128 0xe
 374 0005 13       		.uleb128 0x13
 375 0006 0B       		.uleb128 0xb
 376 0007 03       		.uleb128 0x3
 377 0008 0E       		.uleb128 0xe
 378 0009 1B       		.uleb128 0x1b
 379 000a 0E       		.uleb128 0xe
 380 000b 55       		.uleb128 0x55
 381 000c 17       		.uleb128 0x17
 382 000d 11       		.uleb128 0x11
 383 000e 01       		.uleb128 0x1
 384 000f 10       		.uleb128 0x10
 385 0010 17       		.uleb128 0x17
 386 0011 00       		.byte	0
 387 0012 00       		.byte	0
 388 0013 02       		.uleb128 0x2
 389 0014 24       		.uleb128 0x24
 390 0015 00       		.byte	0
 391 0016 0B       		.uleb128 0xb
 392 0017 0B       		.uleb128 0xb
 393 0018 3E       		.uleb128 0x3e
 394 0019 0B       		.uleb128 0xb
 395 001a 03       		.uleb128 0x3
 396 001b 0E       		.uleb128 0xe
 397 001c 00       		.byte	0
 398 001d 00       		.byte	0
 399 001e 03       		.uleb128 0x3
 400 001f 24       		.uleb128 0x24
 401 0020 00       		.byte	0
 402 0021 0B       		.uleb128 0xb
 403 0022 0B       		.uleb128 0xb
 404 0023 3E       		.uleb128 0x3e
 405 0024 0B       		.uleb128 0xb
 406 0025 03       		.uleb128 0x3
 407 0026 08       		.uleb128 0x8
 408 0027 00       		.byte	0
 409 0028 00       		.byte	0
 410 0029 04       		.uleb128 0x4
 411 002a 16       		.uleb128 0x16
 412 002b 00       		.byte	0
 413 002c 03       		.uleb128 0x3
 414 002d 0E       		.uleb128 0xe
 415 002e 3A       		.uleb128 0x3a
 416 002f 0B       		.uleb128 0xb
 417 0030 3B       		.uleb128 0x3b
 418 0031 05       		.uleb128 0x5
 419 0032 49       		.uleb128 0x49
 420 0033 13       		.uleb128 0x13
 421 0034 00       		.byte	0
 422 0035 00       		.byte	0
 423 0036 05       		.uleb128 0x5
 424 0037 13       		.uleb128 0x13
 425 0038 01       		.byte	0x1
 426 0039 0B       		.uleb128 0xb
 427 003a 0B       		.uleb128 0xb
ARM GAS  C:\Users\VIDEOH~1\AppData\Local\Temp\cctgMwCI.s 			page 10


 428 003b 3A       		.uleb128 0x3a
 429 003c 0B       		.uleb128 0xb
 430 003d 3B       		.uleb128 0x3b
 431 003e 0B       		.uleb128 0xb
 432 003f 01       		.uleb128 0x1
 433 0040 13       		.uleb128 0x13
 434 0041 00       		.byte	0
 435 0042 00       		.byte	0
 436 0043 06       		.uleb128 0x6
 437 0044 0D       		.uleb128 0xd
 438 0045 00       		.byte	0
 439 0046 03       		.uleb128 0x3
 440 0047 0E       		.uleb128 0xe
 441 0048 3A       		.uleb128 0x3a
 442 0049 0B       		.uleb128 0xb
 443 004a 3B       		.uleb128 0x3b
 444 004b 0B       		.uleb128 0xb
 445 004c 49       		.uleb128 0x49
 446 004d 13       		.uleb128 0x13
 447 004e 38       		.uleb128 0x38
 448 004f 0B       		.uleb128 0xb
 449 0050 00       		.byte	0
 450 0051 00       		.byte	0
 451 0052 07       		.uleb128 0x7
 452 0053 0D       		.uleb128 0xd
 453 0054 00       		.byte	0
 454 0055 03       		.uleb128 0x3
 455 0056 0E       		.uleb128 0xe
 456 0057 3A       		.uleb128 0x3a
 457 0058 0B       		.uleb128 0xb
 458 0059 3B       		.uleb128 0x3b
 459 005a 05       		.uleb128 0x5
 460 005b 49       		.uleb128 0x49
 461 005c 13       		.uleb128 0x13
 462 005d 38       		.uleb128 0x38
 463 005e 0B       		.uleb128 0xb
 464 005f 00       		.byte	0
 465 0060 00       		.byte	0
 466 0061 08       		.uleb128 0x8
 467 0062 13       		.uleb128 0x13
 468 0063 01       		.byte	0x1
 469 0064 0B       		.uleb128 0xb
 470 0065 0B       		.uleb128 0xb
 471 0066 3A       		.uleb128 0x3a
 472 0067 0B       		.uleb128 0xb
 473 0068 3B       		.uleb128 0x3b
 474 0069 05       		.uleb128 0x5
 475 006a 01       		.uleb128 0x1
 476 006b 13       		.uleb128 0x13
 477 006c 00       		.byte	0
 478 006d 00       		.byte	0
 479 006e 09       		.uleb128 0x9
 480 006f 04       		.uleb128 0x4
 481 0070 01       		.byte	0x1
 482 0071 0B       		.uleb128 0xb
 483 0072 0B       		.uleb128 0xb
 484 0073 49       		.uleb128 0x49
ARM GAS  C:\Users\VIDEOH~1\AppData\Local\Temp\cctgMwCI.s 			page 11


 485 0074 13       		.uleb128 0x13
 486 0075 3A       		.uleb128 0x3a
 487 0076 0B       		.uleb128 0xb
 488 0077 3B       		.uleb128 0x3b
 489 0078 05       		.uleb128 0x5
 490 0079 01       		.uleb128 0x1
 491 007a 13       		.uleb128 0x13
 492 007b 00       		.byte	0
 493 007c 00       		.byte	0
 494 007d 0A       		.uleb128 0xa
 495 007e 28       		.uleb128 0x28
 496 007f 00       		.byte	0
 497 0080 03       		.uleb128 0x3
 498 0081 0E       		.uleb128 0xe
 499 0082 1C       		.uleb128 0x1c
 500 0083 0B       		.uleb128 0xb
 501 0084 00       		.byte	0
 502 0085 00       		.byte	0
 503 0086 0B       		.uleb128 0xb
 504 0087 2E       		.uleb128 0x2e
 505 0088 01       		.byte	0x1
 506 0089 3F       		.uleb128 0x3f
 507 008a 19       		.uleb128 0x19
 508 008b 03       		.uleb128 0x3
 509 008c 0E       		.uleb128 0xe
 510 008d 3A       		.uleb128 0x3a
 511 008e 0B       		.uleb128 0xb
 512 008f 3B       		.uleb128 0x3b
 513 0090 0B       		.uleb128 0xb
 514 0091 27       		.uleb128 0x27
 515 0092 19       		.uleb128 0x19
 516 0093 49       		.uleb128 0x49
 517 0094 13       		.uleb128 0x13
 518 0095 11       		.uleb128 0x11
 519 0096 01       		.uleb128 0x1
 520 0097 12       		.uleb128 0x12
 521 0098 06       		.uleb128 0x6
 522 0099 40       		.uleb128 0x40
 523 009a 18       		.uleb128 0x18
 524 009b 9742     		.uleb128 0x2117
 525 009d 19       		.uleb128 0x19
 526 009e 01       		.uleb128 0x1
 527 009f 13       		.uleb128 0x13
 528 00a0 00       		.byte	0
 529 00a1 00       		.byte	0
 530 00a2 0C       		.uleb128 0xc
 531 00a3 05       		.uleb128 0x5
 532 00a4 00       		.byte	0
 533 00a5 03       		.uleb128 0x3
 534 00a6 0E       		.uleb128 0xe
 535 00a7 3A       		.uleb128 0x3a
 536 00a8 0B       		.uleb128 0xb
 537 00a9 3B       		.uleb128 0x3b
 538 00aa 0B       		.uleb128 0xb
 539 00ab 49       		.uleb128 0x49
 540 00ac 13       		.uleb128 0x13
 541 00ad 02       		.uleb128 0x2
ARM GAS  C:\Users\VIDEOH~1\AppData\Local\Temp\cctgMwCI.s 			page 12


 542 00ae 17       		.uleb128 0x17
 543 00af 00       		.byte	0
 544 00b0 00       		.byte	0
 545 00b1 0D       		.uleb128 0xd
 546 00b2 34       		.uleb128 0x34
 547 00b3 00       		.byte	0
 548 00b4 03       		.uleb128 0x3
 549 00b5 08       		.uleb128 0x8
 550 00b6 3A       		.uleb128 0x3a
 551 00b7 0B       		.uleb128 0xb
 552 00b8 3B       		.uleb128 0x3b
 553 00b9 0B       		.uleb128 0xb
 554 00ba 49       		.uleb128 0x49
 555 00bb 13       		.uleb128 0x13
 556 00bc 02       		.uleb128 0x2
 557 00bd 18       		.uleb128 0x18
 558 00be 00       		.byte	0
 559 00bf 00       		.byte	0
 560 00c0 0E       		.uleb128 0xe
 561 00c1 34       		.uleb128 0x34
 562 00c2 00       		.byte	0
 563 00c3 03       		.uleb128 0x3
 564 00c4 0E       		.uleb128 0xe
 565 00c5 3A       		.uleb128 0x3a
 566 00c6 0B       		.uleb128 0xb
 567 00c7 3B       		.uleb128 0x3b
 568 00c8 0B       		.uleb128 0xb
 569 00c9 49       		.uleb128 0x49
 570 00ca 13       		.uleb128 0x13
 571 00cb 02       		.uleb128 0x2
 572 00cc 18       		.uleb128 0x18
 573 00cd 00       		.byte	0
 574 00ce 00       		.byte	0
 575 00cf 0F       		.uleb128 0xf
 576 00d0 898201   		.uleb128 0x4109
 577 00d3 01       		.byte	0x1
 578 00d4 11       		.uleb128 0x11
 579 00d5 01       		.uleb128 0x1
 580 00d6 31       		.uleb128 0x31
 581 00d7 13       		.uleb128 0x13
 582 00d8 00       		.byte	0
 583 00d9 00       		.byte	0
 584 00da 10       		.uleb128 0x10
 585 00db 8A8201   		.uleb128 0x410a
 586 00de 00       		.byte	0
 587 00df 02       		.uleb128 0x2
 588 00e0 18       		.uleb128 0x18
 589 00e1 9142     		.uleb128 0x2111
 590 00e3 18       		.uleb128 0x18
 591 00e4 00       		.byte	0
 592 00e5 00       		.byte	0
 593 00e6 11       		.uleb128 0x11
 594 00e7 34       		.uleb128 0x34
 595 00e8 00       		.byte	0
 596 00e9 03       		.uleb128 0x3
 597 00ea 0E       		.uleb128 0xe
 598 00eb 3A       		.uleb128 0x3a
ARM GAS  C:\Users\VIDEOH~1\AppData\Local\Temp\cctgMwCI.s 			page 13


 599 00ec 0B       		.uleb128 0xb
 600 00ed 3B       		.uleb128 0x3b
 601 00ee 0B       		.uleb128 0xb
 602 00ef 49       		.uleb128 0x49
 603 00f0 13       		.uleb128 0x13
 604 00f1 3F       		.uleb128 0x3f
 605 00f2 19       		.uleb128 0x19
 606 00f3 02       		.uleb128 0x2
 607 00f4 18       		.uleb128 0x18
 608 00f5 00       		.byte	0
 609 00f6 00       		.byte	0
 610 00f7 12       		.uleb128 0x12
 611 00f8 26       		.uleb128 0x26
 612 00f9 00       		.byte	0
 613 00fa 49       		.uleb128 0x49
 614 00fb 13       		.uleb128 0x13
 615 00fc 00       		.byte	0
 616 00fd 00       		.byte	0
 617 00fe 13       		.uleb128 0x13
 618 00ff 2E       		.uleb128 0x2e
 619 0100 00       		.byte	0
 620 0101 3F       		.uleb128 0x3f
 621 0102 19       		.uleb128 0x19
 622 0103 3C       		.uleb128 0x3c
 623 0104 19       		.uleb128 0x19
 624 0105 6E       		.uleb128 0x6e
 625 0106 0E       		.uleb128 0xe
 626 0107 03       		.uleb128 0x3
 627 0108 0E       		.uleb128 0xe
 628 0109 3A       		.uleb128 0x3a
 629 010a 0B       		.uleb128 0xb
 630 010b 3B       		.uleb128 0x3b
 631 010c 05       		.uleb128 0x5
 632 010d 00       		.byte	0
 633 010e 00       		.byte	0
 634 010f 00       		.byte	0
 635              		.section	.debug_loc,"",%progbits
 636              	.Ldebug_loc0:
 637              	.LLST0:
 638 0000 00000000 		.4byte	.LVL0
 639 0004 1E000000 		.4byte	.LVL1
 640 0008 0100     		.2byte	0x1
 641 000a 50       		.byte	0x50
 642 000b 1E000000 		.4byte	.LVL1
 643 000f 21000000 		.4byte	.LVL2-1
 644 0013 0200     		.2byte	0x2
 645 0015 91       		.byte	0x91
 646 0016 74       		.sleb128 -12
 647 0017 21000000 		.4byte	.LVL2-1
 648 001b 2C000000 		.4byte	.LFE0
 649 001f 0400     		.2byte	0x4
 650 0021 F3       		.byte	0xf3
 651 0022 01       		.uleb128 0x1
 652 0023 50       		.byte	0x50
 653 0024 9F       		.byte	0x9f
 654 0025 00000000 		.4byte	0
 655 0029 00000000 		.4byte	0
ARM GAS  C:\Users\VIDEOH~1\AppData\Local\Temp\cctgMwCI.s 			page 14


 656              		.section	.debug_aranges,"",%progbits
 657 0000 1C000000 		.4byte	0x1c
 658 0004 0200     		.2byte	0x2
 659 0006 00000000 		.4byte	.Ldebug_info0
 660 000a 04       		.byte	0x4
 661 000b 00       		.byte	0
 662 000c 0000     		.2byte	0
 663 000e 0000     		.2byte	0
 664 0010 00000000 		.4byte	.LFB0
 665 0014 2C000000 		.4byte	.LFE0-.LFB0
 666 0018 00000000 		.4byte	0
 667 001c 00000000 		.4byte	0
 668              		.section	.debug_ranges,"",%progbits
 669              	.Ldebug_ranges0:
 670 0000 00000000 		.4byte	.LFB0
 671 0004 2C000000 		.4byte	.LFE0
 672 0008 00000000 		.4byte	0
 673 000c 00000000 		.4byte	0
 674              		.section	.debug_line,"",%progbits
 675              	.Ldebug_line0:
 676 0000 72000000 		.section	.debug_str,"MS",%progbits,1
 676      02005500 
 676      00000201 
 676      FB0E0D00 
 676      01010101 
 677              	.LASF19:
 678 0000 75736572 		.ascii	"userFlashStartAddr\000"
 678      466C6173 
 678      68537461 
 678      72744164 
 678      647200
 679              	.LASF22:
 680 0013 6E756D62 		.ascii	"numberOfRows\000"
 680      65724F66 
 680      526F7773 
 680      00
 681              	.LASF3:
 682 0020 73686F72 		.ascii	"short unsigned int\000"
 682      7420756E 
 682      7369676E 
 682      65642069 
 682      6E7400
 683              	.LASF34:
 684 0033 474E5520 		.ascii	"GNU C99 5.4.1 20160609 (release) [ARM/embedded-5-br"
 684      43393920 
 684      352E342E 
 684      31203230 
 684      31363036 
 685 0066 616E6368 		.ascii	"anch revision 237715] -mcpu=cortex-m0 -mthumb -g -O"
 685      20726576 
 685      6973696F 
 685      6E203233 
 685      37373135 
 686 0099 67202D73 		.ascii	"g -std=gnu99 -ffunction-sections -ffat-lto-objects\000"
 686      74643D67 
 686      6E753939 
 686      202D6666 
ARM GAS  C:\Users\VIDEOH~1\AppData\Local\Temp\cctgMwCI.s 			page 15


 686      756E6374 
 687              	.LASF35:
 688 00cc 47656E65 		.ascii	"Generated_Source\\PSoC4\\EEPROM.c\000"
 688      72617465 
 688      645F536F 
 688      75726365 
 688      5C50536F 
 689              	.LASF24:
 690 00ec 63795F73 		.ascii	"cy_stc_eeprom_context_t\000"
 690      74635F65 
 690      6570726F 
 690      6D5F636F 
 690      6E746578 
 691              	.LASF16:
 692 0104 77656172 		.ascii	"wearLevelingFactor\000"
 692      4C657665 
 692      6C696E67 
 692      46616374 
 692      6F7200
 693              	.LASF15:
 694 0117 65657072 		.ascii	"eepromSize\000"
 694      6F6D5369 
 694      7A6500
 695              	.LASF11:
 696 0122 666C6F61 		.ascii	"float\000"
 696      7400
 697              	.LASF1:
 698 0128 756E7369 		.ascii	"unsigned char\000"
 698      676E6564 
 698      20636861 
 698      7200
 699              	.LASF29:
 700 0136 43595F45 		.ascii	"CY_EM_EEPROM_WRITE_FAIL\000"
 700      4D5F4545 
 700      50524F4D 
 700      5F575249 
 700      54455F46 
 701              	.LASF5:
 702 014e 6C6F6E67 		.ascii	"long unsigned int\000"
 702      20756E73 
 702      69676E65 
 702      6420696E 
 702      7400
 703              	.LASF9:
 704 0160 75696E74 		.ascii	"uint8\000"
 704      3800
 705              	.LASF20:
 706 0166 63795F73 		.ascii	"cy_stc_eeprom_config_t\000"
 706      74635F65 
 706      6570726F 
 706      6D5F636F 
 706      6E666967 
 707              	.LASF37:
 708 017d 45455052 		.ascii	"EEPROM_Init\000"
 708      4F4D5F49 
 708      6E697400 
 709              	.LASF39:
ARM GAS  C:\Users\VIDEOH~1\AppData\Local\Temp\cctgMwCI.s 			page 16


 710 0189 43795F45 		.ascii	"Cy_Em_EEPROM_Init\000"
 710      6D5F4545 
 710      50524F4D 
 710      5F496E69 
 710      7400
 711              	.LASF12:
 712 019b 646F7562 		.ascii	"double\000"
 712      6C6500
 713              	.LASF10:
 714 01a2 75696E74 		.ascii	"uint32\000"
 714      333200
 715              	.LASF33:
 716 01a9 45455052 		.ascii	"EEPROM_context\000"
 716      4F4D5F63 
 716      6F6E7465 
 716      787400
 717              	.LASF8:
 718 01b8 756E7369 		.ascii	"unsigned int\000"
 718      676E6564 
 718      20696E74 
 718      00
 719              	.LASF28:
 720 01c5 43595F45 		.ascii	"CY_EM_EEPROM_BAD_DATA\000"
 720      4D5F4545 
 720      50524F4D 
 720      5F424144 
 720      5F444154 
 721              	.LASF7:
 722 01db 6C6F6E67 		.ascii	"long long unsigned int\000"
 722      206C6F6E 
 722      6720756E 
 722      7369676E 
 722      65642069 
 723              	.LASF32:
 724 01f2 45455052 		.ascii	"EEPROM_config\000"
 724      4F4D5F63 
 724      6F6E6669 
 724      6700
 725              	.LASF25:
 726 0200 43595F45 		.ascii	"CY_EM_EEPROM_SUCCESS\000"
 726      4D5F4545 
 726      50524F4D 
 726      5F535543 
 726      43455353 
 727              	.LASF18:
 728 0215 626C6F63 		.ascii	"blockingWrite\000"
 728      6B696E67 
 728      57726974 
 728      6500
 729              	.LASF31:
 730 0223 636F6E66 		.ascii	"config\000"
 730      696700
 731              	.LASF17:
 732 022a 72656475 		.ascii	"redundantCopy\000"
 732      6E64616E 
 732      74436F70 
 732      7900
ARM GAS  C:\Users\VIDEOH~1\AppData\Local\Temp\cctgMwCI.s 			page 17


 733              	.LASF36:
 734 0238 443A5C31 		.ascii	"D:\\1_work\\my_project\\ReloadPro\\psoc42boot\\Relo"
 734      5F776F72 
 734      6B5C6D79 
 734      5F70726F 
 734      6A656374 
 735 0266 61642050 		.ascii	"ad Pro.cydsn\000"
 735      726F2E63 
 735      7964736E 
 735      00
 736              	.LASF14:
 737 0273 73697A65 		.ascii	"sizetype\000"
 737      74797065 
 737      00
 738              	.LASF6:
 739 027c 6C6F6E67 		.ascii	"long long int\000"
 739      206C6F6E 
 739      6720696E 
 739      7400
 740              	.LASF38:
 741 028a 73746172 		.ascii	"startAddress\000"
 741      74416464 
 741      72657373 
 741      00
 742              	.LASF13:
 743 0297 63686172 		.ascii	"char\000"
 743      00
 744              	.LASF26:
 745 029c 43595F45 		.ascii	"CY_EM_EEPROM_BAD_PARAM\000"
 745      4D5F4545 
 745      50524F4D 
 745      5F424144 
 745      5F504152 
 746              	.LASF30:
 747 02b3 63795F65 		.ascii	"cy_en_em_eeprom_status_t\000"
 747      6E5F656D 
 747      5F656570 
 747      726F6D5F 
 747      73746174 
 748              	.LASF2:
 749 02cc 73686F72 		.ascii	"short int\000"
 749      7420696E 
 749      7400
 750              	.LASF21:
 751 02d6 776C456E 		.ascii	"wlEndAddr\000"
 751      64416464 
 751      7200
 752              	.LASF4:
 753 02e0 6C6F6E67 		.ascii	"long int\000"
 753      20696E74 
 753      00
 754              	.LASF23:
 755 02e9 6C617374 		.ascii	"lastWrRowAddr\000"
 755      5772526F 
 755      77416464 
 755      7200
 756              	.LASF0:
ARM GAS  C:\Users\VIDEOH~1\AppData\Local\Temp\cctgMwCI.s 			page 18


 757 02f7 7369676E 		.ascii	"signed char\000"
 757      65642063 
 757      68617200 
 758              	.LASF27:
 759 0303 43595F45 		.ascii	"CY_EM_EEPROM_BAD_CHECKSUM\000"
 759      4D5F4545 
 759      50524F4D 
 759      5F424144 
 759      5F434845 
 760              		.ident	"GCC: (GNU Tools for ARM Embedded Processors) 5.4.1 20160609 (release) [ARM/embedded-5-bran
