ARM GAS  C:\Users\VIDEOH~1\AppData\Local\Temp\ccFsDfsx.s 			page 1


   1              		.syntax unified
   2              		.cpu cortex-m0
   3              		.fpu softvfp
   4              		.eabi_attribute 20, 1
   5              		.eabi_attribute 21, 1
   6              		.eabi_attribute 23, 3
   7              		.eabi_attribute 24, 1
   8              		.eabi_attribute 25, 1
   9              		.eabi_attribute 26, 1
  10              		.eabi_attribute 30, 1
  11              		.eabi_attribute 34, 0
  12              		.eabi_attribute 18, 4
  13              		.thumb
  14              		.syntax unified
  15              		.file	"IDAC_High_PM.c"
  16              		.text
  17              	.Ltext0:
  18              		.cfi_sections	.debug_frame
  19              		.section	.text.IDAC_High_SaveConfig,"ax",%progbits
  20              		.align	2
  21              		.global	IDAC_High_SaveConfig
  22              		.code	16
  23              		.thumb_func
  24              		.type	IDAC_High_SaveConfig, %function
  25              	IDAC_High_SaveConfig:
  26              	.LFB0:
  27              		.file 1 "Generated_Source\\PSoC4\\IDAC_High_PM.c"
   1:Generated_Source\PSoC4/IDAC_High_PM.c **** /*******************************************************************************
   2:Generated_Source\PSoC4/IDAC_High_PM.c **** * File Name: IDAC_High_PM.c
   3:Generated_Source\PSoC4/IDAC_High_PM.c **** * Version 1.10
   4:Generated_Source\PSoC4/IDAC_High_PM.c **** *
   5:Generated_Source\PSoC4/IDAC_High_PM.c **** * Description:
   6:Generated_Source\PSoC4/IDAC_High_PM.c **** *  This file provides Low power mode APIs for IDAC_P4 component.
   7:Generated_Source\PSoC4/IDAC_High_PM.c **** *
   8:Generated_Source\PSoC4/IDAC_High_PM.c **** ********************************************************************************
   9:Generated_Source\PSoC4/IDAC_High_PM.c **** * Copyright 2013-2015, Cypress Semiconductor Corporation.  All rights reserved.
  10:Generated_Source\PSoC4/IDAC_High_PM.c **** * You may use this file only in accordance with the license, terms, conditions,
  11:Generated_Source\PSoC4/IDAC_High_PM.c **** * disclaimers, and limitations in the end user license agreement accompanying
  12:Generated_Source\PSoC4/IDAC_High_PM.c **** * the software package with which this file was provided.
  13:Generated_Source\PSoC4/IDAC_High_PM.c **** *******************************************************************************/
  14:Generated_Source\PSoC4/IDAC_High_PM.c **** 
  15:Generated_Source\PSoC4/IDAC_High_PM.c **** #include "IDAC_High.h"
  16:Generated_Source\PSoC4/IDAC_High_PM.c **** 
  17:Generated_Source\PSoC4/IDAC_High_PM.c **** 
  18:Generated_Source\PSoC4/IDAC_High_PM.c **** static IDAC_High_BACKUP_STRUCT IDAC_High_backup;
  19:Generated_Source\PSoC4/IDAC_High_PM.c **** 
  20:Generated_Source\PSoC4/IDAC_High_PM.c **** 
  21:Generated_Source\PSoC4/IDAC_High_PM.c **** /*******************************************************************************
  22:Generated_Source\PSoC4/IDAC_High_PM.c **** * Function Name: IDAC_High_SaveConfig
  23:Generated_Source\PSoC4/IDAC_High_PM.c **** ********************************************************************************
  24:Generated_Source\PSoC4/IDAC_High_PM.c **** *
  25:Generated_Source\PSoC4/IDAC_High_PM.c **** * Summary:
  26:Generated_Source\PSoC4/IDAC_High_PM.c **** *  Saves component state before sleep
  27:Generated_Source\PSoC4/IDAC_High_PM.c **** * Parameters:
  28:Generated_Source\PSoC4/IDAC_High_PM.c **** *  None
  29:Generated_Source\PSoC4/IDAC_High_PM.c **** *
  30:Generated_Source\PSoC4/IDAC_High_PM.c **** * Return:
ARM GAS  C:\Users\VIDEOH~1\AppData\Local\Temp\ccFsDfsx.s 			page 2


  31:Generated_Source\PSoC4/IDAC_High_PM.c **** *  None
  32:Generated_Source\PSoC4/IDAC_High_PM.c **** *
  33:Generated_Source\PSoC4/IDAC_High_PM.c **** * Global Variables:
  34:Generated_Source\PSoC4/IDAC_High_PM.c **** *  None
  35:Generated_Source\PSoC4/IDAC_High_PM.c **** *
  36:Generated_Source\PSoC4/IDAC_High_PM.c **** *******************************************************************************/
  37:Generated_Source\PSoC4/IDAC_High_PM.c **** void IDAC_High_SaveConfig(void)
  38:Generated_Source\PSoC4/IDAC_High_PM.c **** {
  28              		.loc 1 38 0
  29              		.cfi_startproc
  30              		@ args = 0, pretend = 0, frame = 0
  31              		@ frame_needed = 0, uses_anonymous_args = 0
  32              		@ link register save eliminated.
  39:Generated_Source\PSoC4/IDAC_High_PM.c ****     /* All registers are retention - nothing to save */
  40:Generated_Source\PSoC4/IDAC_High_PM.c **** }
  33              		.loc 1 40 0
  34              		@ sp needed
  35 0000 7047     		bx	lr
  36              		.cfi_endproc
  37              	.LFE0:
  38              		.size	IDAC_High_SaveConfig, .-IDAC_High_SaveConfig
  39 0002 C046     		.section	.text.IDAC_High_Sleep,"ax",%progbits
  40              		.align	2
  41              		.global	IDAC_High_Sleep
  42              		.code	16
  43              		.thumb_func
  44              		.type	IDAC_High_Sleep, %function
  45              	IDAC_High_Sleep:
  46              	.LFB1:
  41:Generated_Source\PSoC4/IDAC_High_PM.c **** 
  42:Generated_Source\PSoC4/IDAC_High_PM.c **** 
  43:Generated_Source\PSoC4/IDAC_High_PM.c **** /*******************************************************************************
  44:Generated_Source\PSoC4/IDAC_High_PM.c **** * Function Name: IDAC_High_Sleep
  45:Generated_Source\PSoC4/IDAC_High_PM.c **** ********************************************************************************
  46:Generated_Source\PSoC4/IDAC_High_PM.c **** *
  47:Generated_Source\PSoC4/IDAC_High_PM.c **** * Summary:
  48:Generated_Source\PSoC4/IDAC_High_PM.c **** *  Calls _SaveConfig() function
  49:Generated_Source\PSoC4/IDAC_High_PM.c **** * Parameters:
  50:Generated_Source\PSoC4/IDAC_High_PM.c **** *  None
  51:Generated_Source\PSoC4/IDAC_High_PM.c **** *
  52:Generated_Source\PSoC4/IDAC_High_PM.c **** * Return:
  53:Generated_Source\PSoC4/IDAC_High_PM.c **** *  None
  54:Generated_Source\PSoC4/IDAC_High_PM.c **** *
  55:Generated_Source\PSoC4/IDAC_High_PM.c **** *******************************************************************************/
  56:Generated_Source\PSoC4/IDAC_High_PM.c **** void IDAC_High_Sleep(void)
  57:Generated_Source\PSoC4/IDAC_High_PM.c **** {
  47              		.loc 1 57 0
  48              		.cfi_startproc
  49              		@ args = 0, pretend = 0, frame = 0
  50              		@ frame_needed = 0, uses_anonymous_args = 0
  51 0000 10B5     		push	{r4, lr}
  52              		.cfi_def_cfa_offset 8
  53              		.cfi_offset 4, -8
  54              		.cfi_offset 14, -4
  58:Generated_Source\PSoC4/IDAC_High_PM.c ****         if(0u != (IDAC_High_IDAC_CONTROL_REG & ((uint32)IDAC_High_IDAC_MODE_MASK <<
  55              		.loc 1 58 0
  56 0002 084B     		ldr	r3, .L5
ARM GAS  C:\Users\VIDEOH~1\AppData\Local\Temp\ccFsDfsx.s 			page 3


  57 0004 1A68     		ldr	r2, [r3]
  58 0006 C023     		movs	r3, #192
  59 0008 9B00     		lsls	r3, r3, #2
  60 000a 1A42     		tst	r2, r3
  61 000c 03D0     		beq	.L3
  59:Generated_Source\PSoC4/IDAC_High_PM.c ****         IDAC_High_IDAC_MODE_POSITION)))
  60:Generated_Source\PSoC4/IDAC_High_PM.c ****         {
  61:Generated_Source\PSoC4/IDAC_High_PM.c ****             IDAC_High_backup.enableState = 1u;
  62              		.loc 1 61 0
  63 000e 0122     		movs	r2, #1
  64 0010 054B     		ldr	r3, .L5+4
  65 0012 1A70     		strb	r2, [r3]
  66 0014 02E0     		b	.L4
  67              	.L3:
  62:Generated_Source\PSoC4/IDAC_High_PM.c ****         }
  63:Generated_Source\PSoC4/IDAC_High_PM.c ****         else
  64:Generated_Source\PSoC4/IDAC_High_PM.c ****         {
  65:Generated_Source\PSoC4/IDAC_High_PM.c ****             IDAC_High_backup.enableState = 0u;
  68              		.loc 1 65 0
  69 0016 0022     		movs	r2, #0
  70 0018 034B     		ldr	r3, .L5+4
  71 001a 1A70     		strb	r2, [r3]
  72              	.L4:
  66:Generated_Source\PSoC4/IDAC_High_PM.c ****         }
  67:Generated_Source\PSoC4/IDAC_High_PM.c **** 
  68:Generated_Source\PSoC4/IDAC_High_PM.c ****     IDAC_High_Stop();
  73              		.loc 1 68 0
  74 001c FFF7FEFF 		bl	IDAC_High_Stop
  75              	.LVL0:
  69:Generated_Source\PSoC4/IDAC_High_PM.c ****     IDAC_High_SaveConfig();
  70:Generated_Source\PSoC4/IDAC_High_PM.c **** }
  76              		.loc 1 70 0
  77              		@ sp needed
  78 0020 10BD     		pop	{r4, pc}
  79              	.L6:
  80 0022 C046     		.align	2
  81              	.L5:
  82 0024 08000840 		.word	1074266120
  83 0028 00000000 		.word	.LANCHOR0
  84              		.cfi_endproc
  85              	.LFE1:
  86              		.size	IDAC_High_Sleep, .-IDAC_High_Sleep
  87              		.section	.text.IDAC_High_RestoreConfig,"ax",%progbits
  88              		.align	2
  89              		.global	IDAC_High_RestoreConfig
  90              		.code	16
  91              		.thumb_func
  92              		.type	IDAC_High_RestoreConfig, %function
  93              	IDAC_High_RestoreConfig:
  94              	.LFB2:
  71:Generated_Source\PSoC4/IDAC_High_PM.c **** 
  72:Generated_Source\PSoC4/IDAC_High_PM.c **** 
  73:Generated_Source\PSoC4/IDAC_High_PM.c **** /*******************************************************************************
  74:Generated_Source\PSoC4/IDAC_High_PM.c **** * Function Name: IDAC_High_RestoreConfig
  75:Generated_Source\PSoC4/IDAC_High_PM.c **** ********************************************************************************
  76:Generated_Source\PSoC4/IDAC_High_PM.c **** *
  77:Generated_Source\PSoC4/IDAC_High_PM.c **** * Summary:
ARM GAS  C:\Users\VIDEOH~1\AppData\Local\Temp\ccFsDfsx.s 			page 4


  78:Generated_Source\PSoC4/IDAC_High_PM.c **** *  Restores component state after wakeup
  79:Generated_Source\PSoC4/IDAC_High_PM.c **** * Parameters:
  80:Generated_Source\PSoC4/IDAC_High_PM.c **** *  None
  81:Generated_Source\PSoC4/IDAC_High_PM.c **** *
  82:Generated_Source\PSoC4/IDAC_High_PM.c **** * Return:
  83:Generated_Source\PSoC4/IDAC_High_PM.c **** *  None
  84:Generated_Source\PSoC4/IDAC_High_PM.c **** *
  85:Generated_Source\PSoC4/IDAC_High_PM.c **** * Global Variables:
  86:Generated_Source\PSoC4/IDAC_High_PM.c **** *  None
  87:Generated_Source\PSoC4/IDAC_High_PM.c **** *
  88:Generated_Source\PSoC4/IDAC_High_PM.c **** *******************************************************************************/
  89:Generated_Source\PSoC4/IDAC_High_PM.c **** void IDAC_High_RestoreConfig(void)
  90:Generated_Source\PSoC4/IDAC_High_PM.c **** {
  95              		.loc 1 90 0
  96              		.cfi_startproc
  97              		@ args = 0, pretend = 0, frame = 0
  98              		@ frame_needed = 0, uses_anonymous_args = 0
  99              		@ link register save eliminated.
  91:Generated_Source\PSoC4/IDAC_High_PM.c ****     /* All registers are retention - nothing to save */
  92:Generated_Source\PSoC4/IDAC_High_PM.c **** }
 100              		.loc 1 92 0
 101              		@ sp needed
 102 0000 7047     		bx	lr
 103              		.cfi_endproc
 104              	.LFE2:
 105              		.size	IDAC_High_RestoreConfig, .-IDAC_High_RestoreConfig
 106 0002 C046     		.section	.text.IDAC_High_Wakeup,"ax",%progbits
 107              		.align	2
 108              		.global	IDAC_High_Wakeup
 109              		.code	16
 110              		.thumb_func
 111              		.type	IDAC_High_Wakeup, %function
 112              	IDAC_High_Wakeup:
 113              	.LFB3:
  93:Generated_Source\PSoC4/IDAC_High_PM.c **** 
  94:Generated_Source\PSoC4/IDAC_High_PM.c **** 
  95:Generated_Source\PSoC4/IDAC_High_PM.c **** /*******************************************************************************
  96:Generated_Source\PSoC4/IDAC_High_PM.c **** * Function Name: IDAC_High_Wakeup
  97:Generated_Source\PSoC4/IDAC_High_PM.c **** ********************************************************************************
  98:Generated_Source\PSoC4/IDAC_High_PM.c **** *
  99:Generated_Source\PSoC4/IDAC_High_PM.c **** * Summary:
 100:Generated_Source\PSoC4/IDAC_High_PM.c **** *  Calls _RestoreConfig() function
 101:Generated_Source\PSoC4/IDAC_High_PM.c **** * Parameters:
 102:Generated_Source\PSoC4/IDAC_High_PM.c **** *  None
 103:Generated_Source\PSoC4/IDAC_High_PM.c **** *
 104:Generated_Source\PSoC4/IDAC_High_PM.c **** * Return:
 105:Generated_Source\PSoC4/IDAC_High_PM.c **** *  None
 106:Generated_Source\PSoC4/IDAC_High_PM.c **** *
 107:Generated_Source\PSoC4/IDAC_High_PM.c **** *******************************************************************************/
 108:Generated_Source\PSoC4/IDAC_High_PM.c **** void IDAC_High_Wakeup(void)
 109:Generated_Source\PSoC4/IDAC_High_PM.c **** {
 114              		.loc 1 109 0
 115              		.cfi_startproc
 116              		@ args = 0, pretend = 0, frame = 0
 117              		@ frame_needed = 0, uses_anonymous_args = 0
 118 0000 10B5     		push	{r4, lr}
 119              		.cfi_def_cfa_offset 8
ARM GAS  C:\Users\VIDEOH~1\AppData\Local\Temp\ccFsDfsx.s 			page 5


 120              		.cfi_offset 4, -8
 121              		.cfi_offset 14, -4
 110:Generated_Source\PSoC4/IDAC_High_PM.c ****     /* Restore IDAC register settings */
 111:Generated_Source\PSoC4/IDAC_High_PM.c ****     IDAC_High_RestoreConfig();
 112:Generated_Source\PSoC4/IDAC_High_PM.c ****     if(IDAC_High_backup.enableState == 1u)
 122              		.loc 1 112 0
 123 0002 034B     		ldr	r3, .L10
 124 0004 1B78     		ldrb	r3, [r3]
 125 0006 012B     		cmp	r3, #1
 126 0008 01D1     		bne	.L8
 113:Generated_Source\PSoC4/IDAC_High_PM.c ****     {
 114:Generated_Source\PSoC4/IDAC_High_PM.c ****         /* Enable operation */
 115:Generated_Source\PSoC4/IDAC_High_PM.c ****         IDAC_High_Enable();
 127              		.loc 1 115 0
 128 000a FFF7FEFF 		bl	IDAC_High_Enable
 129              	.LVL1:
 130              	.L8:
 116:Generated_Source\PSoC4/IDAC_High_PM.c ****     } /* Do nothing if the component was disabled before */
 117:Generated_Source\PSoC4/IDAC_High_PM.c **** 
 118:Generated_Source\PSoC4/IDAC_High_PM.c **** }
 131              		.loc 1 118 0
 132              		@ sp needed
 133 000e 10BD     		pop	{r4, pc}
 134              	.L11:
 135              		.align	2
 136              	.L10:
 137 0010 00000000 		.word	.LANCHOR0
 138              		.cfi_endproc
 139              	.LFE3:
 140              		.size	IDAC_High_Wakeup, .-IDAC_High_Wakeup
 141              		.bss
 142              		.align	2
 143              		.set	.LANCHOR0,. + 0
 144              		.type	IDAC_High_backup, %object
 145              		.size	IDAC_High_backup, 1
 146              	IDAC_High_backup:
 147 0000 00       		.space	1
 148              		.text
 149              	.Letext0:
 150              		.file 2 "Generated_Source\\PSoC4\\cytypes.h"
 151              		.file 3 "Generated_Source\\PSoC4\\IDAC_High.h"
 152              		.section	.debug_info,"",%progbits
 153              	.Ldebug_info0:
 154 0000 54010000 		.4byte	0x154
 155 0004 0400     		.2byte	0x4
 156 0006 00000000 		.4byte	.Ldebug_abbrev0
 157 000a 04       		.byte	0x4
 158 000b 01       		.uleb128 0x1
 159 000c A3010000 		.4byte	.LASF23
 160 0010 0C       		.byte	0xc
 161 0011 9A000000 		.4byte	.LASF24
 162 0015 5F000000 		.4byte	.LASF25
 163 0019 00000000 		.4byte	.Ldebug_ranges0+0
 164 001d 00000000 		.4byte	0
 165 0021 00000000 		.4byte	.Ldebug_line0
 166 0025 02       		.uleb128 0x2
 167 0026 01       		.byte	0x1
ARM GAS  C:\Users\VIDEOH~1\AppData\Local\Temp\ccFsDfsx.s 			page 6


 168 0027 06       		.byte	0x6
 169 0028 71010000 		.4byte	.LASF0
 170 002c 02       		.uleb128 0x2
 171 002d 01       		.byte	0x1
 172 002e 08       		.byte	0x8
 173 002f 1D010000 		.4byte	.LASF1
 174 0033 02       		.uleb128 0x2
 175 0034 02       		.byte	0x2
 176 0035 05       		.byte	0x5
 177 0036 3C020000 		.4byte	.LASF2
 178 003a 02       		.uleb128 0x2
 179 003b 02       		.byte	0x2
 180 003c 07       		.byte	0x7
 181 003d 5E010000 		.4byte	.LASF3
 182 0041 02       		.uleb128 0x2
 183 0042 04       		.byte	0x4
 184 0043 05       		.byte	0x5
 185 0044 48010000 		.4byte	.LASF4
 186 0048 02       		.uleb128 0x2
 187 0049 04       		.byte	0x4
 188 004a 07       		.byte	0x7
 189 004b D6000000 		.4byte	.LASF5
 190 004f 02       		.uleb128 0x2
 191 0050 08       		.byte	0x8
 192 0051 05       		.byte	0x5
 193 0052 00000000 		.4byte	.LASF6
 194 0056 02       		.uleb128 0x2
 195 0057 08       		.byte	0x8
 196 0058 07       		.byte	0x7
 197 0059 E8000000 		.4byte	.LASF7
 198 005d 03       		.uleb128 0x3
 199 005e 04       		.byte	0x4
 200 005f 05       		.byte	0x5
 201 0060 696E7400 		.ascii	"int\000"
 202 0064 02       		.uleb128 0x2
 203 0065 04       		.byte	0x4
 204 0066 07       		.byte	0x7
 205 0067 21000000 		.4byte	.LASF8
 206 006b 04       		.uleb128 0x4
 207 006c D0000000 		.4byte	.LASF9
 208 0070 02       		.byte	0x2
 209 0071 E401     		.2byte	0x1e4
 210 0073 2C000000 		.4byte	0x2c
 211 0077 04       		.uleb128 0x4
 212 0078 0E000000 		.4byte	.LASF10
 213 007c 02       		.byte	0x2
 214 007d E601     		.2byte	0x1e6
 215 007f 48000000 		.4byte	0x48
 216 0083 02       		.uleb128 0x2
 217 0084 04       		.byte	0x4
 218 0085 04       		.byte	0x4
 219 0086 FF000000 		.4byte	.LASF11
 220 008a 02       		.uleb128 0x2
 221 008b 08       		.byte	0x8
 222 008c 04       		.byte	0x4
 223 008d 51010000 		.4byte	.LASF12
 224 0091 02       		.uleb128 0x2
ARM GAS  C:\Users\VIDEOH~1\AppData\Local\Temp\ccFsDfsx.s 			page 7


 225 0092 01       		.byte	0x1
 226 0093 08       		.byte	0x8
 227 0094 2B010000 		.4byte	.LASF13
 228 0098 04       		.uleb128 0x4
 229 0099 58010000 		.4byte	.LASF14
 230 009d 02       		.byte	0x2
 231 009e 9002     		.2byte	0x290
 232 00a0 A4000000 		.4byte	0xa4
 233 00a4 05       		.uleb128 0x5
 234 00a5 77000000 		.4byte	0x77
 235 00a9 02       		.uleb128 0x2
 236 00aa 04       		.byte	0x4
 237 00ab 07       		.byte	0x7
 238 00ac 46020000 		.4byte	.LASF15
 239 00b0 06       		.uleb128 0x6
 240 00b1 01       		.byte	0x1
 241 00b2 03       		.byte	0x3
 242 00b3 1D       		.byte	0x1d
 243 00b4 C5000000 		.4byte	0xc5
 244 00b8 07       		.uleb128 0x7
 245 00b9 15000000 		.4byte	.LASF26
 246 00bd 03       		.byte	0x3
 247 00be 1F       		.byte	0x1f
 248 00bf 6B000000 		.4byte	0x6b
 249 00c3 00       		.byte	0
 250 00c4 00       		.byte	0
 251 00c5 08       		.uleb128 0x8
 252 00c6 30010000 		.4byte	.LASF16
 253 00ca 03       		.byte	0x3
 254 00cb 20       		.byte	0x20
 255 00cc B0000000 		.4byte	0xb0
 256 00d0 09       		.uleb128 0x9
 257 00d1 8E010000 		.4byte	.LASF17
 258 00d5 01       		.byte	0x1
 259 00d6 25       		.byte	0x25
 260 00d7 00000000 		.4byte	.LFB0
 261 00db 02000000 		.4byte	.LFE0-.LFB0
 262 00df 01       		.uleb128 0x1
 263 00e0 9C       		.byte	0x9c
 264 00e1 0A       		.uleb128 0xa
 265 00e2 C0000000 		.4byte	.LASF19
 266 00e6 01       		.byte	0x1
 267 00e7 38       		.byte	0x38
 268 00e8 00000000 		.4byte	.LFB1
 269 00ec 2C000000 		.4byte	.LFE1-.LFB1
 270 00f0 01       		.uleb128 0x1
 271 00f1 9C       		.byte	0x9c
 272 00f2 00010000 		.4byte	0x100
 273 00f6 0B       		.uleb128 0xb
 274 00f7 20000000 		.4byte	.LVL0
 275 00fb 41010000 		.4byte	0x141
 276 00ff 00       		.byte	0
 277 0100 09       		.uleb128 0x9
 278 0101 05010000 		.4byte	.LASF18
 279 0105 01       		.byte	0x1
 280 0106 59       		.byte	0x59
 281 0107 00000000 		.4byte	.LFB2
ARM GAS  C:\Users\VIDEOH~1\AppData\Local\Temp\ccFsDfsx.s 			page 8


 282 010b 02000000 		.4byte	.LFE2-.LFB2
 283 010f 01       		.uleb128 0x1
 284 0110 9C       		.byte	0x9c
 285 0111 0A       		.uleb128 0xa
 286 0112 4E000000 		.4byte	.LASF20
 287 0116 01       		.byte	0x1
 288 0117 6C       		.byte	0x6c
 289 0118 00000000 		.4byte	.LFB3
 290 011c 14000000 		.4byte	.LFE3-.LFB3
 291 0120 01       		.uleb128 0x1
 292 0121 9C       		.byte	0x9c
 293 0122 30010000 		.4byte	0x130
 294 0126 0B       		.uleb128 0xb
 295 0127 0E000000 		.4byte	.LVL1
 296 012b 4C010000 		.4byte	0x14c
 297 012f 00       		.byte	0
 298 0130 0C       		.uleb128 0xc
 299 0131 7D010000 		.4byte	.LASF27
 300 0135 01       		.byte	0x1
 301 0136 12       		.byte	0x12
 302 0137 C5000000 		.4byte	0xc5
 303 013b 05       		.uleb128 0x5
 304 013c 03       		.byte	0x3
 305 013d 00000000 		.4byte	IDAC_High_backup
 306 0141 0D       		.uleb128 0xd
 307 0142 2E000000 		.4byte	.LASF21
 308 0146 2E000000 		.4byte	.LASF21
 309 014a 03       		.byte	0x3
 310 014b 53       		.byte	0x53
 311 014c 0D       		.uleb128 0xd
 312 014d 3D000000 		.4byte	.LASF22
 313 0151 3D000000 		.4byte	.LASF22
 314 0155 03       		.byte	0x3
 315 0156 51       		.byte	0x51
 316 0157 00       		.byte	0
 317              		.section	.debug_abbrev,"",%progbits
 318              	.Ldebug_abbrev0:
 319 0000 01       		.uleb128 0x1
 320 0001 11       		.uleb128 0x11
 321 0002 01       		.byte	0x1
 322 0003 25       		.uleb128 0x25
 323 0004 0E       		.uleb128 0xe
 324 0005 13       		.uleb128 0x13
 325 0006 0B       		.uleb128 0xb
 326 0007 03       		.uleb128 0x3
 327 0008 0E       		.uleb128 0xe
 328 0009 1B       		.uleb128 0x1b
 329 000a 0E       		.uleb128 0xe
 330 000b 55       		.uleb128 0x55
 331 000c 17       		.uleb128 0x17
 332 000d 11       		.uleb128 0x11
 333 000e 01       		.uleb128 0x1
 334 000f 10       		.uleb128 0x10
 335 0010 17       		.uleb128 0x17
 336 0011 00       		.byte	0
 337 0012 00       		.byte	0
 338 0013 02       		.uleb128 0x2
ARM GAS  C:\Users\VIDEOH~1\AppData\Local\Temp\ccFsDfsx.s 			page 9


 339 0014 24       		.uleb128 0x24
 340 0015 00       		.byte	0
 341 0016 0B       		.uleb128 0xb
 342 0017 0B       		.uleb128 0xb
 343 0018 3E       		.uleb128 0x3e
 344 0019 0B       		.uleb128 0xb
 345 001a 03       		.uleb128 0x3
 346 001b 0E       		.uleb128 0xe
 347 001c 00       		.byte	0
 348 001d 00       		.byte	0
 349 001e 03       		.uleb128 0x3
 350 001f 24       		.uleb128 0x24
 351 0020 00       		.byte	0
 352 0021 0B       		.uleb128 0xb
 353 0022 0B       		.uleb128 0xb
 354 0023 3E       		.uleb128 0x3e
 355 0024 0B       		.uleb128 0xb
 356 0025 03       		.uleb128 0x3
 357 0026 08       		.uleb128 0x8
 358 0027 00       		.byte	0
 359 0028 00       		.byte	0
 360 0029 04       		.uleb128 0x4
 361 002a 16       		.uleb128 0x16
 362 002b 00       		.byte	0
 363 002c 03       		.uleb128 0x3
 364 002d 0E       		.uleb128 0xe
 365 002e 3A       		.uleb128 0x3a
 366 002f 0B       		.uleb128 0xb
 367 0030 3B       		.uleb128 0x3b
 368 0031 05       		.uleb128 0x5
 369 0032 49       		.uleb128 0x49
 370 0033 13       		.uleb128 0x13
 371 0034 00       		.byte	0
 372 0035 00       		.byte	0
 373 0036 05       		.uleb128 0x5
 374 0037 35       		.uleb128 0x35
 375 0038 00       		.byte	0
 376 0039 49       		.uleb128 0x49
 377 003a 13       		.uleb128 0x13
 378 003b 00       		.byte	0
 379 003c 00       		.byte	0
 380 003d 06       		.uleb128 0x6
 381 003e 13       		.uleb128 0x13
 382 003f 01       		.byte	0x1
 383 0040 0B       		.uleb128 0xb
 384 0041 0B       		.uleb128 0xb
 385 0042 3A       		.uleb128 0x3a
 386 0043 0B       		.uleb128 0xb
 387 0044 3B       		.uleb128 0x3b
 388 0045 0B       		.uleb128 0xb
 389 0046 01       		.uleb128 0x1
 390 0047 13       		.uleb128 0x13
 391 0048 00       		.byte	0
 392 0049 00       		.byte	0
 393 004a 07       		.uleb128 0x7
 394 004b 0D       		.uleb128 0xd
 395 004c 00       		.byte	0
ARM GAS  C:\Users\VIDEOH~1\AppData\Local\Temp\ccFsDfsx.s 			page 10


 396 004d 03       		.uleb128 0x3
 397 004e 0E       		.uleb128 0xe
 398 004f 3A       		.uleb128 0x3a
 399 0050 0B       		.uleb128 0xb
 400 0051 3B       		.uleb128 0x3b
 401 0052 0B       		.uleb128 0xb
 402 0053 49       		.uleb128 0x49
 403 0054 13       		.uleb128 0x13
 404 0055 38       		.uleb128 0x38
 405 0056 0B       		.uleb128 0xb
 406 0057 00       		.byte	0
 407 0058 00       		.byte	0
 408 0059 08       		.uleb128 0x8
 409 005a 16       		.uleb128 0x16
 410 005b 00       		.byte	0
 411 005c 03       		.uleb128 0x3
 412 005d 0E       		.uleb128 0xe
 413 005e 3A       		.uleb128 0x3a
 414 005f 0B       		.uleb128 0xb
 415 0060 3B       		.uleb128 0x3b
 416 0061 0B       		.uleb128 0xb
 417 0062 49       		.uleb128 0x49
 418 0063 13       		.uleb128 0x13
 419 0064 00       		.byte	0
 420 0065 00       		.byte	0
 421 0066 09       		.uleb128 0x9
 422 0067 2E       		.uleb128 0x2e
 423 0068 00       		.byte	0
 424 0069 3F       		.uleb128 0x3f
 425 006a 19       		.uleb128 0x19
 426 006b 03       		.uleb128 0x3
 427 006c 0E       		.uleb128 0xe
 428 006d 3A       		.uleb128 0x3a
 429 006e 0B       		.uleb128 0xb
 430 006f 3B       		.uleb128 0x3b
 431 0070 0B       		.uleb128 0xb
 432 0071 27       		.uleb128 0x27
 433 0072 19       		.uleb128 0x19
 434 0073 11       		.uleb128 0x11
 435 0074 01       		.uleb128 0x1
 436 0075 12       		.uleb128 0x12
 437 0076 06       		.uleb128 0x6
 438 0077 40       		.uleb128 0x40
 439 0078 18       		.uleb128 0x18
 440 0079 9742     		.uleb128 0x2117
 441 007b 19       		.uleb128 0x19
 442 007c 00       		.byte	0
 443 007d 00       		.byte	0
 444 007e 0A       		.uleb128 0xa
 445 007f 2E       		.uleb128 0x2e
 446 0080 01       		.byte	0x1
 447 0081 3F       		.uleb128 0x3f
 448 0082 19       		.uleb128 0x19
 449 0083 03       		.uleb128 0x3
 450 0084 0E       		.uleb128 0xe
 451 0085 3A       		.uleb128 0x3a
 452 0086 0B       		.uleb128 0xb
ARM GAS  C:\Users\VIDEOH~1\AppData\Local\Temp\ccFsDfsx.s 			page 11


 453 0087 3B       		.uleb128 0x3b
 454 0088 0B       		.uleb128 0xb
 455 0089 27       		.uleb128 0x27
 456 008a 19       		.uleb128 0x19
 457 008b 11       		.uleb128 0x11
 458 008c 01       		.uleb128 0x1
 459 008d 12       		.uleb128 0x12
 460 008e 06       		.uleb128 0x6
 461 008f 40       		.uleb128 0x40
 462 0090 18       		.uleb128 0x18
 463 0091 9742     		.uleb128 0x2117
 464 0093 19       		.uleb128 0x19
 465 0094 01       		.uleb128 0x1
 466 0095 13       		.uleb128 0x13
 467 0096 00       		.byte	0
 468 0097 00       		.byte	0
 469 0098 0B       		.uleb128 0xb
 470 0099 898201   		.uleb128 0x4109
 471 009c 00       		.byte	0
 472 009d 11       		.uleb128 0x11
 473 009e 01       		.uleb128 0x1
 474 009f 31       		.uleb128 0x31
 475 00a0 13       		.uleb128 0x13
 476 00a1 00       		.byte	0
 477 00a2 00       		.byte	0
 478 00a3 0C       		.uleb128 0xc
 479 00a4 34       		.uleb128 0x34
 480 00a5 00       		.byte	0
 481 00a6 03       		.uleb128 0x3
 482 00a7 0E       		.uleb128 0xe
 483 00a8 3A       		.uleb128 0x3a
 484 00a9 0B       		.uleb128 0xb
 485 00aa 3B       		.uleb128 0x3b
 486 00ab 0B       		.uleb128 0xb
 487 00ac 49       		.uleb128 0x49
 488 00ad 13       		.uleb128 0x13
 489 00ae 02       		.uleb128 0x2
 490 00af 18       		.uleb128 0x18
 491 00b0 00       		.byte	0
 492 00b1 00       		.byte	0
 493 00b2 0D       		.uleb128 0xd
 494 00b3 2E       		.uleb128 0x2e
 495 00b4 00       		.byte	0
 496 00b5 3F       		.uleb128 0x3f
 497 00b6 19       		.uleb128 0x19
 498 00b7 3C       		.uleb128 0x3c
 499 00b8 19       		.uleb128 0x19
 500 00b9 6E       		.uleb128 0x6e
 501 00ba 0E       		.uleb128 0xe
 502 00bb 03       		.uleb128 0x3
 503 00bc 0E       		.uleb128 0xe
 504 00bd 3A       		.uleb128 0x3a
 505 00be 0B       		.uleb128 0xb
 506 00bf 3B       		.uleb128 0x3b
 507 00c0 0B       		.uleb128 0xb
 508 00c1 00       		.byte	0
 509 00c2 00       		.byte	0
ARM GAS  C:\Users\VIDEOH~1\AppData\Local\Temp\ccFsDfsx.s 			page 12


 510 00c3 00       		.byte	0
 511              		.section	.debug_aranges,"",%progbits
 512 0000 34000000 		.4byte	0x34
 513 0004 0200     		.2byte	0x2
 514 0006 00000000 		.4byte	.Ldebug_info0
 515 000a 04       		.byte	0x4
 516 000b 00       		.byte	0
 517 000c 0000     		.2byte	0
 518 000e 0000     		.2byte	0
 519 0010 00000000 		.4byte	.LFB0
 520 0014 02000000 		.4byte	.LFE0-.LFB0
 521 0018 00000000 		.4byte	.LFB1
 522 001c 2C000000 		.4byte	.LFE1-.LFB1
 523 0020 00000000 		.4byte	.LFB2
 524 0024 02000000 		.4byte	.LFE2-.LFB2
 525 0028 00000000 		.4byte	.LFB3
 526 002c 14000000 		.4byte	.LFE3-.LFB3
 527 0030 00000000 		.4byte	0
 528 0034 00000000 		.4byte	0
 529              		.section	.debug_ranges,"",%progbits
 530              	.Ldebug_ranges0:
 531 0000 00000000 		.4byte	.LFB0
 532 0004 02000000 		.4byte	.LFE0
 533 0008 00000000 		.4byte	.LFB1
 534 000c 2C000000 		.4byte	.LFE1
 535 0010 00000000 		.4byte	.LFB2
 536 0014 02000000 		.4byte	.LFE2
 537 0018 00000000 		.4byte	.LFB3
 538 001c 14000000 		.4byte	.LFE3
 539 0020 00000000 		.4byte	0
 540 0024 00000000 		.4byte	0
 541              		.section	.debug_line,"",%progbits
 542              	.Ldebug_line0:
 543 0000 A6000000 		.section	.debug_str,"MS",%progbits,1
 543      02005800 
 543      00000201 
 543      FB0E0D00 
 543      01010101 
 544              	.LASF6:
 545 0000 6C6F6E67 		.ascii	"long long int\000"
 545      206C6F6E 
 545      6720696E 
 545      7400
 546              	.LASF10:
 547 000e 75696E74 		.ascii	"uint32\000"
 547      333200
 548              	.LASF26:
 549 0015 656E6162 		.ascii	"enableState\000"
 549      6C655374 
 549      61746500 
 550              	.LASF8:
 551 0021 756E7369 		.ascii	"unsigned int\000"
 551      676E6564 
 551      20696E74 
 551      00
 552              	.LASF21:
 553 002e 49444143 		.ascii	"IDAC_High_Stop\000"
ARM GAS  C:\Users\VIDEOH~1\AppData\Local\Temp\ccFsDfsx.s 			page 13


 553      5F486967 
 553      685F5374 
 553      6F7000
 554              	.LASF22:
 555 003d 49444143 		.ascii	"IDAC_High_Enable\000"
 555      5F486967 
 555      685F456E 
 555      61626C65 
 555      00
 556              	.LASF20:
 557 004e 49444143 		.ascii	"IDAC_High_Wakeup\000"
 557      5F486967 
 557      685F5761 
 557      6B657570 
 557      00
 558              	.LASF25:
 559 005f 443A5C31 		.ascii	"D:\\1_work\\my_project\\ReloadPro\\psoc42boot\\Relo"
 559      5F776F72 
 559      6B5C6D79 
 559      5F70726F 
 559      6A656374 
 560 008d 61642050 		.ascii	"ad Pro.cydsn\000"
 560      726F2E63 
 560      7964736E 
 560      00
 561              	.LASF24:
 562 009a 47656E65 		.ascii	"Generated_Source\\PSoC4\\IDAC_High_PM.c\000"
 562      72617465 
 562      645F536F 
 562      75726365 
 562      5C50536F 
 563              	.LASF19:
 564 00c0 49444143 		.ascii	"IDAC_High_Sleep\000"
 564      5F486967 
 564      685F536C 
 564      65657000 
 565              	.LASF9:
 566 00d0 75696E74 		.ascii	"uint8\000"
 566      3800
 567              	.LASF5:
 568 00d6 6C6F6E67 		.ascii	"long unsigned int\000"
 568      20756E73 
 568      69676E65 
 568      6420696E 
 568      7400
 569              	.LASF7:
 570 00e8 6C6F6E67 		.ascii	"long long unsigned int\000"
 570      206C6F6E 
 570      6720756E 
 570      7369676E 
 570      65642069 
 571              	.LASF11:
 572 00ff 666C6F61 		.ascii	"float\000"
 572      7400
 573              	.LASF18:
 574 0105 49444143 		.ascii	"IDAC_High_RestoreConfig\000"
 574      5F486967 
ARM GAS  C:\Users\VIDEOH~1\AppData\Local\Temp\ccFsDfsx.s 			page 14


 574      685F5265 
 574      73746F72 
 574      65436F6E 
 575              	.LASF1:
 576 011d 756E7369 		.ascii	"unsigned char\000"
 576      676E6564 
 576      20636861 
 576      7200
 577              	.LASF13:
 578 012b 63686172 		.ascii	"char\000"
 578      00
 579              	.LASF16:
 580 0130 49444143 		.ascii	"IDAC_High_BACKUP_STRUCT\000"
 580      5F486967 
 580      685F4241 
 580      434B5550 
 580      5F535452 
 581              	.LASF4:
 582 0148 6C6F6E67 		.ascii	"long int\000"
 582      20696E74 
 582      00
 583              	.LASF12:
 584 0151 646F7562 		.ascii	"double\000"
 584      6C6500
 585              	.LASF14:
 586 0158 72656733 		.ascii	"reg32\000"
 586      3200
 587              	.LASF3:
 588 015e 73686F72 		.ascii	"short unsigned int\000"
 588      7420756E 
 588      7369676E 
 588      65642069 
 588      6E7400
 589              	.LASF0:
 590 0171 7369676E 		.ascii	"signed char\000"
 590      65642063 
 590      68617200 
 591              	.LASF27:
 592 017d 49444143 		.ascii	"IDAC_High_backup\000"
 592      5F486967 
 592      685F6261 
 592      636B7570 
 592      00
 593              	.LASF17:
 594 018e 49444143 		.ascii	"IDAC_High_SaveConfig\000"
 594      5F486967 
 594      685F5361 
 594      7665436F 
 594      6E666967 
 595              	.LASF23:
 596 01a3 474E5520 		.ascii	"GNU C99 5.4.1 20160609 (release) [ARM/embedded-5-br"
 596      43393920 
 596      352E342E 
 596      31203230 
 596      31363036 
 597 01d6 616E6368 		.ascii	"anch revision 237715] -mcpu=cortex-m0 -mthumb -g -O"
 597      20726576 
ARM GAS  C:\Users\VIDEOH~1\AppData\Local\Temp\ccFsDfsx.s 			page 15


 597      6973696F 
 597      6E203233 
 597      37373135 
 598 0209 67202D73 		.ascii	"g -std=gnu99 -ffunction-sections -ffat-lto-objects\000"
 598      74643D67 
 598      6E753939 
 598      202D6666 
 598      756E6374 
 599              	.LASF2:
 600 023c 73686F72 		.ascii	"short int\000"
 600      7420696E 
 600      7400
 601              	.LASF15:
 602 0246 73697A65 		.ascii	"sizetype\000"
 602      74797065 
 602      00
 603              		.ident	"GCC: (GNU Tools for ARM Embedded Processors) 5.4.1 20160609 (release) [ARM/embedded-5-bran
