ARM GAS  C:\Users\VIDEOH~1\AppData\Local\Temp\ccrnhOUh.s 			page 1


   1              		.syntax unified
   2              		.cpu cortex-m0
   3              		.fpu softvfp
   4              		.eabi_attribute 20, 1
   5              		.eabi_attribute 21, 1
   6              		.eabi_attribute 23, 3
   7              		.eabi_attribute 24, 1
   8              		.eabi_attribute 25, 1
   9              		.eabi_attribute 26, 1
  10              		.eabi_attribute 30, 1
  11              		.eabi_attribute 34, 0
  12              		.eabi_attribute 18, 4
  13              		.thumb
  14              		.syntax unified
  15              		.file	"IDAC_High.c"
  16              		.text
  17              	.Ltext0:
  18              		.cfi_sections	.debug_frame
  19              		.section	.text.IDAC_High_Init,"ax",%progbits
  20              		.align	2
  21              		.global	IDAC_High_Init
  22              		.code	16
  23              		.thumb_func
  24              		.type	IDAC_High_Init, %function
  25              	IDAC_High_Init:
  26              	.LFB0:
  27              		.file 1 "Generated_Source\\PSoC4\\IDAC_High.c"
   1:Generated_Source\PSoC4/IDAC_High.c **** /*******************************************************************************
   2:Generated_Source\PSoC4/IDAC_High.c **** * File Name: IDAC_High.c
   3:Generated_Source\PSoC4/IDAC_High.c **** * Version 1.10
   4:Generated_Source\PSoC4/IDAC_High.c **** *
   5:Generated_Source\PSoC4/IDAC_High.c **** * Description:
   6:Generated_Source\PSoC4/IDAC_High.c **** *  This file provides the source code of APIs for the IDAC_P4 component.
   7:Generated_Source\PSoC4/IDAC_High.c **** *
   8:Generated_Source\PSoC4/IDAC_High.c **** *******************************************************************************
   9:Generated_Source\PSoC4/IDAC_High.c **** * Copyright 2013-2015, Cypress Semiconductor Corporation.  All rights reserved.
  10:Generated_Source\PSoC4/IDAC_High.c **** * You may use this file only in accordance with the license, terms, conditions,
  11:Generated_Source\PSoC4/IDAC_High.c **** * disclaimers, and limitations in the end user license agreement accompanying
  12:Generated_Source\PSoC4/IDAC_High.c **** * the software package with which this file was provided.
  13:Generated_Source\PSoC4/IDAC_High.c **** *******************************************************************************/
  14:Generated_Source\PSoC4/IDAC_High.c **** 
  15:Generated_Source\PSoC4/IDAC_High.c **** #include "IDAC_High.h"
  16:Generated_Source\PSoC4/IDAC_High.c **** 
  17:Generated_Source\PSoC4/IDAC_High.c **** uint32 IDAC_High_initVar = 0u;
  18:Generated_Source\PSoC4/IDAC_High.c **** 
  19:Generated_Source\PSoC4/IDAC_High.c **** 
  20:Generated_Source\PSoC4/IDAC_High.c **** /*******************************************************************************
  21:Generated_Source\PSoC4/IDAC_High.c **** * Function Name: IDAC_High_Init
  22:Generated_Source\PSoC4/IDAC_High.c **** ********************************************************************************
  23:Generated_Source\PSoC4/IDAC_High.c **** *
  24:Generated_Source\PSoC4/IDAC_High.c **** * Summary:
  25:Generated_Source\PSoC4/IDAC_High.c **** *  Initializes IDAC registers with initial values provided from customizer.
  26:Generated_Source\PSoC4/IDAC_High.c **** *
  27:Generated_Source\PSoC4/IDAC_High.c **** * Parameters:
  28:Generated_Source\PSoC4/IDAC_High.c **** *  None
  29:Generated_Source\PSoC4/IDAC_High.c **** *
  30:Generated_Source\PSoC4/IDAC_High.c **** * Return:
ARM GAS  C:\Users\VIDEOH~1\AppData\Local\Temp\ccrnhOUh.s 			page 2


  31:Generated_Source\PSoC4/IDAC_High.c **** *  None
  32:Generated_Source\PSoC4/IDAC_High.c **** *
  33:Generated_Source\PSoC4/IDAC_High.c **** * Global variables:
  34:Generated_Source\PSoC4/IDAC_High.c **** *  None
  35:Generated_Source\PSoC4/IDAC_High.c **** *
  36:Generated_Source\PSoC4/IDAC_High.c **** *******************************************************************************/
  37:Generated_Source\PSoC4/IDAC_High.c **** void IDAC_High_Init(void)
  38:Generated_Source\PSoC4/IDAC_High.c **** {
  28              		.loc 1 38 0
  29              		.cfi_startproc
  30              		@ args = 0, pretend = 0, frame = 0
  31              		@ frame_needed = 0, uses_anonymous_args = 0
  32 0000 10B5     		push	{r4, lr}
  33              		.cfi_def_cfa_offset 8
  34              		.cfi_offset 4, -8
  35              		.cfi_offset 14, -4
  39:Generated_Source\PSoC4/IDAC_High.c ****     uint32 regVal;
  40:Generated_Source\PSoC4/IDAC_High.c ****     uint8 enableInterrupts;
  41:Generated_Source\PSoC4/IDAC_High.c **** 
  42:Generated_Source\PSoC4/IDAC_High.c ****     /* Set initial configuration */
  43:Generated_Source\PSoC4/IDAC_High.c ****     enableInterrupts = CyEnterCriticalSection();
  36              		.loc 1 43 0
  37 0002 FFF7FEFF 		bl	CyEnterCriticalSection
  38              	.LVL0:
  44:Generated_Source\PSoC4/IDAC_High.c ****     
  45:Generated_Source\PSoC4/IDAC_High.c ****     #if(IDAC_High_MODE_SOURCE == IDAC_High_IDAC_POLARITY)
  46:Generated_Source\PSoC4/IDAC_High.c ****         regVal  = IDAC_High_CSD_TRIM1_REG & ~(IDAC_High_CSD_IDAC_TRIM1_MASK);
  39              		.loc 1 46 0
  40 0006 0D4C     		ldr	r4, .L2
  41 0008 2368     		ldr	r3, [r4]
  42 000a 0F22     		movs	r2, #15
  43 000c 9343     		bics	r3, r2
  44 000e 1900     		movs	r1, r3
  45              	.LVL1:
  47:Generated_Source\PSoC4/IDAC_High.c ****         regVal |=  (IDAC_High_SFLASH_TRIM1_REG & IDAC_High_CSD_IDAC_TRIM1_MASK);
  46              		.loc 1 47 0
  47 0010 0B4B     		ldr	r3, .L2+4
  48 0012 1B78     		ldrb	r3, [r3]
  49 0014 1340     		ands	r3, r2
  50 0016 0B43     		orrs	r3, r1
  51              	.LVL2:
  48:Generated_Source\PSoC4/IDAC_High.c ****         IDAC_High_CSD_TRIM1_REG = regVal;
  52              		.loc 1 48 0
  53 0018 2360     		str	r3, [r4]
  49:Generated_Source\PSoC4/IDAC_High.c ****     #else
  50:Generated_Source\PSoC4/IDAC_High.c ****         regVal  = IDAC_High_CSD_TRIM2_REG & ~(IDAC_High_CSD_IDAC_TRIM2_MASK);
  51:Generated_Source\PSoC4/IDAC_High.c ****         regVal |=  (IDAC_High_SFLASH_TRIM2_REG & IDAC_High_CSD_IDAC_TRIM2_MASK);
  52:Generated_Source\PSoC4/IDAC_High.c ****         IDAC_High_CSD_TRIM2_REG = regVal;
  53:Generated_Source\PSoC4/IDAC_High.c ****     #endif /* (IDAC_High_MODE_SOURCE == IDAC_High_IDAC_POLARITY) */
  54:Generated_Source\PSoC4/IDAC_High.c **** 
  55:Generated_Source\PSoC4/IDAC_High.c ****     /* clear previous values */
  56:Generated_Source\PSoC4/IDAC_High.c ****     IDAC_High_IDAC_CONTROL_REG &= ((uint32)~((uint32)IDAC_High_IDAC_VALUE_MASK <<
  54              		.loc 1 56 0
  55 001a 0A4A     		ldr	r2, .L2+8
  56 001c 1368     		ldr	r3, [r2]
  57              	.LVL3:
  58 001e 1360     		str	r3, [r2]
ARM GAS  C:\Users\VIDEOH~1\AppData\Local\Temp\ccrnhOUh.s 			page 3


  59              	.LVL4:
  57:Generated_Source\PSoC4/IDAC_High.c ****         IDAC_High_IDAC_VALUE_POSITION)) | ((uint32)~((uint32)IDAC_High_IDAC_MODE_MASK <<
  58:Generated_Source\PSoC4/IDAC_High.c ****         IDAC_High_IDAC_MODE_POSITION))  | ((uint32)~((uint32)IDAC_High_IDAC_RANGE_MASK  <<
  59:Generated_Source\PSoC4/IDAC_High.c ****         IDAC_High_IDAC_RANGE_POSITION));
  60:Generated_Source\PSoC4/IDAC_High.c **** 
  61:Generated_Source\PSoC4/IDAC_High.c ****     IDAC_High_IDAC_POLARITY_CONTROL_REG &= (~(uint32)((uint32)IDAC_High_IDAC_POLARITY_MASK <<
  60              		.loc 1 61 0
  61 0020 094B     		ldr	r3, .L2+12
  62 0022 1C68     		ldr	r4, [r3]
  63 0024 0949     		ldr	r1, .L2+16
  64 0026 2140     		ands	r1, r4
  65 0028 1960     		str	r1, [r3]
  62:Generated_Source\PSoC4/IDAC_High.c ****         IDAC_High_IDAC_POLARITY_POSITION));
  63:Generated_Source\PSoC4/IDAC_High.c **** 
  64:Generated_Source\PSoC4/IDAC_High.c ****     /* set new configuration */
  65:Generated_Source\PSoC4/IDAC_High.c ****     IDAC_High_IDAC_CONTROL_REG |= (((uint32)IDAC_High_IDAC_INIT_VALUE <<
  66              		.loc 1 65 0
  67 002a 1468     		ldr	r4, [r2]
  68 002c 7821     		movs	r1, #120
  69 002e 2143     		orrs	r1, r4
  70 0030 1160     		str	r1, [r2]
  66:Generated_Source\PSoC4/IDAC_High.c ****         IDAC_High_IDAC_VALUE_POSITION) | ((uint32)IDAC_High_IDAC_RANGE <<
  67:Generated_Source\PSoC4/IDAC_High.c ****         IDAC_High_IDAC_RANGE_POSITION));
  68:Generated_Source\PSoC4/IDAC_High.c **** 
  69:Generated_Source\PSoC4/IDAC_High.c ****     IDAC_High_IDAC_POLARITY_CONTROL_REG |= ((uint32)IDAC_High_IDAC_POLARITY <<
  71              		.loc 1 69 0
  72 0032 1A68     		ldr	r2, [r3]
  73 0034 1A60     		str	r2, [r3]
  70:Generated_Source\PSoC4/IDAC_High.c ****                                                            IDAC_High_IDAC_POLARITY_POSITION);
  71:Generated_Source\PSoC4/IDAC_High.c **** 
  72:Generated_Source\PSoC4/IDAC_High.c ****     CyExitCriticalSection(enableInterrupts);
  74              		.loc 1 72 0
  75 0036 FFF7FEFF 		bl	CyExitCriticalSection
  76              	.LVL5:
  73:Generated_Source\PSoC4/IDAC_High.c **** 
  74:Generated_Source\PSoC4/IDAC_High.c **** }
  77              		.loc 1 74 0
  78              		@ sp needed
  79 003a 10BD     		pop	{r4, pc}
  80              	.L3:
  81              		.align	2
  82              	.L2:
  83 003c 00FF0840 		.word	1074331392
  84 0040 60F1FF0F 		.word	268431712
  85 0044 08000840 		.word	1074266120
  86 0048 04000840 		.word	1074266116
  87 004c FFFFFEFF 		.word	-65537
  88              		.cfi_endproc
  89              	.LFE0:
  90              		.size	IDAC_High_Init, .-IDAC_High_Init
  91              		.section	.text.IDAC_High_Enable,"ax",%progbits
  92              		.align	2
  93              		.global	IDAC_High_Enable
  94              		.code	16
  95              		.thumb_func
  96              		.type	IDAC_High_Enable, %function
  97              	IDAC_High_Enable:
ARM GAS  C:\Users\VIDEOH~1\AppData\Local\Temp\ccrnhOUh.s 			page 4


  98              	.LFB1:
  75:Generated_Source\PSoC4/IDAC_High.c **** 
  76:Generated_Source\PSoC4/IDAC_High.c **** 
  77:Generated_Source\PSoC4/IDAC_High.c **** /*******************************************************************************
  78:Generated_Source\PSoC4/IDAC_High.c **** * Function Name: IDAC_High_Enable
  79:Generated_Source\PSoC4/IDAC_High.c **** ********************************************************************************
  80:Generated_Source\PSoC4/IDAC_High.c **** *
  81:Generated_Source\PSoC4/IDAC_High.c **** * Summary:
  82:Generated_Source\PSoC4/IDAC_High.c **** *  Enables IDAC operations.
  83:Generated_Source\PSoC4/IDAC_High.c **** *
  84:Generated_Source\PSoC4/IDAC_High.c **** * Parameters:
  85:Generated_Source\PSoC4/IDAC_High.c **** *  None
  86:Generated_Source\PSoC4/IDAC_High.c **** *
  87:Generated_Source\PSoC4/IDAC_High.c **** * Return:
  88:Generated_Source\PSoC4/IDAC_High.c **** *  None
  89:Generated_Source\PSoC4/IDAC_High.c **** *
  90:Generated_Source\PSoC4/IDAC_High.c **** * Global variables:
  91:Generated_Source\PSoC4/IDAC_High.c **** *  None
  92:Generated_Source\PSoC4/IDAC_High.c **** *
  93:Generated_Source\PSoC4/IDAC_High.c **** *******************************************************************************/
  94:Generated_Source\PSoC4/IDAC_High.c **** void IDAC_High_Enable(void)
  95:Generated_Source\PSoC4/IDAC_High.c **** {
  99              		.loc 1 95 0
 100              		.cfi_startproc
 101              		@ args = 0, pretend = 0, frame = 0
 102              		@ frame_needed = 0, uses_anonymous_args = 0
 103 0000 10B5     		push	{r4, lr}
 104              		.cfi_def_cfa_offset 8
 105              		.cfi_offset 4, -8
 106              		.cfi_offset 14, -4
  96:Generated_Source\PSoC4/IDAC_High.c ****     uint8 enableInterrupts;
  97:Generated_Source\PSoC4/IDAC_High.c **** 
  98:Generated_Source\PSoC4/IDAC_High.c ****     enableInterrupts = CyEnterCriticalSection();
 107              		.loc 1 98 0
 108 0002 FFF7FEFF 		bl	CyEnterCriticalSection
 109              	.LVL6:
  99:Generated_Source\PSoC4/IDAC_High.c **** 
 100:Generated_Source\PSoC4/IDAC_High.c ****     /* Enable the IDAC */
 101:Generated_Source\PSoC4/IDAC_High.c ****     IDAC_High_IDAC_CONTROL_REG |= ((uint32)IDAC_High_IDAC_EN_MODE <<
 110              		.loc 1 101 0
 111 0006 074A     		ldr	r2, .L5
 112 0008 1368     		ldr	r3, [r2]
 113 000a C021     		movs	r1, #192
 114 000c 8900     		lsls	r1, r1, #2
 115 000e 0B43     		orrs	r3, r1
 116 0010 1360     		str	r3, [r2]
 102:Generated_Source\PSoC4/IDAC_High.c ****                                                   IDAC_High_IDAC_MODE_POSITION);
 103:Generated_Source\PSoC4/IDAC_High.c ****     IDAC_High_IDAC_POLARITY_CONTROL_REG |= ((uint32)IDAC_High_IDAC_CSD_EN <<
 117              		.loc 1 103 0
 118 0012 054A     		ldr	r2, .L5+4
 119 0014 1368     		ldr	r3, [r2]
 120 0016 8021     		movs	r1, #128
 121 0018 0906     		lsls	r1, r1, #24
 122 001a 0B43     		orrs	r3, r1
 123 001c 1360     		str	r3, [r2]
 104:Generated_Source\PSoC4/IDAC_High.c ****                                                            IDAC_High_IDAC_CSD_EN_POSITION);
 105:Generated_Source\PSoC4/IDAC_High.c ****     CyExitCriticalSection(enableInterrupts);
ARM GAS  C:\Users\VIDEOH~1\AppData\Local\Temp\ccrnhOUh.s 			page 5


 124              		.loc 1 105 0
 125 001e FFF7FEFF 		bl	CyExitCriticalSection
 126              	.LVL7:
 106:Generated_Source\PSoC4/IDAC_High.c **** 
 107:Generated_Source\PSoC4/IDAC_High.c **** }
 127              		.loc 1 107 0
 128              		@ sp needed
 129 0022 10BD     		pop	{r4, pc}
 130              	.L6:
 131              		.align	2
 132              	.L5:
 133 0024 08000840 		.word	1074266120
 134 0028 04000840 		.word	1074266116
 135              		.cfi_endproc
 136              	.LFE1:
 137              		.size	IDAC_High_Enable, .-IDAC_High_Enable
 138              		.section	.text.IDAC_High_Start,"ax",%progbits
 139              		.align	2
 140              		.global	IDAC_High_Start
 141              		.code	16
 142              		.thumb_func
 143              		.type	IDAC_High_Start, %function
 144              	IDAC_High_Start:
 145              	.LFB2:
 108:Generated_Source\PSoC4/IDAC_High.c **** 
 109:Generated_Source\PSoC4/IDAC_High.c **** 
 110:Generated_Source\PSoC4/IDAC_High.c **** /*******************************************************************************
 111:Generated_Source\PSoC4/IDAC_High.c **** * Function Name: IDAC_High_Start
 112:Generated_Source\PSoC4/IDAC_High.c **** ********************************************************************************
 113:Generated_Source\PSoC4/IDAC_High.c **** *
 114:Generated_Source\PSoC4/IDAC_High.c **** * Summary:
 115:Generated_Source\PSoC4/IDAC_High.c **** *  Starts the IDAC hardware.
 116:Generated_Source\PSoC4/IDAC_High.c **** *
 117:Generated_Source\PSoC4/IDAC_High.c **** * Parameters:
 118:Generated_Source\PSoC4/IDAC_High.c **** *  None
 119:Generated_Source\PSoC4/IDAC_High.c **** *
 120:Generated_Source\PSoC4/IDAC_High.c **** * Return:
 121:Generated_Source\PSoC4/IDAC_High.c **** *  None
 122:Generated_Source\PSoC4/IDAC_High.c **** *
 123:Generated_Source\PSoC4/IDAC_High.c **** * Global variables:
 124:Generated_Source\PSoC4/IDAC_High.c **** *  IDAC_High_initVar
 125:Generated_Source\PSoC4/IDAC_High.c **** *
 126:Generated_Source\PSoC4/IDAC_High.c **** *******************************************************************************/
 127:Generated_Source\PSoC4/IDAC_High.c **** void IDAC_High_Start(void)
 128:Generated_Source\PSoC4/IDAC_High.c **** {
 146              		.loc 1 128 0
 147              		.cfi_startproc
 148              		@ args = 0, pretend = 0, frame = 0
 149              		@ frame_needed = 0, uses_anonymous_args = 0
 150 0000 10B5     		push	{r4, lr}
 151              		.cfi_def_cfa_offset 8
 152              		.cfi_offset 4, -8
 153              		.cfi_offset 14, -4
 129:Generated_Source\PSoC4/IDAC_High.c ****     if(0u == IDAC_High_initVar)
 154              		.loc 1 129 0
 155 0002 064B     		ldr	r3, .L9
 156 0004 1B68     		ldr	r3, [r3]
ARM GAS  C:\Users\VIDEOH~1\AppData\Local\Temp\ccrnhOUh.s 			page 6


 157 0006 002B     		cmp	r3, #0
 158 0008 04D1     		bne	.L8
 130:Generated_Source\PSoC4/IDAC_High.c ****     {
 131:Generated_Source\PSoC4/IDAC_High.c ****         IDAC_High_Init();
 159              		.loc 1 131 0
 160 000a FFF7FEFF 		bl	IDAC_High_Init
 161              	.LVL8:
 132:Generated_Source\PSoC4/IDAC_High.c ****         IDAC_High_initVar = 1u;
 162              		.loc 1 132 0
 163 000e 0122     		movs	r2, #1
 164 0010 024B     		ldr	r3, .L9
 165 0012 1A60     		str	r2, [r3]
 166              	.L8:
 133:Generated_Source\PSoC4/IDAC_High.c ****     }
 134:Generated_Source\PSoC4/IDAC_High.c **** 
 135:Generated_Source\PSoC4/IDAC_High.c ****     IDAC_High_Enable();
 167              		.loc 1 135 0
 168 0014 FFF7FEFF 		bl	IDAC_High_Enable
 169              	.LVL9:
 136:Generated_Source\PSoC4/IDAC_High.c **** 
 137:Generated_Source\PSoC4/IDAC_High.c **** }
 170              		.loc 1 137 0
 171              		@ sp needed
 172 0018 10BD     		pop	{r4, pc}
 173              	.L10:
 174 001a C046     		.align	2
 175              	.L9:
 176 001c 00000000 		.word	.LANCHOR0
 177              		.cfi_endproc
 178              	.LFE2:
 179              		.size	IDAC_High_Start, .-IDAC_High_Start
 180              		.section	.text.IDAC_High_Stop,"ax",%progbits
 181              		.align	2
 182              		.global	IDAC_High_Stop
 183              		.code	16
 184              		.thumb_func
 185              		.type	IDAC_High_Stop, %function
 186              	IDAC_High_Stop:
 187              	.LFB3:
 138:Generated_Source\PSoC4/IDAC_High.c **** 
 139:Generated_Source\PSoC4/IDAC_High.c **** 
 140:Generated_Source\PSoC4/IDAC_High.c **** /*******************************************************************************
 141:Generated_Source\PSoC4/IDAC_High.c **** * Function Name: IDAC_High_Stop
 142:Generated_Source\PSoC4/IDAC_High.c **** ********************************************************************************
 143:Generated_Source\PSoC4/IDAC_High.c **** *
 144:Generated_Source\PSoC4/IDAC_High.c **** * Summary:
 145:Generated_Source\PSoC4/IDAC_High.c **** *  Stops the IDAC hardware.
 146:Generated_Source\PSoC4/IDAC_High.c **** *
 147:Generated_Source\PSoC4/IDAC_High.c **** * Parameters:
 148:Generated_Source\PSoC4/IDAC_High.c **** *  None
 149:Generated_Source\PSoC4/IDAC_High.c **** *
 150:Generated_Source\PSoC4/IDAC_High.c **** * Return:
 151:Generated_Source\PSoC4/IDAC_High.c **** *  None
 152:Generated_Source\PSoC4/IDAC_High.c **** *
 153:Generated_Source\PSoC4/IDAC_High.c **** * Global variables:
 154:Generated_Source\PSoC4/IDAC_High.c **** *  None
 155:Generated_Source\PSoC4/IDAC_High.c **** *
ARM GAS  C:\Users\VIDEOH~1\AppData\Local\Temp\ccrnhOUh.s 			page 7


 156:Generated_Source\PSoC4/IDAC_High.c **** *******************************************************************************/
 157:Generated_Source\PSoC4/IDAC_High.c **** void IDAC_High_Stop(void)
 158:Generated_Source\PSoC4/IDAC_High.c **** {
 188              		.loc 1 158 0
 189              		.cfi_startproc
 190              		@ args = 0, pretend = 0, frame = 0
 191              		@ frame_needed = 0, uses_anonymous_args = 0
 192 0000 10B5     		push	{r4, lr}
 193              		.cfi_def_cfa_offset 8
 194              		.cfi_offset 4, -8
 195              		.cfi_offset 14, -4
 159:Generated_Source\PSoC4/IDAC_High.c ****     uint8 enableInterrupts;
 160:Generated_Source\PSoC4/IDAC_High.c **** 
 161:Generated_Source\PSoC4/IDAC_High.c ****     enableInterrupts = CyEnterCriticalSection();
 196              		.loc 1 161 0
 197 0002 FFF7FEFF 		bl	CyEnterCriticalSection
 198              	.LVL10:
 162:Generated_Source\PSoC4/IDAC_High.c **** 
 163:Generated_Source\PSoC4/IDAC_High.c ****     /* Disable the IDAC */
 164:Generated_Source\PSoC4/IDAC_High.c ****     IDAC_High_IDAC_CONTROL_REG &= ((uint32)~((uint32)IDAC_High_IDAC_MODE_MASK <<
 199              		.loc 1 164 0
 200 0006 044A     		ldr	r2, .L12
 201 0008 1168     		ldr	r1, [r2]
 202 000a 044B     		ldr	r3, .L12+4
 203 000c 0B40     		ands	r3, r1
 204 000e 1360     		str	r3, [r2]
 165:Generated_Source\PSoC4/IDAC_High.c ****         IDAC_High_IDAC_MODE_POSITION));
 166:Generated_Source\PSoC4/IDAC_High.c ****     CyExitCriticalSection(enableInterrupts);
 205              		.loc 1 166 0
 206 0010 FFF7FEFF 		bl	CyExitCriticalSection
 207              	.LVL11:
 167:Generated_Source\PSoC4/IDAC_High.c **** }
 208              		.loc 1 167 0
 209              		@ sp needed
 210 0014 10BD     		pop	{r4, pc}
 211              	.L13:
 212 0016 C046     		.align	2
 213              	.L12:
 214 0018 08000840 		.word	1074266120
 215 001c FFFCFFFF 		.word	-769
 216              		.cfi_endproc
 217              	.LFE3:
 218              		.size	IDAC_High_Stop, .-IDAC_High_Stop
 219              		.section	.text.IDAC_High_SetValue,"ax",%progbits
 220              		.align	2
 221              		.global	IDAC_High_SetValue
 222              		.code	16
 223              		.thumb_func
 224              		.type	IDAC_High_SetValue, %function
 225              	IDAC_High_SetValue:
 226              	.LFB4:
 168:Generated_Source\PSoC4/IDAC_High.c **** 
 169:Generated_Source\PSoC4/IDAC_High.c **** 
 170:Generated_Source\PSoC4/IDAC_High.c **** /*******************************************************************************
 171:Generated_Source\PSoC4/IDAC_High.c **** * Function Name: IDAC_High_SetValue
 172:Generated_Source\PSoC4/IDAC_High.c **** ********************************************************************************
 173:Generated_Source\PSoC4/IDAC_High.c **** *
ARM GAS  C:\Users\VIDEOH~1\AppData\Local\Temp\ccrnhOUh.s 			page 8


 174:Generated_Source\PSoC4/IDAC_High.c **** * Summary:
 175:Generated_Source\PSoC4/IDAC_High.c **** *  Sets the IDAC value.
 176:Generated_Source\PSoC4/IDAC_High.c **** *
 177:Generated_Source\PSoC4/IDAC_High.c **** * Parameters:
 178:Generated_Source\PSoC4/IDAC_High.c **** *  uint32 value
 179:Generated_Source\PSoC4/IDAC_High.c **** *
 180:Generated_Source\PSoC4/IDAC_High.c **** * Return:
 181:Generated_Source\PSoC4/IDAC_High.c **** *  None
 182:Generated_Source\PSoC4/IDAC_High.c **** *
 183:Generated_Source\PSoC4/IDAC_High.c **** * Global variables:
 184:Generated_Source\PSoC4/IDAC_High.c **** *  None
 185:Generated_Source\PSoC4/IDAC_High.c **** *
 186:Generated_Source\PSoC4/IDAC_High.c **** *******************************************************************************/
 187:Generated_Source\PSoC4/IDAC_High.c **** void IDAC_High_SetValue(uint32 value)
 188:Generated_Source\PSoC4/IDAC_High.c **** {
 227              		.loc 1 188 0
 228              		.cfi_startproc
 229              		@ args = 0, pretend = 0, frame = 0
 230              		@ frame_needed = 0, uses_anonymous_args = 0
 231              	.LVL12:
 232 0000 10B5     		push	{r4, lr}
 233              		.cfi_def_cfa_offset 8
 234              		.cfi_offset 4, -8
 235              		.cfi_offset 14, -4
 236 0002 0400     		movs	r4, r0
 189:Generated_Source\PSoC4/IDAC_High.c ****     uint8 enableInterrupts;
 190:Generated_Source\PSoC4/IDAC_High.c ****     uint32 newRegisterValue;
 191:Generated_Source\PSoC4/IDAC_High.c **** 
 192:Generated_Source\PSoC4/IDAC_High.c ****     enableInterrupts = CyEnterCriticalSection();
 237              		.loc 1 192 0
 238 0004 FFF7FEFF 		bl	CyEnterCriticalSection
 239              	.LVL13:
 193:Generated_Source\PSoC4/IDAC_High.c **** 
 194:Generated_Source\PSoC4/IDAC_High.c ****     #if(IDAC_High_IDAC_VALUE_POSITION != 0u)
 195:Generated_Source\PSoC4/IDAC_High.c ****         newRegisterValue = ((IDAC_High_IDAC_CONTROL_REG & (~(uint32)((uint32)IDAC_High_IDAC_VALUE_M
 196:Generated_Source\PSoC4/IDAC_High.c ****         IDAC_High_IDAC_VALUE_POSITION))) | (value << IDAC_High_IDAC_VALUE_POSITION));
 197:Generated_Source\PSoC4/IDAC_High.c ****     #else
 198:Generated_Source\PSoC4/IDAC_High.c ****         newRegisterValue = ((IDAC_High_IDAC_CONTROL_REG & (~(uint32)IDAC_High_IDAC_VALUE_MASK)) | v
 240              		.loc 1 198 0
 241 0008 044A     		ldr	r2, .L15
 242 000a 1368     		ldr	r3, [r2]
 243 000c FF21     		movs	r1, #255
 244 000e 8B43     		bics	r3, r1
 245 0010 1C43     		orrs	r4, r3
 246              	.LVL14:
 199:Generated_Source\PSoC4/IDAC_High.c ****     #endif /* IDAC_High_IDAC_VALUE_POSITION != 0u */
 200:Generated_Source\PSoC4/IDAC_High.c **** 
 201:Generated_Source\PSoC4/IDAC_High.c ****     IDAC_High_IDAC_CONTROL_REG = newRegisterValue;
 247              		.loc 1 201 0
 248 0012 1460     		str	r4, [r2]
 202:Generated_Source\PSoC4/IDAC_High.c **** 
 203:Generated_Source\PSoC4/IDAC_High.c ****     CyExitCriticalSection(enableInterrupts);
 249              		.loc 1 203 0
 250 0014 FFF7FEFF 		bl	CyExitCriticalSection
 251              	.LVL15:
 204:Generated_Source\PSoC4/IDAC_High.c **** }
 252              		.loc 1 204 0
ARM GAS  C:\Users\VIDEOH~1\AppData\Local\Temp\ccrnhOUh.s 			page 9


 253              		@ sp needed
 254              	.LVL16:
 255 0018 10BD     		pop	{r4, pc}
 256              	.L16:
 257 001a C046     		.align	2
 258              	.L15:
 259 001c 08000840 		.word	1074266120
 260              		.cfi_endproc
 261              	.LFE4:
 262              		.size	IDAC_High_SetValue, .-IDAC_High_SetValue
 263              		.global	IDAC_High_initVar
 264              		.bss
 265              		.align	2
 266              		.set	.LANCHOR0,. + 0
 267              		.type	IDAC_High_initVar, %object
 268              		.size	IDAC_High_initVar, 4
 269              	IDAC_High_initVar:
 270 0000 00000000 		.space	4
 271              		.text
 272              	.Letext0:
 273              		.file 2 "Generated_Source\\PSoC4\\cytypes.h"
 274              		.file 3 "Generated_Source\\PSoC4\\CyLib.h"
 275              		.section	.debug_info,"",%progbits
 276              	.Ldebug_info0:
 277 0000 16020000 		.4byte	0x216
 278 0004 0400     		.2byte	0x4
 279 0006 00000000 		.4byte	.Ldebug_abbrev0
 280 000a 04       		.byte	0x4
 281 000b 01       		.uleb128 0x1
 282 000c 40000000 		.4byte	.LASF27
 283 0010 0C       		.byte	0xc
 284 0011 31020000 		.4byte	.LASF28
 285 0015 C3010000 		.4byte	.LASF29
 286 0019 00000000 		.4byte	.Ldebug_ranges0+0
 287 001d 00000000 		.4byte	0
 288 0021 00000000 		.4byte	.Ldebug_line0
 289 0025 02       		.uleb128 0x2
 290 0026 01       		.byte	0x1
 291 0027 06       		.byte	0x6
 292 0028 62020000 		.4byte	.LASF0
 293 002c 02       		.uleb128 0x2
 294 002d 01       		.byte	0x1
 295 002e 08       		.byte	0x8
 296 002f 16010000 		.4byte	.LASF1
 297 0033 02       		.uleb128 0x2
 298 0034 02       		.byte	0x2
 299 0035 05       		.byte	0x5
 300 0036 27020000 		.4byte	.LASF2
 301 003a 02       		.uleb128 0x2
 302 003b 02       		.byte	0x2
 303 003c 07       		.byte	0x7
 304 003d 1C000000 		.4byte	.LASF3
 305 0041 02       		.uleb128 0x2
 306 0042 04       		.byte	0x4
 307 0043 05       		.byte	0x5
 308 0044 54020000 		.4byte	.LASF4
 309 0048 02       		.uleb128 0x2
ARM GAS  C:\Users\VIDEOH~1\AppData\Local\Temp\ccrnhOUh.s 			page 10


 310 0049 04       		.byte	0x4
 311 004a 07       		.byte	0x7
 312 004b 29010000 		.4byte	.LASF5
 313 004f 02       		.uleb128 0x2
 314 0050 08       		.byte	0x8
 315 0051 05       		.byte	0x5
 316 0052 07020000 		.4byte	.LASF6
 317 0056 02       		.uleb128 0x2
 318 0057 08       		.byte	0x8
 319 0058 07       		.byte	0x7
 320 0059 FF000000 		.4byte	.LASF7
 321 005d 03       		.uleb128 0x3
 322 005e 04       		.byte	0x4
 323 005f 05       		.byte	0x5
 324 0060 696E7400 		.ascii	"int\000"
 325 0064 02       		.uleb128 0x2
 326 0065 04       		.byte	0x4
 327 0066 07       		.byte	0x7
 328 0067 8D010000 		.4byte	.LASF8
 329 006b 04       		.uleb128 0x4
 330 006c 3B010000 		.4byte	.LASF9
 331 0070 02       		.byte	0x2
 332 0071 E401     		.2byte	0x1e4
 333 0073 2C000000 		.4byte	0x2c
 334 0077 04       		.uleb128 0x4
 335 0078 60010000 		.4byte	.LASF10
 336 007c 02       		.byte	0x2
 337 007d E601     		.2byte	0x1e6
 338 007f 48000000 		.4byte	0x48
 339 0083 02       		.uleb128 0x2
 340 0084 04       		.byte	0x4
 341 0085 04       		.byte	0x4
 342 0086 F9000000 		.4byte	.LASF11
 343 008a 02       		.uleb128 0x2
 344 008b 08       		.byte	0x8
 345 008c 04       		.byte	0x4
 346 008d 52010000 		.4byte	.LASF12
 347 0091 02       		.uleb128 0x2
 348 0092 01       		.byte	0x1
 349 0093 08       		.byte	0x8
 350 0094 5D020000 		.4byte	.LASF13
 351 0098 04       		.uleb128 0x4
 352 0099 24010000 		.4byte	.LASF14
 353 009d 02       		.byte	0x2
 354 009e 8E02     		.2byte	0x28e
 355 00a0 A4000000 		.4byte	0xa4
 356 00a4 05       		.uleb128 0x5
 357 00a5 6B000000 		.4byte	0x6b
 358 00a9 04       		.uleb128 0x4
 359 00aa 00000000 		.4byte	.LASF15
 360 00ae 02       		.byte	0x2
 361 00af 9002     		.2byte	0x290
 362 00b1 B5000000 		.4byte	0xb5
 363 00b5 05       		.uleb128 0x5
 364 00b6 77000000 		.4byte	0x77
 365 00ba 02       		.uleb128 0x2
 366 00bb 04       		.byte	0x4
ARM GAS  C:\Users\VIDEOH~1\AppData\Local\Temp\ccrnhOUh.s 			page 11


 367 00bc 07       		.byte	0x7
 368 00bd FE010000 		.4byte	.LASF16
 369 00c1 06       		.uleb128 0x6
 370 00c2 D9000000 		.4byte	.LASF19
 371 00c6 01       		.byte	0x1
 372 00c7 25       		.byte	0x25
 373 00c8 00000000 		.4byte	.LFB0
 374 00cc 50000000 		.4byte	.LFE0-.LFB0
 375 00d0 01       		.uleb128 0x1
 376 00d1 9C       		.byte	0x9c
 377 00d2 07010000 		.4byte	0x107
 378 00d6 07       		.uleb128 0x7
 379 00d7 59010000 		.4byte	.LASF17
 380 00db 01       		.byte	0x1
 381 00dc 27       		.byte	0x27
 382 00dd 77000000 		.4byte	0x77
 383 00e1 00000000 		.4byte	.LLST0
 384 00e5 07       		.uleb128 0x7
 385 00e6 41010000 		.4byte	.LASF18
 386 00ea 01       		.byte	0x1
 387 00eb 28       		.byte	0x28
 388 00ec 6B000000 		.4byte	0x6b
 389 00f0 2A000000 		.4byte	.LLST1
 390 00f4 08       		.uleb128 0x8
 391 00f5 06000000 		.4byte	.LVL0
 392 00f9 03020000 		.4byte	0x203
 393 00fd 08       		.uleb128 0x8
 394 00fe 3A000000 		.4byte	.LVL5
 395 0102 0E020000 		.4byte	0x20e
 396 0106 00       		.byte	0
 397 0107 06       		.uleb128 0x6
 398 0108 2F000000 		.4byte	.LASF20
 399 010c 01       		.byte	0x1
 400 010d 5E       		.byte	0x5e
 401 010e 00000000 		.4byte	.LFB1
 402 0112 2C000000 		.4byte	.LFE1-.LFB1
 403 0116 01       		.uleb128 0x1
 404 0117 9C       		.byte	0x9c
 405 0118 3E010000 		.4byte	0x13e
 406 011c 07       		.uleb128 0x7
 407 011d 41010000 		.4byte	.LASF18
 408 0121 01       		.byte	0x1
 409 0122 60       		.byte	0x60
 410 0123 6B000000 		.4byte	0x6b
 411 0127 3D000000 		.4byte	.LLST2
 412 012b 08       		.uleb128 0x8
 413 012c 06000000 		.4byte	.LVL6
 414 0130 03020000 		.4byte	0x203
 415 0134 08       		.uleb128 0x8
 416 0135 22000000 		.4byte	.LVL7
 417 0139 0E020000 		.4byte	0x20e
 418 013d 00       		.byte	0
 419 013e 06       		.uleb128 0x6
 420 013f 06000000 		.4byte	.LASF21
 421 0143 01       		.byte	0x1
 422 0144 7F       		.byte	0x7f
 423 0145 00000000 		.4byte	.LFB2
ARM GAS  C:\Users\VIDEOH~1\AppData\Local\Temp\ccrnhOUh.s 			page 12


 424 0149 20000000 		.4byte	.LFE2-.LFB2
 425 014d 01       		.uleb128 0x1
 426 014e 9C       		.byte	0x9c
 427 014f 66010000 		.4byte	0x166
 428 0153 08       		.uleb128 0x8
 429 0154 0E000000 		.4byte	.LVL8
 430 0158 C1000000 		.4byte	0xc1
 431 015c 08       		.uleb128 0x8
 432 015d 18000000 		.4byte	.LVL9
 433 0161 07010000 		.4byte	0x107
 434 0165 00       		.byte	0
 435 0166 06       		.uleb128 0x6
 436 0167 7E010000 		.4byte	.LASF22
 437 016b 01       		.byte	0x1
 438 016c 9D       		.byte	0x9d
 439 016d 00000000 		.4byte	.LFB3
 440 0171 20000000 		.4byte	.LFE3-.LFB3
 441 0175 01       		.uleb128 0x1
 442 0176 9C       		.byte	0x9c
 443 0177 9D010000 		.4byte	0x19d
 444 017b 07       		.uleb128 0x7
 445 017c 41010000 		.4byte	.LASF18
 446 0180 01       		.byte	0x1
 447 0181 9F       		.byte	0x9f
 448 0182 6B000000 		.4byte	0x6b
 449 0186 50000000 		.4byte	.LLST3
 450 018a 08       		.uleb128 0x8
 451 018b 06000000 		.4byte	.LVL10
 452 018f 03020000 		.4byte	0x203
 453 0193 08       		.uleb128 0x8
 454 0194 14000000 		.4byte	.LVL11
 455 0198 0E020000 		.4byte	0x20e
 456 019c 00       		.byte	0
 457 019d 06       		.uleb128 0x6
 458 019e B0010000 		.4byte	.LASF23
 459 01a2 01       		.byte	0x1
 460 01a3 BB       		.byte	0xbb
 461 01a4 00000000 		.4byte	.LFB4
 462 01a8 20000000 		.4byte	.LFE4-.LFB4
 463 01ac 01       		.uleb128 0x1
 464 01ad 9C       		.byte	0x9c
 465 01ae F2010000 		.4byte	0x1f2
 466 01b2 09       		.uleb128 0x9
 467 01b3 16000000 		.4byte	.LASF30
 468 01b7 01       		.byte	0x1
 469 01b8 BB       		.byte	0xbb
 470 01b9 77000000 		.4byte	0x77
 471 01bd 63000000 		.4byte	.LLST4
 472 01c1 07       		.uleb128 0x7
 473 01c2 41010000 		.4byte	.LASF18
 474 01c6 01       		.byte	0x1
 475 01c7 BD       		.byte	0xbd
 476 01c8 6B000000 		.4byte	0x6b
 477 01cc 8F000000 		.4byte	.LLST5
 478 01d0 07       		.uleb128 0x7
 479 01d1 E8000000 		.4byte	.LASF24
 480 01d5 01       		.byte	0x1
ARM GAS  C:\Users\VIDEOH~1\AppData\Local\Temp\ccrnhOUh.s 			page 13


 481 01d6 BE       		.byte	0xbe
 482 01d7 77000000 		.4byte	0x77
 483 01db A2000000 		.4byte	.LLST6
 484 01df 08       		.uleb128 0x8
 485 01e0 08000000 		.4byte	.LVL13
 486 01e4 03020000 		.4byte	0x203
 487 01e8 08       		.uleb128 0x8
 488 01e9 18000000 		.4byte	.LVL15
 489 01ed 0E020000 		.4byte	0x20e
 490 01f1 00       		.byte	0
 491 01f2 0A       		.uleb128 0xa
 492 01f3 15020000 		.4byte	.LASF31
 493 01f7 01       		.byte	0x1
 494 01f8 11       		.byte	0x11
 495 01f9 77000000 		.4byte	0x77
 496 01fd 05       		.uleb128 0x5
 497 01fe 03       		.byte	0x3
 498 01ff 00000000 		.4byte	IDAC_High_initVar
 499 0203 0B       		.uleb128 0xb
 500 0204 67010000 		.4byte	.LASF25
 501 0208 67010000 		.4byte	.LASF25
 502 020c 03       		.byte	0x3
 503 020d E5       		.byte	0xe5
 504 020e 0B       		.uleb128 0xb
 505 020f 9A010000 		.4byte	.LASF26
 506 0213 9A010000 		.4byte	.LASF26
 507 0217 03       		.byte	0x3
 508 0218 E6       		.byte	0xe6
 509 0219 00       		.byte	0
 510              		.section	.debug_abbrev,"",%progbits
 511              	.Ldebug_abbrev0:
 512 0000 01       		.uleb128 0x1
 513 0001 11       		.uleb128 0x11
 514 0002 01       		.byte	0x1
 515 0003 25       		.uleb128 0x25
 516 0004 0E       		.uleb128 0xe
 517 0005 13       		.uleb128 0x13
 518 0006 0B       		.uleb128 0xb
 519 0007 03       		.uleb128 0x3
 520 0008 0E       		.uleb128 0xe
 521 0009 1B       		.uleb128 0x1b
 522 000a 0E       		.uleb128 0xe
 523 000b 55       		.uleb128 0x55
 524 000c 17       		.uleb128 0x17
 525 000d 11       		.uleb128 0x11
 526 000e 01       		.uleb128 0x1
 527 000f 10       		.uleb128 0x10
 528 0010 17       		.uleb128 0x17
 529 0011 00       		.byte	0
 530 0012 00       		.byte	0
 531 0013 02       		.uleb128 0x2
 532 0014 24       		.uleb128 0x24
 533 0015 00       		.byte	0
 534 0016 0B       		.uleb128 0xb
 535 0017 0B       		.uleb128 0xb
 536 0018 3E       		.uleb128 0x3e
 537 0019 0B       		.uleb128 0xb
ARM GAS  C:\Users\VIDEOH~1\AppData\Local\Temp\ccrnhOUh.s 			page 14


 538 001a 03       		.uleb128 0x3
 539 001b 0E       		.uleb128 0xe
 540 001c 00       		.byte	0
 541 001d 00       		.byte	0
 542 001e 03       		.uleb128 0x3
 543 001f 24       		.uleb128 0x24
 544 0020 00       		.byte	0
 545 0021 0B       		.uleb128 0xb
 546 0022 0B       		.uleb128 0xb
 547 0023 3E       		.uleb128 0x3e
 548 0024 0B       		.uleb128 0xb
 549 0025 03       		.uleb128 0x3
 550 0026 08       		.uleb128 0x8
 551 0027 00       		.byte	0
 552 0028 00       		.byte	0
 553 0029 04       		.uleb128 0x4
 554 002a 16       		.uleb128 0x16
 555 002b 00       		.byte	0
 556 002c 03       		.uleb128 0x3
 557 002d 0E       		.uleb128 0xe
 558 002e 3A       		.uleb128 0x3a
 559 002f 0B       		.uleb128 0xb
 560 0030 3B       		.uleb128 0x3b
 561 0031 05       		.uleb128 0x5
 562 0032 49       		.uleb128 0x49
 563 0033 13       		.uleb128 0x13
 564 0034 00       		.byte	0
 565 0035 00       		.byte	0
 566 0036 05       		.uleb128 0x5
 567 0037 35       		.uleb128 0x35
 568 0038 00       		.byte	0
 569 0039 49       		.uleb128 0x49
 570 003a 13       		.uleb128 0x13
 571 003b 00       		.byte	0
 572 003c 00       		.byte	0
 573 003d 06       		.uleb128 0x6
 574 003e 2E       		.uleb128 0x2e
 575 003f 01       		.byte	0x1
 576 0040 3F       		.uleb128 0x3f
 577 0041 19       		.uleb128 0x19
 578 0042 03       		.uleb128 0x3
 579 0043 0E       		.uleb128 0xe
 580 0044 3A       		.uleb128 0x3a
 581 0045 0B       		.uleb128 0xb
 582 0046 3B       		.uleb128 0x3b
 583 0047 0B       		.uleb128 0xb
 584 0048 27       		.uleb128 0x27
 585 0049 19       		.uleb128 0x19
 586 004a 11       		.uleb128 0x11
 587 004b 01       		.uleb128 0x1
 588 004c 12       		.uleb128 0x12
 589 004d 06       		.uleb128 0x6
 590 004e 40       		.uleb128 0x40
 591 004f 18       		.uleb128 0x18
 592 0050 9742     		.uleb128 0x2117
 593 0052 19       		.uleb128 0x19
 594 0053 01       		.uleb128 0x1
ARM GAS  C:\Users\VIDEOH~1\AppData\Local\Temp\ccrnhOUh.s 			page 15


 595 0054 13       		.uleb128 0x13
 596 0055 00       		.byte	0
 597 0056 00       		.byte	0
 598 0057 07       		.uleb128 0x7
 599 0058 34       		.uleb128 0x34
 600 0059 00       		.byte	0
 601 005a 03       		.uleb128 0x3
 602 005b 0E       		.uleb128 0xe
 603 005c 3A       		.uleb128 0x3a
 604 005d 0B       		.uleb128 0xb
 605 005e 3B       		.uleb128 0x3b
 606 005f 0B       		.uleb128 0xb
 607 0060 49       		.uleb128 0x49
 608 0061 13       		.uleb128 0x13
 609 0062 02       		.uleb128 0x2
 610 0063 17       		.uleb128 0x17
 611 0064 00       		.byte	0
 612 0065 00       		.byte	0
 613 0066 08       		.uleb128 0x8
 614 0067 898201   		.uleb128 0x4109
 615 006a 00       		.byte	0
 616 006b 11       		.uleb128 0x11
 617 006c 01       		.uleb128 0x1
 618 006d 31       		.uleb128 0x31
 619 006e 13       		.uleb128 0x13
 620 006f 00       		.byte	0
 621 0070 00       		.byte	0
 622 0071 09       		.uleb128 0x9
 623 0072 05       		.uleb128 0x5
 624 0073 00       		.byte	0
 625 0074 03       		.uleb128 0x3
 626 0075 0E       		.uleb128 0xe
 627 0076 3A       		.uleb128 0x3a
 628 0077 0B       		.uleb128 0xb
 629 0078 3B       		.uleb128 0x3b
 630 0079 0B       		.uleb128 0xb
 631 007a 49       		.uleb128 0x49
 632 007b 13       		.uleb128 0x13
 633 007c 02       		.uleb128 0x2
 634 007d 17       		.uleb128 0x17
 635 007e 00       		.byte	0
 636 007f 00       		.byte	0
 637 0080 0A       		.uleb128 0xa
 638 0081 34       		.uleb128 0x34
 639 0082 00       		.byte	0
 640 0083 03       		.uleb128 0x3
 641 0084 0E       		.uleb128 0xe
 642 0085 3A       		.uleb128 0x3a
 643 0086 0B       		.uleb128 0xb
 644 0087 3B       		.uleb128 0x3b
 645 0088 0B       		.uleb128 0xb
 646 0089 49       		.uleb128 0x49
 647 008a 13       		.uleb128 0x13
 648 008b 3F       		.uleb128 0x3f
 649 008c 19       		.uleb128 0x19
 650 008d 02       		.uleb128 0x2
 651 008e 18       		.uleb128 0x18
ARM GAS  C:\Users\VIDEOH~1\AppData\Local\Temp\ccrnhOUh.s 			page 16


 652 008f 00       		.byte	0
 653 0090 00       		.byte	0
 654 0091 0B       		.uleb128 0xb
 655 0092 2E       		.uleb128 0x2e
 656 0093 00       		.byte	0
 657 0094 3F       		.uleb128 0x3f
 658 0095 19       		.uleb128 0x19
 659 0096 3C       		.uleb128 0x3c
 660 0097 19       		.uleb128 0x19
 661 0098 6E       		.uleb128 0x6e
 662 0099 0E       		.uleb128 0xe
 663 009a 03       		.uleb128 0x3
 664 009b 0E       		.uleb128 0xe
 665 009c 3A       		.uleb128 0x3a
 666 009d 0B       		.uleb128 0xb
 667 009e 3B       		.uleb128 0x3b
 668 009f 0B       		.uleb128 0xb
 669 00a0 00       		.byte	0
 670 00a1 00       		.byte	0
 671 00a2 00       		.byte	0
 672              		.section	.debug_loc,"",%progbits
 673              	.Ldebug_loc0:
 674              	.LLST0:
 675 0000 10000000 		.4byte	.LVL1
 676 0004 18000000 		.4byte	.LVL2
 677 0008 0100     		.2byte	0x1
 678 000a 51       		.byte	0x51
 679 000b 18000000 		.4byte	.LVL2
 680 000f 1E000000 		.4byte	.LVL3
 681 0013 0100     		.2byte	0x1
 682 0015 53       		.byte	0x53
 683 0016 1E000000 		.4byte	.LVL3
 684 001a 20000000 		.4byte	.LVL4
 685 001e 0200     		.2byte	0x2
 686 0020 74       		.byte	0x74
 687 0021 00       		.sleb128 0
 688 0022 00000000 		.4byte	0
 689 0026 00000000 		.4byte	0
 690              	.LLST1:
 691 002a 06000000 		.4byte	.LVL0
 692 002e 39000000 		.4byte	.LVL5-1
 693 0032 0100     		.2byte	0x1
 694 0034 50       		.byte	0x50
 695 0035 00000000 		.4byte	0
 696 0039 00000000 		.4byte	0
 697              	.LLST2:
 698 003d 06000000 		.4byte	.LVL6
 699 0041 21000000 		.4byte	.LVL7-1
 700 0045 0100     		.2byte	0x1
 701 0047 50       		.byte	0x50
 702 0048 00000000 		.4byte	0
 703 004c 00000000 		.4byte	0
 704              	.LLST3:
 705 0050 06000000 		.4byte	.LVL10
 706 0054 13000000 		.4byte	.LVL11-1
 707 0058 0100     		.2byte	0x1
 708 005a 50       		.byte	0x50
ARM GAS  C:\Users\VIDEOH~1\AppData\Local\Temp\ccrnhOUh.s 			page 17


 709 005b 00000000 		.4byte	0
 710 005f 00000000 		.4byte	0
 711              	.LLST4:
 712 0063 00000000 		.4byte	.LVL12
 713 0067 07000000 		.4byte	.LVL13-1
 714 006b 0100     		.2byte	0x1
 715 006d 50       		.byte	0x50
 716 006e 07000000 		.4byte	.LVL13-1
 717 0072 12000000 		.4byte	.LVL14
 718 0076 0100     		.2byte	0x1
 719 0078 54       		.byte	0x54
 720 0079 12000000 		.4byte	.LVL14
 721 007d 20000000 		.4byte	.LFE4
 722 0081 0400     		.2byte	0x4
 723 0083 F3       		.byte	0xf3
 724 0084 01       		.uleb128 0x1
 725 0085 50       		.byte	0x50
 726 0086 9F       		.byte	0x9f
 727 0087 00000000 		.4byte	0
 728 008b 00000000 		.4byte	0
 729              	.LLST5:
 730 008f 08000000 		.4byte	.LVL13
 731 0093 17000000 		.4byte	.LVL15-1
 732 0097 0100     		.2byte	0x1
 733 0099 50       		.byte	0x50
 734 009a 00000000 		.4byte	0
 735 009e 00000000 		.4byte	0
 736              	.LLST6:
 737 00a2 12000000 		.4byte	.LVL14
 738 00a6 18000000 		.4byte	.LVL16
 739 00aa 0100     		.2byte	0x1
 740 00ac 54       		.byte	0x54
 741 00ad 00000000 		.4byte	0
 742 00b1 00000000 		.4byte	0
 743              		.section	.debug_aranges,"",%progbits
 744 0000 3C000000 		.4byte	0x3c
 745 0004 0200     		.2byte	0x2
 746 0006 00000000 		.4byte	.Ldebug_info0
 747 000a 04       		.byte	0x4
 748 000b 00       		.byte	0
 749 000c 0000     		.2byte	0
 750 000e 0000     		.2byte	0
 751 0010 00000000 		.4byte	.LFB0
 752 0014 50000000 		.4byte	.LFE0-.LFB0
 753 0018 00000000 		.4byte	.LFB1
 754 001c 2C000000 		.4byte	.LFE1-.LFB1
 755 0020 00000000 		.4byte	.LFB2
 756 0024 20000000 		.4byte	.LFE2-.LFB2
 757 0028 00000000 		.4byte	.LFB3
 758 002c 20000000 		.4byte	.LFE3-.LFB3
 759 0030 00000000 		.4byte	.LFB4
 760 0034 20000000 		.4byte	.LFE4-.LFB4
 761 0038 00000000 		.4byte	0
 762 003c 00000000 		.4byte	0
 763              		.section	.debug_ranges,"",%progbits
 764              	.Ldebug_ranges0:
 765 0000 00000000 		.4byte	.LFB0
ARM GAS  C:\Users\VIDEOH~1\AppData\Local\Temp\ccrnhOUh.s 			page 18


 766 0004 50000000 		.4byte	.LFE0
 767 0008 00000000 		.4byte	.LFB1
 768 000c 2C000000 		.4byte	.LFE1
 769 0010 00000000 		.4byte	.LFB2
 770 0014 20000000 		.4byte	.LFE2
 771 0018 00000000 		.4byte	.LFB3
 772 001c 20000000 		.4byte	.LFE3
 773 0020 00000000 		.4byte	.LFB4
 774 0024 20000000 		.4byte	.LFE4
 775 0028 00000000 		.4byte	0
 776 002c 00000000 		.4byte	0
 777              		.section	.debug_line,"",%progbits
 778              	.Ldebug_line0:
 779 0000 C3000000 		.section	.debug_str,"MS",%progbits,1
 779      02005100 
 779      00000201 
 779      FB0E0D00 
 779      01010101 
 780              	.LASF15:
 781 0000 72656733 		.ascii	"reg32\000"
 781      3200
 782              	.LASF21:
 783 0006 49444143 		.ascii	"IDAC_High_Start\000"
 783      5F486967 
 783      685F5374 
 783      61727400 
 784              	.LASF30:
 785 0016 76616C75 		.ascii	"value\000"
 785      6500
 786              	.LASF3:
 787 001c 73686F72 		.ascii	"short unsigned int\000"
 787      7420756E 
 787      7369676E 
 787      65642069 
 787      6E7400
 788              	.LASF20:
 789 002f 49444143 		.ascii	"IDAC_High_Enable\000"
 789      5F486967 
 789      685F456E 
 789      61626C65 
 789      00
 790              	.LASF27:
 791 0040 474E5520 		.ascii	"GNU C99 5.4.1 20160609 (release) [ARM/embedded-5-br"
 791      43393920 
 791      352E342E 
 791      31203230 
 791      31363036 
 792 0073 616E6368 		.ascii	"anch revision 237715] -mcpu=cortex-m0 -mthumb -g -O"
 792      20726576 
 792      6973696F 
 792      6E203233 
 792      37373135 
 793 00a6 67202D73 		.ascii	"g -std=gnu99 -ffunction-sections -ffat-lto-objects\000"
 793      74643D67 
 793      6E753939 
 793      202D6666 
 793      756E6374 
ARM GAS  C:\Users\VIDEOH~1\AppData\Local\Temp\ccrnhOUh.s 			page 19


 794              	.LASF19:
 795 00d9 49444143 		.ascii	"IDAC_High_Init\000"
 795      5F486967 
 795      685F496E 
 795      697400
 796              	.LASF24:
 797 00e8 6E657752 		.ascii	"newRegisterValue\000"
 797      65676973 
 797      74657256 
 797      616C7565 
 797      00
 798              	.LASF11:
 799 00f9 666C6F61 		.ascii	"float\000"
 799      7400
 800              	.LASF7:
 801 00ff 6C6F6E67 		.ascii	"long long unsigned int\000"
 801      206C6F6E 
 801      6720756E 
 801      7369676E 
 801      65642069 
 802              	.LASF1:
 803 0116 756E7369 		.ascii	"unsigned char\000"
 803      676E6564 
 803      20636861 
 803      7200
 804              	.LASF14:
 805 0124 72656738 		.ascii	"reg8\000"
 805      00
 806              	.LASF5:
 807 0129 6C6F6E67 		.ascii	"long unsigned int\000"
 807      20756E73 
 807      69676E65 
 807      6420696E 
 807      7400
 808              	.LASF9:
 809 013b 75696E74 		.ascii	"uint8\000"
 809      3800
 810              	.LASF18:
 811 0141 656E6162 		.ascii	"enableInterrupts\000"
 811      6C65496E 
 811      74657272 
 811      75707473 
 811      00
 812              	.LASF12:
 813 0152 646F7562 		.ascii	"double\000"
 813      6C6500
 814              	.LASF17:
 815 0159 72656756 		.ascii	"regVal\000"
 815      616C00
 816              	.LASF10:
 817 0160 75696E74 		.ascii	"uint32\000"
 817      333200
 818              	.LASF25:
 819 0167 4379456E 		.ascii	"CyEnterCriticalSection\000"
 819      74657243 
 819      72697469 
 819      63616C53 
ARM GAS  C:\Users\VIDEOH~1\AppData\Local\Temp\ccrnhOUh.s 			page 20


 819      65637469 
 820              	.LASF22:
 821 017e 49444143 		.ascii	"IDAC_High_Stop\000"
 821      5F486967 
 821      685F5374 
 821      6F7000
 822              	.LASF8:
 823 018d 756E7369 		.ascii	"unsigned int\000"
 823      676E6564 
 823      20696E74 
 823      00
 824              	.LASF26:
 825 019a 43794578 		.ascii	"CyExitCriticalSection\000"
 825      69744372 
 825      69746963 
 825      616C5365 
 825      6374696F 
 826              	.LASF23:
 827 01b0 49444143 		.ascii	"IDAC_High_SetValue\000"
 827      5F486967 
 827      685F5365 
 827      7456616C 
 827      756500
 828              	.LASF29:
 829 01c3 443A5C31 		.ascii	"D:\\1_work\\my_project\\ReloadPro\\psoc42boot\\Relo"
 829      5F776F72 
 829      6B5C6D79 
 829      5F70726F 
 829      6A656374 
 830 01f1 61642050 		.ascii	"ad Pro.cydsn\000"
 830      726F2E63 
 830      7964736E 
 830      00
 831              	.LASF16:
 832 01fe 73697A65 		.ascii	"sizetype\000"
 832      74797065 
 832      00
 833              	.LASF6:
 834 0207 6C6F6E67 		.ascii	"long long int\000"
 834      206C6F6E 
 834      6720696E 
 834      7400
 835              	.LASF31:
 836 0215 49444143 		.ascii	"IDAC_High_initVar\000"
 836      5F486967 
 836      685F696E 
 836      69745661 
 836      7200
 837              	.LASF2:
 838 0227 73686F72 		.ascii	"short int\000"
 838      7420696E 
 838      7400
 839              	.LASF28:
 840 0231 47656E65 		.ascii	"Generated_Source\\PSoC4\\IDAC_High.c\000"
 840      72617465 
 840      645F536F 
 840      75726365 
ARM GAS  C:\Users\VIDEOH~1\AppData\Local\Temp\ccrnhOUh.s 			page 21


 840      5C50536F 
 841              	.LASF4:
 842 0254 6C6F6E67 		.ascii	"long int\000"
 842      20696E74 
 842      00
 843              	.LASF13:
 844 025d 63686172 		.ascii	"char\000"
 844      00
 845              	.LASF0:
 846 0262 7369676E 		.ascii	"signed char\000"
 846      65642063 
 846      68617200 
 847              		.ident	"GCC: (GNU Tools for ARM Embedded Processors) 5.4.1 20160609 (release) [ARM/embedded-5-bran
