ARM GAS  C:\Users\VIDEOH~1\AppData\Local\Temp\ccICX7Xx.s 			page 1


   1              		.syntax unified
   2              		.cpu cortex-m0
   3              		.fpu softvfp
   4              		.eabi_attribute 20, 1
   5              		.eabi_attribute 21, 1
   6              		.eabi_attribute 23, 3
   7              		.eabi_attribute 24, 1
   8              		.eabi_attribute 25, 1
   9              		.eabi_attribute 26, 1
  10              		.eabi_attribute 30, 1
  11              		.eabi_attribute 34, 0
  12              		.eabi_attribute 18, 4
  13              		.thumb
  14              		.syntax unified
  15              		.file	"main.c"
  16              		.text
  17              	.Ltext0:
  18              		.cfi_sections	.debug_frame
  19              		.section	.text.factory_reset,"ax",%progbits
  20              		.align	2
  21              		.global	factory_reset
  22              		.code	16
  23              		.thumb_func
  24              		.type	factory_reset, %function
  25              	factory_reset:
  26              	.LFB33:
  27              		.file 1 "main.c"
   1:main.c        **** #include <project.h>
   2:main.c        **** #include <FreeRTOS.h>
   3:main.c        **** #include <task.h>
   4:main.c        **** #include <stdio.h>
   5:main.c        **** #include "tasks.h"
   6:main.c        **** #include "config.h"
   7:main.c        **** 
   8:main.c        **** 
   9:main.c        **** state_t state;
  10:main.c        **** //xTaskHandle adc_task;
  11:main.c        **** xTaskHandle comms_task;
  12:main.c        **** xTaskHandle ui_task;
  13:main.c        **** 
  14:main.c        **** //const uint8 EEsettings[EEPROM_PHYSICAL_SIZE] __ALIGNED(CY_FLASH_SIZEOF_ROW) = {0u}; 
  15:main.c        **** const uint8 EEsettings[EEPROM_PHYSICAL_SIZE] CY_SECTION(".cy_checksum_exclude") __ALIGNED(CY_FLASH_
  16:main.c        **** const settings_t *settings = (settings_t*)&EEsettings[0];
  17:main.c        **** 
  18:main.c        **** 
  19:main.c        **** const settings_t default_settings = {
  20:main.c        ****     .settings_version = 0x04,    
  21:main.c        **** 	.lcd_contrast = 26,    
  22:main.c        ****     .display_settings = {
  23:main.c        ****         .named = {
  24:main.c        ****             .cc = {
  25:main.c        **** 		        .readouts = {READOUT_CURRENT_SETPOINT, READOUT_CURRENT_USAGE, READOUT_VOLTAGE},
  26:main.c        **** 	        },
  27:main.c        ****         },
  28:main.c        ****     },	
  29:main.c        **** 	.calibration_settings = {
  30:main.c        **** 		.dac_low_gain = DEFAULT_DAC_LOW_GAIN,
ARM GAS  C:\Users\VIDEOH~1\AppData\Local\Temp\ccICX7Xx.s 			page 2


  31:main.c        **** 		.dac_high_gain = DEFAULT_DAC_HIGH_GAIN,
  32:main.c        **** 		.dac_offset = DEFAULT_DAC_OFFSET,
  33:main.c        **** 		.opamp_offset_trim = DEFAULT_OPAMP_OFFSET_TRIM,
  34:main.c        **** 		
  35:main.c        **** 		.adc_current_offset = DEFAULT_ADC_CURRENT_OFFSET,
  36:main.c        **** 		.adc_current_gain = DEFAULT_ADC_CURRENT_GAIN,
  37:main.c        **** 		
  38:main.c        **** 		.adc_voltage_offset = DEFAULT_ADC_VOLTAGE_OFFSET,
  39:main.c        **** 		.adc_voltage_gain = DEFAULT_ADC_VOLTAGE_GAIN,
  40:main.c        **** 
  41:main.c        **** 		.voltage_correction_ratio = DEFAULT_VOLTAGE_CORRECTION_RATIO,
  42:main.c        **** 	},
  43:main.c        **** };
  44:main.c        **** 
  45:main.c        **** void factory_reset() {
  28              		.loc 1 45 0
  29              		.cfi_startproc
  30              		@ args = 0, pretend = 0, frame = 0
  31              		@ frame_needed = 0, uses_anonymous_args = 0
  32 0000 10B5     		push	{r4, lr}
  33              		.cfi_def_cfa_offset 8
  34              		.cfi_offset 4, -8
  35              		.cfi_offset 14, -4
  46:main.c        ****     EEPROM_Write(0,(void*)&default_settings, sizeof(settings_t));
  36              		.loc 1 46 0
  37 0002 034B     		ldr	r3, .L2
  38 0004 3022     		movs	r2, #48
  39 0006 0349     		ldr	r1, .L2+4
  40 0008 0020     		movs	r0, #0
  41 000a FFF7FEFF 		bl	Cy_Em_EEPROM_Write
  42              	.LVL0:
  47:main.c        **** }
  43              		.loc 1 47 0
  44              		@ sp needed
  45 000e 10BD     		pop	{r4, pc}
  46              	.L3:
  47              		.align	2
  48              	.L2:
  49 0010 00000000 		.word	EEPROM_context
  50 0014 00000000 		.word	.LANCHOR0
  51              		.cfi_endproc
  52              	.LFE33:
  53              		.size	factory_reset, .-factory_reset
  54              		.section	.text.prvHardwareSetup,"ax",%progbits
  55              		.align	2
  56              		.global	prvHardwareSetup
  57              		.code	16
  58              		.thumb_func
  59              		.type	prvHardwareSetup, %function
  60              	prvHardwareSetup:
  61              	.LFB35:
  48:main.c        **** 
  49:main.c        **** 
  50:main.c        **** void prvHardwareSetup();
  51:main.c        **** 
  52:main.c        **** int main()
  53:main.c        **** {
ARM GAS  C:\Users\VIDEOH~1\AppData\Local\Temp\ccICX7Xx.s 			page 3


  54:main.c        ****     CyGlobalIntEnable;
  55:main.c        **** 
  56:main.c        **** #if USE_WATCHDOG
  57:main.c        ****     // Enable watchdog timer for every 2 seconds
  58:main.c        ****     CySysWdtWriteMode(0, CY_SYS_WDT_MODE_RESET);
  59:main.c        ****     CySysWdtWriteMatch(0, 0xFFFF);
  60:main.c        ****     CySysWdtEnable(CY_SYS_WDT_COUNTER0_MASK);
  61:main.c        **** #endif
  62:main.c        **** 
  63:main.c        ****     EEPROM_Init((uint32)&EEsettings[0]);
  64:main.c        ****     if(settings->settings_version < default_settings.settings_version)
  65:main.c        ****         factory_reset();
  66:main.c        ****     Backlight_Write(1);	
  67:main.c        **** 	disp_reset_Write(0);
  68:main.c        **** 	CyDelayUs(10);
  69:main.c        **** 	disp_reset_Write(1);
  70:main.c        **** 	CyDelayUs(10);
  71:main.c        **** 	Display_Start();
  72:main.c        ****     Display_SetContrast(settings->lcd_contrast);
  73:main.c        **** 	
  74:main.c        **** 	IDAC_High_Start();
  75:main.c        **** 	IDAC_Low_Start();
  76:main.c        ****     state.calibrating = 0;
  77:main.c        ****     set_current(0);
  78:main.c        **** 	set_output_mode(OUTPUT_MODE_FEEDBACK);		
  79:main.c        **** 	start_adc();
  80:main.c        **** 	setup();
  81:main.c        **** 	//Create the two tasks
  82:main.c        **** 	xTaskCreate(vTaskUI, (signed portCHAR *) "UI", 178, NULL, tskIDLE_PRIORITY + 2, &ui_task);
  83:main.c        **** 	xTaskCreate(vTaskComms, (signed portCHAR *) "UART", 180, NULL, tskIDLE_PRIORITY + 2, &comms_task);
  84:main.c        **** 	
  85:main.c        **** 	prvHardwareSetup();
  86:main.c        **** 	vTaskStartScheduler();
  87:main.c        **** }
  88:main.c        **** 
  89:main.c        **** /* ---------------------------------------------------------------------------
  90:main.c        ****  * FreeRTOS support and configuration functions
  91:main.c        ****  * --------------------------------------------------------------------------- */
  92:main.c        **** 
  93:main.c        **** void prvHardwareSetup( void )
  94:main.c        **** {
  62              		.loc 1 94 0
  63              		.cfi_startproc
  64              		@ args = 0, pretend = 0, frame = 0
  65              		@ frame_needed = 0, uses_anonymous_args = 0
  66              		@ link register save eliminated.
  95:main.c        **** 	/* Port layer functions that need to be copied into the vector table. */
  96:main.c        **** 	extern void xPortPendSVHandler( void );
  97:main.c        **** 	extern void xPortSysTickHandler( void );
  98:main.c        **** 	extern void vPortSVCHandler( void );
  99:main.c        **** 	extern cyisraddress CyRamVectors[];
 100:main.c        **** 
 101:main.c        **** 	/* Install the OS Interrupt Handlers. */
 102:main.c        **** 	CyRamVectors[ 11 ] = ( cyisraddress ) vPortSVCHandler;
  67              		.loc 1 102 0
  68 0000 034B     		ldr	r3, .L5
  69 0002 044A     		ldr	r2, .L5+4
ARM GAS  C:\Users\VIDEOH~1\AppData\Local\Temp\ccICX7Xx.s 			page 4


  70 0004 DA62     		str	r2, [r3, #44]
 103:main.c        **** 	CyRamVectors[ 14 ] = ( cyisraddress ) xPortPendSVHandler;
  71              		.loc 1 103 0
  72 0006 044A     		ldr	r2, .L5+8
  73 0008 9A63     		str	r2, [r3, #56]
 104:main.c        **** 	CyRamVectors[ 15 ] = ( cyisraddress ) xPortSysTickHandler;
  74              		.loc 1 104 0
  75 000a 044A     		ldr	r2, .L5+12
  76 000c DA63     		str	r2, [r3, #60]
 105:main.c        **** }
  77              		.loc 1 105 0
  78              		@ sp needed
  79 000e 7047     		bx	lr
  80              	.L6:
  81              		.align	2
  82              	.L5:
  83 0010 00000000 		.word	CyRamVectors
  84 0014 00000000 		.word	vPortSVCHandler
  85 0018 00000000 		.word	xPortPendSVHandler
  86 001c 00000000 		.word	xPortSysTickHandler
  87              		.cfi_endproc
  88              	.LFE35:
  89              		.size	prvHardwareSetup, .-prvHardwareSetup
  90              		.section	.text.main,"ax",%progbits
  91              		.align	2
  92              		.global	main
  93              		.code	16
  94              		.thumb_func
  95              		.type	main, %function
  96              	main:
  97              	.LFB34:
  53:main.c        ****     CyGlobalIntEnable;
  98              		.loc 1 53 0
  99              		.cfi_startproc
 100              		@ args = 0, pretend = 0, frame = 0
 101              		@ frame_needed = 0, uses_anonymous_args = 0
 102 0000 30B5     		push	{r4, r5, lr}
 103              		.cfi_def_cfa_offset 12
 104              		.cfi_offset 4, -12
 105              		.cfi_offset 5, -8
 106              		.cfi_offset 14, -4
 107 0002 85B0     		sub	sp, sp, #20
 108              		.cfi_def_cfa_offset 32
  54:main.c        **** 
 109              		.loc 1 54 0
 110              		.syntax divided
 111              	@ 54 "main.c" 1
 112 0004 62B6     		CPSIE   i
 113              	@ 0 "" 2
  63:main.c        ****     if(settings->settings_version < default_settings.settings_version)
 114              		.loc 1 63 0
 115              		.thumb
 116              		.syntax unified
 117 0006 2748     		ldr	r0, .L9
 118 0008 FFF7FEFF 		bl	EEPROM_Init
 119              	.LVL1:
  64:main.c        ****         factory_reset();
ARM GAS  C:\Users\VIDEOH~1\AppData\Local\Temp\ccICX7Xx.s 			page 5


 120              		.loc 1 64 0
 121 000c 264B     		ldr	r3, .L9+4
 122 000e 1B68     		ldr	r3, [r3]
 123 0010 1B78     		ldrb	r3, [r3]
 124 0012 032B     		cmp	r3, #3
 125 0014 01D8     		bhi	.L8
  65:main.c        ****     Backlight_Write(1);	
 126              		.loc 1 65 0
 127 0016 FFF7FEFF 		bl	factory_reset
 128              	.LVL2:
 129              	.L8:
  66:main.c        **** 	disp_reset_Write(0);
 130              		.loc 1 66 0
 131 001a 0120     		movs	r0, #1
 132 001c FFF7FEFF 		bl	Backlight_Write
 133              	.LVL3:
  67:main.c        **** 	CyDelayUs(10);
 134              		.loc 1 67 0
 135 0020 0020     		movs	r0, #0
 136 0022 FFF7FEFF 		bl	disp_reset_Write
 137              	.LVL4:
  68:main.c        **** 	disp_reset_Write(1);
 138              		.loc 1 68 0
 139 0026 0A20     		movs	r0, #10
 140 0028 FFF7FEFF 		bl	CyDelayUs
 141              	.LVL5:
  69:main.c        **** 	CyDelayUs(10);
 142              		.loc 1 69 0
 143 002c 0120     		movs	r0, #1
 144 002e FFF7FEFF 		bl	disp_reset_Write
 145              	.LVL6:
  70:main.c        **** 	Display_Start();
 146              		.loc 1 70 0
 147 0032 0A20     		movs	r0, #10
 148 0034 FFF7FEFF 		bl	CyDelayUs
 149              	.LVL7:
  71:main.c        ****     Display_SetContrast(settings->lcd_contrast);
 150              		.loc 1 71 0
 151 0038 FFF7FEFF 		bl	Display_Start
 152              	.LVL8:
  72:main.c        **** 	
 153              		.loc 1 72 0
 154 003c 1A4B     		ldr	r3, .L9+4
 155 003e 1B68     		ldr	r3, [r3]
 156 0040 1879     		ldrb	r0, [r3, #4]
 157 0042 FFF7FEFF 		bl	Display_SetContrast
 158              	.LVL9:
  74:main.c        **** 	IDAC_Low_Start();
 159              		.loc 1 74 0
 160 0046 FFF7FEFF 		bl	IDAC_High_Start
 161              	.LVL10:
  75:main.c        ****     state.calibrating = 0;
 162              		.loc 1 75 0
 163 004a FFF7FEFF 		bl	IDAC_Low_Start
 164              	.LVL11:
  76:main.c        ****     set_current(0);
 165              		.loc 1 76 0
ARM GAS  C:\Users\VIDEOH~1\AppData\Local\Temp\ccICX7Xx.s 			page 6


 166 004e 0024     		movs	r4, #0
 167 0050 164B     		ldr	r3, .L9+8
 168 0052 1C72     		strb	r4, [r3, #8]
  77:main.c        **** 	set_output_mode(OUTPUT_MODE_FEEDBACK);		
 169              		.loc 1 77 0
 170 0054 0020     		movs	r0, #0
 171 0056 FFF7FEFF 		bl	set_current
 172              	.LVL12:
  78:main.c        **** 	start_adc();
 173              		.loc 1 78 0
 174 005a 0220     		movs	r0, #2
 175 005c FFF7FEFF 		bl	set_output_mode
 176              	.LVL13:
  79:main.c        **** 	setup();
 177              		.loc 1 79 0
 178 0060 FFF7FEFF 		bl	start_adc
 179              	.LVL14:
  80:main.c        **** 	//Create the two tasks
 180              		.loc 1 80 0
 181 0064 FFF7FEFF 		bl	setup
 182              	.LVL15:
  82:main.c        **** 	xTaskCreate(vTaskComms, (signed portCHAR *) "UART", 180, NULL, tskIDLE_PRIORITY + 2, &comms_task);
 183              		.loc 1 82 0
 184 0068 0394     		str	r4, [sp, #12]
 185 006a 0294     		str	r4, [sp, #8]
 186 006c 104B     		ldr	r3, .L9+12
 187 006e 0193     		str	r3, [sp, #4]
 188 0070 0225     		movs	r5, #2
 189 0072 0095     		str	r5, [sp]
 190 0074 0023     		movs	r3, #0
 191 0076 B222     		movs	r2, #178
 192 0078 0E49     		ldr	r1, .L9+16
 193 007a 0F48     		ldr	r0, .L9+20
 194 007c FFF7FEFF 		bl	xTaskGenericCreate
 195              	.LVL16:
  83:main.c        **** 	
 196              		.loc 1 83 0
 197 0080 0394     		str	r4, [sp, #12]
 198 0082 0294     		str	r4, [sp, #8]
 199 0084 0D4B     		ldr	r3, .L9+24
 200 0086 0193     		str	r3, [sp, #4]
 201 0088 0095     		str	r5, [sp]
 202 008a 0023     		movs	r3, #0
 203 008c B422     		movs	r2, #180
 204 008e 0C49     		ldr	r1, .L9+28
 205 0090 0C48     		ldr	r0, .L9+32
 206 0092 FFF7FEFF 		bl	xTaskGenericCreate
 207              	.LVL17:
  85:main.c        **** 	vTaskStartScheduler();
 208              		.loc 1 85 0
 209 0096 FFF7FEFF 		bl	prvHardwareSetup
 210              	.LVL18:
  86:main.c        **** }
 211              		.loc 1 86 0
 212 009a FFF7FEFF 		bl	vTaskStartScheduler
 213              	.LVL19:
  87:main.c        **** 
ARM GAS  C:\Users\VIDEOH~1\AppData\Local\Temp\ccICX7Xx.s 			page 7


 214              		.loc 1 87 0
 215 009e 0020     		movs	r0, #0
 216 00a0 05B0     		add	sp, sp, #20
 217              		@ sp needed
 218 00a2 30BD     		pop	{r4, r5, pc}
 219              	.L10:
 220              		.align	2
 221              	.L9:
 222 00a4 00000000 		.word	.LANCHOR1
 223 00a8 00000000 		.word	.LANCHOR2
 224 00ac 00000000 		.word	state
 225 00b0 00000000 		.word	ui_task
 226 00b4 00000000 		.word	.LC9
 227 00b8 00000000 		.word	vTaskUI
 228 00bc 00000000 		.word	comms_task
 229 00c0 04000000 		.word	.LC13
 230 00c4 00000000 		.word	vTaskComms
 231              		.cfi_endproc
 232              	.LFE34:
 233              		.size	main, .-main
 234              		.section	.text.vApplicationStackOverflowHook,"ax",%progbits
 235              		.align	2
 236              		.global	vApplicationStackOverflowHook
 237              		.code	16
 238              		.thumb_func
 239              		.type	vApplicationStackOverflowHook, %function
 240              	vApplicationStackOverflowHook:
 241              	.LFB36:
 106:main.c        **** 
 107:main.c        **** void vApplicationStackOverflowHook( xTaskHandle pxTask, signed char *pcTaskName )
 108:main.c        **** {
 242              		.loc 1 108 0
 243              		.cfi_startproc
 244              		@ Volatile: function does not return.
 245              		@ args = 0, pretend = 0, frame = 0
 246              		@ frame_needed = 0, uses_anonymous_args = 0
 247              	.LVL20:
 248 0000 10B5     		push	{r4, lr}
 249              		.cfi_def_cfa_offset 8
 250              		.cfi_offset 4, -8
 251              		.cfi_offset 14, -4
 109:main.c        **** 	/* The stack space has been execeeded for a task, considering allocating more. */
 110:main.c        **** 	taskDISABLE_INTERRUPTS();
 252              		.loc 1 110 0
 253              		.syntax divided
 254              	@ 110 "main.c" 1
 255 0002 72B6     		 cpsid i 
 256              	@ 0 "" 2
 257              	.LVL21:
 258              		.thumb
 259              		.syntax unified
 260              	.L12:
 111:main.c        **** 	for( ;; ) {
 112:main.c        ****         Backlight_Write(0);
 261              		.loc 1 112 0 discriminator 1
 262 0004 0020     		movs	r0, #0
 263 0006 FFF7FEFF 		bl	Backlight_Write
ARM GAS  C:\Users\VIDEOH~1\AppData\Local\Temp\ccICX7Xx.s 			page 8


 264              	.LVL22:
 113:main.c        ****         CyDelay(500);
 265              		.loc 1 113 0 discriminator 1
 266 000a FA24     		movs	r4, #250
 267 000c 6400     		lsls	r4, r4, #1
 268 000e 2000     		movs	r0, r4
 269 0010 FFF7FEFF 		bl	CyDelay
 270              	.LVL23:
 114:main.c        ****         Backlight_Write(1);
 271              		.loc 1 114 0 discriminator 1
 272 0014 0120     		movs	r0, #1
 273 0016 FFF7FEFF 		bl	Backlight_Write
 274              	.LVL24:
 115:main.c        ****         CyDelay(500);
 275              		.loc 1 115 0 discriminator 1
 276 001a 2000     		movs	r0, r4
 277 001c FFF7FEFF 		bl	CyDelay
 278              	.LVL25:
 279 0020 F0E7     		b	.L12
 280              		.cfi_endproc
 281              	.LFE36:
 282              		.size	vApplicationStackOverflowHook, .-vApplicationStackOverflowHook
 283 0022 C046     		.section	.text.vApplicationMallocFailedHook,"ax",%progbits
 284              		.align	2
 285              		.global	vApplicationMallocFailedHook
 286              		.code	16
 287              		.thumb_func
 288              		.type	vApplicationMallocFailedHook, %function
 289              	vApplicationMallocFailedHook:
 290              	.LFB37:
 116:main.c        ****     }
 117:main.c        **** }
 118:main.c        **** 
 119:main.c        **** void vApplicationMallocFailedHook( void )
 120:main.c        **** {
 291              		.loc 1 120 0
 292              		.cfi_startproc
 293              		@ Volatile: function does not return.
 294              		@ args = 0, pretend = 0, frame = 0
 295              		@ frame_needed = 0, uses_anonymous_args = 0
 296 0000 10B5     		push	{r4, lr}
 297              		.cfi_def_cfa_offset 8
 298              		.cfi_offset 4, -8
 299              		.cfi_offset 14, -4
 121:main.c        **** 	/* The heap space has been execeeded. */
 122:main.c        **** 	taskDISABLE_INTERRUPTS();
 300              		.loc 1 122 0
 301              		.syntax divided
 302              	@ 122 "main.c" 1
 303 0002 72B6     		 cpsid i 
 304              	@ 0 "" 2
 305              		.thumb
 306              		.syntax unified
 307              	.L14:
 123:main.c        **** 	for( ;; ){
 124:main.c        ****         Backlight_Write(0);
 308              		.loc 1 124 0 discriminator 1
ARM GAS  C:\Users\VIDEOH~1\AppData\Local\Temp\ccICX7Xx.s 			page 9


 309 0004 0020     		movs	r0, #0
 310 0006 FFF7FEFF 		bl	Backlight_Write
 311              	.LVL26:
 125:main.c        ****         CyDelay(2000);
 312              		.loc 1 125 0 discriminator 1
 313 000a FA24     		movs	r4, #250
 314 000c E400     		lsls	r4, r4, #3
 315 000e 2000     		movs	r0, r4
 316 0010 FFF7FEFF 		bl	CyDelay
 317              	.LVL27:
 126:main.c        ****         Backlight_Write(1);
 318              		.loc 1 126 0 discriminator 1
 319 0014 0120     		movs	r0, #1
 320 0016 FFF7FEFF 		bl	Backlight_Write
 321              	.LVL28:
 127:main.c        ****         CyDelay(2000);
 322              		.loc 1 127 0 discriminator 1
 323 001a 2000     		movs	r0, r4
 324 001c FFF7FEFF 		bl	CyDelay
 325              	.LVL29:
 326 0020 F0E7     		b	.L14
 327              		.cfi_endproc
 328              	.LFE37:
 329              		.size	vApplicationMallocFailedHook, .-vApplicationMallocFailedHook
 330              		.global	default_settings
 331              		.global	settings
 332              		.global	EEsettings
 333              		.comm	ui_task,4,4
 334              		.comm	comms_task,4,4
 335              		.comm	state,12,4
 336 0022 C046     		.section	.rodata
 337              		.align	2
 338              		.set	.LANCHOR0,. + 0
 339              		.type	default_settings, %object
 340              		.size	default_settings, 48
 341              	default_settings:
 342 0000 04       		.byte	4
 343 0001 000000   		.space	3
 344 0004 1A000000 		.word	26
 345 0008 01       		.byte	1
 346 0009 02       		.byte	2
 347 000a 03       		.byte	3
 348 000b 00       		.space	1
 349 000c BA000000 		.word	186
 350 0010 A5520000 		.word	21157
 351 0014 00000000 		.word	0
 352 0018 24000000 		.word	36
 353 001c 00000000 		.word	0
 354 0020 57020000 		.word	599
 355 0024 00000000 		.word	0
 356 0028 D8070000 		.word	2008
 357 002c 28000000 		.word	40
 358              		.data
 359              		.align	2
 360              		.set	.LANCHOR2,. + 0
 361              		.type	settings, %object
 362              		.size	settings, 4
ARM GAS  C:\Users\VIDEOH~1\AppData\Local\Temp\ccICX7Xx.s 			page 10


 363              	settings:
 364 0000 00000000 		.word	EEsettings
 365              		.section	.rodata.str1.4,"aMS",%progbits,1
 366              		.align	2
 367              	.LC9:
 368 0000 554900   		.ascii	"UI\000"
 369 0003 00       		.space	1
 370              	.LC13:
 371 0004 55415254 		.ascii	"UART\000"
 371      00
 372              		.section	.cy_checksum_exclude,"a",%progbits
 373              		.align	7
 374              		.set	.LANCHOR1,. + 0
 375              		.type	EEsettings, %object
 376              		.size	EEsettings, 512
 377              	EEsettings:
 378 0000 00000000 		.space	512
 378      00000000 
 378      00000000 
 378      00000000 
 378      00000000 
 379              		.text
 380              	.Letext0:
 381              		.file 2 "c:\\program files (x86)\\cypress\\psoc creator\\4.2\\psoc creator\\import\\gnu\\arm\\5.4.
 382              		.file 3 "c:\\program files (x86)\\cypress\\psoc creator\\4.2\\psoc creator\\import\\gnu\\arm\\5.4.
 383              		.file 4 "Generated_Source\\PSoC4/cytypes.h"
 384              		.file 5 "Generated_Source\\PSoC4/cy_em_eeprom.h"
 385              		.file 6 ".\\freertos\\include/task.h"
 386              		.file 7 "config.h"
 387              		.file 8 "Generated_Source\\PSoC4/EEPROM.h"
 388              		.file 9 "Generated_Source\\PSoC4/Backlight.h"
 389              		.file 10 "Generated_Source\\PSoC4/disp_reset.h"
 390              		.file 11 "Generated_Source\\PSoC4/CyLib.h"
 391              		.file 12 "Generated_Source\\PSoC4/Display.h"
 392              		.file 13 "Generated_Source\\PSoC4/IDAC_High.h"
 393              		.file 14 "Generated_Source\\PSoC4/IDAC_Low.h"
 394              		.file 15 "tasks.h"
 395              		.section	.debug_info,"",%progbits
 396              	.Ldebug_info0:
 397 0000 75070000 		.4byte	0x775
 398 0004 0400     		.2byte	0x4
 399 0006 00000000 		.4byte	.Ldebug_abbrev0
 400 000a 04       		.byte	0x4
 401 000b 01       		.uleb128 0x1
 402 000c 68000000 		.4byte	.LASF97
 403 0010 0C       		.byte	0xc
 404 0011 27050000 		.4byte	.LASF98
 405 0015 0B000000 		.4byte	.LASF99
 406 0019 00000000 		.4byte	.Ldebug_ranges0+0
 407 001d 00000000 		.4byte	0
 408 0021 00000000 		.4byte	.Ldebug_line0
 409 0025 02       		.uleb128 0x2
 410 0026 01       		.byte	0x1
 411 0027 06       		.byte	0x6
 412 0028 BA030000 		.4byte	.LASF0
 413 002c 03       		.uleb128 0x3
 414 002d 11040000 		.4byte	.LASF9
ARM GAS  C:\Users\VIDEOH~1\AppData\Local\Temp\ccICX7Xx.s 			page 11


 415 0031 02       		.byte	0x2
 416 0032 1D       		.byte	0x1d
 417 0033 37000000 		.4byte	0x37
 418 0037 02       		.uleb128 0x2
 419 0038 01       		.byte	0x1
 420 0039 08       		.byte	0x8
 421 003a 54030000 		.4byte	.LASF1
 422 003e 02       		.uleb128 0x2
 423 003f 02       		.byte	0x2
 424 0040 05       		.byte	0x5
 425 0041 3B010000 		.4byte	.LASF2
 426 0045 02       		.uleb128 0x2
 427 0046 02       		.byte	0x2
 428 0047 07       		.byte	0x7
 429 0048 0D050000 		.4byte	.LASF3
 430 004c 02       		.uleb128 0x2
 431 004d 04       		.byte	0x4
 432 004e 05       		.byte	0x5
 433 004f EE020000 		.4byte	.LASF4
 434 0053 02       		.uleb128 0x2
 435 0054 04       		.byte	0x4
 436 0055 07       		.byte	0x7
 437 0056 2E050000 		.4byte	.LASF5
 438 005a 02       		.uleb128 0x2
 439 005b 08       		.byte	0x8
 440 005c 05       		.byte	0x5
 441 005d E0010000 		.4byte	.LASF6
 442 0061 02       		.uleb128 0x2
 443 0062 08       		.byte	0x8
 444 0063 07       		.byte	0x7
 445 0064 C6030000 		.4byte	.LASF7
 446 0068 04       		.uleb128 0x4
 447 0069 04       		.byte	0x4
 448 006a 05       		.byte	0x5
 449 006b 696E7400 		.ascii	"int\000"
 450 006f 02       		.uleb128 0x2
 451 0070 04       		.byte	0x4
 452 0071 07       		.byte	0x7
 453 0072 F1030000 		.4byte	.LASF8
 454 0076 03       		.uleb128 0x3
 455 0077 A5050000 		.4byte	.LASF10
 456 007b 03       		.byte	0x3
 457 007c 18       		.byte	0x18
 458 007d 2C000000 		.4byte	0x2c
 459 0081 05       		.uleb128 0x5
 460 0082 49020000 		.4byte	.LASF11
 461 0086 04       		.byte	0x4
 462 0087 E401     		.2byte	0x1e4
 463 0089 37000000 		.4byte	0x37
 464 008d 05       		.uleb128 0x5
 465 008e 20050000 		.4byte	.LASF12
 466 0092 04       		.byte	0x4
 467 0093 E601     		.2byte	0x1e6
 468 0095 53000000 		.4byte	0x53
 469 0099 02       		.uleb128 0x2
 470 009a 04       		.byte	0x4
 471 009b 04       		.byte	0x4
ARM GAS  C:\Users\VIDEOH~1\AppData\Local\Temp\ccICX7Xx.s 			page 12


 472 009c 9A020000 		.4byte	.LASF13
 473 00a0 02       		.uleb128 0x2
 474 00a1 08       		.byte	0x8
 475 00a2 04       		.byte	0x4
 476 00a3 F9050000 		.4byte	.LASF14
 477 00a7 02       		.uleb128 0x2
 478 00a8 01       		.byte	0x1
 479 00a9 08       		.byte	0x8
 480 00aa 6B040000 		.4byte	.LASF15
 481 00ae 05       		.uleb128 0x5
 482 00af 7A030000 		.4byte	.LASF16
 483 00b3 04       		.byte	0x4
 484 00b4 A002     		.2byte	0x2a0
 485 00b6 BA000000 		.4byte	0xba
 486 00ba 06       		.uleb128 0x6
 487 00bb 04       		.byte	0x4
 488 00bc C0000000 		.4byte	0xc0
 489 00c0 07       		.uleb128 0x7
 490 00c1 02       		.uleb128 0x2
 491 00c2 04       		.byte	0x4
 492 00c3 07       		.byte	0x7
 493 00c4 69010000 		.4byte	.LASF17
 494 00c8 08       		.uleb128 0x8
 495 00c9 04       		.byte	0x4
 496 00ca 09       		.uleb128 0x9
 497 00cb 1C       		.byte	0x1c
 498 00cc 05       		.byte	0x5
 499 00cd 1601     		.2byte	0x116
 500 00cf 3C010000 		.4byte	0x13c
 501 00d3 0A       		.uleb128 0xa
 502 00d4 BC040000 		.4byte	.LASF18
 503 00d8 05       		.byte	0x5
 504 00d9 1B01     		.2byte	0x11b
 505 00db 8D000000 		.4byte	0x8d
 506 00df 00       		.byte	0
 507 00e0 0A       		.uleb128 0xa
 508 00e1 3C060000 		.4byte	.LASF19
 509 00e5 05       		.byte	0x5
 510 00e6 2001     		.2byte	0x120
 511 00e8 8D000000 		.4byte	0x8d
 512 00ec 04       		.byte	0x4
 513 00ed 0A       		.uleb128 0xa
 514 00ee 26060000 		.4byte	.LASF20
 515 00f2 05       		.byte	0x5
 516 00f3 2301     		.2byte	0x123
 517 00f5 8D000000 		.4byte	0x8d
 518 00f9 08       		.byte	0x8
 519 00fa 0A       		.uleb128 0xa
 520 00fb 01010000 		.4byte	.LASF21
 521 00ff 05       		.byte	0x5
 522 0100 2601     		.2byte	0x126
 523 0102 8D000000 		.4byte	0x8d
 524 0106 0C       		.byte	0xc
 525 0107 0A       		.uleb128 0xa
 526 0108 0B060000 		.4byte	.LASF22
 527 010c 05       		.byte	0x5
 528 010d 2B01     		.2byte	0x12b
ARM GAS  C:\Users\VIDEOH~1\AppData\Local\Temp\ccICX7Xx.s 			page 13


 529 010f 8D000000 		.4byte	0x8d
 530 0113 10       		.byte	0x10
 531 0114 0A       		.uleb128 0xa
 532 0115 C6040000 		.4byte	.LASF23
 533 0119 05       		.byte	0x5
 534 011a 2E01     		.2byte	0x12e
 535 011c 81000000 		.4byte	0x81
 536 0120 14       		.byte	0x14
 537 0121 0A       		.uleb128 0xa
 538 0122 0C020000 		.4byte	.LASF24
 539 0126 05       		.byte	0x5
 540 0127 3301     		.2byte	0x133
 541 0129 81000000 		.4byte	0x81
 542 012d 15       		.byte	0x15
 543 012e 0A       		.uleb128 0xa
 544 012f FE030000 		.4byte	.LASF25
 545 0133 05       		.byte	0x5
 546 0134 3601     		.2byte	0x136
 547 0136 8D000000 		.4byte	0x8d
 548 013a 18       		.byte	0x18
 549 013b 00       		.byte	0
 550 013c 05       		.uleb128 0x5
 551 013d D4040000 		.4byte	.LASF26
 552 0141 05       		.byte	0x5
 553 0142 3701     		.2byte	0x137
 554 0144 CA000000 		.4byte	0xca
 555 0148 03       		.uleb128 0x3
 556 0149 E5030000 		.4byte	.LASF27
 557 014d 06       		.byte	0x6
 558 014e 60       		.byte	0x60
 559 014f C8000000 		.4byte	0xc8
 560 0153 0B       		.uleb128 0xb
 561 0154 0C       		.byte	0xc
 562 0155 07       		.byte	0x7
 563 0156 3E       		.byte	0x3e
 564 0157 80010000 		.4byte	0x180
 565 015b 0C       		.uleb128 0xc
 566 015c C9020000 		.4byte	.LASF28
 567 0160 07       		.byte	0x7
 568 0161 3F       		.byte	0x3f
 569 0162 68000000 		.4byte	0x68
 570 0166 00       		.byte	0
 571 0167 0C       		.uleb128 0xc
 572 0168 95040000 		.4byte	.LASF29
 573 016c 07       		.byte	0x7
 574 016d 40       		.byte	0x40
 575 016e 68000000 		.4byte	0x68
 576 0172 04       		.byte	0x4
 577 0173 0C       		.uleb128 0xc
 578 0174 EE010000 		.4byte	.LASF30
 579 0178 07       		.byte	0x7
 580 0179 41       		.byte	0x41
 581 017a 76000000 		.4byte	0x76
 582 017e 08       		.byte	0x8
 583 017f 00       		.byte	0
 584 0180 03       		.uleb128 0x3
 585 0181 34060000 		.4byte	.LASF31
ARM GAS  C:\Users\VIDEOH~1\AppData\Local\Temp\ccICX7Xx.s 			page 14


 586 0185 07       		.byte	0x7
 587 0186 42       		.byte	0x42
 588 0187 53010000 		.4byte	0x153
 589 018b 0D       		.uleb128 0xd
 590 018c 01       		.byte	0x1
 591 018d 37000000 		.4byte	0x37
 592 0191 07       		.byte	0x7
 593 0192 46       		.byte	0x46
 594 0193 C8010000 		.4byte	0x1c8
 595 0197 0E       		.uleb128 0xe
 596 0198 88040000 		.4byte	.LASF32
 597 019c 00       		.byte	0
 598 019d 0E       		.uleb128 0xe
 599 019e 55050000 		.4byte	.LASF33
 600 01a2 01       		.byte	0x1
 601 01a3 0E       		.uleb128 0xe
 602 01a4 87030000 		.4byte	.LASF34
 603 01a8 02       		.byte	0x2
 604 01a9 0E       		.uleb128 0xe
 605 01aa 8A020000 		.4byte	.LASF35
 606 01ae 03       		.byte	0x3
 607 01af 0E       		.uleb128 0xe
 608 01b0 4D040000 		.4byte	.LASF36
 609 01b4 04       		.byte	0x4
 610 01b5 0E       		.uleb128 0xe
 611 01b6 23020000 		.4byte	.LASF37
 612 01ba 05       		.byte	0x5
 613 01bb 0E       		.uleb128 0xe
 614 01bc 0A030000 		.4byte	.LASF38
 615 01c0 06       		.byte	0x6
 616 01c1 0E       		.uleb128 0xe
 617 01c2 28040000 		.4byte	.LASF39
 618 01c6 07       		.byte	0x7
 619 01c7 00       		.byte	0
 620 01c8 03       		.uleb128 0x3
 621 01c9 BE010000 		.4byte	.LASF40
 622 01cd 07       		.byte	0x7
 623 01ce 4F       		.byte	0x4f
 624 01cf 8B010000 		.4byte	0x18b
 625 01d3 0B       		.uleb128 0xb
 626 01d4 03       		.byte	0x3
 627 01d5 07       		.byte	0x7
 628 01d6 52       		.byte	0x52
 629 01d7 E8010000 		.4byte	0x1e8
 630 01db 0C       		.uleb128 0xc
 631 01dc 1A020000 		.4byte	.LASF41
 632 01e0 07       		.byte	0x7
 633 01e1 53       		.byte	0x53
 634 01e2 FD010000 		.4byte	0x1fd
 635 01e6 00       		.byte	0
 636 01e7 00       		.byte	0
 637 01e8 0F       		.uleb128 0xf
 638 01e9 F8010000 		.4byte	0x1f8
 639 01ed F8010000 		.4byte	0x1f8
 640 01f1 10       		.uleb128 0x10
 641 01f2 C1000000 		.4byte	0xc1
 642 01f6 02       		.byte	0x2
ARM GAS  C:\Users\VIDEOH~1\AppData\Local\Temp\ccICX7Xx.s 			page 15


 643 01f7 00       		.byte	0
 644 01f8 11       		.uleb128 0x11
 645 01f9 C8010000 		.4byte	0x1c8
 646 01fd 11       		.uleb128 0x11
 647 01fe E8010000 		.4byte	0x1e8
 648 0202 03       		.uleb128 0x3
 649 0203 FC040000 		.4byte	.LASF42
 650 0207 07       		.byte	0x7
 651 0208 54       		.byte	0x54
 652 0209 D3010000 		.4byte	0x1d3
 653 020d 0B       		.uleb128 0xb
 654 020e 03       		.byte	0x3
 655 020f 07       		.byte	0x7
 656 0210 58       		.byte	0x58
 657 0211 21020000 		.4byte	0x221
 658 0215 12       		.uleb128 0x12
 659 0216 636300   		.ascii	"cc\000"
 660 0219 07       		.byte	0x7
 661 021a 59       		.byte	0x59
 662 021b 02020000 		.4byte	0x202
 663 021f 00       		.byte	0
 664 0220 00       		.byte	0
 665 0221 13       		.uleb128 0x13
 666 0222 03       		.byte	0x3
 667 0223 07       		.byte	0x7
 668 0224 57       		.byte	0x57
 669 0225 40020000 		.4byte	0x240
 670 0229 14       		.uleb128 0x14
 671 022a 9D030000 		.4byte	.LASF43
 672 022e 07       		.byte	0x7
 673 022f 5A       		.byte	0x5a
 674 0230 0D020000 		.4byte	0x20d
 675 0234 14       		.uleb128 0x14
 676 0235 8C050000 		.4byte	.LASF44
 677 0239 07       		.byte	0x7
 678 023a 5B       		.byte	0x5b
 679 023b 40020000 		.4byte	0x240
 680 023f 00       		.byte	0
 681 0240 0F       		.uleb128 0xf
 682 0241 02020000 		.4byte	0x202
 683 0245 50020000 		.4byte	0x250
 684 0249 10       		.uleb128 0x10
 685 024a C1000000 		.4byte	0xc1
 686 024e 00       		.byte	0
 687 024f 00       		.byte	0
 688 0250 03       		.uleb128 0x3
 689 0251 72010000 		.4byte	.LASF45
 690 0255 07       		.byte	0x7
 691 0256 5C       		.byte	0x5c
 692 0257 21020000 		.4byte	0x221
 693 025b 0B       		.uleb128 0xb
 694 025c 24       		.byte	0x24
 695 025d 07       		.byte	0x7
 696 025e 5E       		.byte	0x5e
 697 025f D0020000 		.4byte	0x2d0
 698 0263 0C       		.uleb128 0xc
 699 0264 1B040000 		.4byte	.LASF46
ARM GAS  C:\Users\VIDEOH~1\AppData\Local\Temp\ccICX7Xx.s 			page 16


 700 0268 07       		.byte	0x7
 701 0269 5F       		.byte	0x5f
 702 026a 68000000 		.4byte	0x68
 703 026e 00       		.byte	0
 704 026f 0C       		.uleb128 0xc
 705 0270 62030000 		.4byte	.LASF47
 706 0274 07       		.byte	0x7
 707 0275 60       		.byte	0x60
 708 0276 68000000 		.4byte	0x68
 709 027a 04       		.byte	0x4
 710 027b 0C       		.uleb128 0xc
 711 027c 00000000 		.4byte	.LASF48
 712 0280 07       		.byte	0x7
 713 0281 61       		.byte	0x61
 714 0282 68000000 		.4byte	0x68
 715 0286 08       		.byte	0x8
 716 0287 0C       		.uleb128 0xc
 717 0288 FA010000 		.4byte	.LASF49
 718 028c 07       		.byte	0x7
 719 028d 62       		.byte	0x62
 720 028e 68000000 		.4byte	0x68
 721 0292 0C       		.byte	0xc
 722 0293 0C       		.uleb128 0xc
 723 0294 70040000 		.4byte	.LASF50
 724 0298 07       		.byte	0x7
 725 0299 64       		.byte	0x64
 726 029a 68000000 		.4byte	0x68
 727 029e 10       		.byte	0x10
 728 029f 0C       		.uleb128 0xc
 729 02a0 AD050000 		.4byte	.LASF51
 730 02a4 07       		.byte	0x7
 731 02a5 65       		.byte	0x65
 732 02a6 68000000 		.4byte	0x68
 733 02aa 14       		.byte	0x14
 734 02ab 0C       		.uleb128 0xc
 735 02ac F7020000 		.4byte	.LASF52
 736 02b0 07       		.byte	0x7
 737 02b1 67       		.byte	0x67
 738 02b2 68000000 		.4byte	0x68
 739 02b6 18       		.byte	0x18
 740 02b7 0C       		.uleb128 0xc
 741 02b8 E8050000 		.4byte	.LASF53
 742 02bc 07       		.byte	0x7
 743 02bd 68       		.byte	0x68
 744 02be 68000000 		.4byte	0x68
 745 02c2 1C       		.byte	0x1c
 746 02c3 0C       		.uleb128 0xc
 747 02c4 BE050000 		.4byte	.LASF54
 748 02c8 07       		.byte	0x7
 749 02c9 6A       		.byte	0x6a
 750 02ca 68000000 		.4byte	0x68
 751 02ce 20       		.byte	0x20
 752 02cf 00       		.byte	0
 753 02d0 03       		.uleb128 0x3
 754 02d1 A3030000 		.4byte	.LASF55
 755 02d5 07       		.byte	0x7
 756 02d6 6B       		.byte	0x6b
ARM GAS  C:\Users\VIDEOH~1\AppData\Local\Temp\ccICX7Xx.s 			page 17


 757 02d7 5B020000 		.4byte	0x25b
 758 02db 0B       		.uleb128 0xb
 759 02dc 30       		.byte	0x30
 760 02dd 07       		.byte	0x7
 761 02de 6D       		.byte	0x6d
 762 02df 14030000 		.4byte	0x314
 763 02e3 0C       		.uleb128 0xc
 764 02e4 20030000 		.4byte	.LASF56
 765 02e8 07       		.byte	0x7
 766 02e9 6E       		.byte	0x6e
 767 02ea 76000000 		.4byte	0x76
 768 02ee 00       		.byte	0
 769 02ef 0C       		.uleb128 0xc
 770 02f0 B1010000 		.4byte	.LASF57
 771 02f4 07       		.byte	0x7
 772 02f5 6F       		.byte	0x6f
 773 02f6 68000000 		.4byte	0x68
 774 02fa 04       		.byte	0x4
 775 02fb 0C       		.uleb128 0xc
 776 02fc CF010000 		.4byte	.LASF58
 777 0300 07       		.byte	0x7
 778 0301 70       		.byte	0x70
 779 0302 50020000 		.4byte	0x250
 780 0306 08       		.byte	0x8
 781 0307 0C       		.uleb128 0xc
 782 0308 45010000 		.4byte	.LASF59
 783 030c 07       		.byte	0x7
 784 030d 71       		.byte	0x71
 785 030e D0020000 		.4byte	0x2d0
 786 0312 0C       		.byte	0xc
 787 0313 00       		.byte	0
 788 0314 03       		.uleb128 0x3
 789 0315 00060000 		.4byte	.LASF60
 790 0319 07       		.byte	0x7
 791 031a 72       		.byte	0x72
 792 031b DB020000 		.4byte	0x2db
 793 031f 0D       		.uleb128 0xd
 794 0320 01       		.byte	0x1
 795 0321 37000000 		.4byte	0x37
 796 0325 07       		.byte	0x7
 797 0326 86       		.byte	0x86
 798 0327 3E030000 		.4byte	0x33e
 799 032b 0E       		.uleb128 0xe
 800 032c 5B040000 		.4byte	.LASF61
 801 0330 00       		.byte	0
 802 0331 0E       		.uleb128 0xe
 803 0332 5A010000 		.4byte	.LASF62
 804 0336 01       		.byte	0x1
 805 0337 0E       		.uleb128 0xe
 806 0338 40050000 		.4byte	.LASF63
 807 033c 02       		.byte	0x2
 808 033d 00       		.byte	0
 809 033e 15       		.uleb128 0x15
 810 033f A3010000 		.4byte	.LASF100
 811 0343 01       		.byte	0x1
 812 0344 2D       		.byte	0x2d
 813 0345 00000000 		.4byte	.LFB33
ARM GAS  C:\Users\VIDEOH~1\AppData\Local\Temp\ccICX7Xx.s 			page 18


 814 0349 18000000 		.4byte	.LFE33-.LFB33
 815 034d 01       		.uleb128 0x1
 816 034e 9C       		.byte	0x9c
 817 034f 72030000 		.4byte	0x372
 818 0353 16       		.uleb128 0x16
 819 0354 0E000000 		.4byte	.LVL0
 820 0358 C5060000 		.4byte	0x6c5
 821 035c 17       		.uleb128 0x17
 822 035d 01       		.uleb128 0x1
 823 035e 50       		.byte	0x50
 824 035f 01       		.uleb128 0x1
 825 0360 30       		.byte	0x30
 826 0361 17       		.uleb128 0x17
 827 0362 01       		.uleb128 0x1
 828 0363 51       		.byte	0x51
 829 0364 05       		.uleb128 0x5
 830 0365 03       		.byte	0x3
 831 0366 00000000 		.4byte	.LANCHOR0
 832 036a 17       		.uleb128 0x17
 833 036b 01       		.uleb128 0x1
 834 036c 52       		.byte	0x52
 835 036d 02       		.uleb128 0x2
 836 036e 08       		.byte	0x8
 837 036f 30       		.byte	0x30
 838 0370 00       		.byte	0
 839 0371 00       		.byte	0
 840 0372 18       		.uleb128 0x18
 841 0373 D7050000 		.4byte	.LASF67
 842 0377 01       		.byte	0x1
 843 0378 5D       		.byte	0x5d
 844 0379 00000000 		.4byte	.LFB35
 845 037d 20000000 		.4byte	.LFE35-.LFB35
 846 0381 01       		.uleb128 0x1
 847 0382 9C       		.byte	0x9c
 848 0383 A8030000 		.4byte	0x3a8
 849 0387 19       		.uleb128 0x19
 850 0388 A9040000 		.4byte	.LASF64
 851 038c 01       		.byte	0x1
 852 038d 60       		.byte	0x60
 853 038e 19       		.uleb128 0x19
 854 038f 85010000 		.4byte	.LASF65
 855 0393 01       		.byte	0x1
 856 0394 61       		.byte	0x61
 857 0395 19       		.uleb128 0x19
 858 0396 55020000 		.4byte	.LASF66
 859 039a 01       		.byte	0x1
 860 039b 62       		.byte	0x62
 861 039c 1A       		.uleb128 0x1a
 862 039d 22010000 		.4byte	.LASF73
 863 03a1 01       		.byte	0x1
 864 03a2 63       		.byte	0x63
 865 03a3 A8030000 		.4byte	0x3a8
 866 03a7 00       		.byte	0
 867 03a8 0F       		.uleb128 0xf
 868 03a9 AE000000 		.4byte	0xae
 869 03ad B3030000 		.4byte	0x3b3
 870 03b1 1B       		.uleb128 0x1b
ARM GAS  C:\Users\VIDEOH~1\AppData\Local\Temp\ccICX7Xx.s 			page 19


 871 03b2 00       		.byte	0
 872 03b3 1C       		.uleb128 0x1c
 873 03b4 83040000 		.4byte	.LASF68
 874 03b8 01       		.byte	0x1
 875 03b9 34       		.byte	0x34
 876 03ba 68000000 		.4byte	0x68
 877 03be 00000000 		.4byte	.LFB34
 878 03c2 C8000000 		.4byte	.LFE34-.LFB34
 879 03c6 01       		.uleb128 0x1
 880 03c7 9C       		.byte	0x9c
 881 03c8 3F050000 		.4byte	0x53f
 882 03cc 1D       		.uleb128 0x1d
 883 03cd 0C000000 		.4byte	.LVL1
 884 03d1 D1060000 		.4byte	0x6d1
 885 03d5 E3030000 		.4byte	0x3e3
 886 03d9 17       		.uleb128 0x17
 887 03da 01       		.uleb128 0x1
 888 03db 50       		.byte	0x50
 889 03dc 05       		.uleb128 0x5
 890 03dd 03       		.byte	0x3
 891 03de 00000000 		.4byte	.LANCHOR1
 892 03e2 00       		.byte	0
 893 03e3 1E       		.uleb128 0x1e
 894 03e4 1A000000 		.4byte	.LVL2
 895 03e8 3E030000 		.4byte	0x33e
 896 03ec 1D       		.uleb128 0x1d
 897 03ed 20000000 		.4byte	.LVL3
 898 03f1 DC060000 		.4byte	0x6dc
 899 03f5 FF030000 		.4byte	0x3ff
 900 03f9 17       		.uleb128 0x17
 901 03fa 01       		.uleb128 0x1
 902 03fb 50       		.byte	0x50
 903 03fc 01       		.uleb128 0x1
 904 03fd 31       		.byte	0x31
 905 03fe 00       		.byte	0
 906 03ff 1D       		.uleb128 0x1d
 907 0400 26000000 		.4byte	.LVL4
 908 0404 E7060000 		.4byte	0x6e7
 909 0408 12040000 		.4byte	0x412
 910 040c 17       		.uleb128 0x17
 911 040d 01       		.uleb128 0x1
 912 040e 50       		.byte	0x50
 913 040f 01       		.uleb128 0x1
 914 0410 30       		.byte	0x30
 915 0411 00       		.byte	0
 916 0412 1D       		.uleb128 0x1d
 917 0413 2C000000 		.4byte	.LVL5
 918 0417 F2060000 		.4byte	0x6f2
 919 041b 25040000 		.4byte	0x425
 920 041f 17       		.uleb128 0x17
 921 0420 01       		.uleb128 0x1
 922 0421 50       		.byte	0x50
 923 0422 01       		.uleb128 0x1
 924 0423 3A       		.byte	0x3a
 925 0424 00       		.byte	0
 926 0425 1D       		.uleb128 0x1d
 927 0426 32000000 		.4byte	.LVL6
ARM GAS  C:\Users\VIDEOH~1\AppData\Local\Temp\ccICX7Xx.s 			page 20


 928 042a E7060000 		.4byte	0x6e7
 929 042e 38040000 		.4byte	0x438
 930 0432 17       		.uleb128 0x17
 931 0433 01       		.uleb128 0x1
 932 0434 50       		.byte	0x50
 933 0435 01       		.uleb128 0x1
 934 0436 31       		.byte	0x31
 935 0437 00       		.byte	0
 936 0438 1D       		.uleb128 0x1d
 937 0439 38000000 		.4byte	.LVL7
 938 043d F2060000 		.4byte	0x6f2
 939 0441 4B040000 		.4byte	0x44b
 940 0445 17       		.uleb128 0x17
 941 0446 01       		.uleb128 0x1
 942 0447 50       		.byte	0x50
 943 0448 01       		.uleb128 0x1
 944 0449 3A       		.byte	0x3a
 945 044a 00       		.byte	0
 946 044b 1E       		.uleb128 0x1e
 947 044c 3C000000 		.4byte	.LVL8
 948 0450 FD060000 		.4byte	0x6fd
 949 0454 1E       		.uleb128 0x1e
 950 0455 46000000 		.4byte	.LVL9
 951 0459 08070000 		.4byte	0x708
 952 045d 1E       		.uleb128 0x1e
 953 045e 4A000000 		.4byte	.LVL10
 954 0462 13070000 		.4byte	0x713
 955 0466 1E       		.uleb128 0x1e
 956 0467 4E000000 		.4byte	.LVL11
 957 046b 1E070000 		.4byte	0x71e
 958 046f 1D       		.uleb128 0x1d
 959 0470 5A000000 		.4byte	.LVL12
 960 0474 29070000 		.4byte	0x729
 961 0478 83040000 		.4byte	0x483
 962 047c 17       		.uleb128 0x17
 963 047d 01       		.uleb128 0x1
 964 047e 50       		.byte	0x50
 965 047f 02       		.uleb128 0x2
 966 0480 74       		.byte	0x74
 967 0481 00       		.sleb128 0
 968 0482 00       		.byte	0
 969 0483 1D       		.uleb128 0x1d
 970 0484 60000000 		.4byte	.LVL13
 971 0488 34070000 		.4byte	0x734
 972 048c 96040000 		.4byte	0x496
 973 0490 17       		.uleb128 0x17
 974 0491 01       		.uleb128 0x1
 975 0492 50       		.byte	0x50
 976 0493 01       		.uleb128 0x1
 977 0494 32       		.byte	0x32
 978 0495 00       		.byte	0
 979 0496 1E       		.uleb128 0x1e
 980 0497 64000000 		.4byte	.LVL14
 981 049b 3F070000 		.4byte	0x73f
 982 049f 1E       		.uleb128 0x1e
 983 04a0 68000000 		.4byte	.LVL15
 984 04a4 4A070000 		.4byte	0x74a
ARM GAS  C:\Users\VIDEOH~1\AppData\Local\Temp\ccICX7Xx.s 			page 21


 985 04a8 1D       		.uleb128 0x1d
 986 04a9 80000000 		.4byte	.LVL16
 987 04ad 55070000 		.4byte	0x755
 988 04b1 EA040000 		.4byte	0x4ea
 989 04b5 17       		.uleb128 0x17
 990 04b6 01       		.uleb128 0x1
 991 04b7 51       		.byte	0x51
 992 04b8 05       		.uleb128 0x5
 993 04b9 03       		.byte	0x3
 994 04ba 00000000 		.4byte	.LC9
 995 04be 17       		.uleb128 0x17
 996 04bf 01       		.uleb128 0x1
 997 04c0 52       		.byte	0x52
 998 04c1 02       		.uleb128 0x2
 999 04c2 08       		.byte	0x8
 1000 04c3 B2       		.byte	0xb2
 1001 04c4 17       		.uleb128 0x17
 1002 04c5 01       		.uleb128 0x1
 1003 04c6 53       		.byte	0x53
 1004 04c7 02       		.uleb128 0x2
 1005 04c8 74       		.byte	0x74
 1006 04c9 00       		.sleb128 0
 1007 04ca 17       		.uleb128 0x17
 1008 04cb 02       		.uleb128 0x2
 1009 04cc 7D       		.byte	0x7d
 1010 04cd 00       		.sleb128 0
 1011 04ce 02       		.uleb128 0x2
 1012 04cf 75       		.byte	0x75
 1013 04d0 00       		.sleb128 0
 1014 04d1 17       		.uleb128 0x17
 1015 04d2 02       		.uleb128 0x2
 1016 04d3 7D       		.byte	0x7d
 1017 04d4 04       		.sleb128 4
 1018 04d5 05       		.uleb128 0x5
 1019 04d6 03       		.byte	0x3
 1020 04d7 00000000 		.4byte	ui_task
 1021 04db 17       		.uleb128 0x17
 1022 04dc 02       		.uleb128 0x2
 1023 04dd 7D       		.byte	0x7d
 1024 04de 08       		.sleb128 8
 1025 04df 02       		.uleb128 0x2
 1026 04e0 74       		.byte	0x74
 1027 04e1 00       		.sleb128 0
 1028 04e2 17       		.uleb128 0x17
 1029 04e3 02       		.uleb128 0x2
 1030 04e4 7D       		.byte	0x7d
 1031 04e5 0C       		.sleb128 12
 1032 04e6 02       		.uleb128 0x2
 1033 04e7 74       		.byte	0x74
 1034 04e8 00       		.sleb128 0
 1035 04e9 00       		.byte	0
 1036 04ea 1D       		.uleb128 0x1d
 1037 04eb 96000000 		.4byte	.LVL17
 1038 04ef 55070000 		.4byte	0x755
 1039 04f3 2C050000 		.4byte	0x52c
 1040 04f7 17       		.uleb128 0x17
 1041 04f8 01       		.uleb128 0x1
ARM GAS  C:\Users\VIDEOH~1\AppData\Local\Temp\ccICX7Xx.s 			page 22


 1042 04f9 51       		.byte	0x51
 1043 04fa 05       		.uleb128 0x5
 1044 04fb 03       		.byte	0x3
 1045 04fc 04000000 		.4byte	.LC13
 1046 0500 17       		.uleb128 0x17
 1047 0501 01       		.uleb128 0x1
 1048 0502 52       		.byte	0x52
 1049 0503 02       		.uleb128 0x2
 1050 0504 08       		.byte	0x8
 1051 0505 B4       		.byte	0xb4
 1052 0506 17       		.uleb128 0x17
 1053 0507 01       		.uleb128 0x1
 1054 0508 53       		.byte	0x53
 1055 0509 02       		.uleb128 0x2
 1056 050a 74       		.byte	0x74
 1057 050b 00       		.sleb128 0
 1058 050c 17       		.uleb128 0x17
 1059 050d 02       		.uleb128 0x2
 1060 050e 7D       		.byte	0x7d
 1061 050f 00       		.sleb128 0
 1062 0510 02       		.uleb128 0x2
 1063 0511 75       		.byte	0x75
 1064 0512 00       		.sleb128 0
 1065 0513 17       		.uleb128 0x17
 1066 0514 02       		.uleb128 0x2
 1067 0515 7D       		.byte	0x7d
 1068 0516 04       		.sleb128 4
 1069 0517 05       		.uleb128 0x5
 1070 0518 03       		.byte	0x3
 1071 0519 00000000 		.4byte	comms_task
 1072 051d 17       		.uleb128 0x17
 1073 051e 02       		.uleb128 0x2
 1074 051f 7D       		.byte	0x7d
 1075 0520 08       		.sleb128 8
 1076 0521 02       		.uleb128 0x2
 1077 0522 74       		.byte	0x74
 1078 0523 00       		.sleb128 0
 1079 0524 17       		.uleb128 0x17
 1080 0525 02       		.uleb128 0x2
 1081 0526 7D       		.byte	0x7d
 1082 0527 0C       		.sleb128 12
 1083 0528 02       		.uleb128 0x2
 1084 0529 74       		.byte	0x74
 1085 052a 00       		.sleb128 0
 1086 052b 00       		.byte	0
 1087 052c 1E       		.uleb128 0x1e
 1088 052d 9A000000 		.4byte	.LVL18
 1089 0531 72030000 		.4byte	0x372
 1090 0535 1E       		.uleb128 0x1e
 1091 0536 9E000000 		.4byte	.LVL19
 1092 053a 61070000 		.4byte	0x761
 1093 053e 00       		.byte	0
 1094 053f 1F       		.uleb128 0x1f
 1095 0540 65020000 		.4byte	.LASF71
 1096 0544 01       		.byte	0x1
 1097 0545 6B       		.byte	0x6b
 1098 0546 00000000 		.4byte	.LFB36
ARM GAS  C:\Users\VIDEOH~1\AppData\Local\Temp\ccICX7Xx.s 			page 23


 1099 054a 22000000 		.4byte	.LFE36-.LFB36
 1100 054e 01       		.uleb128 0x1
 1101 054f 9C       		.byte	0x9c
 1102 0550 BD050000 		.4byte	0x5bd
 1103 0554 20       		.uleb128 0x20
 1104 0555 83020000 		.4byte	.LASF69
 1105 0559 01       		.byte	0x1
 1106 055a 6B       		.byte	0x6b
 1107 055b 48010000 		.4byte	0x148
 1108 055f 00000000 		.4byte	.LLST0
 1109 0563 20       		.uleb128 0x20
 1110 0564 69060000 		.4byte	.LASF70
 1111 0568 01       		.byte	0x1
 1112 0569 6B       		.byte	0x6b
 1113 056a BD050000 		.4byte	0x5bd
 1114 056e 21000000 		.4byte	.LLST1
 1115 0572 1D       		.uleb128 0x1d
 1116 0573 0A000000 		.4byte	.LVL22
 1117 0577 DC060000 		.4byte	0x6dc
 1118 057b 85050000 		.4byte	0x585
 1119 057f 17       		.uleb128 0x17
 1120 0580 01       		.uleb128 0x1
 1121 0581 50       		.byte	0x50
 1122 0582 01       		.uleb128 0x1
 1123 0583 30       		.byte	0x30
 1124 0584 00       		.byte	0
 1125 0585 1D       		.uleb128 0x1d
 1126 0586 14000000 		.4byte	.LVL23
 1127 058a 6D070000 		.4byte	0x76d
 1128 058e 99050000 		.4byte	0x599
 1129 0592 17       		.uleb128 0x17
 1130 0593 01       		.uleb128 0x1
 1131 0594 50       		.byte	0x50
 1132 0595 02       		.uleb128 0x2
 1133 0596 74       		.byte	0x74
 1134 0597 00       		.sleb128 0
 1135 0598 00       		.byte	0
 1136 0599 1D       		.uleb128 0x1d
 1137 059a 1A000000 		.4byte	.LVL24
 1138 059e DC060000 		.4byte	0x6dc
 1139 05a2 AC050000 		.4byte	0x5ac
 1140 05a6 17       		.uleb128 0x17
 1141 05a7 01       		.uleb128 0x1
 1142 05a8 50       		.byte	0x50
 1143 05a9 01       		.uleb128 0x1
 1144 05aa 31       		.byte	0x31
 1145 05ab 00       		.byte	0
 1146 05ac 16       		.uleb128 0x16
 1147 05ad 20000000 		.4byte	.LVL25
 1148 05b1 6D070000 		.4byte	0x76d
 1149 05b5 17       		.uleb128 0x17
 1150 05b6 01       		.uleb128 0x1
 1151 05b7 50       		.byte	0x50
 1152 05b8 02       		.uleb128 0x2
 1153 05b9 74       		.byte	0x74
 1154 05ba 00       		.sleb128 0
 1155 05bb 00       		.byte	0
ARM GAS  C:\Users\VIDEOH~1\AppData\Local\Temp\ccICX7Xx.s 			page 24


 1156 05bc 00       		.byte	0
 1157 05bd 06       		.uleb128 0x6
 1158 05be 04       		.byte	0x4
 1159 05bf 25000000 		.4byte	0x25
 1160 05c3 1F       		.uleb128 0x1f
 1161 05c4 31030000 		.4byte	.LASF72
 1162 05c8 01       		.byte	0x1
 1163 05c9 77       		.byte	0x77
 1164 05ca 00000000 		.4byte	.LFB37
 1165 05ce 22000000 		.4byte	.LFE37-.LFB37
 1166 05d2 01       		.uleb128 0x1
 1167 05d3 9C       		.byte	0x9c
 1168 05d4 23060000 		.4byte	0x623
 1169 05d8 1D       		.uleb128 0x1d
 1170 05d9 0A000000 		.4byte	.LVL26
 1171 05dd DC060000 		.4byte	0x6dc
 1172 05e1 EB050000 		.4byte	0x5eb
 1173 05e5 17       		.uleb128 0x17
 1174 05e6 01       		.uleb128 0x1
 1175 05e7 50       		.byte	0x50
 1176 05e8 01       		.uleb128 0x1
 1177 05e9 30       		.byte	0x30
 1178 05ea 00       		.byte	0
 1179 05eb 1D       		.uleb128 0x1d
 1180 05ec 14000000 		.4byte	.LVL27
 1181 05f0 6D070000 		.4byte	0x76d
 1182 05f4 FF050000 		.4byte	0x5ff
 1183 05f8 17       		.uleb128 0x17
 1184 05f9 01       		.uleb128 0x1
 1185 05fa 50       		.byte	0x50
 1186 05fb 02       		.uleb128 0x2
 1187 05fc 74       		.byte	0x74
 1188 05fd 00       		.sleb128 0
 1189 05fe 00       		.byte	0
 1190 05ff 1D       		.uleb128 0x1d
 1191 0600 1A000000 		.4byte	.LVL28
 1192 0604 DC060000 		.4byte	0x6dc
 1193 0608 12060000 		.4byte	0x612
 1194 060c 17       		.uleb128 0x17
 1195 060d 01       		.uleb128 0x1
 1196 060e 50       		.byte	0x50
 1197 060f 01       		.uleb128 0x1
 1198 0610 31       		.byte	0x31
 1199 0611 00       		.byte	0
 1200 0612 16       		.uleb128 0x16
 1201 0613 20000000 		.4byte	.LVL29
 1202 0617 6D070000 		.4byte	0x76d
 1203 061b 17       		.uleb128 0x17
 1204 061c 01       		.uleb128 0x1
 1205 061d 50       		.byte	0x50
 1206 061e 02       		.uleb128 0x2
 1207 061f 74       		.byte	0x74
 1208 0620 00       		.sleb128 0
 1209 0621 00       		.byte	0
 1210 0622 00       		.byte	0
 1211 0623 1A       		.uleb128 0x1a
 1212 0624 BA020000 		.4byte	.LASF74
ARM GAS  C:\Users\VIDEOH~1\AppData\Local\Temp\ccICX7Xx.s 			page 25


 1213 0628 08       		.byte	0x8
 1214 0629 82       		.byte	0x82
 1215 062a 3C010000 		.4byte	0x13c
 1216 062e 21       		.uleb128 0x21
 1217 062f 0C010000 		.4byte	.LASF75
 1218 0633 01       		.byte	0x1
 1219 0634 0B       		.byte	0xb
 1220 0635 48010000 		.4byte	0x148
 1221 0639 05       		.uleb128 0x5
 1222 063a 03       		.byte	0x3
 1223 063b 00000000 		.4byte	comms_task
 1224 063f 21       		.uleb128 0x21
 1225 0640 DD030000 		.4byte	.LASF76
 1226 0644 01       		.byte	0x1
 1227 0645 0C       		.byte	0xc
 1228 0646 48010000 		.4byte	0x148
 1229 064a 05       		.uleb128 0x5
 1230 064b 03       		.byte	0x3
 1231 064c 00000000 		.4byte	ui_task
 1232 0650 21       		.uleb128 0x21
 1233 0651 4E030000 		.4byte	.LASF77
 1234 0655 01       		.byte	0x1
 1235 0656 09       		.byte	0x9
 1236 0657 80010000 		.4byte	0x180
 1237 065b 05       		.uleb128 0x5
 1238 065c 03       		.byte	0x3
 1239 065d 00000000 		.4byte	state
 1240 0661 21       		.uleb128 0x21
 1241 0662 B1020000 		.4byte	.LASF78
 1242 0666 01       		.byte	0x1
 1243 0667 10       		.byte	0x10
 1244 0668 72060000 		.4byte	0x672
 1245 066c 05       		.uleb128 0x5
 1246 066d 03       		.byte	0x3
 1247 066e 00000000 		.4byte	settings
 1248 0672 06       		.uleb128 0x6
 1249 0673 04       		.byte	0x4
 1250 0674 78060000 		.4byte	0x678
 1251 0678 11       		.uleb128 0x11
 1252 0679 14030000 		.4byte	0x314
 1253 067d 21       		.uleb128 0x21
 1254 067e 3C040000 		.4byte	.LASF79
 1255 0682 01       		.byte	0x1
 1256 0683 13       		.byte	0x13
 1257 0684 78060000 		.4byte	0x678
 1258 0688 05       		.uleb128 0x5
 1259 0689 03       		.byte	0x3
 1260 068a 00000000 		.4byte	default_settings
 1261 068e 0F       		.uleb128 0xf
 1262 068f 9F060000 		.4byte	0x69f
 1263 0693 9F060000 		.4byte	0x69f
 1264 0697 22       		.uleb128 0x22
 1265 0698 C1000000 		.4byte	0xc1
 1266 069c FF01     		.2byte	0x1ff
 1267 069e 00       		.byte	0
 1268 069f 11       		.uleb128 0x11
 1269 06a0 81000000 		.4byte	0x81
ARM GAS  C:\Users\VIDEOH~1\AppData\Local\Temp\ccICX7Xx.s 			page 26


 1270 06a4 21       		.uleb128 0x21
 1271 06a5 17010000 		.4byte	.LASF80
 1272 06a9 01       		.byte	0x1
 1273 06aa 0F       		.byte	0xf
 1274 06ab B5060000 		.4byte	0x6b5
 1275 06af 05       		.uleb128 0x5
 1276 06b0 03       		.byte	0x3
 1277 06b1 00000000 		.4byte	EEsettings
 1278 06b5 11       		.uleb128 0x11
 1279 06b6 8E060000 		.4byte	0x68e
 1280 06ba 1A       		.uleb128 0x1a
 1281 06bb 22010000 		.4byte	.LASF73
 1282 06bf 01       		.byte	0x1
 1283 06c0 63       		.byte	0x63
 1284 06c1 A8030000 		.4byte	0x3a8
 1285 06c5 23       		.uleb128 0x23
 1286 06c6 36020000 		.4byte	.LASF81
 1287 06ca 36020000 		.4byte	.LASF81
 1288 06ce 05       		.byte	0x5
 1289 06cf 6C01     		.2byte	0x16c
 1290 06d1 24       		.uleb128 0x24
 1291 06d2 2F010000 		.4byte	.LASF82
 1292 06d6 2F010000 		.4byte	.LASF82
 1293 06da 08       		.byte	0x8
 1294 06db 31       		.byte	0x31
 1295 06dc 24       		.uleb128 0x24
 1296 06dd 6E050000 		.4byte	.LASF83
 1297 06e1 6E050000 		.4byte	.LASF83
 1298 06e5 09       		.byte	0x9
 1299 06e6 33       		.byte	0x33
 1300 06e7 24       		.uleb128 0x24
 1301 06e8 A0020000 		.4byte	.LASF84
 1302 06ec A0020000 		.4byte	.LASF84
 1303 06f0 0A       		.byte	0xa
 1304 06f1 33       		.byte	0x33
 1305 06f2 24       		.uleb128 0x24
 1306 06f3 70030000 		.4byte	.LASF85
 1307 06f7 70030000 		.4byte	.LASF85
 1308 06fb 0B       		.byte	0xb
 1309 06fc DA       		.byte	0xda
 1310 06fd 24       		.uleb128 0x24
 1311 06fe 7E050000 		.4byte	.LASF86
 1312 0702 7E050000 		.4byte	.LASF86
 1313 0706 0C       		.byte	0xc
 1314 0707 0E       		.byte	0xe
 1315 0708 24       		.uleb128 0x24
 1316 0709 55060000 		.4byte	.LASF87
 1317 070d 55060000 		.4byte	.LASF87
 1318 0711 0C       		.byte	0xc
 1319 0712 11       		.byte	0x11
 1320 0713 24       		.uleb128 0x24
 1321 0714 95050000 		.4byte	.LASF88
 1322 0718 95050000 		.4byte	.LASF88
 1323 071c 0D       		.byte	0xd
 1324 071d 52       		.byte	0x52
 1325 071e 24       		.uleb128 0x24
 1326 071f 59000000 		.4byte	.LASF89
ARM GAS  C:\Users\VIDEOH~1\AppData\Local\Temp\ccICX7Xx.s 			page 27


 1327 0723 59000000 		.4byte	.LASF89
 1328 0727 0E       		.byte	0xe
 1329 0728 52       		.byte	0x52
 1330 0729 24       		.uleb128 0x24
 1331 072a 49060000 		.4byte	.LASF90
 1332 072e 49060000 		.4byte	.LASF90
 1333 0732 07       		.byte	0x7
 1334 0733 77       		.byte	0x77
 1335 0734 24       		.uleb128 0x24
 1336 0735 EC040000 		.4byte	.LASF91
 1337 0739 EC040000 		.4byte	.LASF91
 1338 073d 07       		.byte	0x7
 1339 073e 8C       		.byte	0x8c
 1340 073f 24       		.uleb128 0x24
 1341 0740 99010000 		.4byte	.LASF92
 1342 0744 99010000 		.4byte	.LASF92
 1343 0748 0F       		.byte	0xf
 1344 0749 3D       		.byte	0x3d
 1345 074a 24       		.uleb128 0x24
 1346 074b 4F020000 		.4byte	.LASF93
 1347 074f 4F020000 		.4byte	.LASF93
 1348 0753 07       		.byte	0x7
 1349 0754 8F       		.byte	0x8f
 1350 0755 23       		.uleb128 0x23
 1351 0756 46000000 		.4byte	.LASF94
 1352 075a 46000000 		.4byte	.LASF94
 1353 075e 06       		.byte	0x6
 1354 075f C505     		.2byte	0x5c5
 1355 0761 23       		.uleb128 0x23
 1356 0762 DA020000 		.4byte	.LASF95
 1357 0766 DA020000 		.4byte	.LASF95
 1358 076a 06       		.byte	0x6
 1359 076b 5203     		.2byte	0x352
 1360 076d 24       		.uleb128 0x24
 1361 076e 1E060000 		.4byte	.LASF96
 1362 0772 1E060000 		.4byte	.LASF96
 1363 0776 0B       		.byte	0xb
 1364 0777 D9       		.byte	0xd9
 1365 0778 00       		.byte	0
 1366              		.section	.debug_abbrev,"",%progbits
 1367              	.Ldebug_abbrev0:
 1368 0000 01       		.uleb128 0x1
 1369 0001 11       		.uleb128 0x11
 1370 0002 01       		.byte	0x1
 1371 0003 25       		.uleb128 0x25
 1372 0004 0E       		.uleb128 0xe
 1373 0005 13       		.uleb128 0x13
 1374 0006 0B       		.uleb128 0xb
 1375 0007 03       		.uleb128 0x3
 1376 0008 0E       		.uleb128 0xe
 1377 0009 1B       		.uleb128 0x1b
 1378 000a 0E       		.uleb128 0xe
 1379 000b 55       		.uleb128 0x55
 1380 000c 17       		.uleb128 0x17
 1381 000d 11       		.uleb128 0x11
 1382 000e 01       		.uleb128 0x1
 1383 000f 10       		.uleb128 0x10
ARM GAS  C:\Users\VIDEOH~1\AppData\Local\Temp\ccICX7Xx.s 			page 28


 1384 0010 17       		.uleb128 0x17
 1385 0011 00       		.byte	0
 1386 0012 00       		.byte	0
 1387 0013 02       		.uleb128 0x2
 1388 0014 24       		.uleb128 0x24
 1389 0015 00       		.byte	0
 1390 0016 0B       		.uleb128 0xb
 1391 0017 0B       		.uleb128 0xb
 1392 0018 3E       		.uleb128 0x3e
 1393 0019 0B       		.uleb128 0xb
 1394 001a 03       		.uleb128 0x3
 1395 001b 0E       		.uleb128 0xe
 1396 001c 00       		.byte	0
 1397 001d 00       		.byte	0
 1398 001e 03       		.uleb128 0x3
 1399 001f 16       		.uleb128 0x16
 1400 0020 00       		.byte	0
 1401 0021 03       		.uleb128 0x3
 1402 0022 0E       		.uleb128 0xe
 1403 0023 3A       		.uleb128 0x3a
 1404 0024 0B       		.uleb128 0xb
 1405 0025 3B       		.uleb128 0x3b
 1406 0026 0B       		.uleb128 0xb
 1407 0027 49       		.uleb128 0x49
 1408 0028 13       		.uleb128 0x13
 1409 0029 00       		.byte	0
 1410 002a 00       		.byte	0
 1411 002b 04       		.uleb128 0x4
 1412 002c 24       		.uleb128 0x24
 1413 002d 00       		.byte	0
 1414 002e 0B       		.uleb128 0xb
 1415 002f 0B       		.uleb128 0xb
 1416 0030 3E       		.uleb128 0x3e
 1417 0031 0B       		.uleb128 0xb
 1418 0032 03       		.uleb128 0x3
 1419 0033 08       		.uleb128 0x8
 1420 0034 00       		.byte	0
 1421 0035 00       		.byte	0
 1422 0036 05       		.uleb128 0x5
 1423 0037 16       		.uleb128 0x16
 1424 0038 00       		.byte	0
 1425 0039 03       		.uleb128 0x3
 1426 003a 0E       		.uleb128 0xe
 1427 003b 3A       		.uleb128 0x3a
 1428 003c 0B       		.uleb128 0xb
 1429 003d 3B       		.uleb128 0x3b
 1430 003e 05       		.uleb128 0x5
 1431 003f 49       		.uleb128 0x49
 1432 0040 13       		.uleb128 0x13
 1433 0041 00       		.byte	0
 1434 0042 00       		.byte	0
 1435 0043 06       		.uleb128 0x6
 1436 0044 0F       		.uleb128 0xf
 1437 0045 00       		.byte	0
 1438 0046 0B       		.uleb128 0xb
 1439 0047 0B       		.uleb128 0xb
 1440 0048 49       		.uleb128 0x49
ARM GAS  C:\Users\VIDEOH~1\AppData\Local\Temp\ccICX7Xx.s 			page 29


 1441 0049 13       		.uleb128 0x13
 1442 004a 00       		.byte	0
 1443 004b 00       		.byte	0
 1444 004c 07       		.uleb128 0x7
 1445 004d 15       		.uleb128 0x15
 1446 004e 00       		.byte	0
 1447 004f 27       		.uleb128 0x27
 1448 0050 19       		.uleb128 0x19
 1449 0051 00       		.byte	0
 1450 0052 00       		.byte	0
 1451 0053 08       		.uleb128 0x8
 1452 0054 0F       		.uleb128 0xf
 1453 0055 00       		.byte	0
 1454 0056 0B       		.uleb128 0xb
 1455 0057 0B       		.uleb128 0xb
 1456 0058 00       		.byte	0
 1457 0059 00       		.byte	0
 1458 005a 09       		.uleb128 0x9
 1459 005b 13       		.uleb128 0x13
 1460 005c 01       		.byte	0x1
 1461 005d 0B       		.uleb128 0xb
 1462 005e 0B       		.uleb128 0xb
 1463 005f 3A       		.uleb128 0x3a
 1464 0060 0B       		.uleb128 0xb
 1465 0061 3B       		.uleb128 0x3b
 1466 0062 05       		.uleb128 0x5
 1467 0063 01       		.uleb128 0x1
 1468 0064 13       		.uleb128 0x13
 1469 0065 00       		.byte	0
 1470 0066 00       		.byte	0
 1471 0067 0A       		.uleb128 0xa
 1472 0068 0D       		.uleb128 0xd
 1473 0069 00       		.byte	0
 1474 006a 03       		.uleb128 0x3
 1475 006b 0E       		.uleb128 0xe
 1476 006c 3A       		.uleb128 0x3a
 1477 006d 0B       		.uleb128 0xb
 1478 006e 3B       		.uleb128 0x3b
 1479 006f 05       		.uleb128 0x5
 1480 0070 49       		.uleb128 0x49
 1481 0071 13       		.uleb128 0x13
 1482 0072 38       		.uleb128 0x38
 1483 0073 0B       		.uleb128 0xb
 1484 0074 00       		.byte	0
 1485 0075 00       		.byte	0
 1486 0076 0B       		.uleb128 0xb
 1487 0077 13       		.uleb128 0x13
 1488 0078 01       		.byte	0x1
 1489 0079 0B       		.uleb128 0xb
 1490 007a 0B       		.uleb128 0xb
 1491 007b 3A       		.uleb128 0x3a
 1492 007c 0B       		.uleb128 0xb
 1493 007d 3B       		.uleb128 0x3b
 1494 007e 0B       		.uleb128 0xb
 1495 007f 01       		.uleb128 0x1
 1496 0080 13       		.uleb128 0x13
 1497 0081 00       		.byte	0
ARM GAS  C:\Users\VIDEOH~1\AppData\Local\Temp\ccICX7Xx.s 			page 30


 1498 0082 00       		.byte	0
 1499 0083 0C       		.uleb128 0xc
 1500 0084 0D       		.uleb128 0xd
 1501 0085 00       		.byte	0
 1502 0086 03       		.uleb128 0x3
 1503 0087 0E       		.uleb128 0xe
 1504 0088 3A       		.uleb128 0x3a
 1505 0089 0B       		.uleb128 0xb
 1506 008a 3B       		.uleb128 0x3b
 1507 008b 0B       		.uleb128 0xb
 1508 008c 49       		.uleb128 0x49
 1509 008d 13       		.uleb128 0x13
 1510 008e 38       		.uleb128 0x38
 1511 008f 0B       		.uleb128 0xb
 1512 0090 00       		.byte	0
 1513 0091 00       		.byte	0
 1514 0092 0D       		.uleb128 0xd
 1515 0093 04       		.uleb128 0x4
 1516 0094 01       		.byte	0x1
 1517 0095 0B       		.uleb128 0xb
 1518 0096 0B       		.uleb128 0xb
 1519 0097 49       		.uleb128 0x49
 1520 0098 13       		.uleb128 0x13
 1521 0099 3A       		.uleb128 0x3a
 1522 009a 0B       		.uleb128 0xb
 1523 009b 3B       		.uleb128 0x3b
 1524 009c 0B       		.uleb128 0xb
 1525 009d 01       		.uleb128 0x1
 1526 009e 13       		.uleb128 0x13
 1527 009f 00       		.byte	0
 1528 00a0 00       		.byte	0
 1529 00a1 0E       		.uleb128 0xe
 1530 00a2 28       		.uleb128 0x28
 1531 00a3 00       		.byte	0
 1532 00a4 03       		.uleb128 0x3
 1533 00a5 0E       		.uleb128 0xe
 1534 00a6 1C       		.uleb128 0x1c
 1535 00a7 0B       		.uleb128 0xb
 1536 00a8 00       		.byte	0
 1537 00a9 00       		.byte	0
 1538 00aa 0F       		.uleb128 0xf
 1539 00ab 01       		.uleb128 0x1
 1540 00ac 01       		.byte	0x1
 1541 00ad 49       		.uleb128 0x49
 1542 00ae 13       		.uleb128 0x13
 1543 00af 01       		.uleb128 0x1
 1544 00b0 13       		.uleb128 0x13
 1545 00b1 00       		.byte	0
 1546 00b2 00       		.byte	0
 1547 00b3 10       		.uleb128 0x10
 1548 00b4 21       		.uleb128 0x21
 1549 00b5 00       		.byte	0
 1550 00b6 49       		.uleb128 0x49
 1551 00b7 13       		.uleb128 0x13
 1552 00b8 2F       		.uleb128 0x2f
 1553 00b9 0B       		.uleb128 0xb
 1554 00ba 00       		.byte	0
ARM GAS  C:\Users\VIDEOH~1\AppData\Local\Temp\ccICX7Xx.s 			page 31


 1555 00bb 00       		.byte	0
 1556 00bc 11       		.uleb128 0x11
 1557 00bd 26       		.uleb128 0x26
 1558 00be 00       		.byte	0
 1559 00bf 49       		.uleb128 0x49
 1560 00c0 13       		.uleb128 0x13
 1561 00c1 00       		.byte	0
 1562 00c2 00       		.byte	0
 1563 00c3 12       		.uleb128 0x12
 1564 00c4 0D       		.uleb128 0xd
 1565 00c5 00       		.byte	0
 1566 00c6 03       		.uleb128 0x3
 1567 00c7 08       		.uleb128 0x8
 1568 00c8 3A       		.uleb128 0x3a
 1569 00c9 0B       		.uleb128 0xb
 1570 00ca 3B       		.uleb128 0x3b
 1571 00cb 0B       		.uleb128 0xb
 1572 00cc 49       		.uleb128 0x49
 1573 00cd 13       		.uleb128 0x13
 1574 00ce 38       		.uleb128 0x38
 1575 00cf 0B       		.uleb128 0xb
 1576 00d0 00       		.byte	0
 1577 00d1 00       		.byte	0
 1578 00d2 13       		.uleb128 0x13
 1579 00d3 17       		.uleb128 0x17
 1580 00d4 01       		.byte	0x1
 1581 00d5 0B       		.uleb128 0xb
 1582 00d6 0B       		.uleb128 0xb
 1583 00d7 3A       		.uleb128 0x3a
 1584 00d8 0B       		.uleb128 0xb
 1585 00d9 3B       		.uleb128 0x3b
 1586 00da 0B       		.uleb128 0xb
 1587 00db 01       		.uleb128 0x1
 1588 00dc 13       		.uleb128 0x13
 1589 00dd 00       		.byte	0
 1590 00de 00       		.byte	0
 1591 00df 14       		.uleb128 0x14
 1592 00e0 0D       		.uleb128 0xd
 1593 00e1 00       		.byte	0
 1594 00e2 03       		.uleb128 0x3
 1595 00e3 0E       		.uleb128 0xe
 1596 00e4 3A       		.uleb128 0x3a
 1597 00e5 0B       		.uleb128 0xb
 1598 00e6 3B       		.uleb128 0x3b
 1599 00e7 0B       		.uleb128 0xb
 1600 00e8 49       		.uleb128 0x49
 1601 00e9 13       		.uleb128 0x13
 1602 00ea 00       		.byte	0
 1603 00eb 00       		.byte	0
 1604 00ec 15       		.uleb128 0x15
 1605 00ed 2E       		.uleb128 0x2e
 1606 00ee 01       		.byte	0x1
 1607 00ef 3F       		.uleb128 0x3f
 1608 00f0 19       		.uleb128 0x19
 1609 00f1 03       		.uleb128 0x3
 1610 00f2 0E       		.uleb128 0xe
 1611 00f3 3A       		.uleb128 0x3a
ARM GAS  C:\Users\VIDEOH~1\AppData\Local\Temp\ccICX7Xx.s 			page 32


 1612 00f4 0B       		.uleb128 0xb
 1613 00f5 3B       		.uleb128 0x3b
 1614 00f6 0B       		.uleb128 0xb
 1615 00f7 11       		.uleb128 0x11
 1616 00f8 01       		.uleb128 0x1
 1617 00f9 12       		.uleb128 0x12
 1618 00fa 06       		.uleb128 0x6
 1619 00fb 40       		.uleb128 0x40
 1620 00fc 18       		.uleb128 0x18
 1621 00fd 9742     		.uleb128 0x2117
 1622 00ff 19       		.uleb128 0x19
 1623 0100 01       		.uleb128 0x1
 1624 0101 13       		.uleb128 0x13
 1625 0102 00       		.byte	0
 1626 0103 00       		.byte	0
 1627 0104 16       		.uleb128 0x16
 1628 0105 898201   		.uleb128 0x4109
 1629 0108 01       		.byte	0x1
 1630 0109 11       		.uleb128 0x11
 1631 010a 01       		.uleb128 0x1
 1632 010b 31       		.uleb128 0x31
 1633 010c 13       		.uleb128 0x13
 1634 010d 00       		.byte	0
 1635 010e 00       		.byte	0
 1636 010f 17       		.uleb128 0x17
 1637 0110 8A8201   		.uleb128 0x410a
 1638 0113 00       		.byte	0
 1639 0114 02       		.uleb128 0x2
 1640 0115 18       		.uleb128 0x18
 1641 0116 9142     		.uleb128 0x2111
 1642 0118 18       		.uleb128 0x18
 1643 0119 00       		.byte	0
 1644 011a 00       		.byte	0
 1645 011b 18       		.uleb128 0x18
 1646 011c 2E       		.uleb128 0x2e
 1647 011d 01       		.byte	0x1
 1648 011e 3F       		.uleb128 0x3f
 1649 011f 19       		.uleb128 0x19
 1650 0120 03       		.uleb128 0x3
 1651 0121 0E       		.uleb128 0xe
 1652 0122 3A       		.uleb128 0x3a
 1653 0123 0B       		.uleb128 0xb
 1654 0124 3B       		.uleb128 0x3b
 1655 0125 0B       		.uleb128 0xb
 1656 0126 27       		.uleb128 0x27
 1657 0127 19       		.uleb128 0x19
 1658 0128 11       		.uleb128 0x11
 1659 0129 01       		.uleb128 0x1
 1660 012a 12       		.uleb128 0x12
 1661 012b 06       		.uleb128 0x6
 1662 012c 40       		.uleb128 0x40
 1663 012d 18       		.uleb128 0x18
 1664 012e 9742     		.uleb128 0x2117
 1665 0130 19       		.uleb128 0x19
 1666 0131 01       		.uleb128 0x1
 1667 0132 13       		.uleb128 0x13
 1668 0133 00       		.byte	0
ARM GAS  C:\Users\VIDEOH~1\AppData\Local\Temp\ccICX7Xx.s 			page 33


 1669 0134 00       		.byte	0
 1670 0135 19       		.uleb128 0x19
 1671 0136 2E       		.uleb128 0x2e
 1672 0137 00       		.byte	0
 1673 0138 3F       		.uleb128 0x3f
 1674 0139 19       		.uleb128 0x19
 1675 013a 03       		.uleb128 0x3
 1676 013b 0E       		.uleb128 0xe
 1677 013c 3A       		.uleb128 0x3a
 1678 013d 0B       		.uleb128 0xb
 1679 013e 3B       		.uleb128 0x3b
 1680 013f 0B       		.uleb128 0xb
 1681 0140 27       		.uleb128 0x27
 1682 0141 19       		.uleb128 0x19
 1683 0142 3C       		.uleb128 0x3c
 1684 0143 19       		.uleb128 0x19
 1685 0144 00       		.byte	0
 1686 0145 00       		.byte	0
 1687 0146 1A       		.uleb128 0x1a
 1688 0147 34       		.uleb128 0x34
 1689 0148 00       		.byte	0
 1690 0149 03       		.uleb128 0x3
 1691 014a 0E       		.uleb128 0xe
 1692 014b 3A       		.uleb128 0x3a
 1693 014c 0B       		.uleb128 0xb
 1694 014d 3B       		.uleb128 0x3b
 1695 014e 0B       		.uleb128 0xb
 1696 014f 49       		.uleb128 0x49
 1697 0150 13       		.uleb128 0x13
 1698 0151 3F       		.uleb128 0x3f
 1699 0152 19       		.uleb128 0x19
 1700 0153 3C       		.uleb128 0x3c
 1701 0154 19       		.uleb128 0x19
 1702 0155 00       		.byte	0
 1703 0156 00       		.byte	0
 1704 0157 1B       		.uleb128 0x1b
 1705 0158 21       		.uleb128 0x21
 1706 0159 00       		.byte	0
 1707 015a 00       		.byte	0
 1708 015b 00       		.byte	0
 1709 015c 1C       		.uleb128 0x1c
 1710 015d 2E       		.uleb128 0x2e
 1711 015e 01       		.byte	0x1
 1712 015f 3F       		.uleb128 0x3f
 1713 0160 19       		.uleb128 0x19
 1714 0161 03       		.uleb128 0x3
 1715 0162 0E       		.uleb128 0xe
 1716 0163 3A       		.uleb128 0x3a
 1717 0164 0B       		.uleb128 0xb
 1718 0165 3B       		.uleb128 0x3b
 1719 0166 0B       		.uleb128 0xb
 1720 0167 49       		.uleb128 0x49
 1721 0168 13       		.uleb128 0x13
 1722 0169 11       		.uleb128 0x11
 1723 016a 01       		.uleb128 0x1
 1724 016b 12       		.uleb128 0x12
 1725 016c 06       		.uleb128 0x6
ARM GAS  C:\Users\VIDEOH~1\AppData\Local\Temp\ccICX7Xx.s 			page 34


 1726 016d 40       		.uleb128 0x40
 1727 016e 18       		.uleb128 0x18
 1728 016f 9742     		.uleb128 0x2117
 1729 0171 19       		.uleb128 0x19
 1730 0172 01       		.uleb128 0x1
 1731 0173 13       		.uleb128 0x13
 1732 0174 00       		.byte	0
 1733 0175 00       		.byte	0
 1734 0176 1D       		.uleb128 0x1d
 1735 0177 898201   		.uleb128 0x4109
 1736 017a 01       		.byte	0x1
 1737 017b 11       		.uleb128 0x11
 1738 017c 01       		.uleb128 0x1
 1739 017d 31       		.uleb128 0x31
 1740 017e 13       		.uleb128 0x13
 1741 017f 01       		.uleb128 0x1
 1742 0180 13       		.uleb128 0x13
 1743 0181 00       		.byte	0
 1744 0182 00       		.byte	0
 1745 0183 1E       		.uleb128 0x1e
 1746 0184 898201   		.uleb128 0x4109
 1747 0187 00       		.byte	0
 1748 0188 11       		.uleb128 0x11
 1749 0189 01       		.uleb128 0x1
 1750 018a 31       		.uleb128 0x31
 1751 018b 13       		.uleb128 0x13
 1752 018c 00       		.byte	0
 1753 018d 00       		.byte	0
 1754 018e 1F       		.uleb128 0x1f
 1755 018f 2E       		.uleb128 0x2e
 1756 0190 01       		.byte	0x1
 1757 0191 3F       		.uleb128 0x3f
 1758 0192 19       		.uleb128 0x19
 1759 0193 03       		.uleb128 0x3
 1760 0194 0E       		.uleb128 0xe
 1761 0195 3A       		.uleb128 0x3a
 1762 0196 0B       		.uleb128 0xb
 1763 0197 3B       		.uleb128 0x3b
 1764 0198 0B       		.uleb128 0xb
 1765 0199 27       		.uleb128 0x27
 1766 019a 19       		.uleb128 0x19
 1767 019b 8701     		.uleb128 0x87
 1768 019d 19       		.uleb128 0x19
 1769 019e 11       		.uleb128 0x11
 1770 019f 01       		.uleb128 0x1
 1771 01a0 12       		.uleb128 0x12
 1772 01a1 06       		.uleb128 0x6
 1773 01a2 40       		.uleb128 0x40
 1774 01a3 18       		.uleb128 0x18
 1775 01a4 9742     		.uleb128 0x2117
 1776 01a6 19       		.uleb128 0x19
 1777 01a7 01       		.uleb128 0x1
 1778 01a8 13       		.uleb128 0x13
 1779 01a9 00       		.byte	0
 1780 01aa 00       		.byte	0
 1781 01ab 20       		.uleb128 0x20
 1782 01ac 05       		.uleb128 0x5
ARM GAS  C:\Users\VIDEOH~1\AppData\Local\Temp\ccICX7Xx.s 			page 35


 1783 01ad 00       		.byte	0
 1784 01ae 03       		.uleb128 0x3
 1785 01af 0E       		.uleb128 0xe
 1786 01b0 3A       		.uleb128 0x3a
 1787 01b1 0B       		.uleb128 0xb
 1788 01b2 3B       		.uleb128 0x3b
 1789 01b3 0B       		.uleb128 0xb
 1790 01b4 49       		.uleb128 0x49
 1791 01b5 13       		.uleb128 0x13
 1792 01b6 02       		.uleb128 0x2
 1793 01b7 17       		.uleb128 0x17
 1794 01b8 00       		.byte	0
 1795 01b9 00       		.byte	0
 1796 01ba 21       		.uleb128 0x21
 1797 01bb 34       		.uleb128 0x34
 1798 01bc 00       		.byte	0
 1799 01bd 03       		.uleb128 0x3
 1800 01be 0E       		.uleb128 0xe
 1801 01bf 3A       		.uleb128 0x3a
 1802 01c0 0B       		.uleb128 0xb
 1803 01c1 3B       		.uleb128 0x3b
 1804 01c2 0B       		.uleb128 0xb
 1805 01c3 49       		.uleb128 0x49
 1806 01c4 13       		.uleb128 0x13
 1807 01c5 3F       		.uleb128 0x3f
 1808 01c6 19       		.uleb128 0x19
 1809 01c7 02       		.uleb128 0x2
 1810 01c8 18       		.uleb128 0x18
 1811 01c9 00       		.byte	0
 1812 01ca 00       		.byte	0
 1813 01cb 22       		.uleb128 0x22
 1814 01cc 21       		.uleb128 0x21
 1815 01cd 00       		.byte	0
 1816 01ce 49       		.uleb128 0x49
 1817 01cf 13       		.uleb128 0x13
 1818 01d0 2F       		.uleb128 0x2f
 1819 01d1 05       		.uleb128 0x5
 1820 01d2 00       		.byte	0
 1821 01d3 00       		.byte	0
 1822 01d4 23       		.uleb128 0x23
 1823 01d5 2E       		.uleb128 0x2e
 1824 01d6 00       		.byte	0
 1825 01d7 3F       		.uleb128 0x3f
 1826 01d8 19       		.uleb128 0x19
 1827 01d9 3C       		.uleb128 0x3c
 1828 01da 19       		.uleb128 0x19
 1829 01db 6E       		.uleb128 0x6e
 1830 01dc 0E       		.uleb128 0xe
 1831 01dd 03       		.uleb128 0x3
 1832 01de 0E       		.uleb128 0xe
 1833 01df 3A       		.uleb128 0x3a
 1834 01e0 0B       		.uleb128 0xb
 1835 01e1 3B       		.uleb128 0x3b
 1836 01e2 05       		.uleb128 0x5
 1837 01e3 00       		.byte	0
 1838 01e4 00       		.byte	0
 1839 01e5 24       		.uleb128 0x24
ARM GAS  C:\Users\VIDEOH~1\AppData\Local\Temp\ccICX7Xx.s 			page 36


 1840 01e6 2E       		.uleb128 0x2e
 1841 01e7 00       		.byte	0
 1842 01e8 3F       		.uleb128 0x3f
 1843 01e9 19       		.uleb128 0x19
 1844 01ea 3C       		.uleb128 0x3c
 1845 01eb 19       		.uleb128 0x19
 1846 01ec 6E       		.uleb128 0x6e
 1847 01ed 0E       		.uleb128 0xe
 1848 01ee 03       		.uleb128 0x3
 1849 01ef 0E       		.uleb128 0xe
 1850 01f0 3A       		.uleb128 0x3a
 1851 01f1 0B       		.uleb128 0xb
 1852 01f2 3B       		.uleb128 0x3b
 1853 01f3 0B       		.uleb128 0xb
 1854 01f4 00       		.byte	0
 1855 01f5 00       		.byte	0
 1856 01f6 00       		.byte	0
 1857              		.section	.debug_loc,"",%progbits
 1858              	.Ldebug_loc0:
 1859              	.LLST0:
 1860 0000 00000000 		.4byte	.LVL20
 1861 0004 04000000 		.4byte	.LVL21
 1862 0008 0100     		.2byte	0x1
 1863 000a 50       		.byte	0x50
 1864 000b 04000000 		.4byte	.LVL21
 1865 000f 22000000 		.4byte	.LFE36
 1866 0013 0400     		.2byte	0x4
 1867 0015 F3       		.byte	0xf3
 1868 0016 01       		.uleb128 0x1
 1869 0017 50       		.byte	0x50
 1870 0018 9F       		.byte	0x9f
 1871 0019 00000000 		.4byte	0
 1872 001d 00000000 		.4byte	0
 1873              	.LLST1:
 1874 0021 00000000 		.4byte	.LVL20
 1875 0025 04000000 		.4byte	.LVL21
 1876 0029 0100     		.2byte	0x1
 1877 002b 51       		.byte	0x51
 1878 002c 04000000 		.4byte	.LVL21
 1879 0030 22000000 		.4byte	.LFE36
 1880 0034 0400     		.2byte	0x4
 1881 0036 F3       		.byte	0xf3
 1882 0037 01       		.uleb128 0x1
 1883 0038 51       		.byte	0x51
 1884 0039 9F       		.byte	0x9f
 1885 003a 00000000 		.4byte	0
 1886 003e 00000000 		.4byte	0
 1887              		.section	.debug_aranges,"",%progbits
 1888 0000 3C000000 		.4byte	0x3c
 1889 0004 0200     		.2byte	0x2
 1890 0006 00000000 		.4byte	.Ldebug_info0
 1891 000a 04       		.byte	0x4
 1892 000b 00       		.byte	0
 1893 000c 0000     		.2byte	0
 1894 000e 0000     		.2byte	0
 1895 0010 00000000 		.4byte	.LFB33
 1896 0014 18000000 		.4byte	.LFE33-.LFB33
ARM GAS  C:\Users\VIDEOH~1\AppData\Local\Temp\ccICX7Xx.s 			page 37


 1897 0018 00000000 		.4byte	.LFB35
 1898 001c 20000000 		.4byte	.LFE35-.LFB35
 1899 0020 00000000 		.4byte	.LFB34
 1900 0024 C8000000 		.4byte	.LFE34-.LFB34
 1901 0028 00000000 		.4byte	.LFB36
 1902 002c 22000000 		.4byte	.LFE36-.LFB36
 1903 0030 00000000 		.4byte	.LFB37
 1904 0034 22000000 		.4byte	.LFE37-.LFB37
 1905 0038 00000000 		.4byte	0
 1906 003c 00000000 		.4byte	0
 1907              		.section	.debug_ranges,"",%progbits
 1908              	.Ldebug_ranges0:
 1909 0000 00000000 		.4byte	.LFB33
 1910 0004 18000000 		.4byte	.LFE33
 1911 0008 00000000 		.4byte	.LFB35
 1912 000c 20000000 		.4byte	.LFE35
 1913 0010 00000000 		.4byte	.LFB34
 1914 0014 C8000000 		.4byte	.LFE34
 1915 0018 00000000 		.4byte	.LFB36
 1916 001c 22000000 		.4byte	.LFE36
 1917 0020 00000000 		.4byte	.LFB37
 1918 0024 22000000 		.4byte	.LFE37
 1919 0028 00000000 		.4byte	0
 1920 002c 00000000 		.4byte	0
 1921              		.section	.debug_line,"",%progbits
 1922              	.Ldebug_line0:
 1923 0000 81020000 		.section	.debug_str,"MS",%progbits,1
 1923      0200E401 
 1923      00000201 
 1923      FB0E0D00 
 1923      01010101 
 1924              	.LASF48:
 1925 0000 6461635F 		.ascii	"dac_offset\000"
 1925      6F666673 
 1925      657400
 1926              	.LASF99:
 1927 000b 443A5C31 		.ascii	"D:\\1_work\\my_project\\ReloadPro\\psoc42boot\\Relo"
 1927      5F776F72 
 1927      6B5C6D79 
 1927      5F70726F 
 1927      6A656374 
 1928 0039 61642050 		.ascii	"ad Pro.cydsn\000"
 1928      726F2E63 
 1928      7964736E 
 1928      00
 1929              	.LASF94:
 1930 0046 78546173 		.ascii	"xTaskGenericCreate\000"
 1930      6B47656E 
 1930      65726963 
 1930      43726561 
 1930      746500
 1931              	.LASF89:
 1932 0059 49444143 		.ascii	"IDAC_Low_Start\000"
 1932      5F4C6F77 
 1932      5F537461 
 1932      727400
 1933              	.LASF97:
ARM GAS  C:\Users\VIDEOH~1\AppData\Local\Temp\ccICX7Xx.s 			page 38


 1934 0068 474E5520 		.ascii	"GNU C99 5.4.1 20160609 (release) [ARM/embedded-5-br"
 1934      43393920 
 1934      352E342E 
 1934      31203230 
 1934      31363036 
 1935 009b 616E6368 		.ascii	"anch revision 237715] -mcpu=cortex-m0 -mthumb -g -O"
 1935      20726576 
 1935      6973696F 
 1935      6E203233 
 1935      37373135 
 1936 00ce 67202D73 		.ascii	"g -std=gnu99 -ffunction-sections -ffat-lto-objects\000"
 1936      74643D67 
 1936      6E753939 
 1936      202D6666 
 1936      756E6374 
 1937              	.LASF21:
 1938 0101 65657072 		.ascii	"eepromSize\000"
 1938      6F6D5369 
 1938      7A6500
 1939              	.LASF75:
 1940 010c 636F6D6D 		.ascii	"comms_task\000"
 1940      735F7461 
 1940      736B00
 1941              	.LASF80:
 1942 0117 45457365 		.ascii	"EEsettings\000"
 1942      7474696E 
 1942      677300
 1943              	.LASF73:
 1944 0122 43795261 		.ascii	"CyRamVectors\000"
 1944      6D566563 
 1944      746F7273 
 1944      00
 1945              	.LASF82:
 1946 012f 45455052 		.ascii	"EEPROM_Init\000"
 1946      4F4D5F49 
 1946      6E697400 
 1947              	.LASF2:
 1948 013b 73686F72 		.ascii	"short int\000"
 1948      7420696E 
 1948      7400
 1949              	.LASF59:
 1950 0145 63616C69 		.ascii	"calibration_settings\000"
 1950      62726174 
 1950      696F6E5F 
 1950      73657474 
 1950      696E6773 
 1951              	.LASF62:
 1952 015a 4F555450 		.ascii	"OUTPUT_MODE_ON\000"
 1952      55545F4D 
 1952      4F44455F 
 1952      4F4E00
 1953              	.LASF17:
 1954 0169 73697A65 		.ascii	"sizetype\000"
 1954      74797065 
 1954      00
 1955              	.LASF45:
 1956 0172 64697370 		.ascii	"display_settings_t\000"
ARM GAS  C:\Users\VIDEOH~1\AppData\Local\Temp\ccICX7Xx.s 			page 39


 1956      6C61795F 
 1956      73657474 
 1956      696E6773 
 1956      5F7400
 1957              	.LASF65:
 1958 0185 78506F72 		.ascii	"xPortSysTickHandler\000"
 1958      74537973 
 1958      5469636B 
 1958      48616E64 
 1958      6C657200 
 1959              	.LASF92:
 1960 0199 73746172 		.ascii	"start_adc\000"
 1960      745F6164 
 1960      6300
 1961              	.LASF100:
 1962 01a3 66616374 		.ascii	"factory_reset\000"
 1962      6F72795F 
 1962      72657365 
 1962      7400
 1963              	.LASF57:
 1964 01b1 6C63645F 		.ascii	"lcd_contrast\000"
 1964      636F6E74 
 1964      72617374 
 1964      00
 1965              	.LASF40:
 1966 01be 72656164 		.ascii	"readout_function\000"
 1966      6F75745F 
 1966      66756E63 
 1966      74696F6E 
 1966      00
 1967              	.LASF58:
 1968 01cf 64697370 		.ascii	"display_settings\000"
 1968      6C61795F 
 1968      73657474 
 1968      696E6773 
 1968      00
 1969              	.LASF6:
 1970 01e0 6C6F6E67 		.ascii	"long long int\000"
 1970      206C6F6E 
 1970      6720696E 
 1970      7400
 1971              	.LASF30:
 1972 01ee 63616C69 		.ascii	"calibrating\000"
 1972      62726174 
 1972      696E6700 
 1973              	.LASF49:
 1974 01fa 6F70616D 		.ascii	"opamp_offset_trim\000"
 1974      705F6F66 
 1974      66736574 
 1974      5F747269 
 1974      6D00
 1975              	.LASF24:
 1976 020c 626C6F63 		.ascii	"blockingWrite\000"
 1976      6B696E67 
 1976      57726974 
 1976      6500
 1977              	.LASF41:
ARM GAS  C:\Users\VIDEOH~1\AppData\Local\Temp\ccICX7Xx.s 			page 40


 1978 021a 72656164 		.ascii	"readouts\000"
 1978      6F757473 
 1978      00
 1979              	.LASF37:
 1980 0223 52454144 		.ascii	"READOUT_RESISTANCE\000"
 1980      4F55545F 
 1980      52455349 
 1980      5354414E 
 1980      434500
 1981              	.LASF81:
 1982 0236 43795F45 		.ascii	"Cy_Em_EEPROM_Write\000"
 1982      6D5F4545 
 1982      50524F4D 
 1982      5F577269 
 1982      746500
 1983              	.LASF11:
 1984 0249 75696E74 		.ascii	"uint8\000"
 1984      3800
 1985              	.LASF93:
 1986 024f 73657475 		.ascii	"setup\000"
 1986      7000
 1987              	.LASF66:
 1988 0255 76506F72 		.ascii	"vPortSVCHandler\000"
 1988      74535643 
 1988      48616E64 
 1988      6C657200 
 1989              	.LASF71:
 1990 0265 76417070 		.ascii	"vApplicationStackOverflowHook\000"
 1990      6C696361 
 1990      74696F6E 
 1990      53746163 
 1990      6B4F7665 
 1991              	.LASF69:
 1992 0283 70785461 		.ascii	"pxTask\000"
 1992      736B00
 1993              	.LASF35:
 1994 028a 52454144 		.ascii	"READOUT_VOLTAGE\000"
 1994      4F55545F 
 1994      564F4C54 
 1994      41474500 
 1995              	.LASF13:
 1996 029a 666C6F61 		.ascii	"float\000"
 1996      7400
 1997              	.LASF84:
 1998 02a0 64697370 		.ascii	"disp_reset_Write\000"
 1998      5F726573 
 1998      65745F57 
 1998      72697465 
 1998      00
 1999              	.LASF78:
 2000 02b1 73657474 		.ascii	"settings\000"
 2000      696E6773 
 2000      00
 2001              	.LASF74:
 2002 02ba 45455052 		.ascii	"EEPROM_context\000"
 2002      4F4D5F63 
 2002      6F6E7465 
ARM GAS  C:\Users\VIDEOH~1\AppData\Local\Temp\ccICX7Xx.s 			page 41


 2002      787400
 2003              	.LASF28:
 2004 02c9 63757272 		.ascii	"current_setpoint\000"
 2004      656E745F 
 2004      73657470 
 2004      6F696E74 
 2004      00
 2005              	.LASF95:
 2006 02da 76546173 		.ascii	"vTaskStartScheduler\000"
 2006      6B537461 
 2006      72745363 
 2006      68656475 
 2006      6C657200 
 2007              	.LASF4:
 2008 02ee 6C6F6E67 		.ascii	"long int\000"
 2008      20696E74 
 2008      00
 2009              	.LASF52:
 2010 02f7 6164635F 		.ascii	"adc_voltage_offset\000"
 2010      766F6C74 
 2010      6167655F 
 2010      6F666673 
 2010      657400
 2011              	.LASF38:
 2012 030a 52454144 		.ascii	"READOUT_TOTAL_CURRENT\000"
 2012      4F55545F 
 2012      544F5441 
 2012      4C5F4355 
 2012      5252454E 
 2013              	.LASF56:
 2014 0320 73657474 		.ascii	"settings_version\000"
 2014      696E6773 
 2014      5F766572 
 2014      73696F6E 
 2014      00
 2015              	.LASF72:
 2016 0331 76417070 		.ascii	"vApplicationMallocFailedHook\000"
 2016      6C696361 
 2016      74696F6E 
 2016      4D616C6C 
 2016      6F634661 
 2017              	.LASF77:
 2018 034e 73746174 		.ascii	"state\000"
 2018      6500
 2019              	.LASF1:
 2020 0354 756E7369 		.ascii	"unsigned char\000"
 2020      676E6564 
 2020      20636861 
 2020      7200
 2021              	.LASF47:
 2022 0362 6461635F 		.ascii	"dac_high_gain\000"
 2022      68696768 
 2022      5F676169 
 2022      6E00
 2023              	.LASF85:
 2024 0370 43794465 		.ascii	"CyDelayUs\000"
 2024      6C617955 
ARM GAS  C:\Users\VIDEOH~1\AppData\Local\Temp\ccICX7Xx.s 			page 42


 2024      7300
 2025              	.LASF16:
 2026 037a 63796973 		.ascii	"cyisraddress\000"
 2026      72616464 
 2026      72657373 
 2026      00
 2027              	.LASF34:
 2028 0387 52454144 		.ascii	"READOUT_CURRENT_USAGE\000"
 2028      4F55545F 
 2028      43555252 
 2028      454E545F 
 2028      55534147 
 2029              	.LASF43:
 2030 039d 6E616D65 		.ascii	"named\000"
 2030      6400
 2031              	.LASF55:
 2032 03a3 63616C69 		.ascii	"calibration_settings_t\000"
 2032      62726174 
 2032      696F6E5F 
 2032      73657474 
 2032      696E6773 
 2033              	.LASF0:
 2034 03ba 7369676E 		.ascii	"signed char\000"
 2034      65642063 
 2034      68617200 
 2035              	.LASF7:
 2036 03c6 6C6F6E67 		.ascii	"long long unsigned int\000"
 2036      206C6F6E 
 2036      6720756E 
 2036      7369676E 
 2036      65642069 
 2037              	.LASF76:
 2038 03dd 75695F74 		.ascii	"ui_task\000"
 2038      61736B00 
 2039              	.LASF27:
 2040 03e5 78546173 		.ascii	"xTaskHandle\000"
 2040      6B48616E 
 2040      646C6500 
 2041              	.LASF8:
 2042 03f1 756E7369 		.ascii	"unsigned int\000"
 2042      676E6564 
 2042      20696E74 
 2042      00
 2043              	.LASF25:
 2044 03fe 75736572 		.ascii	"userFlashStartAddr\000"
 2044      466C6173 
 2044      68537461 
 2044      72744164 
 2044      647200
 2045              	.LASF9:
 2046 0411 5F5F7569 		.ascii	"__uint8_t\000"
 2046      6E74385F 
 2046      7400
 2047              	.LASF46:
 2048 041b 6461635F 		.ascii	"dac_low_gain\000"
 2048      6C6F775F 
 2048      6761696E 
ARM GAS  C:\Users\VIDEOH~1\AppData\Local\Temp\ccICX7Xx.s 			page 43


 2048      00
 2049              	.LASF39:
 2050 0428 52454144 		.ascii	"READOUT_TOTAL_POWER\000"
 2050      4F55545F 
 2050      544F5441 
 2050      4C5F504F 
 2050      57455200 
 2051              	.LASF79:
 2052 043c 64656661 		.ascii	"default_settings\000"
 2052      756C745F 
 2052      73657474 
 2052      696E6773 
 2052      00
 2053              	.LASF36:
 2054 044d 52454144 		.ascii	"READOUT_POWER\000"
 2054      4F55545F 
 2054      504F5745 
 2054      5200
 2055              	.LASF61:
 2056 045b 4F555450 		.ascii	"OUTPUT_MODE_OFF\000"
 2056      55545F4D 
 2056      4F44455F 
 2056      4F464600 
 2057              	.LASF15:
 2058 046b 63686172 		.ascii	"char\000"
 2058      00
 2059              	.LASF50:
 2060 0470 6164635F 		.ascii	"adc_current_offset\000"
 2060      63757272 
 2060      656E745F 
 2060      6F666673 
 2060      657400
 2061              	.LASF68:
 2062 0483 6D61696E 		.ascii	"main\000"
 2062      00
 2063              	.LASF32:
 2064 0488 52454144 		.ascii	"READOUT_NONE\000"
 2064      4F55545F 
 2064      4E4F4E45 
 2064      00
 2065              	.LASF29:
 2066 0495 6C6F7765 		.ascii	"lower_voltage_limit\000"
 2066      725F766F 
 2066      6C746167 
 2066      655F6C69 
 2066      6D697400 
 2067              	.LASF64:
 2068 04a9 78506F72 		.ascii	"xPortPendSVHandler\000"
 2068      7450656E 
 2068      64535648 
 2068      616E646C 
 2068      657200
 2069              	.LASF18:
 2070 04bc 776C456E 		.ascii	"wlEndAddr\000"
 2070      64416464 
 2070      7200
 2071              	.LASF23:
ARM GAS  C:\Users\VIDEOH~1\AppData\Local\Temp\ccICX7Xx.s 			page 44


 2072 04c6 72656475 		.ascii	"redundantCopy\000"
 2072      6E64616E 
 2072      74436F70 
 2072      7900
 2073              	.LASF26:
 2074 04d4 63795F73 		.ascii	"cy_stc_eeprom_context_t\000"
 2074      74635F65 
 2074      6570726F 
 2074      6D5F636F 
 2074      6E746578 
 2075              	.LASF91:
 2076 04ec 7365745F 		.ascii	"set_output_mode\000"
 2076      6F757470 
 2076      75745F6D 
 2076      6F646500 
 2077              	.LASF42:
 2078 04fc 64697370 		.ascii	"display_config_t\000"
 2078      6C61795F 
 2078      636F6E66 
 2078      69675F74 
 2078      00
 2079              	.LASF3:
 2080 050d 73686F72 		.ascii	"short unsigned int\000"
 2080      7420756E 
 2080      7369676E 
 2080      65642069 
 2080      6E7400
 2081              	.LASF12:
 2082 0520 75696E74 		.ascii	"uint32\000"
 2082      333200
 2083              	.LASF98:
 2084 0527 6D61696E 		.ascii	"main.c\000"
 2084      2E6300
 2085              	.LASF5:
 2086 052e 6C6F6E67 		.ascii	"long unsigned int\000"
 2086      20756E73 
 2086      69676E65 
 2086      6420696E 
 2086      7400
 2087              	.LASF63:
 2088 0540 4F555450 		.ascii	"OUTPUT_MODE_FEEDBACK\000"
 2088      55545F4D 
 2088      4F44455F 
 2088      46454544 
 2088      4241434B 
 2089              	.LASF33:
 2090 0555 52454144 		.ascii	"READOUT_CURRENT_SETPOINT\000"
 2090      4F55545F 
 2090      43555252 
 2090      454E545F 
 2090      53455450 
 2091              	.LASF83:
 2092 056e 4261636B 		.ascii	"Backlight_Write\000"
 2092      6C696768 
 2092      745F5772 
 2092      69746500 
 2093              	.LASF86:
ARM GAS  C:\Users\VIDEOH~1\AppData\Local\Temp\ccICX7Xx.s 			page 45


 2094 057e 44697370 		.ascii	"Display_Start\000"
 2094      6C61795F 
 2094      53746172 
 2094      7400
 2095              	.LASF44:
 2096 058c 6E756D62 		.ascii	"numbered\000"
 2096      65726564 
 2096      00
 2097              	.LASF88:
 2098 0595 49444143 		.ascii	"IDAC_High_Start\000"
 2098      5F486967 
 2098      685F5374 
 2098      61727400 
 2099              	.LASF10:
 2100 05a5 75696E74 		.ascii	"uint8_t\000"
 2100      385F7400 
 2101              	.LASF51:
 2102 05ad 6164635F 		.ascii	"adc_current_gain\000"
 2102      63757272 
 2102      656E745F 
 2102      6761696E 
 2102      00
 2103              	.LASF54:
 2104 05be 766F6C74 		.ascii	"voltage_correction_ratio\000"
 2104      6167655F 
 2104      636F7272 
 2104      65637469 
 2104      6F6E5F72 
 2105              	.LASF67:
 2106 05d7 70727648 		.ascii	"prvHardwareSetup\000"
 2106      61726477 
 2106      61726553 
 2106      65747570 
 2106      00
 2107              	.LASF53:
 2108 05e8 6164635F 		.ascii	"adc_voltage_gain\000"
 2108      766F6C74 
 2108      6167655F 
 2108      6761696E 
 2108      00
 2109              	.LASF14:
 2110 05f9 646F7562 		.ascii	"double\000"
 2110      6C6500
 2111              	.LASF60:
 2112 0600 73657474 		.ascii	"settings_t\000"
 2112      696E6773 
 2112      5F7400
 2113              	.LASF22:
 2114 060b 77656172 		.ascii	"wearLevelingFactor\000"
 2114      4C657665 
 2114      6C696E67 
 2114      46616374 
 2114      6F7200
 2115              	.LASF96:
 2116 061e 43794465 		.ascii	"CyDelay\000"
 2116      6C617900 
 2117              	.LASF20:
ARM GAS  C:\Users\VIDEOH~1\AppData\Local\Temp\ccICX7Xx.s 			page 46


 2118 0626 6C617374 		.ascii	"lastWrRowAddr\000"
 2118      5772526F 
 2118      77416464 
 2118      7200
 2119              	.LASF31:
 2120 0634 73746174 		.ascii	"state_t\000"
 2120      655F7400 
 2121              	.LASF19:
 2122 063c 6E756D62 		.ascii	"numberOfRows\000"
 2122      65724F66 
 2122      526F7773 
 2122      00
 2123              	.LASF90:
 2124 0649 7365745F 		.ascii	"set_current\000"
 2124      63757272 
 2124      656E7400 
 2125              	.LASF87:
 2126 0655 44697370 		.ascii	"Display_SetContrast\000"
 2126      6C61795F 
 2126      53657443 
 2126      6F6E7472 
 2126      61737400 
 2127              	.LASF70:
 2128 0669 70635461 		.ascii	"pcTaskName\000"
 2128      736B4E61 
 2128      6D6500
 2129              		.ident	"GCC: (GNU Tools for ARM Embedded Processors) 5.4.1 20160609 (release) [ARM/embedded-5-bran
