ARM GAS  C:\Users\VIDEOH~1\AppData\Local\Temp\ccv25ozn.s 			page 1


   1              		.syntax unified
   2              		.cpu cortex-m0
   3              		.fpu softvfp
   4              		.eabi_attribute 20, 1
   5              		.eabi_attribute 21, 1
   6              		.eabi_attribute 23, 3
   7              		.eabi_attribute 24, 1
   8              		.eabi_attribute 25, 1
   9              		.eabi_attribute 26, 1
  10              		.eabi_attribute 30, 1
  11              		.eabi_attribute 34, 0
  12              		.eabi_attribute 18, 4
  13              		.thumb
  14              		.syntax unified
  15              		.file	"QuadratureISR.c"
  16              		.text
  17              	.Ltext0:
  18              		.cfi_sections	.debug_frame
  19              		.section	.text.QuadratureISR_Interrupt,"ax",%progbits
  20              		.align	2
  21              		.global	QuadratureISR_Interrupt
  22              		.code	16
  23              		.thumb_func
  24              		.type	QuadratureISR_Interrupt, %function
  25              	QuadratureISR_Interrupt:
  26              	.LFB3:
  27              		.file 1 "Generated_Source\\PSoC4\\QuadratureISR.c"
   1:Generated_Source\PSoC4/QuadratureISR.c **** /*******************************************************************************
   2:Generated_Source\PSoC4/QuadratureISR.c **** * File Name: QuadratureISR.c  
   3:Generated_Source\PSoC4/QuadratureISR.c **** * Version 1.70
   4:Generated_Source\PSoC4/QuadratureISR.c **** *
   5:Generated_Source\PSoC4/QuadratureISR.c **** *  Description:
   6:Generated_Source\PSoC4/QuadratureISR.c **** *   API for controlling the state of an interrupt.
   7:Generated_Source\PSoC4/QuadratureISR.c **** *
   8:Generated_Source\PSoC4/QuadratureISR.c **** *
   9:Generated_Source\PSoC4/QuadratureISR.c **** *  Note:
  10:Generated_Source\PSoC4/QuadratureISR.c **** *
  11:Generated_Source\PSoC4/QuadratureISR.c **** ********************************************************************************
  12:Generated_Source\PSoC4/QuadratureISR.c **** * Copyright 2008-2015, Cypress Semiconductor Corporation.  All rights reserved.
  13:Generated_Source\PSoC4/QuadratureISR.c **** * You may use this file only in accordance with the license, terms, conditions, 
  14:Generated_Source\PSoC4/QuadratureISR.c **** * disclaimers, and limitations in the end user license agreement accompanying 
  15:Generated_Source\PSoC4/QuadratureISR.c **** * the software package with which this file was provided.
  16:Generated_Source\PSoC4/QuadratureISR.c **** *******************************************************************************/
  17:Generated_Source\PSoC4/QuadratureISR.c **** 
  18:Generated_Source\PSoC4/QuadratureISR.c **** 
  19:Generated_Source\PSoC4/QuadratureISR.c **** #include <cydevice_trm.h>
  20:Generated_Source\PSoC4/QuadratureISR.c **** #include <CyLib.h>
  21:Generated_Source\PSoC4/QuadratureISR.c **** #include <QuadratureISR.h>
  22:Generated_Source\PSoC4/QuadratureISR.c **** 
  23:Generated_Source\PSoC4/QuadratureISR.c **** 
  24:Generated_Source\PSoC4/QuadratureISR.c **** #if !defined(QuadratureISR__REMOVED) /* Check for removal by optimization */
  25:Generated_Source\PSoC4/QuadratureISR.c **** 
  26:Generated_Source\PSoC4/QuadratureISR.c **** /*******************************************************************************
  27:Generated_Source\PSoC4/QuadratureISR.c **** *  Place your includes, defines and code here 
  28:Generated_Source\PSoC4/QuadratureISR.c **** ********************************************************************************/
  29:Generated_Source\PSoC4/QuadratureISR.c **** /* `#START QuadratureISR_intc` */
  30:Generated_Source\PSoC4/QuadratureISR.c **** 
ARM GAS  C:\Users\VIDEOH~1\AppData\Local\Temp\ccv25ozn.s 			page 2


  31:Generated_Source\PSoC4/QuadratureISR.c **** /* `#END` */
  32:Generated_Source\PSoC4/QuadratureISR.c **** 
  33:Generated_Source\PSoC4/QuadratureISR.c **** extern cyisraddress CyRamVectors[CYINT_IRQ_BASE + CY_NUM_INTERRUPTS];
  34:Generated_Source\PSoC4/QuadratureISR.c **** 
  35:Generated_Source\PSoC4/QuadratureISR.c **** /* Declared in startup, used to set unused interrupts to. */
  36:Generated_Source\PSoC4/QuadratureISR.c **** CY_ISR_PROTO(IntDefaultHandler);
  37:Generated_Source\PSoC4/QuadratureISR.c **** 
  38:Generated_Source\PSoC4/QuadratureISR.c **** 
  39:Generated_Source\PSoC4/QuadratureISR.c **** /*******************************************************************************
  40:Generated_Source\PSoC4/QuadratureISR.c **** * Function Name: QuadratureISR_Start
  41:Generated_Source\PSoC4/QuadratureISR.c **** ********************************************************************************
  42:Generated_Source\PSoC4/QuadratureISR.c **** *
  43:Generated_Source\PSoC4/QuadratureISR.c **** * Summary:
  44:Generated_Source\PSoC4/QuadratureISR.c **** *  Set up the interrupt and enable it. This function disables the interrupt, 
  45:Generated_Source\PSoC4/QuadratureISR.c **** *  sets the default interrupt vector, sets the priority from the value in the
  46:Generated_Source\PSoC4/QuadratureISR.c **** *  Design Wide Resources Interrupt Editor, then enables the interrupt to the 
  47:Generated_Source\PSoC4/QuadratureISR.c **** *  interrupt controller.
  48:Generated_Source\PSoC4/QuadratureISR.c **** *
  49:Generated_Source\PSoC4/QuadratureISR.c **** * Parameters:  
  50:Generated_Source\PSoC4/QuadratureISR.c **** *   None
  51:Generated_Source\PSoC4/QuadratureISR.c **** *
  52:Generated_Source\PSoC4/QuadratureISR.c **** * Return:
  53:Generated_Source\PSoC4/QuadratureISR.c **** *   None
  54:Generated_Source\PSoC4/QuadratureISR.c **** *
  55:Generated_Source\PSoC4/QuadratureISR.c **** *******************************************************************************/
  56:Generated_Source\PSoC4/QuadratureISR.c **** void QuadratureISR_Start(void)
  57:Generated_Source\PSoC4/QuadratureISR.c **** {
  58:Generated_Source\PSoC4/QuadratureISR.c ****     /* For all we know the interrupt is active. */
  59:Generated_Source\PSoC4/QuadratureISR.c ****     QuadratureISR_Disable();
  60:Generated_Source\PSoC4/QuadratureISR.c **** 
  61:Generated_Source\PSoC4/QuadratureISR.c ****     /* Set the ISR to point to the QuadratureISR Interrupt. */
  62:Generated_Source\PSoC4/QuadratureISR.c ****     QuadratureISR_SetVector(&QuadratureISR_Interrupt);
  63:Generated_Source\PSoC4/QuadratureISR.c **** 
  64:Generated_Source\PSoC4/QuadratureISR.c ****     /* Set the priority. */
  65:Generated_Source\PSoC4/QuadratureISR.c ****     QuadratureISR_SetPriority((uint8)QuadratureISR_INTC_PRIOR_NUMBER);
  66:Generated_Source\PSoC4/QuadratureISR.c **** 
  67:Generated_Source\PSoC4/QuadratureISR.c ****     /* Enable it. */
  68:Generated_Source\PSoC4/QuadratureISR.c ****     QuadratureISR_Enable();
  69:Generated_Source\PSoC4/QuadratureISR.c **** }
  70:Generated_Source\PSoC4/QuadratureISR.c **** 
  71:Generated_Source\PSoC4/QuadratureISR.c **** 
  72:Generated_Source\PSoC4/QuadratureISR.c **** /*******************************************************************************
  73:Generated_Source\PSoC4/QuadratureISR.c **** * Function Name: QuadratureISR_StartEx
  74:Generated_Source\PSoC4/QuadratureISR.c **** ********************************************************************************
  75:Generated_Source\PSoC4/QuadratureISR.c **** *
  76:Generated_Source\PSoC4/QuadratureISR.c **** * Summary:
  77:Generated_Source\PSoC4/QuadratureISR.c **** *  Sets up the interrupt and enables it. This function disables the interrupt,
  78:Generated_Source\PSoC4/QuadratureISR.c **** *  sets the interrupt vector based on the address passed in, sets the priority 
  79:Generated_Source\PSoC4/QuadratureISR.c **** *  from the value in the Design Wide Resources Interrupt Editor, then enables 
  80:Generated_Source\PSoC4/QuadratureISR.c **** *  the interrupt to the interrupt controller.
  81:Generated_Source\PSoC4/QuadratureISR.c **** *  
  82:Generated_Source\PSoC4/QuadratureISR.c **** *  When defining ISR functions, the CY_ISR and CY_ISR_PROTO macros should be 
  83:Generated_Source\PSoC4/QuadratureISR.c **** *  used to provide consistent definition across compilers:
  84:Generated_Source\PSoC4/QuadratureISR.c **** *  
  85:Generated_Source\PSoC4/QuadratureISR.c **** *  Function definition example:
  86:Generated_Source\PSoC4/QuadratureISR.c **** *   CY_ISR(MyISR)
  87:Generated_Source\PSoC4/QuadratureISR.c **** *   {
ARM GAS  C:\Users\VIDEOH~1\AppData\Local\Temp\ccv25ozn.s 			page 3


  88:Generated_Source\PSoC4/QuadratureISR.c **** *   }
  89:Generated_Source\PSoC4/QuadratureISR.c **** *   Function prototype example:
  90:Generated_Source\PSoC4/QuadratureISR.c **** *   CY_ISR_PROTO(MyISR);
  91:Generated_Source\PSoC4/QuadratureISR.c **** *
  92:Generated_Source\PSoC4/QuadratureISR.c **** * Parameters:  
  93:Generated_Source\PSoC4/QuadratureISR.c **** *   address: Address of the ISR to set in the interrupt vector table.
  94:Generated_Source\PSoC4/QuadratureISR.c **** *
  95:Generated_Source\PSoC4/QuadratureISR.c **** * Return:
  96:Generated_Source\PSoC4/QuadratureISR.c **** *   None
  97:Generated_Source\PSoC4/QuadratureISR.c **** *
  98:Generated_Source\PSoC4/QuadratureISR.c **** *******************************************************************************/
  99:Generated_Source\PSoC4/QuadratureISR.c **** void QuadratureISR_StartEx(cyisraddress address)
 100:Generated_Source\PSoC4/QuadratureISR.c **** {
 101:Generated_Source\PSoC4/QuadratureISR.c ****     /* For all we know the interrupt is active. */
 102:Generated_Source\PSoC4/QuadratureISR.c ****     QuadratureISR_Disable();
 103:Generated_Source\PSoC4/QuadratureISR.c **** 
 104:Generated_Source\PSoC4/QuadratureISR.c ****     /* Set the ISR to point to the QuadratureISR Interrupt. */
 105:Generated_Source\PSoC4/QuadratureISR.c ****     QuadratureISR_SetVector(address);
 106:Generated_Source\PSoC4/QuadratureISR.c **** 
 107:Generated_Source\PSoC4/QuadratureISR.c ****     /* Set the priority. */
 108:Generated_Source\PSoC4/QuadratureISR.c ****     QuadratureISR_SetPriority((uint8)QuadratureISR_INTC_PRIOR_NUMBER);
 109:Generated_Source\PSoC4/QuadratureISR.c **** 
 110:Generated_Source\PSoC4/QuadratureISR.c ****     /* Enable it. */
 111:Generated_Source\PSoC4/QuadratureISR.c ****     QuadratureISR_Enable();
 112:Generated_Source\PSoC4/QuadratureISR.c **** }
 113:Generated_Source\PSoC4/QuadratureISR.c **** 
 114:Generated_Source\PSoC4/QuadratureISR.c **** 
 115:Generated_Source\PSoC4/QuadratureISR.c **** /*******************************************************************************
 116:Generated_Source\PSoC4/QuadratureISR.c **** * Function Name: QuadratureISR_Stop
 117:Generated_Source\PSoC4/QuadratureISR.c **** ********************************************************************************
 118:Generated_Source\PSoC4/QuadratureISR.c **** *
 119:Generated_Source\PSoC4/QuadratureISR.c **** * Summary:
 120:Generated_Source\PSoC4/QuadratureISR.c **** *   Disables and removes the interrupt.
 121:Generated_Source\PSoC4/QuadratureISR.c **** *
 122:Generated_Source\PSoC4/QuadratureISR.c **** * Parameters:  
 123:Generated_Source\PSoC4/QuadratureISR.c **** *   None
 124:Generated_Source\PSoC4/QuadratureISR.c **** *
 125:Generated_Source\PSoC4/QuadratureISR.c **** * Return:
 126:Generated_Source\PSoC4/QuadratureISR.c **** *   None
 127:Generated_Source\PSoC4/QuadratureISR.c **** *
 128:Generated_Source\PSoC4/QuadratureISR.c **** *******************************************************************************/
 129:Generated_Source\PSoC4/QuadratureISR.c **** void QuadratureISR_Stop(void)
 130:Generated_Source\PSoC4/QuadratureISR.c **** {
 131:Generated_Source\PSoC4/QuadratureISR.c ****     /* Disable this interrupt. */
 132:Generated_Source\PSoC4/QuadratureISR.c ****     QuadratureISR_Disable();
 133:Generated_Source\PSoC4/QuadratureISR.c **** 
 134:Generated_Source\PSoC4/QuadratureISR.c ****     /* Set the ISR to point to the passive one. */
 135:Generated_Source\PSoC4/QuadratureISR.c ****     QuadratureISR_SetVector(&IntDefaultHandler);
 136:Generated_Source\PSoC4/QuadratureISR.c **** }
 137:Generated_Source\PSoC4/QuadratureISR.c **** 
 138:Generated_Source\PSoC4/QuadratureISR.c **** 
 139:Generated_Source\PSoC4/QuadratureISR.c **** /*******************************************************************************
 140:Generated_Source\PSoC4/QuadratureISR.c **** * Function Name: QuadratureISR_Interrupt
 141:Generated_Source\PSoC4/QuadratureISR.c **** ********************************************************************************
 142:Generated_Source\PSoC4/QuadratureISR.c **** *
 143:Generated_Source\PSoC4/QuadratureISR.c **** * Summary:
 144:Generated_Source\PSoC4/QuadratureISR.c **** *   The default Interrupt Service Routine for QuadratureISR.
ARM GAS  C:\Users\VIDEOH~1\AppData\Local\Temp\ccv25ozn.s 			page 4


 145:Generated_Source\PSoC4/QuadratureISR.c **** *
 146:Generated_Source\PSoC4/QuadratureISR.c **** *   Add custom code between the START and END comments to keep the next version
 147:Generated_Source\PSoC4/QuadratureISR.c **** *   of this file from over-writing your code.
 148:Generated_Source\PSoC4/QuadratureISR.c **** *
 149:Generated_Source\PSoC4/QuadratureISR.c **** *   Note You may use either the default ISR by using this API, or you may define
 150:Generated_Source\PSoC4/QuadratureISR.c **** *   your own separate ISR through ISR_StartEx().
 151:Generated_Source\PSoC4/QuadratureISR.c **** *
 152:Generated_Source\PSoC4/QuadratureISR.c **** * Parameters:  
 153:Generated_Source\PSoC4/QuadratureISR.c **** *   None
 154:Generated_Source\PSoC4/QuadratureISR.c **** *
 155:Generated_Source\PSoC4/QuadratureISR.c **** * Return:
 156:Generated_Source\PSoC4/QuadratureISR.c **** *   None
 157:Generated_Source\PSoC4/QuadratureISR.c **** *
 158:Generated_Source\PSoC4/QuadratureISR.c **** *******************************************************************************/
 159:Generated_Source\PSoC4/QuadratureISR.c **** CY_ISR(QuadratureISR_Interrupt)
 160:Generated_Source\PSoC4/QuadratureISR.c **** {
  28              		.loc 1 160 0
  29              		.cfi_startproc
  30              		@ args = 0, pretend = 0, frame = 0
  31              		@ frame_needed = 0, uses_anonymous_args = 0
  32              		@ link register save eliminated.
 161:Generated_Source\PSoC4/QuadratureISR.c ****     #ifdef QuadratureISR_INTERRUPT_INTERRUPT_CALLBACK
 162:Generated_Source\PSoC4/QuadratureISR.c ****         QuadratureISR_Interrupt_InterruptCallback();
 163:Generated_Source\PSoC4/QuadratureISR.c ****     #endif /* QuadratureISR_INTERRUPT_INTERRUPT_CALLBACK */ 
 164:Generated_Source\PSoC4/QuadratureISR.c **** 
 165:Generated_Source\PSoC4/QuadratureISR.c ****     /*  Place your Interrupt code here. */
 166:Generated_Source\PSoC4/QuadratureISR.c ****     /* `#START QuadratureISR_Interrupt` */
 167:Generated_Source\PSoC4/QuadratureISR.c **** 
 168:Generated_Source\PSoC4/QuadratureISR.c ****     /* `#END` */
 169:Generated_Source\PSoC4/QuadratureISR.c **** }
  33              		.loc 1 169 0
  34              		@ sp needed
  35 0000 7047     		bx	lr
  36              		.cfi_endproc
  37              	.LFE3:
  38              		.size	QuadratureISR_Interrupt, .-QuadratureISR_Interrupt
  39 0002 C046     		.section	.text.QuadratureISR_SetVector,"ax",%progbits
  40              		.align	2
  41              		.global	QuadratureISR_SetVector
  42              		.code	16
  43              		.thumb_func
  44              		.type	QuadratureISR_SetVector, %function
  45              	QuadratureISR_SetVector:
  46              	.LFB4:
 170:Generated_Source\PSoC4/QuadratureISR.c **** 
 171:Generated_Source\PSoC4/QuadratureISR.c **** 
 172:Generated_Source\PSoC4/QuadratureISR.c **** /*******************************************************************************
 173:Generated_Source\PSoC4/QuadratureISR.c **** * Function Name: QuadratureISR_SetVector
 174:Generated_Source\PSoC4/QuadratureISR.c **** ********************************************************************************
 175:Generated_Source\PSoC4/QuadratureISR.c **** *
 176:Generated_Source\PSoC4/QuadratureISR.c **** * Summary:
 177:Generated_Source\PSoC4/QuadratureISR.c **** *   Change the ISR vector for the Interrupt. Note calling QuadratureISR_Start
 178:Generated_Source\PSoC4/QuadratureISR.c **** *   will override any effect this method would have had. To set the vector 
 179:Generated_Source\PSoC4/QuadratureISR.c **** *   before the component has been started use QuadratureISR_StartEx instead.
 180:Generated_Source\PSoC4/QuadratureISR.c **** * 
 181:Generated_Source\PSoC4/QuadratureISR.c **** *   When defining ISR functions, the CY_ISR and CY_ISR_PROTO macros should be 
 182:Generated_Source\PSoC4/QuadratureISR.c **** *   used to provide consistent definition across compilers:
ARM GAS  C:\Users\VIDEOH~1\AppData\Local\Temp\ccv25ozn.s 			page 5


 183:Generated_Source\PSoC4/QuadratureISR.c **** *
 184:Generated_Source\PSoC4/QuadratureISR.c **** *   Function definition example:
 185:Generated_Source\PSoC4/QuadratureISR.c **** *   CY_ISR(MyISR)
 186:Generated_Source\PSoC4/QuadratureISR.c **** *   {
 187:Generated_Source\PSoC4/QuadratureISR.c **** *   }
 188:Generated_Source\PSoC4/QuadratureISR.c **** *
 189:Generated_Source\PSoC4/QuadratureISR.c **** *   Function prototype example:
 190:Generated_Source\PSoC4/QuadratureISR.c **** *     CY_ISR_PROTO(MyISR);
 191:Generated_Source\PSoC4/QuadratureISR.c **** *
 192:Generated_Source\PSoC4/QuadratureISR.c **** * Parameters:
 193:Generated_Source\PSoC4/QuadratureISR.c **** *   address: Address of the ISR to set in the interrupt vector table.
 194:Generated_Source\PSoC4/QuadratureISR.c **** *
 195:Generated_Source\PSoC4/QuadratureISR.c **** * Return:
 196:Generated_Source\PSoC4/QuadratureISR.c **** *   None
 197:Generated_Source\PSoC4/QuadratureISR.c **** *
 198:Generated_Source\PSoC4/QuadratureISR.c **** *******************************************************************************/
 199:Generated_Source\PSoC4/QuadratureISR.c **** void QuadratureISR_SetVector(cyisraddress address)
 200:Generated_Source\PSoC4/QuadratureISR.c **** {
  47              		.loc 1 200 0
  48              		.cfi_startproc
  49              		@ args = 0, pretend = 0, frame = 0
  50              		@ frame_needed = 0, uses_anonymous_args = 0
  51              		@ link register save eliminated.
  52              	.LVL0:
 201:Generated_Source\PSoC4/QuadratureISR.c ****     CyRamVectors[CYINT_IRQ_BASE + QuadratureISR__INTC_NUMBER] = address;
  53              		.loc 1 201 0
  54 0000 014B     		ldr	r3, .L3
  55 0002 1864     		str	r0, [r3, #64]
 202:Generated_Source\PSoC4/QuadratureISR.c **** }
  56              		.loc 1 202 0
  57              		@ sp needed
  58 0004 7047     		bx	lr
  59              	.L4:
  60 0006 C046     		.align	2
  61              	.L3:
  62 0008 00000000 		.word	CyRamVectors
  63              		.cfi_endproc
  64              	.LFE4:
  65              		.size	QuadratureISR_SetVector, .-QuadratureISR_SetVector
  66              		.section	.text.QuadratureISR_GetVector,"ax",%progbits
  67              		.align	2
  68              		.global	QuadratureISR_GetVector
  69              		.code	16
  70              		.thumb_func
  71              		.type	QuadratureISR_GetVector, %function
  72              	QuadratureISR_GetVector:
  73              	.LFB5:
 203:Generated_Source\PSoC4/QuadratureISR.c **** 
 204:Generated_Source\PSoC4/QuadratureISR.c **** 
 205:Generated_Source\PSoC4/QuadratureISR.c **** /*******************************************************************************
 206:Generated_Source\PSoC4/QuadratureISR.c **** * Function Name: QuadratureISR_GetVector
 207:Generated_Source\PSoC4/QuadratureISR.c **** ********************************************************************************
 208:Generated_Source\PSoC4/QuadratureISR.c **** *
 209:Generated_Source\PSoC4/QuadratureISR.c **** * Summary:
 210:Generated_Source\PSoC4/QuadratureISR.c **** *   Gets the "address" of the current ISR vector for the Interrupt.
 211:Generated_Source\PSoC4/QuadratureISR.c **** *
 212:Generated_Source\PSoC4/QuadratureISR.c **** * Parameters:
ARM GAS  C:\Users\VIDEOH~1\AppData\Local\Temp\ccv25ozn.s 			page 6


 213:Generated_Source\PSoC4/QuadratureISR.c **** *   None
 214:Generated_Source\PSoC4/QuadratureISR.c **** *
 215:Generated_Source\PSoC4/QuadratureISR.c **** * Return:
 216:Generated_Source\PSoC4/QuadratureISR.c **** *   Address of the ISR in the interrupt vector table.
 217:Generated_Source\PSoC4/QuadratureISR.c **** *
 218:Generated_Source\PSoC4/QuadratureISR.c **** *******************************************************************************/
 219:Generated_Source\PSoC4/QuadratureISR.c **** cyisraddress QuadratureISR_GetVector(void)
 220:Generated_Source\PSoC4/QuadratureISR.c **** {
  74              		.loc 1 220 0
  75              		.cfi_startproc
  76              		@ args = 0, pretend = 0, frame = 0
  77              		@ frame_needed = 0, uses_anonymous_args = 0
  78              		@ link register save eliminated.
 221:Generated_Source\PSoC4/QuadratureISR.c ****     return CyRamVectors[CYINT_IRQ_BASE + QuadratureISR__INTC_NUMBER];
  79              		.loc 1 221 0
  80 0000 014B     		ldr	r3, .L6
  81 0002 186C     		ldr	r0, [r3, #64]
 222:Generated_Source\PSoC4/QuadratureISR.c **** }
  82              		.loc 1 222 0
  83              		@ sp needed
  84 0004 7047     		bx	lr
  85              	.L7:
  86 0006 C046     		.align	2
  87              	.L6:
  88 0008 00000000 		.word	CyRamVectors
  89              		.cfi_endproc
  90              	.LFE5:
  91              		.size	QuadratureISR_GetVector, .-QuadratureISR_GetVector
  92              		.section	.text.QuadratureISR_SetPriority,"ax",%progbits
  93              		.align	2
  94              		.global	QuadratureISR_SetPriority
  95              		.code	16
  96              		.thumb_func
  97              		.type	QuadratureISR_SetPriority, %function
  98              	QuadratureISR_SetPriority:
  99              	.LFB6:
 223:Generated_Source\PSoC4/QuadratureISR.c **** 
 224:Generated_Source\PSoC4/QuadratureISR.c **** 
 225:Generated_Source\PSoC4/QuadratureISR.c **** /*******************************************************************************
 226:Generated_Source\PSoC4/QuadratureISR.c **** * Function Name: QuadratureISR_SetPriority
 227:Generated_Source\PSoC4/QuadratureISR.c **** ********************************************************************************
 228:Generated_Source\PSoC4/QuadratureISR.c **** *
 229:Generated_Source\PSoC4/QuadratureISR.c **** * Summary:
 230:Generated_Source\PSoC4/QuadratureISR.c **** *   Sets the Priority of the Interrupt. 
 231:Generated_Source\PSoC4/QuadratureISR.c **** *
 232:Generated_Source\PSoC4/QuadratureISR.c **** *   Note calling QuadratureISR_Start or QuadratureISR_StartEx will 
 233:Generated_Source\PSoC4/QuadratureISR.c **** *   override any effect this API would have had. This API should only be called
 234:Generated_Source\PSoC4/QuadratureISR.c **** *   after QuadratureISR_Start or QuadratureISR_StartEx has been called. 
 235:Generated_Source\PSoC4/QuadratureISR.c **** *   To set the initial priority for the component, use the Design-Wide Resources
 236:Generated_Source\PSoC4/QuadratureISR.c **** *   Interrupt Editor.
 237:Generated_Source\PSoC4/QuadratureISR.c **** *
 238:Generated_Source\PSoC4/QuadratureISR.c **** *   Note This API has no effect on Non-maskable interrupt NMI).
 239:Generated_Source\PSoC4/QuadratureISR.c **** *
 240:Generated_Source\PSoC4/QuadratureISR.c **** * Parameters:
 241:Generated_Source\PSoC4/QuadratureISR.c **** *   priority: Priority of the interrupt, 0 being the highest priority
 242:Generated_Source\PSoC4/QuadratureISR.c **** *             PSoC 3 and PSoC 5LP: Priority is from 0 to 7.
 243:Generated_Source\PSoC4/QuadratureISR.c **** *             PSoC 4: Priority is from 0 to 3.
ARM GAS  C:\Users\VIDEOH~1\AppData\Local\Temp\ccv25ozn.s 			page 7


 244:Generated_Source\PSoC4/QuadratureISR.c **** *
 245:Generated_Source\PSoC4/QuadratureISR.c **** * Return:
 246:Generated_Source\PSoC4/QuadratureISR.c **** *   None
 247:Generated_Source\PSoC4/QuadratureISR.c **** *
 248:Generated_Source\PSoC4/QuadratureISR.c **** *******************************************************************************/
 249:Generated_Source\PSoC4/QuadratureISR.c **** void QuadratureISR_SetPriority(uint8 priority)
 250:Generated_Source\PSoC4/QuadratureISR.c **** {
 100              		.loc 1 250 0
 101              		.cfi_startproc
 102              		@ args = 0, pretend = 0, frame = 0
 103              		@ frame_needed = 0, uses_anonymous_args = 0
 104              	.LVL1:
 105 0000 10B5     		push	{r4, lr}
 106              		.cfi_def_cfa_offset 8
 107              		.cfi_offset 4, -8
 108              		.cfi_offset 14, -4
 109 0002 0400     		movs	r4, r0
 110              	.LVL2:
 251:Generated_Source\PSoC4/QuadratureISR.c **** 	uint8 interruptState;
 252:Generated_Source\PSoC4/QuadratureISR.c ****     uint32 priorityOffset = ((QuadratureISR__INTC_NUMBER % 4u) * 8u) + 6u;
 253:Generated_Source\PSoC4/QuadratureISR.c ****     
 254:Generated_Source\PSoC4/QuadratureISR.c **** 	interruptState = CyEnterCriticalSection();
 111              		.loc 1 254 0
 112 0004 FFF7FEFF 		bl	CyEnterCriticalSection
 113              	.LVL3:
 255:Generated_Source\PSoC4/QuadratureISR.c ****     *QuadratureISR_INTC_PRIOR = (*QuadratureISR_INTC_PRIOR & (uint32)(~QuadratureISR__INTC_PRIOR_MA
 114              		.loc 1 255 0
 115 0008 044A     		ldr	r2, .L9
 116 000a 1368     		ldr	r3, [r2]
 117 000c C021     		movs	r1, #192
 118 000e 8B43     		bics	r3, r1
 256:Generated_Source\PSoC4/QuadratureISR.c ****                                     ((uint32)priority << priorityOffset);
 119              		.loc 1 256 0
 120 0010 A401     		lsls	r4, r4, #6
 255:Generated_Source\PSoC4/QuadratureISR.c ****     *QuadratureISR_INTC_PRIOR = (*QuadratureISR_INTC_PRIOR & (uint32)(~QuadratureISR__INTC_PRIOR_MA
 121              		.loc 1 255 0
 122 0012 1C43     		orrs	r4, r3
 123 0014 1460     		str	r4, [r2]
 257:Generated_Source\PSoC4/QuadratureISR.c **** 	CyExitCriticalSection(interruptState);
 124              		.loc 1 257 0
 125 0016 FFF7FEFF 		bl	CyExitCriticalSection
 126              	.LVL4:
 258:Generated_Source\PSoC4/QuadratureISR.c **** }
 127              		.loc 1 258 0
 128              		@ sp needed
 129 001a 10BD     		pop	{r4, pc}
 130              	.L10:
 131              		.align	2
 132              	.L9:
 133 001c 00E400E0 		.word	-536812544
 134              		.cfi_endproc
 135              	.LFE6:
 136              		.size	QuadratureISR_SetPriority, .-QuadratureISR_SetPriority
 137              		.section	.text.QuadratureISR_GetPriority,"ax",%progbits
 138              		.align	2
 139              		.global	QuadratureISR_GetPriority
 140              		.code	16
ARM GAS  C:\Users\VIDEOH~1\AppData\Local\Temp\ccv25ozn.s 			page 8


 141              		.thumb_func
 142              		.type	QuadratureISR_GetPriority, %function
 143              	QuadratureISR_GetPriority:
 144              	.LFB7:
 259:Generated_Source\PSoC4/QuadratureISR.c **** 
 260:Generated_Source\PSoC4/QuadratureISR.c **** 
 261:Generated_Source\PSoC4/QuadratureISR.c **** /*******************************************************************************
 262:Generated_Source\PSoC4/QuadratureISR.c **** * Function Name: QuadratureISR_GetPriority
 263:Generated_Source\PSoC4/QuadratureISR.c **** ********************************************************************************
 264:Generated_Source\PSoC4/QuadratureISR.c **** *
 265:Generated_Source\PSoC4/QuadratureISR.c **** * Summary:
 266:Generated_Source\PSoC4/QuadratureISR.c **** *   Gets the Priority of the Interrupt.
 267:Generated_Source\PSoC4/QuadratureISR.c **** *
 268:Generated_Source\PSoC4/QuadratureISR.c **** * Parameters:
 269:Generated_Source\PSoC4/QuadratureISR.c **** *   None
 270:Generated_Source\PSoC4/QuadratureISR.c **** *
 271:Generated_Source\PSoC4/QuadratureISR.c **** * Return:
 272:Generated_Source\PSoC4/QuadratureISR.c **** *   Priority of the interrupt, 0 being the highest priority
 273:Generated_Source\PSoC4/QuadratureISR.c **** *    PSoC 3 and PSoC 5LP: Priority is from 0 to 7.
 274:Generated_Source\PSoC4/QuadratureISR.c **** *    PSoC 4: Priority is from 0 to 3.
 275:Generated_Source\PSoC4/QuadratureISR.c **** *
 276:Generated_Source\PSoC4/QuadratureISR.c **** *******************************************************************************/
 277:Generated_Source\PSoC4/QuadratureISR.c **** uint8 QuadratureISR_GetPriority(void)
 278:Generated_Source\PSoC4/QuadratureISR.c **** {
 145              		.loc 1 278 0
 146              		.cfi_startproc
 147              		@ args = 0, pretend = 0, frame = 0
 148              		@ frame_needed = 0, uses_anonymous_args = 0
 149              		@ link register save eliminated.
 150              	.LVL5:
 279:Generated_Source\PSoC4/QuadratureISR.c ****     uint32 priority;
 280:Generated_Source\PSoC4/QuadratureISR.c **** 	uint32 priorityOffset = ((QuadratureISR__INTC_NUMBER % 4u) * 8u) + 6u;
 281:Generated_Source\PSoC4/QuadratureISR.c **** 
 282:Generated_Source\PSoC4/QuadratureISR.c ****     priority = (*QuadratureISR_INTC_PRIOR & QuadratureISR__INTC_PRIOR_MASK) >> priorityOffset;
 151              		.loc 1 282 0
 152 0000 024B     		ldr	r3, .L12
 153 0002 1868     		ldr	r0, [r3]
 154 0004 8009     		lsrs	r0, r0, #6
 155              	.LVL6:
 283:Generated_Source\PSoC4/QuadratureISR.c **** 
 284:Generated_Source\PSoC4/QuadratureISR.c ****     return (uint8)priority;
 156              		.loc 1 284 0
 157 0006 0323     		movs	r3, #3
 158 0008 1840     		ands	r0, r3
 159              	.LVL7:
 285:Generated_Source\PSoC4/QuadratureISR.c **** }
 160              		.loc 1 285 0
 161              		@ sp needed
 162 000a 7047     		bx	lr
 163              	.L13:
 164              		.align	2
 165              	.L12:
 166 000c 00E400E0 		.word	-536812544
 167              		.cfi_endproc
 168              	.LFE7:
 169              		.size	QuadratureISR_GetPriority, .-QuadratureISR_GetPriority
 170              		.section	.text.QuadratureISR_Enable,"ax",%progbits
ARM GAS  C:\Users\VIDEOH~1\AppData\Local\Temp\ccv25ozn.s 			page 9


 171              		.align	2
 172              		.global	QuadratureISR_Enable
 173              		.code	16
 174              		.thumb_func
 175              		.type	QuadratureISR_Enable, %function
 176              	QuadratureISR_Enable:
 177              	.LFB8:
 286:Generated_Source\PSoC4/QuadratureISR.c **** 
 287:Generated_Source\PSoC4/QuadratureISR.c **** 
 288:Generated_Source\PSoC4/QuadratureISR.c **** /*******************************************************************************
 289:Generated_Source\PSoC4/QuadratureISR.c **** * Function Name: QuadratureISR_Enable
 290:Generated_Source\PSoC4/QuadratureISR.c **** ********************************************************************************
 291:Generated_Source\PSoC4/QuadratureISR.c **** *
 292:Generated_Source\PSoC4/QuadratureISR.c **** * Summary:
 293:Generated_Source\PSoC4/QuadratureISR.c **** *   Enables the interrupt to the interrupt controller. Do not call this function
 294:Generated_Source\PSoC4/QuadratureISR.c **** *   unless ISR_Start() has been called or the functionality of the ISR_Start() 
 295:Generated_Source\PSoC4/QuadratureISR.c **** *   function, which sets the vector and the priority, has been called.
 296:Generated_Source\PSoC4/QuadratureISR.c **** *
 297:Generated_Source\PSoC4/QuadratureISR.c **** * Parameters:
 298:Generated_Source\PSoC4/QuadratureISR.c **** *   None
 299:Generated_Source\PSoC4/QuadratureISR.c **** *
 300:Generated_Source\PSoC4/QuadratureISR.c **** * Return:
 301:Generated_Source\PSoC4/QuadratureISR.c **** *   None
 302:Generated_Source\PSoC4/QuadratureISR.c **** *
 303:Generated_Source\PSoC4/QuadratureISR.c **** *******************************************************************************/
 304:Generated_Source\PSoC4/QuadratureISR.c **** void QuadratureISR_Enable(void)
 305:Generated_Source\PSoC4/QuadratureISR.c **** {
 178              		.loc 1 305 0
 179              		.cfi_startproc
 180              		@ args = 0, pretend = 0, frame = 0
 181              		@ frame_needed = 0, uses_anonymous_args = 0
 182              		@ link register save eliminated.
 306:Generated_Source\PSoC4/QuadratureISR.c ****     /* Enable the general interrupt. */
 307:Generated_Source\PSoC4/QuadratureISR.c ****     *QuadratureISR_INTC_SET_EN = QuadratureISR__INTC_MASK;
 183              		.loc 1 307 0
 184 0000 0122     		movs	r2, #1
 185 0002 014B     		ldr	r3, .L15
 186 0004 1A60     		str	r2, [r3]
 308:Generated_Source\PSoC4/QuadratureISR.c **** }
 187              		.loc 1 308 0
 188              		@ sp needed
 189 0006 7047     		bx	lr
 190              	.L16:
 191              		.align	2
 192              	.L15:
 193 0008 00E100E0 		.word	-536813312
 194              		.cfi_endproc
 195              	.LFE8:
 196              		.size	QuadratureISR_Enable, .-QuadratureISR_Enable
 197              		.section	.text.QuadratureISR_GetState,"ax",%progbits
 198              		.align	2
 199              		.global	QuadratureISR_GetState
 200              		.code	16
 201              		.thumb_func
 202              		.type	QuadratureISR_GetState, %function
 203              	QuadratureISR_GetState:
 204              	.LFB9:
ARM GAS  C:\Users\VIDEOH~1\AppData\Local\Temp\ccv25ozn.s 			page 10


 309:Generated_Source\PSoC4/QuadratureISR.c **** 
 310:Generated_Source\PSoC4/QuadratureISR.c **** 
 311:Generated_Source\PSoC4/QuadratureISR.c **** /*******************************************************************************
 312:Generated_Source\PSoC4/QuadratureISR.c **** * Function Name: QuadratureISR_GetState
 313:Generated_Source\PSoC4/QuadratureISR.c **** ********************************************************************************
 314:Generated_Source\PSoC4/QuadratureISR.c **** *
 315:Generated_Source\PSoC4/QuadratureISR.c **** * Summary:
 316:Generated_Source\PSoC4/QuadratureISR.c **** *   Gets the state (enabled, disabled) of the Interrupt.
 317:Generated_Source\PSoC4/QuadratureISR.c **** *
 318:Generated_Source\PSoC4/QuadratureISR.c **** * Parameters:
 319:Generated_Source\PSoC4/QuadratureISR.c **** *   None
 320:Generated_Source\PSoC4/QuadratureISR.c **** *
 321:Generated_Source\PSoC4/QuadratureISR.c **** * Return:
 322:Generated_Source\PSoC4/QuadratureISR.c **** *   1 if enabled, 0 if disabled.
 323:Generated_Source\PSoC4/QuadratureISR.c **** *
 324:Generated_Source\PSoC4/QuadratureISR.c **** *******************************************************************************/
 325:Generated_Source\PSoC4/QuadratureISR.c **** uint8 QuadratureISR_GetState(void)
 326:Generated_Source\PSoC4/QuadratureISR.c **** {
 205              		.loc 1 326 0
 206              		.cfi_startproc
 207              		@ args = 0, pretend = 0, frame = 0
 208              		@ frame_needed = 0, uses_anonymous_args = 0
 209              		@ link register save eliminated.
 327:Generated_Source\PSoC4/QuadratureISR.c ****     /* Get the state of the general interrupt. */
 328:Generated_Source\PSoC4/QuadratureISR.c ****     return ((*QuadratureISR_INTC_SET_EN & (uint32)QuadratureISR__INTC_MASK) != 0u) ? 1u:0u;
 210              		.loc 1 328 0
 211 0000 024B     		ldr	r3, .L18
 212 0002 1B68     		ldr	r3, [r3]
 213 0004 0120     		movs	r0, #1
 214 0006 1840     		ands	r0, r3
 329:Generated_Source\PSoC4/QuadratureISR.c **** }
 215              		.loc 1 329 0
 216              		@ sp needed
 217 0008 7047     		bx	lr
 218              	.L19:
 219 000a C046     		.align	2
 220              	.L18:
 221 000c 00E100E0 		.word	-536813312
 222              		.cfi_endproc
 223              	.LFE9:
 224              		.size	QuadratureISR_GetState, .-QuadratureISR_GetState
 225              		.section	.text.QuadratureISR_Disable,"ax",%progbits
 226              		.align	2
 227              		.global	QuadratureISR_Disable
 228              		.code	16
 229              		.thumb_func
 230              		.type	QuadratureISR_Disable, %function
 231              	QuadratureISR_Disable:
 232              	.LFB10:
 330:Generated_Source\PSoC4/QuadratureISR.c **** 
 331:Generated_Source\PSoC4/QuadratureISR.c **** 
 332:Generated_Source\PSoC4/QuadratureISR.c **** /*******************************************************************************
 333:Generated_Source\PSoC4/QuadratureISR.c **** * Function Name: QuadratureISR_Disable
 334:Generated_Source\PSoC4/QuadratureISR.c **** ********************************************************************************
 335:Generated_Source\PSoC4/QuadratureISR.c **** *
 336:Generated_Source\PSoC4/QuadratureISR.c **** * Summary:
 337:Generated_Source\PSoC4/QuadratureISR.c **** *   Disables the Interrupt in the interrupt controller.
ARM GAS  C:\Users\VIDEOH~1\AppData\Local\Temp\ccv25ozn.s 			page 11


 338:Generated_Source\PSoC4/QuadratureISR.c **** *
 339:Generated_Source\PSoC4/QuadratureISR.c **** * Parameters:
 340:Generated_Source\PSoC4/QuadratureISR.c **** *   None
 341:Generated_Source\PSoC4/QuadratureISR.c **** *
 342:Generated_Source\PSoC4/QuadratureISR.c **** * Return:
 343:Generated_Source\PSoC4/QuadratureISR.c **** *   None
 344:Generated_Source\PSoC4/QuadratureISR.c **** *
 345:Generated_Source\PSoC4/QuadratureISR.c **** *******************************************************************************/
 346:Generated_Source\PSoC4/QuadratureISR.c **** void QuadratureISR_Disable(void)
 347:Generated_Source\PSoC4/QuadratureISR.c **** {
 233              		.loc 1 347 0
 234              		.cfi_startproc
 235              		@ args = 0, pretend = 0, frame = 0
 236              		@ frame_needed = 0, uses_anonymous_args = 0
 237              		@ link register save eliminated.
 348:Generated_Source\PSoC4/QuadratureISR.c ****     /* Disable the general interrupt. */
 349:Generated_Source\PSoC4/QuadratureISR.c ****     *QuadratureISR_INTC_CLR_EN = QuadratureISR__INTC_MASK;
 238              		.loc 1 349 0
 239 0000 0122     		movs	r2, #1
 240 0002 014B     		ldr	r3, .L21
 241 0004 1A60     		str	r2, [r3]
 350:Generated_Source\PSoC4/QuadratureISR.c **** }
 242              		.loc 1 350 0
 243              		@ sp needed
 244 0006 7047     		bx	lr
 245              	.L22:
 246              		.align	2
 247              	.L21:
 248 0008 80E100E0 		.word	-536813184
 249              		.cfi_endproc
 250              	.LFE10:
 251              		.size	QuadratureISR_Disable, .-QuadratureISR_Disable
 252              		.section	.text.QuadratureISR_Start,"ax",%progbits
 253              		.align	2
 254              		.global	QuadratureISR_Start
 255              		.code	16
 256              		.thumb_func
 257              		.type	QuadratureISR_Start, %function
 258              	QuadratureISR_Start:
 259              	.LFB0:
  57:Generated_Source\PSoC4/QuadratureISR.c ****     /* For all we know the interrupt is active. */
 260              		.loc 1 57 0
 261              		.cfi_startproc
 262              		@ args = 0, pretend = 0, frame = 0
 263              		@ frame_needed = 0, uses_anonymous_args = 0
 264 0000 10B5     		push	{r4, lr}
 265              		.cfi_def_cfa_offset 8
 266              		.cfi_offset 4, -8
 267              		.cfi_offset 14, -4
  59:Generated_Source\PSoC4/QuadratureISR.c **** 
 268              		.loc 1 59 0
 269 0002 FFF7FEFF 		bl	QuadratureISR_Disable
 270              	.LVL8:
  62:Generated_Source\PSoC4/QuadratureISR.c **** 
 271              		.loc 1 62 0
 272 0006 0448     		ldr	r0, .L24
 273 0008 FFF7FEFF 		bl	QuadratureISR_SetVector
ARM GAS  C:\Users\VIDEOH~1\AppData\Local\Temp\ccv25ozn.s 			page 12


 274              	.LVL9:
  65:Generated_Source\PSoC4/QuadratureISR.c **** 
 275              		.loc 1 65 0
 276 000c 0320     		movs	r0, #3
 277 000e FFF7FEFF 		bl	QuadratureISR_SetPriority
 278              	.LVL10:
  68:Generated_Source\PSoC4/QuadratureISR.c **** }
 279              		.loc 1 68 0
 280 0012 FFF7FEFF 		bl	QuadratureISR_Enable
 281              	.LVL11:
  69:Generated_Source\PSoC4/QuadratureISR.c **** 
 282              		.loc 1 69 0
 283              		@ sp needed
 284 0016 10BD     		pop	{r4, pc}
 285              	.L25:
 286              		.align	2
 287              	.L24:
 288 0018 00000000 		.word	QuadratureISR_Interrupt
 289              		.cfi_endproc
 290              	.LFE0:
 291              		.size	QuadratureISR_Start, .-QuadratureISR_Start
 292              		.section	.text.QuadratureISR_StartEx,"ax",%progbits
 293              		.align	2
 294              		.global	QuadratureISR_StartEx
 295              		.code	16
 296              		.thumb_func
 297              		.type	QuadratureISR_StartEx, %function
 298              	QuadratureISR_StartEx:
 299              	.LFB1:
 100:Generated_Source\PSoC4/QuadratureISR.c ****     /* For all we know the interrupt is active. */
 300              		.loc 1 100 0
 301              		.cfi_startproc
 302              		@ args = 0, pretend = 0, frame = 0
 303              		@ frame_needed = 0, uses_anonymous_args = 0
 304              	.LVL12:
 305 0000 10B5     		push	{r4, lr}
 306              		.cfi_def_cfa_offset 8
 307              		.cfi_offset 4, -8
 308              		.cfi_offset 14, -4
 309 0002 0400     		movs	r4, r0
 102:Generated_Source\PSoC4/QuadratureISR.c **** 
 310              		.loc 1 102 0
 311 0004 FFF7FEFF 		bl	QuadratureISR_Disable
 312              	.LVL13:
 105:Generated_Source\PSoC4/QuadratureISR.c **** 
 313              		.loc 1 105 0
 314 0008 2000     		movs	r0, r4
 315 000a FFF7FEFF 		bl	QuadratureISR_SetVector
 316              	.LVL14:
 108:Generated_Source\PSoC4/QuadratureISR.c **** 
 317              		.loc 1 108 0
 318 000e 0320     		movs	r0, #3
 319 0010 FFF7FEFF 		bl	QuadratureISR_SetPriority
 320              	.LVL15:
 111:Generated_Source\PSoC4/QuadratureISR.c **** }
 321              		.loc 1 111 0
 322 0014 FFF7FEFF 		bl	QuadratureISR_Enable
ARM GAS  C:\Users\VIDEOH~1\AppData\Local\Temp\ccv25ozn.s 			page 13


 323              	.LVL16:
 112:Generated_Source\PSoC4/QuadratureISR.c **** 
 324              		.loc 1 112 0
 325              		@ sp needed
 326              	.LVL17:
 327 0018 10BD     		pop	{r4, pc}
 328              		.cfi_endproc
 329              	.LFE1:
 330              		.size	QuadratureISR_StartEx, .-QuadratureISR_StartEx
 331 001a C046     		.section	.text.QuadratureISR_Stop,"ax",%progbits
 332              		.align	2
 333              		.global	QuadratureISR_Stop
 334              		.code	16
 335              		.thumb_func
 336              		.type	QuadratureISR_Stop, %function
 337              	QuadratureISR_Stop:
 338              	.LFB2:
 130:Generated_Source\PSoC4/QuadratureISR.c ****     /* Disable this interrupt. */
 339              		.loc 1 130 0
 340              		.cfi_startproc
 341              		@ args = 0, pretend = 0, frame = 0
 342              		@ frame_needed = 0, uses_anonymous_args = 0
 343 0000 10B5     		push	{r4, lr}
 344              		.cfi_def_cfa_offset 8
 345              		.cfi_offset 4, -8
 346              		.cfi_offset 14, -4
 132:Generated_Source\PSoC4/QuadratureISR.c **** 
 347              		.loc 1 132 0
 348 0002 FFF7FEFF 		bl	QuadratureISR_Disable
 349              	.LVL18:
 135:Generated_Source\PSoC4/QuadratureISR.c **** }
 350              		.loc 1 135 0
 351 0006 0248     		ldr	r0, .L28
 352 0008 FFF7FEFF 		bl	QuadratureISR_SetVector
 353              	.LVL19:
 136:Generated_Source\PSoC4/QuadratureISR.c **** 
 354              		.loc 1 136 0
 355              		@ sp needed
 356 000c 10BD     		pop	{r4, pc}
 357              	.L29:
 358 000e C046     		.align	2
 359              	.L28:
 360 0010 00000000 		.word	IntDefaultHandler
 361              		.cfi_endproc
 362              	.LFE2:
 363              		.size	QuadratureISR_Stop, .-QuadratureISR_Stop
 364              		.section	.text.QuadratureISR_SetPending,"ax",%progbits
 365              		.align	2
 366              		.global	QuadratureISR_SetPending
 367              		.code	16
 368              		.thumb_func
 369              		.type	QuadratureISR_SetPending, %function
 370              	QuadratureISR_SetPending:
 371              	.LFB11:
 351:Generated_Source\PSoC4/QuadratureISR.c **** 
 352:Generated_Source\PSoC4/QuadratureISR.c **** 
 353:Generated_Source\PSoC4/QuadratureISR.c **** /*******************************************************************************
ARM GAS  C:\Users\VIDEOH~1\AppData\Local\Temp\ccv25ozn.s 			page 14


 354:Generated_Source\PSoC4/QuadratureISR.c **** * Function Name: QuadratureISR_SetPending
 355:Generated_Source\PSoC4/QuadratureISR.c **** ********************************************************************************
 356:Generated_Source\PSoC4/QuadratureISR.c **** *
 357:Generated_Source\PSoC4/QuadratureISR.c **** * Summary:
 358:Generated_Source\PSoC4/QuadratureISR.c **** *   Causes the Interrupt to enter the pending state, a software method of
 359:Generated_Source\PSoC4/QuadratureISR.c **** *   generating the interrupt.
 360:Generated_Source\PSoC4/QuadratureISR.c **** *
 361:Generated_Source\PSoC4/QuadratureISR.c **** * Parameters:
 362:Generated_Source\PSoC4/QuadratureISR.c **** *   None
 363:Generated_Source\PSoC4/QuadratureISR.c **** *
 364:Generated_Source\PSoC4/QuadratureISR.c **** * Return:
 365:Generated_Source\PSoC4/QuadratureISR.c **** *   None
 366:Generated_Source\PSoC4/QuadratureISR.c **** *
 367:Generated_Source\PSoC4/QuadratureISR.c **** * Side Effects:
 368:Generated_Source\PSoC4/QuadratureISR.c **** *   If interrupts are enabled and the interrupt is set up properly, the ISR is
 369:Generated_Source\PSoC4/QuadratureISR.c **** *   entered (depending on the priority of this interrupt and other pending 
 370:Generated_Source\PSoC4/QuadratureISR.c **** *   interrupts).
 371:Generated_Source\PSoC4/QuadratureISR.c **** *
 372:Generated_Source\PSoC4/QuadratureISR.c **** *******************************************************************************/
 373:Generated_Source\PSoC4/QuadratureISR.c **** void QuadratureISR_SetPending(void)
 374:Generated_Source\PSoC4/QuadratureISR.c **** {
 372              		.loc 1 374 0
 373              		.cfi_startproc
 374              		@ args = 0, pretend = 0, frame = 0
 375              		@ frame_needed = 0, uses_anonymous_args = 0
 376              		@ link register save eliminated.
 375:Generated_Source\PSoC4/QuadratureISR.c ****     *QuadratureISR_INTC_SET_PD = QuadratureISR__INTC_MASK;
 377              		.loc 1 375 0
 378 0000 0122     		movs	r2, #1
 379 0002 014B     		ldr	r3, .L31
 380 0004 1A60     		str	r2, [r3]
 376:Generated_Source\PSoC4/QuadratureISR.c **** }
 381              		.loc 1 376 0
 382              		@ sp needed
 383 0006 7047     		bx	lr
 384              	.L32:
 385              		.align	2
 386              	.L31:
 387 0008 00E200E0 		.word	-536813056
 388              		.cfi_endproc
 389              	.LFE11:
 390              		.size	QuadratureISR_SetPending, .-QuadratureISR_SetPending
 391              		.section	.text.QuadratureISR_ClearPending,"ax",%progbits
 392              		.align	2
 393              		.global	QuadratureISR_ClearPending
 394              		.code	16
 395              		.thumb_func
 396              		.type	QuadratureISR_ClearPending, %function
 397              	QuadratureISR_ClearPending:
 398              	.LFB12:
 377:Generated_Source\PSoC4/QuadratureISR.c **** 
 378:Generated_Source\PSoC4/QuadratureISR.c **** 
 379:Generated_Source\PSoC4/QuadratureISR.c **** /*******************************************************************************
 380:Generated_Source\PSoC4/QuadratureISR.c **** * Function Name: QuadratureISR_ClearPending
 381:Generated_Source\PSoC4/QuadratureISR.c **** ********************************************************************************
 382:Generated_Source\PSoC4/QuadratureISR.c **** *
 383:Generated_Source\PSoC4/QuadratureISR.c **** * Summary:
ARM GAS  C:\Users\VIDEOH~1\AppData\Local\Temp\ccv25ozn.s 			page 15


 384:Generated_Source\PSoC4/QuadratureISR.c **** *   Clears a pending interrupt in the interrupt controller.
 385:Generated_Source\PSoC4/QuadratureISR.c **** *
 386:Generated_Source\PSoC4/QuadratureISR.c **** *   Note Some interrupt sources are clear-on-read and require the block 
 387:Generated_Source\PSoC4/QuadratureISR.c **** *   interrupt/status register to be read/cleared with the appropriate block API 
 388:Generated_Source\PSoC4/QuadratureISR.c **** *   (GPIO, UART, and so on). Otherwise the ISR will continue to remain in 
 389:Generated_Source\PSoC4/QuadratureISR.c **** *   pending state even though the interrupt itself is cleared using this API.
 390:Generated_Source\PSoC4/QuadratureISR.c **** *
 391:Generated_Source\PSoC4/QuadratureISR.c **** * Parameters:
 392:Generated_Source\PSoC4/QuadratureISR.c **** *   None
 393:Generated_Source\PSoC4/QuadratureISR.c **** *
 394:Generated_Source\PSoC4/QuadratureISR.c **** * Return:
 395:Generated_Source\PSoC4/QuadratureISR.c **** *   None
 396:Generated_Source\PSoC4/QuadratureISR.c **** *
 397:Generated_Source\PSoC4/QuadratureISR.c **** *******************************************************************************/
 398:Generated_Source\PSoC4/QuadratureISR.c **** void QuadratureISR_ClearPending(void)
 399:Generated_Source\PSoC4/QuadratureISR.c **** {
 399              		.loc 1 399 0
 400              		.cfi_startproc
 401              		@ args = 0, pretend = 0, frame = 0
 402              		@ frame_needed = 0, uses_anonymous_args = 0
 403              		@ link register save eliminated.
 400:Generated_Source\PSoC4/QuadratureISR.c ****     *QuadratureISR_INTC_CLR_PD = QuadratureISR__INTC_MASK;
 404              		.loc 1 400 0
 405 0000 0122     		movs	r2, #1
 406 0002 014B     		ldr	r3, .L34
 407 0004 1A60     		str	r2, [r3]
 401:Generated_Source\PSoC4/QuadratureISR.c **** }
 408              		.loc 1 401 0
 409              		@ sp needed
 410 0006 7047     		bx	lr
 411              	.L35:
 412              		.align	2
 413              	.L34:
 414 0008 80E200E0 		.word	-536812928
 415              		.cfi_endproc
 416              	.LFE12:
 417              		.size	QuadratureISR_ClearPending, .-QuadratureISR_ClearPending
 418              		.text
 419              	.Letext0:
 420              		.file 2 "Generated_Source\\PSoC4/cytypes.h"
 421              		.file 3 "Generated_Source\\PSoC4/CyLib.h"
 422              		.section	.debug_info,"",%progbits
 423              	.Ldebug_info0:
 424 0000 FA020000 		.4byte	0x2fa
 425 0004 0400     		.2byte	0x4
 426 0006 00000000 		.4byte	.Ldebug_abbrev0
 427 000a 04       		.byte	0x4
 428 000b 01       		.uleb128 0x1
 429 000c 82000000 		.4byte	.LASF35
 430 0010 0C       		.byte	0xc
 431 0011 20000000 		.4byte	.LASF36
 432 0015 45020000 		.4byte	.LASF37
 433 0019 00000000 		.4byte	.Ldebug_ranges0+0
 434 001d 00000000 		.4byte	0
 435 0021 00000000 		.4byte	.Ldebug_line0
 436 0025 02       		.uleb128 0x2
 437 0026 01       		.byte	0x1
ARM GAS  C:\Users\VIDEOH~1\AppData\Local\Temp\ccv25ozn.s 			page 16


 438 0027 06       		.byte	0x6
 439 0028 17030000 		.4byte	.LASF0
 440 002c 02       		.uleb128 0x2
 441 002d 01       		.byte	0x1
 442 002e 08       		.byte	0x8
 443 002f 4D010000 		.4byte	.LASF1
 444 0033 02       		.uleb128 0x2
 445 0034 02       		.byte	0x2
 446 0035 05       		.byte	0x5
 447 0036 C9020000 		.4byte	.LASF2
 448 003a 02       		.uleb128 0x2
 449 003b 02       		.byte	0x2
 450 003c 07       		.byte	0x7
 451 003d 6F000000 		.4byte	.LASF3
 452 0041 02       		.uleb128 0x2
 453 0042 04       		.byte	0x4
 454 0043 05       		.byte	0x5
 455 0044 0E030000 		.4byte	.LASF4
 456 0048 02       		.uleb128 0x2
 457 0049 04       		.byte	0x4
 458 004a 07       		.byte	0x7
 459 004b 82010000 		.4byte	.LASF5
 460 004f 02       		.uleb128 0x2
 461 0050 08       		.byte	0x8
 462 0051 05       		.byte	0x5
 463 0052 89020000 		.4byte	.LASF6
 464 0056 02       		.uleb128 0x2
 465 0057 08       		.byte	0x8
 466 0058 07       		.byte	0x7
 467 0059 36010000 		.4byte	.LASF7
 468 005d 03       		.uleb128 0x3
 469 005e 04       		.byte	0x4
 470 005f 05       		.byte	0x5
 471 0060 696E7400 		.ascii	"int\000"
 472 0064 02       		.uleb128 0x2
 473 0065 04       		.byte	0x4
 474 0066 07       		.byte	0x7
 475 0067 0D020000 		.4byte	.LASF8
 476 006b 04       		.uleb128 0x4
 477 006c 94010000 		.4byte	.LASF9
 478 0070 02       		.byte	0x2
 479 0071 E401     		.2byte	0x1e4
 480 0073 2C000000 		.4byte	0x2c
 481 0077 04       		.uleb128 0x4
 482 0078 D9010000 		.4byte	.LASF10
 483 007c 02       		.byte	0x2
 484 007d E601     		.2byte	0x1e6
 485 007f 48000000 		.4byte	0x48
 486 0083 02       		.uleb128 0x2
 487 0084 04       		.byte	0x4
 488 0085 04       		.byte	0x4
 489 0086 30010000 		.4byte	.LASF11
 490 008a 02       		.uleb128 0x2
 491 008b 08       		.byte	0x8
 492 008c 04       		.byte	0x4
 493 008d D2010000 		.4byte	.LASF12
 494 0091 02       		.uleb128 0x2
ARM GAS  C:\Users\VIDEOH~1\AppData\Local\Temp\ccv25ozn.s 			page 17


 495 0092 01       		.byte	0x1
 496 0093 08       		.byte	0x8
 497 0094 97020000 		.4byte	.LASF13
 498 0098 04       		.uleb128 0x4
 499 0099 00000000 		.4byte	.LASF14
 500 009d 02       		.byte	0x2
 501 009e 9002     		.2byte	0x290
 502 00a0 A4000000 		.4byte	0xa4
 503 00a4 05       		.uleb128 0x5
 504 00a5 77000000 		.4byte	0x77
 505 00a9 04       		.uleb128 0x4
 506 00aa 38020000 		.4byte	.LASF15
 507 00ae 02       		.byte	0x2
 508 00af A002     		.2byte	0x2a0
 509 00b1 B5000000 		.4byte	0xb5
 510 00b5 06       		.uleb128 0x6
 511 00b6 04       		.byte	0x4
 512 00b7 BB000000 		.4byte	0xbb
 513 00bb 07       		.uleb128 0x7
 514 00bc 02       		.uleb128 0x2
 515 00bd 04       		.byte	0x4
 516 00be 07       		.byte	0x7
 517 00bf 80020000 		.4byte	.LASF16
 518 00c3 08       		.uleb128 0x8
 519 00c4 E7020000 		.4byte	.LASF23
 520 00c8 01       		.byte	0x1
 521 00c9 9F       		.byte	0x9f
 522 00ca 00000000 		.4byte	.LFB3
 523 00ce 02000000 		.4byte	.LFE3-.LFB3
 524 00d2 01       		.uleb128 0x1
 525 00d3 9C       		.byte	0x9c
 526 00d4 09       		.uleb128 0x9
 527 00d5 5B010000 		.4byte	.LASF17
 528 00d9 01       		.byte	0x1
 529 00da C7       		.byte	0xc7
 530 00db 00000000 		.4byte	.LFB4
 531 00df 0C000000 		.4byte	.LFE4-.LFB4
 532 00e3 01       		.uleb128 0x1
 533 00e4 9C       		.byte	0x9c
 534 00e5 F7000000 		.4byte	0xf7
 535 00e9 0A       		.uleb128 0xa
 536 00ea 1A020000 		.4byte	.LASF19
 537 00ee 01       		.byte	0x1
 538 00ef C7       		.byte	0xc7
 539 00f0 A9000000 		.4byte	0xa9
 540 00f4 01       		.uleb128 0x1
 541 00f5 50       		.byte	0x50
 542 00f6 00       		.byte	0
 543 00f7 0B       		.uleb128 0xb
 544 00f8 23030000 		.4byte	.LASF25
 545 00fc 01       		.byte	0x1
 546 00fd DB       		.byte	0xdb
 547 00fe A9000000 		.4byte	0xa9
 548 0102 00000000 		.4byte	.LFB5
 549 0106 0C000000 		.4byte	.LFE5-.LFB5
 550 010a 01       		.uleb128 0x1
 551 010b 9C       		.byte	0x9c
ARM GAS  C:\Users\VIDEOH~1\AppData\Local\Temp\ccv25ozn.s 			page 18


 552 010c 09       		.uleb128 0x9
 553 010d 06000000 		.4byte	.LASF18
 554 0111 01       		.byte	0x1
 555 0112 F9       		.byte	0xf9
 556 0113 00000000 		.4byte	.LFB6
 557 0117 20000000 		.4byte	.LFE6-.LFB6
 558 011b 01       		.uleb128 0x1
 559 011c 9C       		.byte	0x9c
 560 011d 5E010000 		.4byte	0x15e
 561 0121 0C       		.uleb128 0xc
 562 0122 9A010000 		.4byte	.LASF20
 563 0126 01       		.byte	0x1
 564 0127 F9       		.byte	0xf9
 565 0128 6B000000 		.4byte	0x6b
 566 012c 00000000 		.4byte	.LLST0
 567 0130 0D       		.uleb128 0xd
 568 0131 73010000 		.4byte	.LASF21
 569 0135 01       		.byte	0x1
 570 0136 FB       		.byte	0xfb
 571 0137 6B000000 		.4byte	0x6b
 572 013b 21000000 		.4byte	.LLST1
 573 013f 0E       		.uleb128 0xe
 574 0140 FF020000 		.4byte	.LASF22
 575 0144 01       		.byte	0x1
 576 0145 FC       		.byte	0xfc
 577 0146 77000000 		.4byte	0x77
 578 014a 06       		.byte	0x6
 579 014b 0F       		.uleb128 0xf
 580 014c 08000000 		.4byte	.LVL3
 581 0150 E7020000 		.4byte	0x2e7
 582 0154 0F       		.uleb128 0xf
 583 0155 1A000000 		.4byte	.LVL4
 584 0159 F2020000 		.4byte	0x2f2
 585 015d 00       		.byte	0
 586 015e 10       		.uleb128 0x10
 587 015f 9C020000 		.4byte	.LASF38
 588 0163 01       		.byte	0x1
 589 0164 1501     		.2byte	0x115
 590 0166 6B000000 		.4byte	0x6b
 591 016a 00000000 		.4byte	.LFB7
 592 016e 10000000 		.4byte	.LFE7-.LFB7
 593 0172 01       		.uleb128 0x1
 594 0173 9C       		.byte	0x9c
 595 0174 96010000 		.4byte	0x196
 596 0178 11       		.uleb128 0x11
 597 0179 9A010000 		.4byte	.LASF20
 598 017d 01       		.byte	0x1
 599 017e 1701     		.2byte	0x117
 600 0180 77000000 		.4byte	0x77
 601 0184 34000000 		.4byte	.LLST2
 602 0188 12       		.uleb128 0x12
 603 0189 FF020000 		.4byte	.LASF22
 604 018d 01       		.byte	0x1
 605 018e 1801     		.2byte	0x118
 606 0190 77000000 		.4byte	0x77
 607 0194 06       		.byte	0x6
 608 0195 00       		.byte	0
ARM GAS  C:\Users\VIDEOH~1\AppData\Local\Temp\ccv25ozn.s 			page 19


 609 0196 13       		.uleb128 0x13
 610 0197 1B010000 		.4byte	.LASF24
 611 019b 01       		.byte	0x1
 612 019c 3001     		.2byte	0x130
 613 019e 00000000 		.4byte	.LFB8
 614 01a2 0C000000 		.4byte	.LFE8-.LFB8
 615 01a6 01       		.uleb128 0x1
 616 01a7 9C       		.byte	0x9c
 617 01a8 14       		.uleb128 0x14
 618 01a9 3B030000 		.4byte	.LASF26
 619 01ad 01       		.byte	0x1
 620 01ae 4501     		.2byte	0x145
 621 01b0 6B000000 		.4byte	0x6b
 622 01b4 00000000 		.4byte	.LFB9
 623 01b8 10000000 		.4byte	.LFE9-.LFB9
 624 01bc 01       		.uleb128 0x1
 625 01bd 9C       		.byte	0x9c
 626 01be 13       		.uleb128 0x13
 627 01bf A3010000 		.4byte	.LASF27
 628 01c3 01       		.byte	0x1
 629 01c4 5A01     		.2byte	0x15a
 630 01c6 00000000 		.4byte	.LFB10
 631 01ca 0C000000 		.4byte	.LFE10-.LFB10
 632 01ce 01       		.uleb128 0x1
 633 01cf 9C       		.byte	0x9c
 634 01d0 09       		.uleb128 0x9
 635 01d1 D3020000 		.4byte	.LASF28
 636 01d5 01       		.byte	0x1
 637 01d6 38       		.byte	0x38
 638 01d7 00000000 		.4byte	.LFB0
 639 01db 1C000000 		.4byte	.LFE0-.LFB0
 640 01df 01       		.uleb128 0x1
 641 01e0 9C       		.byte	0x9c
 642 01e1 22020000 		.4byte	0x222
 643 01e5 0F       		.uleb128 0xf
 644 01e6 06000000 		.4byte	.LVL8
 645 01ea BE010000 		.4byte	0x1be
 646 01ee 15       		.uleb128 0x15
 647 01ef 0C000000 		.4byte	.LVL9
 648 01f3 D4000000 		.4byte	0xd4
 649 01f7 05020000 		.4byte	0x205
 650 01fb 16       		.uleb128 0x16
 651 01fc 01       		.uleb128 0x1
 652 01fd 50       		.byte	0x50
 653 01fe 05       		.uleb128 0x5
 654 01ff 03       		.byte	0x3
 655 0200 00000000 		.4byte	QuadratureISR_Interrupt
 656 0204 00       		.byte	0
 657 0205 15       		.uleb128 0x15
 658 0206 12000000 		.4byte	.LVL10
 659 020a 0C010000 		.4byte	0x10c
 660 020e 18020000 		.4byte	0x218
 661 0212 16       		.uleb128 0x16
 662 0213 01       		.uleb128 0x1
 663 0214 50       		.byte	0x50
 664 0215 01       		.uleb128 0x1
 665 0216 33       		.byte	0x33
ARM GAS  C:\Users\VIDEOH~1\AppData\Local\Temp\ccv25ozn.s 			page 20


 666 0217 00       		.byte	0
 667 0218 0F       		.uleb128 0xf
 668 0219 16000000 		.4byte	.LVL11
 669 021d 96010000 		.4byte	0x196
 670 0221 00       		.byte	0
 671 0222 09       		.uleb128 0x9
 672 0223 F7010000 		.4byte	.LASF29
 673 0227 01       		.byte	0x1
 674 0228 63       		.byte	0x63
 675 0229 00000000 		.4byte	.LFB1
 676 022d 1A000000 		.4byte	.LFE1-.LFB1
 677 0231 01       		.uleb128 0x1
 678 0232 9C       		.byte	0x9c
 679 0233 80020000 		.4byte	0x280
 680 0237 0C       		.uleb128 0xc
 681 0238 1A020000 		.4byte	.LASF19
 682 023c 01       		.byte	0x1
 683 023d 63       		.byte	0x63
 684 023e A9000000 		.4byte	0xa9
 685 0242 56000000 		.4byte	.LLST3
 686 0246 0F       		.uleb128 0xf
 687 0247 08000000 		.4byte	.LVL13
 688 024b BE010000 		.4byte	0x1be
 689 024f 15       		.uleb128 0x15
 690 0250 0E000000 		.4byte	.LVL14
 691 0254 D4000000 		.4byte	0xd4
 692 0258 63020000 		.4byte	0x263
 693 025c 16       		.uleb128 0x16
 694 025d 01       		.uleb128 0x1
 695 025e 50       		.byte	0x50
 696 025f 02       		.uleb128 0x2
 697 0260 74       		.byte	0x74
 698 0261 00       		.sleb128 0
 699 0262 00       		.byte	0
 700 0263 15       		.uleb128 0x15
 701 0264 14000000 		.4byte	.LVL15
 702 0268 0C010000 		.4byte	0x10c
 703 026c 76020000 		.4byte	0x276
 704 0270 16       		.uleb128 0x16
 705 0271 01       		.uleb128 0x1
 706 0272 50       		.byte	0x50
 707 0273 01       		.uleb128 0x1
 708 0274 33       		.byte	0x33
 709 0275 00       		.byte	0
 710 0276 0F       		.uleb128 0xf
 711 0277 18000000 		.4byte	.LVL16
 712 027b 96010000 		.4byte	0x196
 713 027f 00       		.byte	0
 714 0280 09       		.uleb128 0x9
 715 0281 B6020000 		.4byte	.LASF30
 716 0285 01       		.byte	0x1
 717 0286 81       		.byte	0x81
 718 0287 00000000 		.4byte	.LFB2
 719 028b 14000000 		.4byte	.LFE2-.LFB2
 720 028f 01       		.uleb128 0x1
 721 0290 9C       		.byte	0x9c
 722 0291 A8020000 		.4byte	0x2a8
ARM GAS  C:\Users\VIDEOH~1\AppData\Local\Temp\ccv25ozn.s 			page 21


 723 0295 0F       		.uleb128 0xf
 724 0296 06000000 		.4byte	.LVL18
 725 029a BE010000 		.4byte	0x1be
 726 029e 0F       		.uleb128 0xf
 727 029f 0C000000 		.4byte	.LVL19
 728 02a3 D4000000 		.4byte	0xd4
 729 02a7 00       		.byte	0
 730 02a8 13       		.uleb128 0x13
 731 02a9 B9010000 		.4byte	.LASF31
 732 02ad 01       		.byte	0x1
 733 02ae 7501     		.2byte	0x175
 734 02b0 00000000 		.4byte	.LFB11
 735 02b4 0C000000 		.4byte	.LFE11-.LFB11
 736 02b8 01       		.uleb128 0x1
 737 02b9 9C       		.byte	0x9c
 738 02ba 13       		.uleb128 0x13
 739 02bb 47000000 		.4byte	.LASF32
 740 02bf 01       		.byte	0x1
 741 02c0 8E01     		.2byte	0x18e
 742 02c2 00000000 		.4byte	.LFB12
 743 02c6 0C000000 		.4byte	.LFE12-.LFB12
 744 02ca 01       		.uleb128 0x1
 745 02cb 9C       		.byte	0x9c
 746 02cc 17       		.uleb128 0x17
 747 02cd A9000000 		.4byte	0xa9
 748 02d1 DC020000 		.4byte	0x2dc
 749 02d5 18       		.uleb128 0x18
 750 02d6 BC000000 		.4byte	0xbc
 751 02da 2F       		.byte	0x2f
 752 02db 00       		.byte	0
 753 02dc 19       		.uleb128 0x19
 754 02dd 62000000 		.4byte	.LASF39
 755 02e1 01       		.byte	0x1
 756 02e2 21       		.byte	0x21
 757 02e3 CC020000 		.4byte	0x2cc
 758 02e7 1A       		.uleb128 0x1a
 759 02e8 E0010000 		.4byte	.LASF33
 760 02ec E0010000 		.4byte	.LASF33
 761 02f0 03       		.byte	0x3
 762 02f1 E5       		.byte	0xe5
 763 02f2 1A       		.uleb128 0x1a
 764 02f3 22020000 		.4byte	.LASF34
 765 02f7 22020000 		.4byte	.LASF34
 766 02fb 03       		.byte	0x3
 767 02fc E6       		.byte	0xe6
 768 02fd 00       		.byte	0
 769              		.section	.debug_abbrev,"",%progbits
 770              	.Ldebug_abbrev0:
 771 0000 01       		.uleb128 0x1
 772 0001 11       		.uleb128 0x11
 773 0002 01       		.byte	0x1
 774 0003 25       		.uleb128 0x25
 775 0004 0E       		.uleb128 0xe
 776 0005 13       		.uleb128 0x13
 777 0006 0B       		.uleb128 0xb
 778 0007 03       		.uleb128 0x3
 779 0008 0E       		.uleb128 0xe
ARM GAS  C:\Users\VIDEOH~1\AppData\Local\Temp\ccv25ozn.s 			page 22


 780 0009 1B       		.uleb128 0x1b
 781 000a 0E       		.uleb128 0xe
 782 000b 55       		.uleb128 0x55
 783 000c 17       		.uleb128 0x17
 784 000d 11       		.uleb128 0x11
 785 000e 01       		.uleb128 0x1
 786 000f 10       		.uleb128 0x10
 787 0010 17       		.uleb128 0x17
 788 0011 00       		.byte	0
 789 0012 00       		.byte	0
 790 0013 02       		.uleb128 0x2
 791 0014 24       		.uleb128 0x24
 792 0015 00       		.byte	0
 793 0016 0B       		.uleb128 0xb
 794 0017 0B       		.uleb128 0xb
 795 0018 3E       		.uleb128 0x3e
 796 0019 0B       		.uleb128 0xb
 797 001a 03       		.uleb128 0x3
 798 001b 0E       		.uleb128 0xe
 799 001c 00       		.byte	0
 800 001d 00       		.byte	0
 801 001e 03       		.uleb128 0x3
 802 001f 24       		.uleb128 0x24
 803 0020 00       		.byte	0
 804 0021 0B       		.uleb128 0xb
 805 0022 0B       		.uleb128 0xb
 806 0023 3E       		.uleb128 0x3e
 807 0024 0B       		.uleb128 0xb
 808 0025 03       		.uleb128 0x3
 809 0026 08       		.uleb128 0x8
 810 0027 00       		.byte	0
 811 0028 00       		.byte	0
 812 0029 04       		.uleb128 0x4
 813 002a 16       		.uleb128 0x16
 814 002b 00       		.byte	0
 815 002c 03       		.uleb128 0x3
 816 002d 0E       		.uleb128 0xe
 817 002e 3A       		.uleb128 0x3a
 818 002f 0B       		.uleb128 0xb
 819 0030 3B       		.uleb128 0x3b
 820 0031 05       		.uleb128 0x5
 821 0032 49       		.uleb128 0x49
 822 0033 13       		.uleb128 0x13
 823 0034 00       		.byte	0
 824 0035 00       		.byte	0
 825 0036 05       		.uleb128 0x5
 826 0037 35       		.uleb128 0x35
 827 0038 00       		.byte	0
 828 0039 49       		.uleb128 0x49
 829 003a 13       		.uleb128 0x13
 830 003b 00       		.byte	0
 831 003c 00       		.byte	0
 832 003d 06       		.uleb128 0x6
 833 003e 0F       		.uleb128 0xf
 834 003f 00       		.byte	0
 835 0040 0B       		.uleb128 0xb
 836 0041 0B       		.uleb128 0xb
ARM GAS  C:\Users\VIDEOH~1\AppData\Local\Temp\ccv25ozn.s 			page 23


 837 0042 49       		.uleb128 0x49
 838 0043 13       		.uleb128 0x13
 839 0044 00       		.byte	0
 840 0045 00       		.byte	0
 841 0046 07       		.uleb128 0x7
 842 0047 15       		.uleb128 0x15
 843 0048 00       		.byte	0
 844 0049 27       		.uleb128 0x27
 845 004a 19       		.uleb128 0x19
 846 004b 00       		.byte	0
 847 004c 00       		.byte	0
 848 004d 08       		.uleb128 0x8
 849 004e 2E       		.uleb128 0x2e
 850 004f 00       		.byte	0
 851 0050 3F       		.uleb128 0x3f
 852 0051 19       		.uleb128 0x19
 853 0052 03       		.uleb128 0x3
 854 0053 0E       		.uleb128 0xe
 855 0054 3A       		.uleb128 0x3a
 856 0055 0B       		.uleb128 0xb
 857 0056 3B       		.uleb128 0x3b
 858 0057 0B       		.uleb128 0xb
 859 0058 27       		.uleb128 0x27
 860 0059 19       		.uleb128 0x19
 861 005a 11       		.uleb128 0x11
 862 005b 01       		.uleb128 0x1
 863 005c 12       		.uleb128 0x12
 864 005d 06       		.uleb128 0x6
 865 005e 40       		.uleb128 0x40
 866 005f 18       		.uleb128 0x18
 867 0060 9742     		.uleb128 0x2117
 868 0062 19       		.uleb128 0x19
 869 0063 00       		.byte	0
 870 0064 00       		.byte	0
 871 0065 09       		.uleb128 0x9
 872 0066 2E       		.uleb128 0x2e
 873 0067 01       		.byte	0x1
 874 0068 3F       		.uleb128 0x3f
 875 0069 19       		.uleb128 0x19
 876 006a 03       		.uleb128 0x3
 877 006b 0E       		.uleb128 0xe
 878 006c 3A       		.uleb128 0x3a
 879 006d 0B       		.uleb128 0xb
 880 006e 3B       		.uleb128 0x3b
 881 006f 0B       		.uleb128 0xb
 882 0070 27       		.uleb128 0x27
 883 0071 19       		.uleb128 0x19
 884 0072 11       		.uleb128 0x11
 885 0073 01       		.uleb128 0x1
 886 0074 12       		.uleb128 0x12
 887 0075 06       		.uleb128 0x6
 888 0076 40       		.uleb128 0x40
 889 0077 18       		.uleb128 0x18
 890 0078 9742     		.uleb128 0x2117
 891 007a 19       		.uleb128 0x19
 892 007b 01       		.uleb128 0x1
 893 007c 13       		.uleb128 0x13
ARM GAS  C:\Users\VIDEOH~1\AppData\Local\Temp\ccv25ozn.s 			page 24


 894 007d 00       		.byte	0
 895 007e 00       		.byte	0
 896 007f 0A       		.uleb128 0xa
 897 0080 05       		.uleb128 0x5
 898 0081 00       		.byte	0
 899 0082 03       		.uleb128 0x3
 900 0083 0E       		.uleb128 0xe
 901 0084 3A       		.uleb128 0x3a
 902 0085 0B       		.uleb128 0xb
 903 0086 3B       		.uleb128 0x3b
 904 0087 0B       		.uleb128 0xb
 905 0088 49       		.uleb128 0x49
 906 0089 13       		.uleb128 0x13
 907 008a 02       		.uleb128 0x2
 908 008b 18       		.uleb128 0x18
 909 008c 00       		.byte	0
 910 008d 00       		.byte	0
 911 008e 0B       		.uleb128 0xb
 912 008f 2E       		.uleb128 0x2e
 913 0090 00       		.byte	0
 914 0091 3F       		.uleb128 0x3f
 915 0092 19       		.uleb128 0x19
 916 0093 03       		.uleb128 0x3
 917 0094 0E       		.uleb128 0xe
 918 0095 3A       		.uleb128 0x3a
 919 0096 0B       		.uleb128 0xb
 920 0097 3B       		.uleb128 0x3b
 921 0098 0B       		.uleb128 0xb
 922 0099 27       		.uleb128 0x27
 923 009a 19       		.uleb128 0x19
 924 009b 49       		.uleb128 0x49
 925 009c 13       		.uleb128 0x13
 926 009d 11       		.uleb128 0x11
 927 009e 01       		.uleb128 0x1
 928 009f 12       		.uleb128 0x12
 929 00a0 06       		.uleb128 0x6
 930 00a1 40       		.uleb128 0x40
 931 00a2 18       		.uleb128 0x18
 932 00a3 9742     		.uleb128 0x2117
 933 00a5 19       		.uleb128 0x19
 934 00a6 00       		.byte	0
 935 00a7 00       		.byte	0
 936 00a8 0C       		.uleb128 0xc
 937 00a9 05       		.uleb128 0x5
 938 00aa 00       		.byte	0
 939 00ab 03       		.uleb128 0x3
 940 00ac 0E       		.uleb128 0xe
 941 00ad 3A       		.uleb128 0x3a
 942 00ae 0B       		.uleb128 0xb
 943 00af 3B       		.uleb128 0x3b
 944 00b0 0B       		.uleb128 0xb
 945 00b1 49       		.uleb128 0x49
 946 00b2 13       		.uleb128 0x13
 947 00b3 02       		.uleb128 0x2
 948 00b4 17       		.uleb128 0x17
 949 00b5 00       		.byte	0
 950 00b6 00       		.byte	0
ARM GAS  C:\Users\VIDEOH~1\AppData\Local\Temp\ccv25ozn.s 			page 25


 951 00b7 0D       		.uleb128 0xd
 952 00b8 34       		.uleb128 0x34
 953 00b9 00       		.byte	0
 954 00ba 03       		.uleb128 0x3
 955 00bb 0E       		.uleb128 0xe
 956 00bc 3A       		.uleb128 0x3a
 957 00bd 0B       		.uleb128 0xb
 958 00be 3B       		.uleb128 0x3b
 959 00bf 0B       		.uleb128 0xb
 960 00c0 49       		.uleb128 0x49
 961 00c1 13       		.uleb128 0x13
 962 00c2 02       		.uleb128 0x2
 963 00c3 17       		.uleb128 0x17
 964 00c4 00       		.byte	0
 965 00c5 00       		.byte	0
 966 00c6 0E       		.uleb128 0xe
 967 00c7 34       		.uleb128 0x34
 968 00c8 00       		.byte	0
 969 00c9 03       		.uleb128 0x3
 970 00ca 0E       		.uleb128 0xe
 971 00cb 3A       		.uleb128 0x3a
 972 00cc 0B       		.uleb128 0xb
 973 00cd 3B       		.uleb128 0x3b
 974 00ce 0B       		.uleb128 0xb
 975 00cf 49       		.uleb128 0x49
 976 00d0 13       		.uleb128 0x13
 977 00d1 1C       		.uleb128 0x1c
 978 00d2 0B       		.uleb128 0xb
 979 00d3 00       		.byte	0
 980 00d4 00       		.byte	0
 981 00d5 0F       		.uleb128 0xf
 982 00d6 898201   		.uleb128 0x4109
 983 00d9 00       		.byte	0
 984 00da 11       		.uleb128 0x11
 985 00db 01       		.uleb128 0x1
 986 00dc 31       		.uleb128 0x31
 987 00dd 13       		.uleb128 0x13
 988 00de 00       		.byte	0
 989 00df 00       		.byte	0
 990 00e0 10       		.uleb128 0x10
 991 00e1 2E       		.uleb128 0x2e
 992 00e2 01       		.byte	0x1
 993 00e3 3F       		.uleb128 0x3f
 994 00e4 19       		.uleb128 0x19
 995 00e5 03       		.uleb128 0x3
 996 00e6 0E       		.uleb128 0xe
 997 00e7 3A       		.uleb128 0x3a
 998 00e8 0B       		.uleb128 0xb
 999 00e9 3B       		.uleb128 0x3b
 1000 00ea 05       		.uleb128 0x5
 1001 00eb 27       		.uleb128 0x27
 1002 00ec 19       		.uleb128 0x19
 1003 00ed 49       		.uleb128 0x49
 1004 00ee 13       		.uleb128 0x13
 1005 00ef 11       		.uleb128 0x11
 1006 00f0 01       		.uleb128 0x1
 1007 00f1 12       		.uleb128 0x12
ARM GAS  C:\Users\VIDEOH~1\AppData\Local\Temp\ccv25ozn.s 			page 26


 1008 00f2 06       		.uleb128 0x6
 1009 00f3 40       		.uleb128 0x40
 1010 00f4 18       		.uleb128 0x18
 1011 00f5 9742     		.uleb128 0x2117
 1012 00f7 19       		.uleb128 0x19
 1013 00f8 01       		.uleb128 0x1
 1014 00f9 13       		.uleb128 0x13
 1015 00fa 00       		.byte	0
 1016 00fb 00       		.byte	0
 1017 00fc 11       		.uleb128 0x11
 1018 00fd 34       		.uleb128 0x34
 1019 00fe 00       		.byte	0
 1020 00ff 03       		.uleb128 0x3
 1021 0100 0E       		.uleb128 0xe
 1022 0101 3A       		.uleb128 0x3a
 1023 0102 0B       		.uleb128 0xb
 1024 0103 3B       		.uleb128 0x3b
 1025 0104 05       		.uleb128 0x5
 1026 0105 49       		.uleb128 0x49
 1027 0106 13       		.uleb128 0x13
 1028 0107 02       		.uleb128 0x2
 1029 0108 17       		.uleb128 0x17
 1030 0109 00       		.byte	0
 1031 010a 00       		.byte	0
 1032 010b 12       		.uleb128 0x12
 1033 010c 34       		.uleb128 0x34
 1034 010d 00       		.byte	0
 1035 010e 03       		.uleb128 0x3
 1036 010f 0E       		.uleb128 0xe
 1037 0110 3A       		.uleb128 0x3a
 1038 0111 0B       		.uleb128 0xb
 1039 0112 3B       		.uleb128 0x3b
 1040 0113 05       		.uleb128 0x5
 1041 0114 49       		.uleb128 0x49
 1042 0115 13       		.uleb128 0x13
 1043 0116 1C       		.uleb128 0x1c
 1044 0117 0B       		.uleb128 0xb
 1045 0118 00       		.byte	0
 1046 0119 00       		.byte	0
 1047 011a 13       		.uleb128 0x13
 1048 011b 2E       		.uleb128 0x2e
 1049 011c 00       		.byte	0
 1050 011d 3F       		.uleb128 0x3f
 1051 011e 19       		.uleb128 0x19
 1052 011f 03       		.uleb128 0x3
 1053 0120 0E       		.uleb128 0xe
 1054 0121 3A       		.uleb128 0x3a
 1055 0122 0B       		.uleb128 0xb
 1056 0123 3B       		.uleb128 0x3b
 1057 0124 05       		.uleb128 0x5
 1058 0125 27       		.uleb128 0x27
 1059 0126 19       		.uleb128 0x19
 1060 0127 11       		.uleb128 0x11
 1061 0128 01       		.uleb128 0x1
 1062 0129 12       		.uleb128 0x12
 1063 012a 06       		.uleb128 0x6
 1064 012b 40       		.uleb128 0x40
ARM GAS  C:\Users\VIDEOH~1\AppData\Local\Temp\ccv25ozn.s 			page 27


 1065 012c 18       		.uleb128 0x18
 1066 012d 9742     		.uleb128 0x2117
 1067 012f 19       		.uleb128 0x19
 1068 0130 00       		.byte	0
 1069 0131 00       		.byte	0
 1070 0132 14       		.uleb128 0x14
 1071 0133 2E       		.uleb128 0x2e
 1072 0134 00       		.byte	0
 1073 0135 3F       		.uleb128 0x3f
 1074 0136 19       		.uleb128 0x19
 1075 0137 03       		.uleb128 0x3
 1076 0138 0E       		.uleb128 0xe
 1077 0139 3A       		.uleb128 0x3a
 1078 013a 0B       		.uleb128 0xb
 1079 013b 3B       		.uleb128 0x3b
 1080 013c 05       		.uleb128 0x5
 1081 013d 27       		.uleb128 0x27
 1082 013e 19       		.uleb128 0x19
 1083 013f 49       		.uleb128 0x49
 1084 0140 13       		.uleb128 0x13
 1085 0141 11       		.uleb128 0x11
 1086 0142 01       		.uleb128 0x1
 1087 0143 12       		.uleb128 0x12
 1088 0144 06       		.uleb128 0x6
 1089 0145 40       		.uleb128 0x40
 1090 0146 18       		.uleb128 0x18
 1091 0147 9742     		.uleb128 0x2117
 1092 0149 19       		.uleb128 0x19
 1093 014a 00       		.byte	0
 1094 014b 00       		.byte	0
 1095 014c 15       		.uleb128 0x15
 1096 014d 898201   		.uleb128 0x4109
 1097 0150 01       		.byte	0x1
 1098 0151 11       		.uleb128 0x11
 1099 0152 01       		.uleb128 0x1
 1100 0153 31       		.uleb128 0x31
 1101 0154 13       		.uleb128 0x13
 1102 0155 01       		.uleb128 0x1
 1103 0156 13       		.uleb128 0x13
 1104 0157 00       		.byte	0
 1105 0158 00       		.byte	0
 1106 0159 16       		.uleb128 0x16
 1107 015a 8A8201   		.uleb128 0x410a
 1108 015d 00       		.byte	0
 1109 015e 02       		.uleb128 0x2
 1110 015f 18       		.uleb128 0x18
 1111 0160 9142     		.uleb128 0x2111
 1112 0162 18       		.uleb128 0x18
 1113 0163 00       		.byte	0
 1114 0164 00       		.byte	0
 1115 0165 17       		.uleb128 0x17
 1116 0166 01       		.uleb128 0x1
 1117 0167 01       		.byte	0x1
 1118 0168 49       		.uleb128 0x49
 1119 0169 13       		.uleb128 0x13
 1120 016a 01       		.uleb128 0x1
 1121 016b 13       		.uleb128 0x13
ARM GAS  C:\Users\VIDEOH~1\AppData\Local\Temp\ccv25ozn.s 			page 28


 1122 016c 00       		.byte	0
 1123 016d 00       		.byte	0
 1124 016e 18       		.uleb128 0x18
 1125 016f 21       		.uleb128 0x21
 1126 0170 00       		.byte	0
 1127 0171 49       		.uleb128 0x49
 1128 0172 13       		.uleb128 0x13
 1129 0173 2F       		.uleb128 0x2f
 1130 0174 0B       		.uleb128 0xb
 1131 0175 00       		.byte	0
 1132 0176 00       		.byte	0
 1133 0177 19       		.uleb128 0x19
 1134 0178 34       		.uleb128 0x34
 1135 0179 00       		.byte	0
 1136 017a 03       		.uleb128 0x3
 1137 017b 0E       		.uleb128 0xe
 1138 017c 3A       		.uleb128 0x3a
 1139 017d 0B       		.uleb128 0xb
 1140 017e 3B       		.uleb128 0x3b
 1141 017f 0B       		.uleb128 0xb
 1142 0180 49       		.uleb128 0x49
 1143 0181 13       		.uleb128 0x13
 1144 0182 3F       		.uleb128 0x3f
 1145 0183 19       		.uleb128 0x19
 1146 0184 3C       		.uleb128 0x3c
 1147 0185 19       		.uleb128 0x19
 1148 0186 00       		.byte	0
 1149 0187 00       		.byte	0
 1150 0188 1A       		.uleb128 0x1a
 1151 0189 2E       		.uleb128 0x2e
 1152 018a 00       		.byte	0
 1153 018b 3F       		.uleb128 0x3f
 1154 018c 19       		.uleb128 0x19
 1155 018d 3C       		.uleb128 0x3c
 1156 018e 19       		.uleb128 0x19
 1157 018f 6E       		.uleb128 0x6e
 1158 0190 0E       		.uleb128 0xe
 1159 0191 03       		.uleb128 0x3
 1160 0192 0E       		.uleb128 0xe
 1161 0193 3A       		.uleb128 0x3a
 1162 0194 0B       		.uleb128 0xb
 1163 0195 3B       		.uleb128 0x3b
 1164 0196 0B       		.uleb128 0xb
 1165 0197 00       		.byte	0
 1166 0198 00       		.byte	0
 1167 0199 00       		.byte	0
 1168              		.section	.debug_loc,"",%progbits
 1169              	.Ldebug_loc0:
 1170              	.LLST0:
 1171 0000 00000000 		.4byte	.LVL1
 1172 0004 07000000 		.4byte	.LVL3-1
 1173 0008 0100     		.2byte	0x1
 1174 000a 50       		.byte	0x50
 1175 000b 07000000 		.4byte	.LVL3-1
 1176 000f 20000000 		.4byte	.LFE6
 1177 0013 0400     		.2byte	0x4
 1178 0015 F3       		.byte	0xf3
ARM GAS  C:\Users\VIDEOH~1\AppData\Local\Temp\ccv25ozn.s 			page 29


 1179 0016 01       		.uleb128 0x1
 1180 0017 50       		.byte	0x50
 1181 0018 9F       		.byte	0x9f
 1182 0019 00000000 		.4byte	0
 1183 001d 00000000 		.4byte	0
 1184              	.LLST1:
 1185 0021 08000000 		.4byte	.LVL3
 1186 0025 19000000 		.4byte	.LVL4-1
 1187 0029 0100     		.2byte	0x1
 1188 002b 50       		.byte	0x50
 1189 002c 00000000 		.4byte	0
 1190 0030 00000000 		.4byte	0
 1191              	.LLST2:
 1192 0034 06000000 		.4byte	.LVL6
 1193 0038 0A000000 		.4byte	.LVL7
 1194 003c 0500     		.2byte	0x5
 1195 003e 70       		.byte	0x70
 1196 003f 00       		.sleb128 0
 1197 0040 33       		.byte	0x33
 1198 0041 1A       		.byte	0x1a
 1199 0042 9F       		.byte	0x9f
 1200 0043 0A000000 		.4byte	.LVL7
 1201 0047 10000000 		.4byte	.LFE7
 1202 004b 0100     		.2byte	0x1
 1203 004d 50       		.byte	0x50
 1204 004e 00000000 		.4byte	0
 1205 0052 00000000 		.4byte	0
 1206              	.LLST3:
 1207 0056 00000000 		.4byte	.LVL12
 1208 005a 07000000 		.4byte	.LVL13-1
 1209 005e 0100     		.2byte	0x1
 1210 0060 50       		.byte	0x50
 1211 0061 07000000 		.4byte	.LVL13-1
 1212 0065 18000000 		.4byte	.LVL17
 1213 0069 0100     		.2byte	0x1
 1214 006b 54       		.byte	0x54
 1215 006c 18000000 		.4byte	.LVL17
 1216 0070 1A000000 		.4byte	.LFE1
 1217 0074 0400     		.2byte	0x4
 1218 0076 F3       		.byte	0xf3
 1219 0077 01       		.uleb128 0x1
 1220 0078 50       		.byte	0x50
 1221 0079 9F       		.byte	0x9f
 1222 007a 00000000 		.4byte	0
 1223 007e 00000000 		.4byte	0
 1224              		.section	.debug_aranges,"",%progbits
 1225 0000 7C000000 		.4byte	0x7c
 1226 0004 0200     		.2byte	0x2
 1227 0006 00000000 		.4byte	.Ldebug_info0
 1228 000a 04       		.byte	0x4
 1229 000b 00       		.byte	0
 1230 000c 0000     		.2byte	0
 1231 000e 0000     		.2byte	0
 1232 0010 00000000 		.4byte	.LFB3
 1233 0014 02000000 		.4byte	.LFE3-.LFB3
 1234 0018 00000000 		.4byte	.LFB4
 1235 001c 0C000000 		.4byte	.LFE4-.LFB4
ARM GAS  C:\Users\VIDEOH~1\AppData\Local\Temp\ccv25ozn.s 			page 30


 1236 0020 00000000 		.4byte	.LFB5
 1237 0024 0C000000 		.4byte	.LFE5-.LFB5
 1238 0028 00000000 		.4byte	.LFB6
 1239 002c 20000000 		.4byte	.LFE6-.LFB6
 1240 0030 00000000 		.4byte	.LFB7
 1241 0034 10000000 		.4byte	.LFE7-.LFB7
 1242 0038 00000000 		.4byte	.LFB8
 1243 003c 0C000000 		.4byte	.LFE8-.LFB8
 1244 0040 00000000 		.4byte	.LFB9
 1245 0044 10000000 		.4byte	.LFE9-.LFB9
 1246 0048 00000000 		.4byte	.LFB10
 1247 004c 0C000000 		.4byte	.LFE10-.LFB10
 1248 0050 00000000 		.4byte	.LFB0
 1249 0054 1C000000 		.4byte	.LFE0-.LFB0
 1250 0058 00000000 		.4byte	.LFB1
 1251 005c 1A000000 		.4byte	.LFE1-.LFB1
 1252 0060 00000000 		.4byte	.LFB2
 1253 0064 14000000 		.4byte	.LFE2-.LFB2
 1254 0068 00000000 		.4byte	.LFB11
 1255 006c 0C000000 		.4byte	.LFE11-.LFB11
 1256 0070 00000000 		.4byte	.LFB12
 1257 0074 0C000000 		.4byte	.LFE12-.LFB12
 1258 0078 00000000 		.4byte	0
 1259 007c 00000000 		.4byte	0
 1260              		.section	.debug_ranges,"",%progbits
 1261              	.Ldebug_ranges0:
 1262 0000 00000000 		.4byte	.LFB3
 1263 0004 02000000 		.4byte	.LFE3
 1264 0008 00000000 		.4byte	.LFB4
 1265 000c 0C000000 		.4byte	.LFE4
 1266 0010 00000000 		.4byte	.LFB5
 1267 0014 0C000000 		.4byte	.LFE5
 1268 0018 00000000 		.4byte	.LFB6
 1269 001c 20000000 		.4byte	.LFE6
 1270 0020 00000000 		.4byte	.LFB7
 1271 0024 10000000 		.4byte	.LFE7
 1272 0028 00000000 		.4byte	.LFB8
 1273 002c 0C000000 		.4byte	.LFE8
 1274 0030 00000000 		.4byte	.LFB9
 1275 0034 10000000 		.4byte	.LFE9
 1276 0038 00000000 		.4byte	.LFB10
 1277 003c 0C000000 		.4byte	.LFE10
 1278 0040 00000000 		.4byte	.LFB0
 1279 0044 1C000000 		.4byte	.LFE0
 1280 0048 00000000 		.4byte	.LFB1
 1281 004c 1A000000 		.4byte	.LFE1
 1282 0050 00000000 		.4byte	.LFB2
 1283 0054 14000000 		.4byte	.LFE2
 1284 0058 00000000 		.4byte	.LFB11
 1285 005c 0C000000 		.4byte	.LFE11
 1286 0060 00000000 		.4byte	.LFB12
 1287 0064 0C000000 		.4byte	.LFE12
 1288 0068 00000000 		.4byte	0
 1289 006c 00000000 		.4byte	0
 1290              		.section	.debug_line,"",%progbits
 1291              	.Ldebug_line0:
 1292 0000 51010000 		.section	.debug_str,"MS",%progbits,1
ARM GAS  C:\Users\VIDEOH~1\AppData\Local\Temp\ccv25ozn.s 			page 31


 1292      02005500 
 1292      00000201 
 1292      FB0E0D00 
 1292      01010101 
 1293              	.LASF14:
 1294 0000 72656733 		.ascii	"reg32\000"
 1294      3200
 1295              	.LASF18:
 1296 0006 51756164 		.ascii	"QuadratureISR_SetPriority\000"
 1296      72617475 
 1296      72654953 
 1296      525F5365 
 1296      74507269 
 1297              	.LASF36:
 1298 0020 47656E65 		.ascii	"Generated_Source\\PSoC4\\QuadratureISR.c\000"
 1298      72617465 
 1298      645F536F 
 1298      75726365 
 1298      5C50536F 
 1299              	.LASF32:
 1300 0047 51756164 		.ascii	"QuadratureISR_ClearPending\000"
 1300      72617475 
 1300      72654953 
 1300      525F436C 
 1300      65617250 
 1301              	.LASF39:
 1302 0062 43795261 		.ascii	"CyRamVectors\000"
 1302      6D566563 
 1302      746F7273 
 1302      00
 1303              	.LASF3:
 1304 006f 73686F72 		.ascii	"short unsigned int\000"
 1304      7420756E 
 1304      7369676E 
 1304      65642069 
 1304      6E7400
 1305              	.LASF35:
 1306 0082 474E5520 		.ascii	"GNU C99 5.4.1 20160609 (release) [ARM/embedded-5-br"
 1306      43393920 
 1306      352E342E 
 1306      31203230 
 1306      31363036 
 1307 00b5 616E6368 		.ascii	"anch revision 237715] -mcpu=cortex-m0 -mthumb -g -O"
 1307      20726576 
 1307      6973696F 
 1307      6E203233 
 1307      37373135 
 1308 00e8 67202D73 		.ascii	"g -std=gnu99 -ffunction-sections -ffat-lto-objects\000"
 1308      74643D67 
 1308      6E753939 
 1308      202D6666 
 1308      756E6374 
 1309              	.LASF24:
 1310 011b 51756164 		.ascii	"QuadratureISR_Enable\000"
 1310      72617475 
 1310      72654953 
 1310      525F456E 
ARM GAS  C:\Users\VIDEOH~1\AppData\Local\Temp\ccv25ozn.s 			page 32


 1310      61626C65 
 1311              	.LASF11:
 1312 0130 666C6F61 		.ascii	"float\000"
 1312      7400
 1313              	.LASF7:
 1314 0136 6C6F6E67 		.ascii	"long long unsigned int\000"
 1314      206C6F6E 
 1314      6720756E 
 1314      7369676E 
 1314      65642069 
 1315              	.LASF1:
 1316 014d 756E7369 		.ascii	"unsigned char\000"
 1316      676E6564 
 1316      20636861 
 1316      7200
 1317              	.LASF17:
 1318 015b 51756164 		.ascii	"QuadratureISR_SetVector\000"
 1318      72617475 
 1318      72654953 
 1318      525F5365 
 1318      74566563 
 1319              	.LASF21:
 1320 0173 696E7465 		.ascii	"interruptState\000"
 1320      72727570 
 1320      74537461 
 1320      746500
 1321              	.LASF5:
 1322 0182 6C6F6E67 		.ascii	"long unsigned int\000"
 1322      20756E73 
 1322      69676E65 
 1322      6420696E 
 1322      7400
 1323              	.LASF9:
 1324 0194 75696E74 		.ascii	"uint8\000"
 1324      3800
 1325              	.LASF20:
 1326 019a 7072696F 		.ascii	"priority\000"
 1326      72697479 
 1326      00
 1327              	.LASF27:
 1328 01a3 51756164 		.ascii	"QuadratureISR_Disable\000"
 1328      72617475 
 1328      72654953 
 1328      525F4469 
 1328      7361626C 
 1329              	.LASF31:
 1330 01b9 51756164 		.ascii	"QuadratureISR_SetPending\000"
 1330      72617475 
 1330      72654953 
 1330      525F5365 
 1330      7450656E 
 1331              	.LASF12:
 1332 01d2 646F7562 		.ascii	"double\000"
 1332      6C6500
 1333              	.LASF10:
 1334 01d9 75696E74 		.ascii	"uint32\000"
 1334      333200
ARM GAS  C:\Users\VIDEOH~1\AppData\Local\Temp\ccv25ozn.s 			page 33


 1335              	.LASF33:
 1336 01e0 4379456E 		.ascii	"CyEnterCriticalSection\000"
 1336      74657243 
 1336      72697469 
 1336      63616C53 
 1336      65637469 
 1337              	.LASF29:
 1338 01f7 51756164 		.ascii	"QuadratureISR_StartEx\000"
 1338      72617475 
 1338      72654953 
 1338      525F5374 
 1338      61727445 
 1339              	.LASF8:
 1340 020d 756E7369 		.ascii	"unsigned int\000"
 1340      676E6564 
 1340      20696E74 
 1340      00
 1341              	.LASF19:
 1342 021a 61646472 		.ascii	"address\000"
 1342      65737300 
 1343              	.LASF34:
 1344 0222 43794578 		.ascii	"CyExitCriticalSection\000"
 1344      69744372 
 1344      69746963 
 1344      616C5365 
 1344      6374696F 
 1345              	.LASF15:
 1346 0238 63796973 		.ascii	"cyisraddress\000"
 1346      72616464 
 1346      72657373 
 1346      00
 1347              	.LASF37:
 1348 0245 443A5C31 		.ascii	"D:\\1_work\\my_project\\ReloadPro\\psoc42boot\\Relo"
 1348      5F776F72 
 1348      6B5C6D79 
 1348      5F70726F 
 1348      6A656374 
 1349 0273 61642050 		.ascii	"ad Pro.cydsn\000"
 1349      726F2E63 
 1349      7964736E 
 1349      00
 1350              	.LASF16:
 1351 0280 73697A65 		.ascii	"sizetype\000"
 1351      74797065 
 1351      00
 1352              	.LASF6:
 1353 0289 6C6F6E67 		.ascii	"long long int\000"
 1353      206C6F6E 
 1353      6720696E 
 1353      7400
 1354              	.LASF13:
 1355 0297 63686172 		.ascii	"char\000"
 1355      00
 1356              	.LASF38:
 1357 029c 51756164 		.ascii	"QuadratureISR_GetPriority\000"
 1357      72617475 
 1357      72654953 
ARM GAS  C:\Users\VIDEOH~1\AppData\Local\Temp\ccv25ozn.s 			page 34


 1357      525F4765 
 1357      74507269 
 1358              	.LASF30:
 1359 02b6 51756164 		.ascii	"QuadratureISR_Stop\000"
 1359      72617475 
 1359      72654953 
 1359      525F5374 
 1359      6F7000
 1360              	.LASF2:
 1361 02c9 73686F72 		.ascii	"short int\000"
 1361      7420696E 
 1361      7400
 1362              	.LASF28:
 1363 02d3 51756164 		.ascii	"QuadratureISR_Start\000"
 1363      72617475 
 1363      72654953 
 1363      525F5374 
 1363      61727400 
 1364              	.LASF23:
 1365 02e7 51756164 		.ascii	"QuadratureISR_Interrupt\000"
 1365      72617475 
 1365      72654953 
 1365      525F496E 
 1365      74657272 
 1366              	.LASF22:
 1367 02ff 7072696F 		.ascii	"priorityOffset\000"
 1367      72697479 
 1367      4F666673 
 1367      657400
 1368              	.LASF4:
 1369 030e 6C6F6E67 		.ascii	"long int\000"
 1369      20696E74 
 1369      00
 1370              	.LASF0:
 1371 0317 7369676E 		.ascii	"signed char\000"
 1371      65642063 
 1371      68617200 
 1372              	.LASF25:
 1373 0323 51756164 		.ascii	"QuadratureISR_GetVector\000"
 1373      72617475 
 1373      72654953 
 1373      525F4765 
 1373      74566563 
 1374              	.LASF26:
 1375 033b 51756164 		.ascii	"QuadratureISR_GetState\000"
 1375      72617475 
 1375      72654953 
 1375      525F4765 
 1375      74537461 
 1376              		.ident	"GCC: (GNU Tools for ARM Embedded Processors) 5.4.1 20160609 (release) [ARM/embedded-5-bran
