ARM GAS  C:\Users\VIDEOH~1\AppData\Local\Temp\cczJOQLJ.s 			page 1


   1              		.syntax unified
   2              		.cpu cortex-m0
   3              		.fpu softvfp
   4              		.eabi_attribute 20, 1
   5              		.eabi_attribute 21, 1
   6              		.eabi_attribute 23, 3
   7              		.eabi_attribute 24, 1
   8              		.eabi_attribute 25, 1
   9              		.eabi_attribute 26, 1
  10              		.eabi_attribute 30, 1
  11              		.eabi_attribute 34, 0
  12              		.eabi_attribute 18, 4
  13              		.thumb
  14              		.syntax unified
  15              		.file	"UART_SPI_UART.c"
  16              		.text
  17              	.Ltext0:
  18              		.cfi_sections	.debug_frame
  19              		.section	.text.UART_SpiUartReadRxData,"ax",%progbits
  20              		.align	2
  21              		.global	UART_SpiUartReadRxData
  22              		.code	16
  23              		.thumb_func
  24              		.type	UART_SpiUartReadRxData, %function
  25              	UART_SpiUartReadRxData:
  26              	.LFB0:
  27              		.file 1 "Generated_Source\\PSoC4\\UART_SPI_UART.c"
   1:Generated_Source\PSoC4/UART_SPI_UART.c **** /***************************************************************************//**
   2:Generated_Source\PSoC4/UART_SPI_UART.c **** * \file UART_SPI_UART.c
   3:Generated_Source\PSoC4/UART_SPI_UART.c **** * \version 4.0
   4:Generated_Source\PSoC4/UART_SPI_UART.c **** *
   5:Generated_Source\PSoC4/UART_SPI_UART.c **** * \brief
   6:Generated_Source\PSoC4/UART_SPI_UART.c **** *  This file provides the source code to the API for the SCB Component in
   7:Generated_Source\PSoC4/UART_SPI_UART.c **** *  SPI and UART modes.
   8:Generated_Source\PSoC4/UART_SPI_UART.c **** *
   9:Generated_Source\PSoC4/UART_SPI_UART.c **** * Note:
  10:Generated_Source\PSoC4/UART_SPI_UART.c **** *
  11:Generated_Source\PSoC4/UART_SPI_UART.c **** *******************************************************************************
  12:Generated_Source\PSoC4/UART_SPI_UART.c **** * \copyright
  13:Generated_Source\PSoC4/UART_SPI_UART.c **** * Copyright 2013-2017, Cypress Semiconductor Corporation.  All rights reserved.
  14:Generated_Source\PSoC4/UART_SPI_UART.c **** * You may use this file only in accordance with the license, terms, conditions,
  15:Generated_Source\PSoC4/UART_SPI_UART.c **** * disclaimers, and limitations in the end user license agreement accompanying
  16:Generated_Source\PSoC4/UART_SPI_UART.c **** * the software package with which this file was provided.
  17:Generated_Source\PSoC4/UART_SPI_UART.c **** *******************************************************************************/
  18:Generated_Source\PSoC4/UART_SPI_UART.c **** 
  19:Generated_Source\PSoC4/UART_SPI_UART.c **** #include "UART_PVT.h"
  20:Generated_Source\PSoC4/UART_SPI_UART.c **** #include "UART_SPI_UART_PVT.h"
  21:Generated_Source\PSoC4/UART_SPI_UART.c **** 
  22:Generated_Source\PSoC4/UART_SPI_UART.c **** /***************************************
  23:Generated_Source\PSoC4/UART_SPI_UART.c **** *        SPI/UART Private Vars
  24:Generated_Source\PSoC4/UART_SPI_UART.c **** ***************************************/
  25:Generated_Source\PSoC4/UART_SPI_UART.c **** 
  26:Generated_Source\PSoC4/UART_SPI_UART.c **** #if(UART_INTERNAL_RX_SW_BUFFER_CONST)
  27:Generated_Source\PSoC4/UART_SPI_UART.c ****     /* Start index to put data into the software receive buffer.*/
  28:Generated_Source\PSoC4/UART_SPI_UART.c ****     volatile uint32 UART_rxBufferHead;
  29:Generated_Source\PSoC4/UART_SPI_UART.c ****     /* Start index to get data from the software receive buffer.*/
  30:Generated_Source\PSoC4/UART_SPI_UART.c ****     volatile uint32 UART_rxBufferTail;
ARM GAS  C:\Users\VIDEOH~1\AppData\Local\Temp\cczJOQLJ.s 			page 2


  31:Generated_Source\PSoC4/UART_SPI_UART.c ****     /**
  32:Generated_Source\PSoC4/UART_SPI_UART.c ****     * \addtogroup group_globals
  33:Generated_Source\PSoC4/UART_SPI_UART.c ****     * \{
  34:Generated_Source\PSoC4/UART_SPI_UART.c ****     */
  35:Generated_Source\PSoC4/UART_SPI_UART.c ****     /** Sets when internal software receive buffer overflow
  36:Generated_Source\PSoC4/UART_SPI_UART.c ****     *  was occurred.
  37:Generated_Source\PSoC4/UART_SPI_UART.c ****     */
  38:Generated_Source\PSoC4/UART_SPI_UART.c ****     volatile uint8  UART_rxBufferOverflow;
  39:Generated_Source\PSoC4/UART_SPI_UART.c ****     /** \} globals */
  40:Generated_Source\PSoC4/UART_SPI_UART.c **** #endif /* (UART_INTERNAL_RX_SW_BUFFER_CONST) */
  41:Generated_Source\PSoC4/UART_SPI_UART.c **** 
  42:Generated_Source\PSoC4/UART_SPI_UART.c **** #if(UART_INTERNAL_TX_SW_BUFFER_CONST)
  43:Generated_Source\PSoC4/UART_SPI_UART.c ****     /* Start index to put data into the software transmit buffer.*/
  44:Generated_Source\PSoC4/UART_SPI_UART.c ****     volatile uint32 UART_txBufferHead;
  45:Generated_Source\PSoC4/UART_SPI_UART.c ****     /* Start index to get data from the software transmit buffer.*/
  46:Generated_Source\PSoC4/UART_SPI_UART.c ****     volatile uint32 UART_txBufferTail;
  47:Generated_Source\PSoC4/UART_SPI_UART.c **** #endif /* (UART_INTERNAL_TX_SW_BUFFER_CONST) */
  48:Generated_Source\PSoC4/UART_SPI_UART.c **** 
  49:Generated_Source\PSoC4/UART_SPI_UART.c **** #if(UART_INTERNAL_RX_SW_BUFFER)
  50:Generated_Source\PSoC4/UART_SPI_UART.c ****     /* Add one element to the buffer to receive full packet. One byte in receive buffer is always e
  51:Generated_Source\PSoC4/UART_SPI_UART.c ****     volatile uint8 UART_rxBufferInternal[UART_INTERNAL_RX_BUFFER_SIZE];
  52:Generated_Source\PSoC4/UART_SPI_UART.c **** #endif /* (UART_INTERNAL_RX_SW_BUFFER) */
  53:Generated_Source\PSoC4/UART_SPI_UART.c **** 
  54:Generated_Source\PSoC4/UART_SPI_UART.c **** #if(UART_INTERNAL_TX_SW_BUFFER)
  55:Generated_Source\PSoC4/UART_SPI_UART.c ****     volatile uint8 UART_txBufferInternal[UART_TX_BUFFER_SIZE];
  56:Generated_Source\PSoC4/UART_SPI_UART.c **** #endif /* (UART_INTERNAL_TX_SW_BUFFER) */
  57:Generated_Source\PSoC4/UART_SPI_UART.c **** 
  58:Generated_Source\PSoC4/UART_SPI_UART.c **** 
  59:Generated_Source\PSoC4/UART_SPI_UART.c **** #if(UART_RX_DIRECTION)
  60:Generated_Source\PSoC4/UART_SPI_UART.c ****     /*******************************************************************************
  61:Generated_Source\PSoC4/UART_SPI_UART.c ****     * Function Name: UART_SpiUartReadRxData
  62:Generated_Source\PSoC4/UART_SPI_UART.c ****     ****************************************************************************//**
  63:Generated_Source\PSoC4/UART_SPI_UART.c ****     *
  64:Generated_Source\PSoC4/UART_SPI_UART.c ****     *  Retrieves the next data element from the receive buffer.
  65:Generated_Source\PSoC4/UART_SPI_UART.c ****     *   - RX software buffer is disabled: Returns data element retrieved from
  66:Generated_Source\PSoC4/UART_SPI_UART.c ****     *     RX FIFO. Undefined data will be returned if the RX FIFO is empty.
  67:Generated_Source\PSoC4/UART_SPI_UART.c ****     *   - RX software buffer is enabled: Returns data element from the software
  68:Generated_Source\PSoC4/UART_SPI_UART.c ****     *     receive buffer. Zero value is returned if the software receive buffer
  69:Generated_Source\PSoC4/UART_SPI_UART.c ****     *     is empty.
  70:Generated_Source\PSoC4/UART_SPI_UART.c ****     *
  71:Generated_Source\PSoC4/UART_SPI_UART.c ****     * \return
  72:Generated_Source\PSoC4/UART_SPI_UART.c ****     *  Next data element from the receive buffer. 
  73:Generated_Source\PSoC4/UART_SPI_UART.c ****     *  The amount of data bits to be received depends on RX data bits selection 
  74:Generated_Source\PSoC4/UART_SPI_UART.c ****     *  (the data bit counting starts from LSB of return value).
  75:Generated_Source\PSoC4/UART_SPI_UART.c ****     *
  76:Generated_Source\PSoC4/UART_SPI_UART.c ****     * \globalvars
  77:Generated_Source\PSoC4/UART_SPI_UART.c ****     *  UART_rxBufferHead - the start index to put data into the 
  78:Generated_Source\PSoC4/UART_SPI_UART.c ****     *  software receive buffer.
  79:Generated_Source\PSoC4/UART_SPI_UART.c ****     *  UART_rxBufferTail - the start index to get data from the 
  80:Generated_Source\PSoC4/UART_SPI_UART.c ****     *  software receive buffer.
  81:Generated_Source\PSoC4/UART_SPI_UART.c ****     *
  82:Generated_Source\PSoC4/UART_SPI_UART.c ****     *******************************************************************************/
  83:Generated_Source\PSoC4/UART_SPI_UART.c ****     uint32 UART_SpiUartReadRxData(void)
  84:Generated_Source\PSoC4/UART_SPI_UART.c ****     {
  28              		.loc 1 84 0
  29              		.cfi_startproc
  30              		@ args = 0, pretend = 0, frame = 0
ARM GAS  C:\Users\VIDEOH~1\AppData\Local\Temp\cczJOQLJ.s 			page 3


  31              		@ frame_needed = 0, uses_anonymous_args = 0
  32              		@ link register save eliminated.
  33              	.LVL0:
  85:Generated_Source\PSoC4/UART_SPI_UART.c ****         uint32 rxData = 0u;
  86:Generated_Source\PSoC4/UART_SPI_UART.c **** 
  87:Generated_Source\PSoC4/UART_SPI_UART.c ****     #if (UART_INTERNAL_RX_SW_BUFFER_CONST)
  88:Generated_Source\PSoC4/UART_SPI_UART.c ****         uint32 locTail;
  89:Generated_Source\PSoC4/UART_SPI_UART.c ****     #endif /* (UART_INTERNAL_RX_SW_BUFFER_CONST) */
  90:Generated_Source\PSoC4/UART_SPI_UART.c **** 
  91:Generated_Source\PSoC4/UART_SPI_UART.c ****         #if (UART_CHECK_RX_SW_BUFFER)
  92:Generated_Source\PSoC4/UART_SPI_UART.c ****         {
  93:Generated_Source\PSoC4/UART_SPI_UART.c ****             if (UART_rxBufferHead != UART_rxBufferTail)
  94:Generated_Source\PSoC4/UART_SPI_UART.c ****             {
  95:Generated_Source\PSoC4/UART_SPI_UART.c ****                 /* There is data in RX software buffer */
  96:Generated_Source\PSoC4/UART_SPI_UART.c **** 
  97:Generated_Source\PSoC4/UART_SPI_UART.c ****                 /* Calculate index to read from */
  98:Generated_Source\PSoC4/UART_SPI_UART.c ****                 locTail = (UART_rxBufferTail + 1u);
  99:Generated_Source\PSoC4/UART_SPI_UART.c **** 
 100:Generated_Source\PSoC4/UART_SPI_UART.c ****                 if (UART_INTERNAL_RX_BUFFER_SIZE == locTail)
 101:Generated_Source\PSoC4/UART_SPI_UART.c ****                 {
 102:Generated_Source\PSoC4/UART_SPI_UART.c ****                     locTail = 0u;
 103:Generated_Source\PSoC4/UART_SPI_UART.c ****                 }
 104:Generated_Source\PSoC4/UART_SPI_UART.c **** 
 105:Generated_Source\PSoC4/UART_SPI_UART.c ****                 /* Get data from RX software buffer */
 106:Generated_Source\PSoC4/UART_SPI_UART.c ****                 rxData = UART_GetWordFromRxBuffer(locTail);
 107:Generated_Source\PSoC4/UART_SPI_UART.c **** 
 108:Generated_Source\PSoC4/UART_SPI_UART.c ****                 /* Change index in the buffer */
 109:Generated_Source\PSoC4/UART_SPI_UART.c ****                 UART_rxBufferTail = locTail;
 110:Generated_Source\PSoC4/UART_SPI_UART.c **** 
 111:Generated_Source\PSoC4/UART_SPI_UART.c ****                 #if (UART_CHECK_UART_RTS_CONTROL_FLOW)
 112:Generated_Source\PSoC4/UART_SPI_UART.c ****                 {
 113:Generated_Source\PSoC4/UART_SPI_UART.c ****                     /* Check if RX Not Empty is disabled in the interrupt */
 114:Generated_Source\PSoC4/UART_SPI_UART.c ****                     if (0u == (UART_INTR_RX_MASK_REG & UART_INTR_RX_NOT_EMPTY))
 115:Generated_Source\PSoC4/UART_SPI_UART.c ****                     {
 116:Generated_Source\PSoC4/UART_SPI_UART.c ****                         /* Enable RX Not Empty interrupt source to continue
 117:Generated_Source\PSoC4/UART_SPI_UART.c ****                         * receiving data into software buffer.
 118:Generated_Source\PSoC4/UART_SPI_UART.c ****                         */
 119:Generated_Source\PSoC4/UART_SPI_UART.c ****                         UART_INTR_RX_MASK_REG |= UART_INTR_RX_NOT_EMPTY;
 120:Generated_Source\PSoC4/UART_SPI_UART.c ****                     }
 121:Generated_Source\PSoC4/UART_SPI_UART.c ****                 }
 122:Generated_Source\PSoC4/UART_SPI_UART.c ****                 #endif
 123:Generated_Source\PSoC4/UART_SPI_UART.c **** 
 124:Generated_Source\PSoC4/UART_SPI_UART.c ****             }
 125:Generated_Source\PSoC4/UART_SPI_UART.c ****         }
 126:Generated_Source\PSoC4/UART_SPI_UART.c ****         #else
 127:Generated_Source\PSoC4/UART_SPI_UART.c ****         {
 128:Generated_Source\PSoC4/UART_SPI_UART.c ****             /* Read data from RX FIFO */
 129:Generated_Source\PSoC4/UART_SPI_UART.c ****             rxData = UART_RX_FIFO_RD_REG;
  34              		.loc 1 129 0
  35 0000 014B     		ldr	r3, .L2
  36 0002 1868     		ldr	r0, [r3]
  37              	.LVL1:
 130:Generated_Source\PSoC4/UART_SPI_UART.c ****         }
 131:Generated_Source\PSoC4/UART_SPI_UART.c ****         #endif
 132:Generated_Source\PSoC4/UART_SPI_UART.c **** 
 133:Generated_Source\PSoC4/UART_SPI_UART.c ****         return (rxData);
 134:Generated_Source\PSoC4/UART_SPI_UART.c ****     }
ARM GAS  C:\Users\VIDEOH~1\AppData\Local\Temp\cczJOQLJ.s 			page 4


  38              		.loc 1 134 0
  39              		@ sp needed
  40 0004 7047     		bx	lr
  41              	.L3:
  42 0006 C046     		.align	2
  43              	.L2:
  44 0008 40030640 		.word	1074135872
  45              		.cfi_endproc
  46              	.LFE0:
  47              		.size	UART_SpiUartReadRxData, .-UART_SpiUartReadRxData
  48              		.section	.text.UART_SpiUartGetRxBufferSize,"ax",%progbits
  49              		.align	2
  50              		.global	UART_SpiUartGetRxBufferSize
  51              		.code	16
  52              		.thumb_func
  53              		.type	UART_SpiUartGetRxBufferSize, %function
  54              	UART_SpiUartGetRxBufferSize:
  55              	.LFB1:
 135:Generated_Source\PSoC4/UART_SPI_UART.c **** 
 136:Generated_Source\PSoC4/UART_SPI_UART.c **** 
 137:Generated_Source\PSoC4/UART_SPI_UART.c ****     /*******************************************************************************
 138:Generated_Source\PSoC4/UART_SPI_UART.c ****     * Function Name: UART_SpiUartGetRxBufferSize
 139:Generated_Source\PSoC4/UART_SPI_UART.c ****     ****************************************************************************//**
 140:Generated_Source\PSoC4/UART_SPI_UART.c ****     *
 141:Generated_Source\PSoC4/UART_SPI_UART.c ****     *  Returns the number of received data elements in the receive buffer.
 142:Generated_Source\PSoC4/UART_SPI_UART.c ****     *   - RX software buffer disabled: returns the number of used entries in
 143:Generated_Source\PSoC4/UART_SPI_UART.c ****     *     RX FIFO.
 144:Generated_Source\PSoC4/UART_SPI_UART.c ****     *   - RX software buffer enabled: returns the number of elements which were
 145:Generated_Source\PSoC4/UART_SPI_UART.c ****     *     placed in the receive buffer. This does not include the hardware RX FIFO.
 146:Generated_Source\PSoC4/UART_SPI_UART.c ****     *
 147:Generated_Source\PSoC4/UART_SPI_UART.c ****     * \return
 148:Generated_Source\PSoC4/UART_SPI_UART.c ****     *  Number of received data elements.
 149:Generated_Source\PSoC4/UART_SPI_UART.c ****     *
 150:Generated_Source\PSoC4/UART_SPI_UART.c ****     * \globalvars
 151:Generated_Source\PSoC4/UART_SPI_UART.c ****     *  UART_rxBufferHead - the start index to put data into the 
 152:Generated_Source\PSoC4/UART_SPI_UART.c ****     *  software receive buffer.
 153:Generated_Source\PSoC4/UART_SPI_UART.c ****     *  UART_rxBufferTail - the start index to get data from the 
 154:Generated_Source\PSoC4/UART_SPI_UART.c ****     *  software receive buffer.
 155:Generated_Source\PSoC4/UART_SPI_UART.c ****     *
 156:Generated_Source\PSoC4/UART_SPI_UART.c ****     *******************************************************************************/
 157:Generated_Source\PSoC4/UART_SPI_UART.c ****     uint32 UART_SpiUartGetRxBufferSize(void)
 158:Generated_Source\PSoC4/UART_SPI_UART.c ****     {
  56              		.loc 1 158 0
  57              		.cfi_startproc
  58              		@ args = 0, pretend = 0, frame = 0
  59              		@ frame_needed = 0, uses_anonymous_args = 0
  60              		@ link register save eliminated.
 159:Generated_Source\PSoC4/UART_SPI_UART.c ****         uint32 size;
 160:Generated_Source\PSoC4/UART_SPI_UART.c ****     #if (UART_INTERNAL_RX_SW_BUFFER_CONST)
 161:Generated_Source\PSoC4/UART_SPI_UART.c ****         uint32 locHead;
 162:Generated_Source\PSoC4/UART_SPI_UART.c ****     #endif /* (UART_INTERNAL_RX_SW_BUFFER_CONST) */
 163:Generated_Source\PSoC4/UART_SPI_UART.c **** 
 164:Generated_Source\PSoC4/UART_SPI_UART.c ****         #if (UART_CHECK_RX_SW_BUFFER)
 165:Generated_Source\PSoC4/UART_SPI_UART.c ****         {
 166:Generated_Source\PSoC4/UART_SPI_UART.c ****             locHead = UART_rxBufferHead;
 167:Generated_Source\PSoC4/UART_SPI_UART.c **** 
 168:Generated_Source\PSoC4/UART_SPI_UART.c ****             if(locHead >= UART_rxBufferTail)
ARM GAS  C:\Users\VIDEOH~1\AppData\Local\Temp\cczJOQLJ.s 			page 5


 169:Generated_Source\PSoC4/UART_SPI_UART.c ****             {
 170:Generated_Source\PSoC4/UART_SPI_UART.c ****                 size = (locHead - UART_rxBufferTail);
 171:Generated_Source\PSoC4/UART_SPI_UART.c ****             }
 172:Generated_Source\PSoC4/UART_SPI_UART.c ****             else
 173:Generated_Source\PSoC4/UART_SPI_UART.c ****             {
 174:Generated_Source\PSoC4/UART_SPI_UART.c ****                 size = (locHead + (UART_INTERNAL_RX_BUFFER_SIZE - UART_rxBufferTail));
 175:Generated_Source\PSoC4/UART_SPI_UART.c ****             }
 176:Generated_Source\PSoC4/UART_SPI_UART.c ****         }
 177:Generated_Source\PSoC4/UART_SPI_UART.c ****         #else
 178:Generated_Source\PSoC4/UART_SPI_UART.c ****         {
 179:Generated_Source\PSoC4/UART_SPI_UART.c ****             size = UART_GET_RX_FIFO_ENTRIES;
  61              		.loc 1 179 0
  62 0000 024B     		ldr	r3, .L5
  63 0002 1B68     		ldr	r3, [r3]
  64 0004 0F20     		movs	r0, #15
  65 0006 1840     		ands	r0, r3
  66              	.LVL2:
 180:Generated_Source\PSoC4/UART_SPI_UART.c ****         }
 181:Generated_Source\PSoC4/UART_SPI_UART.c ****         #endif
 182:Generated_Source\PSoC4/UART_SPI_UART.c **** 
 183:Generated_Source\PSoC4/UART_SPI_UART.c ****         return (size);
 184:Generated_Source\PSoC4/UART_SPI_UART.c ****     }
  67              		.loc 1 184 0
  68              		@ sp needed
  69 0008 7047     		bx	lr
  70              	.L6:
  71 000a C046     		.align	2
  72              	.L5:
  73 000c 08030640 		.word	1074135816
  74              		.cfi_endproc
  75              	.LFE1:
  76              		.size	UART_SpiUartGetRxBufferSize, .-UART_SpiUartGetRxBufferSize
  77              		.section	.text.UART_SpiUartClearRxBuffer,"ax",%progbits
  78              		.align	2
  79              		.global	UART_SpiUartClearRxBuffer
  80              		.code	16
  81              		.thumb_func
  82              		.type	UART_SpiUartClearRxBuffer, %function
  83              	UART_SpiUartClearRxBuffer:
  84              	.LFB2:
 185:Generated_Source\PSoC4/UART_SPI_UART.c **** 
 186:Generated_Source\PSoC4/UART_SPI_UART.c **** 
 187:Generated_Source\PSoC4/UART_SPI_UART.c ****     /*******************************************************************************
 188:Generated_Source\PSoC4/UART_SPI_UART.c ****     * Function Name: UART_SpiUartClearRxBuffer
 189:Generated_Source\PSoC4/UART_SPI_UART.c ****     ****************************************************************************//**
 190:Generated_Source\PSoC4/UART_SPI_UART.c ****     *
 191:Generated_Source\PSoC4/UART_SPI_UART.c ****     *  Clears the receive buffer and RX FIFO.
 192:Generated_Source\PSoC4/UART_SPI_UART.c ****     *
 193:Generated_Source\PSoC4/UART_SPI_UART.c ****     * \globalvars
 194:Generated_Source\PSoC4/UART_SPI_UART.c ****     *  UART_rxBufferHead - the start index to put data into the 
 195:Generated_Source\PSoC4/UART_SPI_UART.c ****     *  software receive buffer.
 196:Generated_Source\PSoC4/UART_SPI_UART.c ****     *  UART_rxBufferTail - the start index to get data from the 
 197:Generated_Source\PSoC4/UART_SPI_UART.c ****     *  software receive buffer.
 198:Generated_Source\PSoC4/UART_SPI_UART.c ****     *
 199:Generated_Source\PSoC4/UART_SPI_UART.c ****     *******************************************************************************/
 200:Generated_Source\PSoC4/UART_SPI_UART.c ****     void UART_SpiUartClearRxBuffer(void)
 201:Generated_Source\PSoC4/UART_SPI_UART.c ****     {
ARM GAS  C:\Users\VIDEOH~1\AppData\Local\Temp\cczJOQLJ.s 			page 6


  85              		.loc 1 201 0
  86              		.cfi_startproc
  87              		@ args = 0, pretend = 0, frame = 0
  88              		@ frame_needed = 0, uses_anonymous_args = 0
  89              		@ link register save eliminated.
 202:Generated_Source\PSoC4/UART_SPI_UART.c ****         #if (UART_CHECK_RX_SW_BUFFER)
 203:Generated_Source\PSoC4/UART_SPI_UART.c ****         {
 204:Generated_Source\PSoC4/UART_SPI_UART.c ****             /* Lock from component interruption */
 205:Generated_Source\PSoC4/UART_SPI_UART.c ****             UART_DisableInt();
 206:Generated_Source\PSoC4/UART_SPI_UART.c **** 
 207:Generated_Source\PSoC4/UART_SPI_UART.c ****             /* Flush RX software buffer */
 208:Generated_Source\PSoC4/UART_SPI_UART.c ****             UART_rxBufferHead = UART_rxBufferTail;
 209:Generated_Source\PSoC4/UART_SPI_UART.c ****             UART_rxBufferOverflow = 0u;
 210:Generated_Source\PSoC4/UART_SPI_UART.c **** 
 211:Generated_Source\PSoC4/UART_SPI_UART.c ****             UART_CLEAR_RX_FIFO;
 212:Generated_Source\PSoC4/UART_SPI_UART.c ****             UART_ClearRxInterruptSource(UART_INTR_RX_ALL);
 213:Generated_Source\PSoC4/UART_SPI_UART.c **** 
 214:Generated_Source\PSoC4/UART_SPI_UART.c ****             #if (UART_CHECK_UART_RTS_CONTROL_FLOW)
 215:Generated_Source\PSoC4/UART_SPI_UART.c ****             {
 216:Generated_Source\PSoC4/UART_SPI_UART.c ****                 /* Enable RX Not Empty interrupt source to continue receiving
 217:Generated_Source\PSoC4/UART_SPI_UART.c ****                 * data into software buffer.
 218:Generated_Source\PSoC4/UART_SPI_UART.c ****                 */
 219:Generated_Source\PSoC4/UART_SPI_UART.c ****                 UART_INTR_RX_MASK_REG |= UART_INTR_RX_NOT_EMPTY;
 220:Generated_Source\PSoC4/UART_SPI_UART.c ****             }
 221:Generated_Source\PSoC4/UART_SPI_UART.c ****             #endif
 222:Generated_Source\PSoC4/UART_SPI_UART.c ****             
 223:Generated_Source\PSoC4/UART_SPI_UART.c ****             /* Release lock */
 224:Generated_Source\PSoC4/UART_SPI_UART.c ****             UART_EnableInt();
 225:Generated_Source\PSoC4/UART_SPI_UART.c ****         }
 226:Generated_Source\PSoC4/UART_SPI_UART.c ****         #else
 227:Generated_Source\PSoC4/UART_SPI_UART.c ****         {
 228:Generated_Source\PSoC4/UART_SPI_UART.c ****             UART_CLEAR_RX_FIFO;
  90              		.loc 1 228 0
  91 0000 054B     		ldr	r3, .L8
  92 0002 1A68     		ldr	r2, [r3]
  93 0004 8021     		movs	r1, #128
  94 0006 4902     		lsls	r1, r1, #9
  95 0008 0A43     		orrs	r2, r1
  96 000a 1A60     		str	r2, [r3]
  97 000c 1968     		ldr	r1, [r3]
  98 000e 034A     		ldr	r2, .L8+4
  99 0010 0A40     		ands	r2, r1
 100 0012 1A60     		str	r2, [r3]
 229:Generated_Source\PSoC4/UART_SPI_UART.c ****         }
 230:Generated_Source\PSoC4/UART_SPI_UART.c ****         #endif
 231:Generated_Source\PSoC4/UART_SPI_UART.c ****     }
 101              		.loc 1 231 0
 102              		@ sp needed
 103 0014 7047     		bx	lr
 104              	.L9:
 105 0016 C046     		.align	2
 106              	.L8:
 107 0018 04030640 		.word	1074135812
 108 001c FFFFFEFF 		.word	-65537
 109              		.cfi_endproc
 110              	.LFE2:
 111              		.size	UART_SpiUartClearRxBuffer, .-UART_SpiUartClearRxBuffer
ARM GAS  C:\Users\VIDEOH~1\AppData\Local\Temp\cczJOQLJ.s 			page 7


 112              		.section	.text.UART_SpiUartWriteTxData,"ax",%progbits
 113              		.align	2
 114              		.global	UART_SpiUartWriteTxData
 115              		.code	16
 116              		.thumb_func
 117              		.type	UART_SpiUartWriteTxData, %function
 118              	UART_SpiUartWriteTxData:
 119              	.LFB3:
 232:Generated_Source\PSoC4/UART_SPI_UART.c **** 
 233:Generated_Source\PSoC4/UART_SPI_UART.c **** #endif /* (UART_RX_DIRECTION) */
 234:Generated_Source\PSoC4/UART_SPI_UART.c **** 
 235:Generated_Source\PSoC4/UART_SPI_UART.c **** 
 236:Generated_Source\PSoC4/UART_SPI_UART.c **** #if(UART_TX_DIRECTION)
 237:Generated_Source\PSoC4/UART_SPI_UART.c ****     /*******************************************************************************
 238:Generated_Source\PSoC4/UART_SPI_UART.c ****     * Function Name: UART_SpiUartWriteTxData
 239:Generated_Source\PSoC4/UART_SPI_UART.c ****     ****************************************************************************//**
 240:Generated_Source\PSoC4/UART_SPI_UART.c ****     *
 241:Generated_Source\PSoC4/UART_SPI_UART.c ****     *  Places a data entry into the transmit buffer to be sent at the next available
 242:Generated_Source\PSoC4/UART_SPI_UART.c ****     *  bus time.
 243:Generated_Source\PSoC4/UART_SPI_UART.c ****     *  This function is blocking and waits until there is space available to put the
 244:Generated_Source\PSoC4/UART_SPI_UART.c ****     *  requested data in the transmit buffer.
 245:Generated_Source\PSoC4/UART_SPI_UART.c ****     *
 246:Generated_Source\PSoC4/UART_SPI_UART.c ****     *  \param txDataByte: the data to be transmitted.
 247:Generated_Source\PSoC4/UART_SPI_UART.c ****     *   The amount of data bits to be transmitted depends on TX data bits selection 
 248:Generated_Source\PSoC4/UART_SPI_UART.c ****     *   (the data bit counting starts from LSB of txDataByte).
 249:Generated_Source\PSoC4/UART_SPI_UART.c ****     *
 250:Generated_Source\PSoC4/UART_SPI_UART.c ****     * \globalvars
 251:Generated_Source\PSoC4/UART_SPI_UART.c ****     *  UART_txBufferHead - the start index to put data into the 
 252:Generated_Source\PSoC4/UART_SPI_UART.c ****     *  software transmit buffer.
 253:Generated_Source\PSoC4/UART_SPI_UART.c ****     *  UART_txBufferTail - start index to get data from the software
 254:Generated_Source\PSoC4/UART_SPI_UART.c ****     *  transmit buffer.
 255:Generated_Source\PSoC4/UART_SPI_UART.c ****     *
 256:Generated_Source\PSoC4/UART_SPI_UART.c ****     *******************************************************************************/
 257:Generated_Source\PSoC4/UART_SPI_UART.c ****     void UART_SpiUartWriteTxData(uint32 txData)
 258:Generated_Source\PSoC4/UART_SPI_UART.c ****     {
 120              		.loc 1 258 0
 121              		.cfi_startproc
 122              		@ args = 0, pretend = 0, frame = 0
 123              		@ frame_needed = 0, uses_anonymous_args = 0
 124              		@ link register save eliminated.
 125              	.LVL3:
 126              	.L11:
 259:Generated_Source\PSoC4/UART_SPI_UART.c ****     #if (UART_INTERNAL_TX_SW_BUFFER_CONST)
 260:Generated_Source\PSoC4/UART_SPI_UART.c ****         uint32 locHead;
 261:Generated_Source\PSoC4/UART_SPI_UART.c ****     #endif /* (UART_INTERNAL_TX_SW_BUFFER_CONST) */
 262:Generated_Source\PSoC4/UART_SPI_UART.c **** 
 263:Generated_Source\PSoC4/UART_SPI_UART.c ****         #if (UART_CHECK_TX_SW_BUFFER)
 264:Generated_Source\PSoC4/UART_SPI_UART.c ****         {
 265:Generated_Source\PSoC4/UART_SPI_UART.c ****             /* Put data directly into the TX FIFO */
 266:Generated_Source\PSoC4/UART_SPI_UART.c ****             if ((UART_txBufferHead == UART_txBufferTail) &&
 267:Generated_Source\PSoC4/UART_SPI_UART.c ****                 (UART_SPI_UART_FIFO_SIZE != UART_GET_TX_FIFO_ENTRIES))
 268:Generated_Source\PSoC4/UART_SPI_UART.c ****             {
 269:Generated_Source\PSoC4/UART_SPI_UART.c ****                 /* TX software buffer is empty: put data directly in TX FIFO */
 270:Generated_Source\PSoC4/UART_SPI_UART.c ****                 UART_TX_FIFO_WR_REG = txData;
 271:Generated_Source\PSoC4/UART_SPI_UART.c ****             }
 272:Generated_Source\PSoC4/UART_SPI_UART.c ****             /* Put data into TX software buffer */
 273:Generated_Source\PSoC4/UART_SPI_UART.c ****             else
ARM GAS  C:\Users\VIDEOH~1\AppData\Local\Temp\cczJOQLJ.s 			page 8


 274:Generated_Source\PSoC4/UART_SPI_UART.c ****             {
 275:Generated_Source\PSoC4/UART_SPI_UART.c ****                 /* Head index to put data */
 276:Generated_Source\PSoC4/UART_SPI_UART.c ****                 locHead = (UART_txBufferHead + 1u);
 277:Generated_Source\PSoC4/UART_SPI_UART.c **** 
 278:Generated_Source\PSoC4/UART_SPI_UART.c ****                 /* Adjust TX software buffer index */
 279:Generated_Source\PSoC4/UART_SPI_UART.c ****                 if (UART_TX_BUFFER_SIZE == locHead)
 280:Generated_Source\PSoC4/UART_SPI_UART.c ****                 {
 281:Generated_Source\PSoC4/UART_SPI_UART.c ****                     locHead = 0u;
 282:Generated_Source\PSoC4/UART_SPI_UART.c ****                 }
 283:Generated_Source\PSoC4/UART_SPI_UART.c **** 
 284:Generated_Source\PSoC4/UART_SPI_UART.c ****                 /* Wait for space in TX software buffer */
 285:Generated_Source\PSoC4/UART_SPI_UART.c ****                 while (locHead == UART_txBufferTail)
 286:Generated_Source\PSoC4/UART_SPI_UART.c ****                 {
 287:Generated_Source\PSoC4/UART_SPI_UART.c ****                 }
 288:Generated_Source\PSoC4/UART_SPI_UART.c **** 
 289:Generated_Source\PSoC4/UART_SPI_UART.c ****                 /* TX software buffer has at least one room */
 290:Generated_Source\PSoC4/UART_SPI_UART.c **** 
 291:Generated_Source\PSoC4/UART_SPI_UART.c ****                 /* Clear old status of INTR_TX_NOT_FULL. It sets at the end of transfer when TX FIF
 292:Generated_Source\PSoC4/UART_SPI_UART.c ****                 UART_ClearTxInterruptSource(UART_INTR_TX_NOT_FULL);
 293:Generated_Source\PSoC4/UART_SPI_UART.c **** 
 294:Generated_Source\PSoC4/UART_SPI_UART.c ****                 UART_PutWordInTxBuffer(locHead, txData);
 295:Generated_Source\PSoC4/UART_SPI_UART.c **** 
 296:Generated_Source\PSoC4/UART_SPI_UART.c ****                 UART_txBufferHead = locHead;
 297:Generated_Source\PSoC4/UART_SPI_UART.c **** 
 298:Generated_Source\PSoC4/UART_SPI_UART.c ****                 /* Check if TX Not Full is disabled in interrupt */
 299:Generated_Source\PSoC4/UART_SPI_UART.c ****                 if (0u == (UART_INTR_TX_MASK_REG & UART_INTR_TX_NOT_FULL))
 300:Generated_Source\PSoC4/UART_SPI_UART.c ****                 {
 301:Generated_Source\PSoC4/UART_SPI_UART.c ****                     /* Enable TX Not Full interrupt source to transmit from software buffer */
 302:Generated_Source\PSoC4/UART_SPI_UART.c ****                     UART_INTR_TX_MASK_REG |= (uint32) UART_INTR_TX_NOT_FULL;
 303:Generated_Source\PSoC4/UART_SPI_UART.c ****                 }
 304:Generated_Source\PSoC4/UART_SPI_UART.c ****             }
 305:Generated_Source\PSoC4/UART_SPI_UART.c ****         }
 306:Generated_Source\PSoC4/UART_SPI_UART.c ****         #else
 307:Generated_Source\PSoC4/UART_SPI_UART.c ****         {
 308:Generated_Source\PSoC4/UART_SPI_UART.c ****             /* Wait until TX FIFO has space to put data element */
 309:Generated_Source\PSoC4/UART_SPI_UART.c ****             while (UART_SPI_UART_FIFO_SIZE == UART_GET_TX_FIFO_ENTRIES)
 127              		.loc 1 309 0 discriminator 1
 128 0000 044B     		ldr	r3, .L12
 129 0002 1B68     		ldr	r3, [r3]
 130 0004 0F22     		movs	r2, #15
 131 0006 1340     		ands	r3, r2
 132 0008 082B     		cmp	r3, #8
 133 000a F9D0     		beq	.L11
 310:Generated_Source\PSoC4/UART_SPI_UART.c ****             {
 311:Generated_Source\PSoC4/UART_SPI_UART.c ****             }
 312:Generated_Source\PSoC4/UART_SPI_UART.c **** 
 313:Generated_Source\PSoC4/UART_SPI_UART.c ****             UART_TX_FIFO_WR_REG = txData;
 134              		.loc 1 313 0
 135 000c 024B     		ldr	r3, .L12+4
 136 000e 1860     		str	r0, [r3]
 314:Generated_Source\PSoC4/UART_SPI_UART.c ****         }
 315:Generated_Source\PSoC4/UART_SPI_UART.c ****         #endif
 316:Generated_Source\PSoC4/UART_SPI_UART.c ****     }
 137              		.loc 1 316 0
 138              		@ sp needed
 139 0010 7047     		bx	lr
 140              	.L13:
ARM GAS  C:\Users\VIDEOH~1\AppData\Local\Temp\cczJOQLJ.s 			page 9


 141 0012 C046     		.align	2
 142              	.L12:
 143 0014 08020640 		.word	1074135560
 144 0018 40020640 		.word	1074135616
 145              		.cfi_endproc
 146              	.LFE3:
 147              		.size	UART_SpiUartWriteTxData, .-UART_SpiUartWriteTxData
 148              		.section	.text.UART_SpiUartPutArray,"ax",%progbits
 149              		.align	2
 150              		.global	UART_SpiUartPutArray
 151              		.code	16
 152              		.thumb_func
 153              		.type	UART_SpiUartPutArray, %function
 154              	UART_SpiUartPutArray:
 155              	.LFB4:
 317:Generated_Source\PSoC4/UART_SPI_UART.c **** 
 318:Generated_Source\PSoC4/UART_SPI_UART.c **** 
 319:Generated_Source\PSoC4/UART_SPI_UART.c ****     /*******************************************************************************
 320:Generated_Source\PSoC4/UART_SPI_UART.c ****     * Function Name: UART_SpiUartPutArray
 321:Generated_Source\PSoC4/UART_SPI_UART.c ****     ****************************************************************************//**
 322:Generated_Source\PSoC4/UART_SPI_UART.c ****     *
 323:Generated_Source\PSoC4/UART_SPI_UART.c ****     *  Places an array of data into the transmit buffer to be sent.
 324:Generated_Source\PSoC4/UART_SPI_UART.c ****     *  This function is blocking and waits until there is a space available to put
 325:Generated_Source\PSoC4/UART_SPI_UART.c ****     *  all the requested data in the transmit buffer. The array size can be greater
 326:Generated_Source\PSoC4/UART_SPI_UART.c ****     *  than transmit buffer size.
 327:Generated_Source\PSoC4/UART_SPI_UART.c ****     *
 328:Generated_Source\PSoC4/UART_SPI_UART.c ****     * \param wrBuf: pointer to an array of data to be placed in transmit buffer. 
 329:Generated_Source\PSoC4/UART_SPI_UART.c ****     *  The width of the data to be transmitted depends on TX data width selection 
 330:Generated_Source\PSoC4/UART_SPI_UART.c ****     *  (the data bit counting starts from LSB for each array element).
 331:Generated_Source\PSoC4/UART_SPI_UART.c ****     * \param count: number of data elements to be placed in the transmit buffer.
 332:Generated_Source\PSoC4/UART_SPI_UART.c ****     *
 333:Generated_Source\PSoC4/UART_SPI_UART.c ****     * \globalvars
 334:Generated_Source\PSoC4/UART_SPI_UART.c ****     *  UART_txBufferHead - the start index to put data into the 
 335:Generated_Source\PSoC4/UART_SPI_UART.c ****     *  software transmit buffer.
 336:Generated_Source\PSoC4/UART_SPI_UART.c ****     *  UART_txBufferTail - start index to get data from the software
 337:Generated_Source\PSoC4/UART_SPI_UART.c ****     *  transmit buffer.
 338:Generated_Source\PSoC4/UART_SPI_UART.c ****     *
 339:Generated_Source\PSoC4/UART_SPI_UART.c ****     *******************************************************************************/
 340:Generated_Source\PSoC4/UART_SPI_UART.c ****     void UART_SpiUartPutArray(const uint8 wrBuf[], uint32 count)
 341:Generated_Source\PSoC4/UART_SPI_UART.c ****     {
 156              		.loc 1 341 0
 157              		.cfi_startproc
 158              		@ args = 0, pretend = 0, frame = 0
 159              		@ frame_needed = 0, uses_anonymous_args = 0
 160              	.LVL4:
 161 0000 70B5     		push	{r4, r5, r6, lr}
 162              		.cfi_def_cfa_offset 16
 163              		.cfi_offset 4, -16
 164              		.cfi_offset 5, -12
 165              		.cfi_offset 6, -8
 166              		.cfi_offset 14, -4
 167 0002 0600     		movs	r6, r0
 168 0004 0D00     		movs	r5, r1
 169              	.LVL5:
 342:Generated_Source\PSoC4/UART_SPI_UART.c ****         uint32 i;
 343:Generated_Source\PSoC4/UART_SPI_UART.c **** 
 344:Generated_Source\PSoC4/UART_SPI_UART.c ****         for (i=0u; i < count; i++)
ARM GAS  C:\Users\VIDEOH~1\AppData\Local\Temp\cczJOQLJ.s 			page 10


 170              		.loc 1 344 0
 171 0006 0024     		movs	r4, #0
 172 0008 03E0     		b	.L15
 173              	.LVL6:
 174              	.L16:
 345:Generated_Source\PSoC4/UART_SPI_UART.c ****         {
 346:Generated_Source\PSoC4/UART_SPI_UART.c ****             UART_SpiUartWriteTxData((uint32) wrBuf[i]);
 175              		.loc 1 346 0 discriminator 3
 176 000a 305D     		ldrb	r0, [r6, r4]
 177 000c FFF7FEFF 		bl	UART_SpiUartWriteTxData
 178              	.LVL7:
 344:Generated_Source\PSoC4/UART_SPI_UART.c ****         {
 179              		.loc 1 344 0 discriminator 3
 180 0010 0134     		adds	r4, r4, #1
 181              	.LVL8:
 182              	.L15:
 344:Generated_Source\PSoC4/UART_SPI_UART.c ****         {
 183              		.loc 1 344 0 is_stmt 0 discriminator 1
 184 0012 AC42     		cmp	r4, r5
 185 0014 F9D3     		bcc	.L16
 347:Generated_Source\PSoC4/UART_SPI_UART.c ****         }
 348:Generated_Source\PSoC4/UART_SPI_UART.c ****     }
 186              		.loc 1 348 0 is_stmt 1
 187              		@ sp needed
 188              	.LVL9:
 189              	.LVL10:
 190              	.LVL11:
 191 0016 70BD     		pop	{r4, r5, r6, pc}
 192              		.cfi_endproc
 193              	.LFE4:
 194              		.size	UART_SpiUartPutArray, .-UART_SpiUartPutArray
 195              		.section	.text.UART_SpiUartGetTxBufferSize,"ax",%progbits
 196              		.align	2
 197              		.global	UART_SpiUartGetTxBufferSize
 198              		.code	16
 199              		.thumb_func
 200              		.type	UART_SpiUartGetTxBufferSize, %function
 201              	UART_SpiUartGetTxBufferSize:
 202              	.LFB5:
 349:Generated_Source\PSoC4/UART_SPI_UART.c **** 
 350:Generated_Source\PSoC4/UART_SPI_UART.c **** 
 351:Generated_Source\PSoC4/UART_SPI_UART.c ****     /*******************************************************************************
 352:Generated_Source\PSoC4/UART_SPI_UART.c ****     * Function Name: UART_SpiUartGetTxBufferSize
 353:Generated_Source\PSoC4/UART_SPI_UART.c ****     ****************************************************************************//**
 354:Generated_Source\PSoC4/UART_SPI_UART.c ****     *
 355:Generated_Source\PSoC4/UART_SPI_UART.c ****     *  Returns the number of elements currently in the transmit buffer.
 356:Generated_Source\PSoC4/UART_SPI_UART.c ****     *   - TX software buffer is disabled: returns the number of used entries in
 357:Generated_Source\PSoC4/UART_SPI_UART.c ****     *     TX FIFO.
 358:Generated_Source\PSoC4/UART_SPI_UART.c ****     *   - TX software buffer is enabled: returns the number of elements currently
 359:Generated_Source\PSoC4/UART_SPI_UART.c ****     *     used in the transmit buffer. This number does not include used entries in
 360:Generated_Source\PSoC4/UART_SPI_UART.c ****     *     the TX FIFO. The transmit buffer size is zero until the TX FIFO is
 361:Generated_Source\PSoC4/UART_SPI_UART.c ****     *     not full.
 362:Generated_Source\PSoC4/UART_SPI_UART.c ****     *
 363:Generated_Source\PSoC4/UART_SPI_UART.c ****     * \return
 364:Generated_Source\PSoC4/UART_SPI_UART.c ****     *  Number of data elements ready to transmit.
 365:Generated_Source\PSoC4/UART_SPI_UART.c ****     *
 366:Generated_Source\PSoC4/UART_SPI_UART.c ****     * \globalvars
ARM GAS  C:\Users\VIDEOH~1\AppData\Local\Temp\cczJOQLJ.s 			page 11


 367:Generated_Source\PSoC4/UART_SPI_UART.c ****     *  UART_txBufferHead - the start index to put data into the 
 368:Generated_Source\PSoC4/UART_SPI_UART.c ****     *  software transmit buffer.
 369:Generated_Source\PSoC4/UART_SPI_UART.c ****     *  UART_txBufferTail - start index to get data from the software
 370:Generated_Source\PSoC4/UART_SPI_UART.c ****     *  transmit buffer.
 371:Generated_Source\PSoC4/UART_SPI_UART.c ****     *
 372:Generated_Source\PSoC4/UART_SPI_UART.c ****     *******************************************************************************/
 373:Generated_Source\PSoC4/UART_SPI_UART.c ****     uint32 UART_SpiUartGetTxBufferSize(void)
 374:Generated_Source\PSoC4/UART_SPI_UART.c ****     {
 203              		.loc 1 374 0
 204              		.cfi_startproc
 205              		@ args = 0, pretend = 0, frame = 0
 206              		@ frame_needed = 0, uses_anonymous_args = 0
 207              		@ link register save eliminated.
 375:Generated_Source\PSoC4/UART_SPI_UART.c ****         uint32 size;
 376:Generated_Source\PSoC4/UART_SPI_UART.c ****     #if (UART_INTERNAL_TX_SW_BUFFER_CONST)
 377:Generated_Source\PSoC4/UART_SPI_UART.c ****         uint32 locTail;
 378:Generated_Source\PSoC4/UART_SPI_UART.c ****     #endif /* (UART_INTERNAL_TX_SW_BUFFER_CONST) */
 379:Generated_Source\PSoC4/UART_SPI_UART.c **** 
 380:Generated_Source\PSoC4/UART_SPI_UART.c ****         #if (UART_CHECK_TX_SW_BUFFER)
 381:Generated_Source\PSoC4/UART_SPI_UART.c ****         {
 382:Generated_Source\PSoC4/UART_SPI_UART.c ****             /* Get current Tail index */
 383:Generated_Source\PSoC4/UART_SPI_UART.c ****             locTail = UART_txBufferTail;
 384:Generated_Source\PSoC4/UART_SPI_UART.c **** 
 385:Generated_Source\PSoC4/UART_SPI_UART.c ****             if (UART_txBufferHead >= locTail)
 386:Generated_Source\PSoC4/UART_SPI_UART.c ****             {
 387:Generated_Source\PSoC4/UART_SPI_UART.c ****                 size = (UART_txBufferHead - locTail);
 388:Generated_Source\PSoC4/UART_SPI_UART.c ****             }
 389:Generated_Source\PSoC4/UART_SPI_UART.c ****             else
 390:Generated_Source\PSoC4/UART_SPI_UART.c ****             {
 391:Generated_Source\PSoC4/UART_SPI_UART.c ****                 size = (UART_txBufferHead + (UART_TX_BUFFER_SIZE - locTail));
 392:Generated_Source\PSoC4/UART_SPI_UART.c ****             }
 393:Generated_Source\PSoC4/UART_SPI_UART.c ****         }
 394:Generated_Source\PSoC4/UART_SPI_UART.c ****         #else
 395:Generated_Source\PSoC4/UART_SPI_UART.c ****         {
 396:Generated_Source\PSoC4/UART_SPI_UART.c ****             size = UART_GET_TX_FIFO_ENTRIES;
 208              		.loc 1 396 0
 209 0000 024B     		ldr	r3, .L18
 210 0002 1B68     		ldr	r3, [r3]
 211 0004 0F20     		movs	r0, #15
 212 0006 1840     		ands	r0, r3
 213              	.LVL12:
 397:Generated_Source\PSoC4/UART_SPI_UART.c ****         }
 398:Generated_Source\PSoC4/UART_SPI_UART.c ****         #endif
 399:Generated_Source\PSoC4/UART_SPI_UART.c **** 
 400:Generated_Source\PSoC4/UART_SPI_UART.c ****         return (size);
 401:Generated_Source\PSoC4/UART_SPI_UART.c ****     }
 214              		.loc 1 401 0
 215              		@ sp needed
 216 0008 7047     		bx	lr
 217              	.L19:
 218 000a C046     		.align	2
 219              	.L18:
 220 000c 08020640 		.word	1074135560
 221              		.cfi_endproc
 222              	.LFE5:
 223              		.size	UART_SpiUartGetTxBufferSize, .-UART_SpiUartGetTxBufferSize
 224              		.section	.text.UART_SpiUartClearTxBuffer,"ax",%progbits
ARM GAS  C:\Users\VIDEOH~1\AppData\Local\Temp\cczJOQLJ.s 			page 12


 225              		.align	2
 226              		.global	UART_SpiUartClearTxBuffer
 227              		.code	16
 228              		.thumb_func
 229              		.type	UART_SpiUartClearTxBuffer, %function
 230              	UART_SpiUartClearTxBuffer:
 231              	.LFB6:
 402:Generated_Source\PSoC4/UART_SPI_UART.c **** 
 403:Generated_Source\PSoC4/UART_SPI_UART.c **** 
 404:Generated_Source\PSoC4/UART_SPI_UART.c ****     /*******************************************************************************
 405:Generated_Source\PSoC4/UART_SPI_UART.c ****     * Function Name: UART_SpiUartClearTxBuffer
 406:Generated_Source\PSoC4/UART_SPI_UART.c ****     ****************************************************************************//**
 407:Generated_Source\PSoC4/UART_SPI_UART.c ****     *
 408:Generated_Source\PSoC4/UART_SPI_UART.c ****     *  Clears the transmit buffer and TX FIFO.
 409:Generated_Source\PSoC4/UART_SPI_UART.c ****     *
 410:Generated_Source\PSoC4/UART_SPI_UART.c ****     * \globalvars
 411:Generated_Source\PSoC4/UART_SPI_UART.c ****     *  UART_txBufferHead - the start index to put data into the 
 412:Generated_Source\PSoC4/UART_SPI_UART.c ****     *  software transmit buffer.
 413:Generated_Source\PSoC4/UART_SPI_UART.c ****     *  UART_txBufferTail - start index to get data from the software
 414:Generated_Source\PSoC4/UART_SPI_UART.c ****     *  transmit buffer.
 415:Generated_Source\PSoC4/UART_SPI_UART.c ****     *
 416:Generated_Source\PSoC4/UART_SPI_UART.c ****     *******************************************************************************/
 417:Generated_Source\PSoC4/UART_SPI_UART.c ****     void UART_SpiUartClearTxBuffer(void)
 418:Generated_Source\PSoC4/UART_SPI_UART.c ****     {
 232              		.loc 1 418 0
 233              		.cfi_startproc
 234              		@ args = 0, pretend = 0, frame = 0
 235              		@ frame_needed = 0, uses_anonymous_args = 0
 236              		@ link register save eliminated.
 419:Generated_Source\PSoC4/UART_SPI_UART.c ****         #if (UART_CHECK_TX_SW_BUFFER)
 420:Generated_Source\PSoC4/UART_SPI_UART.c ****         {
 421:Generated_Source\PSoC4/UART_SPI_UART.c ****             /* Lock from component interruption */
 422:Generated_Source\PSoC4/UART_SPI_UART.c ****             UART_DisableInt();
 423:Generated_Source\PSoC4/UART_SPI_UART.c **** 
 424:Generated_Source\PSoC4/UART_SPI_UART.c ****             /* Flush TX software buffer */
 425:Generated_Source\PSoC4/UART_SPI_UART.c ****             UART_txBufferHead = UART_txBufferTail;
 426:Generated_Source\PSoC4/UART_SPI_UART.c **** 
 427:Generated_Source\PSoC4/UART_SPI_UART.c ****             UART_INTR_TX_MASK_REG &= (uint32) ~UART_INTR_TX_NOT_FULL;
 428:Generated_Source\PSoC4/UART_SPI_UART.c ****             UART_CLEAR_TX_FIFO;
 429:Generated_Source\PSoC4/UART_SPI_UART.c ****             UART_ClearTxInterruptSource(UART_INTR_TX_ALL);
 430:Generated_Source\PSoC4/UART_SPI_UART.c **** 
 431:Generated_Source\PSoC4/UART_SPI_UART.c ****             /* Release lock */
 432:Generated_Source\PSoC4/UART_SPI_UART.c ****             UART_EnableInt();
 433:Generated_Source\PSoC4/UART_SPI_UART.c ****         }
 434:Generated_Source\PSoC4/UART_SPI_UART.c ****         #else
 435:Generated_Source\PSoC4/UART_SPI_UART.c ****         {
 436:Generated_Source\PSoC4/UART_SPI_UART.c ****             UART_CLEAR_TX_FIFO;
 237              		.loc 1 436 0
 238 0000 054B     		ldr	r3, .L21
 239 0002 1A68     		ldr	r2, [r3]
 240 0004 8021     		movs	r1, #128
 241 0006 4902     		lsls	r1, r1, #9
 242 0008 0A43     		orrs	r2, r1
 243 000a 1A60     		str	r2, [r3]
 244 000c 1968     		ldr	r1, [r3]
 245 000e 034A     		ldr	r2, .L21+4
 246 0010 0A40     		ands	r2, r1
ARM GAS  C:\Users\VIDEOH~1\AppData\Local\Temp\cczJOQLJ.s 			page 13


 247 0012 1A60     		str	r2, [r3]
 437:Generated_Source\PSoC4/UART_SPI_UART.c ****         }
 438:Generated_Source\PSoC4/UART_SPI_UART.c ****         #endif
 439:Generated_Source\PSoC4/UART_SPI_UART.c ****     }
 248              		.loc 1 439 0
 249              		@ sp needed
 250 0014 7047     		bx	lr
 251              	.L22:
 252 0016 C046     		.align	2
 253              	.L21:
 254 0018 04020640 		.word	1074135556
 255 001c FFFFFEFF 		.word	-65537
 256              		.cfi_endproc
 257              	.LFE6:
 258              		.size	UART_SpiUartClearTxBuffer, .-UART_SpiUartClearTxBuffer
 259              		.section	.text.UART_SpiUartDisableIntRx,"ax",%progbits
 260              		.align	2
 261              		.global	UART_SpiUartDisableIntRx
 262              		.code	16
 263              		.thumb_func
 264              		.type	UART_SpiUartDisableIntRx, %function
 265              	UART_SpiUartDisableIntRx:
 266              	.LFB7:
 440:Generated_Source\PSoC4/UART_SPI_UART.c **** 
 441:Generated_Source\PSoC4/UART_SPI_UART.c **** #endif /* (UART_TX_DIRECTION) */
 442:Generated_Source\PSoC4/UART_SPI_UART.c **** 
 443:Generated_Source\PSoC4/UART_SPI_UART.c **** 
 444:Generated_Source\PSoC4/UART_SPI_UART.c **** /*******************************************************************************
 445:Generated_Source\PSoC4/UART_SPI_UART.c **** * Function Name: UART_SpiUartDisableIntRx
 446:Generated_Source\PSoC4/UART_SPI_UART.c **** ****************************************************************************//**
 447:Generated_Source\PSoC4/UART_SPI_UART.c **** *
 448:Generated_Source\PSoC4/UART_SPI_UART.c **** *  Disables the RX interrupt sources.
 449:Generated_Source\PSoC4/UART_SPI_UART.c **** *
 450:Generated_Source\PSoC4/UART_SPI_UART.c **** *  \return
 451:Generated_Source\PSoC4/UART_SPI_UART.c **** *   Returns the RX interrupt sources enabled before the function call.
 452:Generated_Source\PSoC4/UART_SPI_UART.c **** *
 453:Generated_Source\PSoC4/UART_SPI_UART.c **** *******************************************************************************/
 454:Generated_Source\PSoC4/UART_SPI_UART.c **** uint32 UART_SpiUartDisableIntRx(void)
 455:Generated_Source\PSoC4/UART_SPI_UART.c **** {
 267              		.loc 1 455 0
 268              		.cfi_startproc
 269              		@ args = 0, pretend = 0, frame = 0
 270              		@ frame_needed = 0, uses_anonymous_args = 0
 271              		@ link register save eliminated.
 456:Generated_Source\PSoC4/UART_SPI_UART.c ****     uint32 intSource;
 457:Generated_Source\PSoC4/UART_SPI_UART.c **** 
 458:Generated_Source\PSoC4/UART_SPI_UART.c ****     intSource = UART_GetRxInterruptMode();
 272              		.loc 1 458 0
 273 0000 024B     		ldr	r3, .L24
 274 0002 1868     		ldr	r0, [r3]
 275              	.LVL13:
 459:Generated_Source\PSoC4/UART_SPI_UART.c **** 
 460:Generated_Source\PSoC4/UART_SPI_UART.c ****     UART_SetRxInterruptMode(UART_NO_INTR_SOURCES);
 276              		.loc 1 460 0
 277 0004 0022     		movs	r2, #0
 278 0006 1A60     		str	r2, [r3]
 461:Generated_Source\PSoC4/UART_SPI_UART.c **** 
ARM GAS  C:\Users\VIDEOH~1\AppData\Local\Temp\cczJOQLJ.s 			page 14


 462:Generated_Source\PSoC4/UART_SPI_UART.c ****     return (intSource);
 463:Generated_Source\PSoC4/UART_SPI_UART.c **** }
 279              		.loc 1 463 0
 280              		@ sp needed
 281 0008 7047     		bx	lr
 282              	.L25:
 283 000a C046     		.align	2
 284              	.L24:
 285 000c C80F0640 		.word	1074139080
 286              		.cfi_endproc
 287              	.LFE7:
 288              		.size	UART_SpiUartDisableIntRx, .-UART_SpiUartDisableIntRx
 289              		.section	.text.UART_SpiUartDisableIntTx,"ax",%progbits
 290              		.align	2
 291              		.global	UART_SpiUartDisableIntTx
 292              		.code	16
 293              		.thumb_func
 294              		.type	UART_SpiUartDisableIntTx, %function
 295              	UART_SpiUartDisableIntTx:
 296              	.LFB8:
 464:Generated_Source\PSoC4/UART_SPI_UART.c **** 
 465:Generated_Source\PSoC4/UART_SPI_UART.c **** 
 466:Generated_Source\PSoC4/UART_SPI_UART.c **** /*******************************************************************************
 467:Generated_Source\PSoC4/UART_SPI_UART.c **** * Function Name: UART_SpiUartDisableIntTx
 468:Generated_Source\PSoC4/UART_SPI_UART.c **** ****************************************************************************//**
 469:Generated_Source\PSoC4/UART_SPI_UART.c **** *
 470:Generated_Source\PSoC4/UART_SPI_UART.c **** *  Disables TX interrupt sources.
 471:Generated_Source\PSoC4/UART_SPI_UART.c **** *
 472:Generated_Source\PSoC4/UART_SPI_UART.c **** *  \return
 473:Generated_Source\PSoC4/UART_SPI_UART.c **** *   Returns TX interrupt sources enabled before function call.
 474:Generated_Source\PSoC4/UART_SPI_UART.c **** *
 475:Generated_Source\PSoC4/UART_SPI_UART.c **** *******************************************************************************/
 476:Generated_Source\PSoC4/UART_SPI_UART.c **** uint32 UART_SpiUartDisableIntTx(void)
 477:Generated_Source\PSoC4/UART_SPI_UART.c **** {
 297              		.loc 1 477 0
 298              		.cfi_startproc
 299              		@ args = 0, pretend = 0, frame = 0
 300              		@ frame_needed = 0, uses_anonymous_args = 0
 301              		@ link register save eliminated.
 478:Generated_Source\PSoC4/UART_SPI_UART.c ****     uint32 intSourceMask;
 479:Generated_Source\PSoC4/UART_SPI_UART.c **** 
 480:Generated_Source\PSoC4/UART_SPI_UART.c ****     intSourceMask = UART_GetTxInterruptMode();
 302              		.loc 1 480 0
 303 0000 024B     		ldr	r3, .L27
 304 0002 1868     		ldr	r0, [r3]
 305              	.LVL14:
 481:Generated_Source\PSoC4/UART_SPI_UART.c **** 
 482:Generated_Source\PSoC4/UART_SPI_UART.c ****     UART_SetTxInterruptMode(UART_NO_INTR_SOURCES);
 306              		.loc 1 482 0
 307 0004 0022     		movs	r2, #0
 308 0006 1A60     		str	r2, [r3]
 483:Generated_Source\PSoC4/UART_SPI_UART.c **** 
 484:Generated_Source\PSoC4/UART_SPI_UART.c ****     return (intSourceMask);
 485:Generated_Source\PSoC4/UART_SPI_UART.c **** }
 309              		.loc 1 485 0
 310              		@ sp needed
 311 0008 7047     		bx	lr
ARM GAS  C:\Users\VIDEOH~1\AppData\Local\Temp\cczJOQLJ.s 			page 15


 312              	.L28:
 313 000a C046     		.align	2
 314              	.L27:
 315 000c 880F0640 		.word	1074139016
 316              		.cfi_endproc
 317              	.LFE8:
 318              		.size	UART_SpiUartDisableIntTx, .-UART_SpiUartDisableIntTx
 319              		.text
 320              	.Letext0:
 321              		.file 2 "Generated_Source\\PSoC4/cytypes.h"
 322              		.section	.debug_info,"",%progbits
 323              	.Ldebug_info0:
 324 0000 15020000 		.4byte	0x215
 325 0004 0400     		.2byte	0x4
 326 0006 00000000 		.4byte	.Ldebug_abbrev0
 327 000a 04       		.byte	0x4
 328 000b 01       		.uleb128 0x1
 329 000c 33000000 		.4byte	.LASF32
 330 0010 0C       		.byte	0xc
 331 0011 38020000 		.4byte	.LASF33
 332 0015 A8010000 		.4byte	.LASF34
 333 0019 00000000 		.4byte	.Ldebug_ranges0+0
 334 001d 00000000 		.4byte	0
 335 0021 00000000 		.4byte	.Ldebug_line0
 336 0025 02       		.uleb128 0x2
 337 0026 01       		.byte	0x1
 338 0027 06       		.byte	0x6
 339 0028 9E020000 		.4byte	.LASF0
 340 002c 02       		.uleb128 0x2
 341 002d 01       		.byte	0x1
 342 002e 08       		.byte	0x8
 343 002f 2E010000 		.4byte	.LASF1
 344 0033 02       		.uleb128 0x2
 345 0034 02       		.byte	0x2
 346 0035 05       		.byte	0x5
 347 0036 2E020000 		.4byte	.LASF2
 348 003a 02       		.uleb128 0x2
 349 003b 02       		.byte	0x2
 350 003c 07       		.byte	0x7
 351 003d 13000000 		.4byte	.LASF3
 352 0041 02       		.uleb128 0x2
 353 0042 04       		.byte	0x4
 354 0043 05       		.byte	0x5
 355 0044 76020000 		.4byte	.LASF4
 356 0048 02       		.uleb128 0x2
 357 0049 04       		.byte	0x4
 358 004a 07       		.byte	0x7
 359 004b 09010000 		.4byte	.LASF5
 360 004f 02       		.uleb128 0x2
 361 0050 08       		.byte	0x8
 362 0051 05       		.byte	0x5
 363 0052 EC010000 		.4byte	.LASF6
 364 0056 02       		.uleb128 0x2
 365 0057 08       		.byte	0x8
 366 0058 07       		.byte	0x7
 367 0059 91010000 		.4byte	.LASF7
 368 005d 03       		.uleb128 0x3
ARM GAS  C:\Users\VIDEOH~1\AppData\Local\Temp\cczJOQLJ.s 			page 16


 369 005e 04       		.byte	0x4
 370 005f 05       		.byte	0x5
 371 0060 696E7400 		.ascii	"int\000"
 372 0064 02       		.uleb128 0x2
 373 0065 04       		.byte	0x4
 374 0066 07       		.byte	0x7
 375 0067 26000000 		.4byte	.LASF8
 376 006b 04       		.uleb128 0x4
 377 006c 1B010000 		.4byte	.LASF9
 378 0070 02       		.byte	0x2
 379 0071 E401     		.2byte	0x1e4
 380 0073 2C000000 		.4byte	0x2c
 381 0077 04       		.uleb128 0x4
 382 0078 43010000 		.4byte	.LASF10
 383 007c 02       		.byte	0x2
 384 007d E601     		.2byte	0x1e6
 385 007f 48000000 		.4byte	0x48
 386 0083 02       		.uleb128 0x2
 387 0084 04       		.byte	0x4
 388 0085 04       		.byte	0x4
 389 0086 E5000000 		.4byte	.LASF11
 390 008a 02       		.uleb128 0x2
 391 008b 08       		.byte	0x8
 392 008c 04       		.byte	0x4
 393 008d 3C010000 		.4byte	.LASF12
 394 0091 02       		.uleb128 0x2
 395 0092 01       		.byte	0x1
 396 0093 08       		.byte	0x8
 397 0094 7F020000 		.4byte	.LASF13
 398 0098 04       		.uleb128 0x4
 399 0099 00000000 		.4byte	.LASF14
 400 009d 02       		.byte	0x2
 401 009e 9002     		.2byte	0x290
 402 00a0 A4000000 		.4byte	0xa4
 403 00a4 05       		.uleb128 0x5
 404 00a5 77000000 		.4byte	0x77
 405 00a9 02       		.uleb128 0x2
 406 00aa 04       		.byte	0x4
 407 00ab 07       		.byte	0x7
 408 00ac E3010000 		.4byte	.LASF15
 409 00b0 06       		.uleb128 0x6
 410 00b1 5F020000 		.4byte	.LASF16
 411 00b5 01       		.byte	0x1
 412 00b6 53       		.byte	0x53
 413 00b7 77000000 		.4byte	0x77
 414 00bb 00000000 		.4byte	.LFB0
 415 00bf 0C000000 		.4byte	.LFE0-.LFB0
 416 00c3 01       		.uleb128 0x1
 417 00c4 9C       		.byte	0x9c
 418 00c5 D9000000 		.4byte	0xd9
 419 00c9 07       		.uleb128 0x7
 420 00ca 21010000 		.4byte	.LASF18
 421 00ce 01       		.byte	0x1
 422 00cf 55       		.byte	0x55
 423 00d0 77000000 		.4byte	0x77
 424 00d4 00000000 		.4byte	.LLST0
 425 00d8 00       		.byte	0
ARM GAS  C:\Users\VIDEOH~1\AppData\Local\Temp\cczJOQLJ.s 			page 17


 426 00d9 06       		.uleb128 0x6
 427 00da AA020000 		.4byte	.LASF17
 428 00de 01       		.byte	0x1
 429 00df 9D       		.byte	0x9d
 430 00e0 77000000 		.4byte	0x77
 431 00e4 00000000 		.4byte	.LFB1
 432 00e8 10000000 		.4byte	.LFE1-.LFB1
 433 00ec 01       		.uleb128 0x1
 434 00ed 9C       		.byte	0x9c
 435 00ee 00010000 		.4byte	0x100
 436 00f2 08       		.uleb128 0x8
 437 00f3 04010000 		.4byte	.LASF19
 438 00f7 01       		.byte	0x1
 439 00f8 9F       		.byte	0x9f
 440 00f9 77000000 		.4byte	0x77
 441 00fd 01       		.uleb128 0x1
 442 00fe 50       		.byte	0x50
 443 00ff 00       		.byte	0
 444 0100 09       		.uleb128 0x9
 445 0101 84020000 		.4byte	.LASF26
 446 0105 01       		.byte	0x1
 447 0106 C8       		.byte	0xc8
 448 0107 00000000 		.4byte	.LFB2
 449 010b 20000000 		.4byte	.LFE2-.LFB2
 450 010f 01       		.uleb128 0x1
 451 0110 9C       		.byte	0x9c
 452 0111 0A       		.uleb128 0xa
 453 0112 FA010000 		.4byte	.LASF20
 454 0116 01       		.byte	0x1
 455 0117 0101     		.2byte	0x101
 456 0119 00000000 		.4byte	.LFB3
 457 011d 1C000000 		.4byte	.LFE3-.LFB3
 458 0121 01       		.uleb128 0x1
 459 0122 9C       		.byte	0x9c
 460 0123 36010000 		.4byte	0x136
 461 0127 0B       		.uleb128 0xb
 462 0128 0C000000 		.4byte	.LASF22
 463 012c 01       		.byte	0x1
 464 012d 0101     		.2byte	0x101
 465 012f 77000000 		.4byte	0x77
 466 0133 01       		.uleb128 0x1
 467 0134 50       		.byte	0x50
 468 0135 00       		.byte	0
 469 0136 0A       		.uleb128 0xa
 470 0137 64010000 		.4byte	.LASF21
 471 013b 01       		.byte	0x1
 472 013c 5401     		.2byte	0x154
 473 013e 00000000 		.4byte	.LFB4
 474 0142 18000000 		.4byte	.LFE4-.LFB4
 475 0146 01       		.uleb128 0x1
 476 0147 9C       		.byte	0x9c
 477 0148 84010000 		.4byte	0x184
 478 014c 0C       		.uleb128 0xc
 479 014d 28010000 		.4byte	.LASF23
 480 0151 01       		.byte	0x1
 481 0152 5401     		.2byte	0x154
 482 0154 84010000 		.4byte	0x184
ARM GAS  C:\Users\VIDEOH~1\AppData\Local\Temp\cczJOQLJ.s 			page 18


 483 0158 1F000000 		.4byte	.LLST1
 484 015c 0C       		.uleb128 0xc
 485 015d 06000000 		.4byte	.LASF24
 486 0161 01       		.byte	0x1
 487 0162 5401     		.2byte	0x154
 488 0164 77000000 		.4byte	0x77
 489 0168 4B000000 		.4byte	.LLST2
 490 016c 0D       		.uleb128 0xd
 491 016d 6900     		.ascii	"i\000"
 492 016f 01       		.byte	0x1
 493 0170 5601     		.2byte	0x156
 494 0172 77000000 		.4byte	0x77
 495 0176 77000000 		.4byte	.LLST3
 496 017a 0E       		.uleb128 0xe
 497 017b 10000000 		.4byte	.LVL7
 498 017f 11010000 		.4byte	0x111
 499 0183 00       		.byte	0
 500 0184 0F       		.uleb128 0xf
 501 0185 04       		.byte	0x4
 502 0186 8A010000 		.4byte	0x18a
 503 018a 10       		.uleb128 0x10
 504 018b 6B000000 		.4byte	0x6b
 505 018f 11       		.uleb128 0x11
 506 0190 12020000 		.4byte	.LASF25
 507 0194 01       		.byte	0x1
 508 0195 7501     		.2byte	0x175
 509 0197 77000000 		.4byte	0x77
 510 019b 00000000 		.4byte	.LFB5
 511 019f 10000000 		.4byte	.LFE5-.LFB5
 512 01a3 01       		.uleb128 0x1
 513 01a4 9C       		.byte	0x9c
 514 01a5 B8010000 		.4byte	0x1b8
 515 01a9 12       		.uleb128 0x12
 516 01aa 04010000 		.4byte	.LASF19
 517 01ae 01       		.byte	0x1
 518 01af 7701     		.2byte	0x177
 519 01b1 77000000 		.4byte	0x77
 520 01b5 01       		.uleb128 0x1
 521 01b6 50       		.byte	0x50
 522 01b7 00       		.byte	0
 523 01b8 13       		.uleb128 0x13
 524 01b9 4A010000 		.4byte	.LASF27
 525 01bd 01       		.byte	0x1
 526 01be A101     		.2byte	0x1a1
 527 01c0 00000000 		.4byte	.LFB6
 528 01c4 20000000 		.4byte	.LFE6-.LFB6
 529 01c8 01       		.uleb128 0x1
 530 01c9 9C       		.byte	0x9c
 531 01ca 11       		.uleb128 0x11
 532 01cb CC000000 		.4byte	.LASF28
 533 01cf 01       		.byte	0x1
 534 01d0 C601     		.2byte	0x1c6
 535 01d2 77000000 		.4byte	0x77
 536 01d6 00000000 		.4byte	.LFB7
 537 01da 10000000 		.4byte	.LFE7-.LFB7
 538 01de 01       		.uleb128 0x1
 539 01df 9C       		.byte	0x9c
ARM GAS  C:\Users\VIDEOH~1\AppData\Local\Temp\cczJOQLJ.s 			page 19


 540 01e0 F3010000 		.4byte	0x1f3
 541 01e4 12       		.uleb128 0x12
 542 01e5 87010000 		.4byte	.LASF29
 543 01e9 01       		.byte	0x1
 544 01ea C801     		.2byte	0x1c8
 545 01ec 77000000 		.4byte	0x77
 546 01f0 01       		.uleb128 0x1
 547 01f1 50       		.byte	0x50
 548 01f2 00       		.byte	0
 549 01f3 14       		.uleb128 0x14
 550 01f4 EB000000 		.4byte	.LASF30
 551 01f8 01       		.byte	0x1
 552 01f9 DC01     		.2byte	0x1dc
 553 01fb 77000000 		.4byte	0x77
 554 01ff 00000000 		.4byte	.LFB8
 555 0203 10000000 		.4byte	.LFE8-.LFB8
 556 0207 01       		.uleb128 0x1
 557 0208 9C       		.byte	0x9c
 558 0209 12       		.uleb128 0x12
 559 020a 79010000 		.4byte	.LASF31
 560 020e 01       		.byte	0x1
 561 020f DE01     		.2byte	0x1de
 562 0211 77000000 		.4byte	0x77
 563 0215 01       		.uleb128 0x1
 564 0216 50       		.byte	0x50
 565 0217 00       		.byte	0
 566 0218 00       		.byte	0
 567              		.section	.debug_abbrev,"",%progbits
 568              	.Ldebug_abbrev0:
 569 0000 01       		.uleb128 0x1
 570 0001 11       		.uleb128 0x11
 571 0002 01       		.byte	0x1
 572 0003 25       		.uleb128 0x25
 573 0004 0E       		.uleb128 0xe
 574 0005 13       		.uleb128 0x13
 575 0006 0B       		.uleb128 0xb
 576 0007 03       		.uleb128 0x3
 577 0008 0E       		.uleb128 0xe
 578 0009 1B       		.uleb128 0x1b
 579 000a 0E       		.uleb128 0xe
 580 000b 55       		.uleb128 0x55
 581 000c 17       		.uleb128 0x17
 582 000d 11       		.uleb128 0x11
 583 000e 01       		.uleb128 0x1
 584 000f 10       		.uleb128 0x10
 585 0010 17       		.uleb128 0x17
 586 0011 00       		.byte	0
 587 0012 00       		.byte	0
 588 0013 02       		.uleb128 0x2
 589 0014 24       		.uleb128 0x24
 590 0015 00       		.byte	0
 591 0016 0B       		.uleb128 0xb
 592 0017 0B       		.uleb128 0xb
 593 0018 3E       		.uleb128 0x3e
 594 0019 0B       		.uleb128 0xb
 595 001a 03       		.uleb128 0x3
 596 001b 0E       		.uleb128 0xe
ARM GAS  C:\Users\VIDEOH~1\AppData\Local\Temp\cczJOQLJ.s 			page 20


 597 001c 00       		.byte	0
 598 001d 00       		.byte	0
 599 001e 03       		.uleb128 0x3
 600 001f 24       		.uleb128 0x24
 601 0020 00       		.byte	0
 602 0021 0B       		.uleb128 0xb
 603 0022 0B       		.uleb128 0xb
 604 0023 3E       		.uleb128 0x3e
 605 0024 0B       		.uleb128 0xb
 606 0025 03       		.uleb128 0x3
 607 0026 08       		.uleb128 0x8
 608 0027 00       		.byte	0
 609 0028 00       		.byte	0
 610 0029 04       		.uleb128 0x4
 611 002a 16       		.uleb128 0x16
 612 002b 00       		.byte	0
 613 002c 03       		.uleb128 0x3
 614 002d 0E       		.uleb128 0xe
 615 002e 3A       		.uleb128 0x3a
 616 002f 0B       		.uleb128 0xb
 617 0030 3B       		.uleb128 0x3b
 618 0031 05       		.uleb128 0x5
 619 0032 49       		.uleb128 0x49
 620 0033 13       		.uleb128 0x13
 621 0034 00       		.byte	0
 622 0035 00       		.byte	0
 623 0036 05       		.uleb128 0x5
 624 0037 35       		.uleb128 0x35
 625 0038 00       		.byte	0
 626 0039 49       		.uleb128 0x49
 627 003a 13       		.uleb128 0x13
 628 003b 00       		.byte	0
 629 003c 00       		.byte	0
 630 003d 06       		.uleb128 0x6
 631 003e 2E       		.uleb128 0x2e
 632 003f 01       		.byte	0x1
 633 0040 3F       		.uleb128 0x3f
 634 0041 19       		.uleb128 0x19
 635 0042 03       		.uleb128 0x3
 636 0043 0E       		.uleb128 0xe
 637 0044 3A       		.uleb128 0x3a
 638 0045 0B       		.uleb128 0xb
 639 0046 3B       		.uleb128 0x3b
 640 0047 0B       		.uleb128 0xb
 641 0048 27       		.uleb128 0x27
 642 0049 19       		.uleb128 0x19
 643 004a 49       		.uleb128 0x49
 644 004b 13       		.uleb128 0x13
 645 004c 11       		.uleb128 0x11
 646 004d 01       		.uleb128 0x1
 647 004e 12       		.uleb128 0x12
 648 004f 06       		.uleb128 0x6
 649 0050 40       		.uleb128 0x40
 650 0051 18       		.uleb128 0x18
 651 0052 9742     		.uleb128 0x2117
 652 0054 19       		.uleb128 0x19
 653 0055 01       		.uleb128 0x1
ARM GAS  C:\Users\VIDEOH~1\AppData\Local\Temp\cczJOQLJ.s 			page 21


 654 0056 13       		.uleb128 0x13
 655 0057 00       		.byte	0
 656 0058 00       		.byte	0
 657 0059 07       		.uleb128 0x7
 658 005a 34       		.uleb128 0x34
 659 005b 00       		.byte	0
 660 005c 03       		.uleb128 0x3
 661 005d 0E       		.uleb128 0xe
 662 005e 3A       		.uleb128 0x3a
 663 005f 0B       		.uleb128 0xb
 664 0060 3B       		.uleb128 0x3b
 665 0061 0B       		.uleb128 0xb
 666 0062 49       		.uleb128 0x49
 667 0063 13       		.uleb128 0x13
 668 0064 02       		.uleb128 0x2
 669 0065 17       		.uleb128 0x17
 670 0066 00       		.byte	0
 671 0067 00       		.byte	0
 672 0068 08       		.uleb128 0x8
 673 0069 34       		.uleb128 0x34
 674 006a 00       		.byte	0
 675 006b 03       		.uleb128 0x3
 676 006c 0E       		.uleb128 0xe
 677 006d 3A       		.uleb128 0x3a
 678 006e 0B       		.uleb128 0xb
 679 006f 3B       		.uleb128 0x3b
 680 0070 0B       		.uleb128 0xb
 681 0071 49       		.uleb128 0x49
 682 0072 13       		.uleb128 0x13
 683 0073 02       		.uleb128 0x2
 684 0074 18       		.uleb128 0x18
 685 0075 00       		.byte	0
 686 0076 00       		.byte	0
 687 0077 09       		.uleb128 0x9
 688 0078 2E       		.uleb128 0x2e
 689 0079 00       		.byte	0
 690 007a 3F       		.uleb128 0x3f
 691 007b 19       		.uleb128 0x19
 692 007c 03       		.uleb128 0x3
 693 007d 0E       		.uleb128 0xe
 694 007e 3A       		.uleb128 0x3a
 695 007f 0B       		.uleb128 0xb
 696 0080 3B       		.uleb128 0x3b
 697 0081 0B       		.uleb128 0xb
 698 0082 27       		.uleb128 0x27
 699 0083 19       		.uleb128 0x19
 700 0084 11       		.uleb128 0x11
 701 0085 01       		.uleb128 0x1
 702 0086 12       		.uleb128 0x12
 703 0087 06       		.uleb128 0x6
 704 0088 40       		.uleb128 0x40
 705 0089 18       		.uleb128 0x18
 706 008a 9742     		.uleb128 0x2117
 707 008c 19       		.uleb128 0x19
 708 008d 00       		.byte	0
 709 008e 00       		.byte	0
 710 008f 0A       		.uleb128 0xa
ARM GAS  C:\Users\VIDEOH~1\AppData\Local\Temp\cczJOQLJ.s 			page 22


 711 0090 2E       		.uleb128 0x2e
 712 0091 01       		.byte	0x1
 713 0092 3F       		.uleb128 0x3f
 714 0093 19       		.uleb128 0x19
 715 0094 03       		.uleb128 0x3
 716 0095 0E       		.uleb128 0xe
 717 0096 3A       		.uleb128 0x3a
 718 0097 0B       		.uleb128 0xb
 719 0098 3B       		.uleb128 0x3b
 720 0099 05       		.uleb128 0x5
 721 009a 27       		.uleb128 0x27
 722 009b 19       		.uleb128 0x19
 723 009c 11       		.uleb128 0x11
 724 009d 01       		.uleb128 0x1
 725 009e 12       		.uleb128 0x12
 726 009f 06       		.uleb128 0x6
 727 00a0 40       		.uleb128 0x40
 728 00a1 18       		.uleb128 0x18
 729 00a2 9742     		.uleb128 0x2117
 730 00a4 19       		.uleb128 0x19
 731 00a5 01       		.uleb128 0x1
 732 00a6 13       		.uleb128 0x13
 733 00a7 00       		.byte	0
 734 00a8 00       		.byte	0
 735 00a9 0B       		.uleb128 0xb
 736 00aa 05       		.uleb128 0x5
 737 00ab 00       		.byte	0
 738 00ac 03       		.uleb128 0x3
 739 00ad 0E       		.uleb128 0xe
 740 00ae 3A       		.uleb128 0x3a
 741 00af 0B       		.uleb128 0xb
 742 00b0 3B       		.uleb128 0x3b
 743 00b1 05       		.uleb128 0x5
 744 00b2 49       		.uleb128 0x49
 745 00b3 13       		.uleb128 0x13
 746 00b4 02       		.uleb128 0x2
 747 00b5 18       		.uleb128 0x18
 748 00b6 00       		.byte	0
 749 00b7 00       		.byte	0
 750 00b8 0C       		.uleb128 0xc
 751 00b9 05       		.uleb128 0x5
 752 00ba 00       		.byte	0
 753 00bb 03       		.uleb128 0x3
 754 00bc 0E       		.uleb128 0xe
 755 00bd 3A       		.uleb128 0x3a
 756 00be 0B       		.uleb128 0xb
 757 00bf 3B       		.uleb128 0x3b
 758 00c0 05       		.uleb128 0x5
 759 00c1 49       		.uleb128 0x49
 760 00c2 13       		.uleb128 0x13
 761 00c3 02       		.uleb128 0x2
 762 00c4 17       		.uleb128 0x17
 763 00c5 00       		.byte	0
 764 00c6 00       		.byte	0
 765 00c7 0D       		.uleb128 0xd
 766 00c8 34       		.uleb128 0x34
 767 00c9 00       		.byte	0
ARM GAS  C:\Users\VIDEOH~1\AppData\Local\Temp\cczJOQLJ.s 			page 23


 768 00ca 03       		.uleb128 0x3
 769 00cb 08       		.uleb128 0x8
 770 00cc 3A       		.uleb128 0x3a
 771 00cd 0B       		.uleb128 0xb
 772 00ce 3B       		.uleb128 0x3b
 773 00cf 05       		.uleb128 0x5
 774 00d0 49       		.uleb128 0x49
 775 00d1 13       		.uleb128 0x13
 776 00d2 02       		.uleb128 0x2
 777 00d3 17       		.uleb128 0x17
 778 00d4 00       		.byte	0
 779 00d5 00       		.byte	0
 780 00d6 0E       		.uleb128 0xe
 781 00d7 898201   		.uleb128 0x4109
 782 00da 00       		.byte	0
 783 00db 11       		.uleb128 0x11
 784 00dc 01       		.uleb128 0x1
 785 00dd 31       		.uleb128 0x31
 786 00de 13       		.uleb128 0x13
 787 00df 00       		.byte	0
 788 00e0 00       		.byte	0
 789 00e1 0F       		.uleb128 0xf
 790 00e2 0F       		.uleb128 0xf
 791 00e3 00       		.byte	0
 792 00e4 0B       		.uleb128 0xb
 793 00e5 0B       		.uleb128 0xb
 794 00e6 49       		.uleb128 0x49
 795 00e7 13       		.uleb128 0x13
 796 00e8 00       		.byte	0
 797 00e9 00       		.byte	0
 798 00ea 10       		.uleb128 0x10
 799 00eb 26       		.uleb128 0x26
 800 00ec 00       		.byte	0
 801 00ed 49       		.uleb128 0x49
 802 00ee 13       		.uleb128 0x13
 803 00ef 00       		.byte	0
 804 00f0 00       		.byte	0
 805 00f1 11       		.uleb128 0x11
 806 00f2 2E       		.uleb128 0x2e
 807 00f3 01       		.byte	0x1
 808 00f4 3F       		.uleb128 0x3f
 809 00f5 19       		.uleb128 0x19
 810 00f6 03       		.uleb128 0x3
 811 00f7 0E       		.uleb128 0xe
 812 00f8 3A       		.uleb128 0x3a
 813 00f9 0B       		.uleb128 0xb
 814 00fa 3B       		.uleb128 0x3b
 815 00fb 05       		.uleb128 0x5
 816 00fc 27       		.uleb128 0x27
 817 00fd 19       		.uleb128 0x19
 818 00fe 49       		.uleb128 0x49
 819 00ff 13       		.uleb128 0x13
 820 0100 11       		.uleb128 0x11
 821 0101 01       		.uleb128 0x1
 822 0102 12       		.uleb128 0x12
 823 0103 06       		.uleb128 0x6
 824 0104 40       		.uleb128 0x40
ARM GAS  C:\Users\VIDEOH~1\AppData\Local\Temp\cczJOQLJ.s 			page 24


 825 0105 18       		.uleb128 0x18
 826 0106 9742     		.uleb128 0x2117
 827 0108 19       		.uleb128 0x19
 828 0109 01       		.uleb128 0x1
 829 010a 13       		.uleb128 0x13
 830 010b 00       		.byte	0
 831 010c 00       		.byte	0
 832 010d 12       		.uleb128 0x12
 833 010e 34       		.uleb128 0x34
 834 010f 00       		.byte	0
 835 0110 03       		.uleb128 0x3
 836 0111 0E       		.uleb128 0xe
 837 0112 3A       		.uleb128 0x3a
 838 0113 0B       		.uleb128 0xb
 839 0114 3B       		.uleb128 0x3b
 840 0115 05       		.uleb128 0x5
 841 0116 49       		.uleb128 0x49
 842 0117 13       		.uleb128 0x13
 843 0118 02       		.uleb128 0x2
 844 0119 18       		.uleb128 0x18
 845 011a 00       		.byte	0
 846 011b 00       		.byte	0
 847 011c 13       		.uleb128 0x13
 848 011d 2E       		.uleb128 0x2e
 849 011e 00       		.byte	0
 850 011f 3F       		.uleb128 0x3f
 851 0120 19       		.uleb128 0x19
 852 0121 03       		.uleb128 0x3
 853 0122 0E       		.uleb128 0xe
 854 0123 3A       		.uleb128 0x3a
 855 0124 0B       		.uleb128 0xb
 856 0125 3B       		.uleb128 0x3b
 857 0126 05       		.uleb128 0x5
 858 0127 27       		.uleb128 0x27
 859 0128 19       		.uleb128 0x19
 860 0129 11       		.uleb128 0x11
 861 012a 01       		.uleb128 0x1
 862 012b 12       		.uleb128 0x12
 863 012c 06       		.uleb128 0x6
 864 012d 40       		.uleb128 0x40
 865 012e 18       		.uleb128 0x18
 866 012f 9742     		.uleb128 0x2117
 867 0131 19       		.uleb128 0x19
 868 0132 00       		.byte	0
 869 0133 00       		.byte	0
 870 0134 14       		.uleb128 0x14
 871 0135 2E       		.uleb128 0x2e
 872 0136 01       		.byte	0x1
 873 0137 3F       		.uleb128 0x3f
 874 0138 19       		.uleb128 0x19
 875 0139 03       		.uleb128 0x3
 876 013a 0E       		.uleb128 0xe
 877 013b 3A       		.uleb128 0x3a
 878 013c 0B       		.uleb128 0xb
 879 013d 3B       		.uleb128 0x3b
 880 013e 05       		.uleb128 0x5
 881 013f 27       		.uleb128 0x27
ARM GAS  C:\Users\VIDEOH~1\AppData\Local\Temp\cczJOQLJ.s 			page 25


 882 0140 19       		.uleb128 0x19
 883 0141 49       		.uleb128 0x49
 884 0142 13       		.uleb128 0x13
 885 0143 11       		.uleb128 0x11
 886 0144 01       		.uleb128 0x1
 887 0145 12       		.uleb128 0x12
 888 0146 06       		.uleb128 0x6
 889 0147 40       		.uleb128 0x40
 890 0148 18       		.uleb128 0x18
 891 0149 9742     		.uleb128 0x2117
 892 014b 19       		.uleb128 0x19
 893 014c 00       		.byte	0
 894 014d 00       		.byte	0
 895 014e 00       		.byte	0
 896              		.section	.debug_loc,"",%progbits
 897              	.Ldebug_loc0:
 898              	.LLST0:
 899 0000 00000000 		.4byte	.LVL0
 900 0004 04000000 		.4byte	.LVL1
 901 0008 0200     		.2byte	0x2
 902 000a 30       		.byte	0x30
 903 000b 9F       		.byte	0x9f
 904 000c 04000000 		.4byte	.LVL1
 905 0010 0C000000 		.4byte	.LFE0
 906 0014 0100     		.2byte	0x1
 907 0016 50       		.byte	0x50
 908 0017 00000000 		.4byte	0
 909 001b 00000000 		.4byte	0
 910              	.LLST1:
 911 001f 00000000 		.4byte	.LVL4
 912 0023 0A000000 		.4byte	.LVL6
 913 0027 0100     		.2byte	0x1
 914 0029 50       		.byte	0x50
 915 002a 0A000000 		.4byte	.LVL6
 916 002e 16000000 		.4byte	.LVL11
 917 0032 0100     		.2byte	0x1
 918 0034 56       		.byte	0x56
 919 0035 16000000 		.4byte	.LVL11
 920 0039 18000000 		.4byte	.LFE4
 921 003d 0400     		.2byte	0x4
 922 003f F3       		.byte	0xf3
 923 0040 01       		.uleb128 0x1
 924 0041 50       		.byte	0x50
 925 0042 9F       		.byte	0x9f
 926 0043 00000000 		.4byte	0
 927 0047 00000000 		.4byte	0
 928              	.LLST2:
 929 004b 00000000 		.4byte	.LVL4
 930 004f 0A000000 		.4byte	.LVL6
 931 0053 0100     		.2byte	0x1
 932 0055 51       		.byte	0x51
 933 0056 0A000000 		.4byte	.LVL6
 934 005a 16000000 		.4byte	.LVL10
 935 005e 0100     		.2byte	0x1
 936 0060 55       		.byte	0x55
 937 0061 16000000 		.4byte	.LVL10
 938 0065 18000000 		.4byte	.LFE4
ARM GAS  C:\Users\VIDEOH~1\AppData\Local\Temp\cczJOQLJ.s 			page 26


 939 0069 0400     		.2byte	0x4
 940 006b F3       		.byte	0xf3
 941 006c 01       		.uleb128 0x1
 942 006d 51       		.byte	0x51
 943 006e 9F       		.byte	0x9f
 944 006f 00000000 		.4byte	0
 945 0073 00000000 		.4byte	0
 946              	.LLST3:
 947 0077 06000000 		.4byte	.LVL5
 948 007b 0A000000 		.4byte	.LVL6
 949 007f 0200     		.2byte	0x2
 950 0081 30       		.byte	0x30
 951 0082 9F       		.byte	0x9f
 952 0083 0A000000 		.4byte	.LVL6
 953 0087 16000000 		.4byte	.LVL9
 954 008b 0100     		.2byte	0x1
 955 008d 54       		.byte	0x54
 956 008e 00000000 		.4byte	0
 957 0092 00000000 		.4byte	0
 958              		.section	.debug_aranges,"",%progbits
 959 0000 5C000000 		.4byte	0x5c
 960 0004 0200     		.2byte	0x2
 961 0006 00000000 		.4byte	.Ldebug_info0
 962 000a 04       		.byte	0x4
 963 000b 00       		.byte	0
 964 000c 0000     		.2byte	0
 965 000e 0000     		.2byte	0
 966 0010 00000000 		.4byte	.LFB0
 967 0014 0C000000 		.4byte	.LFE0-.LFB0
 968 0018 00000000 		.4byte	.LFB1
 969 001c 10000000 		.4byte	.LFE1-.LFB1
 970 0020 00000000 		.4byte	.LFB2
 971 0024 20000000 		.4byte	.LFE2-.LFB2
 972 0028 00000000 		.4byte	.LFB3
 973 002c 1C000000 		.4byte	.LFE3-.LFB3
 974 0030 00000000 		.4byte	.LFB4
 975 0034 18000000 		.4byte	.LFE4-.LFB4
 976 0038 00000000 		.4byte	.LFB5
 977 003c 10000000 		.4byte	.LFE5-.LFB5
 978 0040 00000000 		.4byte	.LFB6
 979 0044 20000000 		.4byte	.LFE6-.LFB6
 980 0048 00000000 		.4byte	.LFB7
 981 004c 10000000 		.4byte	.LFE7-.LFB7
 982 0050 00000000 		.4byte	.LFB8
 983 0054 10000000 		.4byte	.LFE8-.LFB8
 984 0058 00000000 		.4byte	0
 985 005c 00000000 		.4byte	0
 986              		.section	.debug_ranges,"",%progbits
 987              	.Ldebug_ranges0:
 988 0000 00000000 		.4byte	.LFB0
 989 0004 0C000000 		.4byte	.LFE0
 990 0008 00000000 		.4byte	.LFB1
 991 000c 10000000 		.4byte	.LFE1
 992 0010 00000000 		.4byte	.LFB2
 993 0014 20000000 		.4byte	.LFE2
 994 0018 00000000 		.4byte	.LFB3
 995 001c 1C000000 		.4byte	.LFE3
ARM GAS  C:\Users\VIDEOH~1\AppData\Local\Temp\cczJOQLJ.s 			page 27


 996 0020 00000000 		.4byte	.LFB4
 997 0024 18000000 		.4byte	.LFE4
 998 0028 00000000 		.4byte	.LFB5
 999 002c 10000000 		.4byte	.LFE5
 1000 0030 00000000 		.4byte	.LFB6
 1001 0034 20000000 		.4byte	.LFE6
 1002 0038 00000000 		.4byte	.LFB7
 1003 003c 10000000 		.4byte	.LFE7
 1004 0040 00000000 		.4byte	.LFB8
 1005 0044 10000000 		.4byte	.LFE8
 1006 0048 00000000 		.4byte	0
 1007 004c 00000000 		.4byte	0
 1008              		.section	.debug_line,"",%progbits
 1009              	.Ldebug_line0:
 1010 0000 16010000 		.section	.debug_str,"MS",%progbits,1
 1010      02004A00 
 1010      00000201 
 1010      FB0E0D00 
 1010      01010101 
 1011              	.LASF14:
 1012 0000 72656733 		.ascii	"reg32\000"
 1012      3200
 1013              	.LASF24:
 1014 0006 636F756E 		.ascii	"count\000"
 1014      7400
 1015              	.LASF22:
 1016 000c 74784461 		.ascii	"txData\000"
 1016      746100
 1017              	.LASF3:
 1018 0013 73686F72 		.ascii	"short unsigned int\000"
 1018      7420756E 
 1018      7369676E 
 1018      65642069 
 1018      6E7400
 1019              	.LASF8:
 1020 0026 756E7369 		.ascii	"unsigned int\000"
 1020      676E6564 
 1020      20696E74 
 1020      00
 1021              	.LASF32:
 1022 0033 474E5520 		.ascii	"GNU C99 5.4.1 20160609 (release) [ARM/embedded-5-br"
 1022      43393920 
 1022      352E342E 
 1022      31203230 
 1022      31363036 
 1023 0066 616E6368 		.ascii	"anch revision 237715] -mcpu=cortex-m0 -mthumb -g -O"
 1023      20726576 
 1023      6973696F 
 1023      6E203233 
 1023      37373135 
 1024 0099 67202D73 		.ascii	"g -std=gnu99 -ffunction-sections -ffat-lto-objects\000"
 1024      74643D67 
 1024      6E753939 
 1024      202D6666 
 1024      756E6374 
 1025              	.LASF28:
 1026 00cc 55415254 		.ascii	"UART_SpiUartDisableIntRx\000"
ARM GAS  C:\Users\VIDEOH~1\AppData\Local\Temp\cczJOQLJ.s 			page 28


 1026      5F537069 
 1026      55617274 
 1026      44697361 
 1026      626C6549 
 1027              	.LASF11:
 1028 00e5 666C6F61 		.ascii	"float\000"
 1028      7400
 1029              	.LASF30:
 1030 00eb 55415254 		.ascii	"UART_SpiUartDisableIntTx\000"
 1030      5F537069 
 1030      55617274 
 1030      44697361 
 1030      626C6549 
 1031              	.LASF19:
 1032 0104 73697A65 		.ascii	"size\000"
 1032      00
 1033              	.LASF5:
 1034 0109 6C6F6E67 		.ascii	"long unsigned int\000"
 1034      20756E73 
 1034      69676E65 
 1034      6420696E 
 1034      7400
 1035              	.LASF9:
 1036 011b 75696E74 		.ascii	"uint8\000"
 1036      3800
 1037              	.LASF18:
 1038 0121 72784461 		.ascii	"rxData\000"
 1038      746100
 1039              	.LASF23:
 1040 0128 77724275 		.ascii	"wrBuf\000"
 1040      6600
 1041              	.LASF1:
 1042 012e 756E7369 		.ascii	"unsigned char\000"
 1042      676E6564 
 1042      20636861 
 1042      7200
 1043              	.LASF12:
 1044 013c 646F7562 		.ascii	"double\000"
 1044      6C6500
 1045              	.LASF10:
 1046 0143 75696E74 		.ascii	"uint32\000"
 1046      333200
 1047              	.LASF27:
 1048 014a 55415254 		.ascii	"UART_SpiUartClearTxBuffer\000"
 1048      5F537069 
 1048      55617274 
 1048      436C6561 
 1048      72547842 
 1049              	.LASF21:
 1050 0164 55415254 		.ascii	"UART_SpiUartPutArray\000"
 1050      5F537069 
 1050      55617274 
 1050      50757441 
 1050      72726179 
 1051              	.LASF31:
 1052 0179 696E7453 		.ascii	"intSourceMask\000"
 1052      6F757263 
ARM GAS  C:\Users\VIDEOH~1\AppData\Local\Temp\cczJOQLJ.s 			page 29


 1052      654D6173 
 1052      6B00
 1053              	.LASF29:
 1054 0187 696E7453 		.ascii	"intSource\000"
 1054      6F757263 
 1054      6500
 1055              	.LASF7:
 1056 0191 6C6F6E67 		.ascii	"long long unsigned int\000"
 1056      206C6F6E 
 1056      6720756E 
 1056      7369676E 
 1056      65642069 
 1057              	.LASF34:
 1058 01a8 443A5C31 		.ascii	"D:\\1_work\\my_project\\ReloadPro\\psoc42boot\\Relo"
 1058      5F776F72 
 1058      6B5C6D79 
 1058      5F70726F 
 1058      6A656374 
 1059 01d6 61642050 		.ascii	"ad Pro.cydsn\000"
 1059      726F2E63 
 1059      7964736E 
 1059      00
 1060              	.LASF15:
 1061 01e3 73697A65 		.ascii	"sizetype\000"
 1061      74797065 
 1061      00
 1062              	.LASF6:
 1063 01ec 6C6F6E67 		.ascii	"long long int\000"
 1063      206C6F6E 
 1063      6720696E 
 1063      7400
 1064              	.LASF20:
 1065 01fa 55415254 		.ascii	"UART_SpiUartWriteTxData\000"
 1065      5F537069 
 1065      55617274 
 1065      57726974 
 1065      65547844 
 1066              	.LASF25:
 1067 0212 55415254 		.ascii	"UART_SpiUartGetTxBufferSize\000"
 1067      5F537069 
 1067      55617274 
 1067      47657454 
 1067      78427566 
 1068              	.LASF2:
 1069 022e 73686F72 		.ascii	"short int\000"
 1069      7420696E 
 1069      7400
 1070              	.LASF33:
 1071 0238 47656E65 		.ascii	"Generated_Source\\PSoC4\\UART_SPI_UART.c\000"
 1071      72617465 
 1071      645F536F 
 1071      75726365 
 1071      5C50536F 
 1072              	.LASF16:
 1073 025f 55415254 		.ascii	"UART_SpiUartReadRxData\000"
 1073      5F537069 
 1073      55617274 
ARM GAS  C:\Users\VIDEOH~1\AppData\Local\Temp\cczJOQLJ.s 			page 30


 1073      52656164 
 1073      52784461 
 1074              	.LASF4:
 1075 0276 6C6F6E67 		.ascii	"long int\000"
 1075      20696E74 
 1075      00
 1076              	.LASF13:
 1077 027f 63686172 		.ascii	"char\000"
 1077      00
 1078              	.LASF26:
 1079 0284 55415254 		.ascii	"UART_SpiUartClearRxBuffer\000"
 1079      5F537069 
 1079      55617274 
 1079      436C6561 
 1079      72527842 
 1080              	.LASF0:
 1081 029e 7369676E 		.ascii	"signed char\000"
 1081      65642063 
 1081      68617200 
 1082              	.LASF17:
 1083 02aa 55415254 		.ascii	"UART_SpiUartGetRxBufferSize\000"
 1083      5F537069 
 1083      55617274 
 1083      47657452 
 1083      78427566 
 1084              		.ident	"GCC: (GNU Tools for ARM Embedded Processors) 5.4.1 20160609 (release) [ARM/embedded-5-bran
