ARM GAS  C:\Users\VIDEOH~1\AppData\Local\Temp\ccYkFm2l.s 			page 1


   1              		.syntax unified
   2              		.cpu cortex-m0
   3              		.fpu softvfp
   4              		.eabi_attribute 20, 1
   5              		.eabi_attribute 21, 1
   6              		.eabi_attribute 23, 3
   7              		.eabi_attribute 24, 1
   8              		.eabi_attribute 25, 1
   9              		.eabi_attribute 26, 1
  10              		.eabi_attribute 30, 4
  11              		.eabi_attribute 34, 0
  12              		.eabi_attribute 18, 4
  13              		.thumb
  14              		.syntax unified
  15              		.file	"ADC_PM.c"
  16              		.text
  17              	.Ltext0:
  18              		.cfi_sections	.debug_frame
  19              		.section	.text.ADC_SaveConfig,"ax",%progbits
  20              		.align	1
  21              		.global	ADC_SaveConfig
  22              		.code	16
  23              		.thumb_func
  24              		.type	ADC_SaveConfig, %function
  25              	ADC_SaveConfig:
  26              	.LFB5:
  27              		.cfi_startproc
  28              		@ args = 0, pretend = 0, frame = 0
  29              		@ frame_needed = 0, uses_anonymous_args = 0
  30              		@ link register save eliminated.
  31              		@ sp needed
  32 0000 7047     		bx	lr
  33              		.cfi_endproc
  34              	.LFE5:
  35              		.size	ADC_SaveConfig, .-ADC_SaveConfig
  36              		.section	.text.ADC_RestoreConfig,"ax",%progbits
  37              		.align	1
  38              		.global	ADC_RestoreConfig
  39              		.code	16
  40              		.thumb_func
  41              		.type	ADC_RestoreConfig, %function
  42              	ADC_RestoreConfig:
  43              	.LFB1:
  44              		.file 1 "Generated_Source\\PSoC4\\ADC_PM.c"
   1:Generated_Source\PSoC4/ADC_PM.c **** /*******************************************************************************
   2:Generated_Source\PSoC4/ADC_PM.c **** * File Name: ADC_PM.c
   3:Generated_Source\PSoC4/ADC_PM.c **** * Version 2.50
   4:Generated_Source\PSoC4/ADC_PM.c **** *
   5:Generated_Source\PSoC4/ADC_PM.c **** * Description:
   6:Generated_Source\PSoC4/ADC_PM.c **** *  This file provides Sleep/WakeUp APIs functionality.
   7:Generated_Source\PSoC4/ADC_PM.c **** *
   8:Generated_Source\PSoC4/ADC_PM.c **** * Note:
   9:Generated_Source\PSoC4/ADC_PM.c **** *
  10:Generated_Source\PSoC4/ADC_PM.c **** ********************************************************************************
  11:Generated_Source\PSoC4/ADC_PM.c **** * Copyright 2008-2017, Cypress Semiconductor Corporation.  All rights reserved.
  12:Generated_Source\PSoC4/ADC_PM.c **** * You may use this file only in accordance with the license, terms, conditions,
  13:Generated_Source\PSoC4/ADC_PM.c **** * disclaimers, and limitations in the end user license agreement accompanying
ARM GAS  C:\Users\VIDEOH~1\AppData\Local\Temp\ccYkFm2l.s 			page 2


  14:Generated_Source\PSoC4/ADC_PM.c **** * the software package with which this file was provided.
  15:Generated_Source\PSoC4/ADC_PM.c **** *******************************************************************************/
  16:Generated_Source\PSoC4/ADC_PM.c **** 
  17:Generated_Source\PSoC4/ADC_PM.c **** #include "ADC.h"
  18:Generated_Source\PSoC4/ADC_PM.c **** 
  19:Generated_Source\PSoC4/ADC_PM.c **** 
  20:Generated_Source\PSoC4/ADC_PM.c **** /***************************************
  21:Generated_Source\PSoC4/ADC_PM.c **** * Local data allocation
  22:Generated_Source\PSoC4/ADC_PM.c **** ***************************************/
  23:Generated_Source\PSoC4/ADC_PM.c **** 
  24:Generated_Source\PSoC4/ADC_PM.c **** static ADC_BACKUP_STRUCT  ADC_backup =
  25:Generated_Source\PSoC4/ADC_PM.c **** {
  26:Generated_Source\PSoC4/ADC_PM.c ****     ADC_DISABLED,
  27:Generated_Source\PSoC4/ADC_PM.c ****     0u    
  28:Generated_Source\PSoC4/ADC_PM.c **** };
  29:Generated_Source\PSoC4/ADC_PM.c **** 
  30:Generated_Source\PSoC4/ADC_PM.c **** 
  31:Generated_Source\PSoC4/ADC_PM.c **** /*******************************************************************************
  32:Generated_Source\PSoC4/ADC_PM.c **** * Function Name: ADC_SaveConfig
  33:Generated_Source\PSoC4/ADC_PM.c **** ********************************************************************************
  34:Generated_Source\PSoC4/ADC_PM.c **** *
  35:Generated_Source\PSoC4/ADC_PM.c **** * Summary:
  36:Generated_Source\PSoC4/ADC_PM.c **** *  Saves the current user configuration.
  37:Generated_Source\PSoC4/ADC_PM.c **** *
  38:Generated_Source\PSoC4/ADC_PM.c **** * Parameters:
  39:Generated_Source\PSoC4/ADC_PM.c **** *  None.
  40:Generated_Source\PSoC4/ADC_PM.c **** *
  41:Generated_Source\PSoC4/ADC_PM.c **** * Return:
  42:Generated_Source\PSoC4/ADC_PM.c **** *  None.
  43:Generated_Source\PSoC4/ADC_PM.c **** *
  44:Generated_Source\PSoC4/ADC_PM.c **** *******************************************************************************/
  45:Generated_Source\PSoC4/ADC_PM.c **** void ADC_SaveConfig(void)
  46:Generated_Source\PSoC4/ADC_PM.c **** {
  47:Generated_Source\PSoC4/ADC_PM.c ****     /* All configuration registers are marked as [reset_all_retention] */
  48:Generated_Source\PSoC4/ADC_PM.c **** }
  49:Generated_Source\PSoC4/ADC_PM.c **** 
  50:Generated_Source\PSoC4/ADC_PM.c **** 
  51:Generated_Source\PSoC4/ADC_PM.c **** /*******************************************************************************
  52:Generated_Source\PSoC4/ADC_PM.c **** * Function Name: ADC_RestoreConfig
  53:Generated_Source\PSoC4/ADC_PM.c **** ********************************************************************************
  54:Generated_Source\PSoC4/ADC_PM.c **** *
  55:Generated_Source\PSoC4/ADC_PM.c **** * Summary:
  56:Generated_Source\PSoC4/ADC_PM.c **** *  Restores the current user configuration.
  57:Generated_Source\PSoC4/ADC_PM.c **** *
  58:Generated_Source\PSoC4/ADC_PM.c **** * Parameters:
  59:Generated_Source\PSoC4/ADC_PM.c **** *  None.
  60:Generated_Source\PSoC4/ADC_PM.c **** *
  61:Generated_Source\PSoC4/ADC_PM.c **** * Return:
  62:Generated_Source\PSoC4/ADC_PM.c **** *  None.
  63:Generated_Source\PSoC4/ADC_PM.c **** *
  64:Generated_Source\PSoC4/ADC_PM.c **** *******************************************************************************/
  65:Generated_Source\PSoC4/ADC_PM.c **** void ADC_RestoreConfig(void)
  66:Generated_Source\PSoC4/ADC_PM.c **** {
  45              		.loc 1 66 0
  46              		.cfi_startproc
  47              		@ args = 0, pretend = 0, frame = 0
  48              		@ frame_needed = 0, uses_anonymous_args = 0
ARM GAS  C:\Users\VIDEOH~1\AppData\Local\Temp\ccYkFm2l.s 			page 3


  49              		@ link register save eliminated.
  67:Generated_Source\PSoC4/ADC_PM.c ****     /* All configuration registers are marked as [reset_all_retention] */
  68:Generated_Source\PSoC4/ADC_PM.c **** }
  50              		.loc 1 68 0
  51              		@ sp needed
  52 0000 7047     		bx	lr
  53              		.cfi_endproc
  54              	.LFE1:
  55              		.size	ADC_RestoreConfig, .-ADC_RestoreConfig
  56              		.section	.text.ADC_Sleep,"ax",%progbits
  57              		.align	1
  58              		.global	ADC_Sleep
  59              		.code	16
  60              		.thumb_func
  61              		.type	ADC_Sleep, %function
  62              	ADC_Sleep:
  63              	.LFB2:
  69:Generated_Source\PSoC4/ADC_PM.c **** 
  70:Generated_Source\PSoC4/ADC_PM.c **** 
  71:Generated_Source\PSoC4/ADC_PM.c **** /*******************************************************************************
  72:Generated_Source\PSoC4/ADC_PM.c **** * Function Name: ADC_Sleep
  73:Generated_Source\PSoC4/ADC_PM.c **** ********************************************************************************
  74:Generated_Source\PSoC4/ADC_PM.c **** *
  75:Generated_Source\PSoC4/ADC_PM.c **** * Summary:
  76:Generated_Source\PSoC4/ADC_PM.c **** *  Stops the ADC operation and saves the configuration registers and component
  77:Generated_Source\PSoC4/ADC_PM.c **** *  enable state. Should be called just prior to entering sleep.
  78:Generated_Source\PSoC4/ADC_PM.c **** *
  79:Generated_Source\PSoC4/ADC_PM.c **** * Parameters:
  80:Generated_Source\PSoC4/ADC_PM.c **** *  None.
  81:Generated_Source\PSoC4/ADC_PM.c **** *
  82:Generated_Source\PSoC4/ADC_PM.c **** * Return:
  83:Generated_Source\PSoC4/ADC_PM.c **** *  None.
  84:Generated_Source\PSoC4/ADC_PM.c **** *
  85:Generated_Source\PSoC4/ADC_PM.c **** * Global Variables:
  86:Generated_Source\PSoC4/ADC_PM.c **** *  ADC_backup - modified.
  87:Generated_Source\PSoC4/ADC_PM.c **** *
  88:Generated_Source\PSoC4/ADC_PM.c **** *******************************************************************************/
  89:Generated_Source\PSoC4/ADC_PM.c **** void ADC_Sleep(void)
  90:Generated_Source\PSoC4/ADC_PM.c **** {
  64              		.loc 1 90 0
  65              		.cfi_startproc
  66              		@ args = 0, pretend = 0, frame = 0
  67              		@ frame_needed = 0, uses_anonymous_args = 0
  91:Generated_Source\PSoC4/ADC_PM.c ****     /* During deepsleep/ hibernate mode keep SARMUX active, i.e. do not open
  92:Generated_Source\PSoC4/ADC_PM.c ****     *   all switches (disconnect), to be used for ADFT
  93:Generated_Source\PSoC4/ADC_PM.c ****     */
  94:Generated_Source\PSoC4/ADC_PM.c ****     ADC_backup.dftRegVal = ADC_SAR_DFT_CTRL_REG & (uint32)~ADC_ADFT_OVERRIDE;
  95:Generated_Source\PSoC4/ADC_PM.c ****     ADC_SAR_DFT_CTRL_REG |= ADC_ADFT_OVERRIDE;
  68              		.loc 1 95 0
  69 0000 8020     		movs	r0, #128
  94:Generated_Source\PSoC4/ADC_PM.c ****     ADC_SAR_DFT_CTRL_REG |= ADC_ADFT_OVERRIDE;
  70              		.loc 1 94 0
  71 0002 164A     		ldr	r2, .L13
  72 0004 1649     		ldr	r1, .L13+4
  73 0006 1368     		ldr	r3, [r2]
  90:Generated_Source\PSoC4/ADC_PM.c ****     /* During deepsleep/ hibernate mode keep SARMUX active, i.e. do not open
  74              		.loc 1 90 0
ARM GAS  C:\Users\VIDEOH~1\AppData\Local\Temp\ccYkFm2l.s 			page 4


  75 0008 70B5     		push	{r4, r5, r6, lr}
  76              		.cfi_def_cfa_offset 16
  77              		.cfi_offset 4, -16
  78              		.cfi_offset 5, -12
  79              		.cfi_offset 6, -8
  80              		.cfi_offset 14, -4
  94:Generated_Source\PSoC4/ADC_PM.c ****     ADC_SAR_DFT_CTRL_REG |= ADC_ADFT_OVERRIDE;
  81              		.loc 1 94 0
  82 000a 5B00     		lsls	r3, r3, #1
  83 000c 5B08     		lsrs	r3, r3, #1
  84 000e 4B60     		str	r3, [r1, #4]
  85              		.loc 1 95 0
  86 0010 1368     		ldr	r3, [r2]
  87 0012 0006     		lsls	r0, r0, #24
  88 0014 0343     		orrs	r3, r0
  89 0016 1360     		str	r3, [r2]
  96:Generated_Source\PSoC4/ADC_PM.c ****     if((ADC_SAR_CTRL_REG  & ADC_ENABLE) != 0u)
  90              		.loc 1 96 0
  91 0018 124B     		ldr	r3, .L13+8
  92 001a 0C00     		movs	r4, r1
  93 001c 1A68     		ldr	r2, [r3]
  94 001e 1D00     		movs	r5, r3
  95 0020 002A     		cmp	r2, #0
  96 0022 18DA     		bge	.L4
  97:Generated_Source\PSoC4/ADC_PM.c ****     {
  98:Generated_Source\PSoC4/ADC_PM.c ****         if((ADC_SAR_SAMPLE_CTRL_REG & ADC_CONTINUOUS_EN) != 0u)
  97              		.loc 1 98 0
  98 0024 104B     		ldr	r3, .L13+12
  99 0026 1B68     		ldr	r3, [r3]
 100 0028 DB03     		lsls	r3, r3, #15
 101 002a 01D5     		bpl	.L5
  99:Generated_Source\PSoC4/ADC_PM.c ****         {
 100:Generated_Source\PSoC4/ADC_PM.c ****             ADC_backup.enableState = ADC_ENABLED | ADC_STARTED;
 102              		.loc 1 100 0
 103 002c 0323     		movs	r3, #3
 104 002e 00E0     		b	.L11
 105              	.L5:
 101:Generated_Source\PSoC4/ADC_PM.c ****         }
 102:Generated_Source\PSoC4/ADC_PM.c ****         else
 103:Generated_Source\PSoC4/ADC_PM.c ****         {
 104:Generated_Source\PSoC4/ADC_PM.c ****             ADC_backup.enableState = ADC_ENABLED;
 106              		.loc 1 104 0
 107 0030 0123     		movs	r3, #1
 108              	.L11:
 109 0032 2370     		strb	r3, [r4]
 105:Generated_Source\PSoC4/ADC_PM.c ****         }
 106:Generated_Source\PSoC4/ADC_PM.c ****         ADC_StopConvert();
 110              		.loc 1 106 0
 111 0034 FFF7FEFF 		bl	ADC_StopConvert
 112              	.LVL0:
 107:Generated_Source\PSoC4/ADC_PM.c ****         ADC_Stop();
 113              		.loc 1 107 0
 114 0038 FFF7FEFF 		bl	ADC_Stop
 115              	.LVL1:
 108:Generated_Source\PSoC4/ADC_PM.c ****         
 109:Generated_Source\PSoC4/ADC_PM.c ****         /* Disable the SAR internal pump before entering the chip low power mode */
 110:Generated_Source\PSoC4/ADC_PM.c ****         if((ADC_SAR_CTRL_REG & ADC_BOOSTPUMP_EN) != 0u)
ARM GAS  C:\Users\VIDEOH~1\AppData\Local\Temp\ccYkFm2l.s 			page 5


 116              		.loc 1 110 0
 117 003c 2B68     		ldr	r3, [r5]
 118 003e 094A     		ldr	r2, .L13+8
 119 0040 DB02     		lsls	r3, r3, #11
 120 0042 0AD5     		bpl	.L3
 111:Generated_Source\PSoC4/ADC_PM.c ****         {
 112:Generated_Source\PSoC4/ADC_PM.c ****             ADC_SAR_CTRL_REG &= (uint32)~ADC_BOOSTPUMP_EN;
 121              		.loc 1 112 0
 122 0044 1168     		ldr	r1, [r2]
 123 0046 094B     		ldr	r3, .L13+16
 124 0048 0B40     		ands	r3, r1
 125 004a 1360     		str	r3, [r2]
 113:Generated_Source\PSoC4/ADC_PM.c ****             ADC_backup.enableState |= ADC_BOOSTPUMP_ENABLED;
 126              		.loc 1 113 0
 127 004c 0422     		movs	r2, #4
 128 004e 2378     		ldrb	r3, [r4]
 129 0050 1343     		orrs	r3, r2
 130 0052 2370     		strb	r3, [r4]
 131 0054 01E0     		b	.L3
 132              	.L4:
 114:Generated_Source\PSoC4/ADC_PM.c ****         }
 115:Generated_Source\PSoC4/ADC_PM.c ****     }
 116:Generated_Source\PSoC4/ADC_PM.c ****     else
 117:Generated_Source\PSoC4/ADC_PM.c ****     {
 118:Generated_Source\PSoC4/ADC_PM.c ****         ADC_backup.enableState = ADC_DISABLED;
 133              		.loc 1 118 0
 134 0056 0023     		movs	r3, #0
 135 0058 0B70     		strb	r3, [r1]
 136              	.L3:
 119:Generated_Source\PSoC4/ADC_PM.c ****     }
 120:Generated_Source\PSoC4/ADC_PM.c **** }
 137              		.loc 1 120 0
 138              		@ sp needed
 139 005a 70BD     		pop	{r4, r5, r6, pc}
 140              	.L14:
 141              		.align	2
 142              	.L13:
 143 005c 30001A40 		.word	1075445808
 144 0060 00000000 		.word	.LANCHOR0
 145 0064 00001A40 		.word	1075445760
 146 0068 04001A40 		.word	1075445764
 147 006c FFFFEFFF 		.word	-1048577
 148              		.cfi_endproc
 149              	.LFE2:
 150              		.size	ADC_Sleep, .-ADC_Sleep
 151              		.section	.text.ADC_Wakeup,"ax",%progbits
 152              		.align	1
 153              		.global	ADC_Wakeup
 154              		.code	16
 155              		.thumb_func
 156              		.type	ADC_Wakeup, %function
 157              	ADC_Wakeup:
 158              	.LFB3:
 121:Generated_Source\PSoC4/ADC_PM.c **** 
 122:Generated_Source\PSoC4/ADC_PM.c **** 
 123:Generated_Source\PSoC4/ADC_PM.c **** /*******************************************************************************
 124:Generated_Source\PSoC4/ADC_PM.c **** * Function Name: ADC_Wakeup
ARM GAS  C:\Users\VIDEOH~1\AppData\Local\Temp\ccYkFm2l.s 			page 6


 125:Generated_Source\PSoC4/ADC_PM.c **** ********************************************************************************
 126:Generated_Source\PSoC4/ADC_PM.c **** *
 127:Generated_Source\PSoC4/ADC_PM.c **** * Summary:
 128:Generated_Source\PSoC4/ADC_PM.c **** *  Restores the component enable state and configuration registers.
 129:Generated_Source\PSoC4/ADC_PM.c **** *  This should be called just after awaking from sleep mode.
 130:Generated_Source\PSoC4/ADC_PM.c **** *
 131:Generated_Source\PSoC4/ADC_PM.c **** * Parameters:
 132:Generated_Source\PSoC4/ADC_PM.c **** *  None.
 133:Generated_Source\PSoC4/ADC_PM.c **** *
 134:Generated_Source\PSoC4/ADC_PM.c **** * Return:
 135:Generated_Source\PSoC4/ADC_PM.c **** *  None.
 136:Generated_Source\PSoC4/ADC_PM.c **** *
 137:Generated_Source\PSoC4/ADC_PM.c **** * Global Variables:
 138:Generated_Source\PSoC4/ADC_PM.c **** *  ADC_backup - used.
 139:Generated_Source\PSoC4/ADC_PM.c **** *
 140:Generated_Source\PSoC4/ADC_PM.c **** *******************************************************************************/
 141:Generated_Source\PSoC4/ADC_PM.c **** void ADC_Wakeup(void)
 142:Generated_Source\PSoC4/ADC_PM.c **** {
 159              		.loc 1 142 0
 160              		.cfi_startproc
 161              		@ args = 0, pretend = 0, frame = 0
 162              		@ frame_needed = 0, uses_anonymous_args = 0
 163 0000 10B5     		push	{r4, lr}
 164              		.cfi_def_cfa_offset 8
 165              		.cfi_offset 4, -8
 166              		.cfi_offset 14, -4
 143:Generated_Source\PSoC4/ADC_PM.c ****     ADC_SAR_DFT_CTRL_REG = ADC_backup.dftRegVal;
 167              		.loc 1 143 0
 168 0002 0C4B     		ldr	r3, .L26
 169 0004 0C4A     		ldr	r2, .L26+4
 170 0006 5968     		ldr	r1, [r3, #4]
 171 0008 1C00     		movs	r4, r3
 172 000a 1160     		str	r1, [r2]
 144:Generated_Source\PSoC4/ADC_PM.c ****     if(ADC_backup.enableState != ADC_DISABLED)
 173              		.loc 1 144 0
 174 000c 1A78     		ldrb	r2, [r3]
 175 000e 002A     		cmp	r2, #0
 176 0010 0ED0     		beq	.L15
 145:Generated_Source\PSoC4/ADC_PM.c ****     {
 146:Generated_Source\PSoC4/ADC_PM.c ****         /* Enable the SAR internal pump  */
 147:Generated_Source\PSoC4/ADC_PM.c ****         if((ADC_backup.enableState & ADC_BOOSTPUMP_ENABLED) != 0u)
 177              		.loc 1 147 0
 178 0012 5307     		lsls	r3, r2, #29
 179 0014 05D5     		bpl	.L18
 148:Generated_Source\PSoC4/ADC_PM.c ****         {
 149:Generated_Source\PSoC4/ADC_PM.c ****             ADC_SAR_CTRL_REG |= ADC_BOOSTPUMP_EN;
 180              		.loc 1 149 0
 181 0016 8021     		movs	r1, #128
 182 0018 084A     		ldr	r2, .L26+8
 183 001a 4903     		lsls	r1, r1, #13
 184 001c 1368     		ldr	r3, [r2]
 185 001e 0B43     		orrs	r3, r1
 186 0020 1360     		str	r3, [r2]
 187              	.L18:
 150:Generated_Source\PSoC4/ADC_PM.c ****         }
 151:Generated_Source\PSoC4/ADC_PM.c ****         ADC_Enable();
 188              		.loc 1 151 0
ARM GAS  C:\Users\VIDEOH~1\AppData\Local\Temp\ccYkFm2l.s 			page 7


 189 0022 FFF7FEFF 		bl	ADC_Enable
 190              	.LVL2:
 152:Generated_Source\PSoC4/ADC_PM.c ****         if((ADC_backup.enableState & ADC_STARTED) != 0u)
 191              		.loc 1 152 0
 192 0026 2378     		ldrb	r3, [r4]
 193 0028 9B07     		lsls	r3, r3, #30
 194 002a 01D5     		bpl	.L15
 153:Generated_Source\PSoC4/ADC_PM.c ****         {
 154:Generated_Source\PSoC4/ADC_PM.c ****             ADC_StartConvert();
 195              		.loc 1 154 0
 196 002c FFF7FEFF 		bl	ADC_StartConvert
 197              	.LVL3:
 198              	.L15:
 155:Generated_Source\PSoC4/ADC_PM.c ****         }
 156:Generated_Source\PSoC4/ADC_PM.c ****     }
 157:Generated_Source\PSoC4/ADC_PM.c **** }
 199              		.loc 1 157 0
 200              		@ sp needed
 201 0030 10BD     		pop	{r4, pc}
 202              	.L27:
 203 0032 C046     		.align	2
 204              	.L26:
 205 0034 00000000 		.word	.LANCHOR0
 206 0038 30001A40 		.word	1075445808
 207 003c 00001A40 		.word	1075445760
 208              		.cfi_endproc
 209              	.LFE3:
 210              		.size	ADC_Wakeup, .-ADC_Wakeup
 211              		.bss
 212              		.align	2
 213              		.set	.LANCHOR0,. + 0
 214              		.type	ADC_backup, %object
 215              		.size	ADC_backup, 8
 216              	ADC_backup:
 217 0000 00000000 		.space	8
 217      00000000 
 218              		.text
 219              	.Letext0:
 220              		.file 2 "Generated_Source\\PSoC4\\cytypes.h"
 221              		.file 3 "Generated_Source\\PSoC4\\ADC.h"
 222              		.section	.debug_info,"",%progbits
 223              	.Ldebug_info0:
 224 0000 7D010000 		.4byte	0x17d
 225 0004 0400     		.2byte	0x4
 226 0006 00000000 		.4byte	.Ldebug_abbrev0
 227 000a 04       		.byte	0x4
 228 000b 01       		.uleb128 0x1
 229 000c FF000000 		.4byte	.LASF25
 230 0010 0C       		.byte	0xc
 231 0011 4F000000 		.4byte	.LASF26
 232 0015 14000000 		.4byte	.LASF27
 233 0019 00000000 		.4byte	.Ldebug_ranges0+0
 234 001d 00000000 		.4byte	0
 235 0021 00000000 		.4byte	.Ldebug_line0
 236 0025 02       		.uleb128 0x2
 237 0026 01       		.byte	0x1
 238 0027 06       		.byte	0x6
ARM GAS  C:\Users\VIDEOH~1\AppData\Local\Temp\ccYkFm2l.s 			page 8


 239 0028 0A020000 		.4byte	.LASF0
 240 002c 02       		.uleb128 0x2
 241 002d 01       		.byte	0x1
 242 002e 08       		.byte	0x8
 243 002f 88000000 		.4byte	.LASF1
 244 0033 02       		.uleb128 0x2
 245 0034 02       		.byte	0x2
 246 0035 05       		.byte	0x5
 247 0036 BF000000 		.4byte	.LASF2
 248 003a 02       		.uleb128 0x2
 249 003b 02       		.byte	0x2
 250 003c 07       		.byte	0x7
 251 003d 6F000000 		.4byte	.LASF3
 252 0041 02       		.uleb128 0x2
 253 0042 04       		.byte	0x4
 254 0043 05       		.byte	0x5
 255 0044 F5010000 		.4byte	.LASF4
 256 0048 02       		.uleb128 0x2
 257 0049 04       		.byte	0x4
 258 004a 07       		.byte	0x7
 259 004b 96000000 		.4byte	.LASF5
 260 004f 02       		.uleb128 0x2
 261 0050 08       		.byte	0x8
 262 0051 05       		.byte	0x5
 263 0052 00000000 		.4byte	.LASF6
 264 0056 02       		.uleb128 0x2
 265 0057 08       		.byte	0x8
 266 0058 07       		.byte	0x7
 267 0059 E8000000 		.4byte	.LASF7
 268 005d 03       		.uleb128 0x3
 269 005e 04       		.byte	0x4
 270 005f 05       		.byte	0x5
 271 0060 696E7400 		.ascii	"int\000"
 272 0064 02       		.uleb128 0x2
 273 0065 04       		.byte	0x4
 274 0066 07       		.byte	0x7
 275 0067 D0000000 		.4byte	.LASF8
 276 006b 04       		.uleb128 0x4
 277 006c A8000000 		.4byte	.LASF9
 278 0070 02       		.byte	0x2
 279 0071 E401     		.2byte	0x1e4
 280 0073 2C000000 		.4byte	0x2c
 281 0077 04       		.uleb128 0x4
 282 0078 C9000000 		.4byte	.LASF10
 283 007c 02       		.byte	0x2
 284 007d E601     		.2byte	0x1e6
 285 007f 48000000 		.4byte	0x48
 286 0083 02       		.uleb128 0x2
 287 0084 04       		.byte	0x4
 288 0085 04       		.byte	0x4
 289 0086 82000000 		.4byte	.LASF11
 290 008a 02       		.uleb128 0x2
 291 008b 08       		.byte	0x8
 292 008c 04       		.byte	0x4
 293 008d B8000000 		.4byte	.LASF12
 294 0091 02       		.uleb128 0x2
 295 0092 01       		.byte	0x1
ARM GAS  C:\Users\VIDEOH~1\AppData\Local\Temp\ccYkFm2l.s 			page 9


 296 0093 08       		.byte	0x8
 297 0094 CE010000 		.4byte	.LASF13
 298 0098 04       		.uleb128 0x4
 299 0099 0E000000 		.4byte	.LASF14
 300 009d 02       		.byte	0x2
 301 009e 9002     		.2byte	0x290
 302 00a0 A4000000 		.4byte	0xa4
 303 00a4 05       		.uleb128 0x5
 304 00a5 77000000 		.4byte	0x77
 305 00a9 02       		.uleb128 0x2
 306 00aa 04       		.byte	0x4
 307 00ab 07       		.byte	0x7
 308 00ac A2010000 		.4byte	.LASF15
 309 00b0 06       		.uleb128 0x6
 310 00b1 08       		.byte	0x8
 311 00b2 03       		.byte	0x3
 312 00b3 1E       		.byte	0x1e
 313 00b4 D1000000 		.4byte	0xd1
 314 00b8 07       		.uleb128 0x7
 315 00b9 FE010000 		.4byte	.LASF16
 316 00bd 03       		.byte	0x3
 317 00be 20       		.byte	0x20
 318 00bf 6B000000 		.4byte	0x6b
 319 00c3 00       		.byte	0
 320 00c4 07       		.uleb128 0x7
 321 00c5 98010000 		.4byte	.LASF17
 322 00c9 03       		.byte	0x3
 323 00ca 21       		.byte	0x21
 324 00cb 77000000 		.4byte	0x77
 325 00cf 04       		.byte	0x4
 326 00d0 00       		.byte	0
 327 00d1 08       		.uleb128 0x8
 328 00d2 BC010000 		.4byte	.LASF18
 329 00d6 03       		.byte	0x3
 330 00d7 22       		.byte	0x22
 331 00d8 B0000000 		.4byte	0xb0
 332 00dc 09       		.uleb128 0x9
 333 00dd D3010000 		.4byte	.LASF28
 334 00e1 01       		.byte	0x1
 335 00e2 41       		.byte	0x41
 336 00e3 01       		.byte	0x1
 337 00e4 0A       		.uleb128 0xa
 338 00e5 DC000000 		.4byte	0xdc
 339 00e9 00000000 		.4byte	.LFB1
 340 00ed 02000000 		.4byte	.LFE1-.LFB1
 341 00f1 01       		.uleb128 0x1
 342 00f2 9C       		.byte	0x9c
 343 00f3 0B       		.uleb128 0xb
 344 00f4 AE000000 		.4byte	.LASF19
 345 00f8 01       		.byte	0x1
 346 00f9 59       		.byte	0x59
 347 00fa 00000000 		.4byte	.LFB2
 348 00fe 70000000 		.4byte	.LFE2-.LFB2
 349 0102 01       		.uleb128 0x1
 350 0103 9C       		.byte	0x9c
 351 0104 1B010000 		.4byte	0x11b
 352 0108 0C       		.uleb128 0xc
ARM GAS  C:\Users\VIDEOH~1\AppData\Local\Temp\ccYkFm2l.s 			page 10


 353 0109 38000000 		.4byte	.LVL0
 354 010d 54010000 		.4byte	0x154
 355 0111 0C       		.uleb128 0xc
 356 0112 3C000000 		.4byte	.LVL1
 357 0116 5F010000 		.4byte	0x15f
 358 011a 00       		.byte	0
 359 011b 0B       		.uleb128 0xb
 360 011c 21020000 		.4byte	.LASF20
 361 0120 01       		.byte	0x1
 362 0121 8D       		.byte	0x8d
 363 0122 00000000 		.4byte	.LFB3
 364 0126 40000000 		.4byte	.LFE3-.LFB3
 365 012a 01       		.uleb128 0x1
 366 012b 9C       		.byte	0x9c
 367 012c 43010000 		.4byte	0x143
 368 0130 0C       		.uleb128 0xc
 369 0131 26000000 		.4byte	.LVL2
 370 0135 6A010000 		.4byte	0x16a
 371 0139 0C       		.uleb128 0xc
 372 013a 30000000 		.4byte	.LVL3
 373 013e 75010000 		.4byte	0x175
 374 0142 00       		.byte	0
 375 0143 0D       		.uleb128 0xd
 376 0144 16020000 		.4byte	.LASF29
 377 0148 01       		.byte	0x1
 378 0149 18       		.byte	0x18
 379 014a D1000000 		.4byte	0xd1
 380 014e 05       		.uleb128 0x5
 381 014f 03       		.byte	0x3
 382 0150 00000000 		.4byte	ADC_backup
 383 0154 0E       		.uleb128 0xe
 384 0155 E5010000 		.4byte	.LASF21
 385 0159 E5010000 		.4byte	.LASF21
 386 015d 03       		.byte	0x3
 387 015e 9E       		.byte	0x9e
 388 015f 0E       		.uleb128 0xe
 389 0160 2C020000 		.4byte	.LASF22
 390 0164 2C020000 		.4byte	.LASF22
 391 0168 03       		.byte	0x3
 392 0169 9A       		.byte	0x9a
 393 016a 0E       		.uleb128 0xe
 394 016b DD000000 		.4byte	.LASF23
 395 016f DD000000 		.4byte	.LASF23
 396 0173 03       		.byte	0x3
 397 0174 9C       		.byte	0x9c
 398 0175 0E       		.uleb128 0xe
 399 0176 AB010000 		.4byte	.LASF24
 400 017a AB010000 		.4byte	.LASF24
 401 017e 03       		.byte	0x3
 402 017f 9D       		.byte	0x9d
 403 0180 00       		.byte	0
 404              		.section	.debug_abbrev,"",%progbits
 405              	.Ldebug_abbrev0:
 406 0000 01       		.uleb128 0x1
 407 0001 11       		.uleb128 0x11
 408 0002 01       		.byte	0x1
 409 0003 25       		.uleb128 0x25
ARM GAS  C:\Users\VIDEOH~1\AppData\Local\Temp\ccYkFm2l.s 			page 11


 410 0004 0E       		.uleb128 0xe
 411 0005 13       		.uleb128 0x13
 412 0006 0B       		.uleb128 0xb
 413 0007 03       		.uleb128 0x3
 414 0008 0E       		.uleb128 0xe
 415 0009 1B       		.uleb128 0x1b
 416 000a 0E       		.uleb128 0xe
 417 000b 55       		.uleb128 0x55
 418 000c 17       		.uleb128 0x17
 419 000d 11       		.uleb128 0x11
 420 000e 01       		.uleb128 0x1
 421 000f 10       		.uleb128 0x10
 422 0010 17       		.uleb128 0x17
 423 0011 00       		.byte	0
 424 0012 00       		.byte	0
 425 0013 02       		.uleb128 0x2
 426 0014 24       		.uleb128 0x24
 427 0015 00       		.byte	0
 428 0016 0B       		.uleb128 0xb
 429 0017 0B       		.uleb128 0xb
 430 0018 3E       		.uleb128 0x3e
 431 0019 0B       		.uleb128 0xb
 432 001a 03       		.uleb128 0x3
 433 001b 0E       		.uleb128 0xe
 434 001c 00       		.byte	0
 435 001d 00       		.byte	0
 436 001e 03       		.uleb128 0x3
 437 001f 24       		.uleb128 0x24
 438 0020 00       		.byte	0
 439 0021 0B       		.uleb128 0xb
 440 0022 0B       		.uleb128 0xb
 441 0023 3E       		.uleb128 0x3e
 442 0024 0B       		.uleb128 0xb
 443 0025 03       		.uleb128 0x3
 444 0026 08       		.uleb128 0x8
 445 0027 00       		.byte	0
 446 0028 00       		.byte	0
 447 0029 04       		.uleb128 0x4
 448 002a 16       		.uleb128 0x16
 449 002b 00       		.byte	0
 450 002c 03       		.uleb128 0x3
 451 002d 0E       		.uleb128 0xe
 452 002e 3A       		.uleb128 0x3a
 453 002f 0B       		.uleb128 0xb
 454 0030 3B       		.uleb128 0x3b
 455 0031 05       		.uleb128 0x5
 456 0032 49       		.uleb128 0x49
 457 0033 13       		.uleb128 0x13
 458 0034 00       		.byte	0
 459 0035 00       		.byte	0
 460 0036 05       		.uleb128 0x5
 461 0037 35       		.uleb128 0x35
 462 0038 00       		.byte	0
 463 0039 49       		.uleb128 0x49
 464 003a 13       		.uleb128 0x13
 465 003b 00       		.byte	0
 466 003c 00       		.byte	0
ARM GAS  C:\Users\VIDEOH~1\AppData\Local\Temp\ccYkFm2l.s 			page 12


 467 003d 06       		.uleb128 0x6
 468 003e 13       		.uleb128 0x13
 469 003f 01       		.byte	0x1
 470 0040 0B       		.uleb128 0xb
 471 0041 0B       		.uleb128 0xb
 472 0042 3A       		.uleb128 0x3a
 473 0043 0B       		.uleb128 0xb
 474 0044 3B       		.uleb128 0x3b
 475 0045 0B       		.uleb128 0xb
 476 0046 01       		.uleb128 0x1
 477 0047 13       		.uleb128 0x13
 478 0048 00       		.byte	0
 479 0049 00       		.byte	0
 480 004a 07       		.uleb128 0x7
 481 004b 0D       		.uleb128 0xd
 482 004c 00       		.byte	0
 483 004d 03       		.uleb128 0x3
 484 004e 0E       		.uleb128 0xe
 485 004f 3A       		.uleb128 0x3a
 486 0050 0B       		.uleb128 0xb
 487 0051 3B       		.uleb128 0x3b
 488 0052 0B       		.uleb128 0xb
 489 0053 49       		.uleb128 0x49
 490 0054 13       		.uleb128 0x13
 491 0055 38       		.uleb128 0x38
 492 0056 0B       		.uleb128 0xb
 493 0057 00       		.byte	0
 494 0058 00       		.byte	0
 495 0059 08       		.uleb128 0x8
 496 005a 16       		.uleb128 0x16
 497 005b 00       		.byte	0
 498 005c 03       		.uleb128 0x3
 499 005d 0E       		.uleb128 0xe
 500 005e 3A       		.uleb128 0x3a
 501 005f 0B       		.uleb128 0xb
 502 0060 3B       		.uleb128 0x3b
 503 0061 0B       		.uleb128 0xb
 504 0062 49       		.uleb128 0x49
 505 0063 13       		.uleb128 0x13
 506 0064 00       		.byte	0
 507 0065 00       		.byte	0
 508 0066 09       		.uleb128 0x9
 509 0067 2E       		.uleb128 0x2e
 510 0068 00       		.byte	0
 511 0069 3F       		.uleb128 0x3f
 512 006a 19       		.uleb128 0x19
 513 006b 03       		.uleb128 0x3
 514 006c 0E       		.uleb128 0xe
 515 006d 3A       		.uleb128 0x3a
 516 006e 0B       		.uleb128 0xb
 517 006f 3B       		.uleb128 0x3b
 518 0070 0B       		.uleb128 0xb
 519 0071 27       		.uleb128 0x27
 520 0072 19       		.uleb128 0x19
 521 0073 20       		.uleb128 0x20
 522 0074 0B       		.uleb128 0xb
 523 0075 00       		.byte	0
ARM GAS  C:\Users\VIDEOH~1\AppData\Local\Temp\ccYkFm2l.s 			page 13


 524 0076 00       		.byte	0
 525 0077 0A       		.uleb128 0xa
 526 0078 2E       		.uleb128 0x2e
 527 0079 00       		.byte	0
 528 007a 31       		.uleb128 0x31
 529 007b 13       		.uleb128 0x13
 530 007c 11       		.uleb128 0x11
 531 007d 01       		.uleb128 0x1
 532 007e 12       		.uleb128 0x12
 533 007f 06       		.uleb128 0x6
 534 0080 40       		.uleb128 0x40
 535 0081 18       		.uleb128 0x18
 536 0082 9742     		.uleb128 0x2117
 537 0084 19       		.uleb128 0x19
 538 0085 00       		.byte	0
 539 0086 00       		.byte	0
 540 0087 0B       		.uleb128 0xb
 541 0088 2E       		.uleb128 0x2e
 542 0089 01       		.byte	0x1
 543 008a 3F       		.uleb128 0x3f
 544 008b 19       		.uleb128 0x19
 545 008c 03       		.uleb128 0x3
 546 008d 0E       		.uleb128 0xe
 547 008e 3A       		.uleb128 0x3a
 548 008f 0B       		.uleb128 0xb
 549 0090 3B       		.uleb128 0x3b
 550 0091 0B       		.uleb128 0xb
 551 0092 27       		.uleb128 0x27
 552 0093 19       		.uleb128 0x19
 553 0094 11       		.uleb128 0x11
 554 0095 01       		.uleb128 0x1
 555 0096 12       		.uleb128 0x12
 556 0097 06       		.uleb128 0x6
 557 0098 40       		.uleb128 0x40
 558 0099 18       		.uleb128 0x18
 559 009a 9742     		.uleb128 0x2117
 560 009c 19       		.uleb128 0x19
 561 009d 01       		.uleb128 0x1
 562 009e 13       		.uleb128 0x13
 563 009f 00       		.byte	0
 564 00a0 00       		.byte	0
 565 00a1 0C       		.uleb128 0xc
 566 00a2 898201   		.uleb128 0x4109
 567 00a5 00       		.byte	0
 568 00a6 11       		.uleb128 0x11
 569 00a7 01       		.uleb128 0x1
 570 00a8 31       		.uleb128 0x31
 571 00a9 13       		.uleb128 0x13
 572 00aa 00       		.byte	0
 573 00ab 00       		.byte	0
 574 00ac 0D       		.uleb128 0xd
 575 00ad 34       		.uleb128 0x34
 576 00ae 00       		.byte	0
 577 00af 03       		.uleb128 0x3
 578 00b0 0E       		.uleb128 0xe
 579 00b1 3A       		.uleb128 0x3a
 580 00b2 0B       		.uleb128 0xb
ARM GAS  C:\Users\VIDEOH~1\AppData\Local\Temp\ccYkFm2l.s 			page 14


 581 00b3 3B       		.uleb128 0x3b
 582 00b4 0B       		.uleb128 0xb
 583 00b5 49       		.uleb128 0x49
 584 00b6 13       		.uleb128 0x13
 585 00b7 02       		.uleb128 0x2
 586 00b8 18       		.uleb128 0x18
 587 00b9 00       		.byte	0
 588 00ba 00       		.byte	0
 589 00bb 0E       		.uleb128 0xe
 590 00bc 2E       		.uleb128 0x2e
 591 00bd 00       		.byte	0
 592 00be 3F       		.uleb128 0x3f
 593 00bf 19       		.uleb128 0x19
 594 00c0 3C       		.uleb128 0x3c
 595 00c1 19       		.uleb128 0x19
 596 00c2 6E       		.uleb128 0x6e
 597 00c3 0E       		.uleb128 0xe
 598 00c4 03       		.uleb128 0x3
 599 00c5 0E       		.uleb128 0xe
 600 00c6 3A       		.uleb128 0x3a
 601 00c7 0B       		.uleb128 0xb
 602 00c8 3B       		.uleb128 0x3b
 603 00c9 0B       		.uleb128 0xb
 604 00ca 00       		.byte	0
 605 00cb 00       		.byte	0
 606 00cc 00       		.byte	0
 607              		.section	.debug_aranges,"",%progbits
 608 0000 2C000000 		.4byte	0x2c
 609 0004 0200     		.2byte	0x2
 610 0006 00000000 		.4byte	.Ldebug_info0
 611 000a 04       		.byte	0x4
 612 000b 00       		.byte	0
 613 000c 0000     		.2byte	0
 614 000e 0000     		.2byte	0
 615 0010 00000000 		.4byte	.LFB1
 616 0014 02000000 		.4byte	.LFE1-.LFB1
 617 0018 00000000 		.4byte	.LFB2
 618 001c 70000000 		.4byte	.LFE2-.LFB2
 619 0020 00000000 		.4byte	.LFB3
 620 0024 40000000 		.4byte	.LFE3-.LFB3
 621 0028 00000000 		.4byte	0
 622 002c 00000000 		.4byte	0
 623              		.section	.debug_ranges,"",%progbits
 624              	.Ldebug_ranges0:
 625 0000 00000000 		.4byte	.LFB1
 626 0004 02000000 		.4byte	.LFE1
 627 0008 00000000 		.4byte	.LFB2
 628 000c 70000000 		.4byte	.LFE2
 629 0010 00000000 		.4byte	.LFB3
 630 0014 40000000 		.4byte	.LFE3
 631 0018 00000000 		.4byte	0
 632 001c 00000000 		.4byte	0
 633              		.section	.debug_line,"",%progbits
 634              	.Ldebug_line0:
 635 0000 9B000000 		.section	.debug_str,"MS",%progbits,1
 635      02004C00 
 635      00000201 
ARM GAS  C:\Users\VIDEOH~1\AppData\Local\Temp\ccYkFm2l.s 			page 15


 635      FB0E0D00 
 635      01010101 
 636              	.LASF6:
 637 0000 6C6F6E67 		.ascii	"long long int\000"
 637      206C6F6E 
 637      6720696E 
 637      7400
 638              	.LASF14:
 639 000e 72656733 		.ascii	"reg32\000"
 639      3200
 640              	.LASF27:
 641 0014 443A5C31 		.ascii	"D:\\1_work\\my_project\\ReloadPro\\psoc42boot\\Relo"
 641      5F776F72 
 641      6B5C6D79 
 641      5F70726F 
 641      6A656374 
 642 0042 61642050 		.ascii	"ad Pro.cydsn\000"
 642      726F2E63 
 642      7964736E 
 642      00
 643              	.LASF26:
 644 004f 47656E65 		.ascii	"Generated_Source\\PSoC4\\ADC_PM.c\000"
 644      72617465 
 644      645F536F 
 644      75726365 
 644      5C50536F 
 645              	.LASF3:
 646 006f 73686F72 		.ascii	"short unsigned int\000"
 646      7420756E 
 646      7369676E 
 646      65642069 
 646      6E7400
 647              	.LASF11:
 648 0082 666C6F61 		.ascii	"float\000"
 648      7400
 649              	.LASF1:
 650 0088 756E7369 		.ascii	"unsigned char\000"
 650      676E6564 
 650      20636861 
 650      7200
 651              	.LASF5:
 652 0096 6C6F6E67 		.ascii	"long unsigned int\000"
 652      20756E73 
 652      69676E65 
 652      6420696E 
 652      7400
 653              	.LASF9:
 654 00a8 75696E74 		.ascii	"uint8\000"
 654      3800
 655              	.LASF19:
 656 00ae 4144435F 		.ascii	"ADC_Sleep\000"
 656      536C6565 
 656      7000
 657              	.LASF12:
 658 00b8 646F7562 		.ascii	"double\000"
 658      6C6500
 659              	.LASF2:
ARM GAS  C:\Users\VIDEOH~1\AppData\Local\Temp\ccYkFm2l.s 			page 16


 660 00bf 73686F72 		.ascii	"short int\000"
 660      7420696E 
 660      7400
 661              	.LASF10:
 662 00c9 75696E74 		.ascii	"uint32\000"
 662      333200
 663              	.LASF8:
 664 00d0 756E7369 		.ascii	"unsigned int\000"
 664      676E6564 
 664      20696E74 
 664      00
 665              	.LASF23:
 666 00dd 4144435F 		.ascii	"ADC_Enable\000"
 666      456E6162 
 666      6C6500
 667              	.LASF7:
 668 00e8 6C6F6E67 		.ascii	"long long unsigned int\000"
 668      206C6F6E 
 668      6720756E 
 668      7369676E 
 668      65642069 
 669              	.LASF25:
 670 00ff 474E5520 		.ascii	"GNU C99 5.4.1 20160609 (release) [ARM/embedded-5-br"
 670      43393920 
 670      352E342E 
 670      31203230 
 670      31363036 
 671 0132 616E6368 		.ascii	"anch revision 237715] -mcpu=cortex-m0 -mthumb -g -O"
 671      20726576 
 671      6973696F 
 671      6E203233 
 671      37373135 
 672 0165 73202D73 		.ascii	"s -std=gnu99 -ffunction-sections -ffat-lto-objects\000"
 672      74643D67 
 672      6E753939 
 672      202D6666 
 672      756E6374 
 673              	.LASF17:
 674 0198 64667452 		.ascii	"dftRegVal\000"
 674      65675661 
 674      6C00
 675              	.LASF15:
 676 01a2 73697A65 		.ascii	"sizetype\000"
 676      74797065 
 676      00
 677              	.LASF24:
 678 01ab 4144435F 		.ascii	"ADC_StartConvert\000"
 678      53746172 
 678      74436F6E 
 678      76657274 
 678      00
 679              	.LASF18:
 680 01bc 4144435F 		.ascii	"ADC_BACKUP_STRUCT\000"
 680      4241434B 
 680      55505F53 
 680      54525543 
 680      5400
ARM GAS  C:\Users\VIDEOH~1\AppData\Local\Temp\ccYkFm2l.s 			page 17


 681              	.LASF13:
 682 01ce 63686172 		.ascii	"char\000"
 682      00
 683              	.LASF28:
 684 01d3 4144435F 		.ascii	"ADC_RestoreConfig\000"
 684      52657374 
 684      6F726543 
 684      6F6E6669 
 684      6700
 685              	.LASF21:
 686 01e5 4144435F 		.ascii	"ADC_StopConvert\000"
 686      53746F70 
 686      436F6E76 
 686      65727400 
 687              	.LASF4:
 688 01f5 6C6F6E67 		.ascii	"long int\000"
 688      20696E74 
 688      00
 689              	.LASF16:
 690 01fe 656E6162 		.ascii	"enableState\000"
 690      6C655374 
 690      61746500 
 691              	.LASF0:
 692 020a 7369676E 		.ascii	"signed char\000"
 692      65642063 
 692      68617200 
 693              	.LASF29:
 694 0216 4144435F 		.ascii	"ADC_backup\000"
 694      6261636B 
 694      757000
 695              	.LASF20:
 696 0221 4144435F 		.ascii	"ADC_Wakeup\000"
 696      57616B65 
 696      757000
 697              	.LASF22:
 698 022c 4144435F 		.ascii	"ADC_Stop\000"
 698      53746F70 
 698      00
 699              		.ident	"GCC: (GNU Tools for ARM Embedded Processors) 5.4.1 20160609 (release) [ARM/embedded-5-bran
