ARM GAS  C:\Users\VIDEOH~1\AppData\Local\Temp\ccyxGXky.s 			page 1


   1              		.syntax unified
   2              		.cpu cortex-m0
   3              		.fpu softvfp
   4              		.eabi_attribute 20, 1
   5              		.eabi_attribute 21, 1
   6              		.eabi_attribute 23, 3
   7              		.eabi_attribute 24, 1
   8              		.eabi_attribute 25, 1
   9              		.eabi_attribute 26, 1
  10              		.eabi_attribute 30, 4
  11              		.eabi_attribute 34, 0
  12              		.eabi_attribute 18, 4
  13              		.thumb
  14              		.syntax unified
  15              		.file	"ADC_INT.c"
  16              		.text
  17              	.Ltext0:
  18              		.cfi_sections	.debug_frame
  19              		.section	.text.ADC_ISR,"ax",%progbits
  20              		.align	1
  21              		.global	ADC_ISR
  22              		.code	16
  23              		.thumb_func
  24              		.type	ADC_ISR, %function
  25              	ADC_ISR:
  26              	.LFB0:
  27              		.file 1 "Generated_Source\\PSoC4\\ADC_INT.c"
   1:Generated_Source\PSoC4/ADC_INT.c **** /*******************************************************************************
   2:Generated_Source\PSoC4/ADC_INT.c **** * File Name: ADC_INT.c
   3:Generated_Source\PSoC4/ADC_INT.c **** * Version 2.50
   4:Generated_Source\PSoC4/ADC_INT.c **** *
   5:Generated_Source\PSoC4/ADC_INT.c **** *  Description:
   6:Generated_Source\PSoC4/ADC_INT.c **** *    This file contains the code that operates during the ADC_SAR interrupt
   7:Generated_Source\PSoC4/ADC_INT.c **** *    service routine.
   8:Generated_Source\PSoC4/ADC_INT.c **** *
   9:Generated_Source\PSoC4/ADC_INT.c **** *   Note:
  10:Generated_Source\PSoC4/ADC_INT.c **** *
  11:Generated_Source\PSoC4/ADC_INT.c **** ********************************************************************************
  12:Generated_Source\PSoC4/ADC_INT.c **** * Copyright 2008-2017, Cypress Semiconductor Corporation.  All rights reserved.
  13:Generated_Source\PSoC4/ADC_INT.c **** * You may use this file only in accordance with the license, terms, conditions,
  14:Generated_Source\PSoC4/ADC_INT.c **** * disclaimers, and limitations in the end user license agreement accompanying
  15:Generated_Source\PSoC4/ADC_INT.c **** * the software package with which this file was provided.
  16:Generated_Source\PSoC4/ADC_INT.c **** *******************************************************************************/
  17:Generated_Source\PSoC4/ADC_INT.c **** 
  18:Generated_Source\PSoC4/ADC_INT.c **** #include "ADC.h"
  19:Generated_Source\PSoC4/ADC_INT.c **** 
  20:Generated_Source\PSoC4/ADC_INT.c **** 
  21:Generated_Source\PSoC4/ADC_INT.c **** 
  22:Generated_Source\PSoC4/ADC_INT.c **** /******************************************************************************
  23:Generated_Source\PSoC4/ADC_INT.c **** * Custom Declarations and Variables
  24:Generated_Source\PSoC4/ADC_INT.c **** * - add user inlcude files, prototypes and variables between the following
  25:Generated_Source\PSoC4/ADC_INT.c **** *   #START and #END tags
  26:Generated_Source\PSoC4/ADC_INT.c **** ******************************************************************************/
  27:Generated_Source\PSoC4/ADC_INT.c **** /* `#START ADC_SYS_VAR`  */
  28:Generated_Source\PSoC4/ADC_INT.c **** 
  29:Generated_Source\PSoC4/ADC_INT.c **** /* `#END`  */
  30:Generated_Source\PSoC4/ADC_INT.c **** 
ARM GAS  C:\Users\VIDEOH~1\AppData\Local\Temp\ccyxGXky.s 			page 2


  31:Generated_Source\PSoC4/ADC_INT.c **** #if(ADC_IRQ_REMOVE == 0u)
  32:Generated_Source\PSoC4/ADC_INT.c **** 
  33:Generated_Source\PSoC4/ADC_INT.c **** 
  34:Generated_Source\PSoC4/ADC_INT.c ****     /******************************************************************************
  35:Generated_Source\PSoC4/ADC_INT.c ****     * Function Name: ADC_ISR
  36:Generated_Source\PSoC4/ADC_INT.c ****     *******************************************************************************
  37:Generated_Source\PSoC4/ADC_INT.c ****     *
  38:Generated_Source\PSoC4/ADC_INT.c ****     * Summary:
  39:Generated_Source\PSoC4/ADC_INT.c ****     *  Handle Interrupt Service Routine.
  40:Generated_Source\PSoC4/ADC_INT.c ****     *
  41:Generated_Source\PSoC4/ADC_INT.c ****     * Parameters:
  42:Generated_Source\PSoC4/ADC_INT.c ****     *  None.
  43:Generated_Source\PSoC4/ADC_INT.c ****     *
  44:Generated_Source\PSoC4/ADC_INT.c ****     * Return:
  45:Generated_Source\PSoC4/ADC_INT.c ****     *  None.
  46:Generated_Source\PSoC4/ADC_INT.c ****     *
  47:Generated_Source\PSoC4/ADC_INT.c ****     * Reentrant:
  48:Generated_Source\PSoC4/ADC_INT.c ****     *  No.
  49:Generated_Source\PSoC4/ADC_INT.c ****     *
  50:Generated_Source\PSoC4/ADC_INT.c ****     ******************************************************************************/
  51:Generated_Source\PSoC4/ADC_INT.c ****     CY_ISR( ADC_ISR )
  52:Generated_Source\PSoC4/ADC_INT.c ****     {
  28              		.loc 1 52 0
  29              		.cfi_startproc
  30              		@ args = 0, pretend = 0, frame = 0
  31              		@ frame_needed = 0, uses_anonymous_args = 0
  32              		@ link register save eliminated.
  53:Generated_Source\PSoC4/ADC_INT.c ****         uint32 intr_status;
  54:Generated_Source\PSoC4/ADC_INT.c **** 
  55:Generated_Source\PSoC4/ADC_INT.c ****         /* Read interrupt status register */
  56:Generated_Source\PSoC4/ADC_INT.c ****         intr_status = ADC_SAR_INTR_REG;
  33              		.loc 1 56 0
  34 0000 014B     		ldr	r3, .L2
  57:Generated_Source\PSoC4/ADC_INT.c **** 
  58:Generated_Source\PSoC4/ADC_INT.c ****         #ifdef ADC_ISR_INTERRUPT_CALLBACK
  59:Generated_Source\PSoC4/ADC_INT.c ****             ADC_ISR_InterruptCallback();
  60:Generated_Source\PSoC4/ADC_INT.c ****         #endif /* ADC_ISR_INTERRUPT_CALLBACK */
  61:Generated_Source\PSoC4/ADC_INT.c **** 
  62:Generated_Source\PSoC4/ADC_INT.c **** 
  63:Generated_Source\PSoC4/ADC_INT.c ****         /************************************************************************
  64:Generated_Source\PSoC4/ADC_INT.c ****         *  Custom Code
  65:Generated_Source\PSoC4/ADC_INT.c ****         *  - add user ISR code between the following #START and #END tags
  66:Generated_Source\PSoC4/ADC_INT.c ****         *************************************************************************/
  67:Generated_Source\PSoC4/ADC_INT.c ****         /* `#START MAIN_ADC_ISR`  */
  68:Generated_Source\PSoC4/ADC_INT.c **** 
  69:Generated_Source\PSoC4/ADC_INT.c ****         /* `#END`  */
  70:Generated_Source\PSoC4/ADC_INT.c ****         
  71:Generated_Source\PSoC4/ADC_INT.c ****         /* Clear handled interrupt */
  72:Generated_Source\PSoC4/ADC_INT.c ****         ADC_SAR_INTR_REG = intr_status;
  73:Generated_Source\PSoC4/ADC_INT.c ****     }
  35              		.loc 1 73 0
  36              		@ sp needed
  56:Generated_Source\PSoC4/ADC_INT.c **** 
  37              		.loc 1 56 0
  38 0002 1A68     		ldr	r2, [r3]
  39              	.LVL0:
  72:Generated_Source\PSoC4/ADC_INT.c ****     }
ARM GAS  C:\Users\VIDEOH~1\AppData\Local\Temp\ccyxGXky.s 			page 3


  40              		.loc 1 72 0
  41 0004 1A60     		str	r2, [r3]
  42              		.loc 1 73 0
  43 0006 7047     		bx	lr
  44              	.L3:
  45              		.align	2
  46              	.L2:
  47 0008 10021A40 		.word	1075446288
  48              		.cfi_endproc
  49              	.LFE0:
  50              		.size	ADC_ISR, .-ADC_ISR
  51              		.text
  52              	.Letext0:
  53              		.file 2 "Generated_Source\\PSoC4\\cytypes.h"
  54              		.section	.debug_info,"",%progbits
  55              	.Ldebug_info0:
  56 0000 C0000000 		.4byte	0xc0
  57 0004 0400     		.2byte	0x4
  58 0006 00000000 		.4byte	.Ldebug_abbrev0
  59 000a 04       		.byte	0x4
  60 000b 01       		.uleb128 0x1
  61 000c 22000000 		.4byte	.LASF15
  62 0010 0C       		.byte	0xc
  63 0011 33010000 		.4byte	.LASF16
  64 0015 BB000000 		.4byte	.LASF17
  65 0019 00000000 		.4byte	.Ldebug_ranges0+0
  66 001d 00000000 		.4byte	0
  67 0021 00000000 		.4byte	.Ldebug_line0
  68 0025 02       		.uleb128 0x2
  69 0026 01       		.byte	0x1
  70 0027 06       		.byte	0x6
  71 0028 90010000 		.4byte	.LASF0
  72 002c 02       		.uleb128 0x2
  73 002d 01       		.byte	0x1
  74 002e 08       		.byte	0x8
  75 002f 54010000 		.4byte	.LASF1
  76 0033 02       		.uleb128 0x2
  77 0034 02       		.byte	0x2
  78 0035 05       		.byte	0x5
  79 0036 A2010000 		.4byte	.LASF2
  80 003a 02       		.uleb128 0x2
  81 003b 02       		.byte	0x2
  82 003c 07       		.byte	0x7
  83 003d 7D010000 		.4byte	.LASF3
  84 0041 02       		.uleb128 0x2
  85 0042 04       		.byte	0x4
  86 0043 05       		.byte	0x5
  87 0044 67010000 		.4byte	.LASF4
  88 0048 02       		.uleb128 0x2
  89 0049 04       		.byte	0x4
  90 004a 07       		.byte	0x7
  91 004b FE000000 		.4byte	.LASF5
  92 004f 02       		.uleb128 0x2
  93 0050 08       		.byte	0x8
  94 0051 05       		.byte	0x5
  95 0052 00000000 		.4byte	.LASF6
  96 0056 02       		.uleb128 0x2
ARM GAS  C:\Users\VIDEOH~1\AppData\Local\Temp\ccyxGXky.s 			page 4


  97 0057 08       		.byte	0x8
  98 0058 07       		.byte	0x7
  99 0059 10010000 		.4byte	.LASF7
 100 005d 03       		.uleb128 0x3
 101 005e 04       		.byte	0x4
 102 005f 05       		.byte	0x5
 103 0060 696E7400 		.ascii	"int\000"
 104 0064 02       		.uleb128 0x2
 105 0065 04       		.byte	0x4
 106 0066 07       		.byte	0x7
 107 0067 15000000 		.4byte	.LASF8
 108 006b 04       		.uleb128 0x4
 109 006c 0E000000 		.4byte	.LASF12
 110 0070 02       		.byte	0x2
 111 0071 E601     		.2byte	0x1e6
 112 0073 48000000 		.4byte	0x48
 113 0077 02       		.uleb128 0x2
 114 0078 04       		.byte	0x4
 115 0079 04       		.byte	0x4
 116 007a 9C010000 		.4byte	.LASF9
 117 007e 02       		.uleb128 0x2
 118 007f 08       		.byte	0x8
 119 0080 04       		.byte	0x4
 120 0081 70010000 		.4byte	.LASF10
 121 0085 02       		.uleb128 0x2
 122 0086 01       		.byte	0x1
 123 0087 08       		.byte	0x8
 124 0088 62010000 		.4byte	.LASF11
 125 008c 04       		.uleb128 0x4
 126 008d 77010000 		.4byte	.LASF13
 127 0091 02       		.byte	0x2
 128 0092 9002     		.2byte	0x290
 129 0094 98000000 		.4byte	0x98
 130 0098 05       		.uleb128 0x5
 131 0099 6B000000 		.4byte	0x6b
 132 009d 02       		.uleb128 0x2
 133 009e 04       		.byte	0x4
 134 009f 07       		.byte	0x7
 135 00a0 AC010000 		.4byte	.LASF14
 136 00a4 06       		.uleb128 0x6
 137 00a5 F6000000 		.4byte	.LASF18
 138 00a9 01       		.byte	0x1
 139 00aa 33       		.byte	0x33
 140 00ab 00000000 		.4byte	.LFB0
 141 00af 0C000000 		.4byte	.LFE0-.LFB0
 142 00b3 01       		.uleb128 0x1
 143 00b4 9C       		.byte	0x9c
 144 00b5 07       		.uleb128 0x7
 145 00b6 27010000 		.4byte	.LASF19
 146 00ba 01       		.byte	0x1
 147 00bb 35       		.byte	0x35
 148 00bc 6B000000 		.4byte	0x6b
 149 00c0 01       		.uleb128 0x1
 150 00c1 52       		.byte	0x52
 151 00c2 00       		.byte	0
 152 00c3 00       		.byte	0
 153              		.section	.debug_abbrev,"",%progbits
ARM GAS  C:\Users\VIDEOH~1\AppData\Local\Temp\ccyxGXky.s 			page 5


 154              	.Ldebug_abbrev0:
 155 0000 01       		.uleb128 0x1
 156 0001 11       		.uleb128 0x11
 157 0002 01       		.byte	0x1
 158 0003 25       		.uleb128 0x25
 159 0004 0E       		.uleb128 0xe
 160 0005 13       		.uleb128 0x13
 161 0006 0B       		.uleb128 0xb
 162 0007 03       		.uleb128 0x3
 163 0008 0E       		.uleb128 0xe
 164 0009 1B       		.uleb128 0x1b
 165 000a 0E       		.uleb128 0xe
 166 000b 55       		.uleb128 0x55
 167 000c 17       		.uleb128 0x17
 168 000d 11       		.uleb128 0x11
 169 000e 01       		.uleb128 0x1
 170 000f 10       		.uleb128 0x10
 171 0010 17       		.uleb128 0x17
 172 0011 00       		.byte	0
 173 0012 00       		.byte	0
 174 0013 02       		.uleb128 0x2
 175 0014 24       		.uleb128 0x24
 176 0015 00       		.byte	0
 177 0016 0B       		.uleb128 0xb
 178 0017 0B       		.uleb128 0xb
 179 0018 3E       		.uleb128 0x3e
 180 0019 0B       		.uleb128 0xb
 181 001a 03       		.uleb128 0x3
 182 001b 0E       		.uleb128 0xe
 183 001c 00       		.byte	0
 184 001d 00       		.byte	0
 185 001e 03       		.uleb128 0x3
 186 001f 24       		.uleb128 0x24
 187 0020 00       		.byte	0
 188 0021 0B       		.uleb128 0xb
 189 0022 0B       		.uleb128 0xb
 190 0023 3E       		.uleb128 0x3e
 191 0024 0B       		.uleb128 0xb
 192 0025 03       		.uleb128 0x3
 193 0026 08       		.uleb128 0x8
 194 0027 00       		.byte	0
 195 0028 00       		.byte	0
 196 0029 04       		.uleb128 0x4
 197 002a 16       		.uleb128 0x16
 198 002b 00       		.byte	0
 199 002c 03       		.uleb128 0x3
 200 002d 0E       		.uleb128 0xe
 201 002e 3A       		.uleb128 0x3a
 202 002f 0B       		.uleb128 0xb
 203 0030 3B       		.uleb128 0x3b
 204 0031 05       		.uleb128 0x5
 205 0032 49       		.uleb128 0x49
 206 0033 13       		.uleb128 0x13
 207 0034 00       		.byte	0
 208 0035 00       		.byte	0
 209 0036 05       		.uleb128 0x5
 210 0037 35       		.uleb128 0x35
ARM GAS  C:\Users\VIDEOH~1\AppData\Local\Temp\ccyxGXky.s 			page 6


 211 0038 00       		.byte	0
 212 0039 49       		.uleb128 0x49
 213 003a 13       		.uleb128 0x13
 214 003b 00       		.byte	0
 215 003c 00       		.byte	0
 216 003d 06       		.uleb128 0x6
 217 003e 2E       		.uleb128 0x2e
 218 003f 01       		.byte	0x1
 219 0040 3F       		.uleb128 0x3f
 220 0041 19       		.uleb128 0x19
 221 0042 03       		.uleb128 0x3
 222 0043 0E       		.uleb128 0xe
 223 0044 3A       		.uleb128 0x3a
 224 0045 0B       		.uleb128 0xb
 225 0046 3B       		.uleb128 0x3b
 226 0047 0B       		.uleb128 0xb
 227 0048 27       		.uleb128 0x27
 228 0049 19       		.uleb128 0x19
 229 004a 11       		.uleb128 0x11
 230 004b 01       		.uleb128 0x1
 231 004c 12       		.uleb128 0x12
 232 004d 06       		.uleb128 0x6
 233 004e 40       		.uleb128 0x40
 234 004f 18       		.uleb128 0x18
 235 0050 9742     		.uleb128 0x2117
 236 0052 19       		.uleb128 0x19
 237 0053 00       		.byte	0
 238 0054 00       		.byte	0
 239 0055 07       		.uleb128 0x7
 240 0056 34       		.uleb128 0x34
 241 0057 00       		.byte	0
 242 0058 03       		.uleb128 0x3
 243 0059 0E       		.uleb128 0xe
 244 005a 3A       		.uleb128 0x3a
 245 005b 0B       		.uleb128 0xb
 246 005c 3B       		.uleb128 0x3b
 247 005d 0B       		.uleb128 0xb
 248 005e 49       		.uleb128 0x49
 249 005f 13       		.uleb128 0x13
 250 0060 02       		.uleb128 0x2
 251 0061 18       		.uleb128 0x18
 252 0062 00       		.byte	0
 253 0063 00       		.byte	0
 254 0064 00       		.byte	0
 255              		.section	.debug_aranges,"",%progbits
 256 0000 1C000000 		.4byte	0x1c
 257 0004 0200     		.2byte	0x2
 258 0006 00000000 		.4byte	.Ldebug_info0
 259 000a 04       		.byte	0x4
 260 000b 00       		.byte	0
 261 000c 0000     		.2byte	0
 262 000e 0000     		.2byte	0
 263 0010 00000000 		.4byte	.LFB0
 264 0014 0C000000 		.4byte	.LFE0-.LFB0
 265 0018 00000000 		.4byte	0
 266 001c 00000000 		.4byte	0
 267              		.section	.debug_ranges,"",%progbits
ARM GAS  C:\Users\VIDEOH~1\AppData\Local\Temp\ccyxGXky.s 			page 7


 268              	.Ldebug_ranges0:
 269 0000 00000000 		.4byte	.LFB0
 270 0004 0C000000 		.4byte	.LFE0
 271 0008 00000000 		.4byte	0
 272 000c 00000000 		.4byte	0
 273              		.section	.debug_line,"",%progbits
 274              	.Ldebug_line0:
 275 0000 64000000 		.section	.debug_str,"MS",%progbits,1
 275      02004400 
 275      00000201 
 275      FB0E0D00 
 275      01010101 
 276              	.LASF6:
 277 0000 6C6F6E67 		.ascii	"long long int\000"
 277      206C6F6E 
 277      6720696E 
 277      7400
 278              	.LASF12:
 279 000e 75696E74 		.ascii	"uint32\000"
 279      333200
 280              	.LASF8:
 281 0015 756E7369 		.ascii	"unsigned int\000"
 281      676E6564 
 281      20696E74 
 281      00
 282              	.LASF15:
 283 0022 474E5520 		.ascii	"GNU C99 5.4.1 20160609 (release) [ARM/embedded-5-br"
 283      43393920 
 283      352E342E 
 283      31203230 
 283      31363036 
 284 0055 616E6368 		.ascii	"anch revision 237715] -mcpu=cortex-m0 -mthumb -g -O"
 284      20726576 
 284      6973696F 
 284      6E203233 
 284      37373135 
 285 0088 73202D73 		.ascii	"s -std=gnu99 -ffunction-sections -ffat-lto-objects\000"
 285      74643D67 
 285      6E753939 
 285      202D6666 
 285      756E6374 
 286              	.LASF17:
 287 00bb 443A5C31 		.ascii	"D:\\1_work\\my_project\\ReloadPro\\psoc42boot\\Relo"
 287      5F776F72 
 287      6B5C6D79 
 287      5F70726F 
 287      6A656374 
 288 00e9 61642050 		.ascii	"ad Pro.cydsn\000"
 288      726F2E63 
 288      7964736E 
 288      00
 289              	.LASF18:
 290 00f6 4144435F 		.ascii	"ADC_ISR\000"
 290      49535200 
 291              	.LASF5:
 292 00fe 6C6F6E67 		.ascii	"long unsigned int\000"
 292      20756E73 
ARM GAS  C:\Users\VIDEOH~1\AppData\Local\Temp\ccyxGXky.s 			page 8


 292      69676E65 
 292      6420696E 
 292      7400
 293              	.LASF7:
 294 0110 6C6F6E67 		.ascii	"long long unsigned int\000"
 294      206C6F6E 
 294      6720756E 
 294      7369676E 
 294      65642069 
 295              	.LASF19:
 296 0127 696E7472 		.ascii	"intr_status\000"
 296      5F737461 
 296      74757300 
 297              	.LASF16:
 298 0133 47656E65 		.ascii	"Generated_Source\\PSoC4\\ADC_INT.c\000"
 298      72617465 
 298      645F536F 
 298      75726365 
 298      5C50536F 
 299              	.LASF1:
 300 0154 756E7369 		.ascii	"unsigned char\000"
 300      676E6564 
 300      20636861 
 300      7200
 301              	.LASF11:
 302 0162 63686172 		.ascii	"char\000"
 302      00
 303              	.LASF4:
 304 0167 6C6F6E67 		.ascii	"long int\000"
 304      20696E74 
 304      00
 305              	.LASF10:
 306 0170 646F7562 		.ascii	"double\000"
 306      6C6500
 307              	.LASF13:
 308 0177 72656733 		.ascii	"reg32\000"
 308      3200
 309              	.LASF3:
 310 017d 73686F72 		.ascii	"short unsigned int\000"
 310      7420756E 
 310      7369676E 
 310      65642069 
 310      6E7400
 311              	.LASF0:
 312 0190 7369676E 		.ascii	"signed char\000"
 312      65642063 
 312      68617200 
 313              	.LASF9:
 314 019c 666C6F61 		.ascii	"float\000"
 314      7400
 315              	.LASF2:
 316 01a2 73686F72 		.ascii	"short int\000"
 316      7420696E 
 316      7400
 317              	.LASF14:
 318 01ac 73697A65 		.ascii	"sizetype\000"
 318      74797065 
ARM GAS  C:\Users\VIDEOH~1\AppData\Local\Temp\ccyxGXky.s 			page 9


 318      00
 319              		.ident	"GCC: (GNU Tools for ARM Embedded Processors) 5.4.1 20160609 (release) [ARM/embedded-5-bran
