ARM GAS  C:\Users\VIDEOH~1\AppData\Local\Temp\ccuhZKTv.s 			page 1


   1              		.syntax unified
   2              		.cpu cortex-m0
   3              		.fpu softvfp
   4              		.eabi_attribute 20, 1
   5              		.eabi_attribute 21, 1
   6              		.eabi_attribute 23, 3
   7              		.eabi_attribute 24, 1
   8              		.eabi_attribute 25, 1
   9              		.eabi_attribute 26, 1
  10              		.eabi_attribute 30, 4
  11              		.eabi_attribute 34, 0
  12              		.eabi_attribute 18, 4
  13              		.thumb
  14              		.syntax unified
  15              		.file	"CoolerStatusReg.c"
  16              		.text
  17              	.Ltext0:
  18              		.cfi_sections	.debug_frame
  19              		.section	.text.CoolerStatusReg_Read,"ax",%progbits
  20              		.align	1
  21              		.global	CoolerStatusReg_Read
  22              		.code	16
  23              		.thumb_func
  24              		.type	CoolerStatusReg_Read, %function
  25              	CoolerStatusReg_Read:
  26              	.LFB0:
  27              		.file 1 "Generated_Source\\PSoC4\\CoolerStatusReg.c"
   1:Generated_Source\PSoC4/CoolerStatusReg.c **** /*******************************************************************************
   2:Generated_Source\PSoC4/CoolerStatusReg.c **** * File Name: CoolerStatusReg.c  
   3:Generated_Source\PSoC4/CoolerStatusReg.c **** * Version 1.90
   4:Generated_Source\PSoC4/CoolerStatusReg.c **** *
   5:Generated_Source\PSoC4/CoolerStatusReg.c **** * Description:
   6:Generated_Source\PSoC4/CoolerStatusReg.c **** *  This file contains API to enable firmware to read the value of a Status 
   7:Generated_Source\PSoC4/CoolerStatusReg.c **** *  Register.
   8:Generated_Source\PSoC4/CoolerStatusReg.c **** *
   9:Generated_Source\PSoC4/CoolerStatusReg.c **** * Note:
  10:Generated_Source\PSoC4/CoolerStatusReg.c **** *
  11:Generated_Source\PSoC4/CoolerStatusReg.c **** ********************************************************************************
  12:Generated_Source\PSoC4/CoolerStatusReg.c **** * Copyright 2008-2015, Cypress Semiconductor Corporation.  All rights reserved.
  13:Generated_Source\PSoC4/CoolerStatusReg.c **** * You may use this file only in accordance with the license, terms, conditions, 
  14:Generated_Source\PSoC4/CoolerStatusReg.c **** * disclaimers, and limitations in the end user license agreement accompanying 
  15:Generated_Source\PSoC4/CoolerStatusReg.c **** * the software package with which this file was provided.
  16:Generated_Source\PSoC4/CoolerStatusReg.c **** *******************************************************************************/
  17:Generated_Source\PSoC4/CoolerStatusReg.c **** 
  18:Generated_Source\PSoC4/CoolerStatusReg.c **** #include "CoolerStatusReg.h"
  19:Generated_Source\PSoC4/CoolerStatusReg.c **** 
  20:Generated_Source\PSoC4/CoolerStatusReg.c **** #if !defined(CoolerStatusReg_sts_sts_reg__REMOVED) /* Check for removal by optimization */
  21:Generated_Source\PSoC4/CoolerStatusReg.c **** 
  22:Generated_Source\PSoC4/CoolerStatusReg.c **** 
  23:Generated_Source\PSoC4/CoolerStatusReg.c **** /*******************************************************************************
  24:Generated_Source\PSoC4/CoolerStatusReg.c **** * Function Name: CoolerStatusReg_Read
  25:Generated_Source\PSoC4/CoolerStatusReg.c **** ********************************************************************************
  26:Generated_Source\PSoC4/CoolerStatusReg.c **** *
  27:Generated_Source\PSoC4/CoolerStatusReg.c **** * Summary:
  28:Generated_Source\PSoC4/CoolerStatusReg.c **** *  Reads the current value assigned to the Status Register.
  29:Generated_Source\PSoC4/CoolerStatusReg.c **** *
  30:Generated_Source\PSoC4/CoolerStatusReg.c **** * Parameters:
ARM GAS  C:\Users\VIDEOH~1\AppData\Local\Temp\ccuhZKTv.s 			page 2


  31:Generated_Source\PSoC4/CoolerStatusReg.c **** *  None.
  32:Generated_Source\PSoC4/CoolerStatusReg.c **** *
  33:Generated_Source\PSoC4/CoolerStatusReg.c **** * Return:
  34:Generated_Source\PSoC4/CoolerStatusReg.c **** *  The current value in the Status Register.
  35:Generated_Source\PSoC4/CoolerStatusReg.c **** *
  36:Generated_Source\PSoC4/CoolerStatusReg.c **** *******************************************************************************/
  37:Generated_Source\PSoC4/CoolerStatusReg.c **** uint8 CoolerStatusReg_Read(void) 
  38:Generated_Source\PSoC4/CoolerStatusReg.c **** { 
  28              		.loc 1 38 0
  29              		.cfi_startproc
  30              		@ args = 0, pretend = 0, frame = 0
  31              		@ frame_needed = 0, uses_anonymous_args = 0
  32              		@ link register save eliminated.
  39:Generated_Source\PSoC4/CoolerStatusReg.c ****     return CoolerStatusReg_Status;
  33              		.loc 1 39 0
  34 0000 014B     		ldr	r3, .L2
  40:Generated_Source\PSoC4/CoolerStatusReg.c **** }
  35              		.loc 1 40 0
  36              		@ sp needed
  39:Generated_Source\PSoC4/CoolerStatusReg.c ****     return CoolerStatusReg_Status;
  37              		.loc 1 39 0
  38 0002 1878     		ldrb	r0, [r3]
  39 0004 C0B2     		uxtb	r0, r0
  40              		.loc 1 40 0
  41 0006 7047     		bx	lr
  42              	.L3:
  43              		.align	2
  44              	.L2:
  45 0008 61000F40 		.word	1074724961
  46              		.cfi_endproc
  47              	.LFE0:
  48              		.size	CoolerStatusReg_Read, .-CoolerStatusReg_Read
  49              		.section	.text.CoolerStatusReg_InterruptEnable,"ax",%progbits
  50              		.align	1
  51              		.global	CoolerStatusReg_InterruptEnable
  52              		.code	16
  53              		.thumb_func
  54              		.type	CoolerStatusReg_InterruptEnable, %function
  55              	CoolerStatusReg_InterruptEnable:
  56              	.LFB1:
  41:Generated_Source\PSoC4/CoolerStatusReg.c **** 
  42:Generated_Source\PSoC4/CoolerStatusReg.c **** 
  43:Generated_Source\PSoC4/CoolerStatusReg.c **** /*******************************************************************************
  44:Generated_Source\PSoC4/CoolerStatusReg.c **** * Function Name: CoolerStatusReg_InterruptEnable
  45:Generated_Source\PSoC4/CoolerStatusReg.c **** ********************************************************************************
  46:Generated_Source\PSoC4/CoolerStatusReg.c **** *
  47:Generated_Source\PSoC4/CoolerStatusReg.c **** * Summary:
  48:Generated_Source\PSoC4/CoolerStatusReg.c **** *  Enables the Status Register interrupt.
  49:Generated_Source\PSoC4/CoolerStatusReg.c **** *
  50:Generated_Source\PSoC4/CoolerStatusReg.c **** * Parameters:
  51:Generated_Source\PSoC4/CoolerStatusReg.c **** *  None.
  52:Generated_Source\PSoC4/CoolerStatusReg.c **** *
  53:Generated_Source\PSoC4/CoolerStatusReg.c **** * Return:
  54:Generated_Source\PSoC4/CoolerStatusReg.c **** *  None.
  55:Generated_Source\PSoC4/CoolerStatusReg.c **** *
  56:Generated_Source\PSoC4/CoolerStatusReg.c **** *******************************************************************************/
  57:Generated_Source\PSoC4/CoolerStatusReg.c **** void CoolerStatusReg_InterruptEnable(void) 
ARM GAS  C:\Users\VIDEOH~1\AppData\Local\Temp\ccuhZKTv.s 			page 3


  58:Generated_Source\PSoC4/CoolerStatusReg.c **** {
  57              		.loc 1 58 0
  58              		.cfi_startproc
  59              		@ args = 0, pretend = 0, frame = 0
  60              		@ frame_needed = 0, uses_anonymous_args = 0
  61 0000 10B5     		push	{r4, lr}
  62              		.cfi_def_cfa_offset 8
  63              		.cfi_offset 4, -8
  64              		.cfi_offset 14, -4
  59:Generated_Source\PSoC4/CoolerStatusReg.c ****     uint8 interruptState;
  60:Generated_Source\PSoC4/CoolerStatusReg.c ****     interruptState = CyEnterCriticalSection();
  65              		.loc 1 60 0
  66 0002 FFF7FEFF 		bl	CyEnterCriticalSection
  67              	.LVL0:
  61:Generated_Source\PSoC4/CoolerStatusReg.c ****     CoolerStatusReg_Status_Aux_Ctrl |= CoolerStatusReg_STATUS_INTR_ENBL;
  68              		.loc 1 61 0
  69 0006 1021     		movs	r1, #16
  70 0008 034A     		ldr	r2, .L5
  62:Generated_Source\PSoC4/CoolerStatusReg.c ****     CyExitCriticalSection(interruptState);
  63:Generated_Source\PSoC4/CoolerStatusReg.c **** }
  71              		.loc 1 63 0
  72              		@ sp needed
  61:Generated_Source\PSoC4/CoolerStatusReg.c ****     CoolerStatusReg_Status_Aux_Ctrl |= CoolerStatusReg_STATUS_INTR_ENBL;
  73              		.loc 1 61 0
  74 000a 1378     		ldrb	r3, [r2]
  75 000c 0B43     		orrs	r3, r1
  76 000e 1370     		strb	r3, [r2]
  62:Generated_Source\PSoC4/CoolerStatusReg.c ****     CyExitCriticalSection(interruptState);
  77              		.loc 1 62 0
  78 0010 FFF7FEFF 		bl	CyExitCriticalSection
  79              	.LVL1:
  80              		.loc 1 63 0
  81 0014 10BD     		pop	{r4, pc}
  82              	.L6:
  83 0016 C046     		.align	2
  84              	.L5:
  85 0018 91000F40 		.word	1074725009
  86              		.cfi_endproc
  87              	.LFE1:
  88              		.size	CoolerStatusReg_InterruptEnable, .-CoolerStatusReg_InterruptEnable
  89              		.section	.text.CoolerStatusReg_InterruptDisable,"ax",%progbits
  90              		.align	1
  91              		.global	CoolerStatusReg_InterruptDisable
  92              		.code	16
  93              		.thumb_func
  94              		.type	CoolerStatusReg_InterruptDisable, %function
  95              	CoolerStatusReg_InterruptDisable:
  96              	.LFB2:
  64:Generated_Source\PSoC4/CoolerStatusReg.c **** 
  65:Generated_Source\PSoC4/CoolerStatusReg.c **** 
  66:Generated_Source\PSoC4/CoolerStatusReg.c **** /*******************************************************************************
  67:Generated_Source\PSoC4/CoolerStatusReg.c **** * Function Name: CoolerStatusReg_InterruptDisable
  68:Generated_Source\PSoC4/CoolerStatusReg.c **** ********************************************************************************
  69:Generated_Source\PSoC4/CoolerStatusReg.c **** *
  70:Generated_Source\PSoC4/CoolerStatusReg.c **** * Summary:
  71:Generated_Source\PSoC4/CoolerStatusReg.c **** *  Disables the Status Register interrupt.
  72:Generated_Source\PSoC4/CoolerStatusReg.c **** *
ARM GAS  C:\Users\VIDEOH~1\AppData\Local\Temp\ccuhZKTv.s 			page 4


  73:Generated_Source\PSoC4/CoolerStatusReg.c **** * Parameters:
  74:Generated_Source\PSoC4/CoolerStatusReg.c **** *  None.
  75:Generated_Source\PSoC4/CoolerStatusReg.c **** *
  76:Generated_Source\PSoC4/CoolerStatusReg.c **** * Return:
  77:Generated_Source\PSoC4/CoolerStatusReg.c **** *  None.
  78:Generated_Source\PSoC4/CoolerStatusReg.c **** *
  79:Generated_Source\PSoC4/CoolerStatusReg.c **** *******************************************************************************/
  80:Generated_Source\PSoC4/CoolerStatusReg.c **** void CoolerStatusReg_InterruptDisable(void) 
  81:Generated_Source\PSoC4/CoolerStatusReg.c **** {
  97              		.loc 1 81 0
  98              		.cfi_startproc
  99              		@ args = 0, pretend = 0, frame = 0
 100              		@ frame_needed = 0, uses_anonymous_args = 0
 101 0000 10B5     		push	{r4, lr}
 102              		.cfi_def_cfa_offset 8
 103              		.cfi_offset 4, -8
 104              		.cfi_offset 14, -4
  82:Generated_Source\PSoC4/CoolerStatusReg.c ****     uint8 interruptState;
  83:Generated_Source\PSoC4/CoolerStatusReg.c ****     interruptState = CyEnterCriticalSection();
 105              		.loc 1 83 0
 106 0002 FFF7FEFF 		bl	CyEnterCriticalSection
 107              	.LVL2:
  84:Generated_Source\PSoC4/CoolerStatusReg.c ****     CoolerStatusReg_Status_Aux_Ctrl &= (uint8)(~CoolerStatusReg_STATUS_INTR_ENBL);
 108              		.loc 1 84 0
 109 0006 1021     		movs	r1, #16
 110 0008 034A     		ldr	r2, .L8
  85:Generated_Source\PSoC4/CoolerStatusReg.c ****     CyExitCriticalSection(interruptState);
  86:Generated_Source\PSoC4/CoolerStatusReg.c **** }
 111              		.loc 1 86 0
 112              		@ sp needed
  84:Generated_Source\PSoC4/CoolerStatusReg.c ****     CoolerStatusReg_Status_Aux_Ctrl &= (uint8)(~CoolerStatusReg_STATUS_INTR_ENBL);
 113              		.loc 1 84 0
 114 000a 1378     		ldrb	r3, [r2]
 115 000c 8B43     		bics	r3, r1
 116 000e 1370     		strb	r3, [r2]
  85:Generated_Source\PSoC4/CoolerStatusReg.c ****     CyExitCriticalSection(interruptState);
 117              		.loc 1 85 0
 118 0010 FFF7FEFF 		bl	CyExitCriticalSection
 119              	.LVL3:
 120              		.loc 1 86 0
 121 0014 10BD     		pop	{r4, pc}
 122              	.L9:
 123 0016 C046     		.align	2
 124              	.L8:
 125 0018 91000F40 		.word	1074725009
 126              		.cfi_endproc
 127              	.LFE2:
 128              		.size	CoolerStatusReg_InterruptDisable, .-CoolerStatusReg_InterruptDisable
 129              		.section	.text.CoolerStatusReg_WriteMask,"ax",%progbits
 130              		.align	1
 131              		.global	CoolerStatusReg_WriteMask
 132              		.code	16
 133              		.thumb_func
 134              		.type	CoolerStatusReg_WriteMask, %function
 135              	CoolerStatusReg_WriteMask:
 136              	.LFB3:
  87:Generated_Source\PSoC4/CoolerStatusReg.c **** 
ARM GAS  C:\Users\VIDEOH~1\AppData\Local\Temp\ccuhZKTv.s 			page 5


  88:Generated_Source\PSoC4/CoolerStatusReg.c **** 
  89:Generated_Source\PSoC4/CoolerStatusReg.c **** /*******************************************************************************
  90:Generated_Source\PSoC4/CoolerStatusReg.c **** * Function Name: CoolerStatusReg_WriteMask
  91:Generated_Source\PSoC4/CoolerStatusReg.c **** ********************************************************************************
  92:Generated_Source\PSoC4/CoolerStatusReg.c **** *
  93:Generated_Source\PSoC4/CoolerStatusReg.c **** * Summary:
  94:Generated_Source\PSoC4/CoolerStatusReg.c **** *  Writes the current mask value assigned to the Status Register.
  95:Generated_Source\PSoC4/CoolerStatusReg.c **** *
  96:Generated_Source\PSoC4/CoolerStatusReg.c **** * Parameters:
  97:Generated_Source\PSoC4/CoolerStatusReg.c **** *  mask:  Value to write into the mask register.
  98:Generated_Source\PSoC4/CoolerStatusReg.c **** *
  99:Generated_Source\PSoC4/CoolerStatusReg.c **** * Return:
 100:Generated_Source\PSoC4/CoolerStatusReg.c **** *  None.
 101:Generated_Source\PSoC4/CoolerStatusReg.c **** *
 102:Generated_Source\PSoC4/CoolerStatusReg.c **** *******************************************************************************/
 103:Generated_Source\PSoC4/CoolerStatusReg.c **** void CoolerStatusReg_WriteMask(uint8 mask) 
 104:Generated_Source\PSoC4/CoolerStatusReg.c **** {
 137              		.loc 1 104 0
 138              		.cfi_startproc
 139              		@ args = 0, pretend = 0, frame = 0
 140              		@ frame_needed = 0, uses_anonymous_args = 0
 141              		@ link register save eliminated.
 142              	.LVL4:
 105:Generated_Source\PSoC4/CoolerStatusReg.c ****     #if(CoolerStatusReg_INPUTS < 8u)
 106:Generated_Source\PSoC4/CoolerStatusReg.c ****     	mask &= ((uint8)(1u << CoolerStatusReg_INPUTS) - 1u);
 143              		.loc 1 106 0
 144 0000 0123     		movs	r3, #1
 145 0002 1840     		ands	r0, r3
 146              	.LVL5:
 107:Generated_Source\PSoC4/CoolerStatusReg.c **** 	#endif /* End CoolerStatusReg_INPUTS < 8u */
 108:Generated_Source\PSoC4/CoolerStatusReg.c ****     CoolerStatusReg_Status_Mask = mask;
 147              		.loc 1 108 0
 148 0004 014B     		ldr	r3, .L11
 109:Generated_Source\PSoC4/CoolerStatusReg.c **** }
 149              		.loc 1 109 0
 150              		@ sp needed
 108:Generated_Source\PSoC4/CoolerStatusReg.c **** }
 151              		.loc 1 108 0
 152 0006 1870     		strb	r0, [r3]
 153              		.loc 1 109 0
 154 0008 7047     		bx	lr
 155              	.L12:
 156 000a C046     		.align	2
 157              	.L11:
 158 000c 81000F40 		.word	1074724993
 159              		.cfi_endproc
 160              	.LFE3:
 161              		.size	CoolerStatusReg_WriteMask, .-CoolerStatusReg_WriteMask
 162              		.section	.text.CoolerStatusReg_ReadMask,"ax",%progbits
 163              		.align	1
 164              		.global	CoolerStatusReg_ReadMask
 165              		.code	16
 166              		.thumb_func
 167              		.type	CoolerStatusReg_ReadMask, %function
 168              	CoolerStatusReg_ReadMask:
 169              	.LFB4:
 110:Generated_Source\PSoC4/CoolerStatusReg.c **** 
ARM GAS  C:\Users\VIDEOH~1\AppData\Local\Temp\ccuhZKTv.s 			page 6


 111:Generated_Source\PSoC4/CoolerStatusReg.c **** 
 112:Generated_Source\PSoC4/CoolerStatusReg.c **** /*******************************************************************************
 113:Generated_Source\PSoC4/CoolerStatusReg.c **** * Function Name: CoolerStatusReg_ReadMask
 114:Generated_Source\PSoC4/CoolerStatusReg.c **** ********************************************************************************
 115:Generated_Source\PSoC4/CoolerStatusReg.c **** *
 116:Generated_Source\PSoC4/CoolerStatusReg.c **** * Summary:
 117:Generated_Source\PSoC4/CoolerStatusReg.c **** *  Reads the current interrupt mask assigned to the Status Register.
 118:Generated_Source\PSoC4/CoolerStatusReg.c **** *
 119:Generated_Source\PSoC4/CoolerStatusReg.c **** * Parameters:
 120:Generated_Source\PSoC4/CoolerStatusReg.c **** *  None.
 121:Generated_Source\PSoC4/CoolerStatusReg.c **** *
 122:Generated_Source\PSoC4/CoolerStatusReg.c **** * Return:
 123:Generated_Source\PSoC4/CoolerStatusReg.c **** *  The value of the interrupt mask of the Status Register.
 124:Generated_Source\PSoC4/CoolerStatusReg.c **** *
 125:Generated_Source\PSoC4/CoolerStatusReg.c **** *******************************************************************************/
 126:Generated_Source\PSoC4/CoolerStatusReg.c **** uint8 CoolerStatusReg_ReadMask(void) 
 127:Generated_Source\PSoC4/CoolerStatusReg.c **** {
 170              		.loc 1 127 0
 171              		.cfi_startproc
 172              		@ args = 0, pretend = 0, frame = 0
 173              		@ frame_needed = 0, uses_anonymous_args = 0
 174              		@ link register save eliminated.
 128:Generated_Source\PSoC4/CoolerStatusReg.c ****     return CoolerStatusReg_Status_Mask;
 175              		.loc 1 128 0
 176 0000 014B     		ldr	r3, .L14
 129:Generated_Source\PSoC4/CoolerStatusReg.c **** }
 177              		.loc 1 129 0
 178              		@ sp needed
 128:Generated_Source\PSoC4/CoolerStatusReg.c ****     return CoolerStatusReg_Status_Mask;
 179              		.loc 1 128 0
 180 0002 1878     		ldrb	r0, [r3]
 181 0004 C0B2     		uxtb	r0, r0
 182              		.loc 1 129 0
 183 0006 7047     		bx	lr
 184              	.L15:
 185              		.align	2
 186              	.L14:
 187 0008 81000F40 		.word	1074724993
 188              		.cfi_endproc
 189              	.LFE4:
 190              		.size	CoolerStatusReg_ReadMask, .-CoolerStatusReg_ReadMask
 191              		.text
 192              	.Letext0:
 193              		.file 2 "Generated_Source\\PSoC4\\cytypes.h"
 194              		.file 3 "Generated_Source\\PSoC4\\CyLib.h"
 195              		.section	.debug_info,"",%progbits
 196              	.Ldebug_info0:
 197 0000 74010000 		.4byte	0x174
 198 0004 0400     		.2byte	0x4
 199 0006 00000000 		.4byte	.Ldebug_abbrev0
 200 000a 04       		.byte	0x4
 201 000b 01       		.uleb128 0x1
 202 000c 3C000000 		.4byte	.LASF23
 203 0010 0C       		.byte	0xc
 204 0011 FB010000 		.4byte	.LASF24
 205 0015 D5000000 		.4byte	.LASF25
 206 0019 00000000 		.4byte	.Ldebug_ranges0+0
ARM GAS  C:\Users\VIDEOH~1\AppData\Local\Temp\ccuhZKTv.s 			page 7


 207 001d 00000000 		.4byte	0
 208 0021 00000000 		.4byte	.Ldebug_line0
 209 0025 02       		.uleb128 0x2
 210 0026 01       		.byte	0x1
 211 0027 06       		.byte	0x6
 212 0028 D9010000 		.4byte	.LASF0
 213 002c 02       		.uleb128 0x2
 214 002d 01       		.byte	0x1
 215 002e 08       		.byte	0x8
 216 002f 2E000000 		.4byte	.LASF1
 217 0033 02       		.uleb128 0x2
 218 0034 02       		.byte	0x2
 219 0035 05       		.byte	0x5
 220 0036 4A020000 		.4byte	.LASF2
 221 003a 02       		.uleb128 0x2
 222 003b 02       		.byte	0x2
 223 003c 07       		.byte	0x7
 224 003d 0E000000 		.4byte	.LASF3
 225 0041 02       		.uleb128 0x2
 226 0042 04       		.byte	0x4
 227 0043 05       		.byte	0x5
 228 0044 C3010000 		.4byte	.LASF4
 229 0048 02       		.uleb128 0x2
 230 0049 04       		.byte	0x4
 231 004a 07       		.byte	0x7
 232 004b 3C010000 		.4byte	.LASF5
 233 004f 02       		.uleb128 0x2
 234 0050 08       		.byte	0x8
 235 0051 05       		.byte	0x5
 236 0052 00000000 		.4byte	.LASF6
 237 0056 02       		.uleb128 0x2
 238 0057 08       		.byte	0x8
 239 0058 07       		.byte	0x7
 240 0059 4E010000 		.4byte	.LASF7
 241 005d 03       		.uleb128 0x3
 242 005e 04       		.byte	0x4
 243 005f 05       		.byte	0x5
 244 0060 696E7400 		.ascii	"int\000"
 245 0064 02       		.uleb128 0x2
 246 0065 04       		.byte	0x4
 247 0066 07       		.byte	0x7
 248 0067 21000000 		.4byte	.LASF8
 249 006b 04       		.uleb128 0x4
 250 006c D3010000 		.4byte	.LASF12
 251 0070 02       		.byte	0x2
 252 0071 E401     		.2byte	0x1e4
 253 0073 2C000000 		.4byte	0x2c
 254 0077 02       		.uleb128 0x2
 255 0078 04       		.byte	0x4
 256 0079 04       		.byte	0x4
 257 007a 24020000 		.4byte	.LASF9
 258 007e 02       		.uleb128 0x2
 259 007f 08       		.byte	0x8
 260 0080 04       		.byte	0x4
 261 0081 CC010000 		.4byte	.LASF10
 262 0085 02       		.uleb128 0x2
 263 0086 01       		.byte	0x1
ARM GAS  C:\Users\VIDEOH~1\AppData\Local\Temp\ccuhZKTv.s 			page 8


 264 0087 08       		.byte	0x8
 265 0088 BE010000 		.4byte	.LASF11
 266 008c 04       		.uleb128 0x4
 267 008d 54020000 		.4byte	.LASF13
 268 0091 02       		.byte	0x2
 269 0092 8E02     		.2byte	0x28e
 270 0094 98000000 		.4byte	0x98
 271 0098 05       		.uleb128 0x5
 272 0099 6B000000 		.4byte	0x6b
 273 009d 02       		.uleb128 0x2
 274 009e 04       		.byte	0x4
 275 009f 07       		.byte	0x7
 276 00a0 59020000 		.4byte	.LASF14
 277 00a4 06       		.uleb128 0x6
 278 00a5 27010000 		.4byte	.LASF19
 279 00a9 01       		.byte	0x1
 280 00aa 25       		.byte	0x25
 281 00ab 6B000000 		.4byte	0x6b
 282 00af 00000000 		.4byte	.LFB0
 283 00b3 0C000000 		.4byte	.LFE0-.LFB0
 284 00b7 01       		.uleb128 0x1
 285 00b8 9C       		.byte	0x9c
 286 00b9 07       		.uleb128 0x7
 287 00ba 2A020000 		.4byte	.LASF15
 288 00be 01       		.byte	0x1
 289 00bf 39       		.byte	0x39
 290 00c0 00000000 		.4byte	.LFB1
 291 00c4 1C000000 		.4byte	.LFE1-.LFB1
 292 00c8 01       		.uleb128 0x1
 293 00c9 9C       		.byte	0x9c
 294 00ca F0000000 		.4byte	0xf0
 295 00ce 08       		.uleb128 0x8
 296 00cf 62020000 		.4byte	.LASF17
 297 00d3 01       		.byte	0x1
 298 00d4 3B       		.byte	0x3b
 299 00d5 6B000000 		.4byte	0x6b
 300 00d9 00000000 		.4byte	.LLST0
 301 00dd 09       		.uleb128 0x9
 302 00de 06000000 		.4byte	.LVL0
 303 00e2 61010000 		.4byte	0x161
 304 00e6 09       		.uleb128 0x9
 305 00e7 14000000 		.4byte	.LVL1
 306 00eb 6C010000 		.4byte	0x16c
 307 00ef 00       		.byte	0
 308 00f0 07       		.uleb128 0x7
 309 00f1 9D010000 		.4byte	.LASF16
 310 00f5 01       		.byte	0x1
 311 00f6 50       		.byte	0x50
 312 00f7 00000000 		.4byte	.LFB2
 313 00fb 1C000000 		.4byte	.LFE2-.LFB2
 314 00ff 01       		.uleb128 0x1
 315 0100 9C       		.byte	0x9c
 316 0101 27010000 		.4byte	0x127
 317 0105 08       		.uleb128 0x8
 318 0106 62020000 		.4byte	.LASF17
 319 010a 01       		.byte	0x1
 320 010b 52       		.byte	0x52
ARM GAS  C:\Users\VIDEOH~1\AppData\Local\Temp\ccuhZKTv.s 			page 9


 321 010c 6B000000 		.4byte	0x6b
 322 0110 13000000 		.4byte	.LLST1
 323 0114 09       		.uleb128 0x9
 324 0115 06000000 		.4byte	.LVL2
 325 0119 61010000 		.4byte	0x161
 326 011d 09       		.uleb128 0x9
 327 011e 14000000 		.4byte	.LVL3
 328 0122 6C010000 		.4byte	0x16c
 329 0126 00       		.byte	0
 330 0127 07       		.uleb128 0x7
 331 0128 7E010000 		.4byte	.LASF18
 332 012c 01       		.byte	0x1
 333 012d 67       		.byte	0x67
 334 012e 00000000 		.4byte	.LFB3
 335 0132 10000000 		.4byte	.LFE3-.LFB3
 336 0136 01       		.uleb128 0x1
 337 0137 9C       		.byte	0x9c
 338 0138 4C010000 		.4byte	0x14c
 339 013c 0A       		.uleb128 0xa
 340 013d 98010000 		.4byte	.LASF26
 341 0141 01       		.byte	0x1
 342 0142 67       		.byte	0x67
 343 0143 6B000000 		.4byte	0x6b
 344 0147 26000000 		.4byte	.LLST2
 345 014b 00       		.byte	0
 346 014c 06       		.uleb128 0x6
 347 014d 65010000 		.4byte	.LASF20
 348 0151 01       		.byte	0x1
 349 0152 7E       		.byte	0x7e
 350 0153 6B000000 		.4byte	0x6b
 351 0157 00000000 		.4byte	.LFB4
 352 015b 0C000000 		.4byte	.LFE4-.LFB4
 353 015f 01       		.uleb128 0x1
 354 0160 9C       		.byte	0x9c
 355 0161 0B       		.uleb128 0xb
 356 0162 10010000 		.4byte	.LASF21
 357 0166 10010000 		.4byte	.LASF21
 358 016a 03       		.byte	0x3
 359 016b E5       		.byte	0xe5
 360 016c 0B       		.uleb128 0xb
 361 016d E5010000 		.4byte	.LASF22
 362 0171 E5010000 		.4byte	.LASF22
 363 0175 03       		.byte	0x3
 364 0176 E6       		.byte	0xe6
 365 0177 00       		.byte	0
 366              		.section	.debug_abbrev,"",%progbits
 367              	.Ldebug_abbrev0:
 368 0000 01       		.uleb128 0x1
 369 0001 11       		.uleb128 0x11
 370 0002 01       		.byte	0x1
 371 0003 25       		.uleb128 0x25
 372 0004 0E       		.uleb128 0xe
 373 0005 13       		.uleb128 0x13
 374 0006 0B       		.uleb128 0xb
 375 0007 03       		.uleb128 0x3
 376 0008 0E       		.uleb128 0xe
 377 0009 1B       		.uleb128 0x1b
ARM GAS  C:\Users\VIDEOH~1\AppData\Local\Temp\ccuhZKTv.s 			page 10


 378 000a 0E       		.uleb128 0xe
 379 000b 55       		.uleb128 0x55
 380 000c 17       		.uleb128 0x17
 381 000d 11       		.uleb128 0x11
 382 000e 01       		.uleb128 0x1
 383 000f 10       		.uleb128 0x10
 384 0010 17       		.uleb128 0x17
 385 0011 00       		.byte	0
 386 0012 00       		.byte	0
 387 0013 02       		.uleb128 0x2
 388 0014 24       		.uleb128 0x24
 389 0015 00       		.byte	0
 390 0016 0B       		.uleb128 0xb
 391 0017 0B       		.uleb128 0xb
 392 0018 3E       		.uleb128 0x3e
 393 0019 0B       		.uleb128 0xb
 394 001a 03       		.uleb128 0x3
 395 001b 0E       		.uleb128 0xe
 396 001c 00       		.byte	0
 397 001d 00       		.byte	0
 398 001e 03       		.uleb128 0x3
 399 001f 24       		.uleb128 0x24
 400 0020 00       		.byte	0
 401 0021 0B       		.uleb128 0xb
 402 0022 0B       		.uleb128 0xb
 403 0023 3E       		.uleb128 0x3e
 404 0024 0B       		.uleb128 0xb
 405 0025 03       		.uleb128 0x3
 406 0026 08       		.uleb128 0x8
 407 0027 00       		.byte	0
 408 0028 00       		.byte	0
 409 0029 04       		.uleb128 0x4
 410 002a 16       		.uleb128 0x16
 411 002b 00       		.byte	0
 412 002c 03       		.uleb128 0x3
 413 002d 0E       		.uleb128 0xe
 414 002e 3A       		.uleb128 0x3a
 415 002f 0B       		.uleb128 0xb
 416 0030 3B       		.uleb128 0x3b
 417 0031 05       		.uleb128 0x5
 418 0032 49       		.uleb128 0x49
 419 0033 13       		.uleb128 0x13
 420 0034 00       		.byte	0
 421 0035 00       		.byte	0
 422 0036 05       		.uleb128 0x5
 423 0037 35       		.uleb128 0x35
 424 0038 00       		.byte	0
 425 0039 49       		.uleb128 0x49
 426 003a 13       		.uleb128 0x13
 427 003b 00       		.byte	0
 428 003c 00       		.byte	0
 429 003d 06       		.uleb128 0x6
 430 003e 2E       		.uleb128 0x2e
 431 003f 00       		.byte	0
 432 0040 3F       		.uleb128 0x3f
 433 0041 19       		.uleb128 0x19
 434 0042 03       		.uleb128 0x3
ARM GAS  C:\Users\VIDEOH~1\AppData\Local\Temp\ccuhZKTv.s 			page 11


 435 0043 0E       		.uleb128 0xe
 436 0044 3A       		.uleb128 0x3a
 437 0045 0B       		.uleb128 0xb
 438 0046 3B       		.uleb128 0x3b
 439 0047 0B       		.uleb128 0xb
 440 0048 27       		.uleb128 0x27
 441 0049 19       		.uleb128 0x19
 442 004a 49       		.uleb128 0x49
 443 004b 13       		.uleb128 0x13
 444 004c 11       		.uleb128 0x11
 445 004d 01       		.uleb128 0x1
 446 004e 12       		.uleb128 0x12
 447 004f 06       		.uleb128 0x6
 448 0050 40       		.uleb128 0x40
 449 0051 18       		.uleb128 0x18
 450 0052 9742     		.uleb128 0x2117
 451 0054 19       		.uleb128 0x19
 452 0055 00       		.byte	0
 453 0056 00       		.byte	0
 454 0057 07       		.uleb128 0x7
 455 0058 2E       		.uleb128 0x2e
 456 0059 01       		.byte	0x1
 457 005a 3F       		.uleb128 0x3f
 458 005b 19       		.uleb128 0x19
 459 005c 03       		.uleb128 0x3
 460 005d 0E       		.uleb128 0xe
 461 005e 3A       		.uleb128 0x3a
 462 005f 0B       		.uleb128 0xb
 463 0060 3B       		.uleb128 0x3b
 464 0061 0B       		.uleb128 0xb
 465 0062 27       		.uleb128 0x27
 466 0063 19       		.uleb128 0x19
 467 0064 11       		.uleb128 0x11
 468 0065 01       		.uleb128 0x1
 469 0066 12       		.uleb128 0x12
 470 0067 06       		.uleb128 0x6
 471 0068 40       		.uleb128 0x40
 472 0069 18       		.uleb128 0x18
 473 006a 9742     		.uleb128 0x2117
 474 006c 19       		.uleb128 0x19
 475 006d 01       		.uleb128 0x1
 476 006e 13       		.uleb128 0x13
 477 006f 00       		.byte	0
 478 0070 00       		.byte	0
 479 0071 08       		.uleb128 0x8
 480 0072 34       		.uleb128 0x34
 481 0073 00       		.byte	0
 482 0074 03       		.uleb128 0x3
 483 0075 0E       		.uleb128 0xe
 484 0076 3A       		.uleb128 0x3a
 485 0077 0B       		.uleb128 0xb
 486 0078 3B       		.uleb128 0x3b
 487 0079 0B       		.uleb128 0xb
 488 007a 49       		.uleb128 0x49
 489 007b 13       		.uleb128 0x13
 490 007c 02       		.uleb128 0x2
 491 007d 17       		.uleb128 0x17
ARM GAS  C:\Users\VIDEOH~1\AppData\Local\Temp\ccuhZKTv.s 			page 12


 492 007e 00       		.byte	0
 493 007f 00       		.byte	0
 494 0080 09       		.uleb128 0x9
 495 0081 898201   		.uleb128 0x4109
 496 0084 00       		.byte	0
 497 0085 11       		.uleb128 0x11
 498 0086 01       		.uleb128 0x1
 499 0087 31       		.uleb128 0x31
 500 0088 13       		.uleb128 0x13
 501 0089 00       		.byte	0
 502 008a 00       		.byte	0
 503 008b 0A       		.uleb128 0xa
 504 008c 05       		.uleb128 0x5
 505 008d 00       		.byte	0
 506 008e 03       		.uleb128 0x3
 507 008f 0E       		.uleb128 0xe
 508 0090 3A       		.uleb128 0x3a
 509 0091 0B       		.uleb128 0xb
 510 0092 3B       		.uleb128 0x3b
 511 0093 0B       		.uleb128 0xb
 512 0094 49       		.uleb128 0x49
 513 0095 13       		.uleb128 0x13
 514 0096 02       		.uleb128 0x2
 515 0097 17       		.uleb128 0x17
 516 0098 00       		.byte	0
 517 0099 00       		.byte	0
 518 009a 0B       		.uleb128 0xb
 519 009b 2E       		.uleb128 0x2e
 520 009c 00       		.byte	0
 521 009d 3F       		.uleb128 0x3f
 522 009e 19       		.uleb128 0x19
 523 009f 3C       		.uleb128 0x3c
 524 00a0 19       		.uleb128 0x19
 525 00a1 6E       		.uleb128 0x6e
 526 00a2 0E       		.uleb128 0xe
 527 00a3 03       		.uleb128 0x3
 528 00a4 0E       		.uleb128 0xe
 529 00a5 3A       		.uleb128 0x3a
 530 00a6 0B       		.uleb128 0xb
 531 00a7 3B       		.uleb128 0x3b
 532 00a8 0B       		.uleb128 0xb
 533 00a9 00       		.byte	0
 534 00aa 00       		.byte	0
 535 00ab 00       		.byte	0
 536              		.section	.debug_loc,"",%progbits
 537              	.Ldebug_loc0:
 538              	.LLST0:
 539 0000 06000000 		.4byte	.LVL0
 540 0004 13000000 		.4byte	.LVL1-1
 541 0008 0100     		.2byte	0x1
 542 000a 50       		.byte	0x50
 543 000b 00000000 		.4byte	0
 544 000f 00000000 		.4byte	0
 545              	.LLST1:
 546 0013 06000000 		.4byte	.LVL2
 547 0017 13000000 		.4byte	.LVL3-1
 548 001b 0100     		.2byte	0x1
ARM GAS  C:\Users\VIDEOH~1\AppData\Local\Temp\ccuhZKTv.s 			page 13


 549 001d 50       		.byte	0x50
 550 001e 00000000 		.4byte	0
 551 0022 00000000 		.4byte	0
 552              	.LLST2:
 553 0026 00000000 		.4byte	.LVL4
 554 002a 04000000 		.4byte	.LVL5
 555 002e 0100     		.2byte	0x1
 556 0030 50       		.byte	0x50
 557 0031 04000000 		.4byte	.LVL5
 558 0035 10000000 		.4byte	.LFE3
 559 0039 0100     		.2byte	0x1
 560 003b 50       		.byte	0x50
 561 003c 00000000 		.4byte	0
 562 0040 00000000 		.4byte	0
 563              		.section	.debug_aranges,"",%progbits
 564 0000 3C000000 		.4byte	0x3c
 565 0004 0200     		.2byte	0x2
 566 0006 00000000 		.4byte	.Ldebug_info0
 567 000a 04       		.byte	0x4
 568 000b 00       		.byte	0
 569 000c 0000     		.2byte	0
 570 000e 0000     		.2byte	0
 571 0010 00000000 		.4byte	.LFB0
 572 0014 0C000000 		.4byte	.LFE0-.LFB0
 573 0018 00000000 		.4byte	.LFB1
 574 001c 1C000000 		.4byte	.LFE1-.LFB1
 575 0020 00000000 		.4byte	.LFB2
 576 0024 1C000000 		.4byte	.LFE2-.LFB2
 577 0028 00000000 		.4byte	.LFB3
 578 002c 10000000 		.4byte	.LFE3-.LFB3
 579 0030 00000000 		.4byte	.LFB4
 580 0034 0C000000 		.4byte	.LFE4-.LFB4
 581 0038 00000000 		.4byte	0
 582 003c 00000000 		.4byte	0
 583              		.section	.debug_ranges,"",%progbits
 584              	.Ldebug_ranges0:
 585 0000 00000000 		.4byte	.LFB0
 586 0004 0C000000 		.4byte	.LFE0
 587 0008 00000000 		.4byte	.LFB1
 588 000c 1C000000 		.4byte	.LFE1
 589 0010 00000000 		.4byte	.LFB2
 590 0014 1C000000 		.4byte	.LFE2
 591 0018 00000000 		.4byte	.LFB3
 592 001c 10000000 		.4byte	.LFE3
 593 0020 00000000 		.4byte	.LFB4
 594 0024 0C000000 		.4byte	.LFE4
 595 0028 00000000 		.4byte	0
 596 002c 00000000 		.4byte	0
 597              		.section	.debug_line,"",%progbits
 598              	.Ldebug_line0:
 599 0000 C4000000 		.section	.debug_str,"MS",%progbits,1
 599      02005700 
 599      00000201 
 599      FB0E0D00 
 599      01010101 
 600              	.LASF6:
 601 0000 6C6F6E67 		.ascii	"long long int\000"
ARM GAS  C:\Users\VIDEOH~1\AppData\Local\Temp\ccuhZKTv.s 			page 14


 601      206C6F6E 
 601      6720696E 
 601      7400
 602              	.LASF3:
 603 000e 73686F72 		.ascii	"short unsigned int\000"
 603      7420756E 
 603      7369676E 
 603      65642069 
 603      6E7400
 604              	.LASF8:
 605 0021 756E7369 		.ascii	"unsigned int\000"
 605      676E6564 
 605      20696E74 
 605      00
 606              	.LASF1:
 607 002e 756E7369 		.ascii	"unsigned char\000"
 607      676E6564 
 607      20636861 
 607      7200
 608              	.LASF23:
 609 003c 474E5520 		.ascii	"GNU C99 5.4.1 20160609 (release) [ARM/embedded-5-br"
 609      43393920 
 609      352E342E 
 609      31203230 
 609      31363036 
 610 006f 616E6368 		.ascii	"anch revision 237715] -mcpu=cortex-m0 -mthumb -g -O"
 610      20726576 
 610      6973696F 
 610      6E203233 
 610      37373135 
 611 00a2 73202D73 		.ascii	"s -std=gnu99 -ffunction-sections -ffat-lto-objects\000"
 611      74643D67 
 611      6E753939 
 611      202D6666 
 611      756E6374 
 612              	.LASF25:
 613 00d5 443A5C31 		.ascii	"D:\\1_work\\my_project\\ReloadPro\\psoc42boot\\Relo"
 613      5F776F72 
 613      6B5C6D79 
 613      5F70726F 
 613      6A656374 
 614 0103 61642050 		.ascii	"ad Pro.cydsn\000"
 614      726F2E63 
 614      7964736E 
 614      00
 615              	.LASF21:
 616 0110 4379456E 		.ascii	"CyEnterCriticalSection\000"
 616      74657243 
 616      72697469 
 616      63616C53 
 616      65637469 
 617              	.LASF19:
 618 0127 436F6F6C 		.ascii	"CoolerStatusReg_Read\000"
 618      65725374 
 618      61747573 
 618      5265675F 
 618      52656164 
ARM GAS  C:\Users\VIDEOH~1\AppData\Local\Temp\ccuhZKTv.s 			page 15


 619              	.LASF5:
 620 013c 6C6F6E67 		.ascii	"long unsigned int\000"
 620      20756E73 
 620      69676E65 
 620      6420696E 
 620      7400
 621              	.LASF7:
 622 014e 6C6F6E67 		.ascii	"long long unsigned int\000"
 622      206C6F6E 
 622      6720756E 
 622      7369676E 
 622      65642069 
 623              	.LASF20:
 624 0165 436F6F6C 		.ascii	"CoolerStatusReg_ReadMask\000"
 624      65725374 
 624      61747573 
 624      5265675F 
 624      52656164 
 625              	.LASF18:
 626 017e 436F6F6C 		.ascii	"CoolerStatusReg_WriteMask\000"
 626      65725374 
 626      61747573 
 626      5265675F 
 626      57726974 
 627              	.LASF26:
 628 0198 6D61736B 		.ascii	"mask\000"
 628      00
 629              	.LASF16:
 630 019d 436F6F6C 		.ascii	"CoolerStatusReg_InterruptDisable\000"
 630      65725374 
 630      61747573 
 630      5265675F 
 630      496E7465 
 631              	.LASF11:
 632 01be 63686172 		.ascii	"char\000"
 632      00
 633              	.LASF4:
 634 01c3 6C6F6E67 		.ascii	"long int\000"
 634      20696E74 
 634      00
 635              	.LASF10:
 636 01cc 646F7562 		.ascii	"double\000"
 636      6C6500
 637              	.LASF12:
 638 01d3 75696E74 		.ascii	"uint8\000"
 638      3800
 639              	.LASF0:
 640 01d9 7369676E 		.ascii	"signed char\000"
 640      65642063 
 640      68617200 
 641              	.LASF22:
 642 01e5 43794578 		.ascii	"CyExitCriticalSection\000"
 642      69744372 
 642      69746963 
 642      616C5365 
 642      6374696F 
 643              	.LASF24:
ARM GAS  C:\Users\VIDEOH~1\AppData\Local\Temp\ccuhZKTv.s 			page 16


 644 01fb 47656E65 		.ascii	"Generated_Source\\PSoC4\\CoolerStatusReg.c\000"
 644      72617465 
 644      645F536F 
 644      75726365 
 644      5C50536F 
 645              	.LASF9:
 646 0224 666C6F61 		.ascii	"float\000"
 646      7400
 647              	.LASF15:
 648 022a 436F6F6C 		.ascii	"CoolerStatusReg_InterruptEnable\000"
 648      65725374 
 648      61747573 
 648      5265675F 
 648      496E7465 
 649              	.LASF2:
 650 024a 73686F72 		.ascii	"short int\000"
 650      7420696E 
 650      7400
 651              	.LASF13:
 652 0254 72656738 		.ascii	"reg8\000"
 652      00
 653              	.LASF14:
 654 0259 73697A65 		.ascii	"sizetype\000"
 654      74797065 
 654      00
 655              	.LASF17:
 656 0262 696E7465 		.ascii	"interruptState\000"
 656      72727570 
 656      74537461 
 656      746500
 657              		.ident	"GCC: (GNU Tools for ARM Embedded Processors) 5.4.1 20160609 (release) [ARM/embedded-5-bran
