ARM GAS  C:\Users\VIDEOH~1\AppData\Local\Temp\ccWtf4ec.s 			page 1


   1              		.syntax unified
   2              		.cpu cortex-m0
   3              		.fpu softvfp
   4              		.eabi_attribute 20, 1
   5              		.eabi_attribute 21, 1
   6              		.eabi_attribute 23, 3
   7              		.eabi_attribute 24, 1
   8              		.eabi_attribute 25, 1
   9              		.eabi_attribute 26, 1
  10              		.eabi_attribute 30, 4
  11              		.eabi_attribute 34, 0
  12              		.eabi_attribute 18, 4
  13              		.thumb
  14              		.syntax unified
  15              		.file	"DieTemp_1.c"
  16              		.text
  17              	.Ltext0:
  18              		.cfi_sections	.debug_frame
  19              		.global	__aeabi_idiv
  20              		.section	.text.DieTemp_1_CountsTo_Celsius,"ax",%progbits
  21              		.align	1
  22              		.global	DieTemp_1_CountsTo_Celsius
  23              		.code	16
  24              		.thumb_func
  25              		.type	DieTemp_1_CountsTo_Celsius, %function
  26              	DieTemp_1_CountsTo_Celsius:
  27              	.LFB0:
  28              		.file 1 "Generated_Source\\PSoC4\\DieTemp_1.c"
   1:Generated_Source\PSoC4/DieTemp_1.c **** /*******************************************************************************
   2:Generated_Source\PSoC4/DieTemp_1.c **** * File Name: DieTemp_1.c
   3:Generated_Source\PSoC4/DieTemp_1.c **** * Version 1.0
   4:Generated_Source\PSoC4/DieTemp_1.c **** *
   5:Generated_Source\PSoC4/DieTemp_1.c **** * Description:
   6:Generated_Source\PSoC4/DieTemp_1.c **** *  This file provides the source code of APIs for the DieTemp_P4 component.
   7:Generated_Source\PSoC4/DieTemp_1.c **** *
   8:Generated_Source\PSoC4/DieTemp_1.c **** *******************************************************************************
   9:Generated_Source\PSoC4/DieTemp_1.c **** * Copyright 2013, Cypress Semiconductor Corporation.  All rights reserved.
  10:Generated_Source\PSoC4/DieTemp_1.c **** * You may use this file only in accordance with the license, terms, conditions,
  11:Generated_Source\PSoC4/DieTemp_1.c **** * disclaimers, and limitations in the end user license agreement accompanying
  12:Generated_Source\PSoC4/DieTemp_1.c **** * the software package with which this file was provided.
  13:Generated_Source\PSoC4/DieTemp_1.c **** *******************************************************************************/
  14:Generated_Source\PSoC4/DieTemp_1.c **** 
  15:Generated_Source\PSoC4/DieTemp_1.c **** #include "DieTemp_1.h"
  16:Generated_Source\PSoC4/DieTemp_1.c **** 
  17:Generated_Source\PSoC4/DieTemp_1.c **** 
  18:Generated_Source\PSoC4/DieTemp_1.c **** /*******************************************************************************
  19:Generated_Source\PSoC4/DieTemp_1.c **** * Function Name: DieTemp_1_CountsTo_Celsius
  20:Generated_Source\PSoC4/DieTemp_1.c **** ********************************************************************************
  21:Generated_Source\PSoC4/DieTemp_1.c **** *
  22:Generated_Source\PSoC4/DieTemp_1.c **** * Summary:
  23:Generated_Source\PSoC4/DieTemp_1.c **** *  Converts the ADC output to degrees Celsius.
  24:Generated_Source\PSoC4/DieTemp_1.c **** *
  25:Generated_Source\PSoC4/DieTemp_1.c **** * Parameters:
  26:Generated_Source\PSoC4/DieTemp_1.c **** *  int32 adcCounts:
  27:Generated_Source\PSoC4/DieTemp_1.c **** *   Result from the ADC Conversion
  28:Generated_Source\PSoC4/DieTemp_1.c **** *
  29:Generated_Source\PSoC4/DieTemp_1.c **** * Return:
ARM GAS  C:\Users\VIDEOH~1\AppData\Local\Temp\ccWtf4ec.s 			page 2


  30:Generated_Source\PSoC4/DieTemp_1.c **** *  Temperature in degrees Celsius
  31:Generated_Source\PSoC4/DieTemp_1.c **** *
  32:Generated_Source\PSoC4/DieTemp_1.c **** * Global variables:
  33:Generated_Source\PSoC4/DieTemp_1.c **** *  None
  34:Generated_Source\PSoC4/DieTemp_1.c **** *
  35:Generated_Source\PSoC4/DieTemp_1.c **** *******************************************************************************/
  36:Generated_Source\PSoC4/DieTemp_1.c **** int32 DieTemp_1_CountsTo_Celsius(int32 adcCounts)
  37:Generated_Source\PSoC4/DieTemp_1.c **** {
  29              		.loc 1 37 0
  30              		.cfi_startproc
  31              		@ args = 0, pretend = 0, frame = 0
  32              		@ frame_needed = 0, uses_anonymous_args = 0
  33              	.LVL0:
  38:Generated_Source\PSoC4/DieTemp_1.c ****     int32 tempCelsius;
  39:Generated_Source\PSoC4/DieTemp_1.c ****     int32 tInitial;
  40:Generated_Source\PSoC4/DieTemp_1.c ****     int32 tAdjust;
  41:Generated_Source\PSoC4/DieTemp_1.c ****     int32 offsetReg;
  42:Generated_Source\PSoC4/DieTemp_1.c ****     int32 multReg;
  43:Generated_Source\PSoC4/DieTemp_1.c **** 
  44:Generated_Source\PSoC4/DieTemp_1.c ****     offsetReg = (int16)DieTemp_1_SAR_TEMP_OFFSET_REG;
  34              		.loc 1 44 0
  35 0000 154B     		ldr	r3, .L6
  45:Generated_Source\PSoC4/DieTemp_1.c ****     multReg   = (int16)DieTemp_1_SAR_TEMP_MULTIPLIER_REG;
  36              		.loc 1 45 0
  37 0002 164A     		ldr	r2, .L6+4
  44:Generated_Source\PSoC4/DieTemp_1.c ****     multReg   = (int16)DieTemp_1_SAR_TEMP_MULTIPLIER_REG;
  38              		.loc 1 44 0
  39 0004 1B88     		ldrh	r3, [r3]
  40              	.LVL1:
  37:Generated_Source\PSoC4/DieTemp_1.c ****     int32 tempCelsius;
  41              		.loc 1 37 0
  42 0006 10B5     		push	{r4, lr}
  43              		.cfi_def_cfa_offset 8
  44              		.cfi_offset 4, -8
  45              		.cfi_offset 14, -4
  46              		.loc 1 45 0
  47 0008 1488     		ldrh	r4, [r2]
  48              	.LVL2:
  46:Generated_Source\PSoC4/DieTemp_1.c ****     /* Calculate tInitial in Q16.16 */
  47:Generated_Source\PSoC4/DieTemp_1.c ****     tInitial = (adcCounts * multReg) + (offsetReg * DieTemp_1_SAR_TEMP_OFFSET_MULT);
  49              		.loc 1 47 0
  50 000a 1BB2     		sxth	r3, r3
  51              	.LVL3:
  52 000c 24B2     		sxth	r4, r4
  53              	.LVL4:
  54 000e 4443     		muls	r4, r0
  55              	.LVL5:
  56 0010 9B02     		lsls	r3, r3, #10
  57              	.LVL6:
  58 0012 E418     		adds	r4, r4, r3
  59              	.LVL7:
  48:Generated_Source\PSoC4/DieTemp_1.c **** 
  49:Generated_Source\PSoC4/DieTemp_1.c ****     if(tInitial >= DieTemp_1_DUAL_SLOPE_CORRECTION)
  60              		.loc 1 49 0
  61 0014 124B     		ldr	r3, .L6+8
  62 0016 0F21     		movs	r1, #15
  63 0018 9C42     		cmp	r4, r3
ARM GAS  C:\Users\VIDEOH~1\AppData\Local\Temp\ccWtf4ec.s 			page 3


  64 001a 09DD     		ble	.L2
  50:Generated_Source\PSoC4/DieTemp_1.c ****     {
  51:Generated_Source\PSoC4/DieTemp_1.c ****         /* Shift (100 - tInitial) by 4 bits to prevent scale-adjustment from overflowing. */
  52:Generated_Source\PSoC4/DieTemp_1.c ****         /* Then divide by the integer bits of (100 - cutoff) to end up with a Q16.16 tAdjust */
  53:Generated_Source\PSoC4/DieTemp_1.c ****         tAdjust = (DieTemp_1_SCALE_ADJUSTMENT * (((int32)DieTemp_1_HIGH_TEMPERATURE - tInitial)
  65              		.loc 1 53 0
  66 001c C822     		movs	r2, #200
  67 001e D203     		lsls	r2, r2, #15
  68 0020 131B     		subs	r3, r2, r4
  69 0022 D817     		asrs	r0, r3, #31
  70              	.LVL8:
  71 0024 0840     		ands	r0, r1
  72 0026 C018     		adds	r0, r0, r3
  73 0028 0011     		asrs	r0, r0, #4
  74 002a C000     		lsls	r0, r0, #3
  75 002c 4631     		adds	r1, r1, #70
  76 002e 08E0     		b	.L4
  77              	.LVL9:
  78              	.L2:
  54:Generated_Source\PSoC4/DieTemp_1.c ****             / (int32)DieTemp_1_SCALE_ADJUSTMENT_DIVIDER)) /
  55:Generated_Source\PSoC4/DieTemp_1.c ****             (((int32)DieTemp_1_HIGH_TEMPERATURE - (int32)DieTemp_1_DUAL_SLOPE_CORRECTION) /
  56:Generated_Source\PSoC4/DieTemp_1.c ****             DieTemp_1_SAR_TEMP_DIVIDER);
  57:Generated_Source\PSoC4/DieTemp_1.c ****     }
  58:Generated_Source\PSoC4/DieTemp_1.c ****     else
  59:Generated_Source\PSoC4/DieTemp_1.c ****     {
  60:Generated_Source\PSoC4/DieTemp_1.c ****         /* Shift (40 + tInitial) by 4 bits to prevent scale-adjustment from overflowing. */
  61:Generated_Source\PSoC4/DieTemp_1.c ****         /* Then divide by the integer bits of (40 + cutoff) to end up with a Q16.16 tAdjust */
  62:Generated_Source\PSoC4/DieTemp_1.c ****         tAdjust = ((int32)DieTemp_1_SCALE_ADJUSTMENT * (((int32)DieTemp_1_LOW_TEMPERATURE + tInitia
  79              		.loc 1 62 0
  80 0030 A023     		movs	r3, #160
  81 0032 9B03     		lsls	r3, r3, #14
  82 0034 E218     		adds	r2, r4, r3
  83 0036 D017     		asrs	r0, r2, #31
  84              	.LVL10:
  85 0038 0840     		ands	r0, r1
  86 003a 3721     		movs	r1, #55
  87 003c 8018     		adds	r0, r0, r2
  88 003e 0011     		asrs	r0, r0, #4
  89 0040 C000     		lsls	r0, r0, #3
  90              	.L4:
  91 0042 FFF7FEFF 		bl	__aeabi_idiv
  92              	.LVL11:
  63:Generated_Source\PSoC4/DieTemp_1.c ****            / (int32)DieTemp_1_SCALE_ADJUSTMENT_DIVIDER)) /
  64:Generated_Source\PSoC4/DieTemp_1.c ****             (((int32)DieTemp_1_LOW_TEMPERATURE + (int32)DieTemp_1_DUAL_SLOPE_CORRECTION) /
  65:Generated_Source\PSoC4/DieTemp_1.c ****             (int32)DieTemp_1_SAR_TEMP_DIVIDER);
  66:Generated_Source\PSoC4/DieTemp_1.c ****     }
  67:Generated_Source\PSoC4/DieTemp_1.c **** 
  68:Generated_Source\PSoC4/DieTemp_1.c ****     /* Add tInitial + tAdjust + 0.5 to round to nearest int. Shift off frac bits, and return. */
  69:Generated_Source\PSoC4/DieTemp_1.c ****     tempCelsius = tInitial + tAdjust + DieTemp_1_HALF_OF_ONE;
  70:Generated_Source\PSoC4/DieTemp_1.c **** 
  71:Generated_Source\PSoC4/DieTemp_1.c ****     return (tempCelsius / DieTemp_1_SAR_TEMP_OFFSET_DIVIDER);
  93              		.loc 1 71 0
  94 0046 8023     		movs	r3, #128
  95 0048 0419     		adds	r4, r0, r4
  96              	.LVL12:
  97 004a 1B02     		lsls	r3, r3, #8
  98 004c E418     		adds	r4, r4, r3
ARM GAS  C:\Users\VIDEOH~1\AppData\Local\Temp\ccWtf4ec.s 			page 4


  99 004e E017     		asrs	r0, r4, #31
 100              	.LVL13:
 101 0050 80B2     		uxth	r0, r0
 102 0052 0419     		adds	r4, r0, r4
 103 0054 2014     		asrs	r0, r4, #16
  72:Generated_Source\PSoC4/DieTemp_1.c **** }
 104              		.loc 1 72 0
 105              		@ sp needed
 106 0056 10BD     		pop	{r4, pc}
 107              	.L7:
 108              		.align	2
 109              	.L6:
 110 0058 66F1FF0F 		.word	268431718
 111 005c 64F1FF0F 		.word	268431716
 112 0060 FFFF0E00 		.word	983039
 113              		.cfi_endproc
 114              	.LFE0:
 115              		.size	DieTemp_1_CountsTo_Celsius, .-DieTemp_1_CountsTo_Celsius
 116              		.text
 117              	.Letext0:
 118              		.file 2 "Generated_Source\\PSoC4\\cytypes.h"
 119              		.section	.debug_info,"",%progbits
 120              	.Ldebug_info0:
 121 0000 29010000 		.4byte	0x129
 122 0004 0400     		.2byte	0x4
 123 0006 00000000 		.4byte	.Ldebug_abbrev0
 124 000a 04       		.byte	0x4
 125 000b 01       		.uleb128 0x1
 126 000c 1B000000 		.4byte	.LASF22
 127 0010 0C       		.byte	0xc
 128 0011 70010000 		.4byte	.LASF23
 129 0015 B4000000 		.4byte	.LASF24
 130 0019 00000000 		.4byte	.Ldebug_ranges0+0
 131 001d 00000000 		.4byte	0
 132 0021 00000000 		.4byte	.Ldebug_line0
 133 0025 02       		.uleb128 0x2
 134 0026 01       		.byte	0x1
 135 0027 06       		.byte	0x6
 136 0028 C3010000 		.4byte	.LASF0
 137 002c 02       		.uleb128 0x2
 138 002d 01       		.byte	0x1
 139 002e 08       		.byte	0x8
 140 002f 42010000 		.4byte	.LASF1
 141 0033 02       		.uleb128 0x2
 142 0034 02       		.byte	0x2
 143 0035 05       		.byte	0x5
 144 0036 E3010000 		.4byte	.LASF2
 145 003a 02       		.uleb128 0x2
 146 003b 02       		.byte	0x2
 147 003c 07       		.byte	0x7
 148 003d B0010000 		.4byte	.LASF3
 149 0041 02       		.uleb128 0x2
 150 0042 04       		.byte	0x4
 151 0043 05       		.byte	0x5
 152 0044 5D010000 		.4byte	.LASF4
 153 0048 02       		.uleb128 0x2
 154 0049 04       		.byte	0x4
ARM GAS  C:\Users\VIDEOH~1\AppData\Local\Temp\ccWtf4ec.s 			page 5


 155 004a 07       		.byte	0x7
 156 004b 0A010000 		.4byte	.LASF5
 157 004f 02       		.uleb128 0x2
 158 0050 08       		.byte	0x8
 159 0051 05       		.byte	0x5
 160 0052 00000000 		.4byte	.LASF6
 161 0056 02       		.uleb128 0x2
 162 0057 08       		.byte	0x8
 163 0058 07       		.byte	0x7
 164 0059 1C010000 		.4byte	.LASF7
 165 005d 03       		.uleb128 0x3
 166 005e 04       		.byte	0x4
 167 005f 05       		.byte	0x5
 168 0060 696E7400 		.ascii	"int\000"
 169 0064 02       		.uleb128 0x2
 170 0065 04       		.byte	0x4
 171 0066 07       		.byte	0x7
 172 0067 0E000000 		.4byte	.LASF8
 173 006b 04       		.uleb128 0x4
 174 006c ED010000 		.4byte	.LASF9
 175 0070 02       		.byte	0x2
 176 0071 E501     		.2byte	0x1e5
 177 0073 3A000000 		.4byte	0x3a
 178 0077 04       		.uleb128 0x4
 179 0078 DD010000 		.4byte	.LASF10
 180 007c 02       		.byte	0x2
 181 007d E801     		.2byte	0x1e8
 182 007f 33000000 		.4byte	0x33
 183 0083 04       		.uleb128 0x4
 184 0084 FD010000 		.4byte	.LASF11
 185 0088 02       		.byte	0x2
 186 0089 E901     		.2byte	0x1e9
 187 008b 41000000 		.4byte	0x41
 188 008f 02       		.uleb128 0x2
 189 0090 04       		.byte	0x4
 190 0091 04       		.byte	0x4
 191 0092 D7010000 		.4byte	.LASF12
 192 0096 02       		.uleb128 0x2
 193 0097 08       		.byte	0x8
 194 0098 04       		.byte	0x4
 195 0099 93010000 		.4byte	.LASF13
 196 009d 02       		.uleb128 0x2
 197 009e 01       		.byte	0x1
 198 009f 08       		.byte	0x8
 199 00a0 50010000 		.4byte	.LASF14
 200 00a4 04       		.uleb128 0x4
 201 00a5 3C010000 		.4byte	.LASF15
 202 00a9 02       		.byte	0x2
 203 00aa 8F02     		.2byte	0x28f
 204 00ac B0000000 		.4byte	0xb0
 205 00b0 05       		.uleb128 0x5
 206 00b1 6B000000 		.4byte	0x6b
 207 00b5 02       		.uleb128 0x2
 208 00b6 04       		.byte	0x4
 209 00b7 07       		.byte	0x7
 210 00b8 F4010000 		.4byte	.LASF16
 211 00bc 06       		.uleb128 0x6
ARM GAS  C:\Users\VIDEOH~1\AppData\Local\Temp\ccWtf4ec.s 			page 6


 212 00bd EF000000 		.4byte	.LASF25
 213 00c1 01       		.byte	0x1
 214 00c2 24       		.byte	0x24
 215 00c3 83000000 		.4byte	0x83
 216 00c7 00000000 		.4byte	.LFB0
 217 00cb 64000000 		.4byte	.LFE0-.LFB0
 218 00cf 01       		.uleb128 0x1
 219 00d0 9C       		.byte	0x9c
 220 00d1 07       		.uleb128 0x7
 221 00d2 9A010000 		.4byte	.LASF26
 222 00d6 01       		.byte	0x1
 223 00d7 24       		.byte	0x24
 224 00d8 83000000 		.4byte	0x83
 225 00dc 00000000 		.4byte	.LLST0
 226 00e0 08       		.uleb128 0x8
 227 00e1 A4010000 		.4byte	.LASF17
 228 00e5 01       		.byte	0x1
 229 00e6 26       		.byte	0x26
 230 00e7 83000000 		.4byte	0x83
 231 00eb 3A000000 		.4byte	.LLST1
 232 00ef 08       		.uleb128 0x8
 233 00f0 33010000 		.4byte	.LASF18
 234 00f4 01       		.byte	0x1
 235 00f5 27       		.byte	0x27
 236 00f6 83000000 		.4byte	0x83
 237 00fa 56000000 		.4byte	.LLST2
 238 00fe 08       		.uleb128 0x8
 239 00ff 55010000 		.4byte	.LASF19
 240 0103 01       		.byte	0x1
 241 0104 28       		.byte	0x28
 242 0105 83000000 		.4byte	0x83
 243 0109 69000000 		.4byte	.LLST3
 244 010d 08       		.uleb128 0x8
 245 010e 66010000 		.4byte	.LASF20
 246 0112 01       		.byte	0x1
 247 0113 29       		.byte	0x29
 248 0114 83000000 		.4byte	0x83
 249 0118 7C000000 		.4byte	.LLST4
 250 011c 08       		.uleb128 0x8
 251 011d CF010000 		.4byte	.LASF21
 252 0121 01       		.byte	0x1
 253 0122 2A       		.byte	0x2a
 254 0123 83000000 		.4byte	0x83
 255 0127 A0000000 		.4byte	.LLST5
 256 012b 00       		.byte	0
 257 012c 00       		.byte	0
 258              		.section	.debug_abbrev,"",%progbits
 259              	.Ldebug_abbrev0:
 260 0000 01       		.uleb128 0x1
 261 0001 11       		.uleb128 0x11
 262 0002 01       		.byte	0x1
 263 0003 25       		.uleb128 0x25
 264 0004 0E       		.uleb128 0xe
 265 0005 13       		.uleb128 0x13
 266 0006 0B       		.uleb128 0xb
 267 0007 03       		.uleb128 0x3
 268 0008 0E       		.uleb128 0xe
ARM GAS  C:\Users\VIDEOH~1\AppData\Local\Temp\ccWtf4ec.s 			page 7


 269 0009 1B       		.uleb128 0x1b
 270 000a 0E       		.uleb128 0xe
 271 000b 55       		.uleb128 0x55
 272 000c 17       		.uleb128 0x17
 273 000d 11       		.uleb128 0x11
 274 000e 01       		.uleb128 0x1
 275 000f 10       		.uleb128 0x10
 276 0010 17       		.uleb128 0x17
 277 0011 00       		.byte	0
 278 0012 00       		.byte	0
 279 0013 02       		.uleb128 0x2
 280 0014 24       		.uleb128 0x24
 281 0015 00       		.byte	0
 282 0016 0B       		.uleb128 0xb
 283 0017 0B       		.uleb128 0xb
 284 0018 3E       		.uleb128 0x3e
 285 0019 0B       		.uleb128 0xb
 286 001a 03       		.uleb128 0x3
 287 001b 0E       		.uleb128 0xe
 288 001c 00       		.byte	0
 289 001d 00       		.byte	0
 290 001e 03       		.uleb128 0x3
 291 001f 24       		.uleb128 0x24
 292 0020 00       		.byte	0
 293 0021 0B       		.uleb128 0xb
 294 0022 0B       		.uleb128 0xb
 295 0023 3E       		.uleb128 0x3e
 296 0024 0B       		.uleb128 0xb
 297 0025 03       		.uleb128 0x3
 298 0026 08       		.uleb128 0x8
 299 0027 00       		.byte	0
 300 0028 00       		.byte	0
 301 0029 04       		.uleb128 0x4
 302 002a 16       		.uleb128 0x16
 303 002b 00       		.byte	0
 304 002c 03       		.uleb128 0x3
 305 002d 0E       		.uleb128 0xe
 306 002e 3A       		.uleb128 0x3a
 307 002f 0B       		.uleb128 0xb
 308 0030 3B       		.uleb128 0x3b
 309 0031 05       		.uleb128 0x5
 310 0032 49       		.uleb128 0x49
 311 0033 13       		.uleb128 0x13
 312 0034 00       		.byte	0
 313 0035 00       		.byte	0
 314 0036 05       		.uleb128 0x5
 315 0037 35       		.uleb128 0x35
 316 0038 00       		.byte	0
 317 0039 49       		.uleb128 0x49
 318 003a 13       		.uleb128 0x13
 319 003b 00       		.byte	0
 320 003c 00       		.byte	0
 321 003d 06       		.uleb128 0x6
 322 003e 2E       		.uleb128 0x2e
 323 003f 01       		.byte	0x1
 324 0040 3F       		.uleb128 0x3f
 325 0041 19       		.uleb128 0x19
ARM GAS  C:\Users\VIDEOH~1\AppData\Local\Temp\ccWtf4ec.s 			page 8


 326 0042 03       		.uleb128 0x3
 327 0043 0E       		.uleb128 0xe
 328 0044 3A       		.uleb128 0x3a
 329 0045 0B       		.uleb128 0xb
 330 0046 3B       		.uleb128 0x3b
 331 0047 0B       		.uleb128 0xb
 332 0048 27       		.uleb128 0x27
 333 0049 19       		.uleb128 0x19
 334 004a 49       		.uleb128 0x49
 335 004b 13       		.uleb128 0x13
 336 004c 11       		.uleb128 0x11
 337 004d 01       		.uleb128 0x1
 338 004e 12       		.uleb128 0x12
 339 004f 06       		.uleb128 0x6
 340 0050 40       		.uleb128 0x40
 341 0051 18       		.uleb128 0x18
 342 0052 9642     		.uleb128 0x2116
 343 0054 19       		.uleb128 0x19
 344 0055 00       		.byte	0
 345 0056 00       		.byte	0
 346 0057 07       		.uleb128 0x7
 347 0058 05       		.uleb128 0x5
 348 0059 00       		.byte	0
 349 005a 03       		.uleb128 0x3
 350 005b 0E       		.uleb128 0xe
 351 005c 3A       		.uleb128 0x3a
 352 005d 0B       		.uleb128 0xb
 353 005e 3B       		.uleb128 0x3b
 354 005f 0B       		.uleb128 0xb
 355 0060 49       		.uleb128 0x49
 356 0061 13       		.uleb128 0x13
 357 0062 02       		.uleb128 0x2
 358 0063 17       		.uleb128 0x17
 359 0064 00       		.byte	0
 360 0065 00       		.byte	0
 361 0066 08       		.uleb128 0x8
 362 0067 34       		.uleb128 0x34
 363 0068 00       		.byte	0
 364 0069 03       		.uleb128 0x3
 365 006a 0E       		.uleb128 0xe
 366 006b 3A       		.uleb128 0x3a
 367 006c 0B       		.uleb128 0xb
 368 006d 3B       		.uleb128 0x3b
 369 006e 0B       		.uleb128 0xb
 370 006f 49       		.uleb128 0x49
 371 0070 13       		.uleb128 0x13
 372 0071 02       		.uleb128 0x2
 373 0072 17       		.uleb128 0x17
 374 0073 00       		.byte	0
 375 0074 00       		.byte	0
 376 0075 00       		.byte	0
 377              		.section	.debug_loc,"",%progbits
 378              	.Ldebug_loc0:
 379              	.LLST0:
 380 0000 00000000 		.4byte	.LVL0
 381 0004 24000000 		.4byte	.LVL8
 382 0008 0100     		.2byte	0x1
ARM GAS  C:\Users\VIDEOH~1\AppData\Local\Temp\ccWtf4ec.s 			page 9


 383 000a 50       		.byte	0x50
 384 000b 24000000 		.4byte	.LVL8
 385 000f 30000000 		.4byte	.LVL9
 386 0013 0400     		.2byte	0x4
 387 0015 F3       		.byte	0xf3
 388 0016 01       		.uleb128 0x1
 389 0017 50       		.byte	0x50
 390 0018 9F       		.byte	0x9f
 391 0019 30000000 		.4byte	.LVL9
 392 001d 38000000 		.4byte	.LVL10
 393 0021 0100     		.2byte	0x1
 394 0023 50       		.byte	0x50
 395 0024 38000000 		.4byte	.LVL10
 396 0028 64000000 		.4byte	.LFE0
 397 002c 0400     		.2byte	0x4
 398 002e F3       		.byte	0xf3
 399 002f 01       		.uleb128 0x1
 400 0030 50       		.byte	0x50
 401 0031 9F       		.byte	0x9f
 402 0032 00000000 		.4byte	0
 403 0036 00000000 		.4byte	0
 404              	.LLST1:
 405 003a 46000000 		.4byte	.LVL11
 406 003e 4A000000 		.4byte	.LVL12
 407 0042 0A00     		.2byte	0xa
 408 0044 70       		.byte	0x70
 409 0045 00       		.sleb128 0
 410 0046 74       		.byte	0x74
 411 0047 00       		.sleb128 0
 412 0048 22       		.byte	0x22
 413 0049 23       		.byte	0x23
 414 004a 808002   		.uleb128 0x8000
 415 004d 9F       		.byte	0x9f
 416 004e 00000000 		.4byte	0
 417 0052 00000000 		.4byte	0
 418              	.LLST2:
 419 0056 14000000 		.4byte	.LVL7
 420 005a 4A000000 		.4byte	.LVL12
 421 005e 0100     		.2byte	0x1
 422 0060 54       		.byte	0x54
 423 0061 00000000 		.4byte	0
 424 0065 00000000 		.4byte	0
 425              	.LLST3:
 426 0069 46000000 		.4byte	.LVL11
 427 006d 50000000 		.4byte	.LVL13
 428 0071 0100     		.2byte	0x1
 429 0073 50       		.byte	0x50
 430 0074 00000000 		.4byte	0
 431 0078 00000000 		.4byte	0
 432              	.LLST4:
 433 007c 06000000 		.4byte	.LVL1
 434 0080 0C000000 		.4byte	.LVL3
 435 0084 0700     		.2byte	0x7
 436 0086 73       		.byte	0x73
 437 0087 00       		.sleb128 0
 438 0088 40       		.byte	0x40
 439 0089 24       		.byte	0x24
ARM GAS  C:\Users\VIDEOH~1\AppData\Local\Temp\ccWtf4ec.s 			page 10


 440 008a 40       		.byte	0x40
 441 008b 26       		.byte	0x26
 442 008c 9F       		.byte	0x9f
 443 008d 0C000000 		.4byte	.LVL3
 444 0091 12000000 		.4byte	.LVL6
 445 0095 0100     		.2byte	0x1
 446 0097 53       		.byte	0x53
 447 0098 00000000 		.4byte	0
 448 009c 00000000 		.4byte	0
 449              	.LLST5:
 450 00a0 0A000000 		.4byte	.LVL2
 451 00a4 0E000000 		.4byte	.LVL4
 452 00a8 0700     		.2byte	0x7
 453 00aa 74       		.byte	0x74
 454 00ab 00       		.sleb128 0
 455 00ac 40       		.byte	0x40
 456 00ad 24       		.byte	0x24
 457 00ae 40       		.byte	0x40
 458 00af 26       		.byte	0x26
 459 00b0 9F       		.byte	0x9f
 460 00b1 0E000000 		.4byte	.LVL4
 461 00b5 10000000 		.4byte	.LVL5
 462 00b9 0100     		.2byte	0x1
 463 00bb 54       		.byte	0x54
 464 00bc 00000000 		.4byte	0
 465 00c0 00000000 		.4byte	0
 466              		.section	.debug_aranges,"",%progbits
 467 0000 1C000000 		.4byte	0x1c
 468 0004 0200     		.2byte	0x2
 469 0006 00000000 		.4byte	.Ldebug_info0
 470 000a 04       		.byte	0x4
 471 000b 00       		.byte	0
 472 000c 0000     		.2byte	0
 473 000e 0000     		.2byte	0
 474 0010 00000000 		.4byte	.LFB0
 475 0014 64000000 		.4byte	.LFE0-.LFB0
 476 0018 00000000 		.4byte	0
 477 001c 00000000 		.4byte	0
 478              		.section	.debug_ranges,"",%progbits
 479              	.Ldebug_ranges0:
 480 0000 00000000 		.4byte	.LFB0
 481 0004 64000000 		.4byte	.LFE0
 482 0008 00000000 		.4byte	0
 483 000c 00000000 		.4byte	0
 484              		.section	.debug_line,"",%progbits
 485              	.Ldebug_line0:
 486 0000 6C000000 		.section	.debug_str,"MS",%progbits,1
 486      02004600 
 486      00000201 
 486      FB0E0D00 
 486      01010101 
 487              	.LASF6:
 488 0000 6C6F6E67 		.ascii	"long long int\000"
 488      206C6F6E 
 488      6720696E 
 488      7400
 489              	.LASF8:
ARM GAS  C:\Users\VIDEOH~1\AppData\Local\Temp\ccWtf4ec.s 			page 11


 490 000e 756E7369 		.ascii	"unsigned int\000"
 490      676E6564 
 490      20696E74 
 490      00
 491              	.LASF22:
 492 001b 474E5520 		.ascii	"GNU C99 5.4.1 20160609 (release) [ARM/embedded-5-br"
 492      43393920 
 492      352E342E 
 492      31203230 
 492      31363036 
 493 004e 616E6368 		.ascii	"anch revision 237715] -mcpu=cortex-m0 -mthumb -g -O"
 493      20726576 
 493      6973696F 
 493      6E203233 
 493      37373135 
 494 0081 73202D73 		.ascii	"s -std=gnu99 -ffunction-sections -ffat-lto-objects\000"
 494      74643D67 
 494      6E753939 
 494      202D6666 
 494      756E6374 
 495              	.LASF24:
 496 00b4 443A5C31 		.ascii	"D:\\1_work\\my_project\\ReloadPro\\psoc42boot\\Relo"
 496      5F776F72 
 496      6B5C6D79 
 496      5F70726F 
 496      6A656374 
 497 00e2 61642050 		.ascii	"ad Pro.cydsn\000"
 497      726F2E63 
 497      7964736E 
 497      00
 498              	.LASF25:
 499 00ef 44696554 		.ascii	"DieTemp_1_CountsTo_Celsius\000"
 499      656D705F 
 499      315F436F 
 499      756E7473 
 499      546F5F43 
 500              	.LASF5:
 501 010a 6C6F6E67 		.ascii	"long unsigned int\000"
 501      20756E73 
 501      69676E65 
 501      6420696E 
 501      7400
 502              	.LASF7:
 503 011c 6C6F6E67 		.ascii	"long long unsigned int\000"
 503      206C6F6E 
 503      6720756E 
 503      7369676E 
 503      65642069 
 504              	.LASF18:
 505 0133 74496E69 		.ascii	"tInitial\000"
 505      7469616C 
 505      00
 506              	.LASF15:
 507 013c 72656731 		.ascii	"reg16\000"
 507      3600
 508              	.LASF1:
 509 0142 756E7369 		.ascii	"unsigned char\000"
ARM GAS  C:\Users\VIDEOH~1\AppData\Local\Temp\ccWtf4ec.s 			page 12


 509      676E6564 
 509      20636861 
 509      7200
 510              	.LASF14:
 511 0150 63686172 		.ascii	"char\000"
 511      00
 512              	.LASF19:
 513 0155 7441646A 		.ascii	"tAdjust\000"
 513      75737400 
 514              	.LASF4:
 515 015d 6C6F6E67 		.ascii	"long int\000"
 515      20696E74 
 515      00
 516              	.LASF20:
 517 0166 6F666673 		.ascii	"offsetReg\000"
 517      65745265 
 517      6700
 518              	.LASF23:
 519 0170 47656E65 		.ascii	"Generated_Source\\PSoC4\\DieTemp_1.c\000"
 519      72617465 
 519      645F536F 
 519      75726365 
 519      5C50536F 
 520              	.LASF13:
 521 0193 646F7562 		.ascii	"double\000"
 521      6C6500
 522              	.LASF26:
 523 019a 61646343 		.ascii	"adcCounts\000"
 523      6F756E74 
 523      7300
 524              	.LASF17:
 525 01a4 74656D70 		.ascii	"tempCelsius\000"
 525      43656C73 
 525      69757300 
 526              	.LASF3:
 527 01b0 73686F72 		.ascii	"short unsigned int\000"
 527      7420756E 
 527      7369676E 
 527      65642069 
 527      6E7400
 528              	.LASF0:
 529 01c3 7369676E 		.ascii	"signed char\000"
 529      65642063 
 529      68617200 
 530              	.LASF21:
 531 01cf 6D756C74 		.ascii	"multReg\000"
 531      52656700 
 532              	.LASF12:
 533 01d7 666C6F61 		.ascii	"float\000"
 533      7400
 534              	.LASF10:
 535 01dd 696E7431 		.ascii	"int16\000"
 535      3600
 536              	.LASF2:
 537 01e3 73686F72 		.ascii	"short int\000"
 537      7420696E 
 537      7400
ARM GAS  C:\Users\VIDEOH~1\AppData\Local\Temp\ccWtf4ec.s 			page 13


 538              	.LASF9:
 539 01ed 75696E74 		.ascii	"uint16\000"
 539      313600
 540              	.LASF16:
 541 01f4 73697A65 		.ascii	"sizetype\000"
 541      74797065 
 541      00
 542              	.LASF11:
 543 01fd 696E7433 		.ascii	"int32\000"
 543      3200
 544              		.ident	"GCC: (GNU Tools for ARM Embedded Processors) 5.4.1 20160609 (release) [ARM/embedded-5-bran
