ARM GAS  C:\Users\VIDEOH~1\AppData\Local\Temp\cc8qczar.s 			page 1


   1              		.syntax unified
   2              		.cpu cortex-m0
   3              		.fpu softvfp
   4              		.eabi_attribute 20, 1
   5              		.eabi_attribute 21, 1
   6              		.eabi_attribute 23, 3
   7              		.eabi_attribute 24, 1
   8              		.eabi_attribute 25, 1
   9              		.eabi_attribute 26, 1
  10              		.eabi_attribute 30, 4
  11              		.eabi_attribute 34, 0
  12              		.eabi_attribute 18, 4
  13              		.thumb
  14              		.syntax unified
  15              		.file	"Display_SPI_PM.c"
  16              		.text
  17              	.Ltext0:
  18              		.cfi_sections	.debug_frame
  19              		.section	.text.Display_SPI_SaveConfig,"ax",%progbits
  20              		.align	1
  21              		.global	Display_SPI_SaveConfig
  22              		.code	16
  23              		.thumb_func
  24              		.type	Display_SPI_SaveConfig, %function
  25              	Display_SPI_SaveConfig:
  26              	.LFB5:
  27              		.cfi_startproc
  28              		@ args = 0, pretend = 0, frame = 0
  29              		@ frame_needed = 0, uses_anonymous_args = 0
  30              		@ link register save eliminated.
  31              		@ sp needed
  32 0000 7047     		bx	lr
  33              		.cfi_endproc
  34              	.LFE5:
  35              		.size	Display_SPI_SaveConfig, .-Display_SPI_SaveConfig
  36              		.section	.text.Display_SPI_RestoreConfig,"ax",%progbits
  37              		.align	1
  38              		.global	Display_SPI_RestoreConfig
  39              		.code	16
  40              		.thumb_func
  41              		.type	Display_SPI_RestoreConfig, %function
  42              	Display_SPI_RestoreConfig:
  43              	.LFB1:
  44              		.file 1 "Generated_Source\\PSoC4\\Display_SPI_PM.c"
   1:Generated_Source\PSoC4/Display_SPI_PM.c **** /*******************************************************************************
   2:Generated_Source\PSoC4/Display_SPI_PM.c **** * File Name: Display_SPI_PM.c
   3:Generated_Source\PSoC4/Display_SPI_PM.c **** * Version 2.50
   4:Generated_Source\PSoC4/Display_SPI_PM.c **** *
   5:Generated_Source\PSoC4/Display_SPI_PM.c **** * Description:
   6:Generated_Source\PSoC4/Display_SPI_PM.c **** *  This file contains the setup, control and status commands to support
   7:Generated_Source\PSoC4/Display_SPI_PM.c **** *  component operations in low power mode.
   8:Generated_Source\PSoC4/Display_SPI_PM.c **** *
   9:Generated_Source\PSoC4/Display_SPI_PM.c **** * Note:
  10:Generated_Source\PSoC4/Display_SPI_PM.c **** *
  11:Generated_Source\PSoC4/Display_SPI_PM.c **** ********************************************************************************
  12:Generated_Source\PSoC4/Display_SPI_PM.c **** * Copyright 2008-2015, Cypress Semiconductor Corporation.  All rights reserved.
  13:Generated_Source\PSoC4/Display_SPI_PM.c **** * You may use this file only in accordance with the license, terms, conditions,
ARM GAS  C:\Users\VIDEOH~1\AppData\Local\Temp\cc8qczar.s 			page 2


  14:Generated_Source\PSoC4/Display_SPI_PM.c **** * disclaimers, and limitations in the end user license agreement accompanying
  15:Generated_Source\PSoC4/Display_SPI_PM.c **** * the software package with which this file was provided.
  16:Generated_Source\PSoC4/Display_SPI_PM.c **** *******************************************************************************/
  17:Generated_Source\PSoC4/Display_SPI_PM.c **** 
  18:Generated_Source\PSoC4/Display_SPI_PM.c **** #include "Display_SPI_PVT.h"
  19:Generated_Source\PSoC4/Display_SPI_PM.c **** 
  20:Generated_Source\PSoC4/Display_SPI_PM.c **** static Display_SPI_BACKUP_STRUCT Display_SPI_backup =
  21:Generated_Source\PSoC4/Display_SPI_PM.c **** {
  22:Generated_Source\PSoC4/Display_SPI_PM.c ****     Display_SPI_DISABLED,
  23:Generated_Source\PSoC4/Display_SPI_PM.c ****     Display_SPI_BITCTR_INIT,
  24:Generated_Source\PSoC4/Display_SPI_PM.c **** };
  25:Generated_Source\PSoC4/Display_SPI_PM.c **** 
  26:Generated_Source\PSoC4/Display_SPI_PM.c **** 
  27:Generated_Source\PSoC4/Display_SPI_PM.c **** /*******************************************************************************
  28:Generated_Source\PSoC4/Display_SPI_PM.c **** * Function Name: Display_SPI_SaveConfig
  29:Generated_Source\PSoC4/Display_SPI_PM.c **** ********************************************************************************
  30:Generated_Source\PSoC4/Display_SPI_PM.c **** *
  31:Generated_Source\PSoC4/Display_SPI_PM.c **** * Summary:
  32:Generated_Source\PSoC4/Display_SPI_PM.c **** *  Empty function. Included for consistency with other components.
  33:Generated_Source\PSoC4/Display_SPI_PM.c **** *
  34:Generated_Source\PSoC4/Display_SPI_PM.c **** * Parameters:
  35:Generated_Source\PSoC4/Display_SPI_PM.c **** *  None.
  36:Generated_Source\PSoC4/Display_SPI_PM.c **** *
  37:Generated_Source\PSoC4/Display_SPI_PM.c **** * Return:
  38:Generated_Source\PSoC4/Display_SPI_PM.c **** *  None.
  39:Generated_Source\PSoC4/Display_SPI_PM.c **** *
  40:Generated_Source\PSoC4/Display_SPI_PM.c **** *******************************************************************************/
  41:Generated_Source\PSoC4/Display_SPI_PM.c **** void Display_SPI_SaveConfig(void) 
  42:Generated_Source\PSoC4/Display_SPI_PM.c **** {
  43:Generated_Source\PSoC4/Display_SPI_PM.c **** 
  44:Generated_Source\PSoC4/Display_SPI_PM.c **** }
  45:Generated_Source\PSoC4/Display_SPI_PM.c **** 
  46:Generated_Source\PSoC4/Display_SPI_PM.c **** 
  47:Generated_Source\PSoC4/Display_SPI_PM.c **** /*******************************************************************************
  48:Generated_Source\PSoC4/Display_SPI_PM.c **** * Function Name: Display_SPI_RestoreConfig
  49:Generated_Source\PSoC4/Display_SPI_PM.c **** ********************************************************************************
  50:Generated_Source\PSoC4/Display_SPI_PM.c **** *
  51:Generated_Source\PSoC4/Display_SPI_PM.c **** * Summary:
  52:Generated_Source\PSoC4/Display_SPI_PM.c **** *  Empty function. Included for consistency with other components.
  53:Generated_Source\PSoC4/Display_SPI_PM.c **** *
  54:Generated_Source\PSoC4/Display_SPI_PM.c **** * Parameters:
  55:Generated_Source\PSoC4/Display_SPI_PM.c **** *  None.
  56:Generated_Source\PSoC4/Display_SPI_PM.c **** *
  57:Generated_Source\PSoC4/Display_SPI_PM.c **** * Return:
  58:Generated_Source\PSoC4/Display_SPI_PM.c **** *  None.
  59:Generated_Source\PSoC4/Display_SPI_PM.c **** *
  60:Generated_Source\PSoC4/Display_SPI_PM.c **** *******************************************************************************/
  61:Generated_Source\PSoC4/Display_SPI_PM.c **** void Display_SPI_RestoreConfig(void) 
  62:Generated_Source\PSoC4/Display_SPI_PM.c **** {
  45              		.loc 1 62 0
  46              		.cfi_startproc
  47              		@ args = 0, pretend = 0, frame = 0
  48              		@ frame_needed = 0, uses_anonymous_args = 0
  49              		@ link register save eliminated.
  63:Generated_Source\PSoC4/Display_SPI_PM.c **** 
  64:Generated_Source\PSoC4/Display_SPI_PM.c **** }
  50              		.loc 1 64 0
ARM GAS  C:\Users\VIDEOH~1\AppData\Local\Temp\cc8qczar.s 			page 3


  51              		@ sp needed
  52 0000 7047     		bx	lr
  53              		.cfi_endproc
  54              	.LFE1:
  55              		.size	Display_SPI_RestoreConfig, .-Display_SPI_RestoreConfig
  56              		.section	.text.Display_SPI_Sleep,"ax",%progbits
  57              		.align	1
  58              		.global	Display_SPI_Sleep
  59              		.code	16
  60              		.thumb_func
  61              		.type	Display_SPI_Sleep, %function
  62              	Display_SPI_Sleep:
  63              	.LFB2:
  65:Generated_Source\PSoC4/Display_SPI_PM.c **** 
  66:Generated_Source\PSoC4/Display_SPI_PM.c **** 
  67:Generated_Source\PSoC4/Display_SPI_PM.c **** /*******************************************************************************
  68:Generated_Source\PSoC4/Display_SPI_PM.c **** * Function Name: Display_SPI_Sleep
  69:Generated_Source\PSoC4/Display_SPI_PM.c **** ********************************************************************************
  70:Generated_Source\PSoC4/Display_SPI_PM.c **** *
  71:Generated_Source\PSoC4/Display_SPI_PM.c **** * Summary:
  72:Generated_Source\PSoC4/Display_SPI_PM.c **** *  Prepare SPIM Component goes to sleep.
  73:Generated_Source\PSoC4/Display_SPI_PM.c **** *
  74:Generated_Source\PSoC4/Display_SPI_PM.c **** * Parameters:
  75:Generated_Source\PSoC4/Display_SPI_PM.c **** *  None.
  76:Generated_Source\PSoC4/Display_SPI_PM.c **** *
  77:Generated_Source\PSoC4/Display_SPI_PM.c **** * Return:
  78:Generated_Source\PSoC4/Display_SPI_PM.c **** *  None.
  79:Generated_Source\PSoC4/Display_SPI_PM.c **** *
  80:Generated_Source\PSoC4/Display_SPI_PM.c **** * Global Variables:
  81:Generated_Source\PSoC4/Display_SPI_PM.c **** *  Display_SPI_backup - modified when non-retention registers are saved.
  82:Generated_Source\PSoC4/Display_SPI_PM.c **** *
  83:Generated_Source\PSoC4/Display_SPI_PM.c **** * Reentrant:
  84:Generated_Source\PSoC4/Display_SPI_PM.c **** *  No.
  85:Generated_Source\PSoC4/Display_SPI_PM.c **** *
  86:Generated_Source\PSoC4/Display_SPI_PM.c **** *******************************************************************************/
  87:Generated_Source\PSoC4/Display_SPI_PM.c **** void Display_SPI_Sleep(void) 
  88:Generated_Source\PSoC4/Display_SPI_PM.c **** {
  64              		.loc 1 88 0
  65              		.cfi_startproc
  66              		@ args = 0, pretend = 0, frame = 0
  67              		@ frame_needed = 0, uses_anonymous_args = 0
  68 0000 10B5     		push	{r4, lr}
  69              		.cfi_def_cfa_offset 8
  70              		.cfi_offset 4, -8
  71              		.cfi_offset 14, -4
  89:Generated_Source\PSoC4/Display_SPI_PM.c ****     /* Save components enable state */
  90:Generated_Source\PSoC4/Display_SPI_PM.c ****     Display_SPI_backup.enableState = ((uint8) Display_SPI_IS_ENABLED);
  72              		.loc 1 90 0
  73 0002 044B     		ldr	r3, .L4
  74 0004 044A     		ldr	r2, .L4+4
  75 0006 1B78     		ldrb	r3, [r3]
  91:Generated_Source\PSoC4/Display_SPI_PM.c **** 
  92:Generated_Source\PSoC4/Display_SPI_PM.c ****     Display_SPI_Stop();
  93:Generated_Source\PSoC4/Display_SPI_PM.c **** }
  76              		.loc 1 93 0
  77              		@ sp needed
  90:Generated_Source\PSoC4/Display_SPI_PM.c **** 
ARM GAS  C:\Users\VIDEOH~1\AppData\Local\Temp\cc8qczar.s 			page 4


  78              		.loc 1 90 0
  79 0008 DB06     		lsls	r3, r3, #27
  80 000a DB0F     		lsrs	r3, r3, #31
  81 000c 1370     		strb	r3, [r2]
  92:Generated_Source\PSoC4/Display_SPI_PM.c **** }
  82              		.loc 1 92 0
  83 000e FFF7FEFF 		bl	Display_SPI_Stop
  84              	.LVL0:
  85              		.loc 1 93 0
  86 0012 10BD     		pop	{r4, pc}
  87              	.L5:
  88              		.align	2
  89              	.L4:
  90 0014 92000F40 		.word	1074725010
  91 0018 00000000 		.word	.LANCHOR0
  92              		.cfi_endproc
  93              	.LFE2:
  94              		.size	Display_SPI_Sleep, .-Display_SPI_Sleep
  95              		.section	.text.Display_SPI_Wakeup,"ax",%progbits
  96              		.align	1
  97              		.global	Display_SPI_Wakeup
  98              		.code	16
  99              		.thumb_func
 100              		.type	Display_SPI_Wakeup, %function
 101              	Display_SPI_Wakeup:
 102              	.LFB3:
  94:Generated_Source\PSoC4/Display_SPI_PM.c **** 
  95:Generated_Source\PSoC4/Display_SPI_PM.c **** 
  96:Generated_Source\PSoC4/Display_SPI_PM.c **** /*******************************************************************************
  97:Generated_Source\PSoC4/Display_SPI_PM.c **** * Function Name: Display_SPI_Wakeup
  98:Generated_Source\PSoC4/Display_SPI_PM.c **** ********************************************************************************
  99:Generated_Source\PSoC4/Display_SPI_PM.c **** *
 100:Generated_Source\PSoC4/Display_SPI_PM.c **** * Summary:
 101:Generated_Source\PSoC4/Display_SPI_PM.c **** *  Prepare SPIM Component to wake up.
 102:Generated_Source\PSoC4/Display_SPI_PM.c **** *
 103:Generated_Source\PSoC4/Display_SPI_PM.c **** * Parameters:
 104:Generated_Source\PSoC4/Display_SPI_PM.c **** *  None.
 105:Generated_Source\PSoC4/Display_SPI_PM.c **** *
 106:Generated_Source\PSoC4/Display_SPI_PM.c **** * Return:
 107:Generated_Source\PSoC4/Display_SPI_PM.c **** *  None.
 108:Generated_Source\PSoC4/Display_SPI_PM.c **** *
 109:Generated_Source\PSoC4/Display_SPI_PM.c **** * Global Variables:
 110:Generated_Source\PSoC4/Display_SPI_PM.c **** *  Display_SPI_backup - used when non-retention registers are restored.
 111:Generated_Source\PSoC4/Display_SPI_PM.c **** *  Display_SPI_txBufferWrite - modified every function call - resets to
 112:Generated_Source\PSoC4/Display_SPI_PM.c **** *  zero.
 113:Generated_Source\PSoC4/Display_SPI_PM.c **** *  Display_SPI_txBufferRead - modified every function call - resets to
 114:Generated_Source\PSoC4/Display_SPI_PM.c **** *  zero.
 115:Generated_Source\PSoC4/Display_SPI_PM.c **** *  Display_SPI_rxBufferWrite - modified every function call - resets to
 116:Generated_Source\PSoC4/Display_SPI_PM.c **** *  zero.
 117:Generated_Source\PSoC4/Display_SPI_PM.c **** *  Display_SPI_rxBufferRead - modified every function call - resets to
 118:Generated_Source\PSoC4/Display_SPI_PM.c **** *  zero.
 119:Generated_Source\PSoC4/Display_SPI_PM.c **** *
 120:Generated_Source\PSoC4/Display_SPI_PM.c **** * Reentrant:
 121:Generated_Source\PSoC4/Display_SPI_PM.c **** *  No.
 122:Generated_Source\PSoC4/Display_SPI_PM.c **** *
 123:Generated_Source\PSoC4/Display_SPI_PM.c **** *******************************************************************************/
 124:Generated_Source\PSoC4/Display_SPI_PM.c **** void Display_SPI_Wakeup(void) 
ARM GAS  C:\Users\VIDEOH~1\AppData\Local\Temp\cc8qczar.s 			page 5


 125:Generated_Source\PSoC4/Display_SPI_PM.c **** {
 103              		.loc 1 125 0
 104              		.cfi_startproc
 105              		@ args = 0, pretend = 0, frame = 0
 106              		@ frame_needed = 0, uses_anonymous_args = 0
 107 0000 10B5     		push	{r4, lr}
 108              		.cfi_def_cfa_offset 8
 109              		.cfi_offset 4, -8
 110              		.cfi_offset 14, -4
 126:Generated_Source\PSoC4/Display_SPI_PM.c ****     #if(Display_SPI_RX_SOFTWARE_BUF_ENABLED)
 127:Generated_Source\PSoC4/Display_SPI_PM.c ****         Display_SPI_rxBufferFull  = 0u;
 128:Generated_Source\PSoC4/Display_SPI_PM.c ****         Display_SPI_rxBufferRead  = 0u;
 129:Generated_Source\PSoC4/Display_SPI_PM.c ****         Display_SPI_rxBufferWrite = 0u;
 130:Generated_Source\PSoC4/Display_SPI_PM.c ****     #endif /* (Display_SPI_RX_SOFTWARE_BUF_ENABLED) */
 131:Generated_Source\PSoC4/Display_SPI_PM.c **** 
 132:Generated_Source\PSoC4/Display_SPI_PM.c ****     #if(Display_SPI_TX_SOFTWARE_BUF_ENABLED)
 133:Generated_Source\PSoC4/Display_SPI_PM.c ****         Display_SPI_txBufferFull  = 0u;
 134:Generated_Source\PSoC4/Display_SPI_PM.c ****         Display_SPI_txBufferRead  = 0u;
 135:Generated_Source\PSoC4/Display_SPI_PM.c ****         Display_SPI_txBufferWrite = 0u;
 136:Generated_Source\PSoC4/Display_SPI_PM.c ****     #endif /* (Display_SPI_TX_SOFTWARE_BUF_ENABLED) */
 137:Generated_Source\PSoC4/Display_SPI_PM.c **** 
 138:Generated_Source\PSoC4/Display_SPI_PM.c ****     /* Clear any data from the RX and TX FIFO */
 139:Generated_Source\PSoC4/Display_SPI_PM.c ****     Display_SPI_ClearFIFO();
 111              		.loc 1 139 0
 112 0002 FFF7FEFF 		bl	Display_SPI_ClearFIFO
 113              	.LVL1:
 140:Generated_Source\PSoC4/Display_SPI_PM.c **** 
 141:Generated_Source\PSoC4/Display_SPI_PM.c ****     /* Restore components block enable state */
 142:Generated_Source\PSoC4/Display_SPI_PM.c ****     if(0u != Display_SPI_backup.enableState)
 114              		.loc 1 142 0
 115 0006 034B     		ldr	r3, .L12
 116 0008 1B78     		ldrb	r3, [r3]
 117 000a 002B     		cmp	r3, #0
 118 000c 01D0     		beq	.L6
 143:Generated_Source\PSoC4/Display_SPI_PM.c ****     {
 144:Generated_Source\PSoC4/Display_SPI_PM.c ****         Display_SPI_Enable();
 119              		.loc 1 144 0
 120 000e FFF7FEFF 		bl	Display_SPI_Enable
 121              	.LVL2:
 122              	.L6:
 145:Generated_Source\PSoC4/Display_SPI_PM.c ****     }
 146:Generated_Source\PSoC4/Display_SPI_PM.c **** }
 123              		.loc 1 146 0
 124              		@ sp needed
 125 0012 10BD     		pop	{r4, pc}
 126              	.L13:
 127              		.align	2
 128              	.L12:
 129 0014 00000000 		.word	.LANCHOR0
 130              		.cfi_endproc
 131              	.LFE3:
 132              		.size	Display_SPI_Wakeup, .-Display_SPI_Wakeup
 133              		.data
 134              		.set	.LANCHOR0,. + 0
 135              		.type	Display_SPI_backup, %object
 136              		.size	Display_SPI_backup, 2
 137              	Display_SPI_backup:
ARM GAS  C:\Users\VIDEOH~1\AppData\Local\Temp\cc8qczar.s 			page 6


 138 0000 00       		.byte	0
 139 0001 0F       		.byte	15
 140              		.text
 141              	.Letext0:
 142              		.file 2 "Generated_Source\\PSoC4\\cytypes.h"
 143              		.file 3 "Generated_Source\\PSoC4\\Display_SPI.h"
 144              		.section	.debug_info,"",%progbits
 145              	.Ldebug_info0:
 146 0000 5D010000 		.4byte	0x15d
 147 0004 0400     		.2byte	0x4
 148 0006 00000000 		.4byte	.Ldebug_abbrev0
 149 000a 04       		.byte	0x4
 150 000b 01       		.uleb128 0x1
 151 000c CA000000 		.4byte	.LASF23
 152 0010 0C       		.byte	0xc
 153 0011 3B020000 		.4byte	.LASF24
 154 0015 F7010000 		.4byte	.LASF25
 155 0019 00000000 		.4byte	.Ldebug_ranges0+0
 156 001d 00000000 		.4byte	0
 157 0021 00000000 		.4byte	.Ldebug_line0
 158 0025 02       		.uleb128 0x2
 159 0026 01       		.byte	0x1
 160 0027 06       		.byte	0x6
 161 0028 AB010000 		.4byte	.LASF0
 162 002c 02       		.uleb128 0x2
 163 002d 01       		.byte	0x1
 164 002e 08       		.byte	0x8
 165 002f A9000000 		.4byte	.LASF1
 166 0033 02       		.uleb128 0x2
 167 0034 02       		.byte	0x2
 168 0035 05       		.byte	0x5
 169 0036 E8010000 		.4byte	.LASF2
 170 003a 02       		.uleb128 0x2
 171 003b 02       		.byte	0x2
 172 003c 07       		.byte	0x7
 173 003d 98010000 		.4byte	.LASF3
 174 0041 02       		.uleb128 0x2
 175 0042 04       		.byte	0x4
 176 0043 05       		.byte	0x5
 177 0044 63010000 		.4byte	.LASF4
 178 0048 02       		.uleb128 0x2
 179 0049 04       		.byte	0x4
 180 004a 07       		.byte	0x7
 181 004b 68000000 		.4byte	.LASF5
 182 004f 02       		.uleb128 0x2
 183 0050 08       		.byte	0x8
 184 0051 05       		.byte	0x5
 185 0052 00000000 		.4byte	.LASF6
 186 0056 02       		.uleb128 0x2
 187 0057 08       		.byte	0x8
 188 0058 07       		.byte	0x7
 189 0059 7A000000 		.4byte	.LASF7
 190 005d 03       		.uleb128 0x3
 191 005e 04       		.byte	0x4
 192 005f 05       		.byte	0x5
 193 0060 696E7400 		.ascii	"int\000"
 194 0064 02       		.uleb128 0x2
ARM GAS  C:\Users\VIDEOH~1\AppData\Local\Temp\cc8qczar.s 			page 7


 195 0065 04       		.byte	0x4
 196 0066 07       		.byte	0x7
 197 0067 30000000 		.4byte	.LASF8
 198 006b 04       		.uleb128 0x4
 199 006c 62000000 		.4byte	.LASF12
 200 0070 02       		.byte	0x2
 201 0071 E401     		.2byte	0x1e4
 202 0073 2C000000 		.4byte	0x2c
 203 0077 02       		.uleb128 0x2
 204 0078 04       		.byte	0x4
 205 0079 04       		.byte	0x4
 206 007a E2010000 		.4byte	.LASF9
 207 007e 02       		.uleb128 0x2
 208 007f 08       		.byte	0x8
 209 0080 04       		.byte	0x4
 210 0081 6C010000 		.4byte	.LASF10
 211 0085 02       		.uleb128 0x2
 212 0086 01       		.byte	0x1
 213 0087 08       		.byte	0x8
 214 0088 91000000 		.4byte	.LASF11
 215 008c 04       		.uleb128 0x4
 216 008d F2010000 		.4byte	.LASF13
 217 0091 02       		.byte	0x2
 218 0092 8E02     		.2byte	0x28e
 219 0094 98000000 		.4byte	0x98
 220 0098 05       		.uleb128 0x5
 221 0099 6B000000 		.4byte	0x6b
 222 009d 02       		.uleb128 0x2
 223 009e 04       		.byte	0x4
 224 009f 07       		.byte	0x7
 225 00a0 32020000 		.4byte	.LASF14
 226 00a4 06       		.uleb128 0x6
 227 00a5 02       		.byte	0x2
 228 00a6 03       		.byte	0x3
 229 00a7 40       		.byte	0x40
 230 00a8 C5000000 		.4byte	0xc5
 231 00ac 07       		.uleb128 0x7
 232 00ad 24000000 		.4byte	.LASF15
 233 00b1 03       		.byte	0x3
 234 00b2 42       		.byte	0x42
 235 00b3 6B000000 		.4byte	0x6b
 236 00b7 00       		.byte	0
 237 00b8 07       		.uleb128 0x7
 238 00b9 8D010000 		.4byte	.LASF16
 239 00bd 03       		.byte	0x3
 240 00be 43       		.byte	0x43
 241 00bf 6B000000 		.4byte	0x6b
 242 00c3 01       		.byte	0x1
 243 00c4 00       		.byte	0
 244 00c5 08       		.uleb128 0x8
 245 00c6 B7010000 		.4byte	.LASF17
 246 00ca 03       		.byte	0x3
 247 00cb 44       		.byte	0x44
 248 00cc A4000000 		.4byte	0xa4
 249 00d0 09       		.uleb128 0x9
 250 00d1 73010000 		.4byte	.LASF26
 251 00d5 01       		.byte	0x1
ARM GAS  C:\Users\VIDEOH~1\AppData\Local\Temp\cc8qczar.s 			page 8


 252 00d6 3D       		.byte	0x3d
 253 00d7 01       		.byte	0x1
 254 00d8 0A       		.uleb128 0xa
 255 00d9 D0000000 		.4byte	0xd0
 256 00dd 00000000 		.4byte	.LFB1
 257 00e1 02000000 		.4byte	.LFE1-.LFB1
 258 00e5 01       		.uleb128 0x1
 259 00e6 9C       		.byte	0x9c
 260 00e7 0B       		.uleb128 0xb
 261 00e8 50000000 		.4byte	.LASF18
 262 00ec 01       		.byte	0x1
 263 00ed 57       		.byte	0x57
 264 00ee 00000000 		.4byte	.LFB2
 265 00f2 1C000000 		.4byte	.LFE2-.LFB2
 266 00f6 01       		.uleb128 0x1
 267 00f7 9C       		.byte	0x9c
 268 00f8 06010000 		.4byte	0x106
 269 00fc 0C       		.uleb128 0xc
 270 00fd 12000000 		.4byte	.LVL0
 271 0101 3F010000 		.4byte	0x13f
 272 0105 00       		.byte	0
 273 0106 0B       		.uleb128 0xb
 274 0107 96000000 		.4byte	.LASF19
 275 010b 01       		.byte	0x1
 276 010c 7C       		.byte	0x7c
 277 010d 00000000 		.4byte	.LFB3
 278 0111 18000000 		.4byte	.LFE3-.LFB3
 279 0115 01       		.uleb128 0x1
 280 0116 9C       		.byte	0x9c
 281 0117 2E010000 		.4byte	0x12e
 282 011b 0C       		.uleb128 0xc
 283 011c 06000000 		.4byte	.LVL1
 284 0120 4A010000 		.4byte	0x14a
 285 0124 0C       		.uleb128 0xc
 286 0125 12000000 		.4byte	.LVL2
 287 0129 55010000 		.4byte	0x155
 288 012d 00       		.byte	0
 289 012e 0D       		.uleb128 0xd
 290 012f 3D000000 		.4byte	.LASF27
 291 0133 01       		.byte	0x1
 292 0134 14       		.byte	0x14
 293 0135 C5000000 		.4byte	0xc5
 294 0139 05       		.uleb128 0x5
 295 013a 03       		.byte	0x3
 296 013b 00000000 		.4byte	Display_SPI_backup
 297 013f 0E       		.uleb128 0xe
 298 0140 D1010000 		.4byte	.LASF20
 299 0144 D1010000 		.4byte	.LASF20
 300 0148 03       		.byte	0x3
 301 0149 4E       		.byte	0x4e
 302 014a 0E       		.uleb128 0xe
 303 014b 0E000000 		.4byte	.LASF21
 304 014f 0E000000 		.4byte	.LASF21
 305 0153 03       		.byte	0x3
 306 0154 66       		.byte	0x66
 307 0155 0E       		.uleb128 0xe
 308 0156 B7000000 		.4byte	.LASF22
ARM GAS  C:\Users\VIDEOH~1\AppData\Local\Temp\cc8qczar.s 			page 9


 309 015a B7000000 		.4byte	.LASF22
 310 015e 03       		.byte	0x3
 311 015f 4C       		.byte	0x4c
 312 0160 00       		.byte	0
 313              		.section	.debug_abbrev,"",%progbits
 314              	.Ldebug_abbrev0:
 315 0000 01       		.uleb128 0x1
 316 0001 11       		.uleb128 0x11
 317 0002 01       		.byte	0x1
 318 0003 25       		.uleb128 0x25
 319 0004 0E       		.uleb128 0xe
 320 0005 13       		.uleb128 0x13
 321 0006 0B       		.uleb128 0xb
 322 0007 03       		.uleb128 0x3
 323 0008 0E       		.uleb128 0xe
 324 0009 1B       		.uleb128 0x1b
 325 000a 0E       		.uleb128 0xe
 326 000b 55       		.uleb128 0x55
 327 000c 17       		.uleb128 0x17
 328 000d 11       		.uleb128 0x11
 329 000e 01       		.uleb128 0x1
 330 000f 10       		.uleb128 0x10
 331 0010 17       		.uleb128 0x17
 332 0011 00       		.byte	0
 333 0012 00       		.byte	0
 334 0013 02       		.uleb128 0x2
 335 0014 24       		.uleb128 0x24
 336 0015 00       		.byte	0
 337 0016 0B       		.uleb128 0xb
 338 0017 0B       		.uleb128 0xb
 339 0018 3E       		.uleb128 0x3e
 340 0019 0B       		.uleb128 0xb
 341 001a 03       		.uleb128 0x3
 342 001b 0E       		.uleb128 0xe
 343 001c 00       		.byte	0
 344 001d 00       		.byte	0
 345 001e 03       		.uleb128 0x3
 346 001f 24       		.uleb128 0x24
 347 0020 00       		.byte	0
 348 0021 0B       		.uleb128 0xb
 349 0022 0B       		.uleb128 0xb
 350 0023 3E       		.uleb128 0x3e
 351 0024 0B       		.uleb128 0xb
 352 0025 03       		.uleb128 0x3
 353 0026 08       		.uleb128 0x8
 354 0027 00       		.byte	0
 355 0028 00       		.byte	0
 356 0029 04       		.uleb128 0x4
 357 002a 16       		.uleb128 0x16
 358 002b 00       		.byte	0
 359 002c 03       		.uleb128 0x3
 360 002d 0E       		.uleb128 0xe
 361 002e 3A       		.uleb128 0x3a
 362 002f 0B       		.uleb128 0xb
 363 0030 3B       		.uleb128 0x3b
 364 0031 05       		.uleb128 0x5
 365 0032 49       		.uleb128 0x49
ARM GAS  C:\Users\VIDEOH~1\AppData\Local\Temp\cc8qczar.s 			page 10


 366 0033 13       		.uleb128 0x13
 367 0034 00       		.byte	0
 368 0035 00       		.byte	0
 369 0036 05       		.uleb128 0x5
 370 0037 35       		.uleb128 0x35
 371 0038 00       		.byte	0
 372 0039 49       		.uleb128 0x49
 373 003a 13       		.uleb128 0x13
 374 003b 00       		.byte	0
 375 003c 00       		.byte	0
 376 003d 06       		.uleb128 0x6
 377 003e 13       		.uleb128 0x13
 378 003f 01       		.byte	0x1
 379 0040 0B       		.uleb128 0xb
 380 0041 0B       		.uleb128 0xb
 381 0042 3A       		.uleb128 0x3a
 382 0043 0B       		.uleb128 0xb
 383 0044 3B       		.uleb128 0x3b
 384 0045 0B       		.uleb128 0xb
 385 0046 01       		.uleb128 0x1
 386 0047 13       		.uleb128 0x13
 387 0048 00       		.byte	0
 388 0049 00       		.byte	0
 389 004a 07       		.uleb128 0x7
 390 004b 0D       		.uleb128 0xd
 391 004c 00       		.byte	0
 392 004d 03       		.uleb128 0x3
 393 004e 0E       		.uleb128 0xe
 394 004f 3A       		.uleb128 0x3a
 395 0050 0B       		.uleb128 0xb
 396 0051 3B       		.uleb128 0x3b
 397 0052 0B       		.uleb128 0xb
 398 0053 49       		.uleb128 0x49
 399 0054 13       		.uleb128 0x13
 400 0055 38       		.uleb128 0x38
 401 0056 0B       		.uleb128 0xb
 402 0057 00       		.byte	0
 403 0058 00       		.byte	0
 404 0059 08       		.uleb128 0x8
 405 005a 16       		.uleb128 0x16
 406 005b 00       		.byte	0
 407 005c 03       		.uleb128 0x3
 408 005d 0E       		.uleb128 0xe
 409 005e 3A       		.uleb128 0x3a
 410 005f 0B       		.uleb128 0xb
 411 0060 3B       		.uleb128 0x3b
 412 0061 0B       		.uleb128 0xb
 413 0062 49       		.uleb128 0x49
 414 0063 13       		.uleb128 0x13
 415 0064 00       		.byte	0
 416 0065 00       		.byte	0
 417 0066 09       		.uleb128 0x9
 418 0067 2E       		.uleb128 0x2e
 419 0068 00       		.byte	0
 420 0069 3F       		.uleb128 0x3f
 421 006a 19       		.uleb128 0x19
 422 006b 03       		.uleb128 0x3
ARM GAS  C:\Users\VIDEOH~1\AppData\Local\Temp\cc8qczar.s 			page 11


 423 006c 0E       		.uleb128 0xe
 424 006d 3A       		.uleb128 0x3a
 425 006e 0B       		.uleb128 0xb
 426 006f 3B       		.uleb128 0x3b
 427 0070 0B       		.uleb128 0xb
 428 0071 27       		.uleb128 0x27
 429 0072 19       		.uleb128 0x19
 430 0073 20       		.uleb128 0x20
 431 0074 0B       		.uleb128 0xb
 432 0075 00       		.byte	0
 433 0076 00       		.byte	0
 434 0077 0A       		.uleb128 0xa
 435 0078 2E       		.uleb128 0x2e
 436 0079 00       		.byte	0
 437 007a 31       		.uleb128 0x31
 438 007b 13       		.uleb128 0x13
 439 007c 11       		.uleb128 0x11
 440 007d 01       		.uleb128 0x1
 441 007e 12       		.uleb128 0x12
 442 007f 06       		.uleb128 0x6
 443 0080 40       		.uleb128 0x40
 444 0081 18       		.uleb128 0x18
 445 0082 9742     		.uleb128 0x2117
 446 0084 19       		.uleb128 0x19
 447 0085 00       		.byte	0
 448 0086 00       		.byte	0
 449 0087 0B       		.uleb128 0xb
 450 0088 2E       		.uleb128 0x2e
 451 0089 01       		.byte	0x1
 452 008a 3F       		.uleb128 0x3f
 453 008b 19       		.uleb128 0x19
 454 008c 03       		.uleb128 0x3
 455 008d 0E       		.uleb128 0xe
 456 008e 3A       		.uleb128 0x3a
 457 008f 0B       		.uleb128 0xb
 458 0090 3B       		.uleb128 0x3b
 459 0091 0B       		.uleb128 0xb
 460 0092 27       		.uleb128 0x27
 461 0093 19       		.uleb128 0x19
 462 0094 11       		.uleb128 0x11
 463 0095 01       		.uleb128 0x1
 464 0096 12       		.uleb128 0x12
 465 0097 06       		.uleb128 0x6
 466 0098 40       		.uleb128 0x40
 467 0099 18       		.uleb128 0x18
 468 009a 9742     		.uleb128 0x2117
 469 009c 19       		.uleb128 0x19
 470 009d 01       		.uleb128 0x1
 471 009e 13       		.uleb128 0x13
 472 009f 00       		.byte	0
 473 00a0 00       		.byte	0
 474 00a1 0C       		.uleb128 0xc
 475 00a2 898201   		.uleb128 0x4109
 476 00a5 00       		.byte	0
 477 00a6 11       		.uleb128 0x11
 478 00a7 01       		.uleb128 0x1
 479 00a8 31       		.uleb128 0x31
ARM GAS  C:\Users\VIDEOH~1\AppData\Local\Temp\cc8qczar.s 			page 12


 480 00a9 13       		.uleb128 0x13
 481 00aa 00       		.byte	0
 482 00ab 00       		.byte	0
 483 00ac 0D       		.uleb128 0xd
 484 00ad 34       		.uleb128 0x34
 485 00ae 00       		.byte	0
 486 00af 03       		.uleb128 0x3
 487 00b0 0E       		.uleb128 0xe
 488 00b1 3A       		.uleb128 0x3a
 489 00b2 0B       		.uleb128 0xb
 490 00b3 3B       		.uleb128 0x3b
 491 00b4 0B       		.uleb128 0xb
 492 00b5 49       		.uleb128 0x49
 493 00b6 13       		.uleb128 0x13
 494 00b7 02       		.uleb128 0x2
 495 00b8 18       		.uleb128 0x18
 496 00b9 00       		.byte	0
 497 00ba 00       		.byte	0
 498 00bb 0E       		.uleb128 0xe
 499 00bc 2E       		.uleb128 0x2e
 500 00bd 00       		.byte	0
 501 00be 3F       		.uleb128 0x3f
 502 00bf 19       		.uleb128 0x19
 503 00c0 3C       		.uleb128 0x3c
 504 00c1 19       		.uleb128 0x19
 505 00c2 6E       		.uleb128 0x6e
 506 00c3 0E       		.uleb128 0xe
 507 00c4 03       		.uleb128 0x3
 508 00c5 0E       		.uleb128 0xe
 509 00c6 3A       		.uleb128 0x3a
 510 00c7 0B       		.uleb128 0xb
 511 00c8 3B       		.uleb128 0x3b
 512 00c9 0B       		.uleb128 0xb
 513 00ca 00       		.byte	0
 514 00cb 00       		.byte	0
 515 00cc 00       		.byte	0
 516              		.section	.debug_aranges,"",%progbits
 517 0000 2C000000 		.4byte	0x2c
 518 0004 0200     		.2byte	0x2
 519 0006 00000000 		.4byte	.Ldebug_info0
 520 000a 04       		.byte	0x4
 521 000b 00       		.byte	0
 522 000c 0000     		.2byte	0
 523 000e 0000     		.2byte	0
 524 0010 00000000 		.4byte	.LFB1
 525 0014 02000000 		.4byte	.LFE1-.LFB1
 526 0018 00000000 		.4byte	.LFB2
 527 001c 1C000000 		.4byte	.LFE2-.LFB2
 528 0020 00000000 		.4byte	.LFB3
 529 0024 18000000 		.4byte	.LFE3-.LFB3
 530 0028 00000000 		.4byte	0
 531 002c 00000000 		.4byte	0
 532              		.section	.debug_ranges,"",%progbits
 533              	.Ldebug_ranges0:
 534 0000 00000000 		.4byte	.LFB1
 535 0004 02000000 		.4byte	.LFE1
 536 0008 00000000 		.4byte	.LFB2
ARM GAS  C:\Users\VIDEOH~1\AppData\Local\Temp\cc8qczar.s 			page 13


 537 000c 1C000000 		.4byte	.LFE2
 538 0010 00000000 		.4byte	.LFB3
 539 0014 18000000 		.4byte	.LFE3
 540 0018 00000000 		.4byte	0
 541 001c 00000000 		.4byte	0
 542              		.section	.debug_line,"",%progbits
 543              	.Ldebug_line0:
 544 0000 9D000000 		.section	.debug_str,"MS",%progbits,1
 544      02005C00 
 544      00000201 
 544      FB0E0D00 
 544      01010101 
 545              	.LASF6:
 546 0000 6C6F6E67 		.ascii	"long long int\000"
 546      206C6F6E 
 546      6720696E 
 546      7400
 547              	.LASF21:
 548 000e 44697370 		.ascii	"Display_SPI_ClearFIFO\000"
 548      6C61795F 
 548      5350495F 
 548      436C6561 
 548      72464946 
 549              	.LASF15:
 550 0024 656E6162 		.ascii	"enableState\000"
 550      6C655374 
 550      61746500 
 551              	.LASF8:
 552 0030 756E7369 		.ascii	"unsigned int\000"
 552      676E6564 
 552      20696E74 
 552      00
 553              	.LASF27:
 554 003d 44697370 		.ascii	"Display_SPI_backup\000"
 554      6C61795F 
 554      5350495F 
 554      6261636B 
 554      757000
 555              	.LASF18:
 556 0050 44697370 		.ascii	"Display_SPI_Sleep\000"
 556      6C61795F 
 556      5350495F 
 556      536C6565 
 556      7000
 557              	.LASF12:
 558 0062 75696E74 		.ascii	"uint8\000"
 558      3800
 559              	.LASF5:
 560 0068 6C6F6E67 		.ascii	"long unsigned int\000"
 560      20756E73 
 560      69676E65 
 560      6420696E 
 560      7400
 561              	.LASF7:
 562 007a 6C6F6E67 		.ascii	"long long unsigned int\000"
 562      206C6F6E 
 562      6720756E 
ARM GAS  C:\Users\VIDEOH~1\AppData\Local\Temp\cc8qczar.s 			page 14


 562      7369676E 
 562      65642069 
 563              	.LASF11:
 564 0091 63686172 		.ascii	"char\000"
 564      00
 565              	.LASF19:
 566 0096 44697370 		.ascii	"Display_SPI_Wakeup\000"
 566      6C61795F 
 566      5350495F 
 566      57616B65 
 566      757000
 567              	.LASF1:
 568 00a9 756E7369 		.ascii	"unsigned char\000"
 568      676E6564 
 568      20636861 
 568      7200
 569              	.LASF22:
 570 00b7 44697370 		.ascii	"Display_SPI_Enable\000"
 570      6C61795F 
 570      5350495F 
 570      456E6162 
 570      6C6500
 571              	.LASF23:
 572 00ca 474E5520 		.ascii	"GNU C99 5.4.1 20160609 (release) [ARM/embedded-5-br"
 572      43393920 
 572      352E342E 
 572      31203230 
 572      31363036 
 573 00fd 616E6368 		.ascii	"anch revision 237715] -mcpu=cortex-m0 -mthumb -g -O"
 573      20726576 
 573      6973696F 
 573      6E203233 
 573      37373135 
 574 0130 73202D73 		.ascii	"s -std=gnu99 -ffunction-sections -ffat-lto-objects\000"
 574      74643D67 
 574      6E753939 
 574      202D6666 
 574      756E6374 
 575              	.LASF4:
 576 0163 6C6F6E67 		.ascii	"long int\000"
 576      20696E74 
 576      00
 577              	.LASF10:
 578 016c 646F7562 		.ascii	"double\000"
 578      6C6500
 579              	.LASF26:
 580 0173 44697370 		.ascii	"Display_SPI_RestoreConfig\000"
 580      6C61795F 
 580      5350495F 
 580      52657374 
 580      6F726543 
 581              	.LASF16:
 582 018d 636E7472 		.ascii	"cntrPeriod\000"
 582      50657269 
 582      6F6400
 583              	.LASF3:
 584 0198 73686F72 		.ascii	"short unsigned int\000"
ARM GAS  C:\Users\VIDEOH~1\AppData\Local\Temp\cc8qczar.s 			page 15


 584      7420756E 
 584      7369676E 
 584      65642069 
 584      6E7400
 585              	.LASF0:
 586 01ab 7369676E 		.ascii	"signed char\000"
 586      65642063 
 586      68617200 
 587              	.LASF17:
 588 01b7 44697370 		.ascii	"Display_SPI_BACKUP_STRUCT\000"
 588      6C61795F 
 588      5350495F 
 588      4241434B 
 588      55505F53 
 589              	.LASF20:
 590 01d1 44697370 		.ascii	"Display_SPI_Stop\000"
 590      6C61795F 
 590      5350495F 
 590      53746F70 
 590      00
 591              	.LASF9:
 592 01e2 666C6F61 		.ascii	"float\000"
 592      7400
 593              	.LASF2:
 594 01e8 73686F72 		.ascii	"short int\000"
 594      7420696E 
 594      7400
 595              	.LASF13:
 596 01f2 72656738 		.ascii	"reg8\000"
 596      00
 597              	.LASF25:
 598 01f7 443A5C31 		.ascii	"D:\\1_work\\my_project\\ReloadPro\\psoc42boot\\Relo"
 598      5F776F72 
 598      6B5C6D79 
 598      5F70726F 
 598      6A656374 
 599 0225 61642050 		.ascii	"ad Pro.cydsn\000"
 599      726F2E63 
 599      7964736E 
 599      00
 600              	.LASF14:
 601 0232 73697A65 		.ascii	"sizetype\000"
 601      74797065 
 601      00
 602              	.LASF24:
 603 023b 47656E65 		.ascii	"Generated_Source\\PSoC4\\Display_SPI_PM.c\000"
 603      72617465 
 603      645F536F 
 603      75726365 
 603      5C50536F 
 604              		.ident	"GCC: (GNU Tools for ARM Embedded Processors) 5.4.1 20160609 (release) [ARM/embedded-5-bran
