ARM GAS  C:\Users\VIDEOH~1\AppData\Local\Temp\cc2XuPe2.s 			page 1


   1              		.syntax unified
   2              		.cpu cortex-m0
   3              		.fpu softvfp
   4              		.eabi_attribute 20, 1
   5              		.eabi_attribute 21, 1
   6              		.eabi_attribute 23, 3
   7              		.eabi_attribute 24, 1
   8              		.eabi_attribute 25, 1
   9              		.eabi_attribute 26, 1
  10              		.eabi_attribute 30, 4
  11              		.eabi_attribute 34, 0
  12              		.eabi_attribute 18, 4
  13              		.thumb
  14              		.syntax unified
  15              		.file	"Display_SS_Reg_PM.c"
  16              		.text
  17              	.Ltext0:
  18              		.cfi_sections	.debug_frame
  19              		.section	.text.Display_SS_Reg_SaveConfig,"ax",%progbits
  20              		.align	1
  21              		.global	Display_SS_Reg_SaveConfig
  22              		.code	16
  23              		.thumb_func
  24              		.type	Display_SS_Reg_SaveConfig, %function
  25              	Display_SS_Reg_SaveConfig:
  26              	.LFB0:
  27              		.file 1 "Generated_Source\\PSoC4\\Display_SS_Reg_PM.c"
   1:Generated_Source\PSoC4/Display_SS_Reg_PM.c **** /*******************************************************************************
   2:Generated_Source\PSoC4/Display_SS_Reg_PM.c **** * File Name: Display_SS_Reg_PM.c
   3:Generated_Source\PSoC4/Display_SS_Reg_PM.c **** * Version 1.80
   4:Generated_Source\PSoC4/Display_SS_Reg_PM.c **** *
   5:Generated_Source\PSoC4/Display_SS_Reg_PM.c **** * Description:
   6:Generated_Source\PSoC4/Display_SS_Reg_PM.c **** *  This file contains the setup, control, and status commands to support 
   7:Generated_Source\PSoC4/Display_SS_Reg_PM.c **** *  the component operation in the low power mode. 
   8:Generated_Source\PSoC4/Display_SS_Reg_PM.c **** *
   9:Generated_Source\PSoC4/Display_SS_Reg_PM.c **** * Note:
  10:Generated_Source\PSoC4/Display_SS_Reg_PM.c **** *
  11:Generated_Source\PSoC4/Display_SS_Reg_PM.c **** ********************************************************************************
  12:Generated_Source\PSoC4/Display_SS_Reg_PM.c **** * Copyright 2015, Cypress Semiconductor Corporation.  All rights reserved.
  13:Generated_Source\PSoC4/Display_SS_Reg_PM.c **** * You may use this file only in accordance with the license, terms, conditions, 
  14:Generated_Source\PSoC4/Display_SS_Reg_PM.c **** * disclaimers, and limitations in the end user license agreement accompanying 
  15:Generated_Source\PSoC4/Display_SS_Reg_PM.c **** * the software package with which this file was provided.
  16:Generated_Source\PSoC4/Display_SS_Reg_PM.c **** *******************************************************************************/
  17:Generated_Source\PSoC4/Display_SS_Reg_PM.c **** 
  18:Generated_Source\PSoC4/Display_SS_Reg_PM.c **** #include "Display_SS_Reg.h"
  19:Generated_Source\PSoC4/Display_SS_Reg_PM.c **** 
  20:Generated_Source\PSoC4/Display_SS_Reg_PM.c **** /* Check for removal by optimization */
  21:Generated_Source\PSoC4/Display_SS_Reg_PM.c **** #if !defined(Display_SS_Reg_Sync_ctrl_reg__REMOVED)
  22:Generated_Source\PSoC4/Display_SS_Reg_PM.c **** 
  23:Generated_Source\PSoC4/Display_SS_Reg_PM.c **** static Display_SS_Reg_BACKUP_STRUCT  Display_SS_Reg_backup = {0u};
  24:Generated_Source\PSoC4/Display_SS_Reg_PM.c **** 
  25:Generated_Source\PSoC4/Display_SS_Reg_PM.c ****     
  26:Generated_Source\PSoC4/Display_SS_Reg_PM.c **** /*******************************************************************************
  27:Generated_Source\PSoC4/Display_SS_Reg_PM.c **** * Function Name: Display_SS_Reg_SaveConfig
  28:Generated_Source\PSoC4/Display_SS_Reg_PM.c **** ********************************************************************************
  29:Generated_Source\PSoC4/Display_SS_Reg_PM.c **** *
  30:Generated_Source\PSoC4/Display_SS_Reg_PM.c **** * Summary:
ARM GAS  C:\Users\VIDEOH~1\AppData\Local\Temp\cc2XuPe2.s 			page 2


  31:Generated_Source\PSoC4/Display_SS_Reg_PM.c **** *  Saves the control register value.
  32:Generated_Source\PSoC4/Display_SS_Reg_PM.c **** *
  33:Generated_Source\PSoC4/Display_SS_Reg_PM.c **** * Parameters:
  34:Generated_Source\PSoC4/Display_SS_Reg_PM.c **** *  None
  35:Generated_Source\PSoC4/Display_SS_Reg_PM.c **** *
  36:Generated_Source\PSoC4/Display_SS_Reg_PM.c **** * Return:
  37:Generated_Source\PSoC4/Display_SS_Reg_PM.c **** *  None
  38:Generated_Source\PSoC4/Display_SS_Reg_PM.c **** *
  39:Generated_Source\PSoC4/Display_SS_Reg_PM.c **** *******************************************************************************/
  40:Generated_Source\PSoC4/Display_SS_Reg_PM.c **** void Display_SS_Reg_SaveConfig(void) 
  41:Generated_Source\PSoC4/Display_SS_Reg_PM.c **** {
  28              		.loc 1 41 0
  29              		.cfi_startproc
  30              		@ args = 0, pretend = 0, frame = 0
  31              		@ frame_needed = 0, uses_anonymous_args = 0
  32              		@ link register save eliminated.
  42:Generated_Source\PSoC4/Display_SS_Reg_PM.c ****     Display_SS_Reg_backup.controlState = Display_SS_Reg_Control;
  33              		.loc 1 42 0
  34 0000 024B     		ldr	r3, .L2
  43:Generated_Source\PSoC4/Display_SS_Reg_PM.c **** }
  35              		.loc 1 43 0
  36              		@ sp needed
  42:Generated_Source\PSoC4/Display_SS_Reg_PM.c ****     Display_SS_Reg_backup.controlState = Display_SS_Reg_Control;
  37              		.loc 1 42 0
  38 0002 1A78     		ldrb	r2, [r3]
  39 0004 024B     		ldr	r3, .L2+4
  40 0006 1A70     		strb	r2, [r3]
  41              		.loc 1 43 0
  42 0008 7047     		bx	lr
  43              	.L3:
  44 000a C046     		.align	2
  45              	.L2:
  46 000c 72000F40 		.word	1074724978
  47 0010 00000000 		.word	.LANCHOR0
  48              		.cfi_endproc
  49              	.LFE0:
  50              		.size	Display_SS_Reg_SaveConfig, .-Display_SS_Reg_SaveConfig
  51              		.section	.text.Display_SS_Reg_RestoreConfig,"ax",%progbits
  52              		.align	1
  53              		.global	Display_SS_Reg_RestoreConfig
  54              		.code	16
  55              		.thumb_func
  56              		.type	Display_SS_Reg_RestoreConfig, %function
  57              	Display_SS_Reg_RestoreConfig:
  58              	.LFB1:
  44:Generated_Source\PSoC4/Display_SS_Reg_PM.c **** 
  45:Generated_Source\PSoC4/Display_SS_Reg_PM.c **** 
  46:Generated_Source\PSoC4/Display_SS_Reg_PM.c **** /*******************************************************************************
  47:Generated_Source\PSoC4/Display_SS_Reg_PM.c **** * Function Name: Display_SS_Reg_RestoreConfig
  48:Generated_Source\PSoC4/Display_SS_Reg_PM.c **** ********************************************************************************
  49:Generated_Source\PSoC4/Display_SS_Reg_PM.c **** *
  50:Generated_Source\PSoC4/Display_SS_Reg_PM.c **** * Summary:
  51:Generated_Source\PSoC4/Display_SS_Reg_PM.c **** *  Restores the control register value.
  52:Generated_Source\PSoC4/Display_SS_Reg_PM.c **** *
  53:Generated_Source\PSoC4/Display_SS_Reg_PM.c **** * Parameters:
  54:Generated_Source\PSoC4/Display_SS_Reg_PM.c **** *  None
  55:Generated_Source\PSoC4/Display_SS_Reg_PM.c **** *
ARM GAS  C:\Users\VIDEOH~1\AppData\Local\Temp\cc2XuPe2.s 			page 3


  56:Generated_Source\PSoC4/Display_SS_Reg_PM.c **** * Return:
  57:Generated_Source\PSoC4/Display_SS_Reg_PM.c **** *  None
  58:Generated_Source\PSoC4/Display_SS_Reg_PM.c **** *
  59:Generated_Source\PSoC4/Display_SS_Reg_PM.c **** *
  60:Generated_Source\PSoC4/Display_SS_Reg_PM.c **** *******************************************************************************/
  61:Generated_Source\PSoC4/Display_SS_Reg_PM.c **** void Display_SS_Reg_RestoreConfig(void) 
  62:Generated_Source\PSoC4/Display_SS_Reg_PM.c **** {
  59              		.loc 1 62 0
  60              		.cfi_startproc
  61              		@ args = 0, pretend = 0, frame = 0
  62              		@ frame_needed = 0, uses_anonymous_args = 0
  63              		@ link register save eliminated.
  63:Generated_Source\PSoC4/Display_SS_Reg_PM.c ****      Display_SS_Reg_Control = Display_SS_Reg_backup.controlState;
  64              		.loc 1 63 0
  65 0000 024B     		ldr	r3, .L5
  64:Generated_Source\PSoC4/Display_SS_Reg_PM.c **** }
  66              		.loc 1 64 0
  67              		@ sp needed
  63:Generated_Source\PSoC4/Display_SS_Reg_PM.c ****      Display_SS_Reg_Control = Display_SS_Reg_backup.controlState;
  68              		.loc 1 63 0
  69 0002 1A78     		ldrb	r2, [r3]
  70 0004 024B     		ldr	r3, .L5+4
  71 0006 1A70     		strb	r2, [r3]
  72              		.loc 1 64 0
  73 0008 7047     		bx	lr
  74              	.L6:
  75 000a C046     		.align	2
  76              	.L5:
  77 000c 00000000 		.word	.LANCHOR0
  78 0010 72000F40 		.word	1074724978
  79              		.cfi_endproc
  80              	.LFE1:
  81              		.size	Display_SS_Reg_RestoreConfig, .-Display_SS_Reg_RestoreConfig
  82              		.section	.text.Display_SS_Reg_Sleep,"ax",%progbits
  83              		.align	1
  84              		.global	Display_SS_Reg_Sleep
  85              		.code	16
  86              		.thumb_func
  87              		.type	Display_SS_Reg_Sleep, %function
  88              	Display_SS_Reg_Sleep:
  89              	.LFB2:
  65:Generated_Source\PSoC4/Display_SS_Reg_PM.c **** 
  66:Generated_Source\PSoC4/Display_SS_Reg_PM.c **** 
  67:Generated_Source\PSoC4/Display_SS_Reg_PM.c **** /*******************************************************************************
  68:Generated_Source\PSoC4/Display_SS_Reg_PM.c **** * Function Name: Display_SS_Reg_Sleep
  69:Generated_Source\PSoC4/Display_SS_Reg_PM.c **** ********************************************************************************
  70:Generated_Source\PSoC4/Display_SS_Reg_PM.c **** *
  71:Generated_Source\PSoC4/Display_SS_Reg_PM.c **** * Summary:
  72:Generated_Source\PSoC4/Display_SS_Reg_PM.c **** *  Prepares the component for entering the low power mode.
  73:Generated_Source\PSoC4/Display_SS_Reg_PM.c **** *
  74:Generated_Source\PSoC4/Display_SS_Reg_PM.c **** * Parameters:
  75:Generated_Source\PSoC4/Display_SS_Reg_PM.c **** *  None
  76:Generated_Source\PSoC4/Display_SS_Reg_PM.c **** *
  77:Generated_Source\PSoC4/Display_SS_Reg_PM.c **** * Return:
  78:Generated_Source\PSoC4/Display_SS_Reg_PM.c **** *  None
  79:Generated_Source\PSoC4/Display_SS_Reg_PM.c **** *
  80:Generated_Source\PSoC4/Display_SS_Reg_PM.c **** *******************************************************************************/
ARM GAS  C:\Users\VIDEOH~1\AppData\Local\Temp\cc2XuPe2.s 			page 4


  81:Generated_Source\PSoC4/Display_SS_Reg_PM.c **** void Display_SS_Reg_Sleep(void) 
  82:Generated_Source\PSoC4/Display_SS_Reg_PM.c **** {
  90              		.loc 1 82 0
  91              		.cfi_startproc
  92              		@ args = 0, pretend = 0, frame = 0
  93              		@ frame_needed = 0, uses_anonymous_args = 0
  94 0000 10B5     		push	{r4, lr}
  95              		.cfi_def_cfa_offset 8
  96              		.cfi_offset 4, -8
  97              		.cfi_offset 14, -4
  83:Generated_Source\PSoC4/Display_SS_Reg_PM.c ****     Display_SS_Reg_SaveConfig();
  98              		.loc 1 83 0
  99 0002 FFF7FEFF 		bl	Display_SS_Reg_SaveConfig
 100              	.LVL0:
  84:Generated_Source\PSoC4/Display_SS_Reg_PM.c **** }
 101              		.loc 1 84 0
 102              		@ sp needed
 103 0006 10BD     		pop	{r4, pc}
 104              		.cfi_endproc
 105              	.LFE2:
 106              		.size	Display_SS_Reg_Sleep, .-Display_SS_Reg_Sleep
 107              		.section	.text.Display_SS_Reg_Wakeup,"ax",%progbits
 108              		.align	1
 109              		.global	Display_SS_Reg_Wakeup
 110              		.code	16
 111              		.thumb_func
 112              		.type	Display_SS_Reg_Wakeup, %function
 113              	Display_SS_Reg_Wakeup:
 114              	.LFB3:
  85:Generated_Source\PSoC4/Display_SS_Reg_PM.c **** 
  86:Generated_Source\PSoC4/Display_SS_Reg_PM.c **** 
  87:Generated_Source\PSoC4/Display_SS_Reg_PM.c **** /*******************************************************************************
  88:Generated_Source\PSoC4/Display_SS_Reg_PM.c **** * Function Name: Display_SS_Reg_Wakeup
  89:Generated_Source\PSoC4/Display_SS_Reg_PM.c **** ********************************************************************************
  90:Generated_Source\PSoC4/Display_SS_Reg_PM.c **** *
  91:Generated_Source\PSoC4/Display_SS_Reg_PM.c **** * Summary:
  92:Generated_Source\PSoC4/Display_SS_Reg_PM.c **** *  Restores the component after waking up from the low power mode.
  93:Generated_Source\PSoC4/Display_SS_Reg_PM.c **** *
  94:Generated_Source\PSoC4/Display_SS_Reg_PM.c **** * Parameters:
  95:Generated_Source\PSoC4/Display_SS_Reg_PM.c **** *  None
  96:Generated_Source\PSoC4/Display_SS_Reg_PM.c **** *
  97:Generated_Source\PSoC4/Display_SS_Reg_PM.c **** * Return:
  98:Generated_Source\PSoC4/Display_SS_Reg_PM.c **** *  None
  99:Generated_Source\PSoC4/Display_SS_Reg_PM.c **** *
 100:Generated_Source\PSoC4/Display_SS_Reg_PM.c **** *******************************************************************************/
 101:Generated_Source\PSoC4/Display_SS_Reg_PM.c **** void Display_SS_Reg_Wakeup(void)  
 102:Generated_Source\PSoC4/Display_SS_Reg_PM.c **** {
 115              		.loc 1 102 0
 116              		.cfi_startproc
 117              		@ args = 0, pretend = 0, frame = 0
 118              		@ frame_needed = 0, uses_anonymous_args = 0
 119 0000 10B5     		push	{r4, lr}
 120              		.cfi_def_cfa_offset 8
 121              		.cfi_offset 4, -8
 122              		.cfi_offset 14, -4
 103:Generated_Source\PSoC4/Display_SS_Reg_PM.c ****     Display_SS_Reg_RestoreConfig();
 123              		.loc 1 103 0
ARM GAS  C:\Users\VIDEOH~1\AppData\Local\Temp\cc2XuPe2.s 			page 5


 124 0002 FFF7FEFF 		bl	Display_SS_Reg_RestoreConfig
 125              	.LVL1:
 104:Generated_Source\PSoC4/Display_SS_Reg_PM.c **** }
 126              		.loc 1 104 0
 127              		@ sp needed
 128 0006 10BD     		pop	{r4, pc}
 129              		.cfi_endproc
 130              	.LFE3:
 131              		.size	Display_SS_Reg_Wakeup, .-Display_SS_Reg_Wakeup
 132              		.bss
 133              		.set	.LANCHOR0,. + 0
 134              		.type	Display_SS_Reg_backup, %object
 135              		.size	Display_SS_Reg_backup, 1
 136              	Display_SS_Reg_backup:
 137 0000 00       		.space	1
 138              		.text
 139              	.Letext0:
 140              		.file 2 "Generated_Source\\PSoC4\\cytypes.h"
 141              		.file 3 "Generated_Source\\PSoC4\\Display_SS_Reg.h"
 142              		.section	.debug_info,"",%progbits
 143              	.Ldebug_info0:
 144 0000 2B010000 		.4byte	0x12b
 145 0004 0400     		.2byte	0x4
 146 0006 00000000 		.4byte	.Ldebug_abbrev0
 147 000a 04       		.byte	0x4
 148 000b 01       		.uleb128 0x1
 149 000c 0F010000 		.4byte	.LASF19
 150 0010 0C       		.byte	0xc
 151 0011 BB010000 		.4byte	.LASF20
 152 0015 00000000 		.4byte	.LASF21
 153 0019 00000000 		.4byte	.Ldebug_ranges0+0
 154 001d 00000000 		.4byte	0
 155 0021 00000000 		.4byte	.Ldebug_line0
 156 0025 02       		.uleb128 0x2
 157 0026 01       		.byte	0x1
 158 0027 06       		.byte	0x6
 159 0028 1C020000 		.4byte	.LASF0
 160 002c 02       		.uleb128 0x2
 161 002d 01       		.byte	0x1
 162 002e 08       		.byte	0x8
 163 002f 56000000 		.4byte	.LASF1
 164 0033 02       		.uleb128 0x2
 165 0034 02       		.byte	0x2
 166 0035 05       		.byte	0x5
 167 0036 E6010000 		.4byte	.LASF2
 168 003a 02       		.uleb128 0x2
 169 003b 02       		.byte	0x2
 170 003c 07       		.byte	0x7
 171 003d AE000000 		.4byte	.LASF3
 172 0041 02       		.uleb128 0x2
 173 0042 04       		.byte	0x4
 174 0043 05       		.byte	0x5
 175 0044 F6010000 		.4byte	.LASF4
 176 0048 02       		.uleb128 0x2
 177 0049 04       		.byte	0x4
 178 004a 07       		.byte	0x7
 179 004b 9C000000 		.4byte	.LASF5
ARM GAS  C:\Users\VIDEOH~1\AppData\Local\Temp\cc2XuPe2.s 			page 6


 180 004f 02       		.uleb128 0x2
 181 0050 08       		.byte	0x8
 182 0051 05       		.byte	0x5
 183 0052 A8010000 		.4byte	.LASF6
 184 0056 02       		.uleb128 0x2
 185 0057 08       		.byte	0x8
 186 0058 07       		.byte	0x7
 187 0059 F8000000 		.4byte	.LASF7
 188 005d 03       		.uleb128 0x3
 189 005e 04       		.byte	0x4
 190 005f 05       		.byte	0x5
 191 0060 696E7400 		.ascii	"int\000"
 192 0064 02       		.uleb128 0x2
 193 0065 04       		.byte	0x4
 194 0066 07       		.byte	0x7
 195 0067 EB000000 		.4byte	.LASF8
 196 006b 04       		.uleb128 0x4
 197 006c F0010000 		.4byte	.LASF12
 198 0070 02       		.byte	0x2
 199 0071 E401     		.2byte	0x1e4
 200 0073 2C000000 		.4byte	0x2c
 201 0077 02       		.uleb128 0x2
 202 0078 04       		.byte	0x4
 203 0079 04       		.byte	0x4
 204 007a 50000000 		.4byte	.LASF9
 205 007e 02       		.uleb128 0x2
 206 007f 08       		.byte	0x8
 207 0080 04       		.byte	0x4
 208 0081 CE000000 		.4byte	.LASF10
 209 0085 02       		.uleb128 0x2
 210 0086 01       		.byte	0x1
 211 0087 08       		.byte	0x8
 212 0088 B6010000 		.4byte	.LASF11
 213 008c 04       		.uleb128 0x4
 214 008d 7A000000 		.4byte	.LASF13
 215 0091 02       		.byte	0x2
 216 0092 8E02     		.2byte	0x28e
 217 0094 98000000 		.4byte	0x98
 218 0098 05       		.uleb128 0x5
 219 0099 6B000000 		.4byte	0x6b
 220 009d 06       		.uleb128 0x6
 221 009e 01       		.byte	0x1
 222 009f 03       		.byte	0x3
 223 00a0 24       		.byte	0x24
 224 00a1 B2000000 		.4byte	0xb2
 225 00a5 07       		.uleb128 0x7
 226 00a6 C1000000 		.4byte	.LASF22
 227 00aa 03       		.byte	0x3
 228 00ab 26       		.byte	0x26
 229 00ac 6B000000 		.4byte	0x6b
 230 00b0 00       		.byte	0
 231 00b1 00       		.byte	0
 232 00b2 08       		.uleb128 0x8
 233 00b3 FF010000 		.4byte	.LASF14
 234 00b7 03       		.byte	0x3
 235 00b8 28       		.byte	0x28
 236 00b9 9D000000 		.4byte	0x9d
ARM GAS  C:\Users\VIDEOH~1\AppData\Local\Temp\cc2XuPe2.s 			page 7


 237 00bd 09       		.uleb128 0x9
 238 00be 28020000 		.4byte	.LASF15
 239 00c2 01       		.byte	0x1
 240 00c3 28       		.byte	0x28
 241 00c4 00000000 		.4byte	.LFB0
 242 00c8 14000000 		.4byte	.LFE0-.LFB0
 243 00cc 01       		.uleb128 0x1
 244 00cd 9C       		.byte	0x9c
 245 00ce 09       		.uleb128 0x9
 246 00cf 7F000000 		.4byte	.LASF16
 247 00d3 01       		.byte	0x1
 248 00d4 3D       		.byte	0x3d
 249 00d5 00000000 		.4byte	.LFB1
 250 00d9 14000000 		.4byte	.LFE1-.LFB1
 251 00dd 01       		.uleb128 0x1
 252 00de 9C       		.byte	0x9c
 253 00df 0A       		.uleb128 0xa
 254 00e0 3B000000 		.4byte	.LASF17
 255 00e4 01       		.byte	0x1
 256 00e5 51       		.byte	0x51
 257 00e6 00000000 		.4byte	.LFB2
 258 00ea 08000000 		.4byte	.LFE2-.LFB2
 259 00ee 01       		.uleb128 0x1
 260 00ef 9C       		.byte	0x9c
 261 00f0 FE000000 		.4byte	0xfe
 262 00f4 0B       		.uleb128 0xb
 263 00f5 06000000 		.4byte	.LVL0
 264 00f9 BD000000 		.4byte	0xbd
 265 00fd 00       		.byte	0
 266 00fe 0A       		.uleb128 0xa
 267 00ff D5000000 		.4byte	.LASF18
 268 0103 01       		.byte	0x1
 269 0104 65       		.byte	0x65
 270 0105 00000000 		.4byte	.LFB3
 271 0109 08000000 		.4byte	.LFE3-.LFB3
 272 010d 01       		.uleb128 0x1
 273 010e 9C       		.byte	0x9c
 274 010f 1D010000 		.4byte	0x11d
 275 0113 0B       		.uleb128 0xb
 276 0114 06000000 		.4byte	.LVL1
 277 0118 CE000000 		.4byte	0xce
 278 011c 00       		.byte	0
 279 011d 0C       		.uleb128 0xc
 280 011e 64000000 		.4byte	.LASF23
 281 0122 01       		.byte	0x1
 282 0123 17       		.byte	0x17
 283 0124 B2000000 		.4byte	0xb2
 284 0128 05       		.uleb128 0x5
 285 0129 03       		.byte	0x3
 286 012a 00000000 		.4byte	Display_SS_Reg_backup
 287 012e 00       		.byte	0
 288              		.section	.debug_abbrev,"",%progbits
 289              	.Ldebug_abbrev0:
 290 0000 01       		.uleb128 0x1
 291 0001 11       		.uleb128 0x11
 292 0002 01       		.byte	0x1
 293 0003 25       		.uleb128 0x25
ARM GAS  C:\Users\VIDEOH~1\AppData\Local\Temp\cc2XuPe2.s 			page 8


 294 0004 0E       		.uleb128 0xe
 295 0005 13       		.uleb128 0x13
 296 0006 0B       		.uleb128 0xb
 297 0007 03       		.uleb128 0x3
 298 0008 0E       		.uleb128 0xe
 299 0009 1B       		.uleb128 0x1b
 300 000a 0E       		.uleb128 0xe
 301 000b 55       		.uleb128 0x55
 302 000c 17       		.uleb128 0x17
 303 000d 11       		.uleb128 0x11
 304 000e 01       		.uleb128 0x1
 305 000f 10       		.uleb128 0x10
 306 0010 17       		.uleb128 0x17
 307 0011 00       		.byte	0
 308 0012 00       		.byte	0
 309 0013 02       		.uleb128 0x2
 310 0014 24       		.uleb128 0x24
 311 0015 00       		.byte	0
 312 0016 0B       		.uleb128 0xb
 313 0017 0B       		.uleb128 0xb
 314 0018 3E       		.uleb128 0x3e
 315 0019 0B       		.uleb128 0xb
 316 001a 03       		.uleb128 0x3
 317 001b 0E       		.uleb128 0xe
 318 001c 00       		.byte	0
 319 001d 00       		.byte	0
 320 001e 03       		.uleb128 0x3
 321 001f 24       		.uleb128 0x24
 322 0020 00       		.byte	0
 323 0021 0B       		.uleb128 0xb
 324 0022 0B       		.uleb128 0xb
 325 0023 3E       		.uleb128 0x3e
 326 0024 0B       		.uleb128 0xb
 327 0025 03       		.uleb128 0x3
 328 0026 08       		.uleb128 0x8
 329 0027 00       		.byte	0
 330 0028 00       		.byte	0
 331 0029 04       		.uleb128 0x4
 332 002a 16       		.uleb128 0x16
 333 002b 00       		.byte	0
 334 002c 03       		.uleb128 0x3
 335 002d 0E       		.uleb128 0xe
 336 002e 3A       		.uleb128 0x3a
 337 002f 0B       		.uleb128 0xb
 338 0030 3B       		.uleb128 0x3b
 339 0031 05       		.uleb128 0x5
 340 0032 49       		.uleb128 0x49
 341 0033 13       		.uleb128 0x13
 342 0034 00       		.byte	0
 343 0035 00       		.byte	0
 344 0036 05       		.uleb128 0x5
 345 0037 35       		.uleb128 0x35
 346 0038 00       		.byte	0
 347 0039 49       		.uleb128 0x49
 348 003a 13       		.uleb128 0x13
 349 003b 00       		.byte	0
 350 003c 00       		.byte	0
ARM GAS  C:\Users\VIDEOH~1\AppData\Local\Temp\cc2XuPe2.s 			page 9


 351 003d 06       		.uleb128 0x6
 352 003e 13       		.uleb128 0x13
 353 003f 01       		.byte	0x1
 354 0040 0B       		.uleb128 0xb
 355 0041 0B       		.uleb128 0xb
 356 0042 3A       		.uleb128 0x3a
 357 0043 0B       		.uleb128 0xb
 358 0044 3B       		.uleb128 0x3b
 359 0045 0B       		.uleb128 0xb
 360 0046 01       		.uleb128 0x1
 361 0047 13       		.uleb128 0x13
 362 0048 00       		.byte	0
 363 0049 00       		.byte	0
 364 004a 07       		.uleb128 0x7
 365 004b 0D       		.uleb128 0xd
 366 004c 00       		.byte	0
 367 004d 03       		.uleb128 0x3
 368 004e 0E       		.uleb128 0xe
 369 004f 3A       		.uleb128 0x3a
 370 0050 0B       		.uleb128 0xb
 371 0051 3B       		.uleb128 0x3b
 372 0052 0B       		.uleb128 0xb
 373 0053 49       		.uleb128 0x49
 374 0054 13       		.uleb128 0x13
 375 0055 38       		.uleb128 0x38
 376 0056 0B       		.uleb128 0xb
 377 0057 00       		.byte	0
 378 0058 00       		.byte	0
 379 0059 08       		.uleb128 0x8
 380 005a 16       		.uleb128 0x16
 381 005b 00       		.byte	0
 382 005c 03       		.uleb128 0x3
 383 005d 0E       		.uleb128 0xe
 384 005e 3A       		.uleb128 0x3a
 385 005f 0B       		.uleb128 0xb
 386 0060 3B       		.uleb128 0x3b
 387 0061 0B       		.uleb128 0xb
 388 0062 49       		.uleb128 0x49
 389 0063 13       		.uleb128 0x13
 390 0064 00       		.byte	0
 391 0065 00       		.byte	0
 392 0066 09       		.uleb128 0x9
 393 0067 2E       		.uleb128 0x2e
 394 0068 00       		.byte	0
 395 0069 3F       		.uleb128 0x3f
 396 006a 19       		.uleb128 0x19
 397 006b 03       		.uleb128 0x3
 398 006c 0E       		.uleb128 0xe
 399 006d 3A       		.uleb128 0x3a
 400 006e 0B       		.uleb128 0xb
 401 006f 3B       		.uleb128 0x3b
 402 0070 0B       		.uleb128 0xb
 403 0071 27       		.uleb128 0x27
 404 0072 19       		.uleb128 0x19
 405 0073 11       		.uleb128 0x11
 406 0074 01       		.uleb128 0x1
 407 0075 12       		.uleb128 0x12
ARM GAS  C:\Users\VIDEOH~1\AppData\Local\Temp\cc2XuPe2.s 			page 10


 408 0076 06       		.uleb128 0x6
 409 0077 40       		.uleb128 0x40
 410 0078 18       		.uleb128 0x18
 411 0079 9742     		.uleb128 0x2117
 412 007b 19       		.uleb128 0x19
 413 007c 00       		.byte	0
 414 007d 00       		.byte	0
 415 007e 0A       		.uleb128 0xa
 416 007f 2E       		.uleb128 0x2e
 417 0080 01       		.byte	0x1
 418 0081 3F       		.uleb128 0x3f
 419 0082 19       		.uleb128 0x19
 420 0083 03       		.uleb128 0x3
 421 0084 0E       		.uleb128 0xe
 422 0085 3A       		.uleb128 0x3a
 423 0086 0B       		.uleb128 0xb
 424 0087 3B       		.uleb128 0x3b
 425 0088 0B       		.uleb128 0xb
 426 0089 27       		.uleb128 0x27
 427 008a 19       		.uleb128 0x19
 428 008b 11       		.uleb128 0x11
 429 008c 01       		.uleb128 0x1
 430 008d 12       		.uleb128 0x12
 431 008e 06       		.uleb128 0x6
 432 008f 40       		.uleb128 0x40
 433 0090 18       		.uleb128 0x18
 434 0091 9742     		.uleb128 0x2117
 435 0093 19       		.uleb128 0x19
 436 0094 01       		.uleb128 0x1
 437 0095 13       		.uleb128 0x13
 438 0096 00       		.byte	0
 439 0097 00       		.byte	0
 440 0098 0B       		.uleb128 0xb
 441 0099 898201   		.uleb128 0x4109
 442 009c 00       		.byte	0
 443 009d 11       		.uleb128 0x11
 444 009e 01       		.uleb128 0x1
 445 009f 31       		.uleb128 0x31
 446 00a0 13       		.uleb128 0x13
 447 00a1 00       		.byte	0
 448 00a2 00       		.byte	0
 449 00a3 0C       		.uleb128 0xc
 450 00a4 34       		.uleb128 0x34
 451 00a5 00       		.byte	0
 452 00a6 03       		.uleb128 0x3
 453 00a7 0E       		.uleb128 0xe
 454 00a8 3A       		.uleb128 0x3a
 455 00a9 0B       		.uleb128 0xb
 456 00aa 3B       		.uleb128 0x3b
 457 00ab 0B       		.uleb128 0xb
 458 00ac 49       		.uleb128 0x49
 459 00ad 13       		.uleb128 0x13
 460 00ae 02       		.uleb128 0x2
 461 00af 18       		.uleb128 0x18
 462 00b0 00       		.byte	0
 463 00b1 00       		.byte	0
 464 00b2 00       		.byte	0
ARM GAS  C:\Users\VIDEOH~1\AppData\Local\Temp\cc2XuPe2.s 			page 11


 465              		.section	.debug_aranges,"",%progbits
 466 0000 34000000 		.4byte	0x34
 467 0004 0200     		.2byte	0x2
 468 0006 00000000 		.4byte	.Ldebug_info0
 469 000a 04       		.byte	0x4
 470 000b 00       		.byte	0
 471 000c 0000     		.2byte	0
 472 000e 0000     		.2byte	0
 473 0010 00000000 		.4byte	.LFB0
 474 0014 14000000 		.4byte	.LFE0-.LFB0
 475 0018 00000000 		.4byte	.LFB1
 476 001c 14000000 		.4byte	.LFE1-.LFB1
 477 0020 00000000 		.4byte	.LFB2
 478 0024 08000000 		.4byte	.LFE2-.LFB2
 479 0028 00000000 		.4byte	.LFB3
 480 002c 08000000 		.4byte	.LFE3-.LFB3
 481 0030 00000000 		.4byte	0
 482 0034 00000000 		.4byte	0
 483              		.section	.debug_ranges,"",%progbits
 484              	.Ldebug_ranges0:
 485 0000 00000000 		.4byte	.LFB0
 486 0004 14000000 		.4byte	.LFE0
 487 0008 00000000 		.4byte	.LFB1
 488 000c 14000000 		.4byte	.LFE1
 489 0010 00000000 		.4byte	.LFB2
 490 0014 08000000 		.4byte	.LFE2
 491 0018 00000000 		.4byte	.LFB3
 492 001c 08000000 		.4byte	.LFE3
 493 0020 00000000 		.4byte	0
 494 0024 00000000 		.4byte	0
 495              		.section	.debug_line,"",%progbits
 496              	.Ldebug_line0:
 497 0000 B2000000 		.section	.debug_str,"MS",%progbits,1
 497      02006200 
 497      00000201 
 497      FB0E0D00 
 497      01010101 
 498              	.LASF21:
 499 0000 443A5C31 		.ascii	"D:\\1_work\\my_project\\ReloadPro\\psoc42boot\\Relo"
 499      5F776F72 
 499      6B5C6D79 
 499      5F70726F 
 499      6A656374 
 500 002e 61642050 		.ascii	"ad Pro.cydsn\000"
 500      726F2E63 
 500      7964736E 
 500      00
 501              	.LASF17:
 502 003b 44697370 		.ascii	"Display_SS_Reg_Sleep\000"
 502      6C61795F 
 502      53535F52 
 502      65675F53 
 502      6C656570 
 503              	.LASF9:
 504 0050 666C6F61 		.ascii	"float\000"
 504      7400
 505              	.LASF1:
ARM GAS  C:\Users\VIDEOH~1\AppData\Local\Temp\cc2XuPe2.s 			page 12


 506 0056 756E7369 		.ascii	"unsigned char\000"
 506      676E6564 
 506      20636861 
 506      7200
 507              	.LASF23:
 508 0064 44697370 		.ascii	"Display_SS_Reg_backup\000"
 508      6C61795F 
 508      53535F52 
 508      65675F62 
 508      61636B75 
 509              	.LASF13:
 510 007a 72656738 		.ascii	"reg8\000"
 510      00
 511              	.LASF16:
 512 007f 44697370 		.ascii	"Display_SS_Reg_RestoreConfig\000"
 512      6C61795F 
 512      53535F52 
 512      65675F52 
 512      6573746F 
 513              	.LASF5:
 514 009c 6C6F6E67 		.ascii	"long unsigned int\000"
 514      20756E73 
 514      69676E65 
 514      6420696E 
 514      7400
 515              	.LASF3:
 516 00ae 73686F72 		.ascii	"short unsigned int\000"
 516      7420756E 
 516      7369676E 
 516      65642069 
 516      6E7400
 517              	.LASF22:
 518 00c1 636F6E74 		.ascii	"controlState\000"
 518      726F6C53 
 518      74617465 
 518      00
 519              	.LASF10:
 520 00ce 646F7562 		.ascii	"double\000"
 520      6C6500
 521              	.LASF18:
 522 00d5 44697370 		.ascii	"Display_SS_Reg_Wakeup\000"
 522      6C61795F 
 522      53535F52 
 522      65675F57 
 522      616B6575 
 523              	.LASF8:
 524 00eb 756E7369 		.ascii	"unsigned int\000"
 524      676E6564 
 524      20696E74 
 524      00
 525              	.LASF7:
 526 00f8 6C6F6E67 		.ascii	"long long unsigned int\000"
 526      206C6F6E 
 526      6720756E 
 526      7369676E 
 526      65642069 
 527              	.LASF19:
ARM GAS  C:\Users\VIDEOH~1\AppData\Local\Temp\cc2XuPe2.s 			page 13


 528 010f 474E5520 		.ascii	"GNU C99 5.4.1 20160609 (release) [ARM/embedded-5-br"
 528      43393920 
 528      352E342E 
 528      31203230 
 528      31363036 
 529 0142 616E6368 		.ascii	"anch revision 237715] -mcpu=cortex-m0 -mthumb -g -O"
 529      20726576 
 529      6973696F 
 529      6E203233 
 529      37373135 
 530 0175 73202D73 		.ascii	"s -std=gnu99 -ffunction-sections -ffat-lto-objects\000"
 530      74643D67 
 530      6E753939 
 530      202D6666 
 530      756E6374 
 531              	.LASF6:
 532 01a8 6C6F6E67 		.ascii	"long long int\000"
 532      206C6F6E 
 532      6720696E 
 532      7400
 533              	.LASF11:
 534 01b6 63686172 		.ascii	"char\000"
 534      00
 535              	.LASF20:
 536 01bb 47656E65 		.ascii	"Generated_Source\\PSoC4\\Display_SS_Reg_PM.c\000"
 536      72617465 
 536      645F536F 
 536      75726365 
 536      5C50536F 
 537              	.LASF2:
 538 01e6 73686F72 		.ascii	"short int\000"
 538      7420696E 
 538      7400
 539              	.LASF12:
 540 01f0 75696E74 		.ascii	"uint8\000"
 540      3800
 541              	.LASF4:
 542 01f6 6C6F6E67 		.ascii	"long int\000"
 542      20696E74 
 542      00
 543              	.LASF14:
 544 01ff 44697370 		.ascii	"Display_SS_Reg_BACKUP_STRUCT\000"
 544      6C61795F 
 544      53535F52 
 544      65675F42 
 544      41434B55 
 545              	.LASF0:
 546 021c 7369676E 		.ascii	"signed char\000"
 546      65642063 
 546      68617200 
 547              	.LASF15:
 548 0228 44697370 		.ascii	"Display_SS_Reg_SaveConfig\000"
 548      6C61795F 
 548      53535F52 
 548      65675F53 
 548      61766543 
 549              		.ident	"GCC: (GNU Tools for ARM Embedded Processors) 5.4.1 20160609 (release) [ARM/embedded-5-bran
ARM GAS  C:\Users\VIDEOH~1\AppData\Local\Temp\cc2XuPe2.s 			page 14


