ARM GAS  C:\Users\VIDEOH~1\AppData\Local\Temp\ccqqPj1B.s 			page 1


   1              		.syntax unified
   2              		.cpu cortex-m0
   3              		.fpu softvfp
   4              		.eabi_attribute 20, 1
   5              		.eabi_attribute 21, 1
   6              		.eabi_attribute 23, 3
   7              		.eabi_attribute 24, 1
   8              		.eabi_attribute 25, 1
   9              		.eabi_attribute 26, 1
  10              		.eabi_attribute 30, 4
  11              		.eabi_attribute 34, 0
  12              		.eabi_attribute 18, 4
  13              		.thumb
  14              		.syntax unified
  15              		.file	"FanController_INT.c"
  16              		.text
  17              	.Ltext0:
  18              		.cfi_sections	.debug_frame
  19              		.section	.text.FanController_DATA_SEND_ISR,"ax",%progbits
  20              		.align	1
  21              		.global	FanController_DATA_SEND_ISR
  22              		.code	16
  23              		.thumb_func
  24              		.type	FanController_DATA_SEND_ISR, %function
  25              	FanController_DATA_SEND_ISR:
  26              	.LFB0:
  27              		.file 1 "Generated_Source\\PSoC4\\FanController_INT.c"
   1:Generated_Source\PSoC4/FanController_INT.c **** /*******************************************************************************
   2:Generated_Source\PSoC4/FanController_INT.c **** * File Name: FanController_INT.c
   3:Generated_Source\PSoC4/FanController_INT.c **** * Version 4.10
   4:Generated_Source\PSoC4/FanController_INT.c **** *
   5:Generated_Source\PSoC4/FanController_INT.c **** * Description:
   6:Generated_Source\PSoC4/FanController_INT.c **** *  This file contains the Interrupt Service Routines implementation for
   7:Generated_Source\PSoC4/FanController_INT.c **** *  Fan Controller component.
   8:Generated_Source\PSoC4/FanController_INT.c **** *
   9:Generated_Source\PSoC4/FanController_INT.c **** * Note:
  10:Generated_Source\PSoC4/FanController_INT.c **** *
  11:Generated_Source\PSoC4/FanController_INT.c **** *******************************************************************************
  12:Generated_Source\PSoC4/FanController_INT.c **** * Copyright 2008-2017, Cypress Semiconductor Corporation.  All rights reserved.
  13:Generated_Source\PSoC4/FanController_INT.c **** * You may use this file only in accordance with the license, terms, conditions,
  14:Generated_Source\PSoC4/FanController_INT.c **** * disclaimers, and limitations in the end user license agreement accompanying
  15:Generated_Source\PSoC4/FanController_INT.c **** * the software package with which this file was provided.
  16:Generated_Source\PSoC4/FanController_INT.c **** ********************************************************************************/
  17:Generated_Source\PSoC4/FanController_INT.c **** 
  18:Generated_Source\PSoC4/FanController_INT.c **** #include "CyLib.h"
  19:Generated_Source\PSoC4/FanController_INT.c **** #include "FanController.h"
  20:Generated_Source\PSoC4/FanController_INT.c **** 
  21:Generated_Source\PSoC4/FanController_INT.c **** 
  22:Generated_Source\PSoC4/FanController_INT.c **** 
  23:Generated_Source\PSoC4/FanController_INT.c **** #if(FanController_IS_AUTO_FIRMWARE_MODE)
  24:Generated_Source\PSoC4/FanController_INT.c ****     volatile uint16 FanController_speedStatus = 0u;
  25:Generated_Source\PSoC4/FanController_INT.c **** #endif /* (FanController_IS_AUTO_FIRMWARE_MODE) */
  26:Generated_Source\PSoC4/FanController_INT.c **** 
  27:Generated_Source\PSoC4/FanController_INT.c **** 
  28:Generated_Source\PSoC4/FanController_INT.c **** #if(CY_PSOC4)
  29:Generated_Source\PSoC4/FanController_INT.c ****     /********************************************************************************
  30:Generated_Source\PSoC4/FanController_INT.c ****     *
ARM GAS  C:\Users\VIDEOH~1\AppData\Local\Temp\ccqqPj1B.s 			page 2


  31:Generated_Source\PSoC4/FanController_INT.c ****     * Summary:
  32:Generated_Source\PSoC4/FanController_INT.c ****     *  Interrupt Service Routine for transferring actual speed from tachometer.
  33:Generated_Source\PSoC4/FanController_INT.c ****     *
  34:Generated_Source\PSoC4/FanController_INT.c ****     * Parameters:
  35:Generated_Source\PSoC4/FanController_INT.c ****     *  None
  36:Generated_Source\PSoC4/FanController_INT.c ****     *
  37:Generated_Source\PSoC4/FanController_INT.c ****     * Return:
  38:Generated_Source\PSoC4/FanController_INT.c ****     *  None
  39:Generated_Source\PSoC4/FanController_INT.c ****     *
  40:Generated_Source\PSoC4/FanController_INT.c ****     * Reentrant:
  41:Generated_Source\PSoC4/FanController_INT.c ****     *  No
  42:Generated_Source\PSoC4/FanController_INT.c ****     *
  43:Generated_Source\PSoC4/FanController_INT.c ****     *******************************************************************************/
  44:Generated_Source\PSoC4/FanController_INT.c ****     CY_ISR(FanController_DATA_SEND_ISR)
  45:Generated_Source\PSoC4/FanController_INT.c ****     {
  28              		.loc 1 45 0
  29              		.cfi_startproc
  30              		@ args = 0, pretend = 0, frame = 0
  31              		@ frame_needed = 0, uses_anonymous_args = 0
  46:Generated_Source\PSoC4/FanController_INT.c ****         uint8 fanNum;
  47:Generated_Source\PSoC4/FanController_INT.c ****         uint16 actSpeed;
  48:Generated_Source\PSoC4/FanController_INT.c **** 
  49:Generated_Source\PSoC4/FanController_INT.c ****         #ifdef FanController_DATA_SEND_ISR_ENTRY_CALLBACK
  50:Generated_Source\PSoC4/FanController_INT.c ****             FanController_DATA_SEND_ISR_EntryCallback();
  51:Generated_Source\PSoC4/FanController_INT.c ****         #endif /* FanController_DATA_SEND_ISR_ENTRY_CALLBACK */
  52:Generated_Source\PSoC4/FanController_INT.c **** 
  53:Generated_Source\PSoC4/FanController_INT.c ****         /* Get the number of active fan */
  54:Generated_Source\PSoC4/FanController_INT.c ****         fanNum = FanController_TACH_ADDR_CONTROL_REG & FanController_TACH_CNTL_NUM_FANS_MASK;
  32              		.loc 1 54 0
  33 0000 0F23     		movs	r3, #15
  45:Generated_Source\PSoC4/FanController_INT.c ****         uint8 fanNum;
  34              		.loc 1 45 0
  35 0002 10B5     		push	{r4, lr}
  36              		.cfi_def_cfa_offset 8
  37              		.cfi_offset 4, -8
  38              		.cfi_offset 14, -4
  39              		.loc 1 54 0
  40 0004 184A     		ldr	r2, .L16
  55:Generated_Source\PSoC4/FanController_INT.c ****         
  56:Generated_Source\PSoC4/FanController_INT.c ****         /* Get measured actual speed period for a specific fan */
  57:Generated_Source\PSoC4/FanController_INT.c ****         actSpeed = CY_GET_REG16(FanController_TACH_STORED_ACT_PERIOD_PTR);
  58:Generated_Source\PSoC4/FanController_INT.c ****         
  59:Generated_Source\PSoC4/FanController_INT.c ****         /* Put down the measured speed to the proper location in RAM */
  60:Generated_Source\PSoC4/FanController_INT.c ****         FanController_fanControl.actualPeriod[fanNum] = actSpeed;
  41              		.loc 1 60 0
  42 0006 1948     		ldr	r0, .L16+4
  54:Generated_Source\PSoC4/FanController_INT.c ****         
  43              		.loc 1 54 0
  44 0008 1178     		ldrb	r1, [r2]
  45 000a 0B40     		ands	r3, r1
  46              	.LVL0:
  57:Generated_Source\PSoC4/FanController_INT.c ****         
  47              		.loc 1 57 0
  48 000c 1849     		ldr	r1, .L16+8
  49              		.loc 1 60 0
  50 000e 5C00     		lsls	r4, r3, #1
  57:Generated_Source\PSoC4/FanController_INT.c ****         
ARM GAS  C:\Users\VIDEOH~1\AppData\Local\Temp\ccqqPj1B.s 			page 3


  51              		.loc 1 57 0
  52 0010 0988     		ldrh	r1, [r1]
  53 0012 89B2     		uxth	r1, r1
  54              	.LVL1:
  55              		.loc 1 60 0
  56 0014 2152     		strh	r1, [r4, r0]
  61:Generated_Source\PSoC4/FanController_INT.c **** 
  62:Generated_Source\PSoC4/FanController_INT.c ****         /* Software stall detection */
  63:Generated_Source\PSoC4/FanController_INT.c ****         if(0u == actSpeed)
  57              		.loc 1 63 0
  58 0016 0029     		cmp	r1, #0
  59 0018 05D1     		bne	.L2
  64:Generated_Source\PSoC4/FanController_INT.c ****         {
  65:Generated_Source\PSoC4/FanController_INT.c ****             FanController_stallStatus |= (uint16) ((((uint16) 1u) << fanNum));
  60              		.loc 1 65 0
  61 001a 0131     		adds	r1, r1, #1
  62              	.LVL2:
  63 001c 9940     		lsls	r1, r1, r3
  64 001e 154C     		ldr	r4, .L16+12
  65              	.LVL3:
  66 0020 2088     		ldrh	r0, [r4]
  67              	.LVL4:
  68 0022 0143     		orrs	r1, r0
  69 0024 2180     		strh	r1, [r4]
  70              	.L2:
  66:Generated_Source\PSoC4/FanController_INT.c ****         }
  67:Generated_Source\PSoC4/FanController_INT.c **** 
  68:Generated_Source\PSoC4/FanController_INT.c ****         /* Calculate the new fan number value */
  69:Generated_Source\PSoC4/FanController_INT.c ****         fanNum = ((fanNum == 0u) ? ((uint8)(FanController_NUMBER_OF_FANS - 1u)) : (fanNum - 1u));
  71              		.loc 1 69 0
  72 0026 002B     		cmp	r3, #0
  73 0028 01D0     		beq	.L3
  74              		.loc 1 69 0 is_stmt 0 discriminator 1
  75 002a 013B     		subs	r3, r3, #1
  76              	.LVL5:
  77 002c DBB2     		uxtb	r3, r3
  78              	.LVL6:
  79              	.L3:
  70:Generated_Source\PSoC4/FanController_INT.c ****         
  71:Generated_Source\PSoC4/FanController_INT.c ****         /* Clear the previous fan number value in the control register */
  72:Generated_Source\PSoC4/FanController_INT.c ****         FanController_TACH_ADDR_CONTROL_REG &= ((uint8) ~FanController_TACH_CNTL_NUM_FANS_MASK);
  80              		.loc 1 72 0 is_stmt 1 discriminator 4
  81 002e 0F20     		movs	r0, #15
  82 0030 1178     		ldrb	r1, [r2]
  83 0032 8143     		bics	r1, r0
  73:Generated_Source\PSoC4/FanController_INT.c **** 
  74:Generated_Source\PSoC4/FanController_INT.c ****         /* Set new fan number value and End-Of-Measurement bit if required */
  75:Generated_Source\PSoC4/FanController_INT.c ****         FanController_TACH_ADDR_CONTROL_REG |= 
  84              		.loc 1 75 0 discriminator 4
  85 0034 5842     		rsbs	r0, r3, #0
  86 0036 5841     		adcs	r0, r0, r3
  72:Generated_Source\PSoC4/FanController_INT.c **** 
  87              		.loc 1 72 0 discriminator 4
  88 0038 1170     		strb	r1, [r2]
  89              		.loc 1 75 0 discriminator 4
  90 003a 1178     		ldrb	r1, [r2]
  91 003c C001     		lsls	r0, r0, #7
ARM GAS  C:\Users\VIDEOH~1\AppData\Local\Temp\ccqqPj1B.s 			page 4


  92 003e 1943     		orrs	r1, r3
  93 0040 0143     		orrs	r1, r0
  94 0042 1170     		strb	r1, [r2]
  76:Generated_Source\PSoC4/FanController_INT.c ****                 fanNum | ((fanNum == ((uint8)(FanController_NUMBER_OF_FANS - 1u))) ? FanController_
  77:Generated_Source\PSoC4/FanController_INT.c **** 
  78:Generated_Source\PSoC4/FanController_INT.c ****         /* In case if the last fan in the sequence was measured it is required
  79:Generated_Source\PSoC4/FanController_INT.c ****         * to generate the "eoc" pulse from Global Control Register.
  80:Generated_Source\PSoC4/FanController_INT.c ****         */
  81:Generated_Source\PSoC4/FanController_INT.c ****         if(((uint8)(FanController_NUMBER_OF_FANS - 1u)) == fanNum)
  95              		.loc 1 81 0 discriminator 4
  96 0044 002B     		cmp	r3, #0
  97 0046 0ED1     		bne	.L1
  82:Generated_Source\PSoC4/FanController_INT.c ****         {
  83:Generated_Source\PSoC4/FanController_INT.c ****             FanController_GLOBAL_CONTROL_REG |= FanController_SW_EOC;
  98              		.loc 1 83 0
  99 0048 0821     		movs	r1, #8
 100 004a 0B4B     		ldr	r3, .L16+16
 101              	.LVL7:
 102 004c 1A78     		ldrb	r2, [r3]
 103 004e 0A43     		orrs	r2, r1
 104 0050 1A70     		strb	r2, [r3]
  84:Generated_Source\PSoC4/FanController_INT.c ****             
  85:Generated_Source\PSoC4/FanController_INT.c ****             /* Also set stall bit in Global Control Register if any of the fans were stalled */
  86:Generated_Source\PSoC4/FanController_INT.c ****             if (0u != (FanController_stallStatus & FanController_alertMask))
 105              		.loc 1 86 0
 106 0052 0A49     		ldr	r1, .L16+20
 107 0054 074A     		ldr	r2, .L16+12
 108 0056 0988     		ldrh	r1, [r1]
 109 0058 1288     		ldrh	r2, [r2]
 110 005a 1142     		tst	r1, r2
 111 005c 03D0     		beq	.L1
  87:Generated_Source\PSoC4/FanController_INT.c ****             {
  88:Generated_Source\PSoC4/FanController_INT.c ****                 FanController_GLOBAL_CONTROL_REG |= FanController_SW_STALL;
 112              		.loc 1 88 0
 113 005e 8022     		movs	r2, #128
 114 0060 1978     		ldrb	r1, [r3]
 115 0062 0A43     		orrs	r2, r1
 116 0064 1A70     		strb	r2, [r3]
 117              	.L1:
  89:Generated_Source\PSoC4/FanController_INT.c ****             }
  90:Generated_Source\PSoC4/FanController_INT.c ****         }
  91:Generated_Source\PSoC4/FanController_INT.c ****         
  92:Generated_Source\PSoC4/FanController_INT.c ****         #ifdef FanController_DATA_SEND_ISR_EXIT_CALLBACK
  93:Generated_Source\PSoC4/FanController_INT.c ****             FanController_DATA_SEND_ISR_ExitCallback();
  94:Generated_Source\PSoC4/FanController_INT.c ****         #endif /* FanController_DATA_SEND_ISR_EXIT_CALLBACK */
  95:Generated_Source\PSoC4/FanController_INT.c ****     }
 118              		.loc 1 95 0
 119              		@ sp needed
 120 0066 10BD     		pop	{r4, pc}
 121              	.L17:
 122              		.align	2
 123              	.L16:
 124 0068 71000F40 		.word	1074724977
 125 006c 00000000 		.word	FanController_fanControl
 126 0070 84100F40 		.word	1074729092
 127 0074 00000000 		.word	FanController_stallStatus
 128 0078 70000F40 		.word	1074724976
ARM GAS  C:\Users\VIDEOH~1\AppData\Local\Temp\ccqqPj1B.s 			page 5


 129 007c 00000000 		.word	FanController_alertMask
 130              		.cfi_endproc
 131              	.LFE0:
 132              		.size	FanController_DATA_SEND_ISR, .-FanController_DATA_SEND_ISR
 133              		.text
 134              	.Letext0:
 135              		.file 2 "Generated_Source\\PSoC4\\cytypes.h"
 136              		.file 3 "Generated_Source\\PSoC4\\FanController.h"
 137              		.section	.debug_info,"",%progbits
 138              	.Ldebug_info0:
 139 0000 46010000 		.4byte	0x146
 140 0004 0400     		.2byte	0x4
 141 0006 00000000 		.4byte	.Ldebug_abbrev0
 142 000a 04       		.byte	0x4
 143 000b 01       		.uleb128 0x1
 144 000c 41000000 		.4byte	.LASF23
 145 0010 0C       		.byte	0xc
 146 0011 2E020000 		.4byte	.LASF24
 147 0015 DA000000 		.4byte	.LASF25
 148 0019 00000000 		.4byte	.Ldebug_ranges0+0
 149 001d 00000000 		.4byte	0
 150 0021 00000000 		.4byte	.Ldebug_line0
 151 0025 02       		.uleb128 0x2
 152 0026 01       		.byte	0x1
 153 0027 06       		.byte	0x6
 154 0028 E8010000 		.4byte	.LASF0
 155 002c 02       		.uleb128 0x2
 156 002d 01       		.byte	0x1
 157 002e 08       		.byte	0x8
 158 002f 33000000 		.4byte	.LASF1
 159 0033 02       		.uleb128 0x2
 160 0034 02       		.byte	0x2
 161 0035 05       		.byte	0x5
 162 0036 14020000 		.4byte	.LASF2
 163 003a 02       		.uleb128 0x2
 164 003b 02       		.byte	0x2
 165 003c 07       		.byte	0x7
 166 003d D5010000 		.4byte	.LASF3
 167 0041 02       		.uleb128 0x2
 168 0042 04       		.byte	0x4
 169 0043 05       		.byte	0x5
 170 0044 82010000 		.4byte	.LASF4
 171 0048 02       		.uleb128 0x2
 172 0049 04       		.byte	0x4
 173 004a 07       		.byte	0x7
 174 004b 24010000 		.4byte	.LASF5
 175 004f 02       		.uleb128 0x2
 176 0050 08       		.byte	0x8
 177 0051 05       		.byte	0x5
 178 0052 00000000 		.4byte	.LASF6
 179 0056 02       		.uleb128 0x2
 180 0057 08       		.byte	0x8
 181 0058 07       		.byte	0x7
 182 0059 36010000 		.4byte	.LASF7
 183 005d 03       		.uleb128 0x3
 184 005e 04       		.byte	0x4
 185 005f 05       		.byte	0x5
ARM GAS  C:\Users\VIDEOH~1\AppData\Local\Temp\ccqqPj1B.s 			page 6


 186 0060 696E7400 		.ascii	"int\000"
 187 0064 02       		.uleb128 0x2
 188 0065 04       		.byte	0x4
 189 0066 07       		.byte	0x7
 190 0067 0E000000 		.4byte	.LASF8
 191 006b 04       		.uleb128 0x4
 192 006c 1E010000 		.4byte	.LASF9
 193 0070 02       		.byte	0x2
 194 0071 E401     		.2byte	0x1e4
 195 0073 2C000000 		.4byte	0x2c
 196 0077 04       		.uleb128 0x4
 197 0078 1E020000 		.4byte	.LASF10
 198 007c 02       		.byte	0x2
 199 007d E501     		.2byte	0x1e5
 200 007f 3A000000 		.4byte	0x3a
 201 0083 02       		.uleb128 0x2
 202 0084 04       		.byte	0x4
 203 0085 04       		.byte	0x4
 204 0086 0E020000 		.4byte	.LASF11
 205 008a 02       		.uleb128 0x2
 206 008b 08       		.byte	0x8
 207 008c 04       		.byte	0x4
 208 008d AF010000 		.4byte	.LASF12
 209 0091 02       		.uleb128 0x2
 210 0092 01       		.byte	0x1
 211 0093 08       		.byte	0x8
 212 0094 7D010000 		.4byte	.LASF13
 213 0098 04       		.uleb128 0x4
 214 0099 8B010000 		.4byte	.LASF14
 215 009d 02       		.byte	0x2
 216 009e 8E02     		.2byte	0x28e
 217 00a0 A4000000 		.4byte	0xa4
 218 00a4 05       		.uleb128 0x5
 219 00a5 6B000000 		.4byte	0x6b
 220 00a9 04       		.uleb128 0x4
 221 00aa 90010000 		.4byte	.LASF15
 222 00ae 02       		.byte	0x2
 223 00af 8F02     		.2byte	0x28f
 224 00b1 B5000000 		.4byte	0xb5
 225 00b5 05       		.uleb128 0x5
 226 00b6 77000000 		.4byte	0x77
 227 00ba 02       		.uleb128 0x2
 228 00bb 04       		.byte	0x4
 229 00bc 07       		.byte	0x7
 230 00bd 25020000 		.4byte	.LASF16
 231 00c1 06       		.uleb128 0x6
 232 00c2 02       		.byte	0x2
 233 00c3 03       		.byte	0x3
 234 00c4 DD       		.byte	0xdd
 235 00c5 D6000000 		.4byte	0xd6
 236 00c9 07       		.uleb128 0x7
 237 00ca 69010000 		.4byte	.LASF26
 238 00ce 03       		.byte	0x3
 239 00cf E8       		.byte	0xe8
 240 00d0 D6000000 		.4byte	0xd6
 241 00d4 00       		.byte	0
 242 00d5 00       		.byte	0
ARM GAS  C:\Users\VIDEOH~1\AppData\Local\Temp\ccqqPj1B.s 			page 7


 243 00d6 08       		.uleb128 0x8
 244 00d7 77000000 		.4byte	0x77
 245 00db E6000000 		.4byte	0xe6
 246 00df 09       		.uleb128 0x9
 247 00e0 BA000000 		.4byte	0xba
 248 00e4 00       		.byte	0
 249 00e5 00       		.byte	0
 250 00e6 0A       		.uleb128 0xa
 251 00e7 B6010000 		.4byte	.LASF17
 252 00eb 03       		.byte	0x3
 253 00ec EB       		.byte	0xeb
 254 00ed C1000000 		.4byte	0xc1
 255 00f1 0B       		.uleb128 0xb
 256 00f2 4D010000 		.4byte	.LASF27
 257 00f6 01       		.byte	0x1
 258 00f7 2C       		.byte	0x2c
 259 00f8 00000000 		.4byte	.LFB0
 260 00fc 80000000 		.4byte	.LFE0-.LFB0
 261 0100 01       		.uleb128 0x1
 262 0101 9C       		.byte	0x9c
 263 0102 25010000 		.4byte	0x125
 264 0106 0C       		.uleb128 0xc
 265 0107 76010000 		.4byte	.LASF18
 266 010b 01       		.byte	0x1
 267 010c 2E       		.byte	0x2e
 268 010d 6B000000 		.4byte	0x6b
 269 0111 00000000 		.4byte	.LLST0
 270 0115 0C       		.uleb128 0xc
 271 0116 15010000 		.4byte	.LASF19
 272 011a 01       		.byte	0x1
 273 011b 2F       		.byte	0x2f
 274 011c 77000000 		.4byte	0x77
 275 0120 2B000000 		.4byte	.LLST1
 276 0124 00       		.byte	0
 277 0125 0D       		.uleb128 0xd
 278 0126 96010000 		.4byte	.LASF20
 279 012a 03       		.byte	0x3
 280 012b 3401     		.2byte	0x134
 281 012d E6000000 		.4byte	0xe6
 282 0131 0D       		.uleb128 0xd
 283 0132 1B000000 		.4byte	.LASF21
 284 0136 03       		.byte	0x3
 285 0137 4D01     		.2byte	0x14d
 286 0139 77000000 		.4byte	0x77
 287 013d 0D       		.uleb128 0xd
 288 013e F4010000 		.4byte	.LASF22
 289 0142 03       		.byte	0x3
 290 0143 4E01     		.2byte	0x14e
 291 0145 77000000 		.4byte	0x77
 292 0149 00       		.byte	0
 293              		.section	.debug_abbrev,"",%progbits
 294              	.Ldebug_abbrev0:
 295 0000 01       		.uleb128 0x1
 296 0001 11       		.uleb128 0x11
 297 0002 01       		.byte	0x1
 298 0003 25       		.uleb128 0x25
 299 0004 0E       		.uleb128 0xe
ARM GAS  C:\Users\VIDEOH~1\AppData\Local\Temp\ccqqPj1B.s 			page 8


 300 0005 13       		.uleb128 0x13
 301 0006 0B       		.uleb128 0xb
 302 0007 03       		.uleb128 0x3
 303 0008 0E       		.uleb128 0xe
 304 0009 1B       		.uleb128 0x1b
 305 000a 0E       		.uleb128 0xe
 306 000b 55       		.uleb128 0x55
 307 000c 17       		.uleb128 0x17
 308 000d 11       		.uleb128 0x11
 309 000e 01       		.uleb128 0x1
 310 000f 10       		.uleb128 0x10
 311 0010 17       		.uleb128 0x17
 312 0011 00       		.byte	0
 313 0012 00       		.byte	0
 314 0013 02       		.uleb128 0x2
 315 0014 24       		.uleb128 0x24
 316 0015 00       		.byte	0
 317 0016 0B       		.uleb128 0xb
 318 0017 0B       		.uleb128 0xb
 319 0018 3E       		.uleb128 0x3e
 320 0019 0B       		.uleb128 0xb
 321 001a 03       		.uleb128 0x3
 322 001b 0E       		.uleb128 0xe
 323 001c 00       		.byte	0
 324 001d 00       		.byte	0
 325 001e 03       		.uleb128 0x3
 326 001f 24       		.uleb128 0x24
 327 0020 00       		.byte	0
 328 0021 0B       		.uleb128 0xb
 329 0022 0B       		.uleb128 0xb
 330 0023 3E       		.uleb128 0x3e
 331 0024 0B       		.uleb128 0xb
 332 0025 03       		.uleb128 0x3
 333 0026 08       		.uleb128 0x8
 334 0027 00       		.byte	0
 335 0028 00       		.byte	0
 336 0029 04       		.uleb128 0x4
 337 002a 16       		.uleb128 0x16
 338 002b 00       		.byte	0
 339 002c 03       		.uleb128 0x3
 340 002d 0E       		.uleb128 0xe
 341 002e 3A       		.uleb128 0x3a
 342 002f 0B       		.uleb128 0xb
 343 0030 3B       		.uleb128 0x3b
 344 0031 05       		.uleb128 0x5
 345 0032 49       		.uleb128 0x49
 346 0033 13       		.uleb128 0x13
 347 0034 00       		.byte	0
 348 0035 00       		.byte	0
 349 0036 05       		.uleb128 0x5
 350 0037 35       		.uleb128 0x35
 351 0038 00       		.byte	0
 352 0039 49       		.uleb128 0x49
 353 003a 13       		.uleb128 0x13
 354 003b 00       		.byte	0
 355 003c 00       		.byte	0
 356 003d 06       		.uleb128 0x6
ARM GAS  C:\Users\VIDEOH~1\AppData\Local\Temp\ccqqPj1B.s 			page 9


 357 003e 13       		.uleb128 0x13
 358 003f 01       		.byte	0x1
 359 0040 0B       		.uleb128 0xb
 360 0041 0B       		.uleb128 0xb
 361 0042 3A       		.uleb128 0x3a
 362 0043 0B       		.uleb128 0xb
 363 0044 3B       		.uleb128 0x3b
 364 0045 0B       		.uleb128 0xb
 365 0046 01       		.uleb128 0x1
 366 0047 13       		.uleb128 0x13
 367 0048 00       		.byte	0
 368 0049 00       		.byte	0
 369 004a 07       		.uleb128 0x7
 370 004b 0D       		.uleb128 0xd
 371 004c 00       		.byte	0
 372 004d 03       		.uleb128 0x3
 373 004e 0E       		.uleb128 0xe
 374 004f 3A       		.uleb128 0x3a
 375 0050 0B       		.uleb128 0xb
 376 0051 3B       		.uleb128 0x3b
 377 0052 0B       		.uleb128 0xb
 378 0053 49       		.uleb128 0x49
 379 0054 13       		.uleb128 0x13
 380 0055 38       		.uleb128 0x38
 381 0056 0B       		.uleb128 0xb
 382 0057 00       		.byte	0
 383 0058 00       		.byte	0
 384 0059 08       		.uleb128 0x8
 385 005a 01       		.uleb128 0x1
 386 005b 01       		.byte	0x1
 387 005c 49       		.uleb128 0x49
 388 005d 13       		.uleb128 0x13
 389 005e 01       		.uleb128 0x1
 390 005f 13       		.uleb128 0x13
 391 0060 00       		.byte	0
 392 0061 00       		.byte	0
 393 0062 09       		.uleb128 0x9
 394 0063 21       		.uleb128 0x21
 395 0064 00       		.byte	0
 396 0065 49       		.uleb128 0x49
 397 0066 13       		.uleb128 0x13
 398 0067 2F       		.uleb128 0x2f
 399 0068 0B       		.uleb128 0xb
 400 0069 00       		.byte	0
 401 006a 00       		.byte	0
 402 006b 0A       		.uleb128 0xa
 403 006c 16       		.uleb128 0x16
 404 006d 00       		.byte	0
 405 006e 03       		.uleb128 0x3
 406 006f 0E       		.uleb128 0xe
 407 0070 3A       		.uleb128 0x3a
 408 0071 0B       		.uleb128 0xb
 409 0072 3B       		.uleb128 0x3b
 410 0073 0B       		.uleb128 0xb
 411 0074 49       		.uleb128 0x49
 412 0075 13       		.uleb128 0x13
 413 0076 00       		.byte	0
ARM GAS  C:\Users\VIDEOH~1\AppData\Local\Temp\ccqqPj1B.s 			page 10


 414 0077 00       		.byte	0
 415 0078 0B       		.uleb128 0xb
 416 0079 2E       		.uleb128 0x2e
 417 007a 01       		.byte	0x1
 418 007b 3F       		.uleb128 0x3f
 419 007c 19       		.uleb128 0x19
 420 007d 03       		.uleb128 0x3
 421 007e 0E       		.uleb128 0xe
 422 007f 3A       		.uleb128 0x3a
 423 0080 0B       		.uleb128 0xb
 424 0081 3B       		.uleb128 0x3b
 425 0082 0B       		.uleb128 0xb
 426 0083 27       		.uleb128 0x27
 427 0084 19       		.uleb128 0x19
 428 0085 11       		.uleb128 0x11
 429 0086 01       		.uleb128 0x1
 430 0087 12       		.uleb128 0x12
 431 0088 06       		.uleb128 0x6
 432 0089 40       		.uleb128 0x40
 433 008a 18       		.uleb128 0x18
 434 008b 9742     		.uleb128 0x2117
 435 008d 19       		.uleb128 0x19
 436 008e 01       		.uleb128 0x1
 437 008f 13       		.uleb128 0x13
 438 0090 00       		.byte	0
 439 0091 00       		.byte	0
 440 0092 0C       		.uleb128 0xc
 441 0093 34       		.uleb128 0x34
 442 0094 00       		.byte	0
 443 0095 03       		.uleb128 0x3
 444 0096 0E       		.uleb128 0xe
 445 0097 3A       		.uleb128 0x3a
 446 0098 0B       		.uleb128 0xb
 447 0099 3B       		.uleb128 0x3b
 448 009a 0B       		.uleb128 0xb
 449 009b 49       		.uleb128 0x49
 450 009c 13       		.uleb128 0x13
 451 009d 02       		.uleb128 0x2
 452 009e 17       		.uleb128 0x17
 453 009f 00       		.byte	0
 454 00a0 00       		.byte	0
 455 00a1 0D       		.uleb128 0xd
 456 00a2 34       		.uleb128 0x34
 457 00a3 00       		.byte	0
 458 00a4 03       		.uleb128 0x3
 459 00a5 0E       		.uleb128 0xe
 460 00a6 3A       		.uleb128 0x3a
 461 00a7 0B       		.uleb128 0xb
 462 00a8 3B       		.uleb128 0x3b
 463 00a9 05       		.uleb128 0x5
 464 00aa 49       		.uleb128 0x49
 465 00ab 13       		.uleb128 0x13
 466 00ac 3F       		.uleb128 0x3f
 467 00ad 19       		.uleb128 0x19
 468 00ae 3C       		.uleb128 0x3c
 469 00af 19       		.uleb128 0x19
 470 00b0 00       		.byte	0
ARM GAS  C:\Users\VIDEOH~1\AppData\Local\Temp\ccqqPj1B.s 			page 11


 471 00b1 00       		.byte	0
 472 00b2 00       		.byte	0
 473              		.section	.debug_loc,"",%progbits
 474              	.Ldebug_loc0:
 475              	.LLST0:
 476 0000 0C000000 		.4byte	.LVL0
 477 0004 2C000000 		.4byte	.LVL5
 478 0008 0100     		.2byte	0x1
 479 000a 53       		.byte	0x53
 480 000b 2C000000 		.4byte	.LVL5
 481 000f 2E000000 		.4byte	.LVL6
 482 0013 0300     		.2byte	0x3
 483 0015 73       		.byte	0x73
 484 0016 01       		.sleb128 1
 485 0017 9F       		.byte	0x9f
 486 0018 2E000000 		.4byte	.LVL6
 487 001c 4C000000 		.4byte	.LVL7
 488 0020 0100     		.2byte	0x1
 489 0022 53       		.byte	0x53
 490 0023 00000000 		.4byte	0
 491 0027 00000000 		.4byte	0
 492              	.LLST1:
 493 002b 14000000 		.4byte	.LVL1
 494 002f 1C000000 		.4byte	.LVL2
 495 0033 0100     		.2byte	0x1
 496 0035 51       		.byte	0x51
 497 0036 1C000000 		.4byte	.LVL2
 498 003a 20000000 		.4byte	.LVL3
 499 003e 0500     		.2byte	0x5
 500 0040 70       		.byte	0x70
 501 0041 00       		.sleb128 0
 502 0042 74       		.byte	0x74
 503 0043 00       		.sleb128 0
 504 0044 22       		.byte	0x22
 505 0045 20000000 		.4byte	.LVL3
 506 0049 22000000 		.4byte	.LVL4
 507 004d 0700     		.2byte	0x7
 508 004f 73       		.byte	0x73
 509 0050 00       		.sleb128 0
 510 0051 31       		.byte	0x31
 511 0052 24       		.byte	0x24
 512 0053 70       		.byte	0x70
 513 0054 00       		.sleb128 0
 514 0055 22       		.byte	0x22
 515 0056 00000000 		.4byte	0
 516 005a 00000000 		.4byte	0
 517              		.section	.debug_aranges,"",%progbits
 518 0000 1C000000 		.4byte	0x1c
 519 0004 0200     		.2byte	0x2
 520 0006 00000000 		.4byte	.Ldebug_info0
 521 000a 04       		.byte	0x4
 522 000b 00       		.byte	0
 523 000c 0000     		.2byte	0
 524 000e 0000     		.2byte	0
 525 0010 00000000 		.4byte	.LFB0
 526 0014 80000000 		.4byte	.LFE0-.LFB0
 527 0018 00000000 		.4byte	0
ARM GAS  C:\Users\VIDEOH~1\AppData\Local\Temp\ccqqPj1B.s 			page 12


 528 001c 00000000 		.4byte	0
 529              		.section	.debug_ranges,"",%progbits
 530              	.Ldebug_ranges0:
 531 0000 00000000 		.4byte	.LFB0
 532 0004 80000000 		.4byte	.LFE0
 533 0008 00000000 		.4byte	0
 534 000c 00000000 		.4byte	0
 535              		.section	.debug_line,"",%progbits
 536              	.Ldebug_line0:
 537 0000 AE000000 		.section	.debug_str,"MS",%progbits,1
 537      02006100 
 537      00000201 
 537      FB0E0D00 
 537      01010101 
 538              	.LASF6:
 539 0000 6C6F6E67 		.ascii	"long long int\000"
 539      206C6F6E 
 539      6720696E 
 539      7400
 540              	.LASF8:
 541 000e 756E7369 		.ascii	"unsigned int\000"
 541      676E6564 
 541      20696E74 
 541      00
 542              	.LASF21:
 543 001b 46616E43 		.ascii	"FanController_alertMask\000"
 543      6F6E7472 
 543      6F6C6C65 
 543      725F616C 
 543      6572744D 
 544              	.LASF1:
 545 0033 756E7369 		.ascii	"unsigned char\000"
 545      676E6564 
 545      20636861 
 545      7200
 546              	.LASF23:
 547 0041 474E5520 		.ascii	"GNU C99 5.4.1 20160609 (release) [ARM/embedded-5-br"
 547      43393920 
 547      352E342E 
 547      31203230 
 547      31363036 
 548 0074 616E6368 		.ascii	"anch revision 237715] -mcpu=cortex-m0 -mthumb -g -O"
 548      20726576 
 548      6973696F 
 548      6E203233 
 548      37373135 
 549 00a7 73202D73 		.ascii	"s -std=gnu99 -ffunction-sections -ffat-lto-objects\000"
 549      74643D67 
 549      6E753939 
 549      202D6666 
 549      756E6374 
 550              	.LASF25:
 551 00da 443A5C31 		.ascii	"D:\\1_work\\my_project\\ReloadPro\\psoc42boot\\Relo"
 551      5F776F72 
 551      6B5C6D79 
 551      5F70726F 
 551      6A656374 
ARM GAS  C:\Users\VIDEOH~1\AppData\Local\Temp\ccqqPj1B.s 			page 13


 552 0108 61642050 		.ascii	"ad Pro.cydsn\000"
 552      726F2E63 
 552      7964736E 
 552      00
 553              	.LASF19:
 554 0115 61637453 		.ascii	"actSpeed\000"
 554      70656564 
 554      00
 555              	.LASF9:
 556 011e 75696E74 		.ascii	"uint8\000"
 556      3800
 557              	.LASF5:
 558 0124 6C6F6E67 		.ascii	"long unsigned int\000"
 558      20756E73 
 558      69676E65 
 558      6420696E 
 558      7400
 559              	.LASF7:
 560 0136 6C6F6E67 		.ascii	"long long unsigned int\000"
 560      206C6F6E 
 560      6720756E 
 560      7369676E 
 560      65642069 
 561              	.LASF27:
 562 014d 46616E43 		.ascii	"FanController_DATA_SEND_ISR\000"
 562      6F6E7472 
 562      6F6C6C65 
 562      725F4441 
 562      54415F53 
 563              	.LASF26:
 564 0169 61637475 		.ascii	"actualPeriod\000"
 564      616C5065 
 564      72696F64 
 564      00
 565              	.LASF18:
 566 0176 66616E4E 		.ascii	"fanNum\000"
 566      756D00
 567              	.LASF13:
 568 017d 63686172 		.ascii	"char\000"
 568      00
 569              	.LASF4:
 570 0182 6C6F6E67 		.ascii	"long int\000"
 570      20696E74 
 570      00
 571              	.LASF14:
 572 018b 72656738 		.ascii	"reg8\000"
 572      00
 573              	.LASF15:
 574 0190 72656731 		.ascii	"reg16\000"
 574      3600
 575              	.LASF20:
 576 0196 46616E43 		.ascii	"FanController_fanControl\000"
 576      6F6E7472 
 576      6F6C6C65 
 576      725F6661 
 576      6E436F6E 
 577              	.LASF12:
ARM GAS  C:\Users\VIDEOH~1\AppData\Local\Temp\ccqqPj1B.s 			page 14


 578 01af 646F7562 		.ascii	"double\000"
 578      6C6500
 579              	.LASF17:
 580 01b6 46616E43 		.ascii	"FanController_fanControlStruct\000"
 580      6F6E7472 
 580      6F6C6C65 
 580      725F6661 
 580      6E436F6E 
 581              	.LASF3:
 582 01d5 73686F72 		.ascii	"short unsigned int\000"
 582      7420756E 
 582      7369676E 
 582      65642069 
 582      6E7400
 583              	.LASF0:
 584 01e8 7369676E 		.ascii	"signed char\000"
 584      65642063 
 584      68617200 
 585              	.LASF22:
 586 01f4 46616E43 		.ascii	"FanController_stallStatus\000"
 586      6F6E7472 
 586      6F6C6C65 
 586      725F7374 
 586      616C6C53 
 587              	.LASF11:
 588 020e 666C6F61 		.ascii	"float\000"
 588      7400
 589              	.LASF2:
 590 0214 73686F72 		.ascii	"short int\000"
 590      7420696E 
 590      7400
 591              	.LASF10:
 592 021e 75696E74 		.ascii	"uint16\000"
 592      313600
 593              	.LASF16:
 594 0225 73697A65 		.ascii	"sizetype\000"
 594      74797065 
 594      00
 595              	.LASF24:
 596 022e 47656E65 		.ascii	"Generated_Source\\PSoC4\\FanController_INT.c\000"
 596      72617465 
 596      645F536F 
 596      75726365 
 596      5C50536F 
 597              		.ident	"GCC: (GNU Tools for ARM Embedded Processors) 5.4.1 20160609 (release) [ARM/embedded-5-bran
