ARM GAS  C:\Users\VIDEOH~1\AppData\Local\Temp\ccVVhiV5.s 			page 1


   1              		.syntax unified
   2              		.cpu cortex-m0
   3              		.fpu softvfp
   4              		.eabi_attribute 20, 1
   5              		.eabi_attribute 21, 1
   6              		.eabi_attribute 23, 3
   7              		.eabi_attribute 24, 1
   8              		.eabi_attribute 25, 1
   9              		.eabi_attribute 26, 1
  10              		.eabi_attribute 30, 4
  11              		.eabi_attribute 34, 0
  12              		.eabi_attribute 18, 4
  13              		.thumb
  14              		.syntax unified
  15              		.file	"FanController_FW_PWM1_PM.c"
  16              		.text
  17              	.Ltext0:
  18              		.cfi_sections	.debug_frame
  19              		.section	.text.FanController_FW_PWM1_SaveConfig,"ax",%progbits
  20              		.align	1
  21              		.global	FanController_FW_PWM1_SaveConfig
  22              		.code	16
  23              		.thumb_func
  24              		.type	FanController_FW_PWM1_SaveConfig, %function
  25              	FanController_FW_PWM1_SaveConfig:
  26              	.LFB5:
  27              		.cfi_startproc
  28              		@ args = 0, pretend = 0, frame = 0
  29              		@ frame_needed = 0, uses_anonymous_args = 0
  30              		@ link register save eliminated.
  31              		@ sp needed
  32 0000 7047     		bx	lr
  33              		.cfi_endproc
  34              	.LFE5:
  35              		.size	FanController_FW_PWM1_SaveConfig, .-FanController_FW_PWM1_SaveConfig
  36              		.section	.text.FanController_FW_PWM1_Sleep,"ax",%progbits
  37              		.align	1
  38              		.global	FanController_FW_PWM1_Sleep
  39              		.code	16
  40              		.thumb_func
  41              		.type	FanController_FW_PWM1_Sleep, %function
  42              	FanController_FW_PWM1_Sleep:
  43              	.LFB1:
  44              		.file 1 "Generated_Source\\PSoC4\\FanController_FW_PWM1_PM.c"
   1:Generated_Source\PSoC4/FanController_FW_PWM1_PM.c **** /*******************************************************************************
   2:Generated_Source\PSoC4/FanController_FW_PWM1_PM.c **** * File Name: FanController_FW_PWM1_PM.c
   3:Generated_Source\PSoC4/FanController_FW_PWM1_PM.c **** * Version 2.10
   4:Generated_Source\PSoC4/FanController_FW_PWM1_PM.c **** *
   5:Generated_Source\PSoC4/FanController_FW_PWM1_PM.c **** * Description:
   6:Generated_Source\PSoC4/FanController_FW_PWM1_PM.c **** *  This file contains the setup, control, and status commands to support
   7:Generated_Source\PSoC4/FanController_FW_PWM1_PM.c **** *  the component operations in the low power mode.
   8:Generated_Source\PSoC4/FanController_FW_PWM1_PM.c **** *
   9:Generated_Source\PSoC4/FanController_FW_PWM1_PM.c **** * Note:
  10:Generated_Source\PSoC4/FanController_FW_PWM1_PM.c **** *  None
  11:Generated_Source\PSoC4/FanController_FW_PWM1_PM.c **** *
  12:Generated_Source\PSoC4/FanController_FW_PWM1_PM.c **** ********************************************************************************
  13:Generated_Source\PSoC4/FanController_FW_PWM1_PM.c **** * Copyright 2013-2015, Cypress Semiconductor Corporation.  All rights reserved.
ARM GAS  C:\Users\VIDEOH~1\AppData\Local\Temp\ccVVhiV5.s 			page 2


  14:Generated_Source\PSoC4/FanController_FW_PWM1_PM.c **** * You may use this file only in accordance with the license, terms, conditions,
  15:Generated_Source\PSoC4/FanController_FW_PWM1_PM.c **** * disclaimers, and limitations in the end user license agreement accompanying
  16:Generated_Source\PSoC4/FanController_FW_PWM1_PM.c **** * the software package with which this file was provided.
  17:Generated_Source\PSoC4/FanController_FW_PWM1_PM.c **** *******************************************************************************/
  18:Generated_Source\PSoC4/FanController_FW_PWM1_PM.c **** 
  19:Generated_Source\PSoC4/FanController_FW_PWM1_PM.c **** #include "FanController_FW_PWM1.h"
  20:Generated_Source\PSoC4/FanController_FW_PWM1_PM.c **** 
  21:Generated_Source\PSoC4/FanController_FW_PWM1_PM.c **** static FanController_FW_PWM1_BACKUP_STRUCT FanController_FW_PWM1_backup;
  22:Generated_Source\PSoC4/FanController_FW_PWM1_PM.c **** 
  23:Generated_Source\PSoC4/FanController_FW_PWM1_PM.c **** 
  24:Generated_Source\PSoC4/FanController_FW_PWM1_PM.c **** /*******************************************************************************
  25:Generated_Source\PSoC4/FanController_FW_PWM1_PM.c **** * Function Name: FanController_FW_PWM1_SaveConfig
  26:Generated_Source\PSoC4/FanController_FW_PWM1_PM.c **** ********************************************************************************
  27:Generated_Source\PSoC4/FanController_FW_PWM1_PM.c **** *
  28:Generated_Source\PSoC4/FanController_FW_PWM1_PM.c **** * Summary:
  29:Generated_Source\PSoC4/FanController_FW_PWM1_PM.c **** *  All configuration registers are retention. Nothing to save here.
  30:Generated_Source\PSoC4/FanController_FW_PWM1_PM.c **** *
  31:Generated_Source\PSoC4/FanController_FW_PWM1_PM.c **** * Parameters:
  32:Generated_Source\PSoC4/FanController_FW_PWM1_PM.c **** *  None
  33:Generated_Source\PSoC4/FanController_FW_PWM1_PM.c **** *
  34:Generated_Source\PSoC4/FanController_FW_PWM1_PM.c **** * Return:
  35:Generated_Source\PSoC4/FanController_FW_PWM1_PM.c **** *  None
  36:Generated_Source\PSoC4/FanController_FW_PWM1_PM.c **** *
  37:Generated_Source\PSoC4/FanController_FW_PWM1_PM.c **** *******************************************************************************/
  38:Generated_Source\PSoC4/FanController_FW_PWM1_PM.c **** void FanController_FW_PWM1_SaveConfig(void)
  39:Generated_Source\PSoC4/FanController_FW_PWM1_PM.c **** {
  40:Generated_Source\PSoC4/FanController_FW_PWM1_PM.c **** 
  41:Generated_Source\PSoC4/FanController_FW_PWM1_PM.c **** }
  42:Generated_Source\PSoC4/FanController_FW_PWM1_PM.c **** 
  43:Generated_Source\PSoC4/FanController_FW_PWM1_PM.c **** 
  44:Generated_Source\PSoC4/FanController_FW_PWM1_PM.c **** /*******************************************************************************
  45:Generated_Source\PSoC4/FanController_FW_PWM1_PM.c **** * Function Name: FanController_FW_PWM1_Sleep
  46:Generated_Source\PSoC4/FanController_FW_PWM1_PM.c **** ********************************************************************************
  47:Generated_Source\PSoC4/FanController_FW_PWM1_PM.c **** *
  48:Generated_Source\PSoC4/FanController_FW_PWM1_PM.c **** * Summary:
  49:Generated_Source\PSoC4/FanController_FW_PWM1_PM.c **** *  Stops the component operation and saves the user configuration.
  50:Generated_Source\PSoC4/FanController_FW_PWM1_PM.c **** *
  51:Generated_Source\PSoC4/FanController_FW_PWM1_PM.c **** * Parameters:
  52:Generated_Source\PSoC4/FanController_FW_PWM1_PM.c **** *  None
  53:Generated_Source\PSoC4/FanController_FW_PWM1_PM.c **** *
  54:Generated_Source\PSoC4/FanController_FW_PWM1_PM.c **** * Return:
  55:Generated_Source\PSoC4/FanController_FW_PWM1_PM.c **** *  None
  56:Generated_Source\PSoC4/FanController_FW_PWM1_PM.c **** *
  57:Generated_Source\PSoC4/FanController_FW_PWM1_PM.c **** *******************************************************************************/
  58:Generated_Source\PSoC4/FanController_FW_PWM1_PM.c **** void FanController_FW_PWM1_Sleep(void)
  59:Generated_Source\PSoC4/FanController_FW_PWM1_PM.c **** {
  45              		.loc 1 59 0
  46              		.cfi_startproc
  47              		@ args = 0, pretend = 0, frame = 0
  48              		@ frame_needed = 0, uses_anonymous_args = 0
  60:Generated_Source\PSoC4/FanController_FW_PWM1_PM.c ****     if(0u != (FanController_FW_PWM1_BLOCK_CONTROL_REG & FanController_FW_PWM1_MASK))
  49              		.loc 1 60 0
  50 0000 054B     		ldr	r3, .L6
  59:Generated_Source\PSoC4/FanController_FW_PWM1_PM.c ****     if(0u != (FanController_FW_PWM1_BLOCK_CONTROL_REG & FanController_FW_PWM1_MASK))
  51              		.loc 1 59 0
  52 0002 10B5     		push	{r4, lr}
  53              		.cfi_def_cfa_offset 8
ARM GAS  C:\Users\VIDEOH~1\AppData\Local\Temp\ccVVhiV5.s 			page 3


  54              		.cfi_offset 4, -8
  55              		.cfi_offset 14, -4
  56              		.loc 1 60 0
  57 0004 1A68     		ldr	r2, [r3]
  58 0006 0423     		movs	r3, #4
  59 0008 1340     		ands	r3, r2
  60 000a 044A     		ldr	r2, .L6+4
  61 000c 00D0     		beq	.L3
  61:Generated_Source\PSoC4/FanController_FW_PWM1_PM.c ****     {
  62:Generated_Source\PSoC4/FanController_FW_PWM1_PM.c ****         FanController_FW_PWM1_backup.enableState = 1u;
  62              		.loc 1 62 0
  63 000e 0123     		movs	r3, #1
  64              	.L3:
  63:Generated_Source\PSoC4/FanController_FW_PWM1_PM.c ****     }
  64:Generated_Source\PSoC4/FanController_FW_PWM1_PM.c ****     else
  65:Generated_Source\PSoC4/FanController_FW_PWM1_PM.c ****     {
  66:Generated_Source\PSoC4/FanController_FW_PWM1_PM.c ****         FanController_FW_PWM1_backup.enableState = 0u;
  65              		.loc 1 66 0
  66 0010 1370     		strb	r3, [r2]
  67:Generated_Source\PSoC4/FanController_FW_PWM1_PM.c ****     }
  68:Generated_Source\PSoC4/FanController_FW_PWM1_PM.c **** 
  69:Generated_Source\PSoC4/FanController_FW_PWM1_PM.c ****     FanController_FW_PWM1_Stop();
  70:Generated_Source\PSoC4/FanController_FW_PWM1_PM.c ****     FanController_FW_PWM1_SaveConfig();
  71:Generated_Source\PSoC4/FanController_FW_PWM1_PM.c **** }
  67              		.loc 1 71 0
  68              		@ sp needed
  69:Generated_Source\PSoC4/FanController_FW_PWM1_PM.c ****     FanController_FW_PWM1_SaveConfig();
  69              		.loc 1 69 0
  70 0012 FFF7FEFF 		bl	FanController_FW_PWM1_Stop
  71              	.LVL0:
  72              		.loc 1 71 0
  73 0016 10BD     		pop	{r4, pc}
  74              	.L7:
  75              		.align	2
  76              	.L6:
  77 0018 00000540 		.word	1074069504
  78 001c 00000000 		.word	.LANCHOR0
  79              		.cfi_endproc
  80              	.LFE1:
  81              		.size	FanController_FW_PWM1_Sleep, .-FanController_FW_PWM1_Sleep
  82              		.section	.text.FanController_FW_PWM1_RestoreConfig,"ax",%progbits
  83              		.align	1
  84              		.global	FanController_FW_PWM1_RestoreConfig
  85              		.code	16
  86              		.thumb_func
  87              		.type	FanController_FW_PWM1_RestoreConfig, %function
  88              	FanController_FW_PWM1_RestoreConfig:
  89              	.LFB2:
  72:Generated_Source\PSoC4/FanController_FW_PWM1_PM.c **** 
  73:Generated_Source\PSoC4/FanController_FW_PWM1_PM.c **** 
  74:Generated_Source\PSoC4/FanController_FW_PWM1_PM.c **** /*******************************************************************************
  75:Generated_Source\PSoC4/FanController_FW_PWM1_PM.c **** * Function Name: FanController_FW_PWM1_RestoreConfig
  76:Generated_Source\PSoC4/FanController_FW_PWM1_PM.c **** ********************************************************************************
  77:Generated_Source\PSoC4/FanController_FW_PWM1_PM.c **** *
  78:Generated_Source\PSoC4/FanController_FW_PWM1_PM.c **** * Summary:
  79:Generated_Source\PSoC4/FanController_FW_PWM1_PM.c **** *  All configuration registers are retention. Nothing to restore here.
  80:Generated_Source\PSoC4/FanController_FW_PWM1_PM.c **** *
ARM GAS  C:\Users\VIDEOH~1\AppData\Local\Temp\ccVVhiV5.s 			page 4


  81:Generated_Source\PSoC4/FanController_FW_PWM1_PM.c **** * Parameters:
  82:Generated_Source\PSoC4/FanController_FW_PWM1_PM.c **** *  None
  83:Generated_Source\PSoC4/FanController_FW_PWM1_PM.c **** *
  84:Generated_Source\PSoC4/FanController_FW_PWM1_PM.c **** * Return:
  85:Generated_Source\PSoC4/FanController_FW_PWM1_PM.c **** *  None
  86:Generated_Source\PSoC4/FanController_FW_PWM1_PM.c **** *
  87:Generated_Source\PSoC4/FanController_FW_PWM1_PM.c **** *******************************************************************************/
  88:Generated_Source\PSoC4/FanController_FW_PWM1_PM.c **** void FanController_FW_PWM1_RestoreConfig(void)
  89:Generated_Source\PSoC4/FanController_FW_PWM1_PM.c **** {
  90              		.loc 1 89 0
  91              		.cfi_startproc
  92              		@ args = 0, pretend = 0, frame = 0
  93              		@ frame_needed = 0, uses_anonymous_args = 0
  94              		@ link register save eliminated.
  90:Generated_Source\PSoC4/FanController_FW_PWM1_PM.c **** 
  91:Generated_Source\PSoC4/FanController_FW_PWM1_PM.c **** }
  95              		.loc 1 91 0
  96              		@ sp needed
  97 0000 7047     		bx	lr
  98              		.cfi_endproc
  99              	.LFE2:
 100              		.size	FanController_FW_PWM1_RestoreConfig, .-FanController_FW_PWM1_RestoreConfig
 101              		.section	.text.FanController_FW_PWM1_Wakeup,"ax",%progbits
 102              		.align	1
 103              		.global	FanController_FW_PWM1_Wakeup
 104              		.code	16
 105              		.thumb_func
 106              		.type	FanController_FW_PWM1_Wakeup, %function
 107              	FanController_FW_PWM1_Wakeup:
 108              	.LFB3:
  92:Generated_Source\PSoC4/FanController_FW_PWM1_PM.c **** 
  93:Generated_Source\PSoC4/FanController_FW_PWM1_PM.c **** 
  94:Generated_Source\PSoC4/FanController_FW_PWM1_PM.c **** /*******************************************************************************
  95:Generated_Source\PSoC4/FanController_FW_PWM1_PM.c **** * Function Name: FanController_FW_PWM1_Wakeup
  96:Generated_Source\PSoC4/FanController_FW_PWM1_PM.c **** ********************************************************************************
  97:Generated_Source\PSoC4/FanController_FW_PWM1_PM.c **** *
  98:Generated_Source\PSoC4/FanController_FW_PWM1_PM.c **** * Summary:
  99:Generated_Source\PSoC4/FanController_FW_PWM1_PM.c **** *  Restores the user configuration and restores the enable state.
 100:Generated_Source\PSoC4/FanController_FW_PWM1_PM.c **** *
 101:Generated_Source\PSoC4/FanController_FW_PWM1_PM.c **** * Parameters:
 102:Generated_Source\PSoC4/FanController_FW_PWM1_PM.c **** *  None
 103:Generated_Source\PSoC4/FanController_FW_PWM1_PM.c **** *
 104:Generated_Source\PSoC4/FanController_FW_PWM1_PM.c **** * Return:
 105:Generated_Source\PSoC4/FanController_FW_PWM1_PM.c **** *  None
 106:Generated_Source\PSoC4/FanController_FW_PWM1_PM.c **** *
 107:Generated_Source\PSoC4/FanController_FW_PWM1_PM.c **** *******************************************************************************/
 108:Generated_Source\PSoC4/FanController_FW_PWM1_PM.c **** void FanController_FW_PWM1_Wakeup(void)
 109:Generated_Source\PSoC4/FanController_FW_PWM1_PM.c **** {
 109              		.loc 1 109 0
 110              		.cfi_startproc
 111              		@ args = 0, pretend = 0, frame = 0
 112              		@ frame_needed = 0, uses_anonymous_args = 0
 113 0000 10B5     		push	{r4, lr}
 114              		.cfi_def_cfa_offset 8
 115              		.cfi_offset 4, -8
 116              		.cfi_offset 14, -4
 110:Generated_Source\PSoC4/FanController_FW_PWM1_PM.c ****     FanController_FW_PWM1_RestoreConfig();
ARM GAS  C:\Users\VIDEOH~1\AppData\Local\Temp\ccVVhiV5.s 			page 5


 111:Generated_Source\PSoC4/FanController_FW_PWM1_PM.c **** 
 112:Generated_Source\PSoC4/FanController_FW_PWM1_PM.c ****     if(0u != FanController_FW_PWM1_backup.enableState)
 117              		.loc 1 112 0
 118 0002 034B     		ldr	r3, .L14
 119 0004 1B78     		ldrb	r3, [r3]
 120 0006 002B     		cmp	r3, #0
 121 0008 01D0     		beq	.L9
 113:Generated_Source\PSoC4/FanController_FW_PWM1_PM.c ****     {
 114:Generated_Source\PSoC4/FanController_FW_PWM1_PM.c ****         FanController_FW_PWM1_Enable();
 122              		.loc 1 114 0
 123 000a FFF7FEFF 		bl	FanController_FW_PWM1_Enable
 124              	.LVL1:
 125              	.L9:
 115:Generated_Source\PSoC4/FanController_FW_PWM1_PM.c ****     }
 116:Generated_Source\PSoC4/FanController_FW_PWM1_PM.c **** }
 126              		.loc 1 116 0
 127              		@ sp needed
 128 000e 10BD     		pop	{r4, pc}
 129              	.L15:
 130              		.align	2
 131              	.L14:
 132 0010 00000000 		.word	.LANCHOR0
 133              		.cfi_endproc
 134              	.LFE3:
 135              		.size	FanController_FW_PWM1_Wakeup, .-FanController_FW_PWM1_Wakeup
 136              		.bss
 137              		.set	.LANCHOR0,. + 0
 138              		.type	FanController_FW_PWM1_backup, %object
 139              		.size	FanController_FW_PWM1_backup, 1
 140              	FanController_FW_PWM1_backup:
 141 0000 00       		.space	1
 142              		.text
 143              	.Letext0:
 144              		.file 2 "Generated_Source\\PSoC4\\cytypes.h"
 145              		.file 3 "Generated_Source\\PSoC4\\FanController_FW_PWM1.h"
 146              		.section	.debug_info,"",%progbits
 147              	.Ldebug_info0:
 148 0000 53010000 		.4byte	0x153
 149 0004 0400     		.2byte	0x4
 150 0006 00000000 		.4byte	.Ldebug_abbrev0
 151 000a 04       		.byte	0x4
 152 000b 01       		.uleb128 0x1
 153 000c 52000000 		.4byte	.LASF23
 154 0010 0C       		.byte	0xc
 155 0011 D3010000 		.4byte	.LASF24
 156 0015 EB000000 		.4byte	.LASF25
 157 0019 00000000 		.4byte	.Ldebug_ranges0+0
 158 001d 00000000 		.4byte	0
 159 0021 00000000 		.4byte	.Ldebug_line0
 160 0025 02       		.uleb128 0x2
 161 0026 01       		.byte	0x1
 162 0027 06       		.byte	0x6
 163 0028 96020000 		.4byte	.LASF0
 164 002c 02       		.uleb128 0x2
 165 002d 01       		.byte	0x1
 166 002e 08       		.byte	0x8
 167 002f 22020000 		.4byte	.LASF1
ARM GAS  C:\Users\VIDEOH~1\AppData\Local\Temp\ccVVhiV5.s 			page 6


 168 0033 02       		.uleb128 0x2
 169 0034 02       		.byte	0x2
 170 0035 05       		.byte	0x5
 171 0036 A8020000 		.4byte	.LASF2
 172 003a 02       		.uleb128 0x2
 173 003b 02       		.byte	0x2
 174 003c 07       		.byte	0x7
 175 003d 83020000 		.4byte	.LASF3
 176 0041 02       		.uleb128 0x2
 177 0042 04       		.byte	0x4
 178 0043 05       		.byte	0x5
 179 0044 50020000 		.4byte	.LASF4
 180 0048 02       		.uleb128 0x2
 181 0049 04       		.byte	0x4
 182 004a 07       		.byte	0x7
 183 004b 89010000 		.4byte	.LASF5
 184 004f 02       		.uleb128 0x2
 185 0050 08       		.byte	0x8
 186 0051 05       		.byte	0x5
 187 0052 00000000 		.4byte	.LASF6
 188 0056 02       		.uleb128 0x2
 189 0057 08       		.byte	0x8
 190 0058 07       		.byte	0x7
 191 0059 9B010000 		.4byte	.LASF7
 192 005d 03       		.uleb128 0x3
 193 005e 04       		.byte	0x4
 194 005f 05       		.byte	0x5
 195 0060 696E7400 		.ascii	"int\000"
 196 0064 02       		.uleb128 0x2
 197 0065 04       		.byte	0x4
 198 0066 07       		.byte	0x7
 199 0067 21000000 		.4byte	.LASF8
 200 006b 04       		.uleb128 0x4
 201 006c 83010000 		.4byte	.LASF9
 202 0070 02       		.byte	0x2
 203 0071 E401     		.2byte	0x1e4
 204 0073 2C000000 		.4byte	0x2c
 205 0077 04       		.uleb128 0x4
 206 0078 0E000000 		.4byte	.LASF10
 207 007c 02       		.byte	0x2
 208 007d E601     		.2byte	0x1e6
 209 007f 48000000 		.4byte	0x48
 210 0083 02       		.uleb128 0x2
 211 0084 04       		.byte	0x4
 212 0085 04       		.byte	0x4
 213 0086 A2020000 		.4byte	.LASF11
 214 008a 02       		.uleb128 0x2
 215 008b 08       		.byte	0x8
 216 008c 04       		.byte	0x4
 217 008d 76020000 		.4byte	.LASF12
 218 0091 02       		.uleb128 0x2
 219 0092 01       		.byte	0x1
 220 0093 08       		.byte	0x8
 221 0094 30020000 		.4byte	.LASF13
 222 0098 04       		.uleb128 0x4
 223 0099 7D020000 		.4byte	.LASF14
 224 009d 02       		.byte	0x2
ARM GAS  C:\Users\VIDEOH~1\AppData\Local\Temp\ccVVhiV5.s 			page 7


 225 009e 9002     		.2byte	0x290
 226 00a0 A4000000 		.4byte	0xa4
 227 00a4 05       		.uleb128 0x5
 228 00a5 77000000 		.4byte	0x77
 229 00a9 02       		.uleb128 0x2
 230 00aa 04       		.byte	0x4
 231 00ab 07       		.byte	0x7
 232 00ac B2020000 		.4byte	.LASF15
 233 00b0 06       		.uleb128 0x6
 234 00b1 01       		.byte	0x1
 235 00b2 03       		.byte	0x3
 236 00b3 21       		.byte	0x21
 237 00b4 C5000000 		.4byte	0xc5
 238 00b8 07       		.uleb128 0x7
 239 00b9 15000000 		.4byte	.LASF26
 240 00bd 03       		.byte	0x3
 241 00be 23       		.byte	0x23
 242 00bf 6B000000 		.4byte	0x6b
 243 00c3 00       		.byte	0
 244 00c4 00       		.byte	0
 245 00c5 08       		.uleb128 0x8
 246 00c6 5F010000 		.4byte	.LASF16
 247 00ca 03       		.byte	0x3
 248 00cb 24       		.byte	0x24
 249 00cc B0000000 		.4byte	0xb0
 250 00d0 09       		.uleb128 0x9
 251 00d1 B2010000 		.4byte	.LASF17
 252 00d5 01       		.byte	0x1
 253 00d6 26       		.byte	0x26
 254 00d7 01       		.byte	0x1
 255 00d8 09       		.uleb128 0x9
 256 00d9 2E000000 		.4byte	.LASF18
 257 00dd 01       		.byte	0x1
 258 00de 58       		.byte	0x58
 259 00df 01       		.byte	0x1
 260 00e0 0A       		.uleb128 0xa
 261 00e1 26010000 		.4byte	.LASF19
 262 00e5 01       		.byte	0x1
 263 00e6 3A       		.byte	0x3a
 264 00e7 00000000 		.4byte	.LFB1
 265 00eb 20000000 		.4byte	.LFE1-.LFB1
 266 00ef 01       		.uleb128 0x1
 267 00f0 9C       		.byte	0x9c
 268 00f1 FF000000 		.4byte	0xff
 269 00f5 0B       		.uleb128 0xb
 270 00f6 16000000 		.4byte	.LVL0
 271 00fa 3E010000 		.4byte	0x13e
 272 00fe 00       		.byte	0
 273 00ff 0C       		.uleb128 0xc
 274 0100 D8000000 		.4byte	0xd8
 275 0104 00000000 		.4byte	.LFB2
 276 0108 02000000 		.4byte	.LFE2-.LFB2
 277 010c 01       		.uleb128 0x1
 278 010d 9C       		.byte	0x9c
 279 010e 0A       		.uleb128 0xa
 280 010f 05020000 		.4byte	.LASF20
 281 0113 01       		.byte	0x1
ARM GAS  C:\Users\VIDEOH~1\AppData\Local\Temp\ccVVhiV5.s 			page 8


 282 0114 6C       		.byte	0x6c
 283 0115 00000000 		.4byte	.LFB3
 284 0119 14000000 		.4byte	.LFE3-.LFB3
 285 011d 01       		.uleb128 0x1
 286 011e 9C       		.byte	0x9c
 287 011f 2D010000 		.4byte	0x12d
 288 0123 0B       		.uleb128 0xb
 289 0124 0E000000 		.4byte	.LVL1
 290 0128 4A010000 		.4byte	0x14a
 291 012c 00       		.byte	0
 292 012d 0D       		.uleb128 0xd
 293 012e 42010000 		.4byte	.LASF27
 294 0132 01       		.byte	0x1
 295 0133 15       		.byte	0x15
 296 0134 C5000000 		.4byte	0xc5
 297 0138 05       		.uleb128 0x5
 298 0139 03       		.byte	0x3
 299 013a 00000000 		.4byte	FanController_FW_PWM1_backup
 300 013e 0E       		.uleb128 0xe
 301 013f 35020000 		.4byte	.LASF21
 302 0143 35020000 		.4byte	.LASF21
 303 0147 03       		.byte	0x3
 304 0148 3301     		.2byte	0x133
 305 014a 0E       		.uleb128 0xe
 306 014b 59020000 		.4byte	.LASF22
 307 014f 59020000 		.4byte	.LASF22
 308 0153 03       		.byte	0x3
 309 0154 3101     		.2byte	0x131
 310 0156 00       		.byte	0
 311              		.section	.debug_abbrev,"",%progbits
 312              	.Ldebug_abbrev0:
 313 0000 01       		.uleb128 0x1
 314 0001 11       		.uleb128 0x11
 315 0002 01       		.byte	0x1
 316 0003 25       		.uleb128 0x25
 317 0004 0E       		.uleb128 0xe
 318 0005 13       		.uleb128 0x13
 319 0006 0B       		.uleb128 0xb
 320 0007 03       		.uleb128 0x3
 321 0008 0E       		.uleb128 0xe
 322 0009 1B       		.uleb128 0x1b
 323 000a 0E       		.uleb128 0xe
 324 000b 55       		.uleb128 0x55
 325 000c 17       		.uleb128 0x17
 326 000d 11       		.uleb128 0x11
 327 000e 01       		.uleb128 0x1
 328 000f 10       		.uleb128 0x10
 329 0010 17       		.uleb128 0x17
 330 0011 00       		.byte	0
 331 0012 00       		.byte	0
 332 0013 02       		.uleb128 0x2
 333 0014 24       		.uleb128 0x24
 334 0015 00       		.byte	0
 335 0016 0B       		.uleb128 0xb
 336 0017 0B       		.uleb128 0xb
 337 0018 3E       		.uleb128 0x3e
 338 0019 0B       		.uleb128 0xb
ARM GAS  C:\Users\VIDEOH~1\AppData\Local\Temp\ccVVhiV5.s 			page 9


 339 001a 03       		.uleb128 0x3
 340 001b 0E       		.uleb128 0xe
 341 001c 00       		.byte	0
 342 001d 00       		.byte	0
 343 001e 03       		.uleb128 0x3
 344 001f 24       		.uleb128 0x24
 345 0020 00       		.byte	0
 346 0021 0B       		.uleb128 0xb
 347 0022 0B       		.uleb128 0xb
 348 0023 3E       		.uleb128 0x3e
 349 0024 0B       		.uleb128 0xb
 350 0025 03       		.uleb128 0x3
 351 0026 08       		.uleb128 0x8
 352 0027 00       		.byte	0
 353 0028 00       		.byte	0
 354 0029 04       		.uleb128 0x4
 355 002a 16       		.uleb128 0x16
 356 002b 00       		.byte	0
 357 002c 03       		.uleb128 0x3
 358 002d 0E       		.uleb128 0xe
 359 002e 3A       		.uleb128 0x3a
 360 002f 0B       		.uleb128 0xb
 361 0030 3B       		.uleb128 0x3b
 362 0031 05       		.uleb128 0x5
 363 0032 49       		.uleb128 0x49
 364 0033 13       		.uleb128 0x13
 365 0034 00       		.byte	0
 366 0035 00       		.byte	0
 367 0036 05       		.uleb128 0x5
 368 0037 35       		.uleb128 0x35
 369 0038 00       		.byte	0
 370 0039 49       		.uleb128 0x49
 371 003a 13       		.uleb128 0x13
 372 003b 00       		.byte	0
 373 003c 00       		.byte	0
 374 003d 06       		.uleb128 0x6
 375 003e 13       		.uleb128 0x13
 376 003f 01       		.byte	0x1
 377 0040 0B       		.uleb128 0xb
 378 0041 0B       		.uleb128 0xb
 379 0042 3A       		.uleb128 0x3a
 380 0043 0B       		.uleb128 0xb
 381 0044 3B       		.uleb128 0x3b
 382 0045 0B       		.uleb128 0xb
 383 0046 01       		.uleb128 0x1
 384 0047 13       		.uleb128 0x13
 385 0048 00       		.byte	0
 386 0049 00       		.byte	0
 387 004a 07       		.uleb128 0x7
 388 004b 0D       		.uleb128 0xd
 389 004c 00       		.byte	0
 390 004d 03       		.uleb128 0x3
 391 004e 0E       		.uleb128 0xe
 392 004f 3A       		.uleb128 0x3a
 393 0050 0B       		.uleb128 0xb
 394 0051 3B       		.uleb128 0x3b
 395 0052 0B       		.uleb128 0xb
ARM GAS  C:\Users\VIDEOH~1\AppData\Local\Temp\ccVVhiV5.s 			page 10


 396 0053 49       		.uleb128 0x49
 397 0054 13       		.uleb128 0x13
 398 0055 38       		.uleb128 0x38
 399 0056 0B       		.uleb128 0xb
 400 0057 00       		.byte	0
 401 0058 00       		.byte	0
 402 0059 08       		.uleb128 0x8
 403 005a 16       		.uleb128 0x16
 404 005b 00       		.byte	0
 405 005c 03       		.uleb128 0x3
 406 005d 0E       		.uleb128 0xe
 407 005e 3A       		.uleb128 0x3a
 408 005f 0B       		.uleb128 0xb
 409 0060 3B       		.uleb128 0x3b
 410 0061 0B       		.uleb128 0xb
 411 0062 49       		.uleb128 0x49
 412 0063 13       		.uleb128 0x13
 413 0064 00       		.byte	0
 414 0065 00       		.byte	0
 415 0066 09       		.uleb128 0x9
 416 0067 2E       		.uleb128 0x2e
 417 0068 00       		.byte	0
 418 0069 3F       		.uleb128 0x3f
 419 006a 19       		.uleb128 0x19
 420 006b 03       		.uleb128 0x3
 421 006c 0E       		.uleb128 0xe
 422 006d 3A       		.uleb128 0x3a
 423 006e 0B       		.uleb128 0xb
 424 006f 3B       		.uleb128 0x3b
 425 0070 0B       		.uleb128 0xb
 426 0071 27       		.uleb128 0x27
 427 0072 19       		.uleb128 0x19
 428 0073 20       		.uleb128 0x20
 429 0074 0B       		.uleb128 0xb
 430 0075 00       		.byte	0
 431 0076 00       		.byte	0
 432 0077 0A       		.uleb128 0xa
 433 0078 2E       		.uleb128 0x2e
 434 0079 01       		.byte	0x1
 435 007a 3F       		.uleb128 0x3f
 436 007b 19       		.uleb128 0x19
 437 007c 03       		.uleb128 0x3
 438 007d 0E       		.uleb128 0xe
 439 007e 3A       		.uleb128 0x3a
 440 007f 0B       		.uleb128 0xb
 441 0080 3B       		.uleb128 0x3b
 442 0081 0B       		.uleb128 0xb
 443 0082 27       		.uleb128 0x27
 444 0083 19       		.uleb128 0x19
 445 0084 11       		.uleb128 0x11
 446 0085 01       		.uleb128 0x1
 447 0086 12       		.uleb128 0x12
 448 0087 06       		.uleb128 0x6
 449 0088 40       		.uleb128 0x40
 450 0089 18       		.uleb128 0x18
 451 008a 9742     		.uleb128 0x2117
 452 008c 19       		.uleb128 0x19
ARM GAS  C:\Users\VIDEOH~1\AppData\Local\Temp\ccVVhiV5.s 			page 11


 453 008d 01       		.uleb128 0x1
 454 008e 13       		.uleb128 0x13
 455 008f 00       		.byte	0
 456 0090 00       		.byte	0
 457 0091 0B       		.uleb128 0xb
 458 0092 898201   		.uleb128 0x4109
 459 0095 00       		.byte	0
 460 0096 11       		.uleb128 0x11
 461 0097 01       		.uleb128 0x1
 462 0098 31       		.uleb128 0x31
 463 0099 13       		.uleb128 0x13
 464 009a 00       		.byte	0
 465 009b 00       		.byte	0
 466 009c 0C       		.uleb128 0xc
 467 009d 2E       		.uleb128 0x2e
 468 009e 00       		.byte	0
 469 009f 31       		.uleb128 0x31
 470 00a0 13       		.uleb128 0x13
 471 00a1 11       		.uleb128 0x11
 472 00a2 01       		.uleb128 0x1
 473 00a3 12       		.uleb128 0x12
 474 00a4 06       		.uleb128 0x6
 475 00a5 40       		.uleb128 0x40
 476 00a6 18       		.uleb128 0x18
 477 00a7 9742     		.uleb128 0x2117
 478 00a9 19       		.uleb128 0x19
 479 00aa 00       		.byte	0
 480 00ab 00       		.byte	0
 481 00ac 0D       		.uleb128 0xd
 482 00ad 34       		.uleb128 0x34
 483 00ae 00       		.byte	0
 484 00af 03       		.uleb128 0x3
 485 00b0 0E       		.uleb128 0xe
 486 00b1 3A       		.uleb128 0x3a
 487 00b2 0B       		.uleb128 0xb
 488 00b3 3B       		.uleb128 0x3b
 489 00b4 0B       		.uleb128 0xb
 490 00b5 49       		.uleb128 0x49
 491 00b6 13       		.uleb128 0x13
 492 00b7 02       		.uleb128 0x2
 493 00b8 18       		.uleb128 0x18
 494 00b9 00       		.byte	0
 495 00ba 00       		.byte	0
 496 00bb 0E       		.uleb128 0xe
 497 00bc 2E       		.uleb128 0x2e
 498 00bd 00       		.byte	0
 499 00be 3F       		.uleb128 0x3f
 500 00bf 19       		.uleb128 0x19
 501 00c0 3C       		.uleb128 0x3c
 502 00c1 19       		.uleb128 0x19
 503 00c2 6E       		.uleb128 0x6e
 504 00c3 0E       		.uleb128 0xe
 505 00c4 03       		.uleb128 0x3
 506 00c5 0E       		.uleb128 0xe
 507 00c6 3A       		.uleb128 0x3a
 508 00c7 0B       		.uleb128 0xb
 509 00c8 3B       		.uleb128 0x3b
ARM GAS  C:\Users\VIDEOH~1\AppData\Local\Temp\ccVVhiV5.s 			page 12


 510 00c9 05       		.uleb128 0x5
 511 00ca 00       		.byte	0
 512 00cb 00       		.byte	0
 513 00cc 00       		.byte	0
 514              		.section	.debug_aranges,"",%progbits
 515 0000 2C000000 		.4byte	0x2c
 516 0004 0200     		.2byte	0x2
 517 0006 00000000 		.4byte	.Ldebug_info0
 518 000a 04       		.byte	0x4
 519 000b 00       		.byte	0
 520 000c 0000     		.2byte	0
 521 000e 0000     		.2byte	0
 522 0010 00000000 		.4byte	.LFB1
 523 0014 20000000 		.4byte	.LFE1-.LFB1
 524 0018 00000000 		.4byte	.LFB2
 525 001c 02000000 		.4byte	.LFE2-.LFB2
 526 0020 00000000 		.4byte	.LFB3
 527 0024 14000000 		.4byte	.LFE3-.LFB3
 528 0028 00000000 		.4byte	0
 529 002c 00000000 		.4byte	0
 530              		.section	.debug_ranges,"",%progbits
 531              	.Ldebug_ranges0:
 532 0000 00000000 		.4byte	.LFB1
 533 0004 20000000 		.4byte	.LFE1
 534 0008 00000000 		.4byte	.LFB2
 535 000c 02000000 		.4byte	.LFE2
 536 0010 00000000 		.4byte	.LFB3
 537 0014 14000000 		.4byte	.LFE3
 538 0018 00000000 		.4byte	0
 539 001c 00000000 		.4byte	0
 540              		.section	.debug_line,"",%progbits
 541              	.Ldebug_line0:
 542 0000 B1000000 		.section	.debug_str,"MS",%progbits,1
 542      02007000 
 542      00000201 
 542      FB0E0D00 
 542      01010101 
 543              	.LASF6:
 544 0000 6C6F6E67 		.ascii	"long long int\000"
 544      206C6F6E 
 544      6720696E 
 544      7400
 545              	.LASF10:
 546 000e 75696E74 		.ascii	"uint32\000"
 546      333200
 547              	.LASF26:
 548 0015 656E6162 		.ascii	"enableState\000"
 548      6C655374 
 548      61746500 
 549              	.LASF8:
 550 0021 756E7369 		.ascii	"unsigned int\000"
 550      676E6564 
 550      20696E74 
 550      00
 551              	.LASF18:
 552 002e 46616E43 		.ascii	"FanController_FW_PWM1_RestoreConfig\000"
 552      6F6E7472 
ARM GAS  C:\Users\VIDEOH~1\AppData\Local\Temp\ccVVhiV5.s 			page 13


 552      6F6C6C65 
 552      725F4657 
 552      5F50574D 
 553              	.LASF23:
 554 0052 474E5520 		.ascii	"GNU C99 5.4.1 20160609 (release) [ARM/embedded-5-br"
 554      43393920 
 554      352E342E 
 554      31203230 
 554      31363036 
 555 0085 616E6368 		.ascii	"anch revision 237715] -mcpu=cortex-m0 -mthumb -g -O"
 555      20726576 
 555      6973696F 
 555      6E203233 
 555      37373135 
 556 00b8 73202D73 		.ascii	"s -std=gnu99 -ffunction-sections -ffat-lto-objects\000"
 556      74643D67 
 556      6E753939 
 556      202D6666 
 556      756E6374 
 557              	.LASF25:
 558 00eb 443A5C31 		.ascii	"D:\\1_work\\my_project\\ReloadPro\\psoc42boot\\Relo"
 558      5F776F72 
 558      6B5C6D79 
 558      5F70726F 
 558      6A656374 
 559 0119 61642050 		.ascii	"ad Pro.cydsn\000"
 559      726F2E63 
 559      7964736E 
 559      00
 560              	.LASF19:
 561 0126 46616E43 		.ascii	"FanController_FW_PWM1_Sleep\000"
 561      6F6E7472 
 561      6F6C6C65 
 561      725F4657 
 561      5F50574D 
 562              	.LASF27:
 563 0142 46616E43 		.ascii	"FanController_FW_PWM1_backup\000"
 563      6F6E7472 
 563      6F6C6C65 
 563      725F4657 
 563      5F50574D 
 564              	.LASF16:
 565 015f 46616E43 		.ascii	"FanController_FW_PWM1_BACKUP_STRUCT\000"
 565      6F6E7472 
 565      6F6C6C65 
 565      725F4657 
 565      5F50574D 
 566              	.LASF9:
 567 0183 75696E74 		.ascii	"uint8\000"
 567      3800
 568              	.LASF5:
 569 0189 6C6F6E67 		.ascii	"long unsigned int\000"
 569      20756E73 
 569      69676E65 
 569      6420696E 
 569      7400
 570              	.LASF7:
ARM GAS  C:\Users\VIDEOH~1\AppData\Local\Temp\ccVVhiV5.s 			page 14


 571 019b 6C6F6E67 		.ascii	"long long unsigned int\000"
 571      206C6F6E 
 571      6720756E 
 571      7369676E 
 571      65642069 
 572              	.LASF17:
 573 01b2 46616E43 		.ascii	"FanController_FW_PWM1_SaveConfig\000"
 573      6F6E7472 
 573      6F6C6C65 
 573      725F4657 
 573      5F50574D 
 574              	.LASF24:
 575 01d3 47656E65 		.ascii	"Generated_Source\\PSoC4\\FanController_FW_PWM1_PM.c"
 575      72617465 
 575      645F536F 
 575      75726365 
 575      5C50536F 
 576 0204 00       		.ascii	"\000"
 577              	.LASF20:
 578 0205 46616E43 		.ascii	"FanController_FW_PWM1_Wakeup\000"
 578      6F6E7472 
 578      6F6C6C65 
 578      725F4657 
 578      5F50574D 
 579              	.LASF1:
 580 0222 756E7369 		.ascii	"unsigned char\000"
 580      676E6564 
 580      20636861 
 580      7200
 581              	.LASF13:
 582 0230 63686172 		.ascii	"char\000"
 582      00
 583              	.LASF21:
 584 0235 46616E43 		.ascii	"FanController_FW_PWM1_Stop\000"
 584      6F6E7472 
 584      6F6C6C65 
 584      725F4657 
 584      5F50574D 
 585              	.LASF4:
 586 0250 6C6F6E67 		.ascii	"long int\000"
 586      20696E74 
 586      00
 587              	.LASF22:
 588 0259 46616E43 		.ascii	"FanController_FW_PWM1_Enable\000"
 588      6F6E7472 
 588      6F6C6C65 
 588      725F4657 
 588      5F50574D 
 589              	.LASF12:
 590 0276 646F7562 		.ascii	"double\000"
 590      6C6500
 591              	.LASF14:
 592 027d 72656733 		.ascii	"reg32\000"
 592      3200
 593              	.LASF3:
 594 0283 73686F72 		.ascii	"short unsigned int\000"
 594      7420756E 
ARM GAS  C:\Users\VIDEOH~1\AppData\Local\Temp\ccVVhiV5.s 			page 15


 594      7369676E 
 594      65642069 
 594      6E7400
 595              	.LASF0:
 596 0296 7369676E 		.ascii	"signed char\000"
 596      65642063 
 596      68617200 
 597              	.LASF11:
 598 02a2 666C6F61 		.ascii	"float\000"
 598      7400
 599              	.LASF2:
 600 02a8 73686F72 		.ascii	"short int\000"
 600      7420696E 
 600      7400
 601              	.LASF15:
 602 02b2 73697A65 		.ascii	"sizetype\000"
 602      74797065 
 602      00
 603              		.ident	"GCC: (GNU Tools for ARM Embedded Processors) 5.4.1 20160609 (release) [ARM/embedded-5-bran
