ARM GAS  C:\Users\VIDEOH~1\AppData\Local\Temp\ccaed08C.s 			page 1


   1              		.syntax unified
   2              		.cpu cortex-m0
   3              		.fpu softvfp
   4              		.eabi_attribute 20, 1
   5              		.eabi_attribute 21, 1
   6              		.eabi_attribute 23, 3
   7              		.eabi_attribute 24, 1
   8              		.eabi_attribute 25, 1
   9              		.eabi_attribute 26, 1
  10              		.eabi_attribute 30, 4
  11              		.eabi_attribute 34, 0
  12              		.eabi_attribute 18, 4
  13              		.thumb
  14              		.syntax unified
  15              		.file	"Opamp.c"
  16              		.text
  17              	.Ltext0:
  18              		.cfi_sections	.debug_frame
  19              		.section	.text.Opamp_Init,"ax",%progbits
  20              		.align	1
  21              		.global	Opamp_Init
  22              		.code	16
  23              		.thumb_func
  24              		.type	Opamp_Init, %function
  25              	Opamp_Init:
  26              	.LFB0:
  27              		.file 1 "Generated_Source\\PSoC4\\Opamp.c"
   1:Generated_Source\PSoC4/Opamp.c **** /*******************************************************************************
   2:Generated_Source\PSoC4/Opamp.c **** * File Name: Opamp.c
   3:Generated_Source\PSoC4/Opamp.c **** * Version 1.20
   4:Generated_Source\PSoC4/Opamp.c **** *
   5:Generated_Source\PSoC4/Opamp.c **** * Description:
   6:Generated_Source\PSoC4/Opamp.c **** *  This file provides the source code to the API for the Opamp (Analog Buffer)
   7:Generated_Source\PSoC4/Opamp.c **** *  Component.
   8:Generated_Source\PSoC4/Opamp.c **** *
   9:Generated_Source\PSoC4/Opamp.c **** *
  10:Generated_Source\PSoC4/Opamp.c **** ********************************************************************************
  11:Generated_Source\PSoC4/Opamp.c **** * Copyright 2013-2015, Cypress Semiconductor Corporation.  All rights reserved.
  12:Generated_Source\PSoC4/Opamp.c **** * You may use this file only in accordance with the license, terms, conditions,
  13:Generated_Source\PSoC4/Opamp.c **** * disclaimers, and limitations in the end user license agreement accompanying
  14:Generated_Source\PSoC4/Opamp.c **** * the software package with which this file was provided.
  15:Generated_Source\PSoC4/Opamp.c **** *******************************************************************************/
  16:Generated_Source\PSoC4/Opamp.c **** 
  17:Generated_Source\PSoC4/Opamp.c **** #include "Opamp.h"
  18:Generated_Source\PSoC4/Opamp.c **** 
  19:Generated_Source\PSoC4/Opamp.c **** uint8 Opamp_initVar = 0u; /* Defines if component was initialized */
  20:Generated_Source\PSoC4/Opamp.c **** static uint32 Opamp_internalPower = 0u; /* Defines component Power value */
  21:Generated_Source\PSoC4/Opamp.c **** 
  22:Generated_Source\PSoC4/Opamp.c **** 
  23:Generated_Source\PSoC4/Opamp.c **** /*******************************************************************************
  24:Generated_Source\PSoC4/Opamp.c **** * Function Name: Opamp_Init
  25:Generated_Source\PSoC4/Opamp.c **** ********************************************************************************
  26:Generated_Source\PSoC4/Opamp.c **** *
  27:Generated_Source\PSoC4/Opamp.c **** * Summary:
  28:Generated_Source\PSoC4/Opamp.c **** *  Initializes or restores the component according to the customizer Configure 
  29:Generated_Source\PSoC4/Opamp.c **** *  dialog settings. It is not necessary to call Init() because the Start() API 
  30:Generated_Source\PSoC4/Opamp.c **** *  calls this function and is the preferred method to begin the component operation.
ARM GAS  C:\Users\VIDEOH~1\AppData\Local\Temp\ccaed08C.s 			page 2


  31:Generated_Source\PSoC4/Opamp.c **** *
  32:Generated_Source\PSoC4/Opamp.c **** * Parameters:
  33:Generated_Source\PSoC4/Opamp.c **** *  None
  34:Generated_Source\PSoC4/Opamp.c **** *
  35:Generated_Source\PSoC4/Opamp.c **** * Return:
  36:Generated_Source\PSoC4/Opamp.c **** *  None
  37:Generated_Source\PSoC4/Opamp.c **** *
  38:Generated_Source\PSoC4/Opamp.c **** *******************************************************************************/
  39:Generated_Source\PSoC4/Opamp.c **** void Opamp_Init(void)
  40:Generated_Source\PSoC4/Opamp.c **** {
  28              		.loc 1 40 0
  29              		.cfi_startproc
  30              		@ args = 0, pretend = 0, frame = 0
  31              		@ frame_needed = 0, uses_anonymous_args = 0
  32              		@ link register save eliminated.
  41:Generated_Source\PSoC4/Opamp.c ****     Opamp_internalPower = Opamp_POWER;
  33              		.loc 1 41 0
  34 0000 0322     		movs	r2, #3
  35 0002 064B     		ldr	r3, .L2
  42:Generated_Source\PSoC4/Opamp.c ****     Opamp_CTB_CTRL_REG = Opamp_DEFAULT_CTB_CTRL;
  43:Generated_Source\PSoC4/Opamp.c ****     Opamp_OA_RES_CTRL_REG = Opamp_DEFAULT_OA_RES_CTRL;
  44:Generated_Source\PSoC4/Opamp.c ****     Opamp_OA_COMP_TRIM_REG = Opamp_DEFAULT_OA_COMP_TRIM_REG;
  45:Generated_Source\PSoC4/Opamp.c **** }
  36              		.loc 1 45 0
  37              		@ sp needed
  41:Generated_Source\PSoC4/Opamp.c ****     Opamp_internalPower = Opamp_POWER;
  38              		.loc 1 41 0
  39 0004 1A60     		str	r2, [r3]
  42:Generated_Source\PSoC4/Opamp.c ****     Opamp_CTB_CTRL_REG = Opamp_DEFAULT_CTB_CTRL;
  40              		.loc 1 42 0
  41 0006 8022     		movs	r2, #128
  42 0008 054B     		ldr	r3, .L2+4
  43 000a 1206     		lsls	r2, r2, #24
  44 000c 1A60     		str	r2, [r3]
  43:Generated_Source\PSoC4/Opamp.c ****     Opamp_OA_COMP_TRIM_REG = Opamp_DEFAULT_OA_COMP_TRIM_REG;
  45              		.loc 1 43 0
  46 000e 0422     		movs	r2, #4
  47 0010 044B     		ldr	r3, .L2+8
  48 0012 1A60     		str	r2, [r3]
  44:Generated_Source\PSoC4/Opamp.c **** }
  49              		.loc 1 44 0
  50 0014 044B     		ldr	r3, .L2+12
  51 0016 033A     		subs	r2, r2, #3
  52 0018 1A60     		str	r2, [r3]
  53              		.loc 1 45 0
  54 001a 7047     		bx	lr
  55              	.L3:
  56              		.align	2
  57              	.L2:
  58 001c 00000000 		.word	.LANCHOR0
  59 0020 00001040 		.word	1074790400
  60 0024 04001040 		.word	1074790404
  61 0028 080F1040 		.word	1074794248
  62              		.cfi_endproc
  63              	.LFE0:
  64              		.size	Opamp_Init, .-Opamp_Init
  65              		.section	.text.Opamp_Enable,"ax",%progbits
ARM GAS  C:\Users\VIDEOH~1\AppData\Local\Temp\ccaed08C.s 			page 3


  66              		.align	1
  67              		.global	Opamp_Enable
  68              		.code	16
  69              		.thumb_func
  70              		.type	Opamp_Enable, %function
  71              	Opamp_Enable:
  72              	.LFB1:
  46:Generated_Source\PSoC4/Opamp.c **** 
  47:Generated_Source\PSoC4/Opamp.c **** 
  48:Generated_Source\PSoC4/Opamp.c **** /*******************************************************************************
  49:Generated_Source\PSoC4/Opamp.c **** * Function Name: Opamp_Enable
  50:Generated_Source\PSoC4/Opamp.c **** ********************************************************************************
  51:Generated_Source\PSoC4/Opamp.c **** *
  52:Generated_Source\PSoC4/Opamp.c **** * Summary:
  53:Generated_Source\PSoC4/Opamp.c **** *  Activates the hardware and begins the component operation. It is not necessary to 
  54:Generated_Source\PSoC4/Opamp.c **** *  call Enable() because the Start() API calls this function, which is the 
  55:Generated_Source\PSoC4/Opamp.c **** *  preferred method to begin the component operation.
  56:Generated_Source\PSoC4/Opamp.c **** *
  57:Generated_Source\PSoC4/Opamp.c **** * Parameters:
  58:Generated_Source\PSoC4/Opamp.c **** *  None
  59:Generated_Source\PSoC4/Opamp.c **** *
  60:Generated_Source\PSoC4/Opamp.c **** * Return:
  61:Generated_Source\PSoC4/Opamp.c **** *  None
  62:Generated_Source\PSoC4/Opamp.c **** *
  63:Generated_Source\PSoC4/Opamp.c **** *******************************************************************************/
  64:Generated_Source\PSoC4/Opamp.c **** void Opamp_Enable(void)
  65:Generated_Source\PSoC4/Opamp.c **** {
  73              		.loc 1 65 0
  74              		.cfi_startproc
  75              		@ args = 0, pretend = 0, frame = 0
  76              		@ frame_needed = 0, uses_anonymous_args = 0
  77              		@ link register save eliminated.
  66:Generated_Source\PSoC4/Opamp.c ****     Opamp_OA_RES_CTRL_REG |= Opamp_internalPower | \
  78              		.loc 1 66 0
  79 0000 044A     		ldr	r2, .L5
  80 0002 054B     		ldr	r3, .L5+4
  81 0004 1168     		ldr	r1, [r2]
  82 0006 1B68     		ldr	r3, [r3]
  67:Generated_Source\PSoC4/Opamp.c ****                                         Opamp_OA_PUMP_EN;
  68:Generated_Source\PSoC4/Opamp.c **** }
  83              		.loc 1 68 0
  84              		@ sp needed
  66:Generated_Source\PSoC4/Opamp.c ****     Opamp_OA_RES_CTRL_REG |= Opamp_internalPower | \
  85              		.loc 1 66 0
  86 0008 0B43     		orrs	r3, r1
  87 000a 8021     		movs	r1, #128
  88 000c 0901     		lsls	r1, r1, #4
  89 000e 0B43     		orrs	r3, r1
  90 0010 1360     		str	r3, [r2]
  91              		.loc 1 68 0
  92 0012 7047     		bx	lr
  93              	.L6:
  94              		.align	2
  95              	.L5:
  96 0014 04001040 		.word	1074790404
  97 0018 00000000 		.word	.LANCHOR0
  98              		.cfi_endproc
ARM GAS  C:\Users\VIDEOH~1\AppData\Local\Temp\ccaed08C.s 			page 4


  99              	.LFE1:
 100              		.size	Opamp_Enable, .-Opamp_Enable
 101              		.section	.text.Opamp_Start,"ax",%progbits
 102              		.align	1
 103              		.global	Opamp_Start
 104              		.code	16
 105              		.thumb_func
 106              		.type	Opamp_Start, %function
 107              	Opamp_Start:
 108              	.LFB2:
  69:Generated_Source\PSoC4/Opamp.c **** 
  70:Generated_Source\PSoC4/Opamp.c **** 
  71:Generated_Source\PSoC4/Opamp.c **** /*******************************************************************************
  72:Generated_Source\PSoC4/Opamp.c **** * Function Name: Opamp_Start
  73:Generated_Source\PSoC4/Opamp.c **** ********************************************************************************
  74:Generated_Source\PSoC4/Opamp.c **** *
  75:Generated_Source\PSoC4/Opamp.c **** * Summary:
  76:Generated_Source\PSoC4/Opamp.c **** *  Performs all of the required initialization for the component and enables power 
  77:Generated_Source\PSoC4/Opamp.c **** *  to the block. The first time the routine is executed, the Power level, Mode, 
  78:Generated_Source\PSoC4/Opamp.c **** *  and Output mode are set. When called to restart the Opamp following a Stop() call, 
  79:Generated_Source\PSoC4/Opamp.c **** *  the current component parameter settings are retained.
  80:Generated_Source\PSoC4/Opamp.c **** *
  81:Generated_Source\PSoC4/Opamp.c **** * Parameters:
  82:Generated_Source\PSoC4/Opamp.c **** *  None
  83:Generated_Source\PSoC4/Opamp.c **** *
  84:Generated_Source\PSoC4/Opamp.c **** * Return:
  85:Generated_Source\PSoC4/Opamp.c **** *  None
  86:Generated_Source\PSoC4/Opamp.c **** *
  87:Generated_Source\PSoC4/Opamp.c **** * Global variables:
  88:Generated_Source\PSoC4/Opamp.c **** *  Opamp_initVar: Used to check the initial configuration, modified
  89:Generated_Source\PSoC4/Opamp.c **** *  when this function is called for the first time.
  90:Generated_Source\PSoC4/Opamp.c **** *
  91:Generated_Source\PSoC4/Opamp.c **** *******************************************************************************/
  92:Generated_Source\PSoC4/Opamp.c **** void Opamp_Start(void)
  93:Generated_Source\PSoC4/Opamp.c **** {
 109              		.loc 1 93 0
 110              		.cfi_startproc
 111              		@ args = 0, pretend = 0, frame = 0
 112              		@ frame_needed = 0, uses_anonymous_args = 0
 113 0000 10B5     		push	{r4, lr}
 114              		.cfi_def_cfa_offset 8
 115              		.cfi_offset 4, -8
 116              		.cfi_offset 14, -4
  94:Generated_Source\PSoC4/Opamp.c ****     if( 0u == Opamp_initVar)
 117              		.loc 1 94 0
 118 0002 054C     		ldr	r4, .L10
 119 0004 2379     		ldrb	r3, [r4, #4]
 120 0006 002B     		cmp	r3, #0
 121 0008 03D1     		bne	.L8
  95:Generated_Source\PSoC4/Opamp.c ****     {
  96:Generated_Source\PSoC4/Opamp.c ****         Opamp_Init();
 122              		.loc 1 96 0
 123 000a FFF7FEFF 		bl	Opamp_Init
 124              	.LVL0:
  97:Generated_Source\PSoC4/Opamp.c ****         Opamp_initVar = 1u;
 125              		.loc 1 97 0
 126 000e 0123     		movs	r3, #1
ARM GAS  C:\Users\VIDEOH~1\AppData\Local\Temp\ccaed08C.s 			page 5


 127 0010 2371     		strb	r3, [r4, #4]
 128              	.L8:
  98:Generated_Source\PSoC4/Opamp.c ****     }
  99:Generated_Source\PSoC4/Opamp.c ****     Opamp_Enable();
 129              		.loc 1 99 0
 130 0012 FFF7FEFF 		bl	Opamp_Enable
 131              	.LVL1:
 100:Generated_Source\PSoC4/Opamp.c **** }
 132              		.loc 1 100 0
 133              		@ sp needed
 134 0016 10BD     		pop	{r4, pc}
 135              	.L11:
 136              		.align	2
 137              	.L10:
 138 0018 00000000 		.word	.LANCHOR0
 139              		.cfi_endproc
 140              	.LFE2:
 141              		.size	Opamp_Start, .-Opamp_Start
 142              		.section	.text.Opamp_Stop,"ax",%progbits
 143              		.align	1
 144              		.global	Opamp_Stop
 145              		.code	16
 146              		.thumb_func
 147              		.type	Opamp_Stop, %function
 148              	Opamp_Stop:
 149              	.LFB3:
 101:Generated_Source\PSoC4/Opamp.c **** 
 102:Generated_Source\PSoC4/Opamp.c **** 
 103:Generated_Source\PSoC4/Opamp.c **** /*******************************************************************************
 104:Generated_Source\PSoC4/Opamp.c **** * Function Name: Opamp_Stop
 105:Generated_Source\PSoC4/Opamp.c **** ********************************************************************************
 106:Generated_Source\PSoC4/Opamp.c **** *
 107:Generated_Source\PSoC4/Opamp.c **** * Summary:
 108:Generated_Source\PSoC4/Opamp.c **** *  Turn off the Opamp block.
 109:Generated_Source\PSoC4/Opamp.c **** *
 110:Generated_Source\PSoC4/Opamp.c **** * Parameters:
 111:Generated_Source\PSoC4/Opamp.c **** *  None
 112:Generated_Source\PSoC4/Opamp.c **** *
 113:Generated_Source\PSoC4/Opamp.c **** * Return:
 114:Generated_Source\PSoC4/Opamp.c **** *  None
 115:Generated_Source\PSoC4/Opamp.c **** *
 116:Generated_Source\PSoC4/Opamp.c **** *******************************************************************************/
 117:Generated_Source\PSoC4/Opamp.c **** void Opamp_Stop(void)
 118:Generated_Source\PSoC4/Opamp.c **** {
 150              		.loc 1 118 0
 151              		.cfi_startproc
 152              		@ args = 0, pretend = 0, frame = 0
 153              		@ frame_needed = 0, uses_anonymous_args = 0
 154              		@ link register save eliminated.
 119:Generated_Source\PSoC4/Opamp.c ****     Opamp_OA_RES_CTRL_REG &= ((uint32)~(Opamp_OA_PWR_MODE_MASK | \
 155              		.loc 1 119 0
 156 0000 024A     		ldr	r2, .L13
 157 0002 034B     		ldr	r3, .L13+4
 158 0004 1168     		ldr	r1, [r2]
 120:Generated_Source\PSoC4/Opamp.c ****                                                    Opamp_OA_PUMP_EN));
 121:Generated_Source\PSoC4/Opamp.c **** }
 159              		.loc 1 121 0
ARM GAS  C:\Users\VIDEOH~1\AppData\Local\Temp\ccaed08C.s 			page 6


 160              		@ sp needed
 119:Generated_Source\PSoC4/Opamp.c ****     Opamp_OA_RES_CTRL_REG &= ((uint32)~(Opamp_OA_PWR_MODE_MASK | \
 161              		.loc 1 119 0
 162 0006 0B40     		ands	r3, r1
 163 0008 1360     		str	r3, [r2]
 164              		.loc 1 121 0
 165 000a 7047     		bx	lr
 166              	.L14:
 167              		.align	2
 168              	.L13:
 169 000c 04001040 		.word	1074790404
 170 0010 FCF7FFFF 		.word	-2052
 171              		.cfi_endproc
 172              	.LFE3:
 173              		.size	Opamp_Stop, .-Opamp_Stop
 174              		.section	.text.Opamp_SetPower,"ax",%progbits
 175              		.align	1
 176              		.global	Opamp_SetPower
 177              		.code	16
 178              		.thumb_func
 179              		.type	Opamp_SetPower, %function
 180              	Opamp_SetPower:
 181              	.LFB4:
 122:Generated_Source\PSoC4/Opamp.c **** 
 123:Generated_Source\PSoC4/Opamp.c **** 
 124:Generated_Source\PSoC4/Opamp.c **** /*******************************************************************************
 125:Generated_Source\PSoC4/Opamp.c **** * Function Name: Opamp_SetPower
 126:Generated_Source\PSoC4/Opamp.c **** ********************************************************************************
 127:Generated_Source\PSoC4/Opamp.c **** *
 128:Generated_Source\PSoC4/Opamp.c **** * Summary:
 129:Generated_Source\PSoC4/Opamp.c **** *  Sets the Opamp to one of the three power levels.
 130:Generated_Source\PSoC4/Opamp.c **** *
 131:Generated_Source\PSoC4/Opamp.c **** * Parameters:
 132:Generated_Source\PSoC4/Opamp.c **** *  power: power levels.
 133:Generated_Source\PSoC4/Opamp.c **** *   Opamp_LOW_POWER - Lowest active power
 134:Generated_Source\PSoC4/Opamp.c **** *   Opamp_MED_POWER - Medium power
 135:Generated_Source\PSoC4/Opamp.c **** *   Opamp_HIGH_POWER - Highest active power
 136:Generated_Source\PSoC4/Opamp.c **** *
 137:Generated_Source\PSoC4/Opamp.c **** * Return:
 138:Generated_Source\PSoC4/Opamp.c **** *  None
 139:Generated_Source\PSoC4/Opamp.c **** *
 140:Generated_Source\PSoC4/Opamp.c **** **********************************************************************************/
 141:Generated_Source\PSoC4/Opamp.c **** void Opamp_SetPower(uint32 power)
 142:Generated_Source\PSoC4/Opamp.c **** {
 182              		.loc 1 142 0
 183              		.cfi_startproc
 184              		@ args = 0, pretend = 0, frame = 0
 185              		@ frame_needed = 0, uses_anonymous_args = 0
 186              		@ link register save eliminated.
 187              	.LVL2:
 143:Generated_Source\PSoC4/Opamp.c ****     uint32 tmp;
 144:Generated_Source\PSoC4/Opamp.c ****     
 145:Generated_Source\PSoC4/Opamp.c ****     Opamp_internalPower = Opamp_GET_OA_PWR_MODE(power);
 188              		.loc 1 145 0
 189 0000 0321     		movs	r1, #3
 190 0002 044B     		ldr	r3, .L16
 191 0004 0840     		ands	r0, r1
ARM GAS  C:\Users\VIDEOH~1\AppData\Local\Temp\ccaed08C.s 			page 7


 192              	.LVL3:
 146:Generated_Source\PSoC4/Opamp.c ****     tmp = Opamp_OA_RES_CTRL_REG & \
 193              		.loc 1 146 0
 194 0006 044A     		ldr	r2, .L16+4
 145:Generated_Source\PSoC4/Opamp.c ****     tmp = Opamp_OA_RES_CTRL_REG & \
 195              		.loc 1 145 0
 196 0008 1860     		str	r0, [r3]
 197              		.loc 1 146 0
 198 000a 1368     		ldr	r3, [r2]
 199              	.LVL4:
 147:Generated_Source\PSoC4/Opamp.c ****            (uint32)~Opamp_OA_PWR_MODE_MASK;
 148:Generated_Source\PSoC4/Opamp.c ****     Opamp_OA_RES_CTRL_REG = tmp | Opamp_internalPower;
 149:Generated_Source\PSoC4/Opamp.c **** }
 200              		.loc 1 149 0
 201              		@ sp needed
 148:Generated_Source\PSoC4/Opamp.c **** }
 202              		.loc 1 148 0
 203 000c 8B43     		bics	r3, r1
 204              	.LVL5:
 205 000e 1843     		orrs	r0, r3
 206 0010 1060     		str	r0, [r2]
 207              		.loc 1 149 0
 208 0012 7047     		bx	lr
 209              	.L17:
 210              		.align	2
 211              	.L16:
 212 0014 00000000 		.word	.LANCHOR0
 213 0018 04001040 		.word	1074790404
 214              		.cfi_endproc
 215              	.LFE4:
 216              		.size	Opamp_SetPower, .-Opamp_SetPower
 217              		.section	.text.Opamp_PumpControl,"ax",%progbits
 218              		.align	1
 219              		.global	Opamp_PumpControl
 220              		.code	16
 221              		.thumb_func
 222              		.type	Opamp_PumpControl, %function
 223              	Opamp_PumpControl:
 224              	.LFB5:
 150:Generated_Source\PSoC4/Opamp.c **** 
 151:Generated_Source\PSoC4/Opamp.c **** 
 152:Generated_Source\PSoC4/Opamp.c **** /*******************************************************************************
 153:Generated_Source\PSoC4/Opamp.c **** * Function Name: Opamp_PumpControl
 154:Generated_Source\PSoC4/Opamp.c **** ********************************************************************************
 155:Generated_Source\PSoC4/Opamp.c **** *
 156:Generated_Source\PSoC4/Opamp.c **** * Summary:
 157:Generated_Source\PSoC4/Opamp.c **** *  Allows the user to turn the Opamp's boost pump on or off. By Default the Start() 
 158:Generated_Source\PSoC4/Opamp.c **** *  function turns on the pump. Use this API to turn it off. The boost must be 
 159:Generated_Source\PSoC4/Opamp.c **** *  turned on when the supply is less than 2.7 volts and off if the supply is more 
 160:Generated_Source\PSoC4/Opamp.c **** *  than 4 volts.
 161:Generated_Source\PSoC4/Opamp.c **** *
 162:Generated_Source\PSoC4/Opamp.c **** * Parameters:
 163:Generated_Source\PSoC4/Opamp.c **** *  onOff: Control the pump.
 164:Generated_Source\PSoC4/Opamp.c **** *   Opamp_PUMP_OFF - Turn off the pump
 165:Generated_Source\PSoC4/Opamp.c **** *   Opamp_PUMP_ON - Turn on the pump
 166:Generated_Source\PSoC4/Opamp.c **** *
 167:Generated_Source\PSoC4/Opamp.c **** * Return:
ARM GAS  C:\Users\VIDEOH~1\AppData\Local\Temp\ccaed08C.s 			page 8


 168:Generated_Source\PSoC4/Opamp.c **** *  None
 169:Generated_Source\PSoC4/Opamp.c **** *
 170:Generated_Source\PSoC4/Opamp.c **** **********************************************************************************/
 171:Generated_Source\PSoC4/Opamp.c **** void Opamp_PumpControl(uint32 onOff)
 172:Generated_Source\PSoC4/Opamp.c **** {
 225              		.loc 1 172 0
 226              		.cfi_startproc
 227              		@ args = 0, pretend = 0, frame = 0
 228              		@ frame_needed = 0, uses_anonymous_args = 0
 229              		@ link register save eliminated.
 230              	.LVL6:
 231 0000 064B     		ldr	r3, .L22
 173:Generated_Source\PSoC4/Opamp.c ****     
 174:Generated_Source\PSoC4/Opamp.c ****     if(0u != onOff)
 232              		.loc 1 174 0
 233 0002 0028     		cmp	r0, #0
 234 0004 04D0     		beq	.L19
 175:Generated_Source\PSoC4/Opamp.c ****     {
 176:Generated_Source\PSoC4/Opamp.c ****         Opamp_OA_RES_CTRL |= Opamp_OA_PUMP_EN;    
 235              		.loc 1 176 0
 236 0006 8021     		movs	r1, #128
 237 0008 1A68     		ldr	r2, [r3]
 238 000a 0901     		lsls	r1, r1, #4
 239 000c 0A43     		orrs	r2, r1
 240 000e 02E0     		b	.L21
 241              	.L19:
 177:Generated_Source\PSoC4/Opamp.c ****     }
 178:Generated_Source\PSoC4/Opamp.c ****     else
 179:Generated_Source\PSoC4/Opamp.c ****     {
 180:Generated_Source\PSoC4/Opamp.c ****         Opamp_OA_RES_CTRL &= (uint32)~Opamp_OA_PUMP_EN;
 242              		.loc 1 180 0
 243 0010 1968     		ldr	r1, [r3]
 244 0012 034A     		ldr	r2, .L22+4
 245 0014 0A40     		ands	r2, r1
 246              	.L21:
 247 0016 1A60     		str	r2, [r3]
 181:Generated_Source\PSoC4/Opamp.c ****     }
 182:Generated_Source\PSoC4/Opamp.c **** }
 248              		.loc 1 182 0
 249              		@ sp needed
 250 0018 7047     		bx	lr
 251              	.L23:
 252 001a C046     		.align	2
 253              	.L22:
 254 001c 04001040 		.word	1074790404
 255 0020 FFF7FFFF 		.word	-2049
 256              		.cfi_endproc
 257              	.LFE5:
 258              		.size	Opamp_PumpControl, .-Opamp_PumpControl
 259              		.global	Opamp_initVar
 260              		.bss
 261              		.align	2
 262              		.set	.LANCHOR0,. + 0
 263              		.type	Opamp_internalPower, %object
 264              		.size	Opamp_internalPower, 4
 265              	Opamp_internalPower:
 266 0000 00000000 		.space	4
ARM GAS  C:\Users\VIDEOH~1\AppData\Local\Temp\ccaed08C.s 			page 9


 267              		.type	Opamp_initVar, %object
 268              		.size	Opamp_initVar, 1
 269              	Opamp_initVar:
 270 0004 00       		.space	1
 271              		.text
 272              	.Letext0:
 273              		.file 2 "Generated_Source\\PSoC4\\cytypes.h"
 274              		.section	.debug_info,"",%progbits
 275              	.Ldebug_info0:
 276 0000 7A010000 		.4byte	0x17a
 277 0004 0400     		.2byte	0x4
 278 0006 00000000 		.4byte	.Ldebug_abbrev0
 279 000a 04       		.byte	0x4
 280 000b 01       		.uleb128 0x1
 281 000c 11010000 		.4byte	.LASF24
 282 0010 0C       		.byte	0xc
 283 0011 F2000000 		.4byte	.LASF25
 284 0015 06000000 		.4byte	.LASF26
 285 0019 00000000 		.4byte	.Ldebug_ranges0+0
 286 001d 00000000 		.4byte	0
 287 0021 00000000 		.4byte	.Ldebug_line0
 288 0025 02       		.uleb128 0x2
 289 0026 01       		.byte	0x1
 290 0027 06       		.byte	0x6
 291 0028 03020000 		.4byte	.LASF0
 292 002c 02       		.uleb128 0x2
 293 002d 01       		.byte	0x1
 294 002e 08       		.byte	0x8
 295 002f 7C000000 		.4byte	.LASF1
 296 0033 02       		.uleb128 0x2
 297 0034 02       		.byte	0x2
 298 0035 05       		.byte	0x5
 299 0036 EA010000 		.4byte	.LASF2
 300 003a 02       		.uleb128 0x2
 301 003b 02       		.byte	0x2
 302 003c 07       		.byte	0x7
 303 003d A2000000 		.4byte	.LASF3
 304 0041 02       		.uleb128 0x2
 305 0042 04       		.byte	0x4
 306 0043 05       		.byte	0x5
 307 0044 FA010000 		.4byte	.LASF4
 308 0048 02       		.uleb128 0x2
 309 0049 04       		.byte	0x4
 310 004a 07       		.byte	0x7
 311 004b 90000000 		.4byte	.LASF5
 312 004f 02       		.uleb128 0x2
 313 0050 08       		.byte	0x8
 314 0051 05       		.byte	0x5
 315 0052 AA010000 		.4byte	.LASF6
 316 0056 02       		.uleb128 0x2
 317 0057 08       		.byte	0x8
 318 0058 07       		.byte	0x7
 319 0059 D0000000 		.4byte	.LASF7
 320 005d 03       		.uleb128 0x3
 321 005e 04       		.byte	0x4
 322 005f 05       		.byte	0x5
 323 0060 696E7400 		.ascii	"int\000"
ARM GAS  C:\Users\VIDEOH~1\AppData\Local\Temp\ccaed08C.s 			page 10


 324 0064 02       		.uleb128 0x2
 325 0065 04       		.byte	0x4
 326 0066 07       		.byte	0x7
 327 0067 C3000000 		.4byte	.LASF8
 328 006b 04       		.uleb128 0x4
 329 006c F4010000 		.4byte	.LASF9
 330 0070 02       		.byte	0x2
 331 0071 E401     		.2byte	0x1e4
 332 0073 2C000000 		.4byte	0x2c
 333 0077 04       		.uleb128 0x4
 334 0078 BC000000 		.4byte	.LASF10
 335 007c 02       		.byte	0x2
 336 007d E601     		.2byte	0x1e6
 337 007f 48000000 		.4byte	0x48
 338 0083 02       		.uleb128 0x2
 339 0084 04       		.byte	0x4
 340 0085 04       		.byte	0x4
 341 0086 68000000 		.4byte	.LASF11
 342 008a 02       		.uleb128 0x2
 343 008b 08       		.byte	0x8
 344 008c 04       		.byte	0x4
 345 008d B5000000 		.4byte	.LASF12
 346 0091 02       		.uleb128 0x2
 347 0092 01       		.byte	0x1
 348 0093 08       		.byte	0x8
 349 0094 CC010000 		.4byte	.LASF13
 350 0098 04       		.uleb128 0x4
 351 0099 00000000 		.4byte	.LASF14
 352 009d 02       		.byte	0x2
 353 009e 9002     		.2byte	0x290
 354 00a0 A4000000 		.4byte	0xa4
 355 00a4 05       		.uleb128 0x5
 356 00a5 77000000 		.4byte	0x77
 357 00a9 06       		.uleb128 0x6
 358 00aa E7000000 		.4byte	.LASF15
 359 00ae 01       		.byte	0x1
 360 00af 27       		.byte	0x27
 361 00b0 00000000 		.4byte	.LFB0
 362 00b4 2C000000 		.4byte	.LFE0-.LFB0
 363 00b8 01       		.uleb128 0x1
 364 00b9 9C       		.byte	0x9c
 365 00ba 06       		.uleb128 0x6
 366 00bb D1010000 		.4byte	.LASF16
 367 00bf 01       		.byte	0x1
 368 00c0 40       		.byte	0x40
 369 00c1 00000000 		.4byte	.LFB1
 370 00c5 1C000000 		.4byte	.LFE1-.LFB1
 371 00c9 01       		.uleb128 0x1
 372 00ca 9C       		.byte	0x9c
 373 00cb 07       		.uleb128 0x7
 374 00cc DE010000 		.4byte	.LASF18
 375 00d0 01       		.byte	0x1
 376 00d1 5C       		.byte	0x5c
 377 00d2 00000000 		.4byte	.LFB2
 378 00d6 1C000000 		.4byte	.LFE2-.LFB2
 379 00da 01       		.uleb128 0x1
 380 00db 9C       		.byte	0x9c
ARM GAS  C:\Users\VIDEOH~1\AppData\Local\Temp\ccaed08C.s 			page 11


 381 00dc F3000000 		.4byte	0xf3
 382 00e0 08       		.uleb128 0x8
 383 00e1 0E000000 		.4byte	.LVL0
 384 00e5 A9000000 		.4byte	0xa9
 385 00e9 08       		.uleb128 0x8
 386 00ea 16000000 		.4byte	.LVL1
 387 00ee BA000000 		.4byte	0xba
 388 00f2 00       		.byte	0
 389 00f3 06       		.uleb128 0x6
 390 00f4 0F020000 		.4byte	.LASF17
 391 00f8 01       		.byte	0x1
 392 00f9 75       		.byte	0x75
 393 00fa 00000000 		.4byte	.LFB3
 394 00fe 14000000 		.4byte	.LFE3-.LFB3
 395 0102 01       		.uleb128 0x1
 396 0103 9C       		.byte	0x9c
 397 0104 07       		.uleb128 0x7
 398 0105 47000000 		.4byte	.LASF19
 399 0109 01       		.byte	0x1
 400 010a 8D       		.byte	0x8d
 401 010b 00000000 		.4byte	.LFB4
 402 010f 1C000000 		.4byte	.LFE4-.LFB4
 403 0113 01       		.uleb128 0x1
 404 0114 9C       		.byte	0x9c
 405 0115 38010000 		.4byte	0x138
 406 0119 09       		.uleb128 0x9
 407 011a 41000000 		.4byte	.LASF21
 408 011e 01       		.byte	0x1
 409 011f 8D       		.byte	0x8d
 410 0120 77000000 		.4byte	0x77
 411 0124 00000000 		.4byte	.LLST0
 412 0128 0A       		.uleb128 0xa
 413 0129 746D7000 		.ascii	"tmp\000"
 414 012d 01       		.byte	0x1
 415 012e 8F       		.byte	0x8f
 416 012f 77000000 		.4byte	0x77
 417 0133 21000000 		.4byte	.LLST1
 418 0137 00       		.byte	0
 419 0138 07       		.uleb128 0x7
 420 0139 56000000 		.4byte	.LASF20
 421 013d 01       		.byte	0x1
 422 013e AB       		.byte	0xab
 423 013f 00000000 		.4byte	.LFB5
 424 0143 24000000 		.4byte	.LFE5-.LFB5
 425 0147 01       		.uleb128 0x1
 426 0148 9C       		.byte	0x9c
 427 0149 5B010000 		.4byte	0x15b
 428 014d 0B       		.uleb128 0xb
 429 014e 8A000000 		.4byte	.LASF22
 430 0152 01       		.byte	0x1
 431 0153 AB       		.byte	0xab
 432 0154 77000000 		.4byte	0x77
 433 0158 01       		.uleb128 0x1
 434 0159 50       		.byte	0x50
 435 015a 00       		.byte	0
 436 015b 0C       		.uleb128 0xc
 437 015c B8010000 		.4byte	.LASF23
ARM GAS  C:\Users\VIDEOH~1\AppData\Local\Temp\ccaed08C.s 			page 12


 438 0160 01       		.byte	0x1
 439 0161 14       		.byte	0x14
 440 0162 77000000 		.4byte	0x77
 441 0166 05       		.uleb128 0x5
 442 0167 03       		.byte	0x3
 443 0168 00000000 		.4byte	Opamp_internalPower
 444 016c 0D       		.uleb128 0xd
 445 016d 6E000000 		.4byte	.LASF27
 446 0171 01       		.byte	0x1
 447 0172 13       		.byte	0x13
 448 0173 6B000000 		.4byte	0x6b
 449 0177 05       		.uleb128 0x5
 450 0178 03       		.byte	0x3
 451 0179 00000000 		.4byte	Opamp_initVar
 452 017d 00       		.byte	0
 453              		.section	.debug_abbrev,"",%progbits
 454              	.Ldebug_abbrev0:
 455 0000 01       		.uleb128 0x1
 456 0001 11       		.uleb128 0x11
 457 0002 01       		.byte	0x1
 458 0003 25       		.uleb128 0x25
 459 0004 0E       		.uleb128 0xe
 460 0005 13       		.uleb128 0x13
 461 0006 0B       		.uleb128 0xb
 462 0007 03       		.uleb128 0x3
 463 0008 0E       		.uleb128 0xe
 464 0009 1B       		.uleb128 0x1b
 465 000a 0E       		.uleb128 0xe
 466 000b 55       		.uleb128 0x55
 467 000c 17       		.uleb128 0x17
 468 000d 11       		.uleb128 0x11
 469 000e 01       		.uleb128 0x1
 470 000f 10       		.uleb128 0x10
 471 0010 17       		.uleb128 0x17
 472 0011 00       		.byte	0
 473 0012 00       		.byte	0
 474 0013 02       		.uleb128 0x2
 475 0014 24       		.uleb128 0x24
 476 0015 00       		.byte	0
 477 0016 0B       		.uleb128 0xb
 478 0017 0B       		.uleb128 0xb
 479 0018 3E       		.uleb128 0x3e
 480 0019 0B       		.uleb128 0xb
 481 001a 03       		.uleb128 0x3
 482 001b 0E       		.uleb128 0xe
 483 001c 00       		.byte	0
 484 001d 00       		.byte	0
 485 001e 03       		.uleb128 0x3
 486 001f 24       		.uleb128 0x24
 487 0020 00       		.byte	0
 488 0021 0B       		.uleb128 0xb
 489 0022 0B       		.uleb128 0xb
 490 0023 3E       		.uleb128 0x3e
 491 0024 0B       		.uleb128 0xb
 492 0025 03       		.uleb128 0x3
 493 0026 08       		.uleb128 0x8
 494 0027 00       		.byte	0
ARM GAS  C:\Users\VIDEOH~1\AppData\Local\Temp\ccaed08C.s 			page 13


 495 0028 00       		.byte	0
 496 0029 04       		.uleb128 0x4
 497 002a 16       		.uleb128 0x16
 498 002b 00       		.byte	0
 499 002c 03       		.uleb128 0x3
 500 002d 0E       		.uleb128 0xe
 501 002e 3A       		.uleb128 0x3a
 502 002f 0B       		.uleb128 0xb
 503 0030 3B       		.uleb128 0x3b
 504 0031 05       		.uleb128 0x5
 505 0032 49       		.uleb128 0x49
 506 0033 13       		.uleb128 0x13
 507 0034 00       		.byte	0
 508 0035 00       		.byte	0
 509 0036 05       		.uleb128 0x5
 510 0037 35       		.uleb128 0x35
 511 0038 00       		.byte	0
 512 0039 49       		.uleb128 0x49
 513 003a 13       		.uleb128 0x13
 514 003b 00       		.byte	0
 515 003c 00       		.byte	0
 516 003d 06       		.uleb128 0x6
 517 003e 2E       		.uleb128 0x2e
 518 003f 00       		.byte	0
 519 0040 3F       		.uleb128 0x3f
 520 0041 19       		.uleb128 0x19
 521 0042 03       		.uleb128 0x3
 522 0043 0E       		.uleb128 0xe
 523 0044 3A       		.uleb128 0x3a
 524 0045 0B       		.uleb128 0xb
 525 0046 3B       		.uleb128 0x3b
 526 0047 0B       		.uleb128 0xb
 527 0048 27       		.uleb128 0x27
 528 0049 19       		.uleb128 0x19
 529 004a 11       		.uleb128 0x11
 530 004b 01       		.uleb128 0x1
 531 004c 12       		.uleb128 0x12
 532 004d 06       		.uleb128 0x6
 533 004e 40       		.uleb128 0x40
 534 004f 18       		.uleb128 0x18
 535 0050 9742     		.uleb128 0x2117
 536 0052 19       		.uleb128 0x19
 537 0053 00       		.byte	0
 538 0054 00       		.byte	0
 539 0055 07       		.uleb128 0x7
 540 0056 2E       		.uleb128 0x2e
 541 0057 01       		.byte	0x1
 542 0058 3F       		.uleb128 0x3f
 543 0059 19       		.uleb128 0x19
 544 005a 03       		.uleb128 0x3
 545 005b 0E       		.uleb128 0xe
 546 005c 3A       		.uleb128 0x3a
 547 005d 0B       		.uleb128 0xb
 548 005e 3B       		.uleb128 0x3b
 549 005f 0B       		.uleb128 0xb
 550 0060 27       		.uleb128 0x27
 551 0061 19       		.uleb128 0x19
ARM GAS  C:\Users\VIDEOH~1\AppData\Local\Temp\ccaed08C.s 			page 14


 552 0062 11       		.uleb128 0x11
 553 0063 01       		.uleb128 0x1
 554 0064 12       		.uleb128 0x12
 555 0065 06       		.uleb128 0x6
 556 0066 40       		.uleb128 0x40
 557 0067 18       		.uleb128 0x18
 558 0068 9742     		.uleb128 0x2117
 559 006a 19       		.uleb128 0x19
 560 006b 01       		.uleb128 0x1
 561 006c 13       		.uleb128 0x13
 562 006d 00       		.byte	0
 563 006e 00       		.byte	0
 564 006f 08       		.uleb128 0x8
 565 0070 898201   		.uleb128 0x4109
 566 0073 00       		.byte	0
 567 0074 11       		.uleb128 0x11
 568 0075 01       		.uleb128 0x1
 569 0076 31       		.uleb128 0x31
 570 0077 13       		.uleb128 0x13
 571 0078 00       		.byte	0
 572 0079 00       		.byte	0
 573 007a 09       		.uleb128 0x9
 574 007b 05       		.uleb128 0x5
 575 007c 00       		.byte	0
 576 007d 03       		.uleb128 0x3
 577 007e 0E       		.uleb128 0xe
 578 007f 3A       		.uleb128 0x3a
 579 0080 0B       		.uleb128 0xb
 580 0081 3B       		.uleb128 0x3b
 581 0082 0B       		.uleb128 0xb
 582 0083 49       		.uleb128 0x49
 583 0084 13       		.uleb128 0x13
 584 0085 02       		.uleb128 0x2
 585 0086 17       		.uleb128 0x17
 586 0087 00       		.byte	0
 587 0088 00       		.byte	0
 588 0089 0A       		.uleb128 0xa
 589 008a 34       		.uleb128 0x34
 590 008b 00       		.byte	0
 591 008c 03       		.uleb128 0x3
 592 008d 08       		.uleb128 0x8
 593 008e 3A       		.uleb128 0x3a
 594 008f 0B       		.uleb128 0xb
 595 0090 3B       		.uleb128 0x3b
 596 0091 0B       		.uleb128 0xb
 597 0092 49       		.uleb128 0x49
 598 0093 13       		.uleb128 0x13
 599 0094 02       		.uleb128 0x2
 600 0095 17       		.uleb128 0x17
 601 0096 00       		.byte	0
 602 0097 00       		.byte	0
 603 0098 0B       		.uleb128 0xb
 604 0099 05       		.uleb128 0x5
 605 009a 00       		.byte	0
 606 009b 03       		.uleb128 0x3
 607 009c 0E       		.uleb128 0xe
 608 009d 3A       		.uleb128 0x3a
ARM GAS  C:\Users\VIDEOH~1\AppData\Local\Temp\ccaed08C.s 			page 15


 609 009e 0B       		.uleb128 0xb
 610 009f 3B       		.uleb128 0x3b
 611 00a0 0B       		.uleb128 0xb
 612 00a1 49       		.uleb128 0x49
 613 00a2 13       		.uleb128 0x13
 614 00a3 02       		.uleb128 0x2
 615 00a4 18       		.uleb128 0x18
 616 00a5 00       		.byte	0
 617 00a6 00       		.byte	0
 618 00a7 0C       		.uleb128 0xc
 619 00a8 34       		.uleb128 0x34
 620 00a9 00       		.byte	0
 621 00aa 03       		.uleb128 0x3
 622 00ab 0E       		.uleb128 0xe
 623 00ac 3A       		.uleb128 0x3a
 624 00ad 0B       		.uleb128 0xb
 625 00ae 3B       		.uleb128 0x3b
 626 00af 0B       		.uleb128 0xb
 627 00b0 49       		.uleb128 0x49
 628 00b1 13       		.uleb128 0x13
 629 00b2 02       		.uleb128 0x2
 630 00b3 18       		.uleb128 0x18
 631 00b4 00       		.byte	0
 632 00b5 00       		.byte	0
 633 00b6 0D       		.uleb128 0xd
 634 00b7 34       		.uleb128 0x34
 635 00b8 00       		.byte	0
 636 00b9 03       		.uleb128 0x3
 637 00ba 0E       		.uleb128 0xe
 638 00bb 3A       		.uleb128 0x3a
 639 00bc 0B       		.uleb128 0xb
 640 00bd 3B       		.uleb128 0x3b
 641 00be 0B       		.uleb128 0xb
 642 00bf 49       		.uleb128 0x49
 643 00c0 13       		.uleb128 0x13
 644 00c1 3F       		.uleb128 0x3f
 645 00c2 19       		.uleb128 0x19
 646 00c3 02       		.uleb128 0x2
 647 00c4 18       		.uleb128 0x18
 648 00c5 00       		.byte	0
 649 00c6 00       		.byte	0
 650 00c7 00       		.byte	0
 651              		.section	.debug_loc,"",%progbits
 652              	.Ldebug_loc0:
 653              	.LLST0:
 654 0000 00000000 		.4byte	.LVL2
 655 0004 06000000 		.4byte	.LVL3
 656 0008 0100     		.2byte	0x1
 657 000a 50       		.byte	0x50
 658 000b 06000000 		.4byte	.LVL3
 659 000f 1C000000 		.4byte	.LFE4
 660 0013 0400     		.2byte	0x4
 661 0015 F3       		.byte	0xf3
 662 0016 01       		.uleb128 0x1
 663 0017 50       		.byte	0x50
 664 0018 9F       		.byte	0x9f
 665 0019 00000000 		.4byte	0
ARM GAS  C:\Users\VIDEOH~1\AppData\Local\Temp\ccaed08C.s 			page 16


 666 001d 00000000 		.4byte	0
 667              	.LLST1:
 668 0021 0C000000 		.4byte	.LVL4
 669 0025 0E000000 		.4byte	.LVL5
 670 0029 0600     		.2byte	0x6
 671 002b 73       		.byte	0x73
 672 002c 00       		.sleb128 0
 673 002d 09       		.byte	0x9
 674 002e FC       		.byte	0xfc
 675 002f 1A       		.byte	0x1a
 676 0030 9F       		.byte	0x9f
 677 0031 00000000 		.4byte	0
 678 0035 00000000 		.4byte	0
 679              		.section	.debug_aranges,"",%progbits
 680 0000 44000000 		.4byte	0x44
 681 0004 0200     		.2byte	0x2
 682 0006 00000000 		.4byte	.Ldebug_info0
 683 000a 04       		.byte	0x4
 684 000b 00       		.byte	0
 685 000c 0000     		.2byte	0
 686 000e 0000     		.2byte	0
 687 0010 00000000 		.4byte	.LFB0
 688 0014 2C000000 		.4byte	.LFE0-.LFB0
 689 0018 00000000 		.4byte	.LFB1
 690 001c 1C000000 		.4byte	.LFE1-.LFB1
 691 0020 00000000 		.4byte	.LFB2
 692 0024 1C000000 		.4byte	.LFE2-.LFB2
 693 0028 00000000 		.4byte	.LFB3
 694 002c 14000000 		.4byte	.LFE3-.LFB3
 695 0030 00000000 		.4byte	.LFB4
 696 0034 1C000000 		.4byte	.LFE4-.LFB4
 697 0038 00000000 		.4byte	.LFB5
 698 003c 24000000 		.4byte	.LFE5-.LFB5
 699 0040 00000000 		.4byte	0
 700 0044 00000000 		.4byte	0
 701              		.section	.debug_ranges,"",%progbits
 702              	.Ldebug_ranges0:
 703 0000 00000000 		.4byte	.LFB0
 704 0004 2C000000 		.4byte	.LFE0
 705 0008 00000000 		.4byte	.LFB1
 706 000c 1C000000 		.4byte	.LFE1
 707 0010 00000000 		.4byte	.LFB2
 708 0014 1C000000 		.4byte	.LFE2
 709 0018 00000000 		.4byte	.LFB3
 710 001c 14000000 		.4byte	.LFE3
 711 0020 00000000 		.4byte	.LFB4
 712 0024 1C000000 		.4byte	.LFE4
 713 0028 00000000 		.4byte	.LFB5
 714 002c 24000000 		.4byte	.LFE5
 715 0030 00000000 		.4byte	0
 716 0034 00000000 		.4byte	0
 717              		.section	.debug_line,"",%progbits
 718              	.Ldebug_line0:
 719 0000 C6000000 		.section	.debug_str,"MS",%progbits,1
 719      02004200 
 719      00000201 
 719      FB0E0D00 
ARM GAS  C:\Users\VIDEOH~1\AppData\Local\Temp\ccaed08C.s 			page 17


 719      01010101 
 720              	.LASF14:
 721 0000 72656733 		.ascii	"reg32\000"
 721      3200
 722              	.LASF26:
 723 0006 443A5C31 		.ascii	"D:\\1_work\\my_project\\ReloadPro\\psoc42boot\\Relo"
 723      5F776F72 
 723      6B5C6D79 
 723      5F70726F 
 723      6A656374 
 724 0034 61642050 		.ascii	"ad Pro.cydsn\000"
 724      726F2E63 
 724      7964736E 
 724      00
 725              	.LASF21:
 726 0041 706F7765 		.ascii	"power\000"
 726      7200
 727              	.LASF19:
 728 0047 4F70616D 		.ascii	"Opamp_SetPower\000"
 728      705F5365 
 728      74506F77 
 728      657200
 729              	.LASF20:
 730 0056 4F70616D 		.ascii	"Opamp_PumpControl\000"
 730      705F5075 
 730      6D70436F 
 730      6E74726F 
 730      6C00
 731              	.LASF11:
 732 0068 666C6F61 		.ascii	"float\000"
 732      7400
 733              	.LASF27:
 734 006e 4F70616D 		.ascii	"Opamp_initVar\000"
 734      705F696E 
 734      69745661 
 734      7200
 735              	.LASF1:
 736 007c 756E7369 		.ascii	"unsigned char\000"
 736      676E6564 
 736      20636861 
 736      7200
 737              	.LASF22:
 738 008a 6F6E4F66 		.ascii	"onOff\000"
 738      6600
 739              	.LASF5:
 740 0090 6C6F6E67 		.ascii	"long unsigned int\000"
 740      20756E73 
 740      69676E65 
 740      6420696E 
 740      7400
 741              	.LASF3:
 742 00a2 73686F72 		.ascii	"short unsigned int\000"
 742      7420756E 
 742      7369676E 
 742      65642069 
 742      6E7400
 743              	.LASF12:
ARM GAS  C:\Users\VIDEOH~1\AppData\Local\Temp\ccaed08C.s 			page 18


 744 00b5 646F7562 		.ascii	"double\000"
 744      6C6500
 745              	.LASF10:
 746 00bc 75696E74 		.ascii	"uint32\000"
 746      333200
 747              	.LASF8:
 748 00c3 756E7369 		.ascii	"unsigned int\000"
 748      676E6564 
 748      20696E74 
 748      00
 749              	.LASF7:
 750 00d0 6C6F6E67 		.ascii	"long long unsigned int\000"
 750      206C6F6E 
 750      6720756E 
 750      7369676E 
 750      65642069 
 751              	.LASF15:
 752 00e7 4F70616D 		.ascii	"Opamp_Init\000"
 752      705F496E 
 752      697400
 753              	.LASF25:
 754 00f2 47656E65 		.ascii	"Generated_Source\\PSoC4\\Opamp.c\000"
 754      72617465 
 754      645F536F 
 754      75726365 
 754      5C50536F 
 755              	.LASF24:
 756 0111 474E5520 		.ascii	"GNU C99 5.4.1 20160609 (release) [ARM/embedded-5-br"
 756      43393920 
 756      352E342E 
 756      31203230 
 756      31363036 
 757 0144 616E6368 		.ascii	"anch revision 237715] -mcpu=cortex-m0 -mthumb -g -O"
 757      20726576 
 757      6973696F 
 757      6E203233 
 757      37373135 
 758 0177 73202D73 		.ascii	"s -std=gnu99 -ffunction-sections -ffat-lto-objects\000"
 758      74643D67 
 758      6E753939 
 758      202D6666 
 758      756E6374 
 759              	.LASF6:
 760 01aa 6C6F6E67 		.ascii	"long long int\000"
 760      206C6F6E 
 760      6720696E 
 760      7400
 761              	.LASF23:
 762 01b8 4F70616D 		.ascii	"Opamp_internalPower\000"
 762      705F696E 
 762      7465726E 
 762      616C506F 
 762      77657200 
 763              	.LASF13:
 764 01cc 63686172 		.ascii	"char\000"
 764      00
 765              	.LASF16:
ARM GAS  C:\Users\VIDEOH~1\AppData\Local\Temp\ccaed08C.s 			page 19


 766 01d1 4F70616D 		.ascii	"Opamp_Enable\000"
 766      705F456E 
 766      61626C65 
 766      00
 767              	.LASF18:
 768 01de 4F70616D 		.ascii	"Opamp_Start\000"
 768      705F5374 
 768      61727400 
 769              	.LASF2:
 770 01ea 73686F72 		.ascii	"short int\000"
 770      7420696E 
 770      7400
 771              	.LASF9:
 772 01f4 75696E74 		.ascii	"uint8\000"
 772      3800
 773              	.LASF4:
 774 01fa 6C6F6E67 		.ascii	"long int\000"
 774      20696E74 
 774      00
 775              	.LASF0:
 776 0203 7369676E 		.ascii	"signed char\000"
 776      65642063 
 776      68617200 
 777              	.LASF17:
 778 020f 4F70616D 		.ascii	"Opamp_Stop\000"
 778      705F5374 
 778      6F7000
 779              		.ident	"GCC: (GNU Tools for ARM Embedded Processors) 5.4.1 20160609 (release) [ARM/embedded-5-bran
