ARM GAS  C:\Users\VIDEOH~1\AppData\Local\Temp\ccc6C5UN.s 			page 1


   1              		.syntax unified
   2              		.cpu cortex-m0
   3              		.fpu softvfp
   4              		.eabi_attribute 20, 1
   5              		.eabi_attribute 21, 1
   6              		.eabi_attribute 23, 3
   7              		.eabi_attribute 24, 1
   8              		.eabi_attribute 25, 1
   9              		.eabi_attribute 26, 1
  10              		.eabi_attribute 30, 4
  11              		.eabi_attribute 34, 0
  12              		.eabi_attribute 18, 4
  13              		.thumb
  14              		.syntax unified
  15              		.file	"utils.c"
  16              		.text
  17              	.Ltext0:
  18              		.cfi_sections	.debug_frame
  19              		.global	__aeabi_idiv
  20              		.global	__aeabi_idivmod
  21              		.section	.text.set_current,"ax",%progbits
  22              		.align	1
  23              		.global	set_current
  24              		.code	16
  25              		.thumb_func
  26              		.type	set_current, %function
  27              	set_current:
  28              	.LFB34:
  29              		.file 1 "utils.c"
   1:utils.c       **** /* ========================================
   2:utils.c       ****  *
   3:utils.c       ****  * Copyright YOUR COMPANY, THE YEAR
   4:utils.c       ****  * All Rights Reserved
   5:utils.c       ****  * UNPUBLISHED, LICENSED SOFTWARE.
   6:utils.c       ****  *
   7:utils.c       ****  * CONFIDENTIAL AND PROPRIETARY INFORMATION
   8:utils.c       ****  * WHICH IS THE PROPERTY OF your company.
   9:utils.c       ****  *
  10:utils.c       ****  * ========================================
  11:utils.c       **** */
  12:utils.c       **** 
  13:utils.c       **** #include <FreeRTOS.h>
  14:utils.c       **** #include <stdio.h>
  15:utils.c       **** #include "config.h"
  16:utils.c       **** 
  17:utils.c       **** 
  18:utils.c       **** void setup() {
  19:utils.c       **** 	state.current_setpoint = -1;
  20:utils.c       ****     state.lower_voltage_limit = -1;
  21:utils.c       **** 
  22:utils.c       **** 	set_current(0);
  23:utils.c       **** 	
  24:utils.c       **** 	CY_SET_REG32(Opamp_cy_psoc4_abuf__OA_OFFSET_TRIM, settings.calibration_settings.opamp_offset_trim)
  25:utils.c       **** }
  26:utils.c       **** 
  27:utils.c       **** void set_current(int setpoint) {
  30              		.loc 1 27 0
ARM GAS  C:\Users\VIDEOH~1\AppData\Local\Temp\ccc6C5UN.s 			page 2


  31              		.cfi_startproc
  32              		@ args = 0, pretend = 0, frame = 0
  33              		@ frame_needed = 0, uses_anonymous_args = 0
  34              	.LVL0:
  35 0000 70B5     		push	{r4, r5, r6, lr}
  36              		.cfi_def_cfa_offset 16
  37              		.cfi_offset 4, -16
  38              		.cfi_offset 5, -12
  39              		.cfi_offset 6, -8
  40              		.cfi_offset 14, -4
  28:utils.c       **** 	if(setpoint < 0)
  41              		.loc 1 28 0
  42 0002 0028     		cmp	r0, #0
  43 0004 04DB     		blt	.L5
  29:utils.c       **** 		setpoint = 0;
  30:utils.c       ****     if (setpoint > CURRENT_MAX)
  44              		.loc 1 30 0
  45 0006 114B     		ldr	r3, .L8
  46 0008 9842     		cmp	r0, r3
  47 000a 02DD     		ble	.L3
  31:utils.c       ****         setpoint = CURRENT_MAX;
  48              		.loc 1 31 0
  49 000c 1800     		movs	r0, r3
  50              	.LVL1:
  51 000e 00E0     		b	.L3
  52              	.LVL2:
  53              	.L5:
  29:utils.c       **** 		setpoint = 0;
  54              		.loc 1 29 0
  55 0010 0020     		movs	r0, #0
  56              	.LVL3:
  57              	.L3:
  32:utils.c       **** 	state.current_setpoint = setpoint;
  33:utils.c       **** 
  34:utils.c       ****     setpoint -= settings.calibration_settings.dac_offset;
  58              		.loc 1 34 0
  59 0012 0F4D     		ldr	r5, .L8+4
  32:utils.c       **** 	state.current_setpoint = setpoint;
  60              		.loc 1 32 0
  61 0014 0F4B     		ldr	r3, .L8+8
  35:utils.c       ****     setpoint -= get_dac_offset_correction();
  36:utils.c       ****     if(setpoint < 0)
  37:utils.c       ****         setpoint = 0;
  38:utils.c       **** 
  39:utils.c       ****     IDAC_High_SetValue(setpoint / settings.calibration_settings.dac_high_gain);
  40:utils.c       **** 	IDAC_Low_SetValue((setpoint % settings.calibration_settings.dac_high_gain) / settings.calibration_
  41:utils.c       **** }
  62              		.loc 1 41 0
  63              		@ sp needed
  32:utils.c       **** 	state.current_setpoint = setpoint;
  64              		.loc 1 32 0
  65 0016 1860     		str	r0, [r3]
  34:utils.c       ****     setpoint -= get_dac_offset_correction();
  66              		.loc 1 34 0
  67 0018 EB69     		ldr	r3, [r5, #28]
  68 001a C41A     		subs	r4, r0, r3
  69              	.LVL4:
ARM GAS  C:\Users\VIDEOH~1\AppData\Local\Temp\ccc6C5UN.s 			page 3


  35:utils.c       ****     setpoint -= get_dac_offset_correction();
  70              		.loc 1 35 0
  71 001c FFF7FEFF 		bl	get_dac_offset_correction
  72              	.LVL5:
  73 0020 241A     		subs	r4, r4, r0
  74              	.LVL6:
  75 0022 E343     		mvns	r3, r4
  76 0024 DB17     		asrs	r3, r3, #31
  77 0026 1C40     		ands	r4, r3
  78              	.LVL7:
  39:utils.c       **** 	IDAC_Low_SetValue((setpoint % settings.calibration_settings.dac_high_gain) / settings.calibration_
  79              		.loc 1 39 0
  80 0028 A969     		ldr	r1, [r5, #24]
  81 002a 2000     		movs	r0, r4
  82 002c FFF7FEFF 		bl	__aeabi_idiv
  83              	.LVL8:
  84 0030 FFF7FEFF 		bl	IDAC_High_SetValue
  85              	.LVL9:
  40:utils.c       **** }
  86              		.loc 1 40 0
  87 0034 A969     		ldr	r1, [r5, #24]
  88 0036 2000     		movs	r0, r4
  89 0038 FFF7FEFF 		bl	__aeabi_idivmod
  90              	.LVL10:
  91 003c 0800     		movs	r0, r1
  92 003e 6969     		ldr	r1, [r5, #20]
  93 0040 FFF7FEFF 		bl	__aeabi_idiv
  94              	.LVL11:
  95 0044 FFF7FEFF 		bl	IDAC_Low_SetValue
  96              	.LVL12:
  97              	.LVL13:
  98              		.loc 1 41 0
  99 0048 70BD     		pop	{r4, r5, r6, pc}
 100              	.L9:
 101 004a C046     		.align	2
 102              	.L8:
 103 004c 808D5B00 		.word	6000000
 104 0050 00000000 		.word	settings
 105 0054 00000000 		.word	state
 106              		.cfi_endproc
 107              	.LFE34:
 108              		.size	set_current, .-set_current
 109              		.section	.text.setup,"ax",%progbits
 110              		.align	1
 111              		.global	setup
 112              		.code	16
 113              		.thumb_func
 114              		.type	setup, %function
 115              	setup:
 116              	.LFB33:
  18:utils.c       **** 	state.current_setpoint = -1;
 117              		.loc 1 18 0
 118              		.cfi_startproc
 119              		@ args = 0, pretend = 0, frame = 0
 120              		@ frame_needed = 0, uses_anonymous_args = 0
  19:utils.c       ****     state.lower_voltage_limit = -1;
 121              		.loc 1 19 0
ARM GAS  C:\Users\VIDEOH~1\AppData\Local\Temp\ccc6C5UN.s 			page 4


 122 0000 0122     		movs	r2, #1
 123 0002 064B     		ldr	r3, .L11
  18:utils.c       **** 	state.current_setpoint = -1;
 124              		.loc 1 18 0
 125 0004 10B5     		push	{r4, lr}
 126              		.cfi_def_cfa_offset 8
 127              		.cfi_offset 4, -8
 128              		.cfi_offset 14, -4
  19:utils.c       ****     state.lower_voltage_limit = -1;
 129              		.loc 1 19 0
 130 0006 5242     		rsbs	r2, r2, #0
  22:utils.c       **** 	
 131              		.loc 1 22 0
 132 0008 0020     		movs	r0, #0
  19:utils.c       ****     state.lower_voltage_limit = -1;
 133              		.loc 1 19 0
 134 000a 1A60     		str	r2, [r3]
  20:utils.c       **** 
 135              		.loc 1 20 0
 136 000c 5A60     		str	r2, [r3, #4]
  22:utils.c       **** 	
 137              		.loc 1 22 0
 138 000e FFF7FEFF 		bl	set_current
 139              	.LVL14:
  24:utils.c       **** }
 140              		.loc 1 24 0
 141 0012 034B     		ldr	r3, .L11+4
  25:utils.c       **** 
 142              		.loc 1 25 0
 143              		@ sp needed
  24:utils.c       **** }
 144              		.loc 1 24 0
 145 0014 1A6A     		ldr	r2, [r3, #32]
 146 0016 034B     		ldr	r3, .L11+8
 147 0018 1A60     		str	r2, [r3]
  25:utils.c       **** 
 148              		.loc 1 25 0
 149 001a 10BD     		pop	{r4, pc}
 150              	.L12:
 151              		.align	2
 152              	.L11:
 153 001c 00000000 		.word	state
 154 0020 00000000 		.word	settings
 155 0024 000F1040 		.word	1074794240
 156              		.cfi_endproc
 157              	.LFE33:
 158              		.size	setup, .-setup
 159              		.section	.text.get_current_setpoint,"ax",%progbits
 160              		.align	1
 161              		.global	get_current_setpoint
 162              		.code	16
 163              		.thumb_func
 164              		.type	get_current_setpoint, %function
 165              	get_current_setpoint:
 166              	.LFB35:
  42:utils.c       **** 
  43:utils.c       **** int get_current_setpoint() {
ARM GAS  C:\Users\VIDEOH~1\AppData\Local\Temp\ccc6C5UN.s 			page 5


 167              		.loc 1 43 0
 168              		.cfi_startproc
 169              		@ args = 0, pretend = 0, frame = 0
 170              		@ frame_needed = 0, uses_anonymous_args = 0
 171              		@ link register save eliminated.
  44:utils.c       **** 	return state.current_setpoint;
 172              		.loc 1 44 0
 173 0000 014B     		ldr	r3, .L14
  45:utils.c       **** }
 174              		.loc 1 45 0
 175              		@ sp needed
  44:utils.c       **** 	return state.current_setpoint;
 176              		.loc 1 44 0
 177 0002 1868     		ldr	r0, [r3]
 178              		.loc 1 45 0
 179 0004 7047     		bx	lr
 180              	.L15:
 181 0006 C046     		.align	2
 182              	.L14:
 183 0008 00000000 		.word	state
 184              		.cfi_endproc
 185              	.LFE35:
 186              		.size	get_current_setpoint, .-get_current_setpoint
 187              		.section	.text.get_major_version,"ax",%progbits
 188              		.align	1
 189              		.global	get_major_version
 190              		.code	16
 191              		.thumb_func
 192              		.type	get_major_version, %function
 193              	get_major_version:
 194              	.LFB36:
  46:utils.c       **** 
  47:utils.c       **** #define Bootloader_MD_SIZEOF (64u)
  48:utils.c       **** #define APP_VER_OFFSET (CYDEV_FLASH_SIZE - Bootloader_MD_SIZEOF + Bootloadable_META_APP_VER_OFFSET)
  49:utils.c       **** 
  50:utils.c       **** uint8 get_major_version() {
 195              		.loc 1 50 0
 196              		.cfi_startproc
 197              		@ args = 0, pretend = 0, frame = 0
 198              		@ frame_needed = 0, uses_anonymous_args = 0
 199              		@ link register save eliminated.
  51:utils.c       ****    return Bootloadable_GET_CODE_DATA(APP_VER_OFFSET + 1);
 200              		.loc 1 51 0
 201 0000 014B     		ldr	r3, .L17
  52:utils.c       **** }
 202              		.loc 1 52 0
 203              		@ sp needed
  51:utils.c       ****    return Bootloadable_GET_CODE_DATA(APP_VER_OFFSET + 1);
 204              		.loc 1 51 0
 205 0002 1878     		ldrb	r0, [r3]
 206              		.loc 1 52 0
 207 0004 7047     		bx	lr
 208              	.L18:
 209 0006 C046     		.align	2
 210              	.L17:
 211 0008 D77F0000 		.word	32727
 212              		.cfi_endproc
ARM GAS  C:\Users\VIDEOH~1\AppData\Local\Temp\ccc6C5UN.s 			page 6


 213              	.LFE36:
 214              		.size	get_major_version, .-get_major_version
 215              		.section	.text.get_minor_version,"ax",%progbits
 216              		.align	1
 217              		.global	get_minor_version
 218              		.code	16
 219              		.thumb_func
 220              		.type	get_minor_version, %function
 221              	get_minor_version:
 222              	.LFB37:
  53:utils.c       **** 
  54:utils.c       **** uint8 get_minor_version() {
 223              		.loc 1 54 0
 224              		.cfi_startproc
 225              		@ args = 0, pretend = 0, frame = 0
 226              		@ frame_needed = 0, uses_anonymous_args = 0
 227              		@ link register save eliminated.
  55:utils.c       ****    return Bootloadable_GET_CODE_DATA(APP_VER_OFFSET);
 228              		.loc 1 55 0
 229 0000 014B     		ldr	r3, .L20
  56:utils.c       **** }
 230              		.loc 1 56 0
 231              		@ sp needed
  55:utils.c       ****    return Bootloadable_GET_CODE_DATA(APP_VER_OFFSET);
 232              		.loc 1 55 0
 233 0002 1878     		ldrb	r0, [r3]
 234              		.loc 1 56 0
 235 0004 7047     		bx	lr
 236              	.L21:
 237 0006 C046     		.align	2
 238              	.L20:
 239 0008 D67F0000 		.word	32726
 240              		.cfi_endproc
 241              	.LFE37:
 242              		.size	get_minor_version, .-get_minor_version
 243              		.section	.text.set_output_mode,"ax",%progbits
 244              		.align	1
 245              		.global	set_output_mode
 246              		.code	16
 247              		.thumb_func
 248              		.type	set_output_mode, %function
 249              	set_output_mode:
 250              	.LFB38:
  57:utils.c       **** 
  58:utils.c       **** static output_mode current_output_mode = OUTPUT_MODE_FEEDBACK;
  59:utils.c       **** 
  60:utils.c       **** void set_output_mode(output_mode mode) {
 251              		.loc 1 60 0
 252              		.cfi_startproc
 253              		@ args = 0, pretend = 0, frame = 0
 254              		@ frame_needed = 0, uses_anonymous_args = 0
 255              	.LVL15:
  61:utils.c       **** 	current_output_mode = mode;
 256              		.loc 1 61 0
 257 0000 0C4B     		ldr	r3, .L27
  60:utils.c       **** 	current_output_mode = mode;
 258              		.loc 1 60 0
ARM GAS  C:\Users\VIDEOH~1\AppData\Local\Temp\ccc6C5UN.s 			page 7


 259 0002 10B5     		push	{r4, lr}
 260              		.cfi_def_cfa_offset 8
 261              		.cfi_offset 4, -8
 262              		.cfi_offset 14, -4
  60:utils.c       **** 	current_output_mode = mode;
 263              		.loc 1 60 0
 264 0004 0400     		movs	r4, r0
 265              		.loc 1 61 0
 266 0006 1870     		strb	r0, [r3]
  62:utils.c       **** 	switch(mode) {
 267              		.loc 1 62 0
 268 0008 0128     		cmp	r0, #1
 269 000a 09D0     		beq	.L24
 270 000c 0028     		cmp	r0, #0
 271 000e 07D0     		beq	.L24
 272 0010 0228     		cmp	r0, #2
 273 0012 0DD1     		bne	.L22
  63:utils.c       **** 	case OUTPUT_MODE_OFF:
  64:utils.c       ****         // Pull the gate low
  65:utils.c       **** 		Opamp_Stop();
  66:utils.c       **** 		Opamp_Out_Write(0);
  67:utils.c       **** 		Opamp_Out_SetDriveMode(Opamp_Out_DM_STRONG);
  68:utils.c       **** 		break;
  69:utils.c       **** 	case OUTPUT_MODE_ON:
  70:utils.c       **** 		// Stop the opamp and set the gate high
  71:utils.c       **** 		Opamp_Stop();
  72:utils.c       **** 		Opamp_Out_Write(1);
  73:utils.c       **** 		Opamp_Out_SetDriveMode(Opamp_Out_DM_STRONG);
  74:utils.c       **** 		break;
  75:utils.c       **** 	case OUTPUT_MODE_FEEDBACK:
  76:utils.c       **** 		// Start the opamp and set the pin to hi-z
  77:utils.c       **** 		Opamp_Out_SetDriveMode(Opamp_Out_DM_ALG_HIZ);
 274              		.loc 1 77 0
 275 0014 0020     		movs	r0, #0
 276              	.LVL16:
 277 0016 FFF7FEFF 		bl	Opamp_Out_SetDriveMode
 278              	.LVL17:
  78:utils.c       **** 		Opamp_Start();
 279              		.loc 1 78 0
 280 001a FFF7FEFF 		bl	Opamp_Start
 281              	.LVL18:
  79:utils.c       **** 		break;
  80:utils.c       **** 	}
  81:utils.c       **** }
 282              		.loc 1 81 0
 283 001e 07E0     		b	.L22
 284              	.LVL19:
 285              	.L24:
  71:utils.c       **** 		Opamp_Out_Write(1);
 286              		.loc 1 71 0
 287 0020 FFF7FEFF 		bl	Opamp_Stop
 288              	.LVL20:
  72:utils.c       **** 		Opamp_Out_SetDriveMode(Opamp_Out_DM_STRONG);
 289              		.loc 1 72 0
 290 0024 2000     		movs	r0, r4
 291 0026 FFF7FEFF 		bl	Opamp_Out_Write
 292              	.LVL21:
ARM GAS  C:\Users\VIDEOH~1\AppData\Local\Temp\ccc6C5UN.s 			page 8


  73:utils.c       **** 		break;
 293              		.loc 1 73 0
 294 002a 0620     		movs	r0, #6
 295 002c FFF7FEFF 		bl	Opamp_Out_SetDriveMode
 296              	.LVL22:
 297              	.L22:
 298              		.loc 1 81 0
 299              		@ sp needed
 300 0030 10BD     		pop	{r4, pc}
 301              	.L28:
 302 0032 C046     		.align	2
 303              	.L27:
 304 0034 00000000 		.word	.LANCHOR0
 305              		.cfi_endproc
 306              	.LFE38:
 307              		.size	set_output_mode, .-set_output_mode
 308              		.section	.text.get_output_mode,"ax",%progbits
 309              		.align	1
 310              		.global	get_output_mode
 311              		.code	16
 312              		.thumb_func
 313              		.type	get_output_mode, %function
 314              	get_output_mode:
 315              	.LFB39:
  82:utils.c       **** 
  83:utils.c       **** output_mode get_output_mode() {
 316              		.loc 1 83 0
 317              		.cfi_startproc
 318              		@ args = 0, pretend = 0, frame = 0
 319              		@ frame_needed = 0, uses_anonymous_args = 0
 320              		@ link register save eliminated.
  84:utils.c       **** 	return current_output_mode;
 321              		.loc 1 84 0
 322 0000 014B     		ldr	r3, .L30
  85:utils.c       **** }
 323              		.loc 1 85 0
 324              		@ sp needed
  84:utils.c       **** 	return current_output_mode;
 325              		.loc 1 84 0
 326 0002 1878     		ldrb	r0, [r3]
 327              		.loc 1 85 0
 328 0004 7047     		bx	lr
 329              	.L31:
 330 0006 C046     		.align	2
 331              	.L30:
 332 0008 00000000 		.word	.LANCHOR0
 333              		.cfi_endproc
 334              	.LFE39:
 335              		.size	get_output_mode, .-get_output_mode
 336              		.data
 337              		.set	.LANCHOR0,. + 0
 338              		.type	current_output_mode, %object
 339              		.size	current_output_mode, 1
 340              	current_output_mode:
 341 0000 02       		.byte	2
 342              		.text
 343              	.Letext0:
ARM GAS  C:\Users\VIDEOH~1\AppData\Local\Temp\ccc6C5UN.s 			page 9


 344              		.file 2 "c:\\program files (x86)\\cypress\\psoc creator\\4.2\\psoc creator\\import\\gnu\\arm\\5.4.
 345              		.file 3 "c:\\program files (x86)\\cypress\\psoc creator\\4.2\\psoc creator\\import\\gnu\\arm\\5.4.
 346              		.file 4 "Generated_Source\\PSoC4/cytypes.h"
 347              		.file 5 "config.h"
 348              		.file 6 "Generated_Source\\PSoC4/IDAC_High.h"
 349              		.file 7 "Generated_Source\\PSoC4/IDAC_Low.h"
 350              		.file 8 "Generated_Source\\PSoC4/Opamp_Out.h"
 351              		.file 9 "Generated_Source\\PSoC4/Opamp.h"
 352              		.section	.debug_info,"",%progbits
 353              	.Ldebug_info0:
 354 0000 8F040000 		.4byte	0x48f
 355 0004 0400     		.2byte	0x4
 356 0006 00000000 		.4byte	.Ldebug_abbrev0
 357 000a 04       		.byte	0x4
 358 000b 01       		.uleb128 0x1
 359 000c D5020000 		.4byte	.LASF77
 360 0010 0C       		.byte	0xc
 361 0011 6F010000 		.4byte	.LASF78
 362 0015 0B000000 		.4byte	.LASF79
 363 0019 00000000 		.4byte	.Ldebug_ranges0+0
 364 001d 00000000 		.4byte	0
 365 0021 00000000 		.4byte	.Ldebug_line0
 366 0025 02       		.uleb128 0x2
 367 0026 04       		.byte	0x4
 368 0027 05       		.byte	0x5
 369 0028 696E7400 		.ascii	"int\000"
 370 002c 03       		.uleb128 0x3
 371 002d 04       		.byte	0x4
 372 002e 07       		.byte	0x7
 373 002f 6E030000 		.4byte	.LASF0
 374 0033 03       		.uleb128 0x3
 375 0034 01       		.byte	0x1
 376 0035 06       		.byte	0x6
 377 0036 B2020000 		.4byte	.LASF1
 378 003a 04       		.uleb128 0x4
 379 003b 92030000 		.4byte	.LASF9
 380 003f 02       		.byte	0x2
 381 0040 1D       		.byte	0x1d
 382 0041 45000000 		.4byte	0x45
 383 0045 03       		.uleb128 0x3
 384 0046 01       		.byte	0x1
 385 0047 08       		.byte	0x8
 386 0048 4B020000 		.4byte	.LASF2
 387 004c 03       		.uleb128 0x3
 388 004d 02       		.byte	0x2
 389 004e 05       		.byte	0x5
 390 004f 80000000 		.4byte	.LASF3
 391 0053 03       		.uleb128 0x3
 392 0054 02       		.byte	0x2
 393 0055 07       		.byte	0x7
 394 0056 51040000 		.4byte	.LASF4
 395 005a 03       		.uleb128 0x3
 396 005b 04       		.byte	0x4
 397 005c 05       		.byte	0x5
 398 005d AF010000 		.4byte	.LASF5
 399 0061 03       		.uleb128 0x3
 400 0062 04       		.byte	0x4
ARM GAS  C:\Users\VIDEOH~1\AppData\Local\Temp\ccc6C5UN.s 			page 10


 401 0063 07       		.byte	0x7
 402 0064 7B040000 		.4byte	.LASF6
 403 0068 03       		.uleb128 0x3
 404 0069 08       		.byte	0x8
 405 006a 05       		.byte	0x5
 406 006b F9000000 		.4byte	.LASF7
 407 006f 03       		.uleb128 0x3
 408 0070 08       		.byte	0x8
 409 0071 07       		.byte	0x7
 410 0072 BE020000 		.4byte	.LASF8
 411 0076 04       		.uleb128 0x4
 412 0077 48010000 		.4byte	.LASF10
 413 007b 03       		.byte	0x3
 414 007c 18       		.byte	0x18
 415 007d 3A000000 		.4byte	0x3a
 416 0081 05       		.uleb128 0x5
 417 0082 56010000 		.4byte	.LASF11
 418 0086 04       		.byte	0x4
 419 0087 E401     		.2byte	0x1e4
 420 0089 45000000 		.4byte	0x45
 421 008d 05       		.uleb128 0x5
 422 008e 41010000 		.4byte	.LASF12
 423 0092 04       		.byte	0x4
 424 0093 E501     		.2byte	0x1e5
 425 0095 53000000 		.4byte	0x53
 426 0099 05       		.uleb128 0x5
 427 009a 64040000 		.4byte	.LASF13
 428 009e 04       		.byte	0x4
 429 009f E601     		.2byte	0x1e6
 430 00a1 61000000 		.4byte	0x61
 431 00a5 05       		.uleb128 0x5
 432 00a6 50010000 		.4byte	.LASF14
 433 00aa 04       		.byte	0x4
 434 00ab E801     		.2byte	0x1e8
 435 00ad 4C000000 		.4byte	0x4c
 436 00b1 03       		.uleb128 0x3
 437 00b2 04       		.byte	0x4
 438 00b3 04       		.byte	0x4
 439 00b4 77010000 		.4byte	.LASF15
 440 00b8 03       		.uleb128 0x3
 441 00b9 08       		.byte	0x8
 442 00ba 04       		.byte	0x4
 443 00bb 12050000 		.4byte	.LASF16
 444 00bf 03       		.uleb128 0x3
 445 00c0 01       		.byte	0x1
 446 00c1 08       		.byte	0x8
 447 00c2 E3030000 		.4byte	.LASF17
 448 00c6 05       		.uleb128 0x5
 449 00c7 BC030000 		.4byte	.LASF18
 450 00cb 04       		.byte	0x4
 451 00cc 9002     		.2byte	0x290
 452 00ce D2000000 		.4byte	0xd2
 453 00d2 06       		.uleb128 0x6
 454 00d3 99000000 		.4byte	0x99
 455 00d7 03       		.uleb128 0x3
 456 00d8 04       		.byte	0x4
 457 00d9 07       		.byte	0x7
ARM GAS  C:\Users\VIDEOH~1\AppData\Local\Temp\ccc6C5UN.s 			page 11


 458 00da AE000000 		.4byte	.LASF19
 459 00de 07       		.uleb128 0x7
 460 00df 0C       		.byte	0xc
 461 00e0 05       		.byte	0x5
 462 00e1 48       		.byte	0x48
 463 00e2 0B010000 		.4byte	0x10b
 464 00e6 08       		.uleb128 0x8
 465 00e7 8E010000 		.4byte	.LASF20
 466 00eb 05       		.byte	0x5
 467 00ec 49       		.byte	0x49
 468 00ed 25000000 		.4byte	0x25
 469 00f1 00       		.byte	0
 470 00f2 08       		.uleb128 0x8
 471 00f3 1A040000 		.4byte	.LASF21
 472 00f7 05       		.byte	0x5
 473 00f8 4A       		.byte	0x4a
 474 00f9 25000000 		.4byte	0x25
 475 00fd 04       		.byte	0x4
 476 00fe 08       		.uleb128 0x8
 477 00ff 07010000 		.4byte	.LASF22
 478 0103 05       		.byte	0x5
 479 0104 4B       		.byte	0x4b
 480 0105 76000000 		.4byte	0x76
 481 0109 08       		.byte	0x8
 482 010a 00       		.byte	0
 483 010b 04       		.uleb128 0x4
 484 010c 7D010000 		.4byte	.LASF23
 485 0110 05       		.byte	0x5
 486 0111 4C       		.byte	0x4c
 487 0112 DE000000 		.4byte	0xde
 488 0116 09       		.uleb128 0x9
 489 0117 01       		.byte	0x1
 490 0118 45000000 		.4byte	0x45
 491 011c 05       		.byte	0x5
 492 011d 50       		.byte	0x50
 493 011e 53010000 		.4byte	0x153
 494 0122 0A       		.uleb128 0xa
 495 0123 0D040000 		.4byte	.LASF24
 496 0127 08       		.byte	0x8
 497 0128 0A       		.uleb128 0xa
 498 0129 A2040000 		.4byte	.LASF25
 499 012d 01       		.byte	0x1
 500 012e 0A       		.uleb128 0xa
 501 012f 59020000 		.4byte	.LASF26
 502 0133 02       		.byte	0x2
 503 0134 0A       		.uleb128 0xa
 504 0135 6B040000 		.4byte	.LASF27
 505 0139 03       		.byte	0x3
 506 013a 0A       		.uleb128 0xa
 507 013b C2030000 		.4byte	.LASF28
 508 013f 04       		.byte	0x4
 509 0140 0A       		.uleb128 0xa
 510 0141 D0030000 		.4byte	.LASF29
 511 0145 05       		.byte	0x5
 512 0146 0A       		.uleb128 0xa
 513 0147 FD010000 		.4byte	.LASF30
 514 014b 06       		.byte	0x6
ARM GAS  C:\Users\VIDEOH~1\AppData\Local\Temp\ccc6C5UN.s 			page 12


 515 014c 0A       		.uleb128 0xa
 516 014d A8030000 		.4byte	.LASF31
 517 0151 07       		.byte	0x7
 518 0152 00       		.byte	0
 519 0153 04       		.uleb128 0x4
 520 0154 D7000000 		.4byte	.LASF32
 521 0158 05       		.byte	0x5
 522 0159 59       		.byte	0x59
 523 015a 16010000 		.4byte	0x116
 524 015e 07       		.uleb128 0x7
 525 015f 03       		.byte	0x3
 526 0160 05       		.byte	0x5
 527 0161 5C       		.byte	0x5c
 528 0162 73010000 		.4byte	0x173
 529 0166 08       		.uleb128 0x8
 530 0167 23010000 		.4byte	.LASF33
 531 016b 05       		.byte	0x5
 532 016c 5D       		.byte	0x5d
 533 016d 88010000 		.4byte	0x188
 534 0171 00       		.byte	0
 535 0172 00       		.byte	0
 536 0173 0B       		.uleb128 0xb
 537 0174 83010000 		.4byte	0x183
 538 0178 83010000 		.4byte	0x183
 539 017c 0C       		.uleb128 0xc
 540 017d D7000000 		.4byte	0xd7
 541 0181 02       		.byte	0x2
 542 0182 00       		.byte	0
 543 0183 0D       		.uleb128 0xd
 544 0184 53010000 		.4byte	0x153
 545 0188 0D       		.uleb128 0xd
 546 0189 73010000 		.4byte	0x173
 547 018d 04       		.uleb128 0x4
 548 018e 40040000 		.4byte	.LASF34
 549 0192 05       		.byte	0x5
 550 0193 5E       		.byte	0x5e
 551 0194 5E010000 		.4byte	0x15e
 552 0198 07       		.uleb128 0x7
 553 0199 03       		.byte	0x3
 554 019a 05       		.byte	0x5
 555 019b 62       		.byte	0x62
 556 019c AC010000 		.4byte	0x1ac
 557 01a0 0E       		.uleb128 0xe
 558 01a1 636300   		.ascii	"cc\000"
 559 01a4 05       		.byte	0x5
 560 01a5 63       		.byte	0x63
 561 01a6 8D010000 		.4byte	0x18d
 562 01aa 00       		.byte	0
 563 01ab 00       		.byte	0
 564 01ac 0F       		.uleb128 0xf
 565 01ad 03       		.byte	0x3
 566 01ae 05       		.byte	0x5
 567 01af 61       		.byte	0x61
 568 01b0 CB010000 		.4byte	0x1cb
 569 01b4 10       		.uleb128 0x10
 570 01b5 6F020000 		.4byte	.LASF35
 571 01b9 05       		.byte	0x5
ARM GAS  C:\Users\VIDEOH~1\AppData\Local\Temp\ccc6C5UN.s 			page 13


 572 01ba 64       		.byte	0x64
 573 01bb 98010000 		.4byte	0x198
 574 01bf 10       		.uleb128 0x10
 575 01c0 24020000 		.4byte	.LASF36
 576 01c4 05       		.byte	0x5
 577 01c5 65       		.byte	0x65
 578 01c6 CB010000 		.4byte	0x1cb
 579 01ca 00       		.byte	0
 580 01cb 0B       		.uleb128 0xb
 581 01cc 8D010000 		.4byte	0x18d
 582 01d0 DB010000 		.4byte	0x1db
 583 01d4 0C       		.uleb128 0xc
 584 01d5 D7000000 		.4byte	0xd7
 585 01d9 00       		.byte	0
 586 01da 00       		.byte	0
 587 01db 04       		.uleb128 0x4
 588 01dc B7000000 		.4byte	.LASF37
 589 01e0 05       		.byte	0x5
 590 01e1 66       		.byte	0x66
 591 01e2 AC010000 		.4byte	0x1ac
 592 01e6 07       		.uleb128 0x7
 593 01e7 24       		.byte	0x24
 594 01e8 05       		.byte	0x5
 595 01e9 68       		.byte	0x68
 596 01ea 5B020000 		.4byte	0x25b
 597 01ee 08       		.uleb128 0x8
 598 01ef 62010000 		.4byte	.LASF38
 599 01f3 05       		.byte	0x5
 600 01f4 69       		.byte	0x69
 601 01f5 25000000 		.4byte	0x25
 602 01f9 00       		.byte	0
 603 01fa 08       		.uleb128 0x8
 604 01fb 3D020000 		.4byte	.LASF39
 605 01ff 05       		.byte	0x5
 606 0200 6A       		.byte	0x6a
 607 0201 25000000 		.4byte	0x25
 608 0205 04       		.byte	0x4
 609 0206 08       		.uleb128 0x8
 610 0207 00000000 		.4byte	.LASF40
 611 020b 05       		.byte	0x5
 612 020c 6B       		.byte	0x6b
 613 020d 25000000 		.4byte	0x25
 614 0211 08       		.byte	0x8
 615 0212 08       		.uleb128 0x8
 616 0213 FB030000 		.4byte	.LASF41
 617 0217 05       		.byte	0x5
 618 0218 6C       		.byte	0x6c
 619 0219 25000000 		.4byte	0x25
 620 021d 0C       		.byte	0xc
 621 021e 08       		.uleb128 0x8
 622 021f E8030000 		.4byte	.LASF42
 623 0223 05       		.byte	0x5
 624 0224 6E       		.byte	0x6e
 625 0225 25000000 		.4byte	0x25
 626 0229 10       		.byte	0x10
 627 022a 08       		.uleb128 0x8
 628 022b 5C000000 		.4byte	.LASF43
ARM GAS  C:\Users\VIDEOH~1\AppData\Local\Temp\ccc6C5UN.s 			page 14


 629 022f 05       		.byte	0x5
 630 0230 6F       		.byte	0x6f
 631 0231 25000000 		.4byte	0x25
 632 0235 14       		.byte	0x14
 633 0236 08       		.uleb128 0x8
 634 0237 B8010000 		.4byte	.LASF44
 635 023b 05       		.byte	0x5
 636 023c 71       		.byte	0x71
 637 023d 25000000 		.4byte	0x25
 638 0241 18       		.byte	0x18
 639 0242 08       		.uleb128 0x8
 640 0243 01050000 		.4byte	.LASF45
 641 0247 05       		.byte	0x5
 642 0248 72       		.byte	0x72
 643 0249 25000000 		.4byte	0x25
 644 024d 1C       		.byte	0x1c
 645 024e 08       		.uleb128 0x8
 646 024f E8040000 		.4byte	.LASF46
 647 0253 05       		.byte	0x5
 648 0254 74       		.byte	0x74
 649 0255 25000000 		.4byte	0x25
 650 0259 20       		.byte	0x20
 651 025a 00       		.byte	0
 652 025b 04       		.uleb128 0x4
 653 025c 75020000 		.4byte	.LASF47
 654 0260 05       		.byte	0x5
 655 0261 75       		.byte	0x75
 656 0262 E6010000 		.4byte	0x1e6
 657 0266 07       		.uleb128 0x7
 658 0267 38       		.byte	0x38
 659 0268 05       		.byte	0x5
 660 0269 77       		.byte	0x77
 661 026a C3020000 		.4byte	0x2c3
 662 026e 08       		.uleb128 0x8
 663 026f 13020000 		.4byte	.LASF48
 664 0273 05       		.byte	0x5
 665 0274 78       		.byte	0x78
 666 0275 76000000 		.4byte	0x76
 667 0279 00       		.byte	0
 668 027a 08       		.uleb128 0x8
 669 027b CA000000 		.4byte	.LASF49
 670 027f 05       		.byte	0x5
 671 0280 79       		.byte	0x79
 672 0281 25000000 		.4byte	0x25
 673 0285 04       		.byte	0x4
 674 0286 08       		.uleb128 0x8
 675 0287 2D050000 		.4byte	.LASF50
 676 028b 05       		.byte	0x5
 677 028c 7A       		.byte	0x7a
 678 028d A5000000 		.4byte	0xa5
 679 0291 08       		.byte	0x8
 680 0292 08       		.uleb128 0x8
 681 0293 D5040000 		.4byte	.LASF51
 682 0297 05       		.byte	0x5
 683 0298 7B       		.byte	0x7b
 684 0299 8D000000 		.4byte	0x8d
 685 029d 0A       		.byte	0xa
ARM GAS  C:\Users\VIDEOH~1\AppData\Local\Temp\ccc6C5UN.s 			page 15


 686 029e 08       		.uleb128 0x8
 687 029f CB010000 		.4byte	.LASF52
 688 02a3 05       		.byte	0x5
 689 02a4 7C       		.byte	0x7c
 690 02a5 8D000000 		.4byte	0x8d
 691 02a9 0C       		.byte	0xc
 692 02aa 08       		.uleb128 0x8
 693 02ab E8000000 		.4byte	.LASF53
 694 02af 05       		.byte	0x5
 695 02b0 7D       		.byte	0x7d
 696 02b1 DB010000 		.4byte	0x1db
 697 02b5 0E       		.byte	0xe
 698 02b6 08       		.uleb128 0x8
 699 02b7 8A000000 		.4byte	.LASF54
 700 02bb 05       		.byte	0x5
 701 02bc 7E       		.byte	0x7e
 702 02bd 5B020000 		.4byte	0x25b
 703 02c1 14       		.byte	0x14
 704 02c2 00       		.byte	0
 705 02c3 04       		.uleb128 0x4
 706 02c4 19050000 		.4byte	.LASF55
 707 02c8 05       		.byte	0x5
 708 02c9 7F       		.byte	0x7f
 709 02ca 66020000 		.4byte	0x266
 710 02ce 09       		.uleb128 0x9
 711 02cf 01       		.byte	0x1
 712 02d0 45000000 		.4byte	0x45
 713 02d4 05       		.byte	0x5
 714 02d5 95       		.byte	0x95
 715 02d6 ED020000 		.4byte	0x2ed
 716 02da 0A       		.uleb128 0xa
 717 02db 43050000 		.4byte	.LASF56
 718 02df 00       		.byte	0
 719 02e0 0A       		.uleb128 0xa
 720 02e1 9F000000 		.4byte	.LASF57
 721 02e5 01       		.byte	0x1
 722 02e6 0A       		.uleb128 0xa
 723 02e7 8D040000 		.4byte	.LASF58
 724 02eb 02       		.byte	0x2
 725 02ec 00       		.byte	0
 726 02ed 04       		.uleb128 0x4
 727 02ee 9C030000 		.4byte	.LASF59
 728 02f2 05       		.byte	0x5
 729 02f3 99       		.byte	0x99
 730 02f4 CE020000 		.4byte	0x2ce
 731 02f8 11       		.uleb128 0x11
 732 02f9 53050000 		.4byte	.LASF63
 733 02fd 01       		.byte	0x1
 734 02fe 1B       		.byte	0x1b
 735 02ff 00000000 		.4byte	.LFB34
 736 0303 58000000 		.4byte	.LFE34-.LFB34
 737 0307 01       		.uleb128 0x1
 738 0308 9C       		.byte	0x9c
 739 0309 38030000 		.4byte	0x338
 740 030d 12       		.uleb128 0x12
 741 030e 24050000 		.4byte	.LASF65
 742 0312 01       		.byte	0x1
ARM GAS  C:\Users\VIDEOH~1\AppData\Local\Temp\ccc6C5UN.s 			page 16


 743 0313 1B       		.byte	0x1b
 744 0314 25000000 		.4byte	0x25
 745 0318 00000000 		.4byte	.LLST0
 746 031c 13       		.uleb128 0x13
 747 031d 20000000 		.4byte	.LVL5
 748 0321 45040000 		.4byte	0x445
 749 0325 13       		.uleb128 0x13
 750 0326 34000000 		.4byte	.LVL9
 751 032a 50040000 		.4byte	0x450
 752 032e 13       		.uleb128 0x13
 753 032f 48000000 		.4byte	.LVL12
 754 0333 5B040000 		.4byte	0x45b
 755 0337 00       		.byte	0
 756 0338 14       		.uleb128 0x14
 757 0339 5C010000 		.4byte	.LASF80
 758 033d 01       		.byte	0x1
 759 033e 12       		.byte	0x12
 760 033f 00000000 		.4byte	.LFB33
 761 0343 28000000 		.4byte	.LFE33-.LFB33
 762 0347 01       		.uleb128 0x1
 763 0348 9C       		.byte	0x9c
 764 0349 5D030000 		.4byte	0x35d
 765 034d 15       		.uleb128 0x15
 766 034e 12000000 		.4byte	.LVL14
 767 0352 F8020000 		.4byte	0x2f8
 768 0356 16       		.uleb128 0x16
 769 0357 01       		.uleb128 0x1
 770 0358 50       		.byte	0x50
 771 0359 01       		.uleb128 0x1
 772 035a 30       		.byte	0x30
 773 035b 00       		.byte	0
 774 035c 00       		.byte	0
 775 035d 17       		.uleb128 0x17
 776 035e 2C010000 		.4byte	.LASF60
 777 0362 01       		.byte	0x1
 778 0363 2B       		.byte	0x2b
 779 0364 25000000 		.4byte	0x25
 780 0368 00000000 		.4byte	.LFB35
 781 036c 0C000000 		.4byte	.LFE35-.LFB35
 782 0370 01       		.uleb128 0x1
 783 0371 9C       		.byte	0x9c
 784 0372 17       		.uleb128 0x17
 785 0373 8C020000 		.4byte	.LASF61
 786 0377 01       		.byte	0x1
 787 0378 32       		.byte	0x32
 788 0379 81000000 		.4byte	0x81
 789 037d 00000000 		.4byte	.LFB36
 790 0381 0C000000 		.4byte	.LFE36-.LFB36
 791 0385 01       		.uleb128 0x1
 792 0386 9C       		.byte	0x9c
 793 0387 17       		.uleb128 0x17
 794 0388 EB010000 		.4byte	.LASF62
 795 038c 01       		.byte	0x1
 796 038d 36       		.byte	0x36
 797 038e 81000000 		.4byte	0x81
 798 0392 00000000 		.4byte	.LFB37
 799 0396 0C000000 		.4byte	.LFE37-.LFB37
ARM GAS  C:\Users\VIDEOH~1\AppData\Local\Temp\ccc6C5UN.s 			page 17


 800 039a 01       		.uleb128 0x1
 801 039b 9C       		.byte	0x9c
 802 039c 18       		.uleb128 0x18
 803 039d 46000000 		.4byte	.LASF64
 804 03a1 01       		.byte	0x1
 805 03a2 3C       		.byte	0x3c
 806 03a3 00000000 		.4byte	.LFB38
 807 03a7 38000000 		.4byte	.LFE38-.LFB38
 808 03ab 01       		.uleb128 0x1
 809 03ac 9C       		.byte	0x9c
 810 03ad 09040000 		.4byte	0x409
 811 03b1 12       		.uleb128 0x12
 812 03b2 13010000 		.4byte	.LASF66
 813 03b6 01       		.byte	0x1
 814 03b7 3C       		.byte	0x3c
 815 03b8 ED020000 		.4byte	0x2ed
 816 03bc 42000000 		.4byte	.LLST1
 817 03c0 19       		.uleb128 0x19
 818 03c1 1A000000 		.4byte	.LVL17
 819 03c5 66040000 		.4byte	0x466
 820 03c9 D3030000 		.4byte	0x3d3
 821 03cd 16       		.uleb128 0x16
 822 03ce 01       		.uleb128 0x1
 823 03cf 50       		.byte	0x50
 824 03d0 01       		.uleb128 0x1
 825 03d1 30       		.byte	0x30
 826 03d2 00       		.byte	0
 827 03d3 13       		.uleb128 0x13
 828 03d4 1E000000 		.4byte	.LVL18
 829 03d8 71040000 		.4byte	0x471
 830 03dc 13       		.uleb128 0x13
 831 03dd 24000000 		.4byte	.LVL20
 832 03e1 7C040000 		.4byte	0x47c
 833 03e5 19       		.uleb128 0x19
 834 03e6 2A000000 		.4byte	.LVL21
 835 03ea 87040000 		.4byte	0x487
 836 03ee F9030000 		.4byte	0x3f9
 837 03f2 16       		.uleb128 0x16
 838 03f3 01       		.uleb128 0x1
 839 03f4 50       		.byte	0x50
 840 03f5 02       		.uleb128 0x2
 841 03f6 74       		.byte	0x74
 842 03f7 00       		.sleb128 0
 843 03f8 00       		.byte	0
 844 03f9 15       		.uleb128 0x15
 845 03fa 30000000 		.4byte	.LVL22
 846 03fe 66040000 		.4byte	0x466
 847 0402 16       		.uleb128 0x16
 848 0403 01       		.uleb128 0x1
 849 0404 50       		.byte	0x50
 850 0405 01       		.uleb128 0x1
 851 0406 36       		.byte	0x36
 852 0407 00       		.byte	0
 853 0408 00       		.byte	0
 854 0409 17       		.uleb128 0x17
 855 040a 2D020000 		.4byte	.LASF67
 856 040e 01       		.byte	0x1
ARM GAS  C:\Users\VIDEOH~1\AppData\Local\Temp\ccc6C5UN.s 			page 18


 857 040f 53       		.byte	0x53
 858 0410 ED020000 		.4byte	0x2ed
 859 0414 00000000 		.4byte	.LFB39
 860 0418 0C000000 		.4byte	.LFE39-.LFB39
 861 041c 01       		.uleb128 0x1
 862 041d 9C       		.byte	0x9c
 863 041e 1A       		.uleb128 0x1a
 864 041f 9E020000 		.4byte	.LASF81
 865 0423 01       		.byte	0x1
 866 0424 3A       		.byte	0x3a
 867 0425 ED020000 		.4byte	0x2ed
 868 0429 05       		.uleb128 0x5
 869 042a 03       		.byte	0x3
 870 042b 00000000 		.4byte	current_output_mode
 871 042f 1B       		.uleb128 0x1b
 872 0430 56000000 		.4byte	.LASF68
 873 0434 05       		.byte	0x5
 874 0435 4E       		.byte	0x4e
 875 0436 0B010000 		.4byte	0x10b
 876 043a 1B       		.uleb128 0x1b
 877 043b 85010000 		.4byte	.LASF69
 878 043f 05       		.byte	0x5
 879 0440 81       		.byte	0x81
 880 0441 C3020000 		.4byte	0x2c3
 881 0445 1C       		.uleb128 0x1c
 882 0446 BB040000 		.4byte	.LASF70
 883 044a BB040000 		.4byte	.LASF70
 884 044e 05       		.byte	0x5
 885 044f 8D       		.byte	0x8d
 886 0450 1C       		.uleb128 0x1c
 887 0451 6D000000 		.4byte	.LASF71
 888 0455 6D000000 		.4byte	.LASF71
 889 0459 06       		.byte	0x6
 890 045a 54       		.byte	0x54
 891 045b 1C       		.uleb128 0x1c
 892 045c 2E040000 		.4byte	.LASF72
 893 0460 2E040000 		.4byte	.LASF72
 894 0464 07       		.byte	0x7
 895 0465 54       		.byte	0x54
 896 0466 1C       		.uleb128 0x1c
 897 0467 7B030000 		.4byte	.LASF73
 898 046b 7B030000 		.4byte	.LASF73
 899 046f 08       		.byte	0x8
 900 0470 36       		.byte	0x36
 901 0471 1C       		.uleb128 0x1c
 902 0472 DF010000 		.4byte	.LASF74
 903 0476 DF010000 		.4byte	.LASF74
 904 047a 09       		.byte	0x9
 905 047b 29       		.byte	0x29
 906 047c 1C       		.uleb128 0x1c
 907 047d 18010000 		.4byte	.LASF75
 908 0481 18010000 		.4byte	.LASF75
 909 0485 09       		.byte	0x9
 910 0486 2A       		.byte	0x2a
 911 0487 1C       		.uleb128 0x1c
 912 0488 9F010000 		.4byte	.LASF76
 913 048c 9F010000 		.4byte	.LASF76
ARM GAS  C:\Users\VIDEOH~1\AppData\Local\Temp\ccc6C5UN.s 			page 19


 914 0490 08       		.byte	0x8
 915 0491 33       		.byte	0x33
 916 0492 00       		.byte	0
 917              		.section	.debug_abbrev,"",%progbits
 918              	.Ldebug_abbrev0:
 919 0000 01       		.uleb128 0x1
 920 0001 11       		.uleb128 0x11
 921 0002 01       		.byte	0x1
 922 0003 25       		.uleb128 0x25
 923 0004 0E       		.uleb128 0xe
 924 0005 13       		.uleb128 0x13
 925 0006 0B       		.uleb128 0xb
 926 0007 03       		.uleb128 0x3
 927 0008 0E       		.uleb128 0xe
 928 0009 1B       		.uleb128 0x1b
 929 000a 0E       		.uleb128 0xe
 930 000b 55       		.uleb128 0x55
 931 000c 17       		.uleb128 0x17
 932 000d 11       		.uleb128 0x11
 933 000e 01       		.uleb128 0x1
 934 000f 10       		.uleb128 0x10
 935 0010 17       		.uleb128 0x17
 936 0011 00       		.byte	0
 937 0012 00       		.byte	0
 938 0013 02       		.uleb128 0x2
 939 0014 24       		.uleb128 0x24
 940 0015 00       		.byte	0
 941 0016 0B       		.uleb128 0xb
 942 0017 0B       		.uleb128 0xb
 943 0018 3E       		.uleb128 0x3e
 944 0019 0B       		.uleb128 0xb
 945 001a 03       		.uleb128 0x3
 946 001b 08       		.uleb128 0x8
 947 001c 00       		.byte	0
 948 001d 00       		.byte	0
 949 001e 03       		.uleb128 0x3
 950 001f 24       		.uleb128 0x24
 951 0020 00       		.byte	0
 952 0021 0B       		.uleb128 0xb
 953 0022 0B       		.uleb128 0xb
 954 0023 3E       		.uleb128 0x3e
 955 0024 0B       		.uleb128 0xb
 956 0025 03       		.uleb128 0x3
 957 0026 0E       		.uleb128 0xe
 958 0027 00       		.byte	0
 959 0028 00       		.byte	0
 960 0029 04       		.uleb128 0x4
 961 002a 16       		.uleb128 0x16
 962 002b 00       		.byte	0
 963 002c 03       		.uleb128 0x3
 964 002d 0E       		.uleb128 0xe
 965 002e 3A       		.uleb128 0x3a
 966 002f 0B       		.uleb128 0xb
 967 0030 3B       		.uleb128 0x3b
 968 0031 0B       		.uleb128 0xb
 969 0032 49       		.uleb128 0x49
 970 0033 13       		.uleb128 0x13
ARM GAS  C:\Users\VIDEOH~1\AppData\Local\Temp\ccc6C5UN.s 			page 20


 971 0034 00       		.byte	0
 972 0035 00       		.byte	0
 973 0036 05       		.uleb128 0x5
 974 0037 16       		.uleb128 0x16
 975 0038 00       		.byte	0
 976 0039 03       		.uleb128 0x3
 977 003a 0E       		.uleb128 0xe
 978 003b 3A       		.uleb128 0x3a
 979 003c 0B       		.uleb128 0xb
 980 003d 3B       		.uleb128 0x3b
 981 003e 05       		.uleb128 0x5
 982 003f 49       		.uleb128 0x49
 983 0040 13       		.uleb128 0x13
 984 0041 00       		.byte	0
 985 0042 00       		.byte	0
 986 0043 06       		.uleb128 0x6
 987 0044 35       		.uleb128 0x35
 988 0045 00       		.byte	0
 989 0046 49       		.uleb128 0x49
 990 0047 13       		.uleb128 0x13
 991 0048 00       		.byte	0
 992 0049 00       		.byte	0
 993 004a 07       		.uleb128 0x7
 994 004b 13       		.uleb128 0x13
 995 004c 01       		.byte	0x1
 996 004d 0B       		.uleb128 0xb
 997 004e 0B       		.uleb128 0xb
 998 004f 3A       		.uleb128 0x3a
 999 0050 0B       		.uleb128 0xb
 1000 0051 3B       		.uleb128 0x3b
 1001 0052 0B       		.uleb128 0xb
 1002 0053 01       		.uleb128 0x1
 1003 0054 13       		.uleb128 0x13
 1004 0055 00       		.byte	0
 1005 0056 00       		.byte	0
 1006 0057 08       		.uleb128 0x8
 1007 0058 0D       		.uleb128 0xd
 1008 0059 00       		.byte	0
 1009 005a 03       		.uleb128 0x3
 1010 005b 0E       		.uleb128 0xe
 1011 005c 3A       		.uleb128 0x3a
 1012 005d 0B       		.uleb128 0xb
 1013 005e 3B       		.uleb128 0x3b
 1014 005f 0B       		.uleb128 0xb
 1015 0060 49       		.uleb128 0x49
 1016 0061 13       		.uleb128 0x13
 1017 0062 38       		.uleb128 0x38
 1018 0063 0B       		.uleb128 0xb
 1019 0064 00       		.byte	0
 1020 0065 00       		.byte	0
 1021 0066 09       		.uleb128 0x9
 1022 0067 04       		.uleb128 0x4
 1023 0068 01       		.byte	0x1
 1024 0069 0B       		.uleb128 0xb
 1025 006a 0B       		.uleb128 0xb
 1026 006b 49       		.uleb128 0x49
 1027 006c 13       		.uleb128 0x13
ARM GAS  C:\Users\VIDEOH~1\AppData\Local\Temp\ccc6C5UN.s 			page 21


 1028 006d 3A       		.uleb128 0x3a
 1029 006e 0B       		.uleb128 0xb
 1030 006f 3B       		.uleb128 0x3b
 1031 0070 0B       		.uleb128 0xb
 1032 0071 01       		.uleb128 0x1
 1033 0072 13       		.uleb128 0x13
 1034 0073 00       		.byte	0
 1035 0074 00       		.byte	0
 1036 0075 0A       		.uleb128 0xa
 1037 0076 28       		.uleb128 0x28
 1038 0077 00       		.byte	0
 1039 0078 03       		.uleb128 0x3
 1040 0079 0E       		.uleb128 0xe
 1041 007a 1C       		.uleb128 0x1c
 1042 007b 0B       		.uleb128 0xb
 1043 007c 00       		.byte	0
 1044 007d 00       		.byte	0
 1045 007e 0B       		.uleb128 0xb
 1046 007f 01       		.uleb128 0x1
 1047 0080 01       		.byte	0x1
 1048 0081 49       		.uleb128 0x49
 1049 0082 13       		.uleb128 0x13
 1050 0083 01       		.uleb128 0x1
 1051 0084 13       		.uleb128 0x13
 1052 0085 00       		.byte	0
 1053 0086 00       		.byte	0
 1054 0087 0C       		.uleb128 0xc
 1055 0088 21       		.uleb128 0x21
 1056 0089 00       		.byte	0
 1057 008a 49       		.uleb128 0x49
 1058 008b 13       		.uleb128 0x13
 1059 008c 2F       		.uleb128 0x2f
 1060 008d 0B       		.uleb128 0xb
 1061 008e 00       		.byte	0
 1062 008f 00       		.byte	0
 1063 0090 0D       		.uleb128 0xd
 1064 0091 26       		.uleb128 0x26
 1065 0092 00       		.byte	0
 1066 0093 49       		.uleb128 0x49
 1067 0094 13       		.uleb128 0x13
 1068 0095 00       		.byte	0
 1069 0096 00       		.byte	0
 1070 0097 0E       		.uleb128 0xe
 1071 0098 0D       		.uleb128 0xd
 1072 0099 00       		.byte	0
 1073 009a 03       		.uleb128 0x3
 1074 009b 08       		.uleb128 0x8
 1075 009c 3A       		.uleb128 0x3a
 1076 009d 0B       		.uleb128 0xb
 1077 009e 3B       		.uleb128 0x3b
 1078 009f 0B       		.uleb128 0xb
 1079 00a0 49       		.uleb128 0x49
 1080 00a1 13       		.uleb128 0x13
 1081 00a2 38       		.uleb128 0x38
 1082 00a3 0B       		.uleb128 0xb
 1083 00a4 00       		.byte	0
 1084 00a5 00       		.byte	0
ARM GAS  C:\Users\VIDEOH~1\AppData\Local\Temp\ccc6C5UN.s 			page 22


 1085 00a6 0F       		.uleb128 0xf
 1086 00a7 17       		.uleb128 0x17
 1087 00a8 01       		.byte	0x1
 1088 00a9 0B       		.uleb128 0xb
 1089 00aa 0B       		.uleb128 0xb
 1090 00ab 3A       		.uleb128 0x3a
 1091 00ac 0B       		.uleb128 0xb
 1092 00ad 3B       		.uleb128 0x3b
 1093 00ae 0B       		.uleb128 0xb
 1094 00af 01       		.uleb128 0x1
 1095 00b0 13       		.uleb128 0x13
 1096 00b1 00       		.byte	0
 1097 00b2 00       		.byte	0
 1098 00b3 10       		.uleb128 0x10
 1099 00b4 0D       		.uleb128 0xd
 1100 00b5 00       		.byte	0
 1101 00b6 03       		.uleb128 0x3
 1102 00b7 0E       		.uleb128 0xe
 1103 00b8 3A       		.uleb128 0x3a
 1104 00b9 0B       		.uleb128 0xb
 1105 00ba 3B       		.uleb128 0x3b
 1106 00bb 0B       		.uleb128 0xb
 1107 00bc 49       		.uleb128 0x49
 1108 00bd 13       		.uleb128 0x13
 1109 00be 00       		.byte	0
 1110 00bf 00       		.byte	0
 1111 00c0 11       		.uleb128 0x11
 1112 00c1 2E       		.uleb128 0x2e
 1113 00c2 01       		.byte	0x1
 1114 00c3 3F       		.uleb128 0x3f
 1115 00c4 19       		.uleb128 0x19
 1116 00c5 03       		.uleb128 0x3
 1117 00c6 0E       		.uleb128 0xe
 1118 00c7 3A       		.uleb128 0x3a
 1119 00c8 0B       		.uleb128 0xb
 1120 00c9 3B       		.uleb128 0x3b
 1121 00ca 0B       		.uleb128 0xb
 1122 00cb 27       		.uleb128 0x27
 1123 00cc 19       		.uleb128 0x19
 1124 00cd 11       		.uleb128 0x11
 1125 00ce 01       		.uleb128 0x1
 1126 00cf 12       		.uleb128 0x12
 1127 00d0 06       		.uleb128 0x6
 1128 00d1 40       		.uleb128 0x40
 1129 00d2 18       		.uleb128 0x18
 1130 00d3 9642     		.uleb128 0x2116
 1131 00d5 19       		.uleb128 0x19
 1132 00d6 01       		.uleb128 0x1
 1133 00d7 13       		.uleb128 0x13
 1134 00d8 00       		.byte	0
 1135 00d9 00       		.byte	0
 1136 00da 12       		.uleb128 0x12
 1137 00db 05       		.uleb128 0x5
 1138 00dc 00       		.byte	0
 1139 00dd 03       		.uleb128 0x3
 1140 00de 0E       		.uleb128 0xe
 1141 00df 3A       		.uleb128 0x3a
ARM GAS  C:\Users\VIDEOH~1\AppData\Local\Temp\ccc6C5UN.s 			page 23


 1142 00e0 0B       		.uleb128 0xb
 1143 00e1 3B       		.uleb128 0x3b
 1144 00e2 0B       		.uleb128 0xb
 1145 00e3 49       		.uleb128 0x49
 1146 00e4 13       		.uleb128 0x13
 1147 00e5 02       		.uleb128 0x2
 1148 00e6 17       		.uleb128 0x17
 1149 00e7 00       		.byte	0
 1150 00e8 00       		.byte	0
 1151 00e9 13       		.uleb128 0x13
 1152 00ea 898201   		.uleb128 0x4109
 1153 00ed 00       		.byte	0
 1154 00ee 11       		.uleb128 0x11
 1155 00ef 01       		.uleb128 0x1
 1156 00f0 31       		.uleb128 0x31
 1157 00f1 13       		.uleb128 0x13
 1158 00f2 00       		.byte	0
 1159 00f3 00       		.byte	0
 1160 00f4 14       		.uleb128 0x14
 1161 00f5 2E       		.uleb128 0x2e
 1162 00f6 01       		.byte	0x1
 1163 00f7 3F       		.uleb128 0x3f
 1164 00f8 19       		.uleb128 0x19
 1165 00f9 03       		.uleb128 0x3
 1166 00fa 0E       		.uleb128 0xe
 1167 00fb 3A       		.uleb128 0x3a
 1168 00fc 0B       		.uleb128 0xb
 1169 00fd 3B       		.uleb128 0x3b
 1170 00fe 0B       		.uleb128 0xb
 1171 00ff 11       		.uleb128 0x11
 1172 0100 01       		.uleb128 0x1
 1173 0101 12       		.uleb128 0x12
 1174 0102 06       		.uleb128 0x6
 1175 0103 40       		.uleb128 0x40
 1176 0104 18       		.uleb128 0x18
 1177 0105 9742     		.uleb128 0x2117
 1178 0107 19       		.uleb128 0x19
 1179 0108 01       		.uleb128 0x1
 1180 0109 13       		.uleb128 0x13
 1181 010a 00       		.byte	0
 1182 010b 00       		.byte	0
 1183 010c 15       		.uleb128 0x15
 1184 010d 898201   		.uleb128 0x4109
 1185 0110 01       		.byte	0x1
 1186 0111 11       		.uleb128 0x11
 1187 0112 01       		.uleb128 0x1
 1188 0113 31       		.uleb128 0x31
 1189 0114 13       		.uleb128 0x13
 1190 0115 00       		.byte	0
 1191 0116 00       		.byte	0
 1192 0117 16       		.uleb128 0x16
 1193 0118 8A8201   		.uleb128 0x410a
 1194 011b 00       		.byte	0
 1195 011c 02       		.uleb128 0x2
 1196 011d 18       		.uleb128 0x18
 1197 011e 9142     		.uleb128 0x2111
 1198 0120 18       		.uleb128 0x18
ARM GAS  C:\Users\VIDEOH~1\AppData\Local\Temp\ccc6C5UN.s 			page 24


 1199 0121 00       		.byte	0
 1200 0122 00       		.byte	0
 1201 0123 17       		.uleb128 0x17
 1202 0124 2E       		.uleb128 0x2e
 1203 0125 00       		.byte	0
 1204 0126 3F       		.uleb128 0x3f
 1205 0127 19       		.uleb128 0x19
 1206 0128 03       		.uleb128 0x3
 1207 0129 0E       		.uleb128 0xe
 1208 012a 3A       		.uleb128 0x3a
 1209 012b 0B       		.uleb128 0xb
 1210 012c 3B       		.uleb128 0x3b
 1211 012d 0B       		.uleb128 0xb
 1212 012e 49       		.uleb128 0x49
 1213 012f 13       		.uleb128 0x13
 1214 0130 11       		.uleb128 0x11
 1215 0131 01       		.uleb128 0x1
 1216 0132 12       		.uleb128 0x12
 1217 0133 06       		.uleb128 0x6
 1218 0134 40       		.uleb128 0x40
 1219 0135 18       		.uleb128 0x18
 1220 0136 9742     		.uleb128 0x2117
 1221 0138 19       		.uleb128 0x19
 1222 0139 00       		.byte	0
 1223 013a 00       		.byte	0
 1224 013b 18       		.uleb128 0x18
 1225 013c 2E       		.uleb128 0x2e
 1226 013d 01       		.byte	0x1
 1227 013e 3F       		.uleb128 0x3f
 1228 013f 19       		.uleb128 0x19
 1229 0140 03       		.uleb128 0x3
 1230 0141 0E       		.uleb128 0xe
 1231 0142 3A       		.uleb128 0x3a
 1232 0143 0B       		.uleb128 0xb
 1233 0144 3B       		.uleb128 0x3b
 1234 0145 0B       		.uleb128 0xb
 1235 0146 27       		.uleb128 0x27
 1236 0147 19       		.uleb128 0x19
 1237 0148 11       		.uleb128 0x11
 1238 0149 01       		.uleb128 0x1
 1239 014a 12       		.uleb128 0x12
 1240 014b 06       		.uleb128 0x6
 1241 014c 40       		.uleb128 0x40
 1242 014d 18       		.uleb128 0x18
 1243 014e 9742     		.uleb128 0x2117
 1244 0150 19       		.uleb128 0x19
 1245 0151 01       		.uleb128 0x1
 1246 0152 13       		.uleb128 0x13
 1247 0153 00       		.byte	0
 1248 0154 00       		.byte	0
 1249 0155 19       		.uleb128 0x19
 1250 0156 898201   		.uleb128 0x4109
 1251 0159 01       		.byte	0x1
 1252 015a 11       		.uleb128 0x11
 1253 015b 01       		.uleb128 0x1
 1254 015c 31       		.uleb128 0x31
 1255 015d 13       		.uleb128 0x13
ARM GAS  C:\Users\VIDEOH~1\AppData\Local\Temp\ccc6C5UN.s 			page 25


 1256 015e 01       		.uleb128 0x1
 1257 015f 13       		.uleb128 0x13
 1258 0160 00       		.byte	0
 1259 0161 00       		.byte	0
 1260 0162 1A       		.uleb128 0x1a
 1261 0163 34       		.uleb128 0x34
 1262 0164 00       		.byte	0
 1263 0165 03       		.uleb128 0x3
 1264 0166 0E       		.uleb128 0xe
 1265 0167 3A       		.uleb128 0x3a
 1266 0168 0B       		.uleb128 0xb
 1267 0169 3B       		.uleb128 0x3b
 1268 016a 0B       		.uleb128 0xb
 1269 016b 49       		.uleb128 0x49
 1270 016c 13       		.uleb128 0x13
 1271 016d 02       		.uleb128 0x2
 1272 016e 18       		.uleb128 0x18
 1273 016f 00       		.byte	0
 1274 0170 00       		.byte	0
 1275 0171 1B       		.uleb128 0x1b
 1276 0172 34       		.uleb128 0x34
 1277 0173 00       		.byte	0
 1278 0174 03       		.uleb128 0x3
 1279 0175 0E       		.uleb128 0xe
 1280 0176 3A       		.uleb128 0x3a
 1281 0177 0B       		.uleb128 0xb
 1282 0178 3B       		.uleb128 0x3b
 1283 0179 0B       		.uleb128 0xb
 1284 017a 49       		.uleb128 0x49
 1285 017b 13       		.uleb128 0x13
 1286 017c 3F       		.uleb128 0x3f
 1287 017d 19       		.uleb128 0x19
 1288 017e 3C       		.uleb128 0x3c
 1289 017f 19       		.uleb128 0x19
 1290 0180 00       		.byte	0
 1291 0181 00       		.byte	0
 1292 0182 1C       		.uleb128 0x1c
 1293 0183 2E       		.uleb128 0x2e
 1294 0184 00       		.byte	0
 1295 0185 3F       		.uleb128 0x3f
 1296 0186 19       		.uleb128 0x19
 1297 0187 3C       		.uleb128 0x3c
 1298 0188 19       		.uleb128 0x19
 1299 0189 6E       		.uleb128 0x6e
 1300 018a 0E       		.uleb128 0xe
 1301 018b 03       		.uleb128 0x3
 1302 018c 0E       		.uleb128 0xe
 1303 018d 3A       		.uleb128 0x3a
 1304 018e 0B       		.uleb128 0xb
 1305 018f 3B       		.uleb128 0x3b
 1306 0190 0B       		.uleb128 0xb
 1307 0191 00       		.byte	0
 1308 0192 00       		.byte	0
 1309 0193 00       		.byte	0
 1310              		.section	.debug_loc,"",%progbits
 1311              	.Ldebug_loc0:
 1312              	.LLST0:
ARM GAS  C:\Users\VIDEOH~1\AppData\Local\Temp\ccc6C5UN.s 			page 26


 1313 0000 00000000 		.4byte	.LVL0
 1314 0004 0E000000 		.4byte	.LVL1
 1315 0008 0100     		.2byte	0x1
 1316 000a 50       		.byte	0x50
 1317 000b 0E000000 		.4byte	.LVL1
 1318 000f 10000000 		.4byte	.LVL2
 1319 0013 0400     		.2byte	0x4
 1320 0015 F3       		.byte	0xf3
 1321 0016 01       		.uleb128 0x1
 1322 0017 50       		.byte	0x50
 1323 0018 9F       		.byte	0x9f
 1324 0019 10000000 		.4byte	.LVL2
 1325 001d 1C000000 		.4byte	.LVL4
 1326 0021 0100     		.2byte	0x1
 1327 0023 50       		.byte	0x50
 1328 0024 1C000000 		.4byte	.LVL4
 1329 0028 22000000 		.4byte	.LVL6
 1330 002c 0100     		.2byte	0x1
 1331 002e 54       		.byte	0x54
 1332 002f 28000000 		.4byte	.LVL7
 1333 0033 48000000 		.4byte	.LVL13
 1334 0037 0100     		.2byte	0x1
 1335 0039 54       		.byte	0x54
 1336 003a 00000000 		.4byte	0
 1337 003e 00000000 		.4byte	0
 1338              	.LLST1:
 1339 0042 00000000 		.4byte	.LVL15
 1340 0046 16000000 		.4byte	.LVL16
 1341 004a 0100     		.2byte	0x1
 1342 004c 50       		.byte	0x50
 1343 004d 16000000 		.4byte	.LVL16
 1344 0051 19000000 		.4byte	.LVL17-1
 1345 0055 0500     		.2byte	0x5
 1346 0057 03       		.byte	0x3
 1347 0058 00000000 		.4byte	current_output_mode
 1348 005c 19000000 		.4byte	.LVL17-1
 1349 0060 20000000 		.4byte	.LVL19
 1350 0064 0400     		.2byte	0x4
 1351 0066 F3       		.byte	0xf3
 1352 0067 01       		.uleb128 0x1
 1353 0068 50       		.byte	0x50
 1354 0069 9F       		.byte	0x9f
 1355 006a 20000000 		.4byte	.LVL19
 1356 006e 23000000 		.4byte	.LVL20-1
 1357 0072 0100     		.2byte	0x1
 1358 0074 50       		.byte	0x50
 1359 0075 23000000 		.4byte	.LVL20-1
 1360 0079 38000000 		.4byte	.LFE38
 1361 007d 0400     		.2byte	0x4
 1362 007f F3       		.byte	0xf3
 1363 0080 01       		.uleb128 0x1
 1364 0081 50       		.byte	0x50
 1365 0082 9F       		.byte	0x9f
 1366 0083 00000000 		.4byte	0
 1367 0087 00000000 		.4byte	0
 1368              		.section	.debug_aranges,"",%progbits
 1369 0000 4C000000 		.4byte	0x4c
ARM GAS  C:\Users\VIDEOH~1\AppData\Local\Temp\ccc6C5UN.s 			page 27


 1370 0004 0200     		.2byte	0x2
 1371 0006 00000000 		.4byte	.Ldebug_info0
 1372 000a 04       		.byte	0x4
 1373 000b 00       		.byte	0
 1374 000c 0000     		.2byte	0
 1375 000e 0000     		.2byte	0
 1376 0010 00000000 		.4byte	.LFB34
 1377 0014 58000000 		.4byte	.LFE34-.LFB34
 1378 0018 00000000 		.4byte	.LFB33
 1379 001c 28000000 		.4byte	.LFE33-.LFB33
 1380 0020 00000000 		.4byte	.LFB35
 1381 0024 0C000000 		.4byte	.LFE35-.LFB35
 1382 0028 00000000 		.4byte	.LFB36
 1383 002c 0C000000 		.4byte	.LFE36-.LFB36
 1384 0030 00000000 		.4byte	.LFB37
 1385 0034 0C000000 		.4byte	.LFE37-.LFB37
 1386 0038 00000000 		.4byte	.LFB38
 1387 003c 38000000 		.4byte	.LFE38-.LFB38
 1388 0040 00000000 		.4byte	.LFB39
 1389 0044 0C000000 		.4byte	.LFE39-.LFB39
 1390 0048 00000000 		.4byte	0
 1391 004c 00000000 		.4byte	0
 1392              		.section	.debug_ranges,"",%progbits
 1393              	.Ldebug_ranges0:
 1394 0000 00000000 		.4byte	.LFB34
 1395 0004 58000000 		.4byte	.LFE34
 1396 0008 00000000 		.4byte	.LFB33
 1397 000c 28000000 		.4byte	.LFE33
 1398 0010 00000000 		.4byte	.LFB35
 1399 0014 0C000000 		.4byte	.LFE35
 1400 0018 00000000 		.4byte	.LFB36
 1401 001c 0C000000 		.4byte	.LFE36
 1402 0020 00000000 		.4byte	.LFB37
 1403 0024 0C000000 		.4byte	.LFE37
 1404 0028 00000000 		.4byte	.LFB38
 1405 002c 38000000 		.4byte	.LFE38
 1406 0030 00000000 		.4byte	.LFB39
 1407 0034 0C000000 		.4byte	.LFE39
 1408 0038 00000000 		.4byte	0
 1409 003c 00000000 		.4byte	0
 1410              		.section	.debug_line,"",%progbits
 1411              	.Ldebug_line0:
 1412 0000 2E020000 		.section	.debug_str,"MS",%progbits,1
 1412      02008201 
 1412      00000201 
 1412      FB0E0D00 
 1412      01010101 
 1413              	.LASF40:
 1414 0000 6461635F 		.ascii	"dac_offset\000"
 1414      6F666673 
 1414      657400
 1415              	.LASF79:
 1416 000b 443A5C31 		.ascii	"D:\\1_work\\my_project\\ReloadPro\\psoc42boot\\Relo"
 1416      5F776F72 
 1416      6B5C6D79 
 1416      5F70726F 
 1416      6A656374 
ARM GAS  C:\Users\VIDEOH~1\AppData\Local\Temp\ccc6C5UN.s 			page 28


 1417 0039 61642050 		.ascii	"ad Pro.cydsn\000"
 1417      726F2E63 
 1417      7964736E 
 1417      00
 1418              	.LASF64:
 1419 0046 7365745F 		.ascii	"set_output_mode\000"
 1419      6F757470 
 1419      75745F6D 
 1419      6F646500 
 1420              	.LASF68:
 1421 0056 73746174 		.ascii	"state\000"
 1421      6500
 1422              	.LASF43:
 1423 005c 6164635F 		.ascii	"adc_current_gain\000"
 1423      63757272 
 1423      656E745F 
 1423      6761696E 
 1423      00
 1424              	.LASF71:
 1425 006d 49444143 		.ascii	"IDAC_High_SetValue\000"
 1425      5F486967 
 1425      685F5365 
 1425      7456616C 
 1425      756500
 1426              	.LASF3:
 1427 0080 73686F72 		.ascii	"short int\000"
 1427      7420696E 
 1427      7400
 1428              	.LASF54:
 1429 008a 63616C69 		.ascii	"calibration_settings\000"
 1429      62726174 
 1429      696F6E5F 
 1429      73657474 
 1429      696E6773 
 1430              	.LASF57:
 1431 009f 4F555450 		.ascii	"OUTPUT_MODE_ON\000"
 1431      55545F4D 
 1431      4F44455F 
 1431      4F4E00
 1432              	.LASF19:
 1433 00ae 73697A65 		.ascii	"sizetype\000"
 1433      74797065 
 1433      00
 1434              	.LASF37:
 1435 00b7 64697370 		.ascii	"display_settings_t\000"
 1435      6C61795F 
 1435      73657474 
 1435      696E6773 
 1435      5F7400
 1436              	.LASF49:
 1437 00ca 6C63645F 		.ascii	"lcd_contrast\000"
 1437      636F6E74 
 1437      72617374 
 1437      00
 1438              	.LASF32:
 1439 00d7 72656164 		.ascii	"readout_function\000"
 1439      6F75745F 
ARM GAS  C:\Users\VIDEOH~1\AppData\Local\Temp\ccc6C5UN.s 			page 29


 1439      66756E63 
 1439      74696F6E 
 1439      00
 1440              	.LASF53:
 1441 00e8 64697370 		.ascii	"display_settings\000"
 1441      6C61795F 
 1441      73657474 
 1441      696E6773 
 1441      00
 1442              	.LASF7:
 1443 00f9 6C6F6E67 		.ascii	"long long int\000"
 1443      206C6F6E 
 1443      6720696E 
 1443      7400
 1444              	.LASF22:
 1445 0107 63616C69 		.ascii	"calibrating\000"
 1445      62726174 
 1445      696E6700 
 1446              	.LASF66:
 1447 0113 6D6F6465 		.ascii	"mode\000"
 1447      00
 1448              	.LASF75:
 1449 0118 4F70616D 		.ascii	"Opamp_Stop\000"
 1449      705F5374 
 1449      6F7000
 1450              	.LASF33:
 1451 0123 72656164 		.ascii	"readouts\000"
 1451      6F757473 
 1451      00
 1452              	.LASF60:
 1453 012c 6765745F 		.ascii	"get_current_setpoint\000"
 1453      63757272 
 1453      656E745F 
 1453      73657470 
 1453      6F696E74 
 1454              	.LASF12:
 1455 0141 75696E74 		.ascii	"uint16\000"
 1455      313600
 1456              	.LASF10:
 1457 0148 75696E74 		.ascii	"uint8_t\000"
 1457      385F7400 
 1458              	.LASF14:
 1459 0150 696E7431 		.ascii	"int16\000"
 1459      3600
 1460              	.LASF11:
 1461 0156 75696E74 		.ascii	"uint8\000"
 1461      3800
 1462              	.LASF80:
 1463 015c 73657475 		.ascii	"setup\000"
 1463      7000
 1464              	.LASF38:
 1465 0162 6461635F 		.ascii	"dac_low_gain\000"
 1465      6C6F775F 
 1465      6761696E 
 1465      00
 1466              	.LASF78:
 1467 016f 7574696C 		.ascii	"utils.c\000"
ARM GAS  C:\Users\VIDEOH~1\AppData\Local\Temp\ccc6C5UN.s 			page 30


 1467      732E6300 
 1468              	.LASF15:
 1469 0177 666C6F61 		.ascii	"float\000"
 1469      7400
 1470              	.LASF23:
 1471 017d 73746174 		.ascii	"state_t\000"
 1471      655F7400 
 1472              	.LASF69:
 1473 0185 73657474 		.ascii	"settings\000"
 1473      696E6773 
 1473      00
 1474              	.LASF20:
 1475 018e 63757272 		.ascii	"current_setpoint\000"
 1475      656E745F 
 1475      73657470 
 1475      6F696E74 
 1475      00
 1476              	.LASF76:
 1477 019f 4F70616D 		.ascii	"Opamp_Out_Write\000"
 1477      705F4F75 
 1477      745F5772 
 1477      69746500 
 1478              	.LASF5:
 1479 01af 6C6F6E67 		.ascii	"long int\000"
 1479      20696E74 
 1479      00
 1480              	.LASF44:
 1481 01b8 6164635F 		.ascii	"adc_voltage_offset\000"
 1481      766F6C74 
 1481      6167655F 
 1481      6F666673 
 1481      657400
 1482              	.LASF52:
 1483 01cb 636F6F6C 		.ascii	"cooler_off_adc_data\000"
 1483      65725F6F 
 1483      66665F61 
 1483      64635F64 
 1483      61746100 
 1484              	.LASF74:
 1485 01df 4F70616D 		.ascii	"Opamp_Start\000"
 1485      705F5374 
 1485      61727400 
 1486              	.LASF62:
 1487 01eb 6765745F 		.ascii	"get_minor_version\000"
 1487      6D696E6F 
 1487      725F7665 
 1487      7273696F 
 1487      6E00
 1488              	.LASF30:
 1489 01fd 52454144 		.ascii	"READOUT_TOTAL_CURRENT\000"
 1489      4F55545F 
 1489      544F5441 
 1489      4C5F4355 
 1489      5252454E 
 1490              	.LASF48:
 1491 0213 73657474 		.ascii	"settings_version\000"
 1491      696E6773 
ARM GAS  C:\Users\VIDEOH~1\AppData\Local\Temp\ccc6C5UN.s 			page 31


 1491      5F766572 
 1491      73696F6E 
 1491      00
 1492              	.LASF36:
 1493 0224 6E756D62 		.ascii	"numbered\000"
 1493      65726564 
 1493      00
 1494              	.LASF67:
 1495 022d 6765745F 		.ascii	"get_output_mode\000"
 1495      6F757470 
 1495      75745F6D 
 1495      6F646500 
 1496              	.LASF39:
 1497 023d 6461635F 		.ascii	"dac_high_gain\000"
 1497      68696768 
 1497      5F676169 
 1497      6E00
 1498              	.LASF2:
 1499 024b 756E7369 		.ascii	"unsigned char\000"
 1499      676E6564 
 1499      20636861 
 1499      7200
 1500              	.LASF26:
 1501 0259 52454144 		.ascii	"READOUT_CURRENT_USAGE\000"
 1501      4F55545F 
 1501      43555252 
 1501      454E545F 
 1501      55534147 
 1502              	.LASF35:
 1503 026f 6E616D65 		.ascii	"named\000"
 1503      6400
 1504              	.LASF47:
 1505 0275 63616C69 		.ascii	"calibration_settings_t\000"
 1505      62726174 
 1505      696F6E5F 
 1505      73657474 
 1505      696E6773 
 1506              	.LASF61:
 1507 028c 6765745F 		.ascii	"get_major_version\000"
 1507      6D616A6F 
 1507      725F7665 
 1507      7273696F 
 1507      6E00
 1508              	.LASF81:
 1509 029e 63757272 		.ascii	"current_output_mode\000"
 1509      656E745F 
 1509      6F757470 
 1509      75745F6D 
 1509      6F646500 
 1510              	.LASF1:
 1511 02b2 7369676E 		.ascii	"signed char\000"
 1511      65642063 
 1511      68617200 
 1512              	.LASF8:
 1513 02be 6C6F6E67 		.ascii	"long long unsigned int\000"
 1513      206C6F6E 
 1513      6720756E 
ARM GAS  C:\Users\VIDEOH~1\AppData\Local\Temp\ccc6C5UN.s 			page 32


 1513      7369676E 
 1513      65642069 
 1514              	.LASF77:
 1515 02d5 474E5520 		.ascii	"GNU C99 5.4.1 20160609 (release) [ARM/embedded-5-br"
 1515      43393920 
 1515      352E342E 
 1515      31203230 
 1515      31363036 
 1516 0308 616E6368 		.ascii	"anch revision 237715] -mcpu=cortex-m0 -mthumb -g -O"
 1516      20726576 
 1516      6973696F 
 1516      6E203233 
 1516      37373135 
 1517 033b 73202D73 		.ascii	"s -std=gnu99 -ffunction-sections -ffat-lto-objects\000"
 1517      74643D67 
 1517      6E753939 
 1517      202D6666 
 1517      756E6374 
 1518              	.LASF0:
 1519 036e 756E7369 		.ascii	"unsigned int\000"
 1519      676E6564 
 1519      20696E74 
 1519      00
 1520              	.LASF73:
 1521 037b 4F70616D 		.ascii	"Opamp_Out_SetDriveMode\000"
 1521      705F4F75 
 1521      745F5365 
 1521      74447269 
 1521      76654D6F 
 1522              	.LASF9:
 1523 0392 5F5F7569 		.ascii	"__uint8_t\000"
 1523      6E74385F 
 1523      7400
 1524              	.LASF59:
 1525 039c 6F757470 		.ascii	"output_mode\000"
 1525      75745F6D 
 1525      6F646500 
 1526              	.LASF31:
 1527 03a8 52454144 		.ascii	"READOUT_TOTAL_POWER\000"
 1527      4F55545F 
 1527      544F5441 
 1527      4C5F504F 
 1527      57455200 
 1528              	.LASF18:
 1529 03bc 72656733 		.ascii	"reg32\000"
 1529      3200
 1530              	.LASF28:
 1531 03c2 52454144 		.ascii	"READOUT_POWER\000"
 1531      4F55545F 
 1531      504F5745 
 1531      5200
 1532              	.LASF29:
 1533 03d0 52454144 		.ascii	"READOUT_RESISTANCE\000"
 1533      4F55545F 
 1533      52455349 
 1533      5354414E 
 1533      434500
ARM GAS  C:\Users\VIDEOH~1\AppData\Local\Temp\ccc6C5UN.s 			page 33


 1534              	.LASF17:
 1535 03e3 63686172 		.ascii	"char\000"
 1535      00
 1536              	.LASF42:
 1537 03e8 6164635F 		.ascii	"adc_current_offset\000"
 1537      63757272 
 1537      656E745F 
 1537      6F666673 
 1537      657400
 1538              	.LASF41:
 1539 03fb 6F70616D 		.ascii	"opamp_offset_trim\000"
 1539      705F6F66 
 1539      66736574 
 1539      5F747269 
 1539      6D00
 1540              	.LASF24:
 1541 040d 52454144 		.ascii	"READOUT_NONE\000"
 1541      4F55545F 
 1541      4E4F4E45 
 1541      00
 1542              	.LASF21:
 1543 041a 6C6F7765 		.ascii	"lower_voltage_limit\000"
 1543      725F766F 
 1543      6C746167 
 1543      655F6C69 
 1543      6D697400 
 1544              	.LASF72:
 1545 042e 49444143 		.ascii	"IDAC_Low_SetValue\000"
 1545      5F4C6F77 
 1545      5F536574 
 1545      56616C75 
 1545      6500
 1546              	.LASF34:
 1547 0440 64697370 		.ascii	"display_config_t\000"
 1547      6C61795F 
 1547      636F6E66 
 1547      69675F74 
 1547      00
 1548              	.LASF4:
 1549 0451 73686F72 		.ascii	"short unsigned int\000"
 1549      7420756E 
 1549      7369676E 
 1549      65642069 
 1549      6E7400
 1550              	.LASF13:
 1551 0464 75696E74 		.ascii	"uint32\000"
 1551      333200
 1552              	.LASF27:
 1553 046b 52454144 		.ascii	"READOUT_VOLTAGE\000"
 1553      4F55545F 
 1553      564F4C54 
 1553      41474500 
 1554              	.LASF6:
 1555 047b 6C6F6E67 		.ascii	"long unsigned int\000"
 1555      20756E73 
 1555      69676E65 
 1555      6420696E 
ARM GAS  C:\Users\VIDEOH~1\AppData\Local\Temp\ccc6C5UN.s 			page 34


 1555      7400
 1556              	.LASF58:
 1557 048d 4F555450 		.ascii	"OUTPUT_MODE_FEEDBACK\000"
 1557      55545F4D 
 1557      4F44455F 
 1557      46454544 
 1557      4241434B 
 1558              	.LASF25:
 1559 04a2 52454144 		.ascii	"READOUT_CURRENT_SETPOINT\000"
 1559      4F55545F 
 1559      43555252 
 1559      454E545F 
 1559      53455450 
 1560              	.LASF70:
 1561 04bb 6765745F 		.ascii	"get_dac_offset_correction\000"
 1561      6461635F 
 1561      6F666673 
 1561      65745F63 
 1561      6F727265 
 1562              	.LASF51:
 1563 04d5 636F6F6C 		.ascii	"cooler_on_adc_data\000"
 1563      65725F6F 
 1563      6E5F6164 
 1563      635F6461 
 1563      746100
 1564              	.LASF46:
 1565 04e8 766F6C74 		.ascii	"voltage_correction_ratio\000"
 1565      6167655F 
 1565      636F7272 
 1565      65637469 
 1565      6F6E5F72 
 1566              	.LASF45:
 1567 0501 6164635F 		.ascii	"adc_voltage_gain\000"
 1567      766F6C74 
 1567      6167655F 
 1567      6761696E 
 1567      00
 1568              	.LASF16:
 1569 0512 646F7562 		.ascii	"double\000"
 1569      6C6500
 1570              	.LASF55:
 1571 0519 73657474 		.ascii	"settings_t\000"
 1571      696E6773 
 1571      5F7400
 1572              	.LASF65:
 1573 0524 73657470 		.ascii	"setpoint\000"
 1573      6F696E74 
 1573      00
 1574              	.LASF50:
 1575 052d 636F6F6C 		.ascii	"cooler_on_temperature\000"
 1575      65725F6F 
 1575      6E5F7465 
 1575      6D706572 
 1575      61747572 
 1576              	.LASF56:
 1577 0543 4F555450 		.ascii	"OUTPUT_MODE_OFF\000"
 1577      55545F4D 
ARM GAS  C:\Users\VIDEOH~1\AppData\Local\Temp\ccc6C5UN.s 			page 35


 1577      4F44455F 
 1577      4F464600 
 1578              	.LASF63:
 1579 0553 7365745F 		.ascii	"set_current\000"
 1579      63757272 
 1579      656E7400 
 1580              		.ident	"GCC: (GNU Tools for ARM Embedded Processors) 5.4.1 20160609 (release) [ARM/embedded-5-bran
