ARM GAS  C:\Users\VIDEOH~1\AppData\Local\Temp\ccCF9G3c.s 			page 1


   1              		.syntax unified
   2              		.cpu cortex-m0
   3              		.fpu softvfp
   4              		.eabi_attribute 20, 1
   5              		.eabi_attribute 21, 1
   6              		.eabi_attribute 23, 3
   7              		.eabi_attribute 24, 1
   8              		.eabi_attribute 25, 1
   9              		.eabi_attribute 26, 1
  10              		.eabi_attribute 30, 4
  11              		.eabi_attribute 34, 0
  12              		.eabi_attribute 18, 4
  13              		.thumb
  14              		.syntax unified
  15              		.file	"cyfitter_cfg.c"
  16              		.text
  17              	.Ltext0:
  18              		.cfi_sections	.debug_frame
  19              		.section	.psocinit,"ax",%progbits
  20              		.align	1
  21              		.global	cyfitter_cfg
  22              		.code	16
  23              		.thumb_func
  24              		.type	cyfitter_cfg, %function
  25              	cyfitter_cfg:
  26              	.LFB5:
  27              		.file 1 "Generated_Source\\PSoC4\\cyfitter_cfg.c"
   1:Generated_Source\PSoC4/cyfitter_cfg.c **** 
   2:Generated_Source\PSoC4/cyfitter_cfg.c **** /*******************************************************************************
   3:Generated_Source\PSoC4/cyfitter_cfg.c **** * File Name: cyfitter_cfg.c
   4:Generated_Source\PSoC4/cyfitter_cfg.c **** * 
   5:Generated_Source\PSoC4/cyfitter_cfg.c **** * PSoC Creator  4.2
   6:Generated_Source\PSoC4/cyfitter_cfg.c **** *
   7:Generated_Source\PSoC4/cyfitter_cfg.c **** * Description:
   8:Generated_Source\PSoC4/cyfitter_cfg.c **** * This file contains device initialization code.
   9:Generated_Source\PSoC4/cyfitter_cfg.c **** * Except for the user defined sections in CyClockStartupError(), this file should not be modified.
  10:Generated_Source\PSoC4/cyfitter_cfg.c **** * This file is automatically generated by PSoC Creator.
  11:Generated_Source\PSoC4/cyfitter_cfg.c **** *
  12:Generated_Source\PSoC4/cyfitter_cfg.c **** ********************************************************************************
  13:Generated_Source\PSoC4/cyfitter_cfg.c **** * Copyright (c) 2007-2018 Cypress Semiconductor.  All rights reserved.
  14:Generated_Source\PSoC4/cyfitter_cfg.c **** * You may use this file only in accordance with the license, terms, conditions, 
  15:Generated_Source\PSoC4/cyfitter_cfg.c **** * disclaimers, and limitations in the end user license agreement accompanying 
  16:Generated_Source\PSoC4/cyfitter_cfg.c **** * the software package with which this file was provided.
  17:Generated_Source\PSoC4/cyfitter_cfg.c **** ********************************************************************************/
  18:Generated_Source\PSoC4/cyfitter_cfg.c **** 
  19:Generated_Source\PSoC4/cyfitter_cfg.c **** #include <string.h>
  20:Generated_Source\PSoC4/cyfitter_cfg.c **** #include "cytypes.h"
  21:Generated_Source\PSoC4/cyfitter_cfg.c **** #include "cydevice_trm.h"
  22:Generated_Source\PSoC4/cyfitter_cfg.c **** #include "cyfitter.h"
  23:Generated_Source\PSoC4/cyfitter_cfg.c **** #include "CyLib.h"
  24:Generated_Source\PSoC4/cyfitter_cfg.c **** #include "cyfitter_cfg.h"
  25:Generated_Source\PSoC4/cyfitter_cfg.c **** 
  26:Generated_Source\PSoC4/cyfitter_cfg.c **** 
  27:Generated_Source\PSoC4/cyfitter_cfg.c **** #if defined(__GNUC__) || defined(__ARMCC_VERSION)
  28:Generated_Source\PSoC4/cyfitter_cfg.c ****     #define CYPACKED 
  29:Generated_Source\PSoC4/cyfitter_cfg.c ****     #define CYPACKED_ATTR __attribute__ ((packed))
  30:Generated_Source\PSoC4/cyfitter_cfg.c ****     #define CYALIGNED __attribute__ ((aligned))
ARM GAS  C:\Users\VIDEOH~1\AppData\Local\Temp\ccCF9G3c.s 			page 2


  31:Generated_Source\PSoC4/cyfitter_cfg.c ****     #define CY_CFG_UNUSED __attribute__ ((unused))
  32:Generated_Source\PSoC4/cyfitter_cfg.c ****     #ifndef CY_CFG_SECTION
  33:Generated_Source\PSoC4/cyfitter_cfg.c ****         #define CY_CFG_SECTION __attribute__ ((section(".psocinit")))
  34:Generated_Source\PSoC4/cyfitter_cfg.c ****     #endif
  35:Generated_Source\PSoC4/cyfitter_cfg.c ****     
  36:Generated_Source\PSoC4/cyfitter_cfg.c ****     #if defined(__ARMCC_VERSION)
  37:Generated_Source\PSoC4/cyfitter_cfg.c ****         #define CY_CFG_MEMORY_BARRIER() __memory_changed()
  38:Generated_Source\PSoC4/cyfitter_cfg.c ****     #else
  39:Generated_Source\PSoC4/cyfitter_cfg.c ****         #define CY_CFG_MEMORY_BARRIER() __sync_synchronize()
  40:Generated_Source\PSoC4/cyfitter_cfg.c ****     #endif
  41:Generated_Source\PSoC4/cyfitter_cfg.c ****     
  42:Generated_Source\PSoC4/cyfitter_cfg.c **** #elif defined(__ICCARM__)
  43:Generated_Source\PSoC4/cyfitter_cfg.c ****     #include <intrinsics.h>
  44:Generated_Source\PSoC4/cyfitter_cfg.c **** 
  45:Generated_Source\PSoC4/cyfitter_cfg.c ****     #define CYPACKED __packed
  46:Generated_Source\PSoC4/cyfitter_cfg.c ****     #define CYPACKED_ATTR 
  47:Generated_Source\PSoC4/cyfitter_cfg.c ****     #define CYALIGNED _Pragma("data_alignment=4")
  48:Generated_Source\PSoC4/cyfitter_cfg.c ****     #define CY_CFG_UNUSED _Pragma("diag_suppress=Pe177")
  49:Generated_Source\PSoC4/cyfitter_cfg.c ****     #define CY_CFG_SECTION _Pragma("location=\".psocinit\"")
  50:Generated_Source\PSoC4/cyfitter_cfg.c ****     
  51:Generated_Source\PSoC4/cyfitter_cfg.c ****     #define CY_CFG_MEMORY_BARRIER() __DMB()
  52:Generated_Source\PSoC4/cyfitter_cfg.c ****     
  53:Generated_Source\PSoC4/cyfitter_cfg.c **** #else
  54:Generated_Source\PSoC4/cyfitter_cfg.c ****     #error Unsupported toolchain
  55:Generated_Source\PSoC4/cyfitter_cfg.c **** #endif
  56:Generated_Source\PSoC4/cyfitter_cfg.c **** 
  57:Generated_Source\PSoC4/cyfitter_cfg.c **** #ifndef CYCODE
  58:Generated_Source\PSoC4/cyfitter_cfg.c ****     #define CYCODE
  59:Generated_Source\PSoC4/cyfitter_cfg.c **** #endif
  60:Generated_Source\PSoC4/cyfitter_cfg.c **** #ifndef CYDATA
  61:Generated_Source\PSoC4/cyfitter_cfg.c ****     #define CYDATA
  62:Generated_Source\PSoC4/cyfitter_cfg.c **** #endif
  63:Generated_Source\PSoC4/cyfitter_cfg.c **** #ifndef CYFAR
  64:Generated_Source\PSoC4/cyfitter_cfg.c ****     #define CYFAR
  65:Generated_Source\PSoC4/cyfitter_cfg.c **** #endif
  66:Generated_Source\PSoC4/cyfitter_cfg.c **** #ifndef CYXDATA
  67:Generated_Source\PSoC4/cyfitter_cfg.c ****     #define CYXDATA
  68:Generated_Source\PSoC4/cyfitter_cfg.c **** #endif
  69:Generated_Source\PSoC4/cyfitter_cfg.c **** 
  70:Generated_Source\PSoC4/cyfitter_cfg.c **** 
  71:Generated_Source\PSoC4/cyfitter_cfg.c **** CY_CFG_UNUSED
  72:Generated_Source\PSoC4/cyfitter_cfg.c **** static void CYMEMZERO(void *s, size_t n);
  73:Generated_Source\PSoC4/cyfitter_cfg.c **** CY_CFG_UNUSED
  74:Generated_Source\PSoC4/cyfitter_cfg.c **** static void CYMEMZERO(void *s, size_t n)
  75:Generated_Source\PSoC4/cyfitter_cfg.c **** {
  76:Generated_Source\PSoC4/cyfitter_cfg.c **** 	(void)memset(s, 0, n);
  77:Generated_Source\PSoC4/cyfitter_cfg.c **** }
  78:Generated_Source\PSoC4/cyfitter_cfg.c **** CY_CFG_UNUSED
  79:Generated_Source\PSoC4/cyfitter_cfg.c **** static void CYCONFIGCPY(void *dest, const void *src, size_t n);
  80:Generated_Source\PSoC4/cyfitter_cfg.c **** CY_CFG_UNUSED
  81:Generated_Source\PSoC4/cyfitter_cfg.c **** static void CYCONFIGCPY(void *dest, const void *src, size_t n)
  82:Generated_Source\PSoC4/cyfitter_cfg.c **** {
  83:Generated_Source\PSoC4/cyfitter_cfg.c **** 	(void)memcpy(dest, src, n);
  84:Generated_Source\PSoC4/cyfitter_cfg.c **** }
  85:Generated_Source\PSoC4/cyfitter_cfg.c **** CY_CFG_UNUSED
  86:Generated_Source\PSoC4/cyfitter_cfg.c **** static void CYCONFIGCPYCODE(void *dest, const void *src, size_t n);
  87:Generated_Source\PSoC4/cyfitter_cfg.c **** CY_CFG_UNUSED
ARM GAS  C:\Users\VIDEOH~1\AppData\Local\Temp\ccCF9G3c.s 			page 3


  88:Generated_Source\PSoC4/cyfitter_cfg.c **** static void CYCONFIGCPYCODE(void *dest, const void *src, size_t n)
  89:Generated_Source\PSoC4/cyfitter_cfg.c **** {
  90:Generated_Source\PSoC4/cyfitter_cfg.c **** 	(void)memcpy(dest, src, n);
  91:Generated_Source\PSoC4/cyfitter_cfg.c **** }
  92:Generated_Source\PSoC4/cyfitter_cfg.c **** 
  93:Generated_Source\PSoC4/cyfitter_cfg.c **** 
  94:Generated_Source\PSoC4/cyfitter_cfg.c **** 
  95:Generated_Source\PSoC4/cyfitter_cfg.c **** 
  96:Generated_Source\PSoC4/cyfitter_cfg.c **** /* Clock startup error codes                                                   */
  97:Generated_Source\PSoC4/cyfitter_cfg.c **** #define CYCLOCKSTART_NO_ERROR    0u
  98:Generated_Source\PSoC4/cyfitter_cfg.c **** #define CYCLOCKSTART_XTAL_ERROR  1u
  99:Generated_Source\PSoC4/cyfitter_cfg.c **** #define CYCLOCKSTART_32KHZ_ERROR 2u
 100:Generated_Source\PSoC4/cyfitter_cfg.c **** #define CYCLOCKSTART_PLL_ERROR   3u
 101:Generated_Source\PSoC4/cyfitter_cfg.c **** #define CYCLOCKSTART_FLL_ERROR   4u
 102:Generated_Source\PSoC4/cyfitter_cfg.c **** #define CYCLOCKSTART_WCO_ERROR   5u
 103:Generated_Source\PSoC4/cyfitter_cfg.c **** 
 104:Generated_Source\PSoC4/cyfitter_cfg.c **** 
 105:Generated_Source\PSoC4/cyfitter_cfg.c **** #ifdef CY_NEED_CYCLOCKSTARTUPERROR
 106:Generated_Source\PSoC4/cyfitter_cfg.c **** /*******************************************************************************
 107:Generated_Source\PSoC4/cyfitter_cfg.c **** * Function Name: CyClockStartupError
 108:Generated_Source\PSoC4/cyfitter_cfg.c **** ********************************************************************************
 109:Generated_Source\PSoC4/cyfitter_cfg.c **** * Summary:
 110:Generated_Source\PSoC4/cyfitter_cfg.c **** *  If an error is encountered during clock configuration (crystal startup error,
 111:Generated_Source\PSoC4/cyfitter_cfg.c **** *  PLL lock error, etc.), the system will end up here.  Unless reimplemented by
 112:Generated_Source\PSoC4/cyfitter_cfg.c **** *  the customer, this function will stop in an infinite loop.
 113:Generated_Source\PSoC4/cyfitter_cfg.c **** *
 114:Generated_Source\PSoC4/cyfitter_cfg.c **** * Parameters:
 115:Generated_Source\PSoC4/cyfitter_cfg.c **** *   void
 116:Generated_Source\PSoC4/cyfitter_cfg.c **** *
 117:Generated_Source\PSoC4/cyfitter_cfg.c **** * Return:
 118:Generated_Source\PSoC4/cyfitter_cfg.c **** *   void
 119:Generated_Source\PSoC4/cyfitter_cfg.c **** *
 120:Generated_Source\PSoC4/cyfitter_cfg.c **** *******************************************************************************/
 121:Generated_Source\PSoC4/cyfitter_cfg.c **** CY_CFG_UNUSED
 122:Generated_Source\PSoC4/cyfitter_cfg.c **** static void CyClockStartupError(uint8 errorCode);
 123:Generated_Source\PSoC4/cyfitter_cfg.c **** CY_CFG_UNUSED
 124:Generated_Source\PSoC4/cyfitter_cfg.c **** static void CyClockStartupError(uint8 errorCode)
 125:Generated_Source\PSoC4/cyfitter_cfg.c **** {
 126:Generated_Source\PSoC4/cyfitter_cfg.c ****     /* To remove the compiler warning if errorCode not used.                */
 127:Generated_Source\PSoC4/cyfitter_cfg.c ****     errorCode = errorCode;
 128:Generated_Source\PSoC4/cyfitter_cfg.c **** 
 129:Generated_Source\PSoC4/cyfitter_cfg.c ****     /* If we have a clock startup error (bad MHz crystal, PLL lock, etc.),  */
 130:Generated_Source\PSoC4/cyfitter_cfg.c ****     /* we will end up here to allow the customer to implement something to  */
 131:Generated_Source\PSoC4/cyfitter_cfg.c ****     /* deal with the clock condition.                                       */
 132:Generated_Source\PSoC4/cyfitter_cfg.c **** 
 133:Generated_Source\PSoC4/cyfitter_cfg.c **** #ifdef CY_CFG_CLOCK_STARTUP_ERROR_CALLBACK
 134:Generated_Source\PSoC4/cyfitter_cfg.c ****     CY_CFG_Clock_Startup_ErrorCallback();
 135:Generated_Source\PSoC4/cyfitter_cfg.c **** #else
 136:Generated_Source\PSoC4/cyfitter_cfg.c ****     /*  If not using CY_CFG_CLOCK_STARTUP_ERROR_CALLBACK, place your clock startup code here. */
 137:Generated_Source\PSoC4/cyfitter_cfg.c ****     /* `#START CyClockStartupError` */
 138:Generated_Source\PSoC4/cyfitter_cfg.c **** 
 139:Generated_Source\PSoC4/cyfitter_cfg.c **** 
 140:Generated_Source\PSoC4/cyfitter_cfg.c **** 
 141:Generated_Source\PSoC4/cyfitter_cfg.c ****     /* `#END` */
 142:Generated_Source\PSoC4/cyfitter_cfg.c **** 
 143:Generated_Source\PSoC4/cyfitter_cfg.c ****     while(1) {}
 144:Generated_Source\PSoC4/cyfitter_cfg.c **** #endif /* CY_CFG_CLOCK_STARTUP_ERROR_CALLBACK */
ARM GAS  C:\Users\VIDEOH~1\AppData\Local\Temp\ccCF9G3c.s 			page 4


 145:Generated_Source\PSoC4/cyfitter_cfg.c **** }
 146:Generated_Source\PSoC4/cyfitter_cfg.c **** #endif
 147:Generated_Source\PSoC4/cyfitter_cfg.c **** 
 148:Generated_Source\PSoC4/cyfitter_cfg.c **** 
 149:Generated_Source\PSoC4/cyfitter_cfg.c **** 
 150:Generated_Source\PSoC4/cyfitter_cfg.c **** /*******************************************************************************
 151:Generated_Source\PSoC4/cyfitter_cfg.c **** * Function Name: ClockSetup
 152:Generated_Source\PSoC4/cyfitter_cfg.c **** ********************************************************************************
 153:Generated_Source\PSoC4/cyfitter_cfg.c **** *
 154:Generated_Source\PSoC4/cyfitter_cfg.c **** * Summary:
 155:Generated_Source\PSoC4/cyfitter_cfg.c **** *   Performs the initialization of all of the clocks in the device based on the
 156:Generated_Source\PSoC4/cyfitter_cfg.c **** *   settings in the Clock tab of the DWR.  This includes enabling the requested
 157:Generated_Source\PSoC4/cyfitter_cfg.c **** *   clocks and setting the necessary dividers to produce the desired frequency. 
 158:Generated_Source\PSoC4/cyfitter_cfg.c **** *
 159:Generated_Source\PSoC4/cyfitter_cfg.c **** * Parameters:
 160:Generated_Source\PSoC4/cyfitter_cfg.c **** *   void
 161:Generated_Source\PSoC4/cyfitter_cfg.c **** *
 162:Generated_Source\PSoC4/cyfitter_cfg.c **** * Return:
 163:Generated_Source\PSoC4/cyfitter_cfg.c **** *   void
 164:Generated_Source\PSoC4/cyfitter_cfg.c **** *
 165:Generated_Source\PSoC4/cyfitter_cfg.c **** *******************************************************************************/
 166:Generated_Source\PSoC4/cyfitter_cfg.c **** static void ClockSetup(void);
 167:Generated_Source\PSoC4/cyfitter_cfg.c **** CY_CFG_SECTION
 168:Generated_Source\PSoC4/cyfitter_cfg.c **** static void ClockSetup(void)
 169:Generated_Source\PSoC4/cyfitter_cfg.c **** {
 170:Generated_Source\PSoC4/cyfitter_cfg.c **** 	/* Enable HALF_EN before trimming for the flash accelerator. */
 171:Generated_Source\PSoC4/cyfitter_cfg.c **** 	CY_SET_REG32((void CYXDATA *)(CYREG_CLK_SELECT), (CY_GET_REG32((void *)CYREG_CLK_SELECT) | 0x00040
 172:Generated_Source\PSoC4/cyfitter_cfg.c **** 
 173:Generated_Source\PSoC4/cyfitter_cfg.c **** 	/* Setup and trim IMO based on desired frequency. */
 174:Generated_Source\PSoC4/cyfitter_cfg.c **** 	CySysClkWriteImoFreq(24u);
 175:Generated_Source\PSoC4/cyfitter_cfg.c **** 
 176:Generated_Source\PSoC4/cyfitter_cfg.c **** 	/* Disable HALF_EN since it is not required at this IMO frequency. */
 177:Generated_Source\PSoC4/cyfitter_cfg.c **** 	CY_SET_REG32((void CYXDATA *)(CYREG_CLK_SELECT), (CY_GET_REG32((void *)CYREG_CLK_SELECT) & 0xFFFBF
 178:Generated_Source\PSoC4/cyfitter_cfg.c **** 	/* CYDEV_CLK_ILO_CONFIG Starting address: CYDEV_CLK_ILO_CONFIG */
 179:Generated_Source\PSoC4/cyfitter_cfg.c **** 	CY_SET_REG32((void *)(CYREG_CLK_ILO_CONFIG), 0x80000006u);
 180:Generated_Source\PSoC4/cyfitter_cfg.c **** 
 181:Generated_Source\PSoC4/cyfitter_cfg.c **** 
 182:Generated_Source\PSoC4/cyfitter_cfg.c **** 	/* CYDEV_CLK_SELECT00 Starting address: CYDEV_CLK_SELECT00 */
 183:Generated_Source\PSoC4/cyfitter_cfg.c **** 	CY_SET_REG32((void *)(CYREG_CLK_SELECT02), 0x00000013u);
 184:Generated_Source\PSoC4/cyfitter_cfg.c **** 
 185:Generated_Source\PSoC4/cyfitter_cfg.c **** 	/* CYDEV_CLK_IMO_CONFIG Starting address: CYDEV_CLK_IMO_CONFIG */
 186:Generated_Source\PSoC4/cyfitter_cfg.c **** 	CY_SET_REG32((void *)(CYREG_CLK_IMO_CONFIG), 0x80000000u);
 187:Generated_Source\PSoC4/cyfitter_cfg.c **** 
 188:Generated_Source\PSoC4/cyfitter_cfg.c **** 	/* CYDEV_CLK_SELECT Starting address: CYDEV_CLK_SELECT */
 189:Generated_Source\PSoC4/cyfitter_cfg.c **** 	CY_SET_REG32((void *)(CYREG_CLK_SELECT), 0x00000000u);
 190:Generated_Source\PSoC4/cyfitter_cfg.c **** 
 191:Generated_Source\PSoC4/cyfitter_cfg.c **** 	/* CYDEV_CLK_DIVIDER_FRAC_A00 Starting address: CYDEV_CLK_DIVIDER_FRAC_A00 */
 192:Generated_Source\PSoC4/cyfitter_cfg.c **** 	CY_SET_REG32((void *)(CYREG_CLK_DIVIDER_FRAC_A00), 0x800C0010u);
 193:Generated_Source\PSoC4/cyfitter_cfg.c **** 
 194:Generated_Source\PSoC4/cyfitter_cfg.c **** 	CY_SET_REG32((void *)(CYREG_WDT_CONFIG), 0x00000000u);
 195:Generated_Source\PSoC4/cyfitter_cfg.c **** }
 196:Generated_Source\PSoC4/cyfitter_cfg.c **** 
 197:Generated_Source\PSoC4/cyfitter_cfg.c **** 
 198:Generated_Source\PSoC4/cyfitter_cfg.c **** /* Analog API Functions */
 199:Generated_Source\PSoC4/cyfitter_cfg.c **** 
 200:Generated_Source\PSoC4/cyfitter_cfg.c **** 
 201:Generated_Source\PSoC4/cyfitter_cfg.c **** /*******************************************************************************
ARM GAS  C:\Users\VIDEOH~1\AppData\Local\Temp\ccCF9G3c.s 			page 5


 202:Generated_Source\PSoC4/cyfitter_cfg.c **** * Function Name: AnalogSetDefault
 203:Generated_Source\PSoC4/cyfitter_cfg.c **** ********************************************************************************
 204:Generated_Source\PSoC4/cyfitter_cfg.c **** *
 205:Generated_Source\PSoC4/cyfitter_cfg.c **** * Summary:
 206:Generated_Source\PSoC4/cyfitter_cfg.c **** *  Sets up the analog portions of the chip to default values based on chip
 207:Generated_Source\PSoC4/cyfitter_cfg.c **** *  configuration options from the project.
 208:Generated_Source\PSoC4/cyfitter_cfg.c **** *
 209:Generated_Source\PSoC4/cyfitter_cfg.c **** * Parameters:
 210:Generated_Source\PSoC4/cyfitter_cfg.c **** *  void
 211:Generated_Source\PSoC4/cyfitter_cfg.c **** *
 212:Generated_Source\PSoC4/cyfitter_cfg.c **** * Return:
 213:Generated_Source\PSoC4/cyfitter_cfg.c **** *  void
 214:Generated_Source\PSoC4/cyfitter_cfg.c **** *
 215:Generated_Source\PSoC4/cyfitter_cfg.c **** *******************************************************************************/
 216:Generated_Source\PSoC4/cyfitter_cfg.c **** static void AnalogSetDefault(void);
 217:Generated_Source\PSoC4/cyfitter_cfg.c **** static void AnalogSetDefault(void)
 218:Generated_Source\PSoC4/cyfitter_cfg.c **** {
 219:Generated_Source\PSoC4/cyfitter_cfg.c **** }
 220:Generated_Source\PSoC4/cyfitter_cfg.c **** 
 221:Generated_Source\PSoC4/cyfitter_cfg.c **** 
 222:Generated_Source\PSoC4/cyfitter_cfg.c **** 
 223:Generated_Source\PSoC4/cyfitter_cfg.c **** 
 224:Generated_Source\PSoC4/cyfitter_cfg.c **** /*******************************************************************************
 225:Generated_Source\PSoC4/cyfitter_cfg.c **** * Function Name: cyfitter_cfg
 226:Generated_Source\PSoC4/cyfitter_cfg.c **** ********************************************************************************
 227:Generated_Source\PSoC4/cyfitter_cfg.c **** * Summary:
 228:Generated_Source\PSoC4/cyfitter_cfg.c **** *  This function is called by the start-up code for the selected device. It
 229:Generated_Source\PSoC4/cyfitter_cfg.c **** *  performs all of the necessary device configuration based on the design
 230:Generated_Source\PSoC4/cyfitter_cfg.c **** *  settings.  This includes settings from the Design Wide Resources (DWR) such
 231:Generated_Source\PSoC4/cyfitter_cfg.c **** *  as Clocks and Pins as well as any component configuration that is necessary.
 232:Generated_Source\PSoC4/cyfitter_cfg.c **** *
 233:Generated_Source\PSoC4/cyfitter_cfg.c **** * Parameters:
 234:Generated_Source\PSoC4/cyfitter_cfg.c **** *   void
 235:Generated_Source\PSoC4/cyfitter_cfg.c **** *
 236:Generated_Source\PSoC4/cyfitter_cfg.c **** * Return:
 237:Generated_Source\PSoC4/cyfitter_cfg.c **** *   void
 238:Generated_Source\PSoC4/cyfitter_cfg.c **** *
 239:Generated_Source\PSoC4/cyfitter_cfg.c **** *******************************************************************************/
 240:Generated_Source\PSoC4/cyfitter_cfg.c **** CY_CFG_SECTION
 241:Generated_Source\PSoC4/cyfitter_cfg.c **** void cyfitter_cfg(void)
 242:Generated_Source\PSoC4/cyfitter_cfg.c **** {
  28              		.loc 1 242 0
  29              		.cfi_startproc
  30              		@ args = 0, pretend = 0, frame = 0
  31              		@ frame_needed = 0, uses_anonymous_args = 0
  32 0000 10B5     		push	{r4, lr}
  33              		.cfi_def_cfa_offset 8
  34              		.cfi_offset 4, -8
  35              		.cfi_offset 14, -4
 243:Generated_Source\PSoC4/cyfitter_cfg.c **** 	/* Disable interrupts by default. Let user enable if/when they want. */
 244:Generated_Source\PSoC4/cyfitter_cfg.c **** 	CyGlobalIntDisable;
  36              		.loc 1 244 0
  37              		.syntax divided
  38              	@ 244 "Generated_Source\PSoC4\cyfitter_cfg.c" 1
  39 0002 72B6     		CPSID   i
  40              	@ 0 "" 2
  41              	.LVL0:
ARM GAS  C:\Users\VIDEOH~1\AppData\Local\Temp\ccCF9G3c.s 			page 6


  42              		.thumb
  43              		.syntax unified
  44              	.LBB12:
  45              	.LBB13:
  46              	.LBB14:
  47              	.LBB15:
  76:Generated_Source\PSoC4/cyfitter_cfg.c **** }
  48              		.loc 1 76 0
  49 0004 8024     		movs	r4, #128
  50 0006 E400     		lsls	r4, r4, #3
  51 0008 2200     		movs	r2, r4
  52 000a 0021     		movs	r1, #0
  53 000c 2648     		ldr	r0, .L2
  54 000e FFF7FEFF 		bl	memset
  55              	.LVL1:
  56 0012 2200     		movs	r2, r4
  57 0014 0021     		movs	r1, #0
  58 0016 2548     		ldr	r0, .L2+4
  59 0018 FFF7FEFF 		bl	memset
  60              	.LVL2:
  61              	.LBE15:
  62              	.LBE14:
  63              	.LBE13:
 245:Generated_Source\PSoC4/cyfitter_cfg.c **** 
 246:Generated_Source\PSoC4/cyfitter_cfg.c **** 	{
 247:Generated_Source\PSoC4/cyfitter_cfg.c **** 
 248:Generated_Source\PSoC4/cyfitter_cfg.c **** 		CYPACKED typedef struct {
 249:Generated_Source\PSoC4/cyfitter_cfg.c **** 			void CYFAR *address;
 250:Generated_Source\PSoC4/cyfitter_cfg.c **** 			uint16 size;
 251:Generated_Source\PSoC4/cyfitter_cfg.c **** 		} CYPACKED_ATTR cfg_memset_t;
 252:Generated_Source\PSoC4/cyfitter_cfg.c **** 
 253:Generated_Source\PSoC4/cyfitter_cfg.c **** 		static const cfg_memset_t CYCODE cfg_memset_list[] = {
 254:Generated_Source\PSoC4/cyfitter_cfg.c **** 			/* address, size */
 255:Generated_Source\PSoC4/cyfitter_cfg.c **** 			{(void CYFAR *)(CYDEV_UDB_P0_U0_BASE), 1024u},
 256:Generated_Source\PSoC4/cyfitter_cfg.c **** 			{(void CYFAR *)(CYDEV_UDB_DSI0_BASE), 1024u},
 257:Generated_Source\PSoC4/cyfitter_cfg.c **** 		};
 258:Generated_Source\PSoC4/cyfitter_cfg.c **** 
 259:Generated_Source\PSoC4/cyfitter_cfg.c **** 		uint8 CYDATA i;
 260:Generated_Source\PSoC4/cyfitter_cfg.c **** 
 261:Generated_Source\PSoC4/cyfitter_cfg.c **** 		/* Zero out critical memory blocks before beginning configuration */
 262:Generated_Source\PSoC4/cyfitter_cfg.c **** 		for (i = 0u; i < (sizeof(cfg_memset_list)/sizeof(cfg_memset_list[0])); i++)
 263:Generated_Source\PSoC4/cyfitter_cfg.c **** 		{
 264:Generated_Source\PSoC4/cyfitter_cfg.c **** 			const cfg_memset_t CYCODE * CYDATA ms = &cfg_memset_list[i];
 265:Generated_Source\PSoC4/cyfitter_cfg.c **** 			CYMEMZERO(ms->address, (size_t)(uint32)(ms->size));
 266:Generated_Source\PSoC4/cyfitter_cfg.c **** 		}
 267:Generated_Source\PSoC4/cyfitter_cfg.c **** 
 268:Generated_Source\PSoC4/cyfitter_cfg.c **** 		/* HSIOM Starting address: CYDEV_HSIOM_BASE */
 269:Generated_Source\PSoC4/cyfitter_cfg.c **** 		CY_SET_REG32((void *)(CYREG_HSIOM_PORT_SEL3), 0x0000EE00u);
  64              		.loc 1 269 0
  65 001c EE22     		movs	r2, #238
  66 001e 244B     		ldr	r3, .L2+8
  67 0020 1202     		lsls	r2, r2, #8
  68 0022 1A60     		str	r2, [r3]
 270:Generated_Source\PSoC4/cyfitter_cfg.c **** 		CY_SET_REG32((void *)(CYREG_HSIOM_PORT_SEL4), 0x00000099u);
  69              		.loc 1 270 0
  70 0024 9922     		movs	r2, #153
  71 0026 234B     		ldr	r3, .L2+12
ARM GAS  C:\Users\VIDEOH~1\AppData\Local\Temp\ccCF9G3c.s 			page 7


 271:Generated_Source\PSoC4/cyfitter_cfg.c **** 
 272:Generated_Source\PSoC4/cyfitter_cfg.c **** 		/* UDB_PA_0 Starting address: CYDEV_UDB_PA0_BASE */
 273:Generated_Source\PSoC4/cyfitter_cfg.c **** 		CY_SET_REG32((void *)(CYDEV_UDB_PA0_BASE), 0x00990000u);
 274:Generated_Source\PSoC4/cyfitter_cfg.c **** 
 275:Generated_Source\PSoC4/cyfitter_cfg.c **** 		/* UDB_PA_3 Starting address: CYDEV_UDB_PA3_BASE */
 276:Generated_Source\PSoC4/cyfitter_cfg.c **** 		CY_SET_REG32((void *)(CYDEV_UDB_PA3_BASE), 0x00990000u);
 277:Generated_Source\PSoC4/cyfitter_cfg.c **** 
 278:Generated_Source\PSoC4/cyfitter_cfg.c **** 		/* Enable digital routing */
 279:Generated_Source\PSoC4/cyfitter_cfg.c **** 		CY_SET_XTND_REG8((void *)CYREG_UDB_UDBIF_BANK_CTL, (uint8)(CY_GET_XTND_REG8((void *)CYREG_UDB_UDB
  72              		.loc 1 279 0
  73 0028 0621     		movs	r1, #6
 270:Generated_Source\PSoC4/cyfitter_cfg.c **** 		CY_SET_REG32((void *)(CYREG_HSIOM_PORT_SEL4), 0x00000099u);
  74              		.loc 1 270 0
  75 002a 1A60     		str	r2, [r3]
 273:Generated_Source\PSoC4/cyfitter_cfg.c **** 
  76              		.loc 1 273 0
  77 002c 9923     		movs	r3, #153
  78 002e 224A     		ldr	r2, .L2+16
  79 0030 1B04     		lsls	r3, r3, #16
  80 0032 1360     		str	r3, [r2]
 276:Generated_Source\PSoC4/cyfitter_cfg.c **** 
  81              		.loc 1 276 0
  82 0034 214A     		ldr	r2, .L2+20
  83              	.LBE12:
  84              	.LBB16:
  85              	.LBB17:
 171:Generated_Source\PSoC4/cyfitter_cfg.c **** 
  86              		.loc 1 171 0
  87 0036 224C     		ldr	r4, .L2+24
  88              	.LBE17:
  89              	.LBE16:
  90              	.LBB20:
 276:Generated_Source\PSoC4/cyfitter_cfg.c **** 
  91              		.loc 1 276 0
  92 0038 1360     		str	r3, [r2]
  93              		.loc 1 279 0
  94 003a 224A     		ldr	r2, .L2+28
  95              	.LBE20:
  96              	.LBB21:
  97              	.LBB18:
 174:Generated_Source\PSoC4/cyfitter_cfg.c **** 
  98              		.loc 1 174 0
  99 003c 1820     		movs	r0, #24
 100              	.LBE18:
 101              	.LBE21:
 102              	.LBB22:
 103              		.loc 1 279 0
 104 003e 1378     		ldrb	r3, [r2]
 105              	.LBE22:
 280:Generated_Source\PSoC4/cyfitter_cfg.c **** 	}
 281:Generated_Source\PSoC4/cyfitter_cfg.c **** 
 282:Generated_Source\PSoC4/cyfitter_cfg.c **** 	/* Perform second pass device configuration. These items must be configured in specific order afte
 283:Generated_Source\PSoC4/cyfitter_cfg.c **** 	/* IOPINS0_0 Starting address: CYDEV_PRT0_BASE */
 284:Generated_Source\PSoC4/cyfitter_cfg.c **** 	CY_SET_REG32((void *)(CYDEV_PRT0_BASE), 0x00000080u);
 285:Generated_Source\PSoC4/cyfitter_cfg.c **** 	CY_SET_REG32((void *)(CYREG_PRT0_PC), 0x00C00000u);
 286:Generated_Source\PSoC4/cyfitter_cfg.c **** 
 287:Generated_Source\PSoC4/cyfitter_cfg.c **** 	/* IOPINS0_3 Starting address: CYDEV_PRT3_BASE */
ARM GAS  C:\Users\VIDEOH~1\AppData\Local\Temp\ccCF9G3c.s 			page 8


 288:Generated_Source\PSoC4/cyfitter_cfg.c **** 	CY_SET_REG32((void *)(CYREG_PRT3_PC), 0x00000D80u);
 289:Generated_Source\PSoC4/cyfitter_cfg.c **** 
 290:Generated_Source\PSoC4/cyfitter_cfg.c **** 	/* IOPINS0_4 Starting address: CYDEV_PRT4_BASE */
 291:Generated_Source\PSoC4/cyfitter_cfg.c **** 	CY_SET_REG32((void *)(CYDEV_PRT4_BASE), 0x0000000Au);
 292:Generated_Source\PSoC4/cyfitter_cfg.c **** 	CY_SET_REG32((void *)(CYREG_PRT4_PC), 0x00000431u);
 293:Generated_Source\PSoC4/cyfitter_cfg.c **** 	CY_SET_REG32((void *)(CYREG_PRT4_PC2), 0x00000002u);
 294:Generated_Source\PSoC4/cyfitter_cfg.c **** 
 295:Generated_Source\PSoC4/cyfitter_cfg.c **** 
 296:Generated_Source\PSoC4/cyfitter_cfg.c **** 	/* Setup clocks based on selections from Clock DWR */
 297:Generated_Source\PSoC4/cyfitter_cfg.c **** 	ClockSetup();
 298:Generated_Source\PSoC4/cyfitter_cfg.c **** 
 299:Generated_Source\PSoC4/cyfitter_cfg.c **** 	/* Perform basic analog initialization to defaults */
 300:Generated_Source\PSoC4/cyfitter_cfg.c **** 	AnalogSetDefault();
 301:Generated_Source\PSoC4/cyfitter_cfg.c **** 
 302:Generated_Source\PSoC4/cyfitter_cfg.c **** }
 106              		.loc 1 302 0
 107              		@ sp needed
 108              	.LBB23:
 279:Generated_Source\PSoC4/cyfitter_cfg.c **** 	}
 109              		.loc 1 279 0
 110 0040 0B43     		orrs	r3, r1
 111 0042 1370     		strb	r3, [r2]
 112              	.LBE23:
 284:Generated_Source\PSoC4/cyfitter_cfg.c **** 	CY_SET_REG32((void *)(CYREG_PRT0_PC), 0x00C00000u);
 113              		.loc 1 284 0
 114 0044 8022     		movs	r2, #128
 115 0046 204B     		ldr	r3, .L2+32
 116 0048 1A60     		str	r2, [r3]
 285:Generated_Source\PSoC4/cyfitter_cfg.c **** 
 117              		.loc 1 285 0
 118 004a C022     		movs	r2, #192
 119 004c 1F4B     		ldr	r3, .L2+36
 120 004e 1204     		lsls	r2, r2, #16
 121 0050 1A60     		str	r2, [r3]
 288:Generated_Source\PSoC4/cyfitter_cfg.c **** 
 122              		.loc 1 288 0
 123 0052 D822     		movs	r2, #216
 124 0054 1E4B     		ldr	r3, .L2+40
 125 0056 1201     		lsls	r2, r2, #4
 126 0058 1A60     		str	r2, [r3]
 291:Generated_Source\PSoC4/cyfitter_cfg.c **** 	CY_SET_REG32((void *)(CYREG_PRT4_PC), 0x00000431u);
 127              		.loc 1 291 0
 128 005a 0A22     		movs	r2, #10
 129 005c 1D4B     		ldr	r3, .L2+44
 130 005e 1A60     		str	r2, [r3]
 292:Generated_Source\PSoC4/cyfitter_cfg.c **** 	CY_SET_REG32((void *)(CYREG_PRT4_PC2), 0x00000002u);
 131              		.loc 1 292 0
 132 0060 1D4A     		ldr	r2, .L2+48
 133 0062 1E4B     		ldr	r3, .L2+52
 134 0064 1A60     		str	r2, [r3]
 293:Generated_Source\PSoC4/cyfitter_cfg.c **** 
 135              		.loc 1 293 0
 136 0066 0222     		movs	r2, #2
 137 0068 1D4B     		ldr	r3, .L2+56
 138 006a 1A60     		str	r2, [r3]
 139              	.LBB24:
 140              	.LBB19:
ARM GAS  C:\Users\VIDEOH~1\AppData\Local\Temp\ccCF9G3c.s 			page 9


 171:Generated_Source\PSoC4/cyfitter_cfg.c **** 
 141              		.loc 1 171 0
 142 006c 8022     		movs	r2, #128
 143 006e 2368     		ldr	r3, [r4]
 144 0070 D202     		lsls	r2, r2, #11
 145 0072 1343     		orrs	r3, r2
 146 0074 2360     		str	r3, [r4]
 174:Generated_Source\PSoC4/cyfitter_cfg.c **** 
 147              		.loc 1 174 0
 148 0076 FFF7FEFF 		bl	CySysClkWriteImoFreq
 149              	.LVL3:
 177:Generated_Source\PSoC4/cyfitter_cfg.c **** 	/* CYDEV_CLK_ILO_CONFIG Starting address: CYDEV_CLK_ILO_CONFIG */
 150              		.loc 1 177 0
 151 007a 2268     		ldr	r2, [r4]
 152 007c 194B     		ldr	r3, .L2+60
 192:Generated_Source\PSoC4/cyfitter_cfg.c **** 
 153              		.loc 1 192 0
 154 007e 1A49     		ldr	r1, .L2+64
 177:Generated_Source\PSoC4/cyfitter_cfg.c **** 	/* CYDEV_CLK_ILO_CONFIG Starting address: CYDEV_CLK_ILO_CONFIG */
 155              		.loc 1 177 0
 156 0080 1340     		ands	r3, r2
 157 0082 2360     		str	r3, [r4]
 179:Generated_Source\PSoC4/cyfitter_cfg.c **** 
 158              		.loc 1 179 0
 159 0084 194A     		ldr	r2, .L2+68
 160 0086 1A4B     		ldr	r3, .L2+72
 161 0088 1A60     		str	r2, [r3]
 183:Generated_Source\PSoC4/cyfitter_cfg.c **** 
 162              		.loc 1 183 0
 163 008a 1322     		movs	r2, #19
 164 008c 194B     		ldr	r3, .L2+76
 165 008e 1A60     		str	r2, [r3]
 186:Generated_Source\PSoC4/cyfitter_cfg.c **** 
 166              		.loc 1 186 0
 167 0090 8022     		movs	r2, #128
 168 0092 194B     		ldr	r3, .L2+80
 169 0094 1206     		lsls	r2, r2, #24
 170 0096 1A60     		str	r2, [r3]
 189:Generated_Source\PSoC4/cyfitter_cfg.c **** 
 171              		.loc 1 189 0
 172 0098 0023     		movs	r3, #0
 192:Generated_Source\PSoC4/cyfitter_cfg.c **** 
 173              		.loc 1 192 0
 174 009a 184A     		ldr	r2, .L2+84
 189:Generated_Source\PSoC4/cyfitter_cfg.c **** 
 175              		.loc 1 189 0
 176 009c 2360     		str	r3, [r4]
 192:Generated_Source\PSoC4/cyfitter_cfg.c **** 
 177              		.loc 1 192 0
 178 009e 1160     		str	r1, [r2]
 194:Generated_Source\PSoC4/cyfitter_cfg.c **** }
 179              		.loc 1 194 0
 180 00a0 174A     		ldr	r2, .L2+88
 181 00a2 1360     		str	r3, [r2]
 182              	.LBE19:
 183              	.LBE24:
 184              		.loc 1 302 0
ARM GAS  C:\Users\VIDEOH~1\AppData\Local\Temp\ccCF9G3c.s 			page 10


 185 00a4 10BD     		pop	{r4, pc}
 186              	.L3:
 187 00a6 C046     		.align	2
 188              	.L2:
 189 00a8 00300F40 		.word	1074737152
 190 00ac 00400F40 		.word	1074741248
 191 00b0 0C000140 		.word	1073807372
 192 00b4 10000140 		.word	1073807376
 193 00b8 00500F40 		.word	1074745344
 194 00bc 30500F40 		.word	1074745392
 195 00c0 00010B40 		.word	1074462976
 196 00c4 00700F40 		.word	1074753536
 197 00c8 00000440 		.word	1074003968
 198 00cc 08000440 		.word	1074003976
 199 00d0 08030440 		.word	1074004744
 200 00d4 00040440 		.word	1074004992
 201 00d8 31040000 		.word	1073
 202 00dc 08040440 		.word	1074005000
 203 00e0 18040440 		.word	1074005016
 204 00e4 FFFFFBFF 		.word	-262145
 205 00e8 10000C80 		.word	-2146697200
 206 00ec 06000080 		.word	-2147483642
 207 00f0 04010B40 		.word	1074462980
 208 00f4 08020240 		.word	1073873416
 209 00f8 08010B40 		.word	1074462984
 210 00fc 00010240 		.word	1073873152
 211 0100 0C020B40 		.word	1074463244
 212              		.cfi_endproc
 213              	.LFE5:
 214              		.size	cyfitter_cfg, .-cyfitter_cfg
 215              		.text
 216              	.Letext0:
 217              		.file 2 "c:\\program files (x86)\\cypress\\psoc creator\\4.2\\psoc creator\\import\\gnu\\arm\\5.4.
 218              		.file 3 "Generated_Source\\PSoC4\\cytypes.h"
 219              		.file 4 "Generated_Source\\PSoC4\\CyLib.h"
 220              		.section	.debug_info,"",%progbits
 221              	.Ldebug_info0:
 222 0000 48020000 		.4byte	0x248
 223 0004 0400     		.2byte	0x4
 224 0006 00000000 		.4byte	.Ldebug_abbrev0
 225 000a 04       		.byte	0x4
 226 000b 01       		.uleb128 0x1
 227 000c A7000000 		.4byte	.LASF25
 228 0010 0C       		.byte	0xc
 229 0011 12020000 		.4byte	.LASF26
 230 0015 CB010000 		.4byte	.LASF27
 231 0019 48000000 		.4byte	.Ldebug_ranges0+0x48
 232 001d 00000000 		.4byte	0
 233 0021 00000000 		.4byte	.Ldebug_line0
 234 0025 02       		.uleb128 0x2
 235 0026 04       		.byte	0x4
 236 0027 05       		.byte	0x5
 237 0028 696E7400 		.ascii	"int\000"
 238 002c 03       		.uleb128 0x3
 239 002d 06000000 		.4byte	.LASF11
 240 0031 02       		.byte	0x2
 241 0032 D8       		.byte	0xd8
ARM GAS  C:\Users\VIDEOH~1\AppData\Local\Temp\ccCF9G3c.s 			page 11


 242 0033 37000000 		.4byte	0x37
 243 0037 04       		.uleb128 0x4
 244 0038 04       		.byte	0x4
 245 0039 07       		.byte	0x7
 246 003a 4E010000 		.4byte	.LASF0
 247 003e 04       		.uleb128 0x4
 248 003f 01       		.byte	0x1
 249 0040 06       		.byte	0x6
 250 0041 06020000 		.4byte	.LASF1
 251 0045 04       		.uleb128 0x4
 252 0046 01       		.byte	0x1
 253 0047 08       		.byte	0x8
 254 0048 7E000000 		.4byte	.LASF2
 255 004c 04       		.uleb128 0x4
 256 004d 02       		.byte	0x2
 257 004e 05       		.byte	0x5
 258 004f A3010000 		.4byte	.LASF3
 259 0053 04       		.uleb128 0x4
 260 0054 02       		.byte	0x2
 261 0055 07       		.byte	0x7
 262 0056 39000000 		.4byte	.LASF4
 263 005a 04       		.uleb128 0x4
 264 005b 04       		.byte	0x4
 265 005c 05       		.byte	0x5
 266 005d C2010000 		.4byte	.LASF5
 267 0061 04       		.uleb128 0x4
 268 0062 04       		.byte	0x4
 269 0063 07       		.byte	0x7
 270 0064 5C000000 		.4byte	.LASF6
 271 0068 04       		.uleb128 0x4
 272 0069 08       		.byte	0x8
 273 006a 05       		.byte	0x5
 274 006b 90010000 		.4byte	.LASF7
 275 006f 04       		.uleb128 0x4
 276 0070 08       		.byte	0x8
 277 0071 07       		.byte	0x7
 278 0072 63010000 		.4byte	.LASF8
 279 0076 04       		.uleb128 0x4
 280 0077 04       		.byte	0x4
 281 0078 07       		.byte	0x7
 282 0079 87010000 		.4byte	.LASF9
 283 007d 05       		.uleb128 0x5
 284 007e 04       		.byte	0x4
 285 007f 04       		.uleb128 0x4
 286 0080 01       		.byte	0x1
 287 0081 08       		.byte	0x8
 288 0082 9E010000 		.4byte	.LASF10
 289 0086 06       		.uleb128 0x6
 290 0087 6E000000 		.4byte	.LASF12
 291 008b 03       		.byte	0x3
 292 008c E401     		.2byte	0x1e4
 293 008e 45000000 		.4byte	0x45
 294 0092 06       		.uleb128 0x6
 295 0093 40010000 		.4byte	.LASF13
 296 0097 03       		.byte	0x3
 297 0098 E501     		.2byte	0x1e5
 298 009a 53000000 		.4byte	0x53
ARM GAS  C:\Users\VIDEOH~1\AppData\Local\Temp\ccCF9G3c.s 			page 12


 299 009e 06       		.uleb128 0x6
 300 009f 47010000 		.4byte	.LASF14
 301 00a3 03       		.byte	0x3
 302 00a4 E601     		.2byte	0x1e6
 303 00a6 61000000 		.4byte	0x61
 304 00aa 04       		.uleb128 0x4
 305 00ab 04       		.byte	0x4
 306 00ac 04       		.byte	0x4
 307 00ad 4C000000 		.4byte	.LASF15
 308 00b1 04       		.uleb128 0x4
 309 00b2 08       		.byte	0x8
 310 00b3 04       		.byte	0x4
 311 00b4 93000000 		.4byte	.LASF16
 312 00b8 06       		.uleb128 0x6
 313 00b9 57000000 		.4byte	.LASF17
 314 00bd 03       		.byte	0x3
 315 00be 8E02     		.2byte	0x28e
 316 00c0 C4000000 		.4byte	0xc4
 317 00c4 07       		.uleb128 0x7
 318 00c5 86000000 		.4byte	0x86
 319 00c9 06       		.uleb128 0x6
 320 00ca 00000000 		.4byte	.LASF18
 321 00ce 03       		.byte	0x3
 322 00cf 9002     		.2byte	0x290
 323 00d1 D5000000 		.4byte	0xd5
 324 00d5 07       		.uleb128 0x7
 325 00d6 9E000000 		.4byte	0x9e
 326 00da 08       		.uleb128 0x8
 327 00db 0D000000 		.4byte	.LASF19
 328 00df 01       		.byte	0x1
 329 00e0 D9       		.byte	0xd9
 330 00e1 01       		.byte	0x1
 331 00e2 09       		.uleb128 0x9
 332 00e3 74000000 		.4byte	.LASF28
 333 00e7 01       		.byte	0x1
 334 00e8 4A       		.byte	0x4a
 335 00e9 01       		.byte	0x1
 336 00ea 01010000 		.4byte	0x101
 337 00ee 0A       		.uleb128 0xa
 338 00ef 7300     		.ascii	"s\000"
 339 00f1 01       		.byte	0x1
 340 00f2 4A       		.byte	0x4a
 341 00f3 7D000000 		.4byte	0x7d
 342 00f7 0A       		.uleb128 0xa
 343 00f8 6E00     		.ascii	"n\000"
 344 00fa 01       		.byte	0x1
 345 00fb 4A       		.byte	0x4a
 346 00fc 2C000000 		.4byte	0x2c
 347 0100 00       		.byte	0
 348 0101 08       		.uleb128 0x8
 349 0102 2E000000 		.4byte	.LASF20
 350 0106 01       		.byte	0x1
 351 0107 A8       		.byte	0xa8
 352 0108 01       		.byte	0x1
 353 0109 0B       		.uleb128 0xb
 354 010a 9A000000 		.4byte	.LASF29
 355 010e 01       		.byte	0x1
ARM GAS  C:\Users\VIDEOH~1\AppData\Local\Temp\ccCF9G3c.s 			page 13


 356 010f F1       		.byte	0xf1
 357 0110 00000000 		.4byte	.LFB5
 358 0114 04010000 		.4byte	.LFE5-.LFB5
 359 0118 01       		.uleb128 0x1
 360 0119 9C       		.byte	0x9c
 361 011a 37020000 		.4byte	0x237
 362 011e 0C       		.uleb128 0xc
 363 011f 00000000 		.4byte	.Ldebug_ranges0+0
 364 0123 16020000 		.4byte	0x216
 365 0127 0D       		.uleb128 0xd
 366 0128 06       		.byte	0x6
 367 0129 01       		.byte	0x1
 368 012a F8       		.byte	0xf8
 369 012b 48010000 		.4byte	0x148
 370 012f 0E       		.uleb128 0xe
 371 0130 5B010000 		.4byte	.LASF21
 372 0134 01       		.byte	0x1
 373 0135 F9       		.byte	0xf9
 374 0136 7D000000 		.4byte	0x7d
 375 013a 00       		.byte	0
 376 013b 0E       		.uleb128 0xe
 377 013c 52000000 		.4byte	.LASF22
 378 0140 01       		.byte	0x1
 379 0141 FA       		.byte	0xfa
 380 0142 92000000 		.4byte	0x92
 381 0146 04       		.byte	0x4
 382 0147 00       		.byte	0
 383 0148 03       		.uleb128 0x3
 384 0149 7A010000 		.4byte	.LASF23
 385 014d 01       		.byte	0x1
 386 014e FB       		.byte	0xfb
 387 014f 27010000 		.4byte	0x127
 388 0153 0F       		.uleb128 0xf
 389 0154 63010000 		.4byte	0x163
 390 0158 63010000 		.4byte	0x163
 391 015c 10       		.uleb128 0x10
 392 015d 76000000 		.4byte	0x76
 393 0161 01       		.byte	0x1
 394 0162 00       		.byte	0
 395 0163 11       		.uleb128 0x11
 396 0164 48010000 		.4byte	0x148
 397 0168 12       		.uleb128 0x12
 398 0169 1E000000 		.4byte	.LASF24
 399 016d 01       		.byte	0x1
 400 016e FD       		.byte	0xfd
 401 016f 80010000 		.4byte	0x180
 402 0173 0C       		.byte	0xc
 403 0174 00       		.byte	0
 404 0175 30       		.byte	0x30
 405 0176 0F       		.byte	0xf
 406 0177 40       		.byte	0x40
 407 0178 00       		.byte	0
 408 0179 04       		.byte	0x4
 409 017a 00       		.byte	0
 410 017b 40       		.byte	0x40
 411 017c 0F       		.byte	0xf
 412 017d 40       		.byte	0x40
ARM GAS  C:\Users\VIDEOH~1\AppData\Local\Temp\ccCF9G3c.s 			page 14


 413 017e 00       		.byte	0
 414 017f 04       		.byte	0x4
 415 0180 11       		.uleb128 0x11
 416 0181 53010000 		.4byte	0x153
 417 0185 13       		.uleb128 0x13
 418 0186 6900     		.ascii	"i\000"
 419 0188 01       		.byte	0x1
 420 0189 0301     		.2byte	0x103
 421 018b 86000000 		.4byte	0x86
 422 018f 00000000 		.4byte	.LLST0
 423 0193 14       		.uleb128 0x14
 424 0194 04000000 		.4byte	.LBB13
 425 0198 18000000 		.4byte	.LBE13-.LBB13
 426 019c 13       		.uleb128 0x13
 427 019d 6D7300   		.ascii	"ms\000"
 428 01a0 01       		.byte	0x1
 429 01a1 0801     		.2byte	0x108
 430 01a3 AB010000 		.4byte	0x1ab
 431 01a7 2C000000 		.4byte	.LLST1
 432 01ab 15       		.uleb128 0x15
 433 01ac 04       		.byte	0x4
 434 01ad 63010000 		.4byte	0x163
 435 01b1 16       		.uleb128 0x16
 436 01b2 E2000000 		.4byte	0xe2
 437 01b6 04000000 		.4byte	.LBB14
 438 01ba 18000000 		.4byte	.LBE14-.LBB14
 439 01be 01       		.byte	0x1
 440 01bf 0901     		.2byte	0x109
 441 01c1 17       		.uleb128 0x17
 442 01c2 F7000000 		.4byte	0xf7
 443 01c6 54000000 		.4byte	.LLST2
 444 01ca 17       		.uleb128 0x17
 445 01cb EE000000 		.4byte	0xee
 446 01cf 6A000000 		.4byte	.LLST3
 447 01d3 18       		.uleb128 0x18
 448 01d4 12000000 		.4byte	.LVL1
 449 01d8 37020000 		.4byte	0x237
 450 01dc F5010000 		.4byte	0x1f5
 451 01e0 19       		.uleb128 0x19
 452 01e1 01       		.uleb128 0x1
 453 01e2 50       		.byte	0x50
 454 01e3 05       		.uleb128 0x5
 455 01e4 0C       		.byte	0xc
 456 01e5 00300F40 		.4byte	0x400f3000
 457 01e9 19       		.uleb128 0x19
 458 01ea 01       		.uleb128 0x1
 459 01eb 51       		.byte	0x51
 460 01ec 01       		.uleb128 0x1
 461 01ed 30       		.byte	0x30
 462 01ee 19       		.uleb128 0x19
 463 01ef 01       		.uleb128 0x1
 464 01f0 52       		.byte	0x52
 465 01f1 02       		.uleb128 0x2
 466 01f2 74       		.byte	0x74
 467 01f3 00       		.sleb128 0
 468 01f4 00       		.byte	0
 469 01f5 1A       		.uleb128 0x1a
ARM GAS  C:\Users\VIDEOH~1\AppData\Local\Temp\ccCF9G3c.s 			page 15


 470 01f6 1C000000 		.4byte	.LVL2
 471 01fa 37020000 		.4byte	0x237
 472 01fe 19       		.uleb128 0x19
 473 01ff 01       		.uleb128 0x1
 474 0200 50       		.byte	0x50
 475 0201 05       		.uleb128 0x5
 476 0202 0C       		.byte	0xc
 477 0203 00400F40 		.4byte	0x400f4000
 478 0207 19       		.uleb128 0x19
 479 0208 01       		.uleb128 0x1
 480 0209 51       		.byte	0x51
 481 020a 01       		.uleb128 0x1
 482 020b 30       		.byte	0x30
 483 020c 19       		.uleb128 0x19
 484 020d 01       		.uleb128 0x1
 485 020e 52       		.byte	0x52
 486 020f 02       		.uleb128 0x2
 487 0210 74       		.byte	0x74
 488 0211 00       		.sleb128 0
 489 0212 00       		.byte	0
 490 0213 00       		.byte	0
 491 0214 00       		.byte	0
 492 0215 00       		.byte	0
 493 0216 1B       		.uleb128 0x1b
 494 0217 01010000 		.4byte	0x101
 495 021b 36000000 		.4byte	.LBB16
 496 021f 28000000 		.4byte	.Ldebug_ranges0+0x28
 497 0223 01       		.byte	0x1
 498 0224 2901     		.2byte	0x129
 499 0226 1A       		.uleb128 0x1a
 500 0227 7A000000 		.4byte	.LVL3
 501 022b 40020000 		.4byte	0x240
 502 022f 19       		.uleb128 0x19
 503 0230 01       		.uleb128 0x1
 504 0231 50       		.byte	0x50
 505 0232 01       		.uleb128 0x1
 506 0233 48       		.byte	0x48
 507 0234 00       		.byte	0
 508 0235 00       		.byte	0
 509 0236 00       		.byte	0
 510 0237 1C       		.uleb128 0x1c
 511 0238 8C000000 		.4byte	.LASF30
 512 023c 8C000000 		.4byte	.LASF30
 513 0240 1D       		.uleb128 0x1d
 514 0241 AD010000 		.4byte	.LASF31
 515 0245 AD010000 		.4byte	.LASF31
 516 0249 04       		.byte	0x4
 517 024a 6C       		.byte	0x6c
 518 024b 00       		.byte	0
 519              		.section	.debug_abbrev,"",%progbits
 520              	.Ldebug_abbrev0:
 521 0000 01       		.uleb128 0x1
 522 0001 11       		.uleb128 0x11
 523 0002 01       		.byte	0x1
 524 0003 25       		.uleb128 0x25
 525 0004 0E       		.uleb128 0xe
 526 0005 13       		.uleb128 0x13
ARM GAS  C:\Users\VIDEOH~1\AppData\Local\Temp\ccCF9G3c.s 			page 16


 527 0006 0B       		.uleb128 0xb
 528 0007 03       		.uleb128 0x3
 529 0008 0E       		.uleb128 0xe
 530 0009 1B       		.uleb128 0x1b
 531 000a 0E       		.uleb128 0xe
 532 000b 55       		.uleb128 0x55
 533 000c 17       		.uleb128 0x17
 534 000d 11       		.uleb128 0x11
 535 000e 01       		.uleb128 0x1
 536 000f 10       		.uleb128 0x10
 537 0010 17       		.uleb128 0x17
 538 0011 00       		.byte	0
 539 0012 00       		.byte	0
 540 0013 02       		.uleb128 0x2
 541 0014 24       		.uleb128 0x24
 542 0015 00       		.byte	0
 543 0016 0B       		.uleb128 0xb
 544 0017 0B       		.uleb128 0xb
 545 0018 3E       		.uleb128 0x3e
 546 0019 0B       		.uleb128 0xb
 547 001a 03       		.uleb128 0x3
 548 001b 08       		.uleb128 0x8
 549 001c 00       		.byte	0
 550 001d 00       		.byte	0
 551 001e 03       		.uleb128 0x3
 552 001f 16       		.uleb128 0x16
 553 0020 00       		.byte	0
 554 0021 03       		.uleb128 0x3
 555 0022 0E       		.uleb128 0xe
 556 0023 3A       		.uleb128 0x3a
 557 0024 0B       		.uleb128 0xb
 558 0025 3B       		.uleb128 0x3b
 559 0026 0B       		.uleb128 0xb
 560 0027 49       		.uleb128 0x49
 561 0028 13       		.uleb128 0x13
 562 0029 00       		.byte	0
 563 002a 00       		.byte	0
 564 002b 04       		.uleb128 0x4
 565 002c 24       		.uleb128 0x24
 566 002d 00       		.byte	0
 567 002e 0B       		.uleb128 0xb
 568 002f 0B       		.uleb128 0xb
 569 0030 3E       		.uleb128 0x3e
 570 0031 0B       		.uleb128 0xb
 571 0032 03       		.uleb128 0x3
 572 0033 0E       		.uleb128 0xe
 573 0034 00       		.byte	0
 574 0035 00       		.byte	0
 575 0036 05       		.uleb128 0x5
 576 0037 0F       		.uleb128 0xf
 577 0038 00       		.byte	0
 578 0039 0B       		.uleb128 0xb
 579 003a 0B       		.uleb128 0xb
 580 003b 00       		.byte	0
 581 003c 00       		.byte	0
 582 003d 06       		.uleb128 0x6
 583 003e 16       		.uleb128 0x16
ARM GAS  C:\Users\VIDEOH~1\AppData\Local\Temp\ccCF9G3c.s 			page 17


 584 003f 00       		.byte	0
 585 0040 03       		.uleb128 0x3
 586 0041 0E       		.uleb128 0xe
 587 0042 3A       		.uleb128 0x3a
 588 0043 0B       		.uleb128 0xb
 589 0044 3B       		.uleb128 0x3b
 590 0045 05       		.uleb128 0x5
 591 0046 49       		.uleb128 0x49
 592 0047 13       		.uleb128 0x13
 593 0048 00       		.byte	0
 594 0049 00       		.byte	0
 595 004a 07       		.uleb128 0x7
 596 004b 35       		.uleb128 0x35
 597 004c 00       		.byte	0
 598 004d 49       		.uleb128 0x49
 599 004e 13       		.uleb128 0x13
 600 004f 00       		.byte	0
 601 0050 00       		.byte	0
 602 0051 08       		.uleb128 0x8
 603 0052 2E       		.uleb128 0x2e
 604 0053 00       		.byte	0
 605 0054 03       		.uleb128 0x3
 606 0055 0E       		.uleb128 0xe
 607 0056 3A       		.uleb128 0x3a
 608 0057 0B       		.uleb128 0xb
 609 0058 3B       		.uleb128 0x3b
 610 0059 0B       		.uleb128 0xb
 611 005a 27       		.uleb128 0x27
 612 005b 19       		.uleb128 0x19
 613 005c 20       		.uleb128 0x20
 614 005d 0B       		.uleb128 0xb
 615 005e 00       		.byte	0
 616 005f 00       		.byte	0
 617 0060 09       		.uleb128 0x9
 618 0061 2E       		.uleb128 0x2e
 619 0062 01       		.byte	0x1
 620 0063 03       		.uleb128 0x3
 621 0064 0E       		.uleb128 0xe
 622 0065 3A       		.uleb128 0x3a
 623 0066 0B       		.uleb128 0xb
 624 0067 3B       		.uleb128 0x3b
 625 0068 0B       		.uleb128 0xb
 626 0069 27       		.uleb128 0x27
 627 006a 19       		.uleb128 0x19
 628 006b 20       		.uleb128 0x20
 629 006c 0B       		.uleb128 0xb
 630 006d 01       		.uleb128 0x1
 631 006e 13       		.uleb128 0x13
 632 006f 00       		.byte	0
 633 0070 00       		.byte	0
 634 0071 0A       		.uleb128 0xa
 635 0072 05       		.uleb128 0x5
 636 0073 00       		.byte	0
 637 0074 03       		.uleb128 0x3
 638 0075 08       		.uleb128 0x8
 639 0076 3A       		.uleb128 0x3a
 640 0077 0B       		.uleb128 0xb
ARM GAS  C:\Users\VIDEOH~1\AppData\Local\Temp\ccCF9G3c.s 			page 18


 641 0078 3B       		.uleb128 0x3b
 642 0079 0B       		.uleb128 0xb
 643 007a 49       		.uleb128 0x49
 644 007b 13       		.uleb128 0x13
 645 007c 00       		.byte	0
 646 007d 00       		.byte	0
 647 007e 0B       		.uleb128 0xb
 648 007f 2E       		.uleb128 0x2e
 649 0080 01       		.byte	0x1
 650 0081 3F       		.uleb128 0x3f
 651 0082 19       		.uleb128 0x19
 652 0083 03       		.uleb128 0x3
 653 0084 0E       		.uleb128 0xe
 654 0085 3A       		.uleb128 0x3a
 655 0086 0B       		.uleb128 0xb
 656 0087 3B       		.uleb128 0x3b
 657 0088 0B       		.uleb128 0xb
 658 0089 27       		.uleb128 0x27
 659 008a 19       		.uleb128 0x19
 660 008b 11       		.uleb128 0x11
 661 008c 01       		.uleb128 0x1
 662 008d 12       		.uleb128 0x12
 663 008e 06       		.uleb128 0x6
 664 008f 40       		.uleb128 0x40
 665 0090 18       		.uleb128 0x18
 666 0091 9742     		.uleb128 0x2117
 667 0093 19       		.uleb128 0x19
 668 0094 01       		.uleb128 0x1
 669 0095 13       		.uleb128 0x13
 670 0096 00       		.byte	0
 671 0097 00       		.byte	0
 672 0098 0C       		.uleb128 0xc
 673 0099 0B       		.uleb128 0xb
 674 009a 01       		.byte	0x1
 675 009b 55       		.uleb128 0x55
 676 009c 17       		.uleb128 0x17
 677 009d 01       		.uleb128 0x1
 678 009e 13       		.uleb128 0x13
 679 009f 00       		.byte	0
 680 00a0 00       		.byte	0
 681 00a1 0D       		.uleb128 0xd
 682 00a2 13       		.uleb128 0x13
 683 00a3 01       		.byte	0x1
 684 00a4 0B       		.uleb128 0xb
 685 00a5 0B       		.uleb128 0xb
 686 00a6 3A       		.uleb128 0x3a
 687 00a7 0B       		.uleb128 0xb
 688 00a8 3B       		.uleb128 0x3b
 689 00a9 0B       		.uleb128 0xb
 690 00aa 01       		.uleb128 0x1
 691 00ab 13       		.uleb128 0x13
 692 00ac 00       		.byte	0
 693 00ad 00       		.byte	0
 694 00ae 0E       		.uleb128 0xe
 695 00af 0D       		.uleb128 0xd
 696 00b0 00       		.byte	0
 697 00b1 03       		.uleb128 0x3
ARM GAS  C:\Users\VIDEOH~1\AppData\Local\Temp\ccCF9G3c.s 			page 19


 698 00b2 0E       		.uleb128 0xe
 699 00b3 3A       		.uleb128 0x3a
 700 00b4 0B       		.uleb128 0xb
 701 00b5 3B       		.uleb128 0x3b
 702 00b6 0B       		.uleb128 0xb
 703 00b7 49       		.uleb128 0x49
 704 00b8 13       		.uleb128 0x13
 705 00b9 38       		.uleb128 0x38
 706 00ba 0B       		.uleb128 0xb
 707 00bb 00       		.byte	0
 708 00bc 00       		.byte	0
 709 00bd 0F       		.uleb128 0xf
 710 00be 01       		.uleb128 0x1
 711 00bf 01       		.byte	0x1
 712 00c0 49       		.uleb128 0x49
 713 00c1 13       		.uleb128 0x13
 714 00c2 01       		.uleb128 0x1
 715 00c3 13       		.uleb128 0x13
 716 00c4 00       		.byte	0
 717 00c5 00       		.byte	0
 718 00c6 10       		.uleb128 0x10
 719 00c7 21       		.uleb128 0x21
 720 00c8 00       		.byte	0
 721 00c9 49       		.uleb128 0x49
 722 00ca 13       		.uleb128 0x13
 723 00cb 2F       		.uleb128 0x2f
 724 00cc 0B       		.uleb128 0xb
 725 00cd 00       		.byte	0
 726 00ce 00       		.byte	0
 727 00cf 11       		.uleb128 0x11
 728 00d0 26       		.uleb128 0x26
 729 00d1 00       		.byte	0
 730 00d2 49       		.uleb128 0x49
 731 00d3 13       		.uleb128 0x13
 732 00d4 00       		.byte	0
 733 00d5 00       		.byte	0
 734 00d6 12       		.uleb128 0x12
 735 00d7 34       		.uleb128 0x34
 736 00d8 00       		.byte	0
 737 00d9 03       		.uleb128 0x3
 738 00da 0E       		.uleb128 0xe
 739 00db 3A       		.uleb128 0x3a
 740 00dc 0B       		.uleb128 0xb
 741 00dd 3B       		.uleb128 0x3b
 742 00de 0B       		.uleb128 0xb
 743 00df 49       		.uleb128 0x49
 744 00e0 13       		.uleb128 0x13
 745 00e1 1C       		.uleb128 0x1c
 746 00e2 0A       		.uleb128 0xa
 747 00e3 00       		.byte	0
 748 00e4 00       		.byte	0
 749 00e5 13       		.uleb128 0x13
 750 00e6 34       		.uleb128 0x34
 751 00e7 00       		.byte	0
 752 00e8 03       		.uleb128 0x3
 753 00e9 08       		.uleb128 0x8
 754 00ea 3A       		.uleb128 0x3a
ARM GAS  C:\Users\VIDEOH~1\AppData\Local\Temp\ccCF9G3c.s 			page 20


 755 00eb 0B       		.uleb128 0xb
 756 00ec 3B       		.uleb128 0x3b
 757 00ed 05       		.uleb128 0x5
 758 00ee 49       		.uleb128 0x49
 759 00ef 13       		.uleb128 0x13
 760 00f0 02       		.uleb128 0x2
 761 00f1 17       		.uleb128 0x17
 762 00f2 00       		.byte	0
 763 00f3 00       		.byte	0
 764 00f4 14       		.uleb128 0x14
 765 00f5 0B       		.uleb128 0xb
 766 00f6 01       		.byte	0x1
 767 00f7 11       		.uleb128 0x11
 768 00f8 01       		.uleb128 0x1
 769 00f9 12       		.uleb128 0x12
 770 00fa 06       		.uleb128 0x6
 771 00fb 00       		.byte	0
 772 00fc 00       		.byte	0
 773 00fd 15       		.uleb128 0x15
 774 00fe 0F       		.uleb128 0xf
 775 00ff 00       		.byte	0
 776 0100 0B       		.uleb128 0xb
 777 0101 0B       		.uleb128 0xb
 778 0102 49       		.uleb128 0x49
 779 0103 13       		.uleb128 0x13
 780 0104 00       		.byte	0
 781 0105 00       		.byte	0
 782 0106 16       		.uleb128 0x16
 783 0107 1D       		.uleb128 0x1d
 784 0108 01       		.byte	0x1
 785 0109 31       		.uleb128 0x31
 786 010a 13       		.uleb128 0x13
 787 010b 11       		.uleb128 0x11
 788 010c 01       		.uleb128 0x1
 789 010d 12       		.uleb128 0x12
 790 010e 06       		.uleb128 0x6
 791 010f 58       		.uleb128 0x58
 792 0110 0B       		.uleb128 0xb
 793 0111 59       		.uleb128 0x59
 794 0112 05       		.uleb128 0x5
 795 0113 00       		.byte	0
 796 0114 00       		.byte	0
 797 0115 17       		.uleb128 0x17
 798 0116 05       		.uleb128 0x5
 799 0117 00       		.byte	0
 800 0118 31       		.uleb128 0x31
 801 0119 13       		.uleb128 0x13
 802 011a 02       		.uleb128 0x2
 803 011b 17       		.uleb128 0x17
 804 011c 00       		.byte	0
 805 011d 00       		.byte	0
 806 011e 18       		.uleb128 0x18
 807 011f 898201   		.uleb128 0x4109
 808 0122 01       		.byte	0x1
 809 0123 11       		.uleb128 0x11
 810 0124 01       		.uleb128 0x1
 811 0125 31       		.uleb128 0x31
ARM GAS  C:\Users\VIDEOH~1\AppData\Local\Temp\ccCF9G3c.s 			page 21


 812 0126 13       		.uleb128 0x13
 813 0127 01       		.uleb128 0x1
 814 0128 13       		.uleb128 0x13
 815 0129 00       		.byte	0
 816 012a 00       		.byte	0
 817 012b 19       		.uleb128 0x19
 818 012c 8A8201   		.uleb128 0x410a
 819 012f 00       		.byte	0
 820 0130 02       		.uleb128 0x2
 821 0131 18       		.uleb128 0x18
 822 0132 9142     		.uleb128 0x2111
 823 0134 18       		.uleb128 0x18
 824 0135 00       		.byte	0
 825 0136 00       		.byte	0
 826 0137 1A       		.uleb128 0x1a
 827 0138 898201   		.uleb128 0x4109
 828 013b 01       		.byte	0x1
 829 013c 11       		.uleb128 0x11
 830 013d 01       		.uleb128 0x1
 831 013e 31       		.uleb128 0x31
 832 013f 13       		.uleb128 0x13
 833 0140 00       		.byte	0
 834 0141 00       		.byte	0
 835 0142 1B       		.uleb128 0x1b
 836 0143 1D       		.uleb128 0x1d
 837 0144 01       		.byte	0x1
 838 0145 31       		.uleb128 0x31
 839 0146 13       		.uleb128 0x13
 840 0147 52       		.uleb128 0x52
 841 0148 01       		.uleb128 0x1
 842 0149 55       		.uleb128 0x55
 843 014a 17       		.uleb128 0x17
 844 014b 58       		.uleb128 0x58
 845 014c 0B       		.uleb128 0xb
 846 014d 59       		.uleb128 0x59
 847 014e 05       		.uleb128 0x5
 848 014f 00       		.byte	0
 849 0150 00       		.byte	0
 850 0151 1C       		.uleb128 0x1c
 851 0152 2E       		.uleb128 0x2e
 852 0153 00       		.byte	0
 853 0154 3F       		.uleb128 0x3f
 854 0155 19       		.uleb128 0x19
 855 0156 3C       		.uleb128 0x3c
 856 0157 19       		.uleb128 0x19
 857 0158 6E       		.uleb128 0x6e
 858 0159 0E       		.uleb128 0xe
 859 015a 03       		.uleb128 0x3
 860 015b 0E       		.uleb128 0xe
 861 015c 00       		.byte	0
 862 015d 00       		.byte	0
 863 015e 1D       		.uleb128 0x1d
 864 015f 2E       		.uleb128 0x2e
 865 0160 00       		.byte	0
 866 0161 3F       		.uleb128 0x3f
 867 0162 19       		.uleb128 0x19
 868 0163 3C       		.uleb128 0x3c
ARM GAS  C:\Users\VIDEOH~1\AppData\Local\Temp\ccCF9G3c.s 			page 22


 869 0164 19       		.uleb128 0x19
 870 0165 6E       		.uleb128 0x6e
 871 0166 0E       		.uleb128 0xe
 872 0167 03       		.uleb128 0x3
 873 0168 0E       		.uleb128 0xe
 874 0169 3A       		.uleb128 0x3a
 875 016a 0B       		.uleb128 0xb
 876 016b 3B       		.uleb128 0x3b
 877 016c 0B       		.uleb128 0xb
 878 016d 00       		.byte	0
 879 016e 00       		.byte	0
 880 016f 00       		.byte	0
 881              		.section	.debug_loc,"",%progbits
 882              	.Ldebug_loc0:
 883              	.LLST0:
 884 0000 04000000 		.4byte	.LVL0
 885 0004 12000000 		.4byte	.LVL1
 886 0008 0200     		.2byte	0x2
 887 000a 30       		.byte	0x30
 888 000b 9F       		.byte	0x9f
 889 000c 12000000 		.4byte	.LVL1
 890 0010 1C000000 		.4byte	.LVL2
 891 0014 0200     		.2byte	0x2
 892 0016 31       		.byte	0x31
 893 0017 9F       		.byte	0x9f
 894 0018 1C000000 		.4byte	.LVL2
 895 001c 04010000 		.4byte	.LFE5
 896 0020 0200     		.2byte	0x2
 897 0022 32       		.byte	0x32
 898 0023 9F       		.byte	0x9f
 899 0024 00000000 		.4byte	0
 900 0028 00000000 		.4byte	0
 901              	.LLST1:
 902 002c 04000000 		.4byte	.LVL0
 903 0030 12000000 		.4byte	.LVL1
 904 0034 0600     		.2byte	0x6
 905 0036 F2       		.byte	0xf2
 906 0037 68010000 		.4byte	.Ldebug_info0+360
 907 003b 00       		.sleb128 0
 908 003c 12000000 		.4byte	.LVL1
 909 0040 04010000 		.4byte	.LFE5
 910 0044 0600     		.2byte	0x6
 911 0046 F2       		.byte	0xf2
 912 0047 68010000 		.4byte	.Ldebug_info0+360
 913 004b 06       		.sleb128 6
 914 004c 00000000 		.4byte	0
 915 0050 00000000 		.4byte	0
 916              	.LLST2:
 917 0054 04000000 		.4byte	.LVL0
 918 0058 1C000000 		.4byte	.LVL2
 919 005c 0400     		.2byte	0x4
 920 005e 0A       		.byte	0xa
 921 005f 0004     		.2byte	0x400
 922 0061 9F       		.byte	0x9f
 923 0062 00000000 		.4byte	0
 924 0066 00000000 		.4byte	0
 925              	.LLST3:
ARM GAS  C:\Users\VIDEOH~1\AppData\Local\Temp\ccCF9G3c.s 			page 23


 926 006a 04000000 		.4byte	.LVL0
 927 006e 12000000 		.4byte	.LVL1
 928 0072 0600     		.2byte	0x6
 929 0074 0C       		.byte	0xc
 930 0075 00300F40 		.4byte	0x400f3000
 931 0079 9F       		.byte	0x9f
 932 007a 12000000 		.4byte	.LVL1
 933 007e 1C000000 		.4byte	.LVL2
 934 0082 0600     		.2byte	0x6
 935 0084 0C       		.byte	0xc
 936 0085 00400F40 		.4byte	0x400f4000
 937 0089 9F       		.byte	0x9f
 938 008a 00000000 		.4byte	0
 939 008e 00000000 		.4byte	0
 940              		.section	.debug_aranges,"",%progbits
 941 0000 1C000000 		.4byte	0x1c
 942 0004 0200     		.2byte	0x2
 943 0006 00000000 		.4byte	.Ldebug_info0
 944 000a 04       		.byte	0x4
 945 000b 00       		.byte	0
 946 000c 0000     		.2byte	0
 947 000e 0000     		.2byte	0
 948 0010 00000000 		.4byte	.LFB5
 949 0014 04010000 		.4byte	.LFE5-.LFB5
 950 0018 00000000 		.4byte	0
 951 001c 00000000 		.4byte	0
 952              		.section	.debug_ranges,"",%progbits
 953              	.Ldebug_ranges0:
 954 0000 04000000 		.4byte	.LBB12
 955 0004 36000000 		.4byte	.LBE12
 956 0008 38000000 		.4byte	.LBB20
 957 000c 3C000000 		.4byte	.LBE20
 958 0010 3E000000 		.4byte	.LBB22
 959 0014 40000000 		.4byte	.LBE22
 960 0018 40000000 		.4byte	.LBB23
 961 001c 44000000 		.4byte	.LBE23
 962 0020 00000000 		.4byte	0
 963 0024 00000000 		.4byte	0
 964 0028 36000000 		.4byte	.LBB16
 965 002c 38000000 		.4byte	.LBE16
 966 0030 3C000000 		.4byte	.LBB21
 967 0034 3E000000 		.4byte	.LBE21
 968 0038 6C000000 		.4byte	.LBB24
 969 003c A4000000 		.4byte	.LBE24
 970 0040 00000000 		.4byte	0
 971 0044 00000000 		.4byte	0
 972 0048 00000000 		.4byte	.LFB5
 973 004c 04010000 		.4byte	.LFE5
 974 0050 00000000 		.4byte	0
 975 0054 00000000 		.4byte	0
 976              		.section	.debug_line,"",%progbits
 977              	.Ldebug_line0:
 978 0000 33010000 		.section	.debug_str,"MS",%progbits,1
 978      0200D600 
 978      00000201 
 978      FB0E0D00 
 978      01010101 
ARM GAS  C:\Users\VIDEOH~1\AppData\Local\Temp\ccCF9G3c.s 			page 24


 979              	.LASF18:
 980 0000 72656733 		.ascii	"reg32\000"
 980      3200
 981              	.LASF11:
 982 0006 73697A65 		.ascii	"size_t\000"
 982      5F7400
 983              	.LASF19:
 984 000d 416E616C 		.ascii	"AnalogSetDefault\000"
 984      6F675365 
 984      74446566 
 984      61756C74 
 984      00
 985              	.LASF24:
 986 001e 6366675F 		.ascii	"cfg_memset_list\000"
 986      6D656D73 
 986      65745F6C 
 986      69737400 
 987              	.LASF20:
 988 002e 436C6F63 		.ascii	"ClockSetup\000"
 988      6B536574 
 988      757000
 989              	.LASF4:
 990 0039 73686F72 		.ascii	"short unsigned int\000"
 990      7420756E 
 990      7369676E 
 990      65642069 
 990      6E7400
 991              	.LASF15:
 992 004c 666C6F61 		.ascii	"float\000"
 992      7400
 993              	.LASF22:
 994 0052 73697A65 		.ascii	"size\000"
 994      00
 995              	.LASF17:
 996 0057 72656738 		.ascii	"reg8\000"
 996      00
 997              	.LASF6:
 998 005c 6C6F6E67 		.ascii	"long unsigned int\000"
 998      20756E73 
 998      69676E65 
 998      6420696E 
 998      7400
 999              	.LASF12:
 1000 006e 75696E74 		.ascii	"uint8\000"
 1000      3800
 1001              	.LASF28:
 1002 0074 43594D45 		.ascii	"CYMEMZERO\000"
 1002      4D5A4552 
 1002      4F00
 1003              	.LASF2:
 1004 007e 756E7369 		.ascii	"unsigned char\000"
 1004      676E6564 
 1004      20636861 
 1004      7200
 1005              	.LASF30:
 1006 008c 6D656D73 		.ascii	"memset\000"
 1006      657400
ARM GAS  C:\Users\VIDEOH~1\AppData\Local\Temp\ccCF9G3c.s 			page 25


 1007              	.LASF16:
 1008 0093 646F7562 		.ascii	"double\000"
 1008      6C6500
 1009              	.LASF29:
 1010 009a 63796669 		.ascii	"cyfitter_cfg\000"
 1010      74746572 
 1010      5F636667 
 1010      00
 1011              	.LASF25:
 1012 00a7 474E5520 		.ascii	"GNU C99 5.4.1 20160609 (release) [ARM/embedded-5-br"
 1012      43393920 
 1012      352E342E 
 1012      31203230 
 1012      31363036 
 1013 00da 616E6368 		.ascii	"anch revision 237715] -mcpu=cortex-m0 -mthumb -g -O"
 1013      20726576 
 1013      6973696F 
 1013      6E203233 
 1013      37373135 
 1014 010d 73202D73 		.ascii	"s -std=gnu99 -ffunction-sections -ffat-lto-objects\000"
 1014      74643D67 
 1014      6E753939 
 1014      202D6666 
 1014      756E6374 
 1015              	.LASF13:
 1016 0140 75696E74 		.ascii	"uint16\000"
 1016      313600
 1017              	.LASF14:
 1018 0147 75696E74 		.ascii	"uint32\000"
 1018      333200
 1019              	.LASF0:
 1020 014e 756E7369 		.ascii	"unsigned int\000"
 1020      676E6564 
 1020      20696E74 
 1020      00
 1021              	.LASF21:
 1022 015b 61646472 		.ascii	"address\000"
 1022      65737300 
 1023              	.LASF8:
 1024 0163 6C6F6E67 		.ascii	"long long unsigned int\000"
 1024      206C6F6E 
 1024      6720756E 
 1024      7369676E 
 1024      65642069 
 1025              	.LASF23:
 1026 017a 6366675F 		.ascii	"cfg_memset_t\000"
 1026      6D656D73 
 1026      65745F74 
 1026      00
 1027              	.LASF9:
 1028 0187 73697A65 		.ascii	"sizetype\000"
 1028      74797065 
 1028      00
 1029              	.LASF7:
 1030 0190 6C6F6E67 		.ascii	"long long int\000"
 1030      206C6F6E 
 1030      6720696E 
ARM GAS  C:\Users\VIDEOH~1\AppData\Local\Temp\ccCF9G3c.s 			page 26


 1030      7400
 1031              	.LASF10:
 1032 019e 63686172 		.ascii	"char\000"
 1032      00
 1033              	.LASF3:
 1034 01a3 73686F72 		.ascii	"short int\000"
 1034      7420696E 
 1034      7400
 1035              	.LASF31:
 1036 01ad 43795379 		.ascii	"CySysClkWriteImoFreq\000"
 1036      73436C6B 
 1036      57726974 
 1036      65496D6F 
 1036      46726571 
 1037              	.LASF5:
 1038 01c2 6C6F6E67 		.ascii	"long int\000"
 1038      20696E74 
 1038      00
 1039              	.LASF27:
 1040 01cb 443A5C31 		.ascii	"D:\\1_work\\my_project\\ReloadPro\\psoc42boot\\Boot"
 1040      5F776F72 
 1040      6B5C6D79 
 1040      5F70726F 
 1040      6A656374 
 1041 01f9 6C6F6164 		.ascii	"loader.cydsn\000"
 1041      65722E63 
 1041      7964736E 
 1041      00
 1042              	.LASF1:
 1043 0206 7369676E 		.ascii	"signed char\000"
 1043      65642063 
 1043      68617200 
 1044              	.LASF26:
 1045 0212 47656E65 		.ascii	"Generated_Source\\PSoC4\\cyfitter_cfg.c\000"
 1045      72617465 
 1045      645F536F 
 1045      75726365 
 1045      5C50536F 
 1046              		.ident	"GCC: (GNU Tools for ARM Embedded Processors) 5.4.1 20160609 (release) [ARM/embedded-5-bran
