ARM GAS  C:\Users\VIDEOH~1\AppData\Local\Temp\ccTRYSHg.s 			page 1


   1              		.syntax unified
   2              		.cpu cortex-m0
   3              		.fpu softvfp
   4              		.eabi_attribute 20, 1
   5              		.eabi_attribute 21, 1
   6              		.eabi_attribute 23, 3
   7              		.eabi_attribute 24, 1
   8              		.eabi_attribute 25, 1
   9              		.eabi_attribute 26, 1
  10              		.eabi_attribute 30, 4
  11              		.eabi_attribute 34, 0
  12              		.eabi_attribute 18, 4
  13              		.thumb
  14              		.syntax unified
  15              		.file	"cyPm.c"
  16              		.text
  17              	.Ltext0:
  18              		.cfi_sections	.debug_frame
  19              		.section	.text.CySysPmSleep,"ax",%progbits
  20              		.align	1
  21              		.global	CySysPmSleep
  22              		.code	16
  23              		.thumb_func
  24              		.type	CySysPmSleep, %function
  25              	CySysPmSleep:
  26              	.LFB0:
  27              		.file 1 "Generated_Source\\PSoC4\\cyPm.c"
   1:Generated_Source\PSoC4/cyPm.c **** /***************************************************************************//**
   2:Generated_Source\PSoC4/cyPm.c **** * \file cyPm.c
   3:Generated_Source\PSoC4/cyPm.c **** * \version 5.80
   4:Generated_Source\PSoC4/cyPm.c **** *
   5:Generated_Source\PSoC4/cyPm.c **** * \brief Provides an API for the power management.
   6:Generated_Source\PSoC4/cyPm.c **** *
   7:Generated_Source\PSoC4/cyPm.c **** * \note Documentation of the API's in this file is located in the System
   8:Generated_Source\PSoC4/cyPm.c **** * Reference Guide provided with PSoC Creator.
   9:Generated_Source\PSoC4/cyPm.c **** *
  10:Generated_Source\PSoC4/cyPm.c **** ********************************************************************************
  11:Generated_Source\PSoC4/cyPm.c **** * \copyright
  12:Generated_Source\PSoC4/cyPm.c **** * Copyright 2011-2018, Cypress Semiconductor Corporation.  All rights reserved.
  13:Generated_Source\PSoC4/cyPm.c **** * You may use this file only in accordance with the license, terms, conditions,
  14:Generated_Source\PSoC4/cyPm.c **** * disclaimers, and limitations in the end user license agreement accompanying
  15:Generated_Source\PSoC4/cyPm.c **** * the software package with which this file was provided.
  16:Generated_Source\PSoC4/cyPm.c **** *******************************************************************************/
  17:Generated_Source\PSoC4/cyPm.c **** 
  18:Generated_Source\PSoC4/cyPm.c **** #include "cyPm.h"
  19:Generated_Source\PSoC4/cyPm.c **** #include "CyLib.h"
  20:Generated_Source\PSoC4/cyPm.c **** #include "CyFlash.h"
  21:Generated_Source\PSoC4/cyPm.c **** 
  22:Generated_Source\PSoC4/cyPm.c **** 
  23:Generated_Source\PSoC4/cyPm.c **** /*******************************************************************************
  24:Generated_Source\PSoC4/cyPm.c **** * Function Name: CySysPmSleep
  25:Generated_Source\PSoC4/cyPm.c **** ****************************************************************************//**
  26:Generated_Source\PSoC4/cyPm.c **** *
  27:Generated_Source\PSoC4/cyPm.c **** * Puts the part into the Sleep state. This is a CPU-centric power mode.
  28:Generated_Source\PSoC4/cyPm.c **** * It means that the CPU has indicated that it is in the sleep mode and
  29:Generated_Source\PSoC4/cyPm.c **** * its main clock can be removed. It is identical to Active from a peripheral
  30:Generated_Source\PSoC4/cyPm.c **** * point of view. Any enabled interrupts can cause wakeup from the Sleep mode.
ARM GAS  C:\Users\VIDEOH~1\AppData\Local\Temp\ccTRYSHg.s 			page 2


  31:Generated_Source\PSoC4/cyPm.c **** *
  32:Generated_Source\PSoC4/cyPm.c **** *******************************************************************************/
  33:Generated_Source\PSoC4/cyPm.c **** void CySysPmSleep(void)
  34:Generated_Source\PSoC4/cyPm.c **** {
  28              		.loc 1 34 0
  29              		.cfi_startproc
  30              		@ args = 0, pretend = 0, frame = 0
  31              		@ frame_needed = 0, uses_anonymous_args = 0
  32 0000 10B5     		push	{r4, lr}
  33              		.cfi_def_cfa_offset 8
  34              		.cfi_offset 4, -8
  35              		.cfi_offset 14, -4
  35:Generated_Source\PSoC4/cyPm.c ****     uint8 interruptState;
  36:Generated_Source\PSoC4/cyPm.c **** 
  37:Generated_Source\PSoC4/cyPm.c ****     interruptState = CyEnterCriticalSection();
  36              		.loc 1 37 0
  37 0002 FFF7FEFF 		bl	CyEnterCriticalSection
  38              	.LVL0:
  38:Generated_Source\PSoC4/cyPm.c **** 
  39:Generated_Source\PSoC4/cyPm.c ****     /* CPU enters Sleep mode upon execution of WFI */
  40:Generated_Source\PSoC4/cyPm.c ****     CY_PM_CPU_SCR_REG &= (uint32) (~CY_PM_CPU_SCR_SLEEPDEEP);
  39              		.loc 1 40 0
  40 0006 0421     		movs	r1, #4
  41 0008 034A     		ldr	r2, .L2
  42 000a 1368     		ldr	r3, [r2]
  43 000c 8B43     		bics	r3, r1
  44 000e 1360     		str	r3, [r2]
  41:Generated_Source\PSoC4/cyPm.c **** 
  42:Generated_Source\PSoC4/cyPm.c ****     /* Sleep and wait for interrupt */
  43:Generated_Source\PSoC4/cyPm.c ****     CY_PM_WFI;
  45              		.loc 1 43 0
  46              		.syntax divided
  47              	@ 43 "Generated_Source\PSoC4\cyPm.c" 1
  48 0010 30BF     		WFI 
  49              	
  50              	@ 0 "" 2
  44:Generated_Source\PSoC4/cyPm.c **** 
  45:Generated_Source\PSoC4/cyPm.c ****     CyExitCriticalSection(interruptState);
  51              		.loc 1 45 0
  52              		.thumb
  53              		.syntax unified
  54 0012 FFF7FEFF 		bl	CyExitCriticalSection
  55              	.LVL1:
  46:Generated_Source\PSoC4/cyPm.c **** }
  56              		.loc 1 46 0
  57              		@ sp needed
  58 0016 10BD     		pop	{r4, pc}
  59              	.L3:
  60              		.align	2
  61              	.L2:
  62 0018 10ED00E0 		.word	-536810224
  63              		.cfi_endproc
  64              	.LFE0:
  65              		.size	CySysPmSleep, .-CySysPmSleep
  66              		.section	.text.CySysPmDeepSleep,"ax",%progbits
  67              		.align	1
  68              		.global	CySysPmDeepSleep
ARM GAS  C:\Users\VIDEOH~1\AppData\Local\Temp\ccTRYSHg.s 			page 3


  69              		.code	16
  70              		.thumb_func
  71              		.type	CySysPmDeepSleep, %function
  72              	CySysPmDeepSleep:
  73              	.LFB1:
  47:Generated_Source\PSoC4/cyPm.c **** 
  48:Generated_Source\PSoC4/cyPm.c **** 
  49:Generated_Source\PSoC4/cyPm.c **** /*******************************************************************************
  50:Generated_Source\PSoC4/cyPm.c **** * Function Name: CySysPmDeepSleep
  51:Generated_Source\PSoC4/cyPm.c **** ****************************************************************************//**
  52:Generated_Source\PSoC4/cyPm.c **** *
  53:Generated_Source\PSoC4/cyPm.c **** * Puts the part into the Deep Sleep state. If the firmware attempts to enter
  54:Generated_Source\PSoC4/cyPm.c **** * this mode before the system is ready (that is, when
  55:Generated_Source\PSoC4/cyPm.c **** * PWR_CONTROL.LPM_READY = 0), then the device will go into the Sleep mode
  56:Generated_Source\PSoC4/cyPm.c **** * instead and automatically enter the originally intended mode when the
  57:Generated_Source\PSoC4/cyPm.c **** * holdoff expires.
  58:Generated_Source\PSoC4/cyPm.c **** *
  59:Generated_Source\PSoC4/cyPm.c **** * The wakeup occurs when an interrupt is received from a DeepSleep or
  60:Generated_Source\PSoC4/cyPm.c **** * Hibernate peripheral. For more details, see a corresponding
  61:Generated_Source\PSoC4/cyPm.c **** * peripheral's datasheet.
  62:Generated_Source\PSoC4/cyPm.c **** *
  63:Generated_Source\PSoC4/cyPm.c **** *******************************************************************************/
  64:Generated_Source\PSoC4/cyPm.c **** void CySysPmDeepSleep(void)
  65:Generated_Source\PSoC4/cyPm.c **** {
  74              		.loc 1 65 0
  75              		.cfi_startproc
  76              		@ args = 0, pretend = 0, frame = 8
  77              		@ frame_needed = 0, uses_anonymous_args = 0
  78 0000 F7B5     		push	{r0, r1, r2, r4, r5, r6, r7, lr}
  79              		.cfi_def_cfa_offset 32
  80              		.cfi_offset 0, -32
  81              		.cfi_offset 1, -28
  82              		.cfi_offset 2, -24
  83              		.cfi_offset 4, -20
  84              		.cfi_offset 5, -16
  85              		.cfi_offset 6, -12
  86              		.cfi_offset 7, -8
  87              		.cfi_offset 14, -4
  66:Generated_Source\PSoC4/cyPm.c ****     uint8 interruptState;
  67:Generated_Source\PSoC4/cyPm.c ****     #if(CY_IP_SRSSV2)
  68:Generated_Source\PSoC4/cyPm.c ****         volatile uint32 clkSelectReg;
  69:Generated_Source\PSoC4/cyPm.c ****     #endif /* (CY_IP_SRSSV2) */
  70:Generated_Source\PSoC4/cyPm.c ****     
  71:Generated_Source\PSoC4/cyPm.c ****     #if(CY_IP_ECO_SRSSLT)
  72:Generated_Source\PSoC4/cyPm.c ****         volatile uint32 pllResoreFlag = 0u;
  73:Generated_Source\PSoC4/cyPm.c ****     #endif /* (CY_IP_ECO_SRSSLT) */
  74:Generated_Source\PSoC4/cyPm.c **** 
  75:Generated_Source\PSoC4/cyPm.c ****     #if (CY_IP_IMO_TRIMMABLE_BY_WCO)
  76:Generated_Source\PSoC4/cyPm.c ****         uint32 regTmp = 0u;
  77:Generated_Source\PSoC4/cyPm.c ****     #endif /* (CY_IP_IMO_TRIMMABLE_BY_WCO) */
  78:Generated_Source\PSoC4/cyPm.c ****     
  79:Generated_Source\PSoC4/cyPm.c ****     interruptState = CyEnterCriticalSection();
  80:Generated_Source\PSoC4/cyPm.c **** 
  81:Generated_Source\PSoC4/cyPm.c ****     #if(CY_IP_ECO_SRSSLT)
  82:Generated_Source\PSoC4/cyPm.c ****         if(0u != (CY_SYS_ECO_CLK_SELECT_REG & CY_SYS_ECO_CLK_SELECT_ECO_PLL_MASK))
  83:Generated_Source\PSoC4/cyPm.c ****         {
  84:Generated_Source\PSoC4/cyPm.c ****             pllResoreFlag = 1u;
ARM GAS  C:\Users\VIDEOH~1\AppData\Local\Temp\ccTRYSHg.s 			page 4


  85:Generated_Source\PSoC4/cyPm.c ****             
  86:Generated_Source\PSoC4/cyPm.c ****             /* Set default state = IMO for HFCLK_SEL bit mask */
  87:Generated_Source\PSoC4/cyPm.c ****             CY_SYS_CLK_SELECT_REG &= (uint32)(~CY_SYS_CLK_SELECT_DIRECT_SEL_MASK);
  88:Generated_Source\PSoC4/cyPm.c ****         }
  89:Generated_Source\PSoC4/cyPm.c ****     #endif /* (CY_IP_ECO_SRSSLT) */
  90:Generated_Source\PSoC4/cyPm.c **** 
  91:Generated_Source\PSoC4/cyPm.c ****     #if(CY_IP_SRSSV2)
  92:Generated_Source\PSoC4/cyPm.c ****         /* Device enters DeepSleep mode when CPU asserts SLEEPDEEP signal */
  93:Generated_Source\PSoC4/cyPm.c ****         CY_PM_PWR_CONTROL_REG &= (uint32) (~CY_PM_PWR_CONTROL_HIBERNATE);
  94:Generated_Source\PSoC4/cyPm.c ****     #endif /* (CY_IP_SRSSV2) */
  95:Generated_Source\PSoC4/cyPm.c **** 
  96:Generated_Source\PSoC4/cyPm.c ****     #if (CY_IP_CPUSS && CY_IP_SRSSV2)
  97:Generated_Source\PSoC4/cyPm.c ****         CY_PM_CPUSS_CONFIG_REG |= CY_PM_CPUSS_CONFIG_FLSH_ACC_BYPASS;
  88              		.loc 1 97 0
  89 0002 8025     		movs	r5, #128
  90 0004 0226     		movs	r6, #2
  79:Generated_Source\PSoC4/cyPm.c **** 
  91              		.loc 1 79 0
  92 0006 FFF7FEFF 		bl	CyEnterCriticalSection
  93              	.LVL2:
  98:Generated_Source\PSoC4/cyPm.c ****     #endif /* (CY_IP_CPUSS && CY_IP_SRSSV2) */
  99:Generated_Source\PSoC4/cyPm.c ****     
 100:Generated_Source\PSoC4/cyPm.c ****     #if (CY_IP_IMO_TRIMMABLE_BY_WCO)
 101:Generated_Source\PSoC4/cyPm.c ****         if (0u != (CY_SYS_CLK_WCO_CONFIG_REG & CY_SYS_CLK_WCO_CONFIG_DPLL_ENABLE))
 102:Generated_Source\PSoC4/cyPm.c ****         {
 103:Generated_Source\PSoC4/cyPm.c ****             regTmp  = CY_SYS_CLK_WCO_DPLL_REG & ~(CY_SYS_CLK_WCO_CONFIG_DPLL_LF_LIMIT_MASK);
 104:Generated_Source\PSoC4/cyPm.c ****             CY_SYS_CLK_WCO_DPLL_REG = (regTmp | (((CY_SYS_CLK_IMO_TRIM1_REG + CY_PM_WCO_DPLL_LF_LIM
 105:Generated_Source\PSoC4/cyPm.c ****                                                   CY_SYS_CLK_WCO_CONFIG_DPLL_LF_LIMIT_MAX) << 
 106:Generated_Source\PSoC4/cyPm.c ****                                                  CY_SYS_CLK_WCO_CONFIG_DPLL_LF_LIMIT_SHIFT));
 107:Generated_Source\PSoC4/cyPm.c ****         }
 108:Generated_Source\PSoC4/cyPm.c ****     #endif /* (CY_IP_IMO_TRIMMABLE_BY_WCO) */
 109:Generated_Source\PSoC4/cyPm.c **** 
 110:Generated_Source\PSoC4/cyPm.c ****     /* Adjust delay to wait for references to settle on wakeup from Deep Sleep */
 111:Generated_Source\PSoC4/cyPm.c ****     CY_PM_PWR_KEY_DELAY_REG = CY_SFLASH_DPSLP_KEY_DELAY_REG;
 112:Generated_Source\PSoC4/cyPm.c **** 
 113:Generated_Source\PSoC4/cyPm.c ****     /* CPU enters DeepSleep/Hibernate mode upon execution of WFI */
 114:Generated_Source\PSoC4/cyPm.c ****     CY_PM_CPU_SCR_REG |= CY_PM_CPU_SCR_SLEEPDEEP;
  94              		.loc 1 114 0
  95 000a 0421     		movs	r1, #4
  93:Generated_Source\PSoC4/cyPm.c ****     #endif /* (CY_IP_SRSSV2) */
  96              		.loc 1 93 0
  97 000c 114A     		ldr	r2, .L5
  97:Generated_Source\PSoC4/cyPm.c ****     #endif /* (CY_IP_CPUSS && CY_IP_SRSSV2) */
  98              		.loc 1 97 0
  99 000e ED05     		lsls	r5, r5, #23
  93:Generated_Source\PSoC4/cyPm.c ****     #endif /* (CY_IP_SRSSV2) */
 100              		.loc 1 93 0
 101 0010 1368     		ldr	r3, [r2]
 115:Generated_Source\PSoC4/cyPm.c **** 
 116:Generated_Source\PSoC4/cyPm.c ****     #if(CY_IP_SRSSV2)
 117:Generated_Source\PSoC4/cyPm.c ****         /* Preserve system clock configuration and
 118:Generated_Source\PSoC4/cyPm.c ****         * reduce sysclk to <=12 MHz (Cypress ID #158710, #179888).
 119:Generated_Source\PSoC4/cyPm.c ****         */
 120:Generated_Source\PSoC4/cyPm.c ****         clkSelectReg = CY_SYS_CLK_SELECT_REG;
 102              		.loc 1 120 0
 103 0012 114F     		ldr	r7, .L5+4
  93:Generated_Source\PSoC4/cyPm.c ****     #endif /* (CY_IP_SRSSV2) */
ARM GAS  C:\Users\VIDEOH~1\AppData\Local\Temp\ccTRYSHg.s 			page 5


 104              		.loc 1 93 0
 105 0014 5B00     		lsls	r3, r3, #1
 106 0016 5B08     		lsrs	r3, r3, #1
 107 0018 1360     		str	r3, [r2]
  97:Generated_Source\PSoC4/cyPm.c ****     #endif /* (CY_IP_CPUSS && CY_IP_SRSSV2) */
 108              		.loc 1 97 0
 109 001a 2B68     		ldr	r3, [r5]
 111:Generated_Source\PSoC4/cyPm.c **** 
 110              		.loc 1 111 0
 111 001c 0F4A     		ldr	r2, .L5+8
  97:Generated_Source\PSoC4/cyPm.c ****     #endif /* (CY_IP_CPUSS && CY_IP_SRSSV2) */
 112              		.loc 1 97 0
 113 001e 3343     		orrs	r3, r6
 114 0020 2B60     		str	r3, [r5]
 111:Generated_Source\PSoC4/cyPm.c **** 
 115              		.loc 1 111 0
 116 0022 0F4B     		ldr	r3, .L5+12
  79:Generated_Source\PSoC4/cyPm.c **** 
 117              		.loc 1 79 0
 118 0024 0400     		movs	r4, r0
 119              	.LVL3:
 111:Generated_Source\PSoC4/cyPm.c **** 
 120              		.loc 1 111 0
 121 0026 1B88     		ldrh	r3, [r3]
 121:Generated_Source\PSoC4/cyPm.c ****         CySysClkWriteSysclkDiv(CY_SYS_CLK_SYSCLK_DIV4);
 122              		.loc 1 121 0
 123 0028 3000     		movs	r0, r6
 111:Generated_Source\PSoC4/cyPm.c **** 
 124              		.loc 1 111 0
 125 002a 9BB2     		uxth	r3, r3
 126 002c 1360     		str	r3, [r2]
 114:Generated_Source\PSoC4/cyPm.c **** 
 127              		.loc 1 114 0
 128 002e 0D4A     		ldr	r2, .L5+16
 129 0030 1368     		ldr	r3, [r2]
 130 0032 0B43     		orrs	r3, r1
 131 0034 1360     		str	r3, [r2]
 120:Generated_Source\PSoC4/cyPm.c ****         CySysClkWriteSysclkDiv(CY_SYS_CLK_SYSCLK_DIV4);
 132              		.loc 1 120 0
 133 0036 3B68     		ldr	r3, [r7]
 134 0038 0193     		str	r3, [sp, #4]
 135              		.loc 1 121 0
 136 003a FFF7FEFF 		bl	CySysClkWriteSysclkDiv
 137              	.LVL4:
 122:Generated_Source\PSoC4/cyPm.c ****     #endif /* (CY_IP_SRSSV2) */
 123:Generated_Source\PSoC4/cyPm.c ****     
 124:Generated_Source\PSoC4/cyPm.c ****     /* Sleep and wait for interrupt */
 125:Generated_Source\PSoC4/cyPm.c ****     CY_PM_WFI;
 138              		.loc 1 125 0
 139              		.syntax divided
 140              	@ 125 "Generated_Source\PSoC4\cyPm.c" 1
 141 003e 30BF     		WFI 
 142              	
 143              	@ 0 "" 2
 126:Generated_Source\PSoC4/cyPm.c **** 
 127:Generated_Source\PSoC4/cyPm.c ****     #if(CY_IP_SRSSV2)
 128:Generated_Source\PSoC4/cyPm.c ****         /* Restore system clock configuration */
ARM GAS  C:\Users\VIDEOH~1\AppData\Local\Temp\ccTRYSHg.s 			page 6


 129:Generated_Source\PSoC4/cyPm.c ****         CY_SYS_CLK_SELECT_REG = clkSelectReg;
 144              		.loc 1 129 0
 145              		.thumb
 146              		.syntax unified
 147 0040 019B     		ldr	r3, [sp, #4]
 130:Generated_Source\PSoC4/cyPm.c ****     #endif /* (CY_IP_SRSSV2) */
 131:Generated_Source\PSoC4/cyPm.c **** 
 132:Generated_Source\PSoC4/cyPm.c ****     #if (CY_IP_IMO_TRIMMABLE_BY_WCO)
 133:Generated_Source\PSoC4/cyPm.c ****         if (0u != (CY_SYS_CLK_WCO_CONFIG_REG & CY_SYS_CLK_WCO_CONFIG_DPLL_ENABLE))
 134:Generated_Source\PSoC4/cyPm.c ****         {
 135:Generated_Source\PSoC4/cyPm.c ****             CyDelayUs(CY_PM_WCO_DPLL_WAKEUP_DELAY);
 136:Generated_Source\PSoC4/cyPm.c ****             regTmp  = CY_SYS_CLK_WCO_DPLL_REG & ~(CY_SYS_CLK_WCO_CONFIG_DPLL_LF_LIMIT_MASK);
 137:Generated_Source\PSoC4/cyPm.c ****             CY_SYS_CLK_WCO_DPLL_REG = (regTmp | (CY_SYS_CLK_WCO_CONFIG_DPLL_LF_LIMIT_MAX << 
 138:Generated_Source\PSoC4/cyPm.c ****                                                  CY_SYS_CLK_WCO_CONFIG_DPLL_LF_LIMIT_SHIFT));
 139:Generated_Source\PSoC4/cyPm.c ****         }
 140:Generated_Source\PSoC4/cyPm.c ****     #endif /* (CY_IP_IMO_TRIMMABLE_BY_WCO) */    
 141:Generated_Source\PSoC4/cyPm.c ****     
 142:Generated_Source\PSoC4/cyPm.c ****     #if (CY_IP_CPUSS && CY_IP_SRSSV2)
 143:Generated_Source\PSoC4/cyPm.c ****         CY_PM_CPUSS_CONFIG_REG &= (uint32) (~CY_PM_CPUSS_CONFIG_FLSH_ACC_BYPASS);
 144:Generated_Source\PSoC4/cyPm.c ****     #endif /* (CY_IP_CPUSS && CY_IP_SRSSV2) */
 145:Generated_Source\PSoC4/cyPm.c **** 
 146:Generated_Source\PSoC4/cyPm.c ****     #if(CY_IP_ECO_SRSSLT)
 147:Generated_Source\PSoC4/cyPm.c ****         if(0u != pllResoreFlag)
 148:Generated_Source\PSoC4/cyPm.c ****         {
 149:Generated_Source\PSoC4/cyPm.c ****             CySysClkWriteHfclkDirect(CY_SYS_CLK_HFCLK_PLL0);
 150:Generated_Source\PSoC4/cyPm.c ****         }
 151:Generated_Source\PSoC4/cyPm.c ****     #endif /* (CY_IP_ECO_SRSSLT) */    
 152:Generated_Source\PSoC4/cyPm.c **** 
 153:Generated_Source\PSoC4/cyPm.c ****     CyExitCriticalSection(interruptState);
 148              		.loc 1 153 0
 149 0042 2000     		movs	r0, r4
 129:Generated_Source\PSoC4/cyPm.c ****     #endif /* (CY_IP_SRSSV2) */
 150              		.loc 1 129 0
 151 0044 3B60     		str	r3, [r7]
 143:Generated_Source\PSoC4/cyPm.c ****     #endif /* (CY_IP_CPUSS && CY_IP_SRSSV2) */
 152              		.loc 1 143 0
 153 0046 2B68     		ldr	r3, [r5]
 154:Generated_Source\PSoC4/cyPm.c **** }
 154              		.loc 1 154 0
 155              		@ sp needed
 143:Generated_Source\PSoC4/cyPm.c ****     #endif /* (CY_IP_CPUSS && CY_IP_SRSSV2) */
 156              		.loc 1 143 0
 157 0048 B343     		bics	r3, r6
 158 004a 2B60     		str	r3, [r5]
 153:Generated_Source\PSoC4/cyPm.c **** }
 159              		.loc 1 153 0
 160 004c FFF7FEFF 		bl	CyExitCriticalSection
 161              	.LVL5:
 162              	.LVL6:
 163              		.loc 1 154 0
 164 0050 F7BD     		pop	{r0, r1, r2, r4, r5, r6, r7, pc}
 165              	.L6:
 166 0052 C046     		.align	2
 167              	.L5:
 168 0054 00000B40 		.word	1074462720
 169 0058 00010B40 		.word	1074462976
 170 005c 0C000B40 		.word	1074462732
ARM GAS  C:\Users\VIDEOH~1\AppData\Local\Temp\ccTRYSHg.s 			page 7


 171 0060 52F1FF0F 		.word	268431698
 172 0064 10ED00E0 		.word	-536810224
 173              		.cfi_endproc
 174              	.LFE1:
 175              		.size	CySysPmDeepSleep, .-CySysPmDeepSleep
 176              		.section	.text.CySysPmHibernate,"ax",%progbits
 177              		.align	1
 178              		.global	CySysPmHibernate
 179              		.code	16
 180              		.thumb_func
 181              		.type	CySysPmHibernate, %function
 182              	CySysPmHibernate:
 183              	.LFB2:
 155:Generated_Source\PSoC4/cyPm.c **** 
 156:Generated_Source\PSoC4/cyPm.c **** 
 157:Generated_Source\PSoC4/cyPm.c **** #if(CY_IP_SRSSV2)
 158:Generated_Source\PSoC4/cyPm.c **** 
 159:Generated_Source\PSoC4/cyPm.c ****     /*******************************************************************************
 160:Generated_Source\PSoC4/cyPm.c ****     * Function Name: CySysPmHibernate
 161:Generated_Source\PSoC4/cyPm.c ****     ****************************************************************************//**
 162:Generated_Source\PSoC4/cyPm.c ****     *
 163:Generated_Source\PSoC4/cyPm.c ****     * Puts the part into the Hibernate state. Only SRAM and UDBs are retained;
 164:Generated_Source\PSoC4/cyPm.c ****     * most internal supplies are off. Wakeup is possible from a pin or a hibernate
 165:Generated_Source\PSoC4/cyPm.c ****     * comparator only.
 166:Generated_Source\PSoC4/cyPm.c ****     *
 167:Generated_Source\PSoC4/cyPm.c ****     * It is expected that the firmware has already frozen the IO-Cells using
 168:Generated_Source\PSoC4/cyPm.c ****     * CySysPmFreezeIo() function before the call to this function. If this is
 169:Generated_Source\PSoC4/cyPm.c ****     * omitted, the IO-cells will be frozen in the same way as they are
 170:Generated_Source\PSoC4/cyPm.c ****     * in the Active to Deep Sleep transition, but will lose their state on wake up
 171:Generated_Source\PSoC4/cyPm.c ****     * (because of the reset occurring at that time).
 172:Generated_Source\PSoC4/cyPm.c ****     *
 173:Generated_Source\PSoC4/cyPm.c ****     * Because all the CPU state is lost, the CPU will start up at the reset vector.
 174:Generated_Source\PSoC4/cyPm.c ****     * To save the firmware state through the Hibernate low power mode, a
 175:Generated_Source\PSoC4/cyPm.c ****     * corresponding variable should be defined with CY_NOINIT attribute. It
 176:Generated_Source\PSoC4/cyPm.c ****     * prevents data from being initialized to zero on startup. The interrupt
 177:Generated_Source\PSoC4/cyPm.c ****     * cause of the hibernate peripheral is retained, such that it can be either
 178:Generated_Source\PSoC4/cyPm.c ****     * read by the firmware or cause an interrupt after the firmware has booted and
 179:Generated_Source\PSoC4/cyPm.c ****     * enabled the corresponding interrupt. To distinguish the wakeup from
 180:Generated_Source\PSoC4/cyPm.c ****     * the Hibernate mode and the general Reset event, the
 181:Generated_Source\PSoC4/cyPm.c ****     * \ref CySysPmGetResetReason() function could be used.
 182:Generated_Source\PSoC4/cyPm.c ****     *
 183:Generated_Source\PSoC4/cyPm.c ****     *******************************************************************************/
 184:Generated_Source\PSoC4/cyPm.c ****     void CySysPmHibernate(void)
 185:Generated_Source\PSoC4/cyPm.c ****     {
 184              		.loc 1 185 0
 185              		.cfi_startproc
 186              		@ args = 0, pretend = 0, frame = 0
 187              		@ frame_needed = 0, uses_anonymous_args = 0
 188 0000 10B5     		push	{r4, lr}
 189              		.cfi_def_cfa_offset 8
 190              		.cfi_offset 4, -8
 191              		.cfi_offset 14, -4
 186:Generated_Source\PSoC4/cyPm.c ****         uint8 interruptState;
 187:Generated_Source\PSoC4/cyPm.c **** 
 188:Generated_Source\PSoC4/cyPm.c ****         interruptState = CyEnterCriticalSection();
 192              		.loc 1 188 0
 193 0002 FFF7FEFF 		bl	CyEnterCriticalSection
ARM GAS  C:\Users\VIDEOH~1\AppData\Local\Temp\ccTRYSHg.s 			page 8


 194              	.LVL7:
 189:Generated_Source\PSoC4/cyPm.c **** 
 190:Generated_Source\PSoC4/cyPm.c ****         #if (CY_IP_HOBTO_DEVICE)
 191:Generated_Source\PSoC4/cyPm.c ****             /* Disable input buffers for all ports */
 192:Generated_Source\PSoC4/cyPm.c ****             CySysPmHibPinsDisableInputBuf();
 193:Generated_Source\PSoC4/cyPm.c ****         #endif /* (CY_IP_HOBTO_DEVICE) */
 194:Generated_Source\PSoC4/cyPm.c **** 
 195:Generated_Source\PSoC4/cyPm.c ****         /* Device enters Hibernate mode when CPU asserts SLEEPDEEP signal */
 196:Generated_Source\PSoC4/cyPm.c ****         CY_PM_PWR_CONTROL_REG |= CY_PM_PWR_CONTROL_HIBERNATE;
 195              		.loc 1 196 0
 196 0006 8021     		movs	r1, #128
 197 0008 0C4A     		ldr	r2, .L8
 198 000a 0906     		lsls	r1, r1, #24
 199 000c 1368     		ldr	r3, [r2]
 200 000e 0B43     		orrs	r3, r1
 197:Generated_Source\PSoC4/cyPm.c **** 
 198:Generated_Source\PSoC4/cyPm.c ****         /* Adjust delay to wait for references to settle on wakeup from hibernate */
 199:Generated_Source\PSoC4/cyPm.c ****         CY_PM_PWR_KEY_DELAY_REG = CY_SFLASH_HIB_KEY_DELAY_REG;
 200:Generated_Source\PSoC4/cyPm.c **** 
 201:Generated_Source\PSoC4/cyPm.c ****         /* CPU enters DeepSleep/Hibernate mode upon execution of WFI */
 202:Generated_Source\PSoC4/cyPm.c ****         CY_PM_CPU_SCR_REG |= CY_PM_CPU_SCR_SLEEPDEEP;
 201              		.loc 1 202 0
 202 0010 0421     		movs	r1, #4
 196:Generated_Source\PSoC4/cyPm.c **** 
 203              		.loc 1 196 0
 204 0012 1360     		str	r3, [r2]
 199:Generated_Source\PSoC4/cyPm.c **** 
 205              		.loc 1 199 0
 206 0014 0A4B     		ldr	r3, .L8+4
 207 0016 0B4A     		ldr	r2, .L8+8
 208 0018 1B88     		ldrh	r3, [r3]
 209 001a 9BB2     		uxth	r3, r3
 210 001c 1360     		str	r3, [r2]
 211              		.loc 1 202 0
 212 001e 0A4A     		ldr	r2, .L8+12
 213 0020 1368     		ldr	r3, [r2]
 214 0022 0B43     		orrs	r3, r1
 215 0024 1360     		str	r3, [r2]
 203:Generated_Source\PSoC4/cyPm.c **** 
 204:Generated_Source\PSoC4/cyPm.c ****         /* Save token that will retain through a STOP/WAKEUP sequence
 205:Generated_Source\PSoC4/cyPm.c ****          * thus could be used by CySysPmGetResetReason() to differentiate
 206:Generated_Source\PSoC4/cyPm.c ****          * WAKEUP from a general RESET event.
 207:Generated_Source\PSoC4/cyPm.c ****          */
 208:Generated_Source\PSoC4/cyPm.c ****         CY_PM_PWR_STOP_REG = (CY_PM_PWR_STOP_REG & (uint32)(~CY_PM_PWR_STOP_TOKEN_MASK)) | CY_PM_PW
 216              		.loc 1 208 0
 217 0026 094A     		ldr	r2, .L8+16
 218 0028 FB31     		adds	r1, r1, #251
 219 002a 1368     		ldr	r3, [r2]
 220 002c 8B43     		bics	r3, r1
 221 002e 0E39     		subs	r1, r1, #14
 222 0030 0B43     		orrs	r3, r1
 223 0032 1360     		str	r3, [r2]
 209:Generated_Source\PSoC4/cyPm.c **** 
 210:Generated_Source\PSoC4/cyPm.c ****         /* Sleep and wait for interrupt. Wakeup from Hibernate is performed
 211:Generated_Source\PSoC4/cyPm.c ****          * through RESET state, causing a normal Boot procedure to occur.
 212:Generated_Source\PSoC4/cyPm.c ****          * The WFI instruction doesn't put the core to sleep if its wake condition
 213:Generated_Source\PSoC4/cyPm.c ****          * is true when the instruction is executed.
ARM GAS  C:\Users\VIDEOH~1\AppData\Local\Temp\ccTRYSHg.s 			page 9


 214:Generated_Source\PSoC4/cyPm.c ****          */
 215:Generated_Source\PSoC4/cyPm.c ****         CY_PM_WFI;
 224              		.loc 1 215 0
 225              		.syntax divided
 226              	@ 215 "Generated_Source\PSoC4\cyPm.c" 1
 227 0034 30BF     		WFI 
 228              	
 229              	@ 0 "" 2
 216:Generated_Source\PSoC4/cyPm.c **** 
 217:Generated_Source\PSoC4/cyPm.c ****         CyExitCriticalSection(interruptState);
 230              		.loc 1 217 0
 231              		.thumb
 232              		.syntax unified
 233 0036 FFF7FEFF 		bl	CyExitCriticalSection
 234              	.LVL8:
 218:Generated_Source\PSoC4/cyPm.c ****     }
 235              		.loc 1 218 0
 236              		@ sp needed
 237 003a 10BD     		pop	{r4, pc}
 238              	.L9:
 239              		.align	2
 240              	.L8:
 241 003c 00000B40 		.word	1074462720
 242 0040 50F1FF0F 		.word	268431696
 243 0044 0C000B40 		.word	1074462732
 244 0048 10ED00E0 		.word	-536810224
 245 004c 2C000B40 		.word	1074462764
 246              		.cfi_endproc
 247              	.LFE2:
 248              		.size	CySysPmHibernate, .-CySysPmHibernate
 249              		.section	.text.CySysPmSetWakeupPolarity,"ax",%progbits
 250              		.align	1
 251              		.global	CySysPmSetWakeupPolarity
 252              		.code	16
 253              		.thumb_func
 254              		.type	CySysPmSetWakeupPolarity, %function
 255              	CySysPmSetWakeupPolarity:
 256              	.LFB4:
 219:Generated_Source\PSoC4/cyPm.c **** 
 220:Generated_Source\PSoC4/cyPm.c **** 
 221:Generated_Source\PSoC4/cyPm.c ****     /*******************************************************************************
 222:Generated_Source\PSoC4/cyPm.c ****     * Function Name: CySysPmStop
 223:Generated_Source\PSoC4/cyPm.c ****     ****************************************************************************//**
 224:Generated_Source\PSoC4/cyPm.c ****     *
 225:Generated_Source\PSoC4/cyPm.c ****     * Puts the part into the Stop state. All internal supplies are off;
 226:Generated_Source\PSoC4/cyPm.c ****     * no state is retained.
 227:Generated_Source\PSoC4/cyPm.c ****     *
 228:Generated_Source\PSoC4/cyPm.c ****     * Wakeup from Stop is performed by toggling the wakeup pin, causing
 229:Generated_Source\PSoC4/cyPm.c ****     * a normal boot procedure to occur. To configure the wakeup pin,
 230:Generated_Source\PSoC4/cyPm.c ****     * the Digital Input Pin component should be placed on the schematic,
 231:Generated_Source\PSoC4/cyPm.c ****     * assigned to the wakeup pin, and resistively pulled up or down to the inverse
 232:Generated_Source\PSoC4/cyPm.c ****     * state of the wakeup polarity. To distinguish the wakeup from the Stop mode
 233:Generated_Source\PSoC4/cyPm.c ****     * and the general Reset event, \ref CySysPmGetResetReason() function could be
 234:Generated_Source\PSoC4/cyPm.c ****     * used.  The wakeup pin is active low by default. The wakeup pin polarity
 235:Generated_Source\PSoC4/cyPm.c ****     * could be changed with the \ref CySysPmSetWakeupPolarity() function.
 236:Generated_Source\PSoC4/cyPm.c ****     *
 237:Generated_Source\PSoC4/cyPm.c ****     * This function freezes IO cells implicitly. It is not possible to enter
ARM GAS  C:\Users\VIDEOH~1\AppData\Local\Temp\ccTRYSHg.s 			page 10


 238:Generated_Source\PSoC4/cyPm.c ****     * the STOP mode before freezing the IO cells. The IO cells remain frozen after
 239:Generated_Source\PSoC4/cyPm.c ****     * awake from the Stop mode until the firmware unfreezes them after booting
 240:Generated_Source\PSoC4/cyPm.c ****     * explicitly with \ref CySysPmUnfreezeIo() function call.
 241:Generated_Source\PSoC4/cyPm.c ****     *
 242:Generated_Source\PSoC4/cyPm.c ****     *******************************************************************************/
 243:Generated_Source\PSoC4/cyPm.c ****     void CySysPmStop(void)
 244:Generated_Source\PSoC4/cyPm.c ****     {
 245:Generated_Source\PSoC4/cyPm.c ****         (void) CyEnterCriticalSection();
 246:Generated_Source\PSoC4/cyPm.c **** 
 247:Generated_Source\PSoC4/cyPm.c ****         /* Update token to indicate Stop mode transition. Preserve only polarity. */
 248:Generated_Source\PSoC4/cyPm.c ****         CY_PM_PWR_STOP_REG = (CY_PM_PWR_STOP_REG & CY_PM_PWR_STOP_POLARITY) | CY_PM_PWR_STOP_TOKEN_
 249:Generated_Source\PSoC4/cyPm.c **** 
 250:Generated_Source\PSoC4/cyPm.c ****         /* Freeze IO-Cells to save IO-Cell state */
 251:Generated_Source\PSoC4/cyPm.c ****         CySysPmFreezeIo();
 252:Generated_Source\PSoC4/cyPm.c **** 
 253:Generated_Source\PSoC4/cyPm.c ****         /* Initiates transition to Stop state */
 254:Generated_Source\PSoC4/cyPm.c ****         CY_PM_PWR_STOP_REG = CY_PM_PWR_STOP_REG | CY_PM_PWR_STOP_STOP;
 255:Generated_Source\PSoC4/cyPm.c **** 
 256:Generated_Source\PSoC4/cyPm.c ****         /* Depending on the clock frequency and internal timing delays,
 257:Generated_Source\PSoC4/cyPm.c ****          * the final AHB transaction may or may not complete. To guard against
 258:Generated_Source\PSoC4/cyPm.c ****          * accidentally executing an unintended instruction, it is recommended
 259:Generated_Source\PSoC4/cyPm.c ****          * to add 2 NOP cycles after the final write to the STOP register.
 260:Generated_Source\PSoC4/cyPm.c ****          */
 261:Generated_Source\PSoC4/cyPm.c ****         CY_NOP;
 262:Generated_Source\PSoC4/cyPm.c ****         CY_NOP;
 263:Generated_Source\PSoC4/cyPm.c **** 
 264:Generated_Source\PSoC4/cyPm.c ****         /* Should never get to this WFI instruction */
 265:Generated_Source\PSoC4/cyPm.c ****         CY_PM_WFI;
 266:Generated_Source\PSoC4/cyPm.c **** 
 267:Generated_Source\PSoC4/cyPm.c ****         /* Wakeup from Stop is performed by toggling of Wakeup pin,
 268:Generated_Source\PSoC4/cyPm.c ****          * causing a normal Boot procedure to occur. No need to exit
 269:Generated_Source\PSoC4/cyPm.c ****          * from the critical section.
 270:Generated_Source\PSoC4/cyPm.c ****          */
 271:Generated_Source\PSoC4/cyPm.c ****     }
 272:Generated_Source\PSoC4/cyPm.c **** 
 273:Generated_Source\PSoC4/cyPm.c **** 
 274:Generated_Source\PSoC4/cyPm.c ****     /*******************************************************************************
 275:Generated_Source\PSoC4/cyPm.c ****     * Function Name: CySysPmSetWakeupPolarity
 276:Generated_Source\PSoC4/cyPm.c ****     ****************************************************************************//**
 277:Generated_Source\PSoC4/cyPm.c ****     *
 278:Generated_Source\PSoC4/cyPm.c ****     * Wake up from the stop mode is performed by toggling the wakeup pin,
 279:Generated_Source\PSoC4/cyPm.c ****     * causing a normal boot procedure to occur. This function assigns
 280:Generated_Source\PSoC4/cyPm.c ****     * the wakeup pin active level. Setting the wakeup pin to this level will cause
 281:Generated_Source\PSoC4/cyPm.c ****     * the wakeup from stop mode. The wakeup pin is active low by default.
 282:Generated_Source\PSoC4/cyPm.c ****     *
 283:Generated_Source\PSoC4/cyPm.c ****     * \param polarity
 284:Generated_Source\PSoC4/cyPm.c ****     * - \ref CY_PM_STOP_WAKEUP_ACTIVE_LOW Logical zero will wakeup the chip
 285:Generated_Source\PSoC4/cyPm.c ****     * - \ref CY_PM_STOP_WAKEUP_ACTIVE_HIGH Logical one will wakeup the chip
 286:Generated_Source\PSoC4/cyPm.c ****     *
 287:Generated_Source\PSoC4/cyPm.c ****     *******************************************************************************/
 288:Generated_Source\PSoC4/cyPm.c ****     void CySysPmSetWakeupPolarity(uint32 polarity)
 289:Generated_Source\PSoC4/cyPm.c ****     {
 257              		.loc 1 289 0
 258              		.cfi_startproc
 259              		@ args = 0, pretend = 0, frame = 0
 260              		@ frame_needed = 0, uses_anonymous_args = 0
 261              	.LVL9:
ARM GAS  C:\Users\VIDEOH~1\AppData\Local\Temp\ccTRYSHg.s 			page 11


 262 0000 10B5     		push	{r4, lr}
 263              		.cfi_def_cfa_offset 8
 264              		.cfi_offset 4, -8
 265              		.cfi_offset 14, -4
 266              		.loc 1 289 0
 267 0002 0400     		movs	r4, r0
 290:Generated_Source\PSoC4/cyPm.c ****         uint8 interruptState;
 291:Generated_Source\PSoC4/cyPm.c **** 
 292:Generated_Source\PSoC4/cyPm.c ****         interruptState = CyEnterCriticalSection();
 268              		.loc 1 292 0
 269 0004 FFF7FEFF 		bl	CyEnterCriticalSection
 270              	.LVL10:
 271 0008 074A     		ldr	r2, .L14
 293:Generated_Source\PSoC4/cyPm.c **** 
 294:Generated_Source\PSoC4/cyPm.c ****         CY_PM_PWR_STOP_REG = (CY_PM_STOP_WAKEUP_ACTIVE_LOW != polarity) ?
 295:Generated_Source\PSoC4/cyPm.c ****                             (CY_PM_PWR_STOP_REG | CY_PM_PWR_STOP_POLARITY) :
 272              		.loc 1 295 0
 273 000a 002C     		cmp	r4, #0
 274 000c 04D0     		beq	.L11
 275              		.loc 1 295 0 is_stmt 0 discriminator 1
 276 000e 8021     		movs	r1, #128
 277 0010 1368     		ldr	r3, [r2]
 278 0012 4902     		lsls	r1, r1, #9
 279 0014 0B43     		orrs	r3, r1
 280 0016 02E0     		b	.L12
 281              	.L11:
 296:Generated_Source\PSoC4/cyPm.c ****                             (CY_PM_PWR_STOP_REG & (uint32) (~CY_PM_PWR_STOP_POLARITY));
 282              		.loc 1 296 0 is_stmt 1 discriminator 2
 283 0018 1168     		ldr	r1, [r2]
 295:Generated_Source\PSoC4/cyPm.c ****                             (CY_PM_PWR_STOP_REG & (uint32) (~CY_PM_PWR_STOP_POLARITY));
 284              		.loc 1 295 0 discriminator 2
 285 001a 044B     		ldr	r3, .L14+4
 286 001c 0B40     		ands	r3, r1
 287              	.L12:
 294:Generated_Source\PSoC4/cyPm.c ****                             (CY_PM_PWR_STOP_REG | CY_PM_PWR_STOP_POLARITY) :
 288              		.loc 1 294 0
 289 001e 1360     		str	r3, [r2]
 297:Generated_Source\PSoC4/cyPm.c **** 
 298:Generated_Source\PSoC4/cyPm.c ****         CyExitCriticalSection(interruptState);
 290              		.loc 1 298 0
 291 0020 FFF7FEFF 		bl	CyExitCriticalSection
 292              	.LVL11:
 299:Generated_Source\PSoC4/cyPm.c ****     }
 293              		.loc 1 299 0
 294              		@ sp needed
 295              	.LVL12:
 296 0024 10BD     		pop	{r4, pc}
 297              	.L15:
 298 0026 C046     		.align	2
 299              	.L14:
 300 0028 2C000B40 		.word	1074462764
 301 002c FFFFFEFF 		.word	-65537
 302              		.cfi_endproc
 303              	.LFE4:
 304              		.size	CySysPmSetWakeupPolarity, .-CySysPmSetWakeupPolarity
 305              		.section	.text.CySysPmGetResetReason,"ax",%progbits
 306              		.align	1
ARM GAS  C:\Users\VIDEOH~1\AppData\Local\Temp\ccTRYSHg.s 			page 12


 307              		.global	CySysPmGetResetReason
 308              		.code	16
 309              		.thumb_func
 310              		.type	CySysPmGetResetReason, %function
 311              	CySysPmGetResetReason:
 312              	.LFB5:
 300:Generated_Source\PSoC4/cyPm.c **** 
 301:Generated_Source\PSoC4/cyPm.c **** 
 302:Generated_Source\PSoC4/cyPm.c ****     /*******************************************************************************
 303:Generated_Source\PSoC4/cyPm.c ****     * Function Name: CySysPmGetResetReason
 304:Generated_Source\PSoC4/cyPm.c ****     ****************************************************************************//**
 305:Generated_Source\PSoC4/cyPm.c ****     *
 306:Generated_Source\PSoC4/cyPm.c ****     * Retrieves the last reset reason - transition from OFF/XRES/STOP/HIBERNATE to
 307:Generated_Source\PSoC4/cyPm.c ****     * the RESET state. Note that waking up from STOP using XRES will be perceived
 308:Generated_Source\PSoC4/cyPm.c ****     * as a general RESET.
 309:Generated_Source\PSoC4/cyPm.c ****     *
 310:Generated_Source\PSoC4/cyPm.c ****     * \return CY_PM_RESET_REASON_UNKN          Unknown reset reason.
 311:Generated_Source\PSoC4/cyPm.c ****     * \return CY_PM_RESET_REASON_XRES          Transition from OFF/XRES to RESET
 312:Generated_Source\PSoC4/cyPm.c ****     * \return CY_PM_RESET_REASON_WAKEUP_HIB    Transition/wakeup from HIBERNATE to RESET
 313:Generated_Source\PSoC4/cyPm.c ****     * \return CY_PM_RESET_REASON_WAKEUP_STOP   Transition/wakeup from STOP to RESET
 314:Generated_Source\PSoC4/cyPm.c ****     *
 315:Generated_Source\PSoC4/cyPm.c ****     *******************************************************************************/
 316:Generated_Source\PSoC4/cyPm.c ****     uint32 CySysPmGetResetReason(void)
 317:Generated_Source\PSoC4/cyPm.c ****     {
 313              		.loc 1 317 0
 314              		.cfi_startproc
 315              		@ args = 0, pretend = 0, frame = 0
 316              		@ frame_needed = 0, uses_anonymous_args = 0
 317              		@ link register save eliminated.
 318              	.LVL13:
 318:Generated_Source\PSoC4/cyPm.c ****         uint32 reason = CY_PM_RESET_REASON_UNKN;
 319:Generated_Source\PSoC4/cyPm.c **** 
 320:Generated_Source\PSoC4/cyPm.c ****         switch(CY_PM_PWR_STOP_REG & CY_PM_PWR_STOP_TOKEN_MASK)
 319              		.loc 1 320 0
 320 0000 054B     		ldr	r3, .L22
 321:Generated_Source\PSoC4/cyPm.c ****         {
 322:Generated_Source\PSoC4/cyPm.c ****         /* Power up, XRES */
 323:Generated_Source\PSoC4/cyPm.c ****         case CY_PM_PWR_STOP_TOKEN_XRES:
 324:Generated_Source\PSoC4/cyPm.c ****             reason = CY_PM_RESET_REASON_XRES;
 325:Generated_Source\PSoC4/cyPm.c ****             break;
 326:Generated_Source\PSoC4/cyPm.c **** 
 327:Generated_Source\PSoC4/cyPm.c ****         /* Wakeup from Hibernate */
 328:Generated_Source\PSoC4/cyPm.c ****         case CY_PM_PWR_STOP_TOKEN_HIB:
 329:Generated_Source\PSoC4/cyPm.c ****             reason = CY_PM_RESET_REASON_WAKEUP_HIB;
 321              		.loc 1 329 0
 322 0002 0220     		movs	r0, #2
 320:Generated_Source\PSoC4/cyPm.c ****         {
 323              		.loc 1 320 0
 324 0004 1B68     		ldr	r3, [r3]
 325 0006 DBB2     		uxtb	r3, r3
 326 0008 F12B     		cmp	r3, #241
 327 000a 04D0     		beq	.L17
 330:Generated_Source\PSoC4/cyPm.c ****             break;
 331:Generated_Source\PSoC4/cyPm.c **** 
 332:Generated_Source\PSoC4/cyPm.c ****         /* Wakeup from Stop (through WAKEUP pin assert) */
 333:Generated_Source\PSoC4/cyPm.c ****         case CY_PM_PWR_STOP_TOKEN_STOP:
 334:Generated_Source\PSoC4/cyPm.c ****             reason = CY_PM_RESET_REASON_WAKEUP_STOP;
ARM GAS  C:\Users\VIDEOH~1\AppData\Local\Temp\ccTRYSHg.s 			page 13


 328              		.loc 1 334 0
 329 000c 0130     		adds	r0, r0, #1
 320:Generated_Source\PSoC4/cyPm.c ****         {
 330              		.loc 1 320 0
 331 000e F22B     		cmp	r3, #242
 332 0010 01D0     		beq	.L17
 318:Generated_Source\PSoC4/cyPm.c **** 
 333              		.loc 1 318 0
 334 0012 5842     		rsbs	r0, r3, #0
 335 0014 5841     		adcs	r0, r0, r3
 336              	.L17:
 337              	.LVL14:
 335:Generated_Source\PSoC4/cyPm.c ****             break;
 336:Generated_Source\PSoC4/cyPm.c **** 
 337:Generated_Source\PSoC4/cyPm.c ****         /* Unknown reason */
 338:Generated_Source\PSoC4/cyPm.c ****         default:
 339:Generated_Source\PSoC4/cyPm.c ****             break;
 340:Generated_Source\PSoC4/cyPm.c ****         }
 341:Generated_Source\PSoC4/cyPm.c **** 
 342:Generated_Source\PSoC4/cyPm.c ****         return (reason);
 343:Generated_Source\PSoC4/cyPm.c ****     }
 338              		.loc 1 343 0
 339              		@ sp needed
 340 0016 7047     		bx	lr
 341              	.L23:
 342              		.align	2
 343              	.L22:
 344 0018 2C000B40 		.word	1074462764
 345              		.cfi_endproc
 346              	.LFE5:
 347              		.size	CySysPmGetResetReason, .-CySysPmGetResetReason
 348              		.section	.text.CySysPmFreezeIo,"ax",%progbits
 349              		.align	1
 350              		.global	CySysPmFreezeIo
 351              		.code	16
 352              		.thumb_func
 353              		.type	CySysPmFreezeIo, %function
 354              	CySysPmFreezeIo:
 355              	.LFB6:
 344:Generated_Source\PSoC4/cyPm.c **** 
 345:Generated_Source\PSoC4/cyPm.c **** 
 346:Generated_Source\PSoC4/cyPm.c ****     /*******************************************************************************
 347:Generated_Source\PSoC4/cyPm.c ****     * Function Name: CySysPmFreezeIo
 348:Generated_Source\PSoC4/cyPm.c ****     ****************************************************************************//**
 349:Generated_Source\PSoC4/cyPm.c ****     *
 350:Generated_Source\PSoC4/cyPm.c ****     * Freezes IO-Cells directly to save the IO-Cell state on wake up from the
 351:Generated_Source\PSoC4/cyPm.c ****     * Hibernate or Stop state. It is not required to call this function before
 352:Generated_Source\PSoC4/cyPm.c ****     * entering the Stop mode, since \ref CySysPmStop() function freezes IO-Cells
 353:Generated_Source\PSoC4/cyPm.c ****     * implicitly.
 354:Generated_Source\PSoC4/cyPm.c ****     *
 355:Generated_Source\PSoC4/cyPm.c ****     * This API is not available for PSoC 4000 family of devices.
 356:Generated_Source\PSoC4/cyPm.c ****     *
 357:Generated_Source\PSoC4/cyPm.c ****     *******************************************************************************/
 358:Generated_Source\PSoC4/cyPm.c ****     void CySysPmFreezeIo(void)
 359:Generated_Source\PSoC4/cyPm.c ****     {
 356              		.loc 1 359 0
 357              		.cfi_startproc
ARM GAS  C:\Users\VIDEOH~1\AppData\Local\Temp\ccTRYSHg.s 			page 14


 358              		@ args = 0, pretend = 0, frame = 0
 359              		@ frame_needed = 0, uses_anonymous_args = 0
 360 0000 10B5     		push	{r4, lr}
 361              		.cfi_def_cfa_offset 8
 362              		.cfi_offset 4, -8
 363              		.cfi_offset 14, -4
 360:Generated_Source\PSoC4/cyPm.c ****         uint8 interruptState;
 361:Generated_Source\PSoC4/cyPm.c **** 
 362:Generated_Source\PSoC4/cyPm.c ****         interruptState = CyEnterCriticalSection();
 364              		.loc 1 362 0
 365 0002 FFF7FEFF 		bl	CyEnterCriticalSection
 366              	.LVL15:
 363:Generated_Source\PSoC4/cyPm.c **** 
 364:Generated_Source\PSoC4/cyPm.c ****         /* Check FREEZE state to avoid recurrent IO-Cells freeze attempt,
 365:Generated_Source\PSoC4/cyPm.c ****          * since the second call to this function will cause accidental switch
 366:Generated_Source\PSoC4/cyPm.c ****          * to the STOP mode (the system will enter STOP mode immediately after
 367:Generated_Source\PSoC4/cyPm.c ****          * writing to STOP bit since both UNLOCK and FREEZE have been set correctly
 368:Generated_Source\PSoC4/cyPm.c ****          * in a previous call to this function).
 369:Generated_Source\PSoC4/cyPm.c ****          */
 370:Generated_Source\PSoC4/cyPm.c ****         if (0u == (CY_PM_PWR_STOP_REG & CY_PM_PWR_STOP_FREEZE))
 367              		.loc 1 370 0
 368 0006 084B     		ldr	r3, .L26
 369 0008 1A68     		ldr	r2, [r3]
 370 000a 9203     		lsls	r2, r2, #14
 371 000c 09D4     		bmi	.L25
 371:Generated_Source\PSoC4/cyPm.c ****         {
 372:Generated_Source\PSoC4/cyPm.c ****             /* Preserve last reset reason and disable overrides the next freeze command by peripher
 373:Generated_Source\PSoC4/cyPm.c ****             CY_PM_PWR_STOP_REG = CY_PM_PWR_STOP_STOP | CY_PM_PWR_STOP_FREEZE | CY_PM_PWR_STOP_UNLOC
 374:Generated_Source\PSoC4/cyPm.c ****                                 (CY_PM_PWR_STOP_REG & (CY_PM_PWR_STOP_TOKEN_MASK | CY_PM_PWR_STOP_P
 372              		.loc 1 374 0
 373 000e 1968     		ldr	r1, [r3]
 373:Generated_Source\PSoC4/cyPm.c ****                                 (CY_PM_PWR_STOP_REG & (CY_PM_PWR_STOP_TOKEN_MASK | CY_PM_PWR_STOP_P
 374              		.loc 1 373 0
 375 0010 064A     		ldr	r2, .L26+4
 376 0012 0A40     		ands	r2, r1
 377 0014 0649     		ldr	r1, .L26+8
 378 0016 0A43     		orrs	r2, r1
 379 0018 1A60     		str	r2, [r3]
 375:Generated_Source\PSoC4/cyPm.c **** 
 376:Generated_Source\PSoC4/cyPm.c ****             /* If reading after writing, read this register three times to delay
 377:Generated_Source\PSoC4/cyPm.c ****             *  enough time for internal settling.
 378:Generated_Source\PSoC4/cyPm.c ****             */
 379:Generated_Source\PSoC4/cyPm.c ****             (void) CY_PM_PWR_STOP_REG;
 380              		.loc 1 379 0
 381 001a 1A68     		ldr	r2, [r3]
 380:Generated_Source\PSoC4/cyPm.c ****             (void) CY_PM_PWR_STOP_REG;
 382              		.loc 1 380 0
 383 001c 1A68     		ldr	r2, [r3]
 381:Generated_Source\PSoC4/cyPm.c **** 
 382:Generated_Source\PSoC4/cyPm.c ****             /* Second write causes the freeze of IO-Cells to save IO-Cell state */
 383:Generated_Source\PSoC4/cyPm.c ****             CY_PM_PWR_STOP_REG = CY_PM_PWR_STOP_REG;
 384              		.loc 1 383 0
 385 001e 1A68     		ldr	r2, [r3]
 386 0020 1A60     		str	r2, [r3]
 387              	.L25:
 384:Generated_Source\PSoC4/cyPm.c ****         }
 385:Generated_Source\PSoC4/cyPm.c **** 
ARM GAS  C:\Users\VIDEOH~1\AppData\Local\Temp\ccTRYSHg.s 			page 15


 386:Generated_Source\PSoC4/cyPm.c ****         CyExitCriticalSection(interruptState);
 388              		.loc 1 386 0
 389 0022 FFF7FEFF 		bl	CyExitCriticalSection
 390              	.LVL16:
 387:Generated_Source\PSoC4/cyPm.c ****     }
 391              		.loc 1 387 0
 392              		@ sp needed
 393 0026 10BD     		pop	{r4, pc}
 394              	.L27:
 395              		.align	2
 396              	.L26:
 397 0028 2C000B40 		.word	1074462764
 398 002c FF000100 		.word	65791
 399 0030 003A0280 		.word	-2147337728
 400              		.cfi_endproc
 401              	.LFE6:
 402              		.size	CySysPmFreezeIo, .-CySysPmFreezeIo
 403              		.section	.text.CySysPmStop,"ax",%progbits
 404              		.align	1
 405              		.global	CySysPmStop
 406              		.code	16
 407              		.thumb_func
 408              		.type	CySysPmStop, %function
 409              	CySysPmStop:
 410              	.LFB3:
 244:Generated_Source\PSoC4/cyPm.c ****         (void) CyEnterCriticalSection();
 411              		.loc 1 244 0
 412              		.cfi_startproc
 413              		@ args = 0, pretend = 0, frame = 0
 414              		@ frame_needed = 0, uses_anonymous_args = 0
 415 0000 10B5     		push	{r4, lr}
 416              		.cfi_def_cfa_offset 8
 417              		.cfi_offset 4, -8
 418              		.cfi_offset 14, -4
 245:Generated_Source\PSoC4/cyPm.c **** 
 419              		.loc 1 245 0
 420 0002 FFF7FEFF 		bl	CyEnterCriticalSection
 421              	.LVL17:
 248:Generated_Source\PSoC4/cyPm.c **** 
 422              		.loc 1 248 0
 423 0006 8023     		movs	r3, #128
 424 0008 084C     		ldr	r4, .L29
 425 000a 5B02     		lsls	r3, r3, #9
 426 000c 2268     		ldr	r2, [r4]
 427 000e 1340     		ands	r3, r2
 428 0010 F222     		movs	r2, #242
 429 0012 1343     		orrs	r3, r2
 430 0014 2360     		str	r3, [r4]
 251:Generated_Source\PSoC4/cyPm.c **** 
 431              		.loc 1 251 0
 432 0016 FFF7FEFF 		bl	CySysPmFreezeIo
 433              	.LVL18:
 254:Generated_Source\PSoC4/cyPm.c **** 
 434              		.loc 1 254 0
 435 001a 8022     		movs	r2, #128
 436 001c 2368     		ldr	r3, [r4]
 437 001e 1206     		lsls	r2, r2, #24
ARM GAS  C:\Users\VIDEOH~1\AppData\Local\Temp\ccTRYSHg.s 			page 16


 438 0020 1343     		orrs	r3, r2
 439 0022 2360     		str	r3, [r4]
 261:Generated_Source\PSoC4/cyPm.c ****         CY_NOP;
 440              		.loc 1 261 0
 441              		.syntax divided
 442              	@ 261 "Generated_Source\PSoC4\cyPm.c" 1
 443 0024 C046     		NOP
 444              	
 445              	@ 0 "" 2
 262:Generated_Source\PSoC4/cyPm.c **** 
 446              		.loc 1 262 0
 447              	@ 262 "Generated_Source\PSoC4\cyPm.c" 1
 448 0026 C046     		NOP
 449              	
 450              	@ 0 "" 2
 265:Generated_Source\PSoC4/cyPm.c **** 
 451              		.loc 1 265 0
 452              	@ 265 "Generated_Source\PSoC4\cyPm.c" 1
 453 0028 30BF     		WFI 
 454              	
 455              	@ 0 "" 2
 271:Generated_Source\PSoC4/cyPm.c **** 
 456              		.loc 1 271 0
 457              		.thumb
 458              		.syntax unified
 459              		@ sp needed
 460 002a 10BD     		pop	{r4, pc}
 461              	.L30:
 462              		.align	2
 463              	.L29:
 464 002c 2C000B40 		.word	1074462764
 465              		.cfi_endproc
 466              	.LFE3:
 467              		.size	CySysPmStop, .-CySysPmStop
 468              		.section	.text.CySysPmUnfreezeIo,"ax",%progbits
 469              		.align	1
 470              		.global	CySysPmUnfreezeIo
 471              		.code	16
 472              		.thumb_func
 473              		.type	CySysPmUnfreezeIo, %function
 474              	CySysPmUnfreezeIo:
 475              	.LFB7:
 388:Generated_Source\PSoC4/cyPm.c **** 
 389:Generated_Source\PSoC4/cyPm.c **** 
 390:Generated_Source\PSoC4/cyPm.c ****     /*******************************************************************************
 391:Generated_Source\PSoC4/cyPm.c ****     * Function Name: CySysPmUnfreezeIo
 392:Generated_Source\PSoC4/cyPm.c ****     ****************************************************************************//**
 393:Generated_Source\PSoC4/cyPm.c ****     *
 394:Generated_Source\PSoC4/cyPm.c ****     * The IO-Cells remain frozen after awake from Hibernate or Stop mode until
 395:Generated_Source\PSoC4/cyPm.c ****     * the firmware unfreezes them after booting. The call of this function
 396:Generated_Source\PSoC4/cyPm.c ****     * unfreezes IO-Cells explicitly.
 397:Generated_Source\PSoC4/cyPm.c ****     *
 398:Generated_Source\PSoC4/cyPm.c ****     * If the firmware intent is to retain the data value on the port, then the
 399:Generated_Source\PSoC4/cyPm.c ****     * value must be read and re-written to the data register before calling this
 400:Generated_Source\PSoC4/cyPm.c ****     * API. Furthermore, the drive mode must be re-programmed.  If this is not done,
 401:Generated_Source\PSoC4/cyPm.c ****     * the pin state will change to default state the moment the freeze is removed.
 402:Generated_Source\PSoC4/cyPm.c ****     *
ARM GAS  C:\Users\VIDEOH~1\AppData\Local\Temp\ccTRYSHg.s 			page 17


 403:Generated_Source\PSoC4/cyPm.c ****     * This API is not available for PSoC 4000 family of devices.
 404:Generated_Source\PSoC4/cyPm.c ****     *
 405:Generated_Source\PSoC4/cyPm.c ****     *******************************************************************************/
 406:Generated_Source\PSoC4/cyPm.c ****     void CySysPmUnfreezeIo(void)
 407:Generated_Source\PSoC4/cyPm.c ****     {
 476              		.loc 1 407 0
 477              		.cfi_startproc
 478              		@ args = 0, pretend = 0, frame = 0
 479              		@ frame_needed = 0, uses_anonymous_args = 0
 480 0000 10B5     		push	{r4, lr}
 481              		.cfi_def_cfa_offset 8
 482              		.cfi_offset 4, -8
 483              		.cfi_offset 14, -4
 408:Generated_Source\PSoC4/cyPm.c ****         uint8 interruptState;
 409:Generated_Source\PSoC4/cyPm.c **** 
 410:Generated_Source\PSoC4/cyPm.c ****         interruptState = CyEnterCriticalSection();
 411:Generated_Source\PSoC4/cyPm.c **** 
 412:Generated_Source\PSoC4/cyPm.c ****         /* Preserve last reset reason and wakeup polarity. Then, unfreeze I/O:
 413:Generated_Source\PSoC4/cyPm.c ****          * write PWR_STOP.FREEZE=0, .UNLOCK=0x3A, .STOP=0, .TOKEN
 414:Generated_Source\PSoC4/cyPm.c ****          */
 415:Generated_Source\PSoC4/cyPm.c ****         CY_PM_PWR_STOP_REG = CY_PM_PWR_STOP_UNLOCK |
 484              		.loc 1 415 0
 485 0002 E824     		movs	r4, #232
 410:Generated_Source\PSoC4/cyPm.c **** 
 486              		.loc 1 410 0
 487 0004 FFF7FEFF 		bl	CyEnterCriticalSection
 488              	.LVL19:
 416:Generated_Source\PSoC4/cyPm.c ****                             (CY_PM_PWR_STOP_REG & (CY_PM_PWR_STOP_TOKEN_MASK | CY_PM_PWR_STOP_POLAR
 489              		.loc 1 416 0
 490 0008 074B     		ldr	r3, .L32
 415:Generated_Source\PSoC4/cyPm.c ****                             (CY_PM_PWR_STOP_REG & (CY_PM_PWR_STOP_TOKEN_MASK | CY_PM_PWR_STOP_POLAR
 491              		.loc 1 415 0
 492 000a 0849     		ldr	r1, .L32+4
 493              		.loc 1 416 0
 494 000c 1A68     		ldr	r2, [r3]
 415:Generated_Source\PSoC4/cyPm.c ****                             (CY_PM_PWR_STOP_REG & (CY_PM_PWR_STOP_TOKEN_MASK | CY_PM_PWR_STOP_POLAR
 495              		.loc 1 415 0
 496 000e A401     		lsls	r4, r4, #6
 497 0010 0A40     		ands	r2, r1
 498 0012 2243     		orrs	r2, r4
 499 0014 1A60     		str	r2, [r3]
 417:Generated_Source\PSoC4/cyPm.c **** 
 418:Generated_Source\PSoC4/cyPm.c ****         /* If reading after writing, read this register three times to delay
 419:Generated_Source\PSoC4/cyPm.c ****         *  enough time for internal settling.
 420:Generated_Source\PSoC4/cyPm.c ****         */
 421:Generated_Source\PSoC4/cyPm.c ****         (void) CY_PM_PWR_STOP_REG;
 500              		.loc 1 421 0
 501 0016 1A68     		ldr	r2, [r3]
 422:Generated_Source\PSoC4/cyPm.c ****         (void) CY_PM_PWR_STOP_REG;
 502              		.loc 1 422 0
 503 0018 1A68     		ldr	r2, [r3]
 423:Generated_Source\PSoC4/cyPm.c **** 
 424:Generated_Source\PSoC4/cyPm.c ****         /* Lock STOP mode: write PWR_STOP.FREEZE=0, UNLOCK=0x00, STOP=0, .TOKEN */
 425:Generated_Source\PSoC4/cyPm.c ****         CY_PM_PWR_STOP_REG &= (CY_PM_PWR_STOP_TOKEN_MASK | CY_PM_PWR_STOP_POLARITY);
 504              		.loc 1 425 0
 505 001a 1A68     		ldr	r2, [r3]
 426:Generated_Source\PSoC4/cyPm.c **** 
ARM GAS  C:\Users\VIDEOH~1\AppData\Local\Temp\ccTRYSHg.s 			page 18


 427:Generated_Source\PSoC4/cyPm.c ****         CyExitCriticalSection(interruptState);
 428:Generated_Source\PSoC4/cyPm.c ****     }
 506              		.loc 1 428 0
 507              		@ sp needed
 425:Generated_Source\PSoC4/cyPm.c **** 
 508              		.loc 1 425 0
 509 001c 1140     		ands	r1, r2
 510 001e 1960     		str	r1, [r3]
 427:Generated_Source\PSoC4/cyPm.c ****     }
 511              		.loc 1 427 0
 512 0020 FFF7FEFF 		bl	CyExitCriticalSection
 513              	.LVL20:
 514              		.loc 1 428 0
 515 0024 10BD     		pop	{r4, pc}
 516              	.L33:
 517 0026 C046     		.align	2
 518              	.L32:
 519 0028 2C000B40 		.word	1074462764
 520 002c FF000100 		.word	65791
 521              		.cfi_endproc
 522              	.LFE7:
 523              		.size	CySysPmUnfreezeIo, .-CySysPmUnfreezeIo
 524              		.text
 525              	.Letext0:
 526              		.file 2 "Generated_Source\\PSoC4\\cytypes.h"
 527              		.file 3 "Generated_Source\\PSoC4\\CyLib.h"
 528              		.section	.debug_info,"",%progbits
 529              	.Ldebug_info0:
 530 0000 C7020000 		.4byte	0x2c7
 531 0004 0400     		.2byte	0x4
 532 0006 00000000 		.4byte	.Ldebug_abbrev0
 533 000a 04       		.byte	0x4
 534 000b 01       		.uleb128 0x1
 535 000c 52010000 		.4byte	.LASF31
 536 0010 0C       		.byte	0xc
 537 0011 38020000 		.4byte	.LASF32
 538 0015 56020000 		.4byte	.LASF33
 539 0019 00000000 		.4byte	.Ldebug_ranges0+0
 540 001d 00000000 		.4byte	0
 541 0021 00000000 		.4byte	.Ldebug_line0
 542 0025 02       		.uleb128 0x2
 543 0026 01       		.byte	0x1
 544 0027 06       		.byte	0x6
 545 0028 91020000 		.4byte	.LASF0
 546 002c 02       		.uleb128 0x2
 547 002d 01       		.byte	0x1
 548 002e 08       		.byte	0x8
 549 002f 73000000 		.4byte	.LASF1
 550 0033 02       		.uleb128 0x2
 551 0034 02       		.byte	0x2
 552 0035 05       		.byte	0x5
 553 0036 14020000 		.4byte	.LASF2
 554 003a 02       		.uleb128 0x2
 555 003b 02       		.byte	0x2
 556 003c 07       		.byte	0x7
 557 003d 32000000 		.4byte	.LASF3
 558 0041 02       		.uleb128 0x2
ARM GAS  C:\Users\VIDEOH~1\AppData\Local\Temp\ccTRYSHg.s 			page 19


 559 0042 04       		.byte	0x4
 560 0043 05       		.byte	0x5
 561 0044 2F020000 		.4byte	.LASF4
 562 0048 02       		.uleb128 0x2
 563 0049 04       		.byte	0x4
 564 004a 07       		.byte	0x7
 565 004b 90000000 		.4byte	.LASF5
 566 004f 02       		.uleb128 0x2
 567 0050 08       		.byte	0x8
 568 0051 05       		.byte	0x5
 569 0052 F4010000 		.4byte	.LASF6
 570 0056 02       		.uleb128 0x2
 571 0057 08       		.byte	0x8
 572 0058 07       		.byte	0x7
 573 0059 5C000000 		.4byte	.LASF7
 574 005d 03       		.uleb128 0x3
 575 005e 04       		.byte	0x4
 576 005f 05       		.byte	0x5
 577 0060 696E7400 		.ascii	"int\000"
 578 0064 02       		.uleb128 0x2
 579 0065 04       		.byte	0x4
 580 0066 07       		.byte	0x7
 581 0067 F2000000 		.4byte	.LASF8
 582 006b 04       		.uleb128 0x4
 583 006c A2000000 		.4byte	.LASF9
 584 0070 02       		.byte	0x2
 585 0071 E401     		.2byte	0x1e4
 586 0073 2C000000 		.4byte	0x2c
 587 0077 04       		.uleb128 0x4
 588 0078 CD000000 		.4byte	.LASF10
 589 007c 02       		.byte	0x2
 590 007d E501     		.2byte	0x1e5
 591 007f 3A000000 		.4byte	0x3a
 592 0083 04       		.uleb128 0x4
 593 0084 D4000000 		.4byte	.LASF11
 594 0088 02       		.byte	0x2
 595 0089 E601     		.2byte	0x1e6
 596 008b 48000000 		.4byte	0x48
 597 008f 02       		.uleb128 0x2
 598 0090 04       		.byte	0x4
 599 0091 04       		.byte	0x4
 600 0092 56000000 		.4byte	.LASF12
 601 0096 02       		.uleb128 0x2
 602 0097 08       		.byte	0x8
 603 0098 04       		.byte	0x4
 604 0099 B4000000 		.4byte	.LASF13
 605 009d 02       		.uleb128 0x2
 606 009e 01       		.byte	0x1
 607 009f 08       		.byte	0x8
 608 00a0 02020000 		.4byte	.LASF14
 609 00a4 04       		.uleb128 0x4
 610 00a5 00000000 		.4byte	.LASF15
 611 00a9 02       		.byte	0x2
 612 00aa 8F02     		.2byte	0x28f
 613 00ac B0000000 		.4byte	0xb0
 614 00b0 05       		.uleb128 0x5
 615 00b1 77000000 		.4byte	0x77
ARM GAS  C:\Users\VIDEOH~1\AppData\Local\Temp\ccTRYSHg.s 			page 20


 616 00b5 04       		.uleb128 0x4
 617 00b6 06000000 		.4byte	.LASF16
 618 00ba 02       		.byte	0x2
 619 00bb 9002     		.2byte	0x290
 620 00bd C1000000 		.4byte	0xc1
 621 00c1 05       		.uleb128 0x5
 622 00c2 83000000 		.4byte	0x83
 623 00c6 02       		.uleb128 0x2
 624 00c7 04       		.byte	0x4
 625 00c8 07       		.byte	0x7
 626 00c9 EB010000 		.4byte	.LASF17
 627 00cd 06       		.uleb128 0x6
 628 00ce 25000000 		.4byte	.LASF18
 629 00d2 01       		.byte	0x1
 630 00d3 21       		.byte	0x21
 631 00d4 00000000 		.4byte	.LFB0
 632 00d8 1C000000 		.4byte	.LFE0-.LFB0
 633 00dc 01       		.uleb128 0x1
 634 00dd 9C       		.byte	0x9c
 635 00de 04010000 		.4byte	0x104
 636 00e2 07       		.uleb128 0x7
 637 00e3 81000000 		.4byte	.LASF20
 638 00e7 01       		.byte	0x1
 639 00e8 23       		.byte	0x23
 640 00e9 6B000000 		.4byte	0x6b
 641 00ed 00000000 		.4byte	.LLST0
 642 00f1 08       		.uleb128 0x8
 643 00f2 06000000 		.4byte	.LVL0
 644 00f6 A9020000 		.4byte	0x2a9
 645 00fa 08       		.uleb128 0x8
 646 00fb 16000000 		.4byte	.LVL1
 647 00ff B4020000 		.4byte	0x2b4
 648 0103 00       		.byte	0
 649 0104 06       		.uleb128 0x6
 650 0105 1E020000 		.4byte	.LASF19
 651 0109 01       		.byte	0x1
 652 010a 40       		.byte	0x40
 653 010b 00000000 		.4byte	.LFB1
 654 010f 68000000 		.4byte	.LFE1-.LFB1
 655 0113 01       		.uleb128 0x1
 656 0114 9C       		.byte	0x9c
 657 0115 64010000 		.4byte	0x164
 658 0119 07       		.uleb128 0x7
 659 011a 81000000 		.4byte	.LASF20
 660 011e 01       		.byte	0x1
 661 011f 42       		.byte	0x42
 662 0120 6B000000 		.4byte	0x6b
 663 0124 13000000 		.4byte	.LLST1
 664 0128 09       		.uleb128 0x9
 665 0129 07020000 		.4byte	.LASF21
 666 012d 01       		.byte	0x1
 667 012e 44       		.byte	0x44
 668 012f C1000000 		.4byte	0xc1
 669 0133 02       		.uleb128 0x2
 670 0134 91       		.byte	0x91
 671 0135 64       		.sleb128 -28
 672 0136 08       		.uleb128 0x8
ARM GAS  C:\Users\VIDEOH~1\AppData\Local\Temp\ccTRYSHg.s 			page 21


 673 0137 0A000000 		.4byte	.LVL2
 674 013b A9020000 		.4byte	0x2a9
 675 013f 0A       		.uleb128 0xa
 676 0140 3E000000 		.4byte	.LVL4
 677 0144 BF020000 		.4byte	0x2bf
 678 0148 53010000 		.4byte	0x153
 679 014c 0B       		.uleb128 0xb
 680 014d 01       		.uleb128 0x1
 681 014e 50       		.byte	0x50
 682 014f 02       		.uleb128 0x2
 683 0150 76       		.byte	0x76
 684 0151 00       		.sleb128 0
 685 0152 00       		.byte	0
 686 0153 0C       		.uleb128 0xc
 687 0154 50000000 		.4byte	.LVL5
 688 0158 B4020000 		.4byte	0x2b4
 689 015c 0B       		.uleb128 0xb
 690 015d 01       		.uleb128 0x1
 691 015e 50       		.byte	0x50
 692 015f 02       		.uleb128 0x2
 693 0160 74       		.byte	0x74
 694 0161 00       		.sleb128 0
 695 0162 00       		.byte	0
 696 0163 00       		.byte	0
 697 0164 06       		.uleb128 0x6
 698 0165 45000000 		.4byte	.LASF22
 699 0169 01       		.byte	0x1
 700 016a B8       		.byte	0xb8
 701 016b 00000000 		.4byte	.LFB2
 702 016f 50000000 		.4byte	.LFE2-.LFB2
 703 0173 01       		.uleb128 0x1
 704 0174 9C       		.byte	0x9c
 705 0175 9B010000 		.4byte	0x19b
 706 0179 07       		.uleb128 0x7
 707 017a 81000000 		.4byte	.LASF20
 708 017e 01       		.byte	0x1
 709 017f BA       		.byte	0xba
 710 0180 6B000000 		.4byte	0x6b
 711 0184 26000000 		.4byte	.LLST2
 712 0188 08       		.uleb128 0x8
 713 0189 06000000 		.4byte	.LVL7
 714 018d A9020000 		.4byte	0x2a9
 715 0191 08       		.uleb128 0x8
 716 0192 3A000000 		.4byte	.LVL8
 717 0196 B4020000 		.4byte	0x2b4
 718 019a 00       		.byte	0
 719 019b 0D       		.uleb128 0xd
 720 019c 0C000000 		.4byte	.LASF23
 721 01a0 01       		.byte	0x1
 722 01a1 2001     		.2byte	0x120
 723 01a3 00000000 		.4byte	.LFB4
 724 01a7 30000000 		.4byte	.LFE4-.LFB4
 725 01ab 01       		.uleb128 0x1
 726 01ac 9C       		.byte	0x9c
 727 01ad E4010000 		.4byte	0x1e4
 728 01b1 0E       		.uleb128 0xe
 729 01b2 33010000 		.4byte	.LASF34
ARM GAS  C:\Users\VIDEOH~1\AppData\Local\Temp\ccTRYSHg.s 			page 22


 730 01b6 01       		.byte	0x1
 731 01b7 2001     		.2byte	0x120
 732 01b9 83000000 		.4byte	0x83
 733 01bd 39000000 		.4byte	.LLST3
 734 01c1 0F       		.uleb128 0xf
 735 01c2 81000000 		.4byte	.LASF20
 736 01c6 01       		.byte	0x1
 737 01c7 2201     		.2byte	0x122
 738 01c9 6B000000 		.4byte	0x6b
 739 01cd 65000000 		.4byte	.LLST4
 740 01d1 08       		.uleb128 0x8
 741 01d2 08000000 		.4byte	.LVL10
 742 01d6 A9020000 		.4byte	0x2a9
 743 01da 08       		.uleb128 0x8
 744 01db 24000000 		.4byte	.LVL11
 745 01df B4020000 		.4byte	0x2b4
 746 01e3 00       		.byte	0
 747 01e4 10       		.uleb128 0x10
 748 01e5 3C010000 		.4byte	.LASF35
 749 01e9 01       		.byte	0x1
 750 01ea 3C01     		.2byte	0x13c
 751 01ec 83000000 		.4byte	0x83
 752 01f0 00000000 		.4byte	.LFB5
 753 01f4 1C000000 		.4byte	.LFE5-.LFB5
 754 01f8 01       		.uleb128 0x1
 755 01f9 9C       		.byte	0x9c
 756 01fa 0F020000 		.4byte	0x20f
 757 01fe 0F       		.uleb128 0xf
 758 01ff 2C010000 		.4byte	.LASF24
 759 0203 01       		.byte	0x1
 760 0204 3E01     		.2byte	0x13e
 761 0206 83000000 		.4byte	0x83
 762 020a 78000000 		.4byte	.LLST5
 763 020e 00       		.byte	0
 764 020f 0D       		.uleb128 0xd
 765 0210 9D020000 		.4byte	.LASF25
 766 0214 01       		.byte	0x1
 767 0215 6601     		.2byte	0x166
 768 0217 00000000 		.4byte	.LFB6
 769 021b 34000000 		.4byte	.LFE6-.LFB6
 770 021f 01       		.uleb128 0x1
 771 0220 9C       		.byte	0x9c
 772 0221 48020000 		.4byte	0x248
 773 0225 0F       		.uleb128 0xf
 774 0226 81000000 		.4byte	.LASF20
 775 022a 01       		.byte	0x1
 776 022b 6801     		.2byte	0x168
 777 022d 6B000000 		.4byte	0x6b
 778 0231 97000000 		.4byte	.LLST6
 779 0235 08       		.uleb128 0x8
 780 0236 06000000 		.4byte	.LVL15
 781 023a A9020000 		.4byte	0x2a9
 782 023e 08       		.uleb128 0x8
 783 023f 26000000 		.4byte	.LVL16
 784 0243 B4020000 		.4byte	0x2b4
 785 0247 00       		.byte	0
 786 0248 06       		.uleb128 0x6
ARM GAS  C:\Users\VIDEOH~1\AppData\Local\Temp\ccTRYSHg.s 			page 23


 787 0249 A8000000 		.4byte	.LASF26
 788 024d 01       		.byte	0x1
 789 024e F3       		.byte	0xf3
 790 024f 00000000 		.4byte	.LFB3
 791 0253 30000000 		.4byte	.LFE3-.LFB3
 792 0257 01       		.uleb128 0x1
 793 0258 9C       		.byte	0x9c
 794 0259 70020000 		.4byte	0x270
 795 025d 08       		.uleb128 0x8
 796 025e 06000000 		.4byte	.LVL17
 797 0262 A9020000 		.4byte	0x2a9
 798 0266 08       		.uleb128 0x8
 799 0267 1A000000 		.4byte	.LVL18
 800 026b 0F020000 		.4byte	0x20f
 801 026f 00       		.byte	0
 802 0270 0D       		.uleb128 0xd
 803 0271 BB000000 		.4byte	.LASF27
 804 0275 01       		.byte	0x1
 805 0276 9601     		.2byte	0x196
 806 0278 00000000 		.4byte	.LFB7
 807 027c 30000000 		.4byte	.LFE7-.LFB7
 808 0280 01       		.uleb128 0x1
 809 0281 9C       		.byte	0x9c
 810 0282 A9020000 		.4byte	0x2a9
 811 0286 0F       		.uleb128 0xf
 812 0287 81000000 		.4byte	.LASF20
 813 028b 01       		.byte	0x1
 814 028c 9801     		.2byte	0x198
 815 028e 6B000000 		.4byte	0x6b
 816 0292 AA000000 		.4byte	.LLST7
 817 0296 08       		.uleb128 0x8
 818 0297 08000000 		.4byte	.LVL19
 819 029b A9020000 		.4byte	0x2a9
 820 029f 08       		.uleb128 0x8
 821 02a0 24000000 		.4byte	.LVL20
 822 02a4 B4020000 		.4byte	0x2b4
 823 02a8 00       		.byte	0
 824 02a9 11       		.uleb128 0x11
 825 02aa DB000000 		.4byte	.LASF28
 826 02ae DB000000 		.4byte	.LASF28
 827 02b2 03       		.byte	0x3
 828 02b3 E5       		.byte	0xe5
 829 02b4 11       		.uleb128 0x11
 830 02b5 FF000000 		.4byte	.LASF29
 831 02b9 FF000000 		.4byte	.LASF29
 832 02bd 03       		.byte	0x3
 833 02be E6       		.byte	0xe6
 834 02bf 11       		.uleb128 0x11
 835 02c0 15010000 		.4byte	.LASF30
 836 02c4 15010000 		.4byte	.LASF30
 837 02c8 03       		.byte	0x3
 838 02c9 6B       		.byte	0x6b
 839 02ca 00       		.byte	0
 840              		.section	.debug_abbrev,"",%progbits
 841              	.Ldebug_abbrev0:
 842 0000 01       		.uleb128 0x1
 843 0001 11       		.uleb128 0x11
ARM GAS  C:\Users\VIDEOH~1\AppData\Local\Temp\ccTRYSHg.s 			page 24


 844 0002 01       		.byte	0x1
 845 0003 25       		.uleb128 0x25
 846 0004 0E       		.uleb128 0xe
 847 0005 13       		.uleb128 0x13
 848 0006 0B       		.uleb128 0xb
 849 0007 03       		.uleb128 0x3
 850 0008 0E       		.uleb128 0xe
 851 0009 1B       		.uleb128 0x1b
 852 000a 0E       		.uleb128 0xe
 853 000b 55       		.uleb128 0x55
 854 000c 17       		.uleb128 0x17
 855 000d 11       		.uleb128 0x11
 856 000e 01       		.uleb128 0x1
 857 000f 10       		.uleb128 0x10
 858 0010 17       		.uleb128 0x17
 859 0011 00       		.byte	0
 860 0012 00       		.byte	0
 861 0013 02       		.uleb128 0x2
 862 0014 24       		.uleb128 0x24
 863 0015 00       		.byte	0
 864 0016 0B       		.uleb128 0xb
 865 0017 0B       		.uleb128 0xb
 866 0018 3E       		.uleb128 0x3e
 867 0019 0B       		.uleb128 0xb
 868 001a 03       		.uleb128 0x3
 869 001b 0E       		.uleb128 0xe
 870 001c 00       		.byte	0
 871 001d 00       		.byte	0
 872 001e 03       		.uleb128 0x3
 873 001f 24       		.uleb128 0x24
 874 0020 00       		.byte	0
 875 0021 0B       		.uleb128 0xb
 876 0022 0B       		.uleb128 0xb
 877 0023 3E       		.uleb128 0x3e
 878 0024 0B       		.uleb128 0xb
 879 0025 03       		.uleb128 0x3
 880 0026 08       		.uleb128 0x8
 881 0027 00       		.byte	0
 882 0028 00       		.byte	0
 883 0029 04       		.uleb128 0x4
 884 002a 16       		.uleb128 0x16
 885 002b 00       		.byte	0
 886 002c 03       		.uleb128 0x3
 887 002d 0E       		.uleb128 0xe
 888 002e 3A       		.uleb128 0x3a
 889 002f 0B       		.uleb128 0xb
 890 0030 3B       		.uleb128 0x3b
 891 0031 05       		.uleb128 0x5
 892 0032 49       		.uleb128 0x49
 893 0033 13       		.uleb128 0x13
 894 0034 00       		.byte	0
 895 0035 00       		.byte	0
 896 0036 05       		.uleb128 0x5
 897 0037 35       		.uleb128 0x35
 898 0038 00       		.byte	0
 899 0039 49       		.uleb128 0x49
 900 003a 13       		.uleb128 0x13
ARM GAS  C:\Users\VIDEOH~1\AppData\Local\Temp\ccTRYSHg.s 			page 25


 901 003b 00       		.byte	0
 902 003c 00       		.byte	0
 903 003d 06       		.uleb128 0x6
 904 003e 2E       		.uleb128 0x2e
 905 003f 01       		.byte	0x1
 906 0040 3F       		.uleb128 0x3f
 907 0041 19       		.uleb128 0x19
 908 0042 03       		.uleb128 0x3
 909 0043 0E       		.uleb128 0xe
 910 0044 3A       		.uleb128 0x3a
 911 0045 0B       		.uleb128 0xb
 912 0046 3B       		.uleb128 0x3b
 913 0047 0B       		.uleb128 0xb
 914 0048 27       		.uleb128 0x27
 915 0049 19       		.uleb128 0x19
 916 004a 11       		.uleb128 0x11
 917 004b 01       		.uleb128 0x1
 918 004c 12       		.uleb128 0x12
 919 004d 06       		.uleb128 0x6
 920 004e 40       		.uleb128 0x40
 921 004f 18       		.uleb128 0x18
 922 0050 9742     		.uleb128 0x2117
 923 0052 19       		.uleb128 0x19
 924 0053 01       		.uleb128 0x1
 925 0054 13       		.uleb128 0x13
 926 0055 00       		.byte	0
 927 0056 00       		.byte	0
 928 0057 07       		.uleb128 0x7
 929 0058 34       		.uleb128 0x34
 930 0059 00       		.byte	0
 931 005a 03       		.uleb128 0x3
 932 005b 0E       		.uleb128 0xe
 933 005c 3A       		.uleb128 0x3a
 934 005d 0B       		.uleb128 0xb
 935 005e 3B       		.uleb128 0x3b
 936 005f 0B       		.uleb128 0xb
 937 0060 49       		.uleb128 0x49
 938 0061 13       		.uleb128 0x13
 939 0062 02       		.uleb128 0x2
 940 0063 17       		.uleb128 0x17
 941 0064 00       		.byte	0
 942 0065 00       		.byte	0
 943 0066 08       		.uleb128 0x8
 944 0067 898201   		.uleb128 0x4109
 945 006a 00       		.byte	0
 946 006b 11       		.uleb128 0x11
 947 006c 01       		.uleb128 0x1
 948 006d 31       		.uleb128 0x31
 949 006e 13       		.uleb128 0x13
 950 006f 00       		.byte	0
 951 0070 00       		.byte	0
 952 0071 09       		.uleb128 0x9
 953 0072 34       		.uleb128 0x34
 954 0073 00       		.byte	0
 955 0074 03       		.uleb128 0x3
 956 0075 0E       		.uleb128 0xe
 957 0076 3A       		.uleb128 0x3a
ARM GAS  C:\Users\VIDEOH~1\AppData\Local\Temp\ccTRYSHg.s 			page 26


 958 0077 0B       		.uleb128 0xb
 959 0078 3B       		.uleb128 0x3b
 960 0079 0B       		.uleb128 0xb
 961 007a 49       		.uleb128 0x49
 962 007b 13       		.uleb128 0x13
 963 007c 02       		.uleb128 0x2
 964 007d 18       		.uleb128 0x18
 965 007e 00       		.byte	0
 966 007f 00       		.byte	0
 967 0080 0A       		.uleb128 0xa
 968 0081 898201   		.uleb128 0x4109
 969 0084 01       		.byte	0x1
 970 0085 11       		.uleb128 0x11
 971 0086 01       		.uleb128 0x1
 972 0087 31       		.uleb128 0x31
 973 0088 13       		.uleb128 0x13
 974 0089 01       		.uleb128 0x1
 975 008a 13       		.uleb128 0x13
 976 008b 00       		.byte	0
 977 008c 00       		.byte	0
 978 008d 0B       		.uleb128 0xb
 979 008e 8A8201   		.uleb128 0x410a
 980 0091 00       		.byte	0
 981 0092 02       		.uleb128 0x2
 982 0093 18       		.uleb128 0x18
 983 0094 9142     		.uleb128 0x2111
 984 0096 18       		.uleb128 0x18
 985 0097 00       		.byte	0
 986 0098 00       		.byte	0
 987 0099 0C       		.uleb128 0xc
 988 009a 898201   		.uleb128 0x4109
 989 009d 01       		.byte	0x1
 990 009e 11       		.uleb128 0x11
 991 009f 01       		.uleb128 0x1
 992 00a0 31       		.uleb128 0x31
 993 00a1 13       		.uleb128 0x13
 994 00a2 00       		.byte	0
 995 00a3 00       		.byte	0
 996 00a4 0D       		.uleb128 0xd
 997 00a5 2E       		.uleb128 0x2e
 998 00a6 01       		.byte	0x1
 999 00a7 3F       		.uleb128 0x3f
 1000 00a8 19       		.uleb128 0x19
 1001 00a9 03       		.uleb128 0x3
 1002 00aa 0E       		.uleb128 0xe
 1003 00ab 3A       		.uleb128 0x3a
 1004 00ac 0B       		.uleb128 0xb
 1005 00ad 3B       		.uleb128 0x3b
 1006 00ae 05       		.uleb128 0x5
 1007 00af 27       		.uleb128 0x27
 1008 00b0 19       		.uleb128 0x19
 1009 00b1 11       		.uleb128 0x11
 1010 00b2 01       		.uleb128 0x1
 1011 00b3 12       		.uleb128 0x12
 1012 00b4 06       		.uleb128 0x6
 1013 00b5 40       		.uleb128 0x40
 1014 00b6 18       		.uleb128 0x18
ARM GAS  C:\Users\VIDEOH~1\AppData\Local\Temp\ccTRYSHg.s 			page 27


 1015 00b7 9742     		.uleb128 0x2117
 1016 00b9 19       		.uleb128 0x19
 1017 00ba 01       		.uleb128 0x1
 1018 00bb 13       		.uleb128 0x13
 1019 00bc 00       		.byte	0
 1020 00bd 00       		.byte	0
 1021 00be 0E       		.uleb128 0xe
 1022 00bf 05       		.uleb128 0x5
 1023 00c0 00       		.byte	0
 1024 00c1 03       		.uleb128 0x3
 1025 00c2 0E       		.uleb128 0xe
 1026 00c3 3A       		.uleb128 0x3a
 1027 00c4 0B       		.uleb128 0xb
 1028 00c5 3B       		.uleb128 0x3b
 1029 00c6 05       		.uleb128 0x5
 1030 00c7 49       		.uleb128 0x49
 1031 00c8 13       		.uleb128 0x13
 1032 00c9 02       		.uleb128 0x2
 1033 00ca 17       		.uleb128 0x17
 1034 00cb 00       		.byte	0
 1035 00cc 00       		.byte	0
 1036 00cd 0F       		.uleb128 0xf
 1037 00ce 34       		.uleb128 0x34
 1038 00cf 00       		.byte	0
 1039 00d0 03       		.uleb128 0x3
 1040 00d1 0E       		.uleb128 0xe
 1041 00d2 3A       		.uleb128 0x3a
 1042 00d3 0B       		.uleb128 0xb
 1043 00d4 3B       		.uleb128 0x3b
 1044 00d5 05       		.uleb128 0x5
 1045 00d6 49       		.uleb128 0x49
 1046 00d7 13       		.uleb128 0x13
 1047 00d8 02       		.uleb128 0x2
 1048 00d9 17       		.uleb128 0x17
 1049 00da 00       		.byte	0
 1050 00db 00       		.byte	0
 1051 00dc 10       		.uleb128 0x10
 1052 00dd 2E       		.uleb128 0x2e
 1053 00de 01       		.byte	0x1
 1054 00df 3F       		.uleb128 0x3f
 1055 00e0 19       		.uleb128 0x19
 1056 00e1 03       		.uleb128 0x3
 1057 00e2 0E       		.uleb128 0xe
 1058 00e3 3A       		.uleb128 0x3a
 1059 00e4 0B       		.uleb128 0xb
 1060 00e5 3B       		.uleb128 0x3b
 1061 00e6 05       		.uleb128 0x5
 1062 00e7 27       		.uleb128 0x27
 1063 00e8 19       		.uleb128 0x19
 1064 00e9 49       		.uleb128 0x49
 1065 00ea 13       		.uleb128 0x13
 1066 00eb 11       		.uleb128 0x11
 1067 00ec 01       		.uleb128 0x1
 1068 00ed 12       		.uleb128 0x12
 1069 00ee 06       		.uleb128 0x6
 1070 00ef 40       		.uleb128 0x40
 1071 00f0 18       		.uleb128 0x18
ARM GAS  C:\Users\VIDEOH~1\AppData\Local\Temp\ccTRYSHg.s 			page 28


 1072 00f1 9742     		.uleb128 0x2117
 1073 00f3 19       		.uleb128 0x19
 1074 00f4 01       		.uleb128 0x1
 1075 00f5 13       		.uleb128 0x13
 1076 00f6 00       		.byte	0
 1077 00f7 00       		.byte	0
 1078 00f8 11       		.uleb128 0x11
 1079 00f9 2E       		.uleb128 0x2e
 1080 00fa 00       		.byte	0
 1081 00fb 3F       		.uleb128 0x3f
 1082 00fc 19       		.uleb128 0x19
 1083 00fd 3C       		.uleb128 0x3c
 1084 00fe 19       		.uleb128 0x19
 1085 00ff 6E       		.uleb128 0x6e
 1086 0100 0E       		.uleb128 0xe
 1087 0101 03       		.uleb128 0x3
 1088 0102 0E       		.uleb128 0xe
 1089 0103 3A       		.uleb128 0x3a
 1090 0104 0B       		.uleb128 0xb
 1091 0105 3B       		.uleb128 0x3b
 1092 0106 0B       		.uleb128 0xb
 1093 0107 00       		.byte	0
 1094 0108 00       		.byte	0
 1095 0109 00       		.byte	0
 1096              		.section	.debug_loc,"",%progbits
 1097              	.Ldebug_loc0:
 1098              	.LLST0:
 1099 0000 06000000 		.4byte	.LVL0
 1100 0004 15000000 		.4byte	.LVL1-1
 1101 0008 0100     		.2byte	0x1
 1102 000a 50       		.byte	0x50
 1103 000b 00000000 		.4byte	0
 1104 000f 00000000 		.4byte	0
 1105              	.LLST1:
 1106 0013 26000000 		.4byte	.LVL3
 1107 0017 50000000 		.4byte	.LVL6
 1108 001b 0100     		.2byte	0x1
 1109 001d 54       		.byte	0x54
 1110 001e 00000000 		.4byte	0
 1111 0022 00000000 		.4byte	0
 1112              	.LLST2:
 1113 0026 06000000 		.4byte	.LVL7
 1114 002a 39000000 		.4byte	.LVL8-1
 1115 002e 0100     		.2byte	0x1
 1116 0030 50       		.byte	0x50
 1117 0031 00000000 		.4byte	0
 1118 0035 00000000 		.4byte	0
 1119              	.LLST3:
 1120 0039 00000000 		.4byte	.LVL9
 1121 003d 07000000 		.4byte	.LVL10-1
 1122 0041 0100     		.2byte	0x1
 1123 0043 50       		.byte	0x50
 1124 0044 07000000 		.4byte	.LVL10-1
 1125 0048 24000000 		.4byte	.LVL12
 1126 004c 0100     		.2byte	0x1
 1127 004e 54       		.byte	0x54
 1128 004f 24000000 		.4byte	.LVL12
ARM GAS  C:\Users\VIDEOH~1\AppData\Local\Temp\ccTRYSHg.s 			page 29


 1129 0053 30000000 		.4byte	.LFE4
 1130 0057 0400     		.2byte	0x4
 1131 0059 F3       		.byte	0xf3
 1132 005a 01       		.uleb128 0x1
 1133 005b 50       		.byte	0x50
 1134 005c 9F       		.byte	0x9f
 1135 005d 00000000 		.4byte	0
 1136 0061 00000000 		.4byte	0
 1137              	.LLST4:
 1138 0065 08000000 		.4byte	.LVL10
 1139 0069 23000000 		.4byte	.LVL11-1
 1140 006d 0100     		.2byte	0x1
 1141 006f 50       		.byte	0x50
 1142 0070 00000000 		.4byte	0
 1143 0074 00000000 		.4byte	0
 1144              	.LLST5:
 1145 0078 00000000 		.4byte	.LVL13
 1146 007c 16000000 		.4byte	.LVL14
 1147 0080 0200     		.2byte	0x2
 1148 0082 30       		.byte	0x30
 1149 0083 9F       		.byte	0x9f
 1150 0084 16000000 		.4byte	.LVL14
 1151 0088 1C000000 		.4byte	.LFE5
 1152 008c 0100     		.2byte	0x1
 1153 008e 50       		.byte	0x50
 1154 008f 00000000 		.4byte	0
 1155 0093 00000000 		.4byte	0
 1156              	.LLST6:
 1157 0097 06000000 		.4byte	.LVL15
 1158 009b 25000000 		.4byte	.LVL16-1
 1159 009f 0100     		.2byte	0x1
 1160 00a1 50       		.byte	0x50
 1161 00a2 00000000 		.4byte	0
 1162 00a6 00000000 		.4byte	0
 1163              	.LLST7:
 1164 00aa 08000000 		.4byte	.LVL19
 1165 00ae 23000000 		.4byte	.LVL20-1
 1166 00b2 0100     		.2byte	0x1
 1167 00b4 50       		.byte	0x50
 1168 00b5 00000000 		.4byte	0
 1169 00b9 00000000 		.4byte	0
 1170              		.section	.debug_aranges,"",%progbits
 1171 0000 54000000 		.4byte	0x54
 1172 0004 0200     		.2byte	0x2
 1173 0006 00000000 		.4byte	.Ldebug_info0
 1174 000a 04       		.byte	0x4
 1175 000b 00       		.byte	0
 1176 000c 0000     		.2byte	0
 1177 000e 0000     		.2byte	0
 1178 0010 00000000 		.4byte	.LFB0
 1179 0014 1C000000 		.4byte	.LFE0-.LFB0
 1180 0018 00000000 		.4byte	.LFB1
 1181 001c 68000000 		.4byte	.LFE1-.LFB1
 1182 0020 00000000 		.4byte	.LFB2
 1183 0024 50000000 		.4byte	.LFE2-.LFB2
 1184 0028 00000000 		.4byte	.LFB4
 1185 002c 30000000 		.4byte	.LFE4-.LFB4
ARM GAS  C:\Users\VIDEOH~1\AppData\Local\Temp\ccTRYSHg.s 			page 30


 1186 0030 00000000 		.4byte	.LFB5
 1187 0034 1C000000 		.4byte	.LFE5-.LFB5
 1188 0038 00000000 		.4byte	.LFB6
 1189 003c 34000000 		.4byte	.LFE6-.LFB6
 1190 0040 00000000 		.4byte	.LFB3
 1191 0044 30000000 		.4byte	.LFE3-.LFB3
 1192 0048 00000000 		.4byte	.LFB7
 1193 004c 30000000 		.4byte	.LFE7-.LFB7
 1194 0050 00000000 		.4byte	0
 1195 0054 00000000 		.4byte	0
 1196              		.section	.debug_ranges,"",%progbits
 1197              	.Ldebug_ranges0:
 1198 0000 00000000 		.4byte	.LFB0
 1199 0004 1C000000 		.4byte	.LFE0
 1200 0008 00000000 		.4byte	.LFB1
 1201 000c 68000000 		.4byte	.LFE1
 1202 0010 00000000 		.4byte	.LFB2
 1203 0014 50000000 		.4byte	.LFE2
 1204 0018 00000000 		.4byte	.LFB4
 1205 001c 30000000 		.4byte	.LFE4
 1206 0020 00000000 		.4byte	.LFB5
 1207 0024 1C000000 		.4byte	.LFE5
 1208 0028 00000000 		.4byte	.LFB6
 1209 002c 34000000 		.4byte	.LFE6
 1210 0030 00000000 		.4byte	.LFB3
 1211 0034 30000000 		.4byte	.LFE3
 1212 0038 00000000 		.4byte	.LFB7
 1213 003c 30000000 		.4byte	.LFE7
 1214 0040 00000000 		.4byte	0
 1215 0044 00000000 		.4byte	0
 1216              		.section	.debug_line,"",%progbits
 1217              	.Ldebug_line0:
 1218 0000 6A010000 		.section	.debug_str,"MS",%progbits,1
 1218      02004C00 
 1218      00000201 
 1218      FB0E0D00 
 1218      01010101 
 1219              	.LASF15:
 1220 0000 72656731 		.ascii	"reg16\000"
 1220      3600
 1221              	.LASF16:
 1222 0006 72656733 		.ascii	"reg32\000"
 1222      3200
 1223              	.LASF23:
 1224 000c 43795379 		.ascii	"CySysPmSetWakeupPolarity\000"
 1224      73506D53 
 1224      65745761 
 1224      6B657570 
 1224      506F6C61 
 1225              	.LASF18:
 1226 0025 43795379 		.ascii	"CySysPmSleep\000"
 1226      73506D53 
 1226      6C656570 
 1226      00
 1227              	.LASF3:
 1228 0032 73686F72 		.ascii	"short unsigned int\000"
 1228      7420756E 
ARM GAS  C:\Users\VIDEOH~1\AppData\Local\Temp\ccTRYSHg.s 			page 31


 1228      7369676E 
 1228      65642069 
 1228      6E7400
 1229              	.LASF22:
 1230 0045 43795379 		.ascii	"CySysPmHibernate\000"
 1230      73506D48 
 1230      69626572 
 1230      6E617465 
 1230      00
 1231              	.LASF12:
 1232 0056 666C6F61 		.ascii	"float\000"
 1232      7400
 1233              	.LASF7:
 1234 005c 6C6F6E67 		.ascii	"long long unsigned int\000"
 1234      206C6F6E 
 1234      6720756E 
 1234      7369676E 
 1234      65642069 
 1235              	.LASF1:
 1236 0073 756E7369 		.ascii	"unsigned char\000"
 1236      676E6564 
 1236      20636861 
 1236      7200
 1237              	.LASF20:
 1238 0081 696E7465 		.ascii	"interruptState\000"
 1238      72727570 
 1238      74537461 
 1238      746500
 1239              	.LASF5:
 1240 0090 6C6F6E67 		.ascii	"long unsigned int\000"
 1240      20756E73 
 1240      69676E65 
 1240      6420696E 
 1240      7400
 1241              	.LASF9:
 1242 00a2 75696E74 		.ascii	"uint8\000"
 1242      3800
 1243              	.LASF26:
 1244 00a8 43795379 		.ascii	"CySysPmStop\000"
 1244      73506D53 
 1244      746F7000 
 1245              	.LASF13:
 1246 00b4 646F7562 		.ascii	"double\000"
 1246      6C6500
 1247              	.LASF27:
 1248 00bb 43795379 		.ascii	"CySysPmUnfreezeIo\000"
 1248      73506D55 
 1248      6E667265 
 1248      657A6549 
 1248      6F00
 1249              	.LASF10:
 1250 00cd 75696E74 		.ascii	"uint16\000"
 1250      313600
 1251              	.LASF11:
 1252 00d4 75696E74 		.ascii	"uint32\000"
 1252      333200
 1253              	.LASF28:
ARM GAS  C:\Users\VIDEOH~1\AppData\Local\Temp\ccTRYSHg.s 			page 32


 1254 00db 4379456E 		.ascii	"CyEnterCriticalSection\000"
 1254      74657243 
 1254      72697469 
 1254      63616C53 
 1254      65637469 
 1255              	.LASF8:
 1256 00f2 756E7369 		.ascii	"unsigned int\000"
 1256      676E6564 
 1256      20696E74 
 1256      00
 1257              	.LASF29:
 1258 00ff 43794578 		.ascii	"CyExitCriticalSection\000"
 1258      69744372 
 1258      69746963 
 1258      616C5365 
 1258      6374696F 
 1259              	.LASF30:
 1260 0115 43795379 		.ascii	"CySysClkWriteSysclkDiv\000"
 1260      73436C6B 
 1260      57726974 
 1260      65537973 
 1260      636C6B44 
 1261              	.LASF24:
 1262 012c 72656173 		.ascii	"reason\000"
 1262      6F6E00
 1263              	.LASF34:
 1264 0133 706F6C61 		.ascii	"polarity\000"
 1264      72697479 
 1264      00
 1265              	.LASF35:
 1266 013c 43795379 		.ascii	"CySysPmGetResetReason\000"
 1266      73506D47 
 1266      65745265 
 1266      73657452 
 1266      6561736F 
 1267              	.LASF31:
 1268 0152 474E5520 		.ascii	"GNU C99 5.4.1 20160609 (release) [ARM/embedded-5-br"
 1268      43393920 
 1268      352E342E 
 1268      31203230 
 1268      31363036 
 1269 0185 616E6368 		.ascii	"anch revision 237715] -mcpu=cortex-m0 -mthumb -g -O"
 1269      20726576 
 1269      6973696F 
 1269      6E203233 
 1269      37373135 
 1270 01b8 73202D73 		.ascii	"s -std=gnu99 -ffunction-sections -ffat-lto-objects\000"
 1270      74643D67 
 1270      6E753939 
 1270      202D6666 
 1270      756E6374 
 1271              	.LASF17:
 1272 01eb 73697A65 		.ascii	"sizetype\000"
 1272      74797065 
 1272      00
 1273              	.LASF6:
 1274 01f4 6C6F6E67 		.ascii	"long long int\000"
ARM GAS  C:\Users\VIDEOH~1\AppData\Local\Temp\ccTRYSHg.s 			page 33


 1274      206C6F6E 
 1274      6720696E 
 1274      7400
 1275              	.LASF14:
 1276 0202 63686172 		.ascii	"char\000"
 1276      00
 1277              	.LASF21:
 1278 0207 636C6B53 		.ascii	"clkSelectReg\000"
 1278      656C6563 
 1278      74526567 
 1278      00
 1279              	.LASF2:
 1280 0214 73686F72 		.ascii	"short int\000"
 1280      7420696E 
 1280      7400
 1281              	.LASF19:
 1282 021e 43795379 		.ascii	"CySysPmDeepSleep\000"
 1282      73506D44 
 1282      65657053 
 1282      6C656570 
 1282      00
 1283              	.LASF4:
 1284 022f 6C6F6E67 		.ascii	"long int\000"
 1284      20696E74 
 1284      00
 1285              	.LASF32:
 1286 0238 47656E65 		.ascii	"Generated_Source\\PSoC4\\cyPm.c\000"
 1286      72617465 
 1286      645F536F 
 1286      75726365 
 1286      5C50536F 
 1287              	.LASF33:
 1288 0256 443A5C31 		.ascii	"D:\\1_work\\my_project\\ReloadPro\\psoc42boot\\Boot"
 1288      5F776F72 
 1288      6B5C6D79 
 1288      5F70726F 
 1288      6A656374 
 1289 0284 6C6F6164 		.ascii	"loader.cydsn\000"
 1289      65722E63 
 1289      7964736E 
 1289      00
 1290              	.LASF0:
 1291 0291 7369676E 		.ascii	"signed char\000"
 1291      65642063 
 1291      68617200 
 1292              	.LASF25:
 1293 029d 43795379 		.ascii	"CySysPmFreezeIo\000"
 1293      73506D46 
 1293      7265657A 
 1293      65496F00 
 1294              		.ident	"GCC: (GNU Tools for ARM Embedded Processors) 5.4.1 20160609 (release) [ARM/embedded-5-bran
