ARM GAS  C:\Users\VIDEOH~1\AppData\Local\Temp\ccVvmYAD.s 			page 1


   1              		.syntax unified
   2              		.cpu cortex-m0
   3              		.fpu softvfp
   4              		.eabi_attribute 20, 1
   5              		.eabi_attribute 21, 1
   6              		.eabi_attribute 23, 3
   7              		.eabi_attribute 24, 1
   8              		.eabi_attribute 25, 1
   9              		.eabi_attribute 26, 1
  10              		.eabi_attribute 30, 4
  11              		.eabi_attribute 34, 0
  12              		.eabi_attribute 18, 4
  13              		.thumb
  14              		.syntax unified
  15              		.file	"main.c"
  16              		.text
  17              	.Ltext0:
  18              		.cfi_sections	.debug_frame
  19              		.section	.text.CyBtldrCommStart,"ax",%progbits
  20              		.align	1
  21              		.global	CyBtldrCommStart
  22              		.code	16
  23              		.thumb_func
  24              		.type	CyBtldrCommStart, %function
  25              	CyBtldrCommStart:
  26              	.LFB32:
  27              		.file 1 "main.c"
   1:main.c        **** #include <project.h>
   2:main.c        **** 
   3:main.c        **** void CyBtldrCommStart(void) {
  28              		.loc 1 3 0
  29              		.cfi_startproc
  30              		@ args = 0, pretend = 0, frame = 0
  31              		@ frame_needed = 0, uses_anonymous_args = 0
  32 0000 10B5     		push	{r4, lr}
  33              		.cfi_def_cfa_offset 8
  34              		.cfi_offset 4, -8
  35              		.cfi_offset 14, -4
   4:main.c        **** 	UART_Start();
  36              		.loc 1 4 0
  37 0002 FFF7FEFF 		bl	UART_Start
  38              	.LVL0:
   5:main.c        **** }
  39              		.loc 1 5 0
  40              		@ sp needed
  41 0006 10BD     		pop	{r4, pc}
  42              		.cfi_endproc
  43              	.LFE32:
  44              		.size	CyBtldrCommStart, .-CyBtldrCommStart
  45              		.section	.text.CyBtldrCommStop,"ax",%progbits
  46              		.align	1
  47              		.global	CyBtldrCommStop
  48              		.code	16
  49              		.thumb_func
  50              		.type	CyBtldrCommStop, %function
  51              	CyBtldrCommStop:
  52              	.LFB33:
ARM GAS  C:\Users\VIDEOH~1\AppData\Local\Temp\ccVvmYAD.s 			page 2


   6:main.c        **** 
   7:main.c        **** void CyBtldrCommStop (void) {
  53              		.loc 1 7 0
  54              		.cfi_startproc
  55              		@ args = 0, pretend = 0, frame = 0
  56              		@ frame_needed = 0, uses_anonymous_args = 0
  57 0000 10B5     		push	{r4, lr}
  58              		.cfi_def_cfa_offset 8
  59              		.cfi_offset 4, -8
  60              		.cfi_offset 14, -4
   8:main.c        **** 	UART_Stop();
  61              		.loc 1 8 0
  62 0002 FFF7FEFF 		bl	UART_Stop
  63              	.LVL1:
   9:main.c        **** }
  64              		.loc 1 9 0
  65              		@ sp needed
  66 0006 10BD     		pop	{r4, pc}
  67              		.cfi_endproc
  68              	.LFE33:
  69              		.size	CyBtldrCommStop, .-CyBtldrCommStop
  70              		.section	.text.CyBtldrCommReset,"ax",%progbits
  71              		.align	1
  72              		.global	CyBtldrCommReset
  73              		.code	16
  74              		.thumb_func
  75              		.type	CyBtldrCommReset, %function
  76              	CyBtldrCommReset:
  77              	.LFB34:
  10:main.c        **** 
  11:main.c        **** void CyBtldrCommReset(void) {
  78              		.loc 1 11 0
  79              		.cfi_startproc
  80              		@ args = 0, pretend = 0, frame = 0
  81              		@ frame_needed = 0, uses_anonymous_args = 0
  82 0000 10B5     		push	{r4, lr}
  83              		.cfi_def_cfa_offset 8
  84              		.cfi_offset 4, -8
  85              		.cfi_offset 14, -4
  12:main.c        **** 	UART_SpiUartClearRxBuffer();
  86              		.loc 1 12 0
  87 0002 FFF7FEFF 		bl	UART_SpiUartClearRxBuffer
  88              	.LVL2:
  13:main.c        **** 	UART_SpiUartClearTxBuffer();
  14:main.c        **** }
  89              		.loc 1 14 0
  90              		@ sp needed
  13:main.c        **** 	UART_SpiUartClearTxBuffer();
  91              		.loc 1 13 0
  92 0006 FFF7FEFF 		bl	UART_SpiUartClearTxBuffer
  93              	.LVL3:
  94              		.loc 1 14 0
  95 000a 10BD     		pop	{r4, pc}
  96              		.cfi_endproc
  97              	.LFE34:
  98              		.size	CyBtldrCommReset, .-CyBtldrCommReset
  99              		.section	.text.CyBtldrCommWrite,"ax",%progbits
ARM GAS  C:\Users\VIDEOH~1\AppData\Local\Temp\ccVvmYAD.s 			page 3


 100              		.align	1
 101              		.global	CyBtldrCommWrite
 102              		.code	16
 103              		.thumb_func
 104              		.type	CyBtldrCommWrite, %function
 105              	CyBtldrCommWrite:
 106              	.LFB35:
  15:main.c        **** 
  16:main.c        **** cystatus CyBtldrCommWrite(uint8* buffer, uint16 size, uint16* count, uint8 timeOut) {
 107              		.loc 1 16 0
 108              		.cfi_startproc
 109              		@ args = 0, pretend = 0, frame = 0
 110              		@ frame_needed = 0, uses_anonymous_args = 0
 111              	.LVL4:
 112 0000 70B5     		push	{r4, r5, r6, lr}
 113              		.cfi_def_cfa_offset 16
 114              		.cfi_offset 4, -16
 115              		.cfi_offset 5, -12
 116              		.cfi_offset 6, -8
 117              		.cfi_offset 14, -4
  17:main.c        **** 	for(*count = 0; *count < size; (*count)++) {
 118              		.loc 1 17 0
 119 0002 0023     		movs	r3, #0
 120              	.LVL5:
  16:main.c        **** 	for(*count = 0; *count < size; (*count)++) {
 121              		.loc 1 16 0
 122 0004 0600     		movs	r6, r0
 123 0006 0D00     		movs	r5, r1
 124 0008 1400     		movs	r4, r2
 125              	.LVL6:
 126              	.L7:
 127              		.loc 1 17 0 discriminator 3
 128 000a 2380     		strh	r3, [r4]
 129 000c 2388     		ldrh	r3, [r4]
 130 000e AB42     		cmp	r3, r5
 131 0010 05D2     		bcs	.L9
  18:main.c        **** 		UART_UartPutChar(buffer[*count]);
 132              		.loc 1 18 0 discriminator 3
 133 0012 F05C     		ldrb	r0, [r6, r3]
 134 0014 FFF7FEFF 		bl	UART_SpiUartWriteTxData
 135              	.LVL7:
  17:main.c        **** 	for(*count = 0; *count < size; (*count)++) {
 136              		.loc 1 17 0 discriminator 3
 137 0018 2388     		ldrh	r3, [r4]
 138 001a 0133     		adds	r3, r3, #1
 139 001c F5E7     		b	.L7
 140              	.L9:
  19:main.c        **** 	}
  20:main.c        **** 	
  21:main.c        **** 	return CYRET_SUCCESS;
  22:main.c        **** }
 141              		.loc 1 22 0
 142 001e 0020     		movs	r0, #0
 143              		@ sp needed
 144              	.LVL8:
 145              	.LVL9:
 146 0020 70BD     		pop	{r4, r5, r6, pc}
ARM GAS  C:\Users\VIDEOH~1\AppData\Local\Temp\ccVvmYAD.s 			page 4


 147              		.cfi_endproc
 148              	.LFE35:
 149              		.size	CyBtldrCommWrite, .-CyBtldrCommWrite
 150              		.section	.text.CyBtldrCommRead,"ax",%progbits
 151              		.align	1
 152              		.global	CyBtldrCommRead
 153              		.code	16
 154              		.thumb_func
 155              		.type	CyBtldrCommRead, %function
 156              	CyBtldrCommRead:
 157              	.LFB36:
  23:main.c        **** 
  24:main.c        **** cystatus CyBtldrCommRead (uint8* buffer, uint16 size, uint16* count, uint8 timeOut) {
 158              		.loc 1 24 0
 159              		.cfi_startproc
 160              		@ args = 0, pretend = 0, frame = 8
 161              		@ frame_needed = 0, uses_anonymous_args = 0
 162              	.LVL10:
 163 0000 F7B5     		push	{r0, r1, r2, r4, r5, r6, r7, lr}
 164              		.cfi_def_cfa_offset 32
 165              		.cfi_offset 0, -32
 166              		.cfi_offset 1, -28
 167              		.cfi_offset 2, -24
 168              		.cfi_offset 4, -20
 169              		.cfi_offset 5, -16
 170              		.cfi_offset 6, -12
 171              		.cfi_offset 7, -8
 172              		.cfi_offset 14, -4
  25:main.c        **** 	int timeoutUs = timeOut * 10000;
 173              		.loc 1 25 0
 174 0002 114C     		ldr	r4, .L18
  24:main.c        **** 	int timeoutUs = timeOut * 10000;
 175              		.loc 1 24 0
 176 0004 0700     		movs	r7, r0
 177              		.loc 1 25 0
 178 0006 5C43     		muls	r4, r3
 179              	.LVL11:
  26:main.c        **** 	cystatus status = CYRET_TIMEOUT;
  27:main.c        **** 	
  28:main.c        **** 	*count = 0;
 180              		.loc 1 28 0
 181 0008 0023     		movs	r3, #0
 182              	.LVL12:
  24:main.c        **** 	int timeoutUs = timeOut * 10000;
 183              		.loc 1 24 0
 184 000a 1500     		movs	r5, r2
  26:main.c        **** 	cystatus status = CYRET_TIMEOUT;
 185              		.loc 1 26 0
 186 000c 1026     		movs	r6, #16
  24:main.c        **** 	int timeoutUs = timeOut * 10000;
 187              		.loc 1 24 0
 188 000e 0191     		str	r1, [sp, #4]
 189              		.loc 1 28 0
 190 0010 1380     		strh	r3, [r2]
 191              	.LVL13:
 192              	.L11:
  29:main.c        **** 	while(*count < size && timeoutUs >= 0) {
ARM GAS  C:\Users\VIDEOH~1\AppData\Local\Temp\ccVvmYAD.s 			page 5


 193              		.loc 1 29 0
 194 0012 2B88     		ldrh	r3, [r5]
 195 0014 019A     		ldr	r2, [sp, #4]
 196 0016 9342     		cmp	r3, r2
 197 0018 14D2     		bcs	.L17
 198              		.loc 1 29 0 is_stmt 0 discriminator 1
 199 001a 002C     		cmp	r4, #0
 200 001c 12DB     		blt	.L17
  30:main.c        **** 		if(UART_SpiUartGetRxBufferSize() > 0) {
 201              		.loc 1 30 0 is_stmt 1
 202 001e FFF7FEFF 		bl	UART_SpiUartGetRxBufferSize
 203              	.LVL14:
 204 0022 0028     		cmp	r0, #0
 205 0024 09D0     		beq	.L12
  31:main.c        **** 			buffer[(*count)++] = UART_UartGetByte();
 206              		.loc 1 31 0
 207 0026 2B88     		ldrh	r3, [r5]
  32:main.c        **** 			// Switch to byte-to-byte timeout and mark as success
  33:main.c        **** 			timeoutUs = 10000; //10mS
  34:main.c        **** 			status = CYRET_SUCCESS;
 208              		.loc 1 34 0
 209 0028 0026     		movs	r6, #0
 210              	.LVL15:
  31:main.c        **** 			buffer[(*count)++] = UART_UartGetByte();
 211              		.loc 1 31 0
 212 002a 5A1C     		adds	r2, r3, #1
 213 002c 2A80     		strh	r2, [r5]
 214 002e FC18     		adds	r4, r7, r3
 215              	.LVL16:
 216 0030 FFF7FEFF 		bl	UART_UartGetByte
 217              	.LVL17:
 218 0034 2070     		strb	r0, [r4]
 219              	.LVL18:
  33:main.c        **** 			status = CYRET_SUCCESS;
 220              		.loc 1 33 0
 221 0036 044C     		ldr	r4, .L18
 222 0038 EBE7     		b	.L11
 223              	.LVL19:
 224              	.L12:
  35:main.c        **** 		} else {
  36:main.c        **** 			CyDelayUs(10);
 225              		.loc 1 36 0
 226 003a 0A20     		movs	r0, #10
 227 003c FFF7FEFF 		bl	CyDelayUs
 228              	.LVL20:
  37:main.c        **** 			timeoutUs -= 10;
 229              		.loc 1 37 0
 230 0040 0A3C     		subs	r4, r4, #10
 231              	.LVL21:
 232 0042 E6E7     		b	.L11
 233              	.L17:
  38:main.c        **** 		}
  39:main.c        **** 	}
  40:main.c        **** 	
  41:main.c        **** 	return status;
  42:main.c        **** }
 234              		.loc 1 42 0
ARM GAS  C:\Users\VIDEOH~1\AppData\Local\Temp\ccVvmYAD.s 			page 6


 235 0044 3000     		movs	r0, r6
 236              		@ sp needed
 237              	.LVL22:
 238              	.LVL23:
 239              	.LVL24:
 240              	.LVL25:
 241 0046 FEBD     		pop	{r1, r2, r3, r4, r5, r6, r7, pc}
 242              	.L19:
 243              		.align	2
 244              	.L18:
 245 0048 10270000 		.word	10000
 246              		.cfi_endproc
 247              	.LFE36:
 248              		.size	CyBtldrCommRead, .-CyBtldrCommRead
 249              		.section	.text.startup.main,"ax",%progbits
 250              		.align	1
 251              		.global	main
 252              		.code	16
 253              		.thumb_func
 254              		.type	main, %function
 255              	main:
 256              	.LFB37:
  43:main.c        **** 
  44:main.c        **** int main()
  45:main.c        **** {
 257              		.loc 1 45 0
 258              		.cfi_startproc
 259              		@ args = 0, pretend = 0, frame = 0
 260              		@ frame_needed = 0, uses_anonymous_args = 0
 261 0000 10B5     		push	{r4, lr}
 262              		.cfi_def_cfa_offset 8
 263              		.cfi_offset 4, -8
 264              		.cfi_offset 14, -4
  46:main.c        ****     if(Bootloader_GET_RUN_TYPE == Bootloader_START_BTLDR)
 265              		.loc 1 46 0
 266 0002 0A4C     		ldr	r4, .L25
 267 0004 2368     		ldr	r3, [r4]
 268 0006 402B     		cmp	r3, #64
 269 0008 01D1     		bne	.L21
  47:main.c        **** 		Bootloader_Start();
 270              		.loc 1 47 0
 271 000a FFF7FEFF 		bl	Bootloader_Start
 272              	.LVL26:
 273              	.L21:
  48:main.c        **** 	
  49:main.c        **** 	CyDelay(1);
 274              		.loc 1 49 0
 275 000e 0120     		movs	r0, #1
 276 0010 FFF7FEFF 		bl	CyDelay
 277              	.LVL27:
  50:main.c        ****     if(Button_Read()) {
 278              		.loc 1 50 0
 279 0014 FFF7FEFF 		bl	Button_Read
 280              	.LVL28:
  51:main.c        ****         // No button press, run app
  52:main.c        **** 		Bootloader_SET_RUN_TYPE(Bootloader_START_APP);
 281              		.loc 1 52 0
ARM GAS  C:\Users\VIDEOH~1\AppData\Local\Temp\ccVvmYAD.s 			page 7


 282 0018 8023     		movs	r3, #128
  50:main.c        ****     if(Button_Read()) {
 283              		.loc 1 50 0
 284 001a 0028     		cmp	r0, #0
 285 001c 00D1     		bne	.L24
  53:main.c        ****     } else {
  54:main.c        ****         // Button is being pressed; start bootloader
  55:main.c        **** 		Bootloader_SET_RUN_TYPE(Bootloader_START_BTLDR);
 286              		.loc 1 55 0
 287 001e 4023     		movs	r3, #64
 288              	.L24:
 289 0020 2360     		str	r3, [r4]
  56:main.c        ****     }
  57:main.c        ****     Bootloader_Start();
  58:main.c        **** }
 290              		.loc 1 58 0
 291              		@ sp needed
  57:main.c        **** }
 292              		.loc 1 57 0
 293 0022 FFF7FEFF 		bl	Bootloader_Start
 294              	.LVL29:
 295              		.loc 1 58 0
 296 0026 0020     		movs	r0, #0
 297 0028 10BD     		pop	{r4, pc}
 298              	.L26:
 299 002a C046     		.align	2
 300              	.L25:
 301 002c 00000000 		.word	cyBtldrRunType
 302              		.cfi_endproc
 303              	.LFE37:
 304              		.size	main, .-main
 305              		.text
 306              	.Letext0:
 307              		.file 2 "Generated_Source\\PSoC4/cytypes.h"
 308              		.file 3 "Generated_Source\\PSoC4/UART.h"
 309              		.file 4 "Generated_Source\\PSoC4/UART_SPI_UART.h"
 310              		.file 5 "Generated_Source\\PSoC4/CyLib.h"
 311              		.file 6 "Generated_Source\\PSoC4/Bootloader.h"
 312              		.file 7 "Generated_Source\\PSoC4/Button.h"
 313              		.section	.debug_info,"",%progbits
 314              	.Ldebug_info0:
 315 0000 F0020000 		.4byte	0x2f0
 316 0004 0400     		.2byte	0x4
 317 0006 00000000 		.4byte	.Ldebug_abbrev0
 318 000a 04       		.byte	0x4
 319 000b 01       		.uleb128 0x1
 320 000c 64010000 		.4byte	.LASF40
 321 0010 0C       		.byte	0xc
 322 0011 31020000 		.4byte	.LASF41
 323 0015 7B020000 		.4byte	.LASF42
 324 0019 00000000 		.4byte	.Ldebug_ranges0+0
 325 001d 00000000 		.4byte	0
 326 0021 00000000 		.4byte	.Ldebug_line0
 327 0025 02       		.uleb128 0x2
 328 0026 01       		.byte	0x1
 329 0027 06       		.byte	0x6
 330 0028 B6020000 		.4byte	.LASF0
ARM GAS  C:\Users\VIDEOH~1\AppData\Local\Temp\ccVvmYAD.s 			page 8


 331 002c 02       		.uleb128 0x2
 332 002d 01       		.byte	0x1
 333 002e 08       		.byte	0x8
 334 002f DD000000 		.4byte	.LASF1
 335 0033 02       		.uleb128 0x2
 336 0034 02       		.byte	0x2
 337 0035 05       		.byte	0x5
 338 0036 3D020000 		.4byte	.LASF2
 339 003a 02       		.uleb128 0x2
 340 003b 02       		.byte	0x2
 341 003c 07       		.byte	0x7
 342 003d 9D000000 		.4byte	.LASF3
 343 0041 02       		.uleb128 0x2
 344 0042 04       		.byte	0x4
 345 0043 05       		.byte	0x5
 346 0044 58020000 		.4byte	.LASF4
 347 0048 02       		.uleb128 0x2
 348 0049 04       		.byte	0x4
 349 004a 07       		.byte	0x7
 350 004b 8B000000 		.4byte	.LASF5
 351 004f 02       		.uleb128 0x2
 352 0050 08       		.byte	0x8
 353 0051 05       		.byte	0x5
 354 0052 23020000 		.4byte	.LASF6
 355 0056 02       		.uleb128 0x2
 356 0057 08       		.byte	0x8
 357 0058 07       		.byte	0x7
 358 0059 45010000 		.4byte	.LASF7
 359 005d 03       		.uleb128 0x3
 360 005e 04       		.byte	0x4
 361 005f 05       		.byte	0x5
 362 0060 696E7400 		.ascii	"int\000"
 363 0064 02       		.uleb128 0x2
 364 0065 04       		.byte	0x4
 365 0066 07       		.byte	0x7
 366 0067 38010000 		.4byte	.LASF8
 367 006b 04       		.uleb128 0x4
 368 006c 70000000 		.4byte	.LASF9
 369 0070 02       		.byte	0x2
 370 0071 E401     		.2byte	0x1e4
 371 0073 2C000000 		.4byte	0x2c
 372 0077 04       		.uleb128 0x4
 373 0078 F2000000 		.4byte	.LASF10
 374 007c 02       		.byte	0x2
 375 007d E501     		.2byte	0x1e5
 376 007f 3A000000 		.4byte	0x3a
 377 0083 04       		.uleb128 0x4
 378 0084 17010000 		.4byte	.LASF11
 379 0088 02       		.byte	0x2
 380 0089 E601     		.2byte	0x1e6
 381 008b 48000000 		.4byte	0x48
 382 008f 02       		.uleb128 0x2
 383 0090 04       		.byte	0x4
 384 0091 04       		.byte	0x4
 385 0092 6A000000 		.4byte	.LASF12
 386 0096 02       		.uleb128 0x2
 387 0097 08       		.byte	0x8
ARM GAS  C:\Users\VIDEOH~1\AppData\Local\Temp\ccVvmYAD.s 			page 9


 388 0098 04       		.byte	0x4
 389 0099 EB000000 		.4byte	.LASF13
 390 009d 02       		.uleb128 0x2
 391 009e 01       		.byte	0x1
 392 009f 08       		.byte	0x8
 393 00a0 38020000 		.4byte	.LASF14
 394 00a4 04       		.uleb128 0x4
 395 00a5 11000000 		.4byte	.LASF15
 396 00a9 02       		.byte	0x2
 397 00aa 8602     		.2byte	0x286
 398 00ac 48000000 		.4byte	0x48
 399 00b0 05       		.uleb128 0x5
 400 00b1 83000000 		.4byte	0x83
 401 00b5 02       		.uleb128 0x2
 402 00b6 04       		.byte	0x4
 403 00b7 07       		.byte	0x7
 404 00b8 1A020000 		.4byte	.LASF16
 405 00bc 06       		.uleb128 0x6
 406 00bd 04       		.byte	0x4
 407 00be 6B000000 		.4byte	0x6b
 408 00c2 07       		.uleb128 0x7
 409 00c3 38000000 		.4byte	.LASF17
 410 00c7 01       		.byte	0x1
 411 00c8 03       		.byte	0x3
 412 00c9 00000000 		.4byte	.LFB32
 413 00cd 08000000 		.4byte	.LFE32-.LFB32
 414 00d1 01       		.uleb128 0x1
 415 00d2 9C       		.byte	0x9c
 416 00d3 E1000000 		.4byte	0xe1
 417 00d7 08       		.uleb128 0x8
 418 00d8 06000000 		.4byte	.LVL0
 419 00dc 75020000 		.4byte	0x275
 420 00e0 00       		.byte	0
 421 00e1 07       		.uleb128 0x7
 422 00e2 5A000000 		.4byte	.LASF18
 423 00e6 01       		.byte	0x1
 424 00e7 07       		.byte	0x7
 425 00e8 00000000 		.4byte	.LFB33
 426 00ec 08000000 		.4byte	.LFE33-.LFB33
 427 00f0 01       		.uleb128 0x1
 428 00f1 9C       		.byte	0x9c
 429 00f2 00010000 		.4byte	0x100
 430 00f6 08       		.uleb128 0x8
 431 00f7 06000000 		.4byte	.LVL1
 432 00fb 80020000 		.4byte	0x280
 433 00ff 00       		.byte	0
 434 0100 07       		.uleb128 0x7
 435 0101 00000000 		.4byte	.LASF19
 436 0105 01       		.byte	0x1
 437 0106 0B       		.byte	0xb
 438 0107 00000000 		.4byte	.LFB34
 439 010b 0C000000 		.4byte	.LFE34-.LFB34
 440 010f 01       		.uleb128 0x1
 441 0110 9C       		.byte	0x9c
 442 0111 28010000 		.4byte	0x128
 443 0115 08       		.uleb128 0x8
 444 0116 06000000 		.4byte	.LVL2
ARM GAS  C:\Users\VIDEOH~1\AppData\Local\Temp\ccVvmYAD.s 			page 10


 445 011a 8B020000 		.4byte	0x28b
 446 011e 08       		.uleb128 0x8
 447 011f 0A000000 		.4byte	.LVL3
 448 0123 97020000 		.4byte	0x297
 449 0127 00       		.byte	0
 450 0128 09       		.uleb128 0x9
 451 0129 CC000000 		.4byte	.LASF24
 452 012d 01       		.byte	0x1
 453 012e 10       		.byte	0x10
 454 012f A4000000 		.4byte	0xa4
 455 0133 00000000 		.4byte	.LFB35
 456 0137 22000000 		.4byte	.LFE35-.LFB35
 457 013b 01       		.uleb128 0x1
 458 013c 9C       		.byte	0x9c
 459 013d 87010000 		.4byte	0x187
 460 0141 0A       		.uleb128 0xa
 461 0142 47020000 		.4byte	.LASF20
 462 0146 01       		.byte	0x1
 463 0147 10       		.byte	0x10
 464 0148 BC000000 		.4byte	0xbc
 465 014c 00000000 		.4byte	.LLST0
 466 0150 0A       		.uleb128 0xa
 467 0151 76000000 		.4byte	.LASF21
 468 0155 01       		.byte	0x1
 469 0156 10       		.byte	0x10
 470 0157 77000000 		.4byte	0x77
 471 015b 2C000000 		.4byte	.LLST1
 472 015f 0A       		.uleb128 0xa
 473 0160 1A000000 		.4byte	.LASF22
 474 0164 01       		.byte	0x1
 475 0165 10       		.byte	0x10
 476 0166 87010000 		.4byte	0x187
 477 016a 4D000000 		.4byte	.LLST2
 478 016e 0A       		.uleb128 0xa
 479 016f 5C010000 		.4byte	.LASF23
 480 0173 01       		.byte	0x1
 481 0174 10       		.byte	0x10
 482 0175 6B000000 		.4byte	0x6b
 483 0179 79000000 		.4byte	.LLST3
 484 017d 08       		.uleb128 0x8
 485 017e 18000000 		.4byte	.LVL7
 486 0182 A3020000 		.4byte	0x2a3
 487 0186 00       		.byte	0
 488 0187 06       		.uleb128 0x6
 489 0188 04       		.byte	0x4
 490 0189 77000000 		.4byte	0x77
 491 018d 09       		.uleb128 0x9
 492 018e 7B000000 		.4byte	.LASF25
 493 0192 01       		.byte	0x1
 494 0193 18       		.byte	0x18
 495 0194 A4000000 		.4byte	0xa4
 496 0198 00000000 		.4byte	.LFB36
 497 019c 4C000000 		.4byte	.LFE36-.LFB36
 498 01a0 01       		.uleb128 0x1
 499 01a1 9C       		.byte	0x9c
 500 01a2 22020000 		.4byte	0x222
 501 01a6 0A       		.uleb128 0xa
ARM GAS  C:\Users\VIDEOH~1\AppData\Local\Temp\ccVvmYAD.s 			page 11


 502 01a7 47020000 		.4byte	.LASF20
 503 01ab 01       		.byte	0x1
 504 01ac 18       		.byte	0x18
 505 01ad BC000000 		.4byte	0xbc
 506 01b1 9A000000 		.4byte	.LLST4
 507 01b5 0A       		.uleb128 0xa
 508 01b6 76000000 		.4byte	.LASF21
 509 01ba 01       		.byte	0x1
 510 01bb 18       		.byte	0x18
 511 01bc 77000000 		.4byte	0x77
 512 01c0 C6000000 		.4byte	.LLST5
 513 01c4 0A       		.uleb128 0xa
 514 01c5 1A000000 		.4byte	.LASF22
 515 01c9 01       		.byte	0x1
 516 01ca 18       		.byte	0x18
 517 01cb 87010000 		.4byte	0x187
 518 01cf E7000000 		.4byte	.LLST6
 519 01d3 0A       		.uleb128 0xa
 520 01d4 5C010000 		.4byte	.LASF23
 521 01d8 01       		.byte	0x1
 522 01d9 18       		.byte	0x18
 523 01da 6B000000 		.4byte	0x6b
 524 01de 13010000 		.4byte	.LLST7
 525 01e2 0B       		.uleb128 0xb
 526 01e3 49000000 		.4byte	.LASF26
 527 01e7 01       		.byte	0x1
 528 01e8 19       		.byte	0x19
 529 01e9 5D000000 		.4byte	0x5d
 530 01ed 34010000 		.4byte	.LLST8
 531 01f1 0B       		.uleb128 0xb
 532 01f2 53000000 		.4byte	.LASF27
 533 01f6 01       		.byte	0x1
 534 01f7 1A       		.byte	0x1a
 535 01f8 A4000000 		.4byte	0xa4
 536 01fc 60010000 		.4byte	.LLST9
 537 0200 08       		.uleb128 0x8
 538 0201 22000000 		.4byte	.LVL14
 539 0205 AF020000 		.4byte	0x2af
 540 0209 08       		.uleb128 0x8
 541 020a 34000000 		.4byte	.LVL17
 542 020e BB020000 		.4byte	0x2bb
 543 0212 0C       		.uleb128 0xc
 544 0213 40000000 		.4byte	.LVL20
 545 0217 C7020000 		.4byte	0x2c7
 546 021b 0D       		.uleb128 0xd
 547 021c 01       		.uleb128 0x1
 548 021d 50       		.byte	0x50
 549 021e 01       		.uleb128 0x1
 550 021f 3A       		.byte	0x3a
 551 0220 00       		.byte	0
 552 0221 00       		.byte	0
 553 0222 0E       		.uleb128 0xe
 554 0223 F9000000 		.4byte	.LASF28
 555 0227 01       		.byte	0x1
 556 0228 2C       		.byte	0x2c
 557 0229 5D000000 		.4byte	0x5d
 558 022d 00000000 		.4byte	.LFB37
ARM GAS  C:\Users\VIDEOH~1\AppData\Local\Temp\ccVvmYAD.s 			page 12


 559 0231 30000000 		.4byte	.LFE37-.LFB37
 560 0235 01       		.uleb128 0x1
 561 0236 9C       		.byte	0x9c
 562 0237 6A020000 		.4byte	0x26a
 563 023b 08       		.uleb128 0x8
 564 023c 0E000000 		.4byte	.LVL26
 565 0240 D2020000 		.4byte	0x2d2
 566 0244 0F       		.uleb128 0xf
 567 0245 14000000 		.4byte	.LVL27
 568 0249 DD020000 		.4byte	0x2dd
 569 024d 57020000 		.4byte	0x257
 570 0251 0D       		.uleb128 0xd
 571 0252 01       		.uleb128 0x1
 572 0253 50       		.byte	0x50
 573 0254 01       		.uleb128 0x1
 574 0255 31       		.byte	0x31
 575 0256 00       		.byte	0
 576 0257 08       		.uleb128 0x8
 577 0258 18000000 		.4byte	.LVL28
 578 025c E8020000 		.4byte	0x2e8
 579 0260 08       		.uleb128 0x8
 580 0261 26000000 		.4byte	.LVL29
 581 0265 D2020000 		.4byte	0x2d2
 582 0269 00       		.byte	0
 583 026a 10       		.uleb128 0x10
 584 026b FE000000 		.4byte	.LASF43
 585 026f 06       		.byte	0x6
 586 0270 A8       		.byte	0xa8
 587 0271 B0000000 		.4byte	0xb0
 588 0275 11       		.uleb128 0x11
 589 0276 B0000000 		.4byte	.LASF29
 590 027a B0000000 		.4byte	.LASF29
 591 027e 03       		.byte	0x3
 592 027f 72       		.byte	0x72
 593 0280 11       		.uleb128 0x11
 594 0281 4E020000 		.4byte	.LASF30
 595 0285 4E020000 		.4byte	.LASF30
 596 0289 03       		.byte	0x3
 597 028a 73       		.byte	0x73
 598 028b 12       		.uleb128 0x12
 599 028c 61020000 		.4byte	.LASF31
 600 0290 61020000 		.4byte	.LASF31
 601 0294 04       		.byte	0x4
 602 0295 3F03     		.2byte	0x33f
 603 0297 12       		.uleb128 0x12
 604 0298 1E010000 		.4byte	.LASF32
 605 029c 1E010000 		.4byte	.LASF32
 606 02a0 04       		.byte	0x4
 607 02a1 4703     		.2byte	0x347
 608 02a3 12       		.uleb128 0x12
 609 02a4 20000000 		.4byte	.LASF33
 610 02a8 20000000 		.4byte	.LASF33
 611 02ac 04       		.byte	0x4
 612 02ad 4403     		.2byte	0x344
 613 02af 12       		.uleb128 0x12
 614 02b0 C2020000 		.4byte	.LASF34
 615 02b4 C2020000 		.4byte	.LASF34
ARM GAS  C:\Users\VIDEOH~1\AppData\Local\Temp\ccVvmYAD.s 			page 13


 616 02b8 04       		.byte	0x4
 617 02b9 3E03     		.2byte	0x33e
 618 02bb 12       		.uleb128 0x12
 619 02bc BB000000 		.4byte	.LASF35
 620 02c0 BB000000 		.4byte	.LASF35
 621 02c4 04       		.byte	0x4
 622 02c5 1003     		.2byte	0x310
 623 02c7 11       		.uleb128 0x11
 624 02c8 0D010000 		.4byte	.LASF36
 625 02cc 0D010000 		.4byte	.LASF36
 626 02d0 05       		.byte	0x5
 627 02d1 DA       		.byte	0xda
 628 02d2 11       		.uleb128 0x11
 629 02d3 FD010000 		.4byte	.LASF37
 630 02d7 FD010000 		.4byte	.LASF37
 631 02db 06       		.byte	0x6
 632 02dc E6       		.byte	0xe6
 633 02dd 11       		.uleb128 0x11
 634 02de DE020000 		.4byte	.LASF38
 635 02e2 DE020000 		.4byte	.LASF38
 636 02e6 05       		.byte	0x5
 637 02e7 D9       		.byte	0xd9
 638 02e8 11       		.uleb128 0x11
 639 02e9 0E020000 		.4byte	.LASF39
 640 02ed 0E020000 		.4byte	.LASF39
 641 02f1 07       		.byte	0x7
 642 02f2 32       		.byte	0x32
 643 02f3 00       		.byte	0
 644              		.section	.debug_abbrev,"",%progbits
 645              	.Ldebug_abbrev0:
 646 0000 01       		.uleb128 0x1
 647 0001 11       		.uleb128 0x11
 648 0002 01       		.byte	0x1
 649 0003 25       		.uleb128 0x25
 650 0004 0E       		.uleb128 0xe
 651 0005 13       		.uleb128 0x13
 652 0006 0B       		.uleb128 0xb
 653 0007 03       		.uleb128 0x3
 654 0008 0E       		.uleb128 0xe
 655 0009 1B       		.uleb128 0x1b
 656 000a 0E       		.uleb128 0xe
 657 000b 55       		.uleb128 0x55
 658 000c 17       		.uleb128 0x17
 659 000d 11       		.uleb128 0x11
 660 000e 01       		.uleb128 0x1
 661 000f 10       		.uleb128 0x10
 662 0010 17       		.uleb128 0x17
 663 0011 00       		.byte	0
 664 0012 00       		.byte	0
 665 0013 02       		.uleb128 0x2
 666 0014 24       		.uleb128 0x24
 667 0015 00       		.byte	0
 668 0016 0B       		.uleb128 0xb
 669 0017 0B       		.uleb128 0xb
 670 0018 3E       		.uleb128 0x3e
 671 0019 0B       		.uleb128 0xb
 672 001a 03       		.uleb128 0x3
ARM GAS  C:\Users\VIDEOH~1\AppData\Local\Temp\ccVvmYAD.s 			page 14


 673 001b 0E       		.uleb128 0xe
 674 001c 00       		.byte	0
 675 001d 00       		.byte	0
 676 001e 03       		.uleb128 0x3
 677 001f 24       		.uleb128 0x24
 678 0020 00       		.byte	0
 679 0021 0B       		.uleb128 0xb
 680 0022 0B       		.uleb128 0xb
 681 0023 3E       		.uleb128 0x3e
 682 0024 0B       		.uleb128 0xb
 683 0025 03       		.uleb128 0x3
 684 0026 08       		.uleb128 0x8
 685 0027 00       		.byte	0
 686 0028 00       		.byte	0
 687 0029 04       		.uleb128 0x4
 688 002a 16       		.uleb128 0x16
 689 002b 00       		.byte	0
 690 002c 03       		.uleb128 0x3
 691 002d 0E       		.uleb128 0xe
 692 002e 3A       		.uleb128 0x3a
 693 002f 0B       		.uleb128 0xb
 694 0030 3B       		.uleb128 0x3b
 695 0031 05       		.uleb128 0x5
 696 0032 49       		.uleb128 0x49
 697 0033 13       		.uleb128 0x13
 698 0034 00       		.byte	0
 699 0035 00       		.byte	0
 700 0036 05       		.uleb128 0x5
 701 0037 35       		.uleb128 0x35
 702 0038 00       		.byte	0
 703 0039 49       		.uleb128 0x49
 704 003a 13       		.uleb128 0x13
 705 003b 00       		.byte	0
 706 003c 00       		.byte	0
 707 003d 06       		.uleb128 0x6
 708 003e 0F       		.uleb128 0xf
 709 003f 00       		.byte	0
 710 0040 0B       		.uleb128 0xb
 711 0041 0B       		.uleb128 0xb
 712 0042 49       		.uleb128 0x49
 713 0043 13       		.uleb128 0x13
 714 0044 00       		.byte	0
 715 0045 00       		.byte	0
 716 0046 07       		.uleb128 0x7
 717 0047 2E       		.uleb128 0x2e
 718 0048 01       		.byte	0x1
 719 0049 3F       		.uleb128 0x3f
 720 004a 19       		.uleb128 0x19
 721 004b 03       		.uleb128 0x3
 722 004c 0E       		.uleb128 0xe
 723 004d 3A       		.uleb128 0x3a
 724 004e 0B       		.uleb128 0xb
 725 004f 3B       		.uleb128 0x3b
 726 0050 0B       		.uleb128 0xb
 727 0051 27       		.uleb128 0x27
 728 0052 19       		.uleb128 0x19
 729 0053 11       		.uleb128 0x11
ARM GAS  C:\Users\VIDEOH~1\AppData\Local\Temp\ccVvmYAD.s 			page 15


 730 0054 01       		.uleb128 0x1
 731 0055 12       		.uleb128 0x12
 732 0056 06       		.uleb128 0x6
 733 0057 40       		.uleb128 0x40
 734 0058 18       		.uleb128 0x18
 735 0059 9742     		.uleb128 0x2117
 736 005b 19       		.uleb128 0x19
 737 005c 01       		.uleb128 0x1
 738 005d 13       		.uleb128 0x13
 739 005e 00       		.byte	0
 740 005f 00       		.byte	0
 741 0060 08       		.uleb128 0x8
 742 0061 898201   		.uleb128 0x4109
 743 0064 00       		.byte	0
 744 0065 11       		.uleb128 0x11
 745 0066 01       		.uleb128 0x1
 746 0067 31       		.uleb128 0x31
 747 0068 13       		.uleb128 0x13
 748 0069 00       		.byte	0
 749 006a 00       		.byte	0
 750 006b 09       		.uleb128 0x9
 751 006c 2E       		.uleb128 0x2e
 752 006d 01       		.byte	0x1
 753 006e 3F       		.uleb128 0x3f
 754 006f 19       		.uleb128 0x19
 755 0070 03       		.uleb128 0x3
 756 0071 0E       		.uleb128 0xe
 757 0072 3A       		.uleb128 0x3a
 758 0073 0B       		.uleb128 0xb
 759 0074 3B       		.uleb128 0x3b
 760 0075 0B       		.uleb128 0xb
 761 0076 27       		.uleb128 0x27
 762 0077 19       		.uleb128 0x19
 763 0078 49       		.uleb128 0x49
 764 0079 13       		.uleb128 0x13
 765 007a 11       		.uleb128 0x11
 766 007b 01       		.uleb128 0x1
 767 007c 12       		.uleb128 0x12
 768 007d 06       		.uleb128 0x6
 769 007e 40       		.uleb128 0x40
 770 007f 18       		.uleb128 0x18
 771 0080 9742     		.uleb128 0x2117
 772 0082 19       		.uleb128 0x19
 773 0083 01       		.uleb128 0x1
 774 0084 13       		.uleb128 0x13
 775 0085 00       		.byte	0
 776 0086 00       		.byte	0
 777 0087 0A       		.uleb128 0xa
 778 0088 05       		.uleb128 0x5
 779 0089 00       		.byte	0
 780 008a 03       		.uleb128 0x3
 781 008b 0E       		.uleb128 0xe
 782 008c 3A       		.uleb128 0x3a
 783 008d 0B       		.uleb128 0xb
 784 008e 3B       		.uleb128 0x3b
 785 008f 0B       		.uleb128 0xb
 786 0090 49       		.uleb128 0x49
ARM GAS  C:\Users\VIDEOH~1\AppData\Local\Temp\ccVvmYAD.s 			page 16


 787 0091 13       		.uleb128 0x13
 788 0092 02       		.uleb128 0x2
 789 0093 17       		.uleb128 0x17
 790 0094 00       		.byte	0
 791 0095 00       		.byte	0
 792 0096 0B       		.uleb128 0xb
 793 0097 34       		.uleb128 0x34
 794 0098 00       		.byte	0
 795 0099 03       		.uleb128 0x3
 796 009a 0E       		.uleb128 0xe
 797 009b 3A       		.uleb128 0x3a
 798 009c 0B       		.uleb128 0xb
 799 009d 3B       		.uleb128 0x3b
 800 009e 0B       		.uleb128 0xb
 801 009f 49       		.uleb128 0x49
 802 00a0 13       		.uleb128 0x13
 803 00a1 02       		.uleb128 0x2
 804 00a2 17       		.uleb128 0x17
 805 00a3 00       		.byte	0
 806 00a4 00       		.byte	0
 807 00a5 0C       		.uleb128 0xc
 808 00a6 898201   		.uleb128 0x4109
 809 00a9 01       		.byte	0x1
 810 00aa 11       		.uleb128 0x11
 811 00ab 01       		.uleb128 0x1
 812 00ac 31       		.uleb128 0x31
 813 00ad 13       		.uleb128 0x13
 814 00ae 00       		.byte	0
 815 00af 00       		.byte	0
 816 00b0 0D       		.uleb128 0xd
 817 00b1 8A8201   		.uleb128 0x410a
 818 00b4 00       		.byte	0
 819 00b5 02       		.uleb128 0x2
 820 00b6 18       		.uleb128 0x18
 821 00b7 9142     		.uleb128 0x2111
 822 00b9 18       		.uleb128 0x18
 823 00ba 00       		.byte	0
 824 00bb 00       		.byte	0
 825 00bc 0E       		.uleb128 0xe
 826 00bd 2E       		.uleb128 0x2e
 827 00be 01       		.byte	0x1
 828 00bf 3F       		.uleb128 0x3f
 829 00c0 19       		.uleb128 0x19
 830 00c1 03       		.uleb128 0x3
 831 00c2 0E       		.uleb128 0xe
 832 00c3 3A       		.uleb128 0x3a
 833 00c4 0B       		.uleb128 0xb
 834 00c5 3B       		.uleb128 0x3b
 835 00c6 0B       		.uleb128 0xb
 836 00c7 49       		.uleb128 0x49
 837 00c8 13       		.uleb128 0x13
 838 00c9 11       		.uleb128 0x11
 839 00ca 01       		.uleb128 0x1
 840 00cb 12       		.uleb128 0x12
 841 00cc 06       		.uleb128 0x6
 842 00cd 40       		.uleb128 0x40
 843 00ce 18       		.uleb128 0x18
ARM GAS  C:\Users\VIDEOH~1\AppData\Local\Temp\ccVvmYAD.s 			page 17


 844 00cf 9742     		.uleb128 0x2117
 845 00d1 19       		.uleb128 0x19
 846 00d2 01       		.uleb128 0x1
 847 00d3 13       		.uleb128 0x13
 848 00d4 00       		.byte	0
 849 00d5 00       		.byte	0
 850 00d6 0F       		.uleb128 0xf
 851 00d7 898201   		.uleb128 0x4109
 852 00da 01       		.byte	0x1
 853 00db 11       		.uleb128 0x11
 854 00dc 01       		.uleb128 0x1
 855 00dd 31       		.uleb128 0x31
 856 00de 13       		.uleb128 0x13
 857 00df 01       		.uleb128 0x1
 858 00e0 13       		.uleb128 0x13
 859 00e1 00       		.byte	0
 860 00e2 00       		.byte	0
 861 00e3 10       		.uleb128 0x10
 862 00e4 34       		.uleb128 0x34
 863 00e5 00       		.byte	0
 864 00e6 03       		.uleb128 0x3
 865 00e7 0E       		.uleb128 0xe
 866 00e8 3A       		.uleb128 0x3a
 867 00e9 0B       		.uleb128 0xb
 868 00ea 3B       		.uleb128 0x3b
 869 00eb 0B       		.uleb128 0xb
 870 00ec 49       		.uleb128 0x49
 871 00ed 13       		.uleb128 0x13
 872 00ee 3F       		.uleb128 0x3f
 873 00ef 19       		.uleb128 0x19
 874 00f0 3C       		.uleb128 0x3c
 875 00f1 19       		.uleb128 0x19
 876 00f2 00       		.byte	0
 877 00f3 00       		.byte	0
 878 00f4 11       		.uleb128 0x11
 879 00f5 2E       		.uleb128 0x2e
 880 00f6 00       		.byte	0
 881 00f7 3F       		.uleb128 0x3f
 882 00f8 19       		.uleb128 0x19
 883 00f9 3C       		.uleb128 0x3c
 884 00fa 19       		.uleb128 0x19
 885 00fb 6E       		.uleb128 0x6e
 886 00fc 0E       		.uleb128 0xe
 887 00fd 03       		.uleb128 0x3
 888 00fe 0E       		.uleb128 0xe
 889 00ff 3A       		.uleb128 0x3a
 890 0100 0B       		.uleb128 0xb
 891 0101 3B       		.uleb128 0x3b
 892 0102 0B       		.uleb128 0xb
 893 0103 00       		.byte	0
 894 0104 00       		.byte	0
 895 0105 12       		.uleb128 0x12
 896 0106 2E       		.uleb128 0x2e
 897 0107 00       		.byte	0
 898 0108 3F       		.uleb128 0x3f
 899 0109 19       		.uleb128 0x19
 900 010a 3C       		.uleb128 0x3c
ARM GAS  C:\Users\VIDEOH~1\AppData\Local\Temp\ccVvmYAD.s 			page 18


 901 010b 19       		.uleb128 0x19
 902 010c 6E       		.uleb128 0x6e
 903 010d 0E       		.uleb128 0xe
 904 010e 03       		.uleb128 0x3
 905 010f 0E       		.uleb128 0xe
 906 0110 3A       		.uleb128 0x3a
 907 0111 0B       		.uleb128 0xb
 908 0112 3B       		.uleb128 0x3b
 909 0113 05       		.uleb128 0x5
 910 0114 00       		.byte	0
 911 0115 00       		.byte	0
 912 0116 00       		.byte	0
 913              		.section	.debug_loc,"",%progbits
 914              	.Ldebug_loc0:
 915              	.LLST0:
 916 0000 00000000 		.4byte	.LVL4
 917 0004 0A000000 		.4byte	.LVL6
 918 0008 0100     		.2byte	0x1
 919 000a 50       		.byte	0x50
 920 000b 0A000000 		.4byte	.LVL6
 921 000f 20000000 		.4byte	.LVL9
 922 0013 0100     		.2byte	0x1
 923 0015 56       		.byte	0x56
 924 0016 20000000 		.4byte	.LVL9
 925 001a 22000000 		.4byte	.LFE35
 926 001e 0400     		.2byte	0x4
 927 0020 F3       		.byte	0xf3
 928 0021 01       		.uleb128 0x1
 929 0022 50       		.byte	0x50
 930 0023 9F       		.byte	0x9f
 931 0024 00000000 		.4byte	0
 932 0028 00000000 		.4byte	0
 933              	.LLST1:
 934 002c 00000000 		.4byte	.LVL4
 935 0030 0A000000 		.4byte	.LVL6
 936 0034 0100     		.2byte	0x1
 937 0036 51       		.byte	0x51
 938 0037 0A000000 		.4byte	.LVL6
 939 003b 22000000 		.4byte	.LFE35
 940 003f 0400     		.2byte	0x4
 941 0041 F3       		.byte	0xf3
 942 0042 01       		.uleb128 0x1
 943 0043 51       		.byte	0x51
 944 0044 9F       		.byte	0x9f
 945 0045 00000000 		.4byte	0
 946 0049 00000000 		.4byte	0
 947              	.LLST2:
 948 004d 00000000 		.4byte	.LVL4
 949 0051 0A000000 		.4byte	.LVL6
 950 0055 0100     		.2byte	0x1
 951 0057 52       		.byte	0x52
 952 0058 0A000000 		.4byte	.LVL6
 953 005c 20000000 		.4byte	.LVL8
 954 0060 0100     		.2byte	0x1
 955 0062 54       		.byte	0x54
 956 0063 20000000 		.4byte	.LVL8
 957 0067 22000000 		.4byte	.LFE35
ARM GAS  C:\Users\VIDEOH~1\AppData\Local\Temp\ccVvmYAD.s 			page 19


 958 006b 0400     		.2byte	0x4
 959 006d F3       		.byte	0xf3
 960 006e 01       		.uleb128 0x1
 961 006f 52       		.byte	0x52
 962 0070 9F       		.byte	0x9f
 963 0071 00000000 		.4byte	0
 964 0075 00000000 		.4byte	0
 965              	.LLST3:
 966 0079 00000000 		.4byte	.LVL4
 967 007d 04000000 		.4byte	.LVL5
 968 0081 0100     		.2byte	0x1
 969 0083 53       		.byte	0x53
 970 0084 04000000 		.4byte	.LVL5
 971 0088 22000000 		.4byte	.LFE35
 972 008c 0400     		.2byte	0x4
 973 008e F3       		.byte	0xf3
 974 008f 01       		.uleb128 0x1
 975 0090 53       		.byte	0x53
 976 0091 9F       		.byte	0x9f
 977 0092 00000000 		.4byte	0
 978 0096 00000000 		.4byte	0
 979              	.LLST4:
 980 009a 00000000 		.4byte	.LVL10
 981 009e 12000000 		.4byte	.LVL13
 982 00a2 0100     		.2byte	0x1
 983 00a4 50       		.byte	0x50
 984 00a5 12000000 		.4byte	.LVL13
 985 00a9 46000000 		.4byte	.LVL25
 986 00ad 0100     		.2byte	0x1
 987 00af 57       		.byte	0x57
 988 00b0 46000000 		.4byte	.LVL25
 989 00b4 4C000000 		.4byte	.LFE36
 990 00b8 0400     		.2byte	0x4
 991 00ba F3       		.byte	0xf3
 992 00bb 01       		.uleb128 0x1
 993 00bc 50       		.byte	0x50
 994 00bd 9F       		.byte	0x9f
 995 00be 00000000 		.4byte	0
 996 00c2 00000000 		.4byte	0
 997              	.LLST5:
 998 00c6 00000000 		.4byte	.LVL10
 999 00ca 12000000 		.4byte	.LVL13
 1000 00ce 0100     		.2byte	0x1
 1001 00d0 51       		.byte	0x51
 1002 00d1 12000000 		.4byte	.LVL13
 1003 00d5 4C000000 		.4byte	.LFE36
 1004 00d9 0400     		.2byte	0x4
 1005 00db F3       		.byte	0xf3
 1006 00dc 01       		.uleb128 0x1
 1007 00dd 51       		.byte	0x51
 1008 00de 9F       		.byte	0x9f
 1009 00df 00000000 		.4byte	0
 1010 00e3 00000000 		.4byte	0
 1011              	.LLST6:
 1012 00e7 00000000 		.4byte	.LVL10
 1013 00eb 12000000 		.4byte	.LVL13
 1014 00ef 0100     		.2byte	0x1
ARM GAS  C:\Users\VIDEOH~1\AppData\Local\Temp\ccVvmYAD.s 			page 20


 1015 00f1 52       		.byte	0x52
 1016 00f2 12000000 		.4byte	.LVL13
 1017 00f6 46000000 		.4byte	.LVL23
 1018 00fa 0100     		.2byte	0x1
 1019 00fc 55       		.byte	0x55
 1020 00fd 46000000 		.4byte	.LVL23
 1021 0101 4C000000 		.4byte	.LFE36
 1022 0105 0400     		.2byte	0x4
 1023 0107 F3       		.byte	0xf3
 1024 0108 01       		.uleb128 0x1
 1025 0109 52       		.byte	0x52
 1026 010a 9F       		.byte	0x9f
 1027 010b 00000000 		.4byte	0
 1028 010f 00000000 		.4byte	0
 1029              	.LLST7:
 1030 0113 00000000 		.4byte	.LVL10
 1031 0117 0A000000 		.4byte	.LVL12
 1032 011b 0100     		.2byte	0x1
 1033 011d 53       		.byte	0x53
 1034 011e 0A000000 		.4byte	.LVL12
 1035 0122 4C000000 		.4byte	.LFE36
 1036 0126 0400     		.2byte	0x4
 1037 0128 F3       		.byte	0xf3
 1038 0129 01       		.uleb128 0x1
 1039 012a 53       		.byte	0x53
 1040 012b 9F       		.byte	0x9f
 1041 012c 00000000 		.4byte	0
 1042 0130 00000000 		.4byte	0
 1043              	.LLST8:
 1044 0134 08000000 		.4byte	.LVL11
 1045 0138 30000000 		.4byte	.LVL16
 1046 013c 0100     		.2byte	0x1
 1047 013e 54       		.byte	0x54
 1048 013f 36000000 		.4byte	.LVL18
 1049 0143 3A000000 		.4byte	.LVL19
 1050 0147 0400     		.2byte	0x4
 1051 0149 0A       		.byte	0xa
 1052 014a 1027     		.2byte	0x2710
 1053 014c 9F       		.byte	0x9f
 1054 014d 3A000000 		.4byte	.LVL19
 1055 0151 46000000 		.4byte	.LVL22
 1056 0155 0100     		.2byte	0x1
 1057 0157 54       		.byte	0x54
 1058 0158 00000000 		.4byte	0
 1059 015c 00000000 		.4byte	0
 1060              	.LLST9:
 1061 0160 08000000 		.4byte	.LVL11
 1062 0164 12000000 		.4byte	.LVL13
 1063 0168 0200     		.2byte	0x2
 1064 016a 40       		.byte	0x40
 1065 016b 9F       		.byte	0x9f
 1066 016c 12000000 		.4byte	.LVL13
 1067 0170 2A000000 		.4byte	.LVL15
 1068 0174 0100     		.2byte	0x1
 1069 0176 56       		.byte	0x56
 1070 0177 36000000 		.4byte	.LVL18
 1071 017b 3A000000 		.4byte	.LVL19
ARM GAS  C:\Users\VIDEOH~1\AppData\Local\Temp\ccVvmYAD.s 			page 21


 1072 017f 0200     		.2byte	0x2
 1073 0181 30       		.byte	0x30
 1074 0182 9F       		.byte	0x9f
 1075 0183 3A000000 		.4byte	.LVL19
 1076 0187 46000000 		.4byte	.LVL24
 1077 018b 0100     		.2byte	0x1
 1078 018d 56       		.byte	0x56
 1079 018e 46000000 		.4byte	.LVL24
 1080 0192 4C000000 		.4byte	.LFE36
 1081 0196 0100     		.2byte	0x1
 1082 0198 50       		.byte	0x50
 1083 0199 00000000 		.4byte	0
 1084 019d 00000000 		.4byte	0
 1085              		.section	.debug_aranges,"",%progbits
 1086 0000 44000000 		.4byte	0x44
 1087 0004 0200     		.2byte	0x2
 1088 0006 00000000 		.4byte	.Ldebug_info0
 1089 000a 04       		.byte	0x4
 1090 000b 00       		.byte	0
 1091 000c 0000     		.2byte	0
 1092 000e 0000     		.2byte	0
 1093 0010 00000000 		.4byte	.LFB32
 1094 0014 08000000 		.4byte	.LFE32-.LFB32
 1095 0018 00000000 		.4byte	.LFB33
 1096 001c 08000000 		.4byte	.LFE33-.LFB33
 1097 0020 00000000 		.4byte	.LFB34
 1098 0024 0C000000 		.4byte	.LFE34-.LFB34
 1099 0028 00000000 		.4byte	.LFB35
 1100 002c 22000000 		.4byte	.LFE35-.LFB35
 1101 0030 00000000 		.4byte	.LFB36
 1102 0034 4C000000 		.4byte	.LFE36-.LFB36
 1103 0038 00000000 		.4byte	.LFB37
 1104 003c 30000000 		.4byte	.LFE37-.LFB37
 1105 0040 00000000 		.4byte	0
 1106 0044 00000000 		.4byte	0
 1107              		.section	.debug_ranges,"",%progbits
 1108              	.Ldebug_ranges0:
 1109 0000 00000000 		.4byte	.LFB32
 1110 0004 08000000 		.4byte	.LFE32
 1111 0008 00000000 		.4byte	.LFB33
 1112 000c 08000000 		.4byte	.LFE33
 1113 0010 00000000 		.4byte	.LFB34
 1114 0014 0C000000 		.4byte	.LFE34
 1115 0018 00000000 		.4byte	.LFB35
 1116 001c 22000000 		.4byte	.LFE35
 1117 0020 00000000 		.4byte	.LFB36
 1118 0024 4C000000 		.4byte	.LFE36
 1119 0028 00000000 		.4byte	.LFB37
 1120 002c 30000000 		.4byte	.LFE37
 1121 0030 00000000 		.4byte	0
 1122 0034 00000000 		.4byte	0
 1123              		.section	.debug_line,"",%progbits
 1124              	.Ldebug_line0:
 1125 0000 1D010000 		.section	.debug_str,"MS",%progbits,1
 1125      02008500 
 1125      00000201 
 1125      FB0E0D00 
ARM GAS  C:\Users\VIDEOH~1\AppData\Local\Temp\ccVvmYAD.s 			page 22


 1125      01010101 
 1126              	.LASF19:
 1127 0000 43794274 		.ascii	"CyBtldrCommReset\000"
 1127      6C647243 
 1127      6F6D6D52 
 1127      65736574 
 1127      00
 1128              	.LASF15:
 1129 0011 63797374 		.ascii	"cystatus\000"
 1129      61747573 
 1129      00
 1130              	.LASF22:
 1131 001a 636F756E 		.ascii	"count\000"
 1131      7400
 1132              	.LASF33:
 1133 0020 55415254 		.ascii	"UART_SpiUartWriteTxData\000"
 1133      5F537069 
 1133      55617274 
 1133      57726974 
 1133      65547844 
 1134              	.LASF17:
 1135 0038 43794274 		.ascii	"CyBtldrCommStart\000"
 1135      6C647243 
 1135      6F6D6D53 
 1135      74617274 
 1135      00
 1136              	.LASF26:
 1137 0049 74696D65 		.ascii	"timeoutUs\000"
 1137      6F757455 
 1137      7300
 1138              	.LASF27:
 1139 0053 73746174 		.ascii	"status\000"
 1139      757300
 1140              	.LASF18:
 1141 005a 43794274 		.ascii	"CyBtldrCommStop\000"
 1141      6C647243 
 1141      6F6D6D53 
 1141      746F7000 
 1142              	.LASF12:
 1143 006a 666C6F61 		.ascii	"float\000"
 1143      7400
 1144              	.LASF9:
 1145 0070 75696E74 		.ascii	"uint8\000"
 1145      3800
 1146              	.LASF21:
 1147 0076 73697A65 		.ascii	"size\000"
 1147      00
 1148              	.LASF25:
 1149 007b 43794274 		.ascii	"CyBtldrCommRead\000"
 1149      6C647243 
 1149      6F6D6D52 
 1149      65616400 
 1150              	.LASF5:
 1151 008b 6C6F6E67 		.ascii	"long unsigned int\000"
 1151      20756E73 
 1151      69676E65 
 1151      6420696E 
ARM GAS  C:\Users\VIDEOH~1\AppData\Local\Temp\ccVvmYAD.s 			page 23


 1151      7400
 1152              	.LASF3:
 1153 009d 73686F72 		.ascii	"short unsigned int\000"
 1153      7420756E 
 1153      7369676E 
 1153      65642069 
 1153      6E7400
 1154              	.LASF29:
 1155 00b0 55415254 		.ascii	"UART_Start\000"
 1155      5F537461 
 1155      727400
 1156              	.LASF35:
 1157 00bb 55415254 		.ascii	"UART_UartGetByte\000"
 1157      5F556172 
 1157      74476574 
 1157      42797465 
 1157      00
 1158              	.LASF24:
 1159 00cc 43794274 		.ascii	"CyBtldrCommWrite\000"
 1159      6C647243 
 1159      6F6D6D57 
 1159      72697465 
 1159      00
 1160              	.LASF1:
 1161 00dd 756E7369 		.ascii	"unsigned char\000"
 1161      676E6564 
 1161      20636861 
 1161      7200
 1162              	.LASF13:
 1163 00eb 646F7562 		.ascii	"double\000"
 1163      6C6500
 1164              	.LASF10:
 1165 00f2 75696E74 		.ascii	"uint16\000"
 1165      313600
 1166              	.LASF28:
 1167 00f9 6D61696E 		.ascii	"main\000"
 1167      00
 1168              	.LASF43:
 1169 00fe 63794274 		.ascii	"cyBtldrRunType\000"
 1169      6C647252 
 1169      756E5479 
 1169      706500
 1170              	.LASF36:
 1171 010d 43794465 		.ascii	"CyDelayUs\000"
 1171      6C617955 
 1171      7300
 1172              	.LASF11:
 1173 0117 75696E74 		.ascii	"uint32\000"
 1173      333200
 1174              	.LASF32:
 1175 011e 55415254 		.ascii	"UART_SpiUartClearTxBuffer\000"
 1175      5F537069 
 1175      55617274 
 1175      436C6561 
 1175      72547842 
 1176              	.LASF8:
 1177 0138 756E7369 		.ascii	"unsigned int\000"
ARM GAS  C:\Users\VIDEOH~1\AppData\Local\Temp\ccVvmYAD.s 			page 24


 1177      676E6564 
 1177      20696E74 
 1177      00
 1178              	.LASF7:
 1179 0145 6C6F6E67 		.ascii	"long long unsigned int\000"
 1179      206C6F6E 
 1179      6720756E 
 1179      7369676E 
 1179      65642069 
 1180              	.LASF23:
 1181 015c 74696D65 		.ascii	"timeOut\000"
 1181      4F757400 
 1182              	.LASF40:
 1183 0164 474E5520 		.ascii	"GNU C99 5.4.1 20160609 (release) [ARM/embedded-5-br"
 1183      43393920 
 1183      352E342E 
 1183      31203230 
 1183      31363036 
 1184 0197 616E6368 		.ascii	"anch revision 237715] -mcpu=cortex-m0 -mthumb -g -O"
 1184      20726576 
 1184      6973696F 
 1184      6E203233 
 1184      37373135 
 1185 01ca 73202D73 		.ascii	"s -std=gnu99 -ffunction-sections -ffat-lto-objects\000"
 1185      74643D67 
 1185      6E753939 
 1185      202D6666 
 1185      756E6374 
 1186              	.LASF37:
 1187 01fd 426F6F74 		.ascii	"Bootloader_Start\000"
 1187      6C6F6164 
 1187      65725F53 
 1187      74617274 
 1187      00
 1188              	.LASF39:
 1189 020e 42757474 		.ascii	"Button_Read\000"
 1189      6F6E5F52 
 1189      65616400 
 1190              	.LASF16:
 1191 021a 73697A65 		.ascii	"sizetype\000"
 1191      74797065 
 1191      00
 1192              	.LASF6:
 1193 0223 6C6F6E67 		.ascii	"long long int\000"
 1193      206C6F6E 
 1193      6720696E 
 1193      7400
 1194              	.LASF41:
 1195 0231 6D61696E 		.ascii	"main.c\000"
 1195      2E6300
 1196              	.LASF14:
 1197 0238 63686172 		.ascii	"char\000"
 1197      00
 1198              	.LASF2:
 1199 023d 73686F72 		.ascii	"short int\000"
 1199      7420696E 
 1199      7400
ARM GAS  C:\Users\VIDEOH~1\AppData\Local\Temp\ccVvmYAD.s 			page 25


 1200              	.LASF20:
 1201 0247 62756666 		.ascii	"buffer\000"
 1201      657200
 1202              	.LASF30:
 1203 024e 55415254 		.ascii	"UART_Stop\000"
 1203      5F53746F 
 1203      7000
 1204              	.LASF4:
 1205 0258 6C6F6E67 		.ascii	"long int\000"
 1205      20696E74 
 1205      00
 1206              	.LASF31:
 1207 0261 55415254 		.ascii	"UART_SpiUartClearRxBuffer\000"
 1207      5F537069 
 1207      55617274 
 1207      436C6561 
 1207      72527842 
 1208              	.LASF42:
 1209 027b 443A5C31 		.ascii	"D:\\1_work\\my_project\\ReloadPro\\psoc42boot\\Boot"
 1209      5F776F72 
 1209      6B5C6D79 
 1209      5F70726F 
 1209      6A656374 
 1210 02a9 6C6F6164 		.ascii	"loader.cydsn\000"
 1210      65722E63 
 1210      7964736E 
 1210      00
 1211              	.LASF0:
 1212 02b6 7369676E 		.ascii	"signed char\000"
 1212      65642063 
 1212      68617200 
 1213              	.LASF34:
 1214 02c2 55415254 		.ascii	"UART_SpiUartGetRxBufferSize\000"
 1214      5F537069 
 1214      55617274 
 1214      47657452 
 1214      78427566 
 1215              	.LASF38:
 1216 02de 43794465 		.ascii	"CyDelay\000"
 1216      6C617900 
 1217              		.ident	"GCC: (GNU Tools for ARM Embedded Processors) 5.4.1 20160609 (release) [ARM/embedded-5-bran
